[2022-05-16 10:00:52,334] {processor.py:153} INFO - Started process (PID=179) to work on /opt/airflow/dags/collect_data_dag.py
[2022-05-16 10:00:52,336] {processor.py:641} INFO - Processing file /opt/airflow/dags/collect_data_dag.py for tasks to queue
[2022-05-16 10:00:52,339] {logging_mixin.py:115} INFO - [2022-05-16 10:00:52,338] {dagbag.py:507} INFO - Filling up the DagBag from /opt/airflow/dags/collect_data_dag.py
[2022-05-16 10:00:52,392] {processor.py:651} INFO - DAG(s) dict_keys(['Collect_Data_Dag']) retrieved from /opt/airflow/dags/collect_data_dag.py
[2022-05-16 10:00:52,435] {logging_mixin.py:115} INFO - [2022-05-16 10:00:52,435] {dag.py:2371} INFO - Sync 1 DAGs
[2022-05-16 10:00:52,547] {logging_mixin.py:115} INFO - [2022-05-16 10:00:52,547] {dag.py:2919} INFO - Setting next_dagrun for Collect_Data_Dag to 2022-05-15T18:00:00+00:00, run_after=2022-05-16T18:00:00+00:00
[2022-05-16 10:00:52,592] {processor.py:161} INFO - Processing /opt/airflow/dags/collect_data_dag.py took 0.260 seconds
[2022-05-16 10:01:23,549] {processor.py:153} INFO - Started process (PID=585) to work on /opt/airflow/dags/collect_data_dag.py
[2022-05-16 10:01:23,552] {processor.py:641} INFO - Processing file /opt/airflow/dags/collect_data_dag.py for tasks to queue
[2022-05-16 10:01:23,567] {logging_mixin.py:115} INFO - [2022-05-16 10:01:23,567] {dagbag.py:507} INFO - Filling up the DagBag from /opt/airflow/dags/collect_data_dag.py
[2022-05-16 10:01:23,601] {processor.py:651} INFO - DAG(s) dict_keys(['Collect_Data_Dag']) retrieved from /opt/airflow/dags/collect_data_dag.py
[2022-05-16 10:01:23,628] {logging_mixin.py:115} INFO - [2022-05-16 10:01:23,628] {dag.py:2371} INFO - Sync 1 DAGs
[2022-05-16 10:01:23,647] {logging_mixin.py:115} INFO - [2022-05-16 10:01:23,647] {dag.py:2919} INFO - Setting next_dagrun for Collect_Data_Dag to 2022-05-15T18:00:00+00:00, run_after=2022-05-16T18:00:00+00:00
[2022-05-16 10:01:23,658] {processor.py:161} INFO - Processing /opt/airflow/dags/collect_data_dag.py took 0.131 seconds
[2022-05-16 10:01:54,414] {processor.py:153} INFO - Started process (PID=801) to work on /opt/airflow/dags/collect_data_dag.py
[2022-05-16 10:01:54,417] {processor.py:641} INFO - Processing file /opt/airflow/dags/collect_data_dag.py for tasks to queue
[2022-05-16 10:01:54,422] {logging_mixin.py:115} INFO - [2022-05-16 10:01:54,422] {dagbag.py:507} INFO - Filling up the DagBag from /opt/airflow/dags/collect_data_dag.py
[2022-05-16 10:01:54,481] {processor.py:651} INFO - DAG(s) dict_keys(['Collect_Data_Dag']) retrieved from /opt/airflow/dags/collect_data_dag.py
[2022-05-16 10:01:54,540] {logging_mixin.py:115} INFO - [2022-05-16 10:01:54,540] {dag.py:2371} INFO - Sync 1 DAGs
[2022-05-16 10:01:54,566] {logging_mixin.py:115} INFO - [2022-05-16 10:01:54,566] {dag.py:2919} INFO - Setting next_dagrun for Collect_Data_Dag to 2022-05-15T18:00:00+00:00, run_after=2022-05-16T18:00:00+00:00
[2022-05-16 10:01:54,576] {processor.py:161} INFO - Processing /opt/airflow/dags/collect_data_dag.py took 0.173 seconds
[2022-05-16 10:02:25,024] {processor.py:153} INFO - Started process (PID=1025) to work on /opt/airflow/dags/collect_data_dag.py
[2022-05-16 10:02:25,027] {processor.py:641} INFO - Processing file /opt/airflow/dags/collect_data_dag.py for tasks to queue
[2022-05-16 10:02:25,029] {logging_mixin.py:115} INFO - [2022-05-16 10:02:25,029] {dagbag.py:507} INFO - Filling up the DagBag from /opt/airflow/dags/collect_data_dag.py
[2022-05-16 10:02:25,057] {processor.py:651} INFO - DAG(s) dict_keys(['Collect_Data_Dag']) retrieved from /opt/airflow/dags/collect_data_dag.py
[2022-05-16 10:02:25,082] {logging_mixin.py:115} INFO - [2022-05-16 10:02:25,082] {dag.py:2371} INFO - Sync 1 DAGs
[2022-05-16 10:02:25,121] {logging_mixin.py:115} INFO - [2022-05-16 10:02:25,120] {dag.py:2919} INFO - Setting next_dagrun for Collect_Data_Dag to 2022-05-15T18:00:00+00:00, run_after=2022-05-16T18:00:00+00:00
[2022-05-16 10:02:25,146] {processor.py:161} INFO - Processing /opt/airflow/dags/collect_data_dag.py took 0.128 seconds
[2022-05-16 10:02:56,039] {processor.py:153} INFO - Started process (PID=1257) to work on /opt/airflow/dags/collect_data_dag.py
[2022-05-16 10:02:56,043] {processor.py:641} INFO - Processing file /opt/airflow/dags/collect_data_dag.py for tasks to queue
[2022-05-16 10:02:56,046] {logging_mixin.py:115} INFO - [2022-05-16 10:02:56,045] {dagbag.py:507} INFO - Filling up the DagBag from /opt/airflow/dags/collect_data_dag.py
[2022-05-16 10:02:56,061] {processor.py:651} INFO - DAG(s) dict_keys(['Collect_Data_Dag']) retrieved from /opt/airflow/dags/collect_data_dag.py
[2022-05-16 10:02:56,079] {logging_mixin.py:115} INFO - [2022-05-16 10:02:56,079] {dag.py:2371} INFO - Sync 1 DAGs
[2022-05-16 10:02:56,092] {logging_mixin.py:115} INFO - [2022-05-16 10:02:56,092] {dag.py:2919} INFO - Setting next_dagrun for Collect_Data_Dag to 2022-05-15T18:00:00+00:00, run_after=2022-05-16T18:00:00+00:00
[2022-05-16 10:02:56,100] {processor.py:161} INFO - Processing /opt/airflow/dags/collect_data_dag.py took 0.064 seconds
[2022-05-16 10:03:26,845] {processor.py:153} INFO - Started process (PID=1478) to work on /opt/airflow/dags/collect_data_dag.py
[2022-05-16 10:03:26,847] {processor.py:641} INFO - Processing file /opt/airflow/dags/collect_data_dag.py for tasks to queue
[2022-05-16 10:03:26,849] {logging_mixin.py:115} INFO - [2022-05-16 10:03:26,849] {dagbag.py:507} INFO - Filling up the DagBag from /opt/airflow/dags/collect_data_dag.py
[2022-05-16 10:03:26,866] {processor.py:651} INFO - DAG(s) dict_keys(['Collect_Data_Dag']) retrieved from /opt/airflow/dags/collect_data_dag.py
[2022-05-16 10:03:26,884] {logging_mixin.py:115} INFO - [2022-05-16 10:03:26,884] {dag.py:2371} INFO - Sync 1 DAGs
[2022-05-16 10:03:26,898] {logging_mixin.py:115} INFO - [2022-05-16 10:03:26,897] {dag.py:2919} INFO - Setting next_dagrun for Collect_Data_Dag to 2022-05-15T18:00:00+00:00, run_after=2022-05-16T18:00:00+00:00
[2022-05-16 10:03:26,905] {processor.py:161} INFO - Processing /opt/airflow/dags/collect_data_dag.py took 0.066 seconds
[2022-05-16 10:03:57,672] {processor.py:153} INFO - Started process (PID=1698) to work on /opt/airflow/dags/collect_data_dag.py
[2022-05-16 10:03:57,674] {processor.py:641} INFO - Processing file /opt/airflow/dags/collect_data_dag.py for tasks to queue
[2022-05-16 10:03:57,676] {logging_mixin.py:115} INFO - [2022-05-16 10:03:57,676] {dagbag.py:507} INFO - Filling up the DagBag from /opt/airflow/dags/collect_data_dag.py
[2022-05-16 10:03:57,691] {processor.py:651} INFO - DAG(s) dict_keys(['Collect_Data_Dag']) retrieved from /opt/airflow/dags/collect_data_dag.py
[2022-05-16 10:03:57,712] {logging_mixin.py:115} INFO - [2022-05-16 10:03:57,711] {dag.py:2371} INFO - Sync 1 DAGs
[2022-05-16 10:03:57,728] {logging_mixin.py:115} INFO - [2022-05-16 10:03:57,728] {dag.py:2919} INFO - Setting next_dagrun for Collect_Data_Dag to 2022-05-15T18:00:00+00:00, run_after=2022-05-16T18:00:00+00:00
[2022-05-16 10:03:57,740] {processor.py:161} INFO - Processing /opt/airflow/dags/collect_data_dag.py took 0.070 seconds
[2022-05-16 10:04:28,590] {processor.py:153} INFO - Started process (PID=1911) to work on /opt/airflow/dags/collect_data_dag.py
[2022-05-16 10:04:28,593] {processor.py:641} INFO - Processing file /opt/airflow/dags/collect_data_dag.py for tasks to queue
[2022-05-16 10:04:28,595] {logging_mixin.py:115} INFO - [2022-05-16 10:04:28,595] {dagbag.py:507} INFO - Filling up the DagBag from /opt/airflow/dags/collect_data_dag.py
[2022-05-16 10:04:28,618] {processor.py:651} INFO - DAG(s) dict_keys(['Collect_Data_Dag']) retrieved from /opt/airflow/dags/collect_data_dag.py
[2022-05-16 10:04:28,639] {logging_mixin.py:115} INFO - [2022-05-16 10:04:28,639] {dag.py:2371} INFO - Sync 1 DAGs
[2022-05-16 10:04:28,653] {logging_mixin.py:115} INFO - [2022-05-16 10:04:28,653] {dag.py:2919} INFO - Setting next_dagrun for Collect_Data_Dag to 2022-05-15T18:00:00+00:00, run_after=2022-05-16T18:00:00+00:00
[2022-05-16 10:04:28,665] {processor.py:161} INFO - Processing /opt/airflow/dags/collect_data_dag.py took 0.081 seconds
[2022-05-16 10:04:59,265] {processor.py:153} INFO - Started process (PID=2138) to work on /opt/airflow/dags/collect_data_dag.py
[2022-05-16 10:04:59,267] {processor.py:641} INFO - Processing file /opt/airflow/dags/collect_data_dag.py for tasks to queue
[2022-05-16 10:04:59,268] {logging_mixin.py:115} INFO - [2022-05-16 10:04:59,268] {dagbag.py:507} INFO - Filling up the DagBag from /opt/airflow/dags/collect_data_dag.py
[2022-05-16 10:04:59,281] {processor.py:651} INFO - DAG(s) dict_keys(['Collect_Data_Dag']) retrieved from /opt/airflow/dags/collect_data_dag.py
[2022-05-16 10:04:59,297] {logging_mixin.py:115} INFO - [2022-05-16 10:04:59,296] {dag.py:2371} INFO - Sync 1 DAGs
[2022-05-16 10:04:59,310] {logging_mixin.py:115} INFO - [2022-05-16 10:04:59,309] {dag.py:2919} INFO - Setting next_dagrun for Collect_Data_Dag to 2022-05-15T18:00:00+00:00, run_after=2022-05-16T18:00:00+00:00
[2022-05-16 10:04:59,316] {processor.py:161} INFO - Processing /opt/airflow/dags/collect_data_dag.py took 0.053 seconds
[2022-05-16 10:05:30,058] {processor.py:153} INFO - Started process (PID=2412) to work on /opt/airflow/dags/collect_data_dag.py
[2022-05-16 10:05:30,060] {processor.py:641} INFO - Processing file /opt/airflow/dags/collect_data_dag.py for tasks to queue
[2022-05-16 10:05:30,062] {logging_mixin.py:115} INFO - [2022-05-16 10:05:30,062] {dagbag.py:507} INFO - Filling up the DagBag from /opt/airflow/dags/collect_data_dag.py
[2022-05-16 10:05:30,081] {processor.py:651} INFO - DAG(s) dict_keys(['Collect_Data_Dag']) retrieved from /opt/airflow/dags/collect_data_dag.py
[2022-05-16 10:05:30,101] {logging_mixin.py:115} INFO - [2022-05-16 10:05:30,101] {dag.py:2371} INFO - Sync 1 DAGs
[2022-05-16 10:05:30,119] {logging_mixin.py:115} INFO - [2022-05-16 10:05:30,119] {dag.py:2919} INFO - Setting next_dagrun for Collect_Data_Dag to 2022-05-15T18:00:00+00:00, run_after=2022-05-16T18:00:00+00:00
[2022-05-16 10:05:30,126] {processor.py:161} INFO - Processing /opt/airflow/dags/collect_data_dag.py took 0.074 seconds
[2022-05-16 10:06:01,116] {processor.py:153} INFO - Started process (PID=2828) to work on /opt/airflow/dags/collect_data_dag.py
[2022-05-16 10:06:01,119] {processor.py:641} INFO - Processing file /opt/airflow/dags/collect_data_dag.py for tasks to queue
[2022-05-16 10:06:01,121] {logging_mixin.py:115} INFO - [2022-05-16 10:06:01,121] {dagbag.py:507} INFO - Filling up the DagBag from /opt/airflow/dags/collect_data_dag.py
[2022-05-16 10:06:01,139] {processor.py:651} INFO - DAG(s) dict_keys(['Collect_Data_Dag']) retrieved from /opt/airflow/dags/collect_data_dag.py
[2022-05-16 10:06:01,167] {logging_mixin.py:115} INFO - [2022-05-16 10:06:01,167] {dag.py:2371} INFO - Sync 1 DAGs
[2022-05-16 10:06:01,180] {logging_mixin.py:115} INFO - [2022-05-16 10:06:01,180] {dag.py:2919} INFO - Setting next_dagrun for Collect_Data_Dag to 2022-05-15T18:00:00+00:00, run_after=2022-05-16T18:00:00+00:00
[2022-05-16 10:06:01,187] {processor.py:161} INFO - Processing /opt/airflow/dags/collect_data_dag.py took 0.074 seconds
[2022-05-16 10:06:32,201] {processor.py:153} INFO - Started process (PID=3050) to work on /opt/airflow/dags/collect_data_dag.py
[2022-05-16 10:06:32,202] {processor.py:641} INFO - Processing file /opt/airflow/dags/collect_data_dag.py for tasks to queue
[2022-05-16 10:06:32,204] {logging_mixin.py:115} INFO - [2022-05-16 10:06:32,204] {dagbag.py:507} INFO - Filling up the DagBag from /opt/airflow/dags/collect_data_dag.py
[2022-05-16 10:06:32,226] {processor.py:651} INFO - DAG(s) dict_keys(['Collect_Data_Dag']) retrieved from /opt/airflow/dags/collect_data_dag.py
[2022-05-16 10:06:32,243] {logging_mixin.py:115} INFO - [2022-05-16 10:06:32,243] {dag.py:2371} INFO - Sync 1 DAGs
[2022-05-16 10:06:32,263] {logging_mixin.py:115} INFO - [2022-05-16 10:06:32,263] {dag.py:2919} INFO - Setting next_dagrun for Collect_Data_Dag to 2022-05-15T18:00:00+00:00, run_after=2022-05-16T18:00:00+00:00
[2022-05-16 10:06:32,271] {processor.py:161} INFO - Processing /opt/airflow/dags/collect_data_dag.py took 0.075 seconds
[2022-05-16 10:07:03,110] {processor.py:153} INFO - Started process (PID=3269) to work on /opt/airflow/dags/collect_data_dag.py
[2022-05-16 10:07:03,112] {processor.py:641} INFO - Processing file /opt/airflow/dags/collect_data_dag.py for tasks to queue
[2022-05-16 10:07:03,115] {logging_mixin.py:115} INFO - [2022-05-16 10:07:03,115] {dagbag.py:507} INFO - Filling up the DagBag from /opt/airflow/dags/collect_data_dag.py
[2022-05-16 10:07:03,131] {processor.py:651} INFO - DAG(s) dict_keys(['Collect_Data_Dag']) retrieved from /opt/airflow/dags/collect_data_dag.py
[2022-05-16 10:07:03,148] {logging_mixin.py:115} INFO - [2022-05-16 10:07:03,148] {dag.py:2371} INFO - Sync 1 DAGs
[2022-05-16 10:07:03,162] {logging_mixin.py:115} INFO - [2022-05-16 10:07:03,162] {dag.py:2919} INFO - Setting next_dagrun for Collect_Data_Dag to 2022-05-15T18:00:00+00:00, run_after=2022-05-16T18:00:00+00:00
[2022-05-16 10:07:03,170] {processor.py:161} INFO - Processing /opt/airflow/dags/collect_data_dag.py took 0.063 seconds
