[2022-05-16 10:00:52,794] {processor.py:153} INFO - Started process (PID=191) to work on /opt/airflow/dags/live_stream_dag.py
[2022-05-16 10:00:52,796] {processor.py:641} INFO - Processing file /opt/airflow/dags/live_stream_dag.py for tasks to queue
[2022-05-16 10:00:52,797] {logging_mixin.py:115} INFO - [2022-05-16 10:00:52,797] {dagbag.py:507} INFO - Filling up the DagBag from /opt/airflow/dags/live_stream_dag.py
[2022-05-16 10:00:52,908] {processor.py:651} INFO - DAG(s) dict_keys(['live_stream_Dag']) retrieved from /opt/airflow/dags/live_stream_dag.py
[2022-05-16 10:00:52,975] {logging_mixin.py:115} INFO - [2022-05-16 10:00:52,974] {dag.py:2371} INFO - Sync 1 DAGs
[2022-05-16 10:00:53,043] {logging_mixin.py:115} INFO - [2022-05-16 10:00:53,043] {dag.py:2919} INFO - Setting next_dagrun for live_stream_Dag to 2022-05-15T18:00:00+00:00, run_after=2022-05-16T18:00:00+00:00
[2022-05-16 10:00:53,099] {processor.py:161} INFO - Processing /opt/airflow/dags/live_stream_dag.py took 0.320 seconds
[2022-05-16 10:01:23,715] {processor.py:153} INFO - Started process (PID=596) to work on /opt/airflow/dags/live_stream_dag.py
[2022-05-16 10:01:23,719] {processor.py:641} INFO - Processing file /opt/airflow/dags/live_stream_dag.py for tasks to queue
[2022-05-16 10:01:23,721] {logging_mixin.py:115} INFO - [2022-05-16 10:01:23,721] {dagbag.py:507} INFO - Filling up the DagBag from /opt/airflow/dags/live_stream_dag.py
[2022-05-16 10:01:23,761] {processor.py:651} INFO - DAG(s) dict_keys(['live_stream_Dag']) retrieved from /opt/airflow/dags/live_stream_dag.py
[2022-05-16 10:01:23,804] {logging_mixin.py:115} INFO - [2022-05-16 10:01:23,804] {dag.py:2371} INFO - Sync 1 DAGs
[2022-05-16 10:01:23,829] {logging_mixin.py:115} INFO - [2022-05-16 10:01:23,829] {dag.py:2919} INFO - Setting next_dagrun for live_stream_Dag to 2022-05-15T18:00:00+00:00, run_after=2022-05-16T18:00:00+00:00
[2022-05-16 10:01:23,848] {processor.py:161} INFO - Processing /opt/airflow/dags/live_stream_dag.py took 0.136 seconds
[2022-05-16 10:01:54,611] {processor.py:153} INFO - Started process (PID=812) to work on /opt/airflow/dags/live_stream_dag.py
[2022-05-16 10:01:54,613] {processor.py:641} INFO - Processing file /opt/airflow/dags/live_stream_dag.py for tasks to queue
[2022-05-16 10:01:54,614] {logging_mixin.py:115} INFO - [2022-05-16 10:01:54,614] {dagbag.py:507} INFO - Filling up the DagBag from /opt/airflow/dags/live_stream_dag.py
[2022-05-16 10:01:54,647] {processor.py:651} INFO - DAG(s) dict_keys(['live_stream_Dag']) retrieved from /opt/airflow/dags/live_stream_dag.py
[2022-05-16 10:01:54,676] {logging_mixin.py:115} INFO - [2022-05-16 10:01:54,676] {dag.py:2371} INFO - Sync 1 DAGs
[2022-05-16 10:01:54,710] {logging_mixin.py:115} INFO - [2022-05-16 10:01:54,710] {dag.py:2919} INFO - Setting next_dagrun for live_stream_Dag to 2022-05-15T18:00:00+00:00, run_after=2022-05-16T18:00:00+00:00
[2022-05-16 10:01:54,739] {processor.py:161} INFO - Processing /opt/airflow/dags/live_stream_dag.py took 0.130 seconds
[2022-05-16 10:02:25,230] {processor.py:153} INFO - Started process (PID=1035) to work on /opt/airflow/dags/live_stream_dag.py
[2022-05-16 10:02:25,234] {processor.py:641} INFO - Processing file /opt/airflow/dags/live_stream_dag.py for tasks to queue
[2022-05-16 10:02:25,236] {logging_mixin.py:115} INFO - [2022-05-16 10:02:25,235] {dagbag.py:507} INFO - Filling up the DagBag from /opt/airflow/dags/live_stream_dag.py
[2022-05-16 10:02:25,269] {processor.py:651} INFO - DAG(s) dict_keys(['live_stream_Dag']) retrieved from /opt/airflow/dags/live_stream_dag.py
[2022-05-16 10:02:25,305] {logging_mixin.py:115} INFO - [2022-05-16 10:02:25,305] {dag.py:2371} INFO - Sync 1 DAGs
[2022-05-16 10:02:25,350] {logging_mixin.py:115} INFO - [2022-05-16 10:02:25,350] {dag.py:2919} INFO - Setting next_dagrun for live_stream_Dag to 2022-05-15T18:00:00+00:00, run_after=2022-05-16T18:00:00+00:00
[2022-05-16 10:02:25,368] {processor.py:161} INFO - Processing /opt/airflow/dags/live_stream_dag.py took 0.147 seconds
[2022-05-16 10:02:56,184] {processor.py:153} INFO - Started process (PID=1269) to work on /opt/airflow/dags/live_stream_dag.py
[2022-05-16 10:02:56,186] {processor.py:641} INFO - Processing file /opt/airflow/dags/live_stream_dag.py for tasks to queue
[2022-05-16 10:02:56,187] {logging_mixin.py:115} INFO - [2022-05-16 10:02:56,187] {dagbag.py:507} INFO - Filling up the DagBag from /opt/airflow/dags/live_stream_dag.py
[2022-05-16 10:02:56,207] {processor.py:651} INFO - DAG(s) dict_keys(['live_stream_Dag']) retrieved from /opt/airflow/dags/live_stream_dag.py
[2022-05-16 10:02:56,221] {logging_mixin.py:115} INFO - [2022-05-16 10:02:56,221] {dag.py:2371} INFO - Sync 1 DAGs
[2022-05-16 10:02:56,234] {logging_mixin.py:115} INFO - [2022-05-16 10:02:56,234] {dag.py:2919} INFO - Setting next_dagrun for live_stream_Dag to 2022-05-15T18:00:00+00:00, run_after=2022-05-16T18:00:00+00:00
[2022-05-16 10:02:56,240] {processor.py:161} INFO - Processing /opt/airflow/dags/live_stream_dag.py took 0.058 seconds
[2022-05-16 10:03:26,931] {processor.py:153} INFO - Started process (PID=1488) to work on /opt/airflow/dags/live_stream_dag.py
[2022-05-16 10:03:26,932] {processor.py:641} INFO - Processing file /opt/airflow/dags/live_stream_dag.py for tasks to queue
[2022-05-16 10:03:26,933] {logging_mixin.py:115} INFO - [2022-05-16 10:03:26,933] {dagbag.py:507} INFO - Filling up the DagBag from /opt/airflow/dags/live_stream_dag.py
[2022-05-16 10:03:26,952] {processor.py:651} INFO - DAG(s) dict_keys(['live_stream_Dag']) retrieved from /opt/airflow/dags/live_stream_dag.py
[2022-05-16 10:03:26,968] {logging_mixin.py:115} INFO - [2022-05-16 10:03:26,968] {dag.py:2371} INFO - Sync 1 DAGs
[2022-05-16 10:03:26,981] {logging_mixin.py:115} INFO - [2022-05-16 10:03:26,981] {dag.py:2919} INFO - Setting next_dagrun for live_stream_Dag to 2022-05-15T18:00:00+00:00, run_after=2022-05-16T18:00:00+00:00
[2022-05-16 10:03:26,989] {processor.py:161} INFO - Processing /opt/airflow/dags/live_stream_dag.py took 0.060 seconds
[2022-05-16 10:03:57,762] {processor.py:153} INFO - Started process (PID=1708) to work on /opt/airflow/dags/live_stream_dag.py
[2022-05-16 10:03:57,770] {processor.py:641} INFO - Processing file /opt/airflow/dags/live_stream_dag.py for tasks to queue
[2022-05-16 10:03:57,772] {logging_mixin.py:115} INFO - [2022-05-16 10:03:57,772] {dagbag.py:507} INFO - Filling up the DagBag from /opt/airflow/dags/live_stream_dag.py
[2022-05-16 10:03:57,790] {processor.py:651} INFO - DAG(s) dict_keys(['live_stream_Dag']) retrieved from /opt/airflow/dags/live_stream_dag.py
[2022-05-16 10:03:57,806] {logging_mixin.py:115} INFO - [2022-05-16 10:03:57,806] {dag.py:2371} INFO - Sync 1 DAGs
[2022-05-16 10:03:57,824] {logging_mixin.py:115} INFO - [2022-05-16 10:03:57,824] {dag.py:2919} INFO - Setting next_dagrun for live_stream_Dag to 2022-05-15T18:00:00+00:00, run_after=2022-05-16T18:00:00+00:00
[2022-05-16 10:03:57,856] {processor.py:161} INFO - Processing /opt/airflow/dags/live_stream_dag.py took 0.096 seconds
[2022-05-16 10:04:28,756] {processor.py:153} INFO - Started process (PID=1923) to work on /opt/airflow/dags/live_stream_dag.py
[2022-05-16 10:04:28,758] {processor.py:641} INFO - Processing file /opt/airflow/dags/live_stream_dag.py for tasks to queue
[2022-05-16 10:04:28,759] {logging_mixin.py:115} INFO - [2022-05-16 10:04:28,759] {dagbag.py:507} INFO - Filling up the DagBag from /opt/airflow/dags/live_stream_dag.py
[2022-05-16 10:04:28,783] {processor.py:651} INFO - DAG(s) dict_keys(['live_stream_Dag']) retrieved from /opt/airflow/dags/live_stream_dag.py
[2022-05-16 10:04:28,802] {logging_mixin.py:115} INFO - [2022-05-16 10:04:28,802] {dag.py:2371} INFO - Sync 1 DAGs
[2022-05-16 10:04:28,822] {logging_mixin.py:115} INFO - [2022-05-16 10:04:28,822] {dag.py:2919} INFO - Setting next_dagrun for live_stream_Dag to 2022-05-15T18:00:00+00:00, run_after=2022-05-16T18:00:00+00:00
[2022-05-16 10:04:28,829] {processor.py:161} INFO - Processing /opt/airflow/dags/live_stream_dag.py took 0.075 seconds
[2022-05-16 10:04:59,406] {processor.py:153} INFO - Started process (PID=2150) to work on /opt/airflow/dags/live_stream_dag.py
[2022-05-16 10:04:59,407] {processor.py:641} INFO - Processing file /opt/airflow/dags/live_stream_dag.py for tasks to queue
[2022-05-16 10:04:59,409] {logging_mixin.py:115} INFO - [2022-05-16 10:04:59,409] {dagbag.py:507} INFO - Filling up the DagBag from /opt/airflow/dags/live_stream_dag.py
[2022-05-16 10:04:59,430] {processor.py:651} INFO - DAG(s) dict_keys(['live_stream_Dag']) retrieved from /opt/airflow/dags/live_stream_dag.py
[2022-05-16 10:04:59,445] {logging_mixin.py:115} INFO - [2022-05-16 10:04:59,445] {dag.py:2371} INFO - Sync 1 DAGs
[2022-05-16 10:04:59,457] {logging_mixin.py:115} INFO - [2022-05-16 10:04:59,457] {dag.py:2919} INFO - Setting next_dagrun for live_stream_Dag to 2022-05-15T18:00:00+00:00, run_after=2022-05-16T18:00:00+00:00
[2022-05-16 10:04:59,465] {processor.py:161} INFO - Processing /opt/airflow/dags/live_stream_dag.py took 0.061 seconds
[2022-05-16 10:05:30,149] {processor.py:153} INFO - Started process (PID=2423) to work on /opt/airflow/dags/live_stream_dag.py
[2022-05-16 10:05:30,151] {processor.py:641} INFO - Processing file /opt/airflow/dags/live_stream_dag.py for tasks to queue
[2022-05-16 10:05:30,152] {logging_mixin.py:115} INFO - [2022-05-16 10:05:30,152] {dagbag.py:507} INFO - Filling up the DagBag from /opt/airflow/dags/live_stream_dag.py
[2022-05-16 10:05:30,171] {processor.py:651} INFO - DAG(s) dict_keys(['live_stream_Dag']) retrieved from /opt/airflow/dags/live_stream_dag.py
[2022-05-16 10:05:30,191] {logging_mixin.py:115} INFO - [2022-05-16 10:05:30,191] {dag.py:2371} INFO - Sync 1 DAGs
[2022-05-16 10:05:30,212] {logging_mixin.py:115} INFO - [2022-05-16 10:05:30,212] {dag.py:2919} INFO - Setting next_dagrun for live_stream_Dag to 2022-05-15T18:00:00+00:00, run_after=2022-05-16T18:00:00+00:00
[2022-05-16 10:05:30,221] {processor.py:161} INFO - Processing /opt/airflow/dags/live_stream_dag.py took 0.074 seconds
[2022-05-16 10:06:01,278] {processor.py:153} INFO - Started process (PID=2840) to work on /opt/airflow/dags/live_stream_dag.py
[2022-05-16 10:06:01,279] {processor.py:641} INFO - Processing file /opt/airflow/dags/live_stream_dag.py for tasks to queue
[2022-05-16 10:06:01,280] {logging_mixin.py:115} INFO - [2022-05-16 10:06:01,280] {dagbag.py:507} INFO - Filling up the DagBag from /opt/airflow/dags/live_stream_dag.py
[2022-05-16 10:06:01,295] {processor.py:651} INFO - DAG(s) dict_keys(['live_stream_Dag']) retrieved from /opt/airflow/dags/live_stream_dag.py
[2022-05-16 10:06:01,310] {logging_mixin.py:115} INFO - [2022-05-16 10:06:01,310] {dag.py:2371} INFO - Sync 1 DAGs
[2022-05-16 10:06:01,325] {logging_mixin.py:115} INFO - [2022-05-16 10:06:01,325] {dag.py:2919} INFO - Setting next_dagrun for live_stream_Dag to 2022-05-15T18:00:00+00:00, run_after=2022-05-16T18:00:00+00:00
[2022-05-16 10:06:01,331] {processor.py:161} INFO - Processing /opt/airflow/dags/live_stream_dag.py took 0.056 seconds
[2022-05-16 10:06:32,384] {processor.py:153} INFO - Started process (PID=3062) to work on /opt/airflow/dags/live_stream_dag.py
[2022-05-16 10:06:32,385] {processor.py:641} INFO - Processing file /opt/airflow/dags/live_stream_dag.py for tasks to queue
[2022-05-16 10:06:32,386] {logging_mixin.py:115} INFO - [2022-05-16 10:06:32,386] {dagbag.py:507} INFO - Filling up the DagBag from /opt/airflow/dags/live_stream_dag.py
[2022-05-16 10:06:32,406] {processor.py:651} INFO - DAG(s) dict_keys(['live_stream_Dag']) retrieved from /opt/airflow/dags/live_stream_dag.py
[2022-05-16 10:06:32,421] {logging_mixin.py:115} INFO - [2022-05-16 10:06:32,421] {dag.py:2371} INFO - Sync 1 DAGs
[2022-05-16 10:06:32,434] {logging_mixin.py:115} INFO - [2022-05-16 10:06:32,434] {dag.py:2919} INFO - Setting next_dagrun for live_stream_Dag to 2022-05-15T18:00:00+00:00, run_after=2022-05-16T18:00:00+00:00
[2022-05-16 10:06:32,441] {processor.py:161} INFO - Processing /opt/airflow/dags/live_stream_dag.py took 0.060 seconds
[2022-05-16 10:07:03,273] {processor.py:153} INFO - Started process (PID=3281) to work on /opt/airflow/dags/live_stream_dag.py
[2022-05-16 10:07:03,274] {processor.py:641} INFO - Processing file /opt/airflow/dags/live_stream_dag.py for tasks to queue
[2022-05-16 10:07:03,276] {logging_mixin.py:115} INFO - [2022-05-16 10:07:03,276] {dagbag.py:507} INFO - Filling up the DagBag from /opt/airflow/dags/live_stream_dag.py
[2022-05-16 10:07:03,298] {processor.py:651} INFO - DAG(s) dict_keys(['live_stream_Dag']) retrieved from /opt/airflow/dags/live_stream_dag.py
[2022-05-16 10:07:03,314] {logging_mixin.py:115} INFO - [2022-05-16 10:07:03,314] {dag.py:2371} INFO - Sync 1 DAGs
[2022-05-16 10:07:03,327] {logging_mixin.py:115} INFO - [2022-05-16 10:07:03,327] {dag.py:2919} INFO - Setting next_dagrun for live_stream_Dag to 2022-05-15T18:00:00+00:00, run_after=2022-05-16T18:00:00+00:00
[2022-05-16 10:07:03,335] {processor.py:161} INFO - Processing /opt/airflow/dags/live_stream_dag.py took 0.064 seconds
