[2022-05-16 10:00:52,680] {processor.py:153} INFO - Started process (PID=186) to work on /opt/airflow/dags/stop_live_stream_dags.py
[2022-05-16 10:00:52,686] {processor.py:641} INFO - Processing file /opt/airflow/dags/stop_live_stream_dags.py for tasks to queue
[2022-05-16 10:00:52,688] {logging_mixin.py:115} INFO - [2022-05-16 10:00:52,688] {dagbag.py:507} INFO - Filling up the DagBag from /opt/airflow/dags/stop_live_stream_dags.py
[2022-05-16 10:00:52,784] {processor.py:651} INFO - DAG(s) dict_keys(['stop_live_stream_Dag']) retrieved from /opt/airflow/dags/stop_live_stream_dags.py
[2022-05-16 10:00:52,910] {logging_mixin.py:115} INFO - [2022-05-16 10:00:52,910] {dag.py:2371} INFO - Sync 1 DAGs
[2022-05-16 10:00:53,001] {logging_mixin.py:115} INFO - [2022-05-16 10:00:53,001] {dag.py:2919} INFO - Setting next_dagrun for stop_live_stream_Dag to 2022-05-15T18:00:00+00:00, run_after=2022-05-16T18:00:00+00:00
[2022-05-16 10:00:53,062] {processor.py:161} INFO - Processing /opt/airflow/dags/stop_live_stream_dags.py took 0.384 seconds
[2022-05-16 10:01:23,723] {processor.py:153} INFO - Started process (PID=594) to work on /opt/airflow/dags/stop_live_stream_dags.py
[2022-05-16 10:01:23,726] {processor.py:641} INFO - Processing file /opt/airflow/dags/stop_live_stream_dags.py for tasks to queue
[2022-05-16 10:01:23,728] {logging_mixin.py:115} INFO - [2022-05-16 10:01:23,728] {dagbag.py:507} INFO - Filling up the DagBag from /opt/airflow/dags/stop_live_stream_dags.py
[2022-05-16 10:01:23,758] {processor.py:651} INFO - DAG(s) dict_keys(['stop_live_stream_Dag']) retrieved from /opt/airflow/dags/stop_live_stream_dags.py
[2022-05-16 10:01:23,798] {logging_mixin.py:115} INFO - [2022-05-16 10:01:23,798] {dag.py:2371} INFO - Sync 1 DAGs
[2022-05-16 10:01:23,824] {logging_mixin.py:115} INFO - [2022-05-16 10:01:23,824] {dag.py:2919} INFO - Setting next_dagrun for stop_live_stream_Dag to 2022-05-15T18:00:00+00:00, run_after=2022-05-16T18:00:00+00:00
[2022-05-16 10:01:23,842] {processor.py:161} INFO - Processing /opt/airflow/dags/stop_live_stream_dags.py took 0.124 seconds
[2022-05-16 10:01:54,609] {processor.py:153} INFO - Started process (PID=810) to work on /opt/airflow/dags/stop_live_stream_dags.py
[2022-05-16 10:01:54,611] {processor.py:641} INFO - Processing file /opt/airflow/dags/stop_live_stream_dags.py for tasks to queue
[2022-05-16 10:01:54,612] {logging_mixin.py:115} INFO - [2022-05-16 10:01:54,612] {dagbag.py:507} INFO - Filling up the DagBag from /opt/airflow/dags/stop_live_stream_dags.py
[2022-05-16 10:01:54,628] {processor.py:651} INFO - DAG(s) dict_keys(['stop_live_stream_Dag']) retrieved from /opt/airflow/dags/stop_live_stream_dags.py
[2022-05-16 10:01:54,665] {logging_mixin.py:115} INFO - [2022-05-16 10:01:54,665] {dag.py:2371} INFO - Sync 1 DAGs
[2022-05-16 10:01:54,684] {logging_mixin.py:115} INFO - [2022-05-16 10:01:54,684] {dag.py:2919} INFO - Setting next_dagrun for stop_live_stream_Dag to 2022-05-15T18:00:00+00:00, run_after=2022-05-16T18:00:00+00:00
[2022-05-16 10:01:54,700] {processor.py:161} INFO - Processing /opt/airflow/dags/stop_live_stream_dags.py took 0.093 seconds
[2022-05-16 10:02:25,216] {processor.py:153} INFO - Started process (PID=1031) to work on /opt/airflow/dags/stop_live_stream_dags.py
[2022-05-16 10:02:25,219] {processor.py:641} INFO - Processing file /opt/airflow/dags/stop_live_stream_dags.py for tasks to queue
[2022-05-16 10:02:25,223] {logging_mixin.py:115} INFO - [2022-05-16 10:02:25,223] {dagbag.py:507} INFO - Filling up the DagBag from /opt/airflow/dags/stop_live_stream_dags.py
[2022-05-16 10:02:25,254] {processor.py:651} INFO - DAG(s) dict_keys(['stop_live_stream_Dag']) retrieved from /opt/airflow/dags/stop_live_stream_dags.py
[2022-05-16 10:02:25,295] {logging_mixin.py:115} INFO - [2022-05-16 10:02:25,295] {dag.py:2371} INFO - Sync 1 DAGs
[2022-05-16 10:02:25,319] {logging_mixin.py:115} INFO - [2022-05-16 10:02:25,318] {dag.py:2919} INFO - Setting next_dagrun for stop_live_stream_Dag to 2022-05-15T18:00:00+00:00, run_after=2022-05-16T18:00:00+00:00
[2022-05-16 10:02:25,337] {processor.py:161} INFO - Processing /opt/airflow/dags/stop_live_stream_dags.py took 0.124 seconds
[2022-05-16 10:02:56,120] {processor.py:153} INFO - Started process (PID=1264) to work on /opt/airflow/dags/stop_live_stream_dags.py
[2022-05-16 10:02:56,121] {processor.py:641} INFO - Processing file /opt/airflow/dags/stop_live_stream_dags.py for tasks to queue
[2022-05-16 10:02:56,122] {logging_mixin.py:115} INFO - [2022-05-16 10:02:56,122] {dagbag.py:507} INFO - Filling up the DagBag from /opt/airflow/dags/stop_live_stream_dags.py
[2022-05-16 10:02:56,132] {processor.py:651} INFO - DAG(s) dict_keys(['stop_live_stream_Dag']) retrieved from /opt/airflow/dags/stop_live_stream_dags.py
[2022-05-16 10:02:56,147] {logging_mixin.py:115} INFO - [2022-05-16 10:02:56,147] {dag.py:2371} INFO - Sync 1 DAGs
[2022-05-16 10:02:56,159] {logging_mixin.py:115} INFO - [2022-05-16 10:02:56,159] {dag.py:2919} INFO - Setting next_dagrun for stop_live_stream_Dag to 2022-05-15T18:00:00+00:00, run_after=2022-05-16T18:00:00+00:00
[2022-05-16 10:02:56,165] {processor.py:161} INFO - Processing /opt/airflow/dags/stop_live_stream_dags.py took 0.047 seconds
[2022-05-16 10:03:26,921] {processor.py:153} INFO - Started process (PID=1485) to work on /opt/airflow/dags/stop_live_stream_dags.py
[2022-05-16 10:03:26,922] {processor.py:641} INFO - Processing file /opt/airflow/dags/stop_live_stream_dags.py for tasks to queue
[2022-05-16 10:03:26,923] {logging_mixin.py:115} INFO - [2022-05-16 10:03:26,923] {dagbag.py:507} INFO - Filling up the DagBag from /opt/airflow/dags/stop_live_stream_dags.py
[2022-05-16 10:03:26,935] {processor.py:651} INFO - DAG(s) dict_keys(['stop_live_stream_Dag']) retrieved from /opt/airflow/dags/stop_live_stream_dags.py
[2022-05-16 10:03:26,952] {logging_mixin.py:115} INFO - [2022-05-16 10:03:26,952] {dag.py:2371} INFO - Sync 1 DAGs
[2022-05-16 10:03:26,965] {logging_mixin.py:115} INFO - [2022-05-16 10:03:26,965] {dag.py:2919} INFO - Setting next_dagrun for stop_live_stream_Dag to 2022-05-15T18:00:00+00:00, run_after=2022-05-16T18:00:00+00:00
[2022-05-16 10:03:26,972] {processor.py:161} INFO - Processing /opt/airflow/dags/stop_live_stream_dags.py took 0.054 seconds
[2022-05-16 10:03:57,758] {processor.py:153} INFO - Started process (PID=1705) to work on /opt/airflow/dags/stop_live_stream_dags.py
[2022-05-16 10:03:57,770] {processor.py:641} INFO - Processing file /opt/airflow/dags/stop_live_stream_dags.py for tasks to queue
[2022-05-16 10:03:57,771] {logging_mixin.py:115} INFO - [2022-05-16 10:03:57,771] {dagbag.py:507} INFO - Filling up the DagBag from /opt/airflow/dags/stop_live_stream_dags.py
[2022-05-16 10:03:57,785] {processor.py:651} INFO - DAG(s) dict_keys(['stop_live_stream_Dag']) retrieved from /opt/airflow/dags/stop_live_stream_dags.py
[2022-05-16 10:03:57,806] {logging_mixin.py:115} INFO - [2022-05-16 10:03:57,806] {dag.py:2371} INFO - Sync 1 DAGs
[2022-05-16 10:03:57,824] {logging_mixin.py:115} INFO - [2022-05-16 10:03:57,824] {dag.py:2919} INFO - Setting next_dagrun for stop_live_stream_Dag to 2022-05-15T18:00:00+00:00, run_after=2022-05-16T18:00:00+00:00
[2022-05-16 10:03:57,856] {processor.py:161} INFO - Processing /opt/airflow/dags/stop_live_stream_dags.py took 0.101 seconds
[2022-05-16 10:04:28,686] {processor.py:153} INFO - Started process (PID=1918) to work on /opt/airflow/dags/stop_live_stream_dags.py
[2022-05-16 10:04:28,687] {processor.py:641} INFO - Processing file /opt/airflow/dags/stop_live_stream_dags.py for tasks to queue
[2022-05-16 10:04:28,688] {logging_mixin.py:115} INFO - [2022-05-16 10:04:28,688] {dagbag.py:507} INFO - Filling up the DagBag from /opt/airflow/dags/stop_live_stream_dags.py
[2022-05-16 10:04:28,700] {processor.py:651} INFO - DAG(s) dict_keys(['stop_live_stream_Dag']) retrieved from /opt/airflow/dags/stop_live_stream_dags.py
[2022-05-16 10:04:28,716] {logging_mixin.py:115} INFO - [2022-05-16 10:04:28,716] {dag.py:2371} INFO - Sync 1 DAGs
[2022-05-16 10:04:28,729] {logging_mixin.py:115} INFO - [2022-05-16 10:04:28,729] {dag.py:2919} INFO - Setting next_dagrun for stop_live_stream_Dag to 2022-05-15T18:00:00+00:00, run_after=2022-05-16T18:00:00+00:00
[2022-05-16 10:04:28,736] {processor.py:161} INFO - Processing /opt/airflow/dags/stop_live_stream_dags.py took 0.052 seconds
[2022-05-16 10:04:59,335] {processor.py:153} INFO - Started process (PID=2145) to work on /opt/airflow/dags/stop_live_stream_dags.py
[2022-05-16 10:04:59,337] {processor.py:641} INFO - Processing file /opt/airflow/dags/stop_live_stream_dags.py for tasks to queue
[2022-05-16 10:04:59,338] {logging_mixin.py:115} INFO - [2022-05-16 10:04:59,338] {dagbag.py:507} INFO - Filling up the DagBag from /opt/airflow/dags/stop_live_stream_dags.py
[2022-05-16 10:04:59,349] {processor.py:651} INFO - DAG(s) dict_keys(['stop_live_stream_Dag']) retrieved from /opt/airflow/dags/stop_live_stream_dags.py
[2022-05-16 10:04:59,365] {logging_mixin.py:115} INFO - [2022-05-16 10:04:59,365] {dag.py:2371} INFO - Sync 1 DAGs
[2022-05-16 10:04:59,378] {logging_mixin.py:115} INFO - [2022-05-16 10:04:59,378] {dag.py:2919} INFO - Setting next_dagrun for stop_live_stream_Dag to 2022-05-15T18:00:00+00:00, run_after=2022-05-16T18:00:00+00:00
[2022-05-16 10:04:59,385] {processor.py:161} INFO - Processing /opt/airflow/dags/stop_live_stream_dags.py took 0.052 seconds
[2022-05-16 10:05:30,141] {processor.py:153} INFO - Started process (PID=2420) to work on /opt/airflow/dags/stop_live_stream_dags.py
[2022-05-16 10:05:30,142] {processor.py:641} INFO - Processing file /opt/airflow/dags/stop_live_stream_dags.py for tasks to queue
[2022-05-16 10:05:30,143] {logging_mixin.py:115} INFO - [2022-05-16 10:05:30,143] {dagbag.py:507} INFO - Filling up the DagBag from /opt/airflow/dags/stop_live_stream_dags.py
[2022-05-16 10:05:30,157] {processor.py:651} INFO - DAG(s) dict_keys(['stop_live_stream_Dag']) retrieved from /opt/airflow/dags/stop_live_stream_dags.py
[2022-05-16 10:05:30,176] {logging_mixin.py:115} INFO - [2022-05-16 10:05:30,176] {dag.py:2371} INFO - Sync 1 DAGs
[2022-05-16 10:05:30,193] {logging_mixin.py:115} INFO - [2022-05-16 10:05:30,193] {dag.py:2919} INFO - Setting next_dagrun for stop_live_stream_Dag to 2022-05-15T18:00:00+00:00, run_after=2022-05-16T18:00:00+00:00
[2022-05-16 10:05:30,202] {processor.py:161} INFO - Processing /opt/airflow/dags/stop_live_stream_dags.py took 0.063 seconds
[2022-05-16 10:06:01,208] {processor.py:153} INFO - Started process (PID=2835) to work on /opt/airflow/dags/stop_live_stream_dags.py
[2022-05-16 10:06:01,210] {processor.py:641} INFO - Processing file /opt/airflow/dags/stop_live_stream_dags.py for tasks to queue
[2022-05-16 10:06:01,211] {logging_mixin.py:115} INFO - [2022-05-16 10:06:01,211] {dagbag.py:507} INFO - Filling up the DagBag from /opt/airflow/dags/stop_live_stream_dags.py
[2022-05-16 10:06:01,223] {processor.py:651} INFO - DAG(s) dict_keys(['stop_live_stream_Dag']) retrieved from /opt/airflow/dags/stop_live_stream_dags.py
[2022-05-16 10:06:01,238] {logging_mixin.py:115} INFO - [2022-05-16 10:06:01,237] {dag.py:2371} INFO - Sync 1 DAGs
[2022-05-16 10:06:01,250] {logging_mixin.py:115} INFO - [2022-05-16 10:06:01,250] {dag.py:2919} INFO - Setting next_dagrun for stop_live_stream_Dag to 2022-05-15T18:00:00+00:00, run_after=2022-05-16T18:00:00+00:00
[2022-05-16 10:06:01,256] {processor.py:161} INFO - Processing /opt/airflow/dags/stop_live_stream_dags.py took 0.050 seconds
[2022-05-16 10:06:32,297] {processor.py:153} INFO - Started process (PID=3057) to work on /opt/airflow/dags/stop_live_stream_dags.py
[2022-05-16 10:06:32,299] {processor.py:641} INFO - Processing file /opt/airflow/dags/stop_live_stream_dags.py for tasks to queue
[2022-05-16 10:06:32,301] {logging_mixin.py:115} INFO - [2022-05-16 10:06:32,301] {dagbag.py:507} INFO - Filling up the DagBag from /opt/airflow/dags/stop_live_stream_dags.py
[2022-05-16 10:06:32,316] {processor.py:651} INFO - DAG(s) dict_keys(['stop_live_stream_Dag']) retrieved from /opt/airflow/dags/stop_live_stream_dags.py
[2022-05-16 10:06:32,336] {logging_mixin.py:115} INFO - [2022-05-16 10:06:32,336] {dag.py:2371} INFO - Sync 1 DAGs
[2022-05-16 10:06:32,351] {logging_mixin.py:115} INFO - [2022-05-16 10:06:32,351] {dag.py:2919} INFO - Setting next_dagrun for stop_live_stream_Dag to 2022-05-15T18:00:00+00:00, run_after=2022-05-16T18:00:00+00:00
[2022-05-16 10:06:32,361] {processor.py:161} INFO - Processing /opt/airflow/dags/stop_live_stream_dags.py took 0.066 seconds
[2022-05-16 10:07:03,192] {processor.py:153} INFO - Started process (PID=3276) to work on /opt/airflow/dags/stop_live_stream_dags.py
[2022-05-16 10:07:03,196] {processor.py:641} INFO - Processing file /opt/airflow/dags/stop_live_stream_dags.py for tasks to queue
[2022-05-16 10:07:03,197] {logging_mixin.py:115} INFO - [2022-05-16 10:07:03,197] {dagbag.py:507} INFO - Filling up the DagBag from /opt/airflow/dags/stop_live_stream_dags.py
[2022-05-16 10:07:03,208] {processor.py:651} INFO - DAG(s) dict_keys(['stop_live_stream_Dag']) retrieved from /opt/airflow/dags/stop_live_stream_dags.py
[2022-05-16 10:07:03,232] {logging_mixin.py:115} INFO - [2022-05-16 10:07:03,231] {dag.py:2371} INFO - Sync 1 DAGs
[2022-05-16 10:07:03,244] {logging_mixin.py:115} INFO - [2022-05-16 10:07:03,244] {dag.py:2919} INFO - Setting next_dagrun for stop_live_stream_Dag to 2022-05-15T18:00:00+00:00, run_after=2022-05-16T18:00:00+00:00
[2022-05-16 10:07:03,252] {processor.py:161} INFO - Processing /opt/airflow/dags/stop_live_stream_dags.py took 0.063 seconds
