[2022-05-16 10:00:52,299] {processor.py:153} INFO - Started process (PID=178) to work on /opt/airflow/dags/update_country_dag.py
[2022-05-16 10:00:52,305] {processor.py:641} INFO - Processing file /opt/airflow/dags/update_country_dag.py for tasks to queue
[2022-05-16 10:00:52,315] {logging_mixin.py:115} INFO - [2022-05-16 10:00:52,315] {dagbag.py:507} INFO - Filling up the DagBag from /opt/airflow/dags/update_country_dag.py
[2022-05-16 10:00:52,391] {processor.py:651} INFO - DAG(s) dict_keys(['Update_Country_Dag']) retrieved from /opt/airflow/dags/update_country_dag.py
[2022-05-16 10:00:52,505] {logging_mixin.py:115} INFO - [2022-05-16 10:00:52,505] {dag.py:2371} INFO - Sync 1 DAGs
[2022-05-16 10:00:52,603] {logging_mixin.py:115} INFO - [2022-05-16 10:00:52,603] {dag.py:2919} INFO - Setting next_dagrun for Update_Country_Dag to 2022-05-15T18:00:00+00:00, run_after=2022-05-16T18:00:00+00:00
[2022-05-16 10:00:52,650] {processor.py:161} INFO - Processing /opt/airflow/dags/update_country_dag.py took 0.354 seconds
[2022-05-16 10:01:23,520] {processor.py:153} INFO - Started process (PID=584) to work on /opt/airflow/dags/update_country_dag.py
[2022-05-16 10:01:23,522] {processor.py:641} INFO - Processing file /opt/airflow/dags/update_country_dag.py for tasks to queue
[2022-05-16 10:01:23,525] {logging_mixin.py:115} INFO - [2022-05-16 10:01:23,525] {dagbag.py:507} INFO - Filling up the DagBag from /opt/airflow/dags/update_country_dag.py
[2022-05-16 10:01:23,598] {processor.py:651} INFO - DAG(s) dict_keys(['Update_Country_Dag']) retrieved from /opt/airflow/dags/update_country_dag.py
[2022-05-16 10:01:23,629] {logging_mixin.py:115} INFO - [2022-05-16 10:01:23,629] {dag.py:2371} INFO - Sync 1 DAGs
[2022-05-16 10:01:23,648] {logging_mixin.py:115} INFO - [2022-05-16 10:01:23,648] {dag.py:2919} INFO - Setting next_dagrun for Update_Country_Dag to 2022-05-15T18:00:00+00:00, run_after=2022-05-16T18:00:00+00:00
[2022-05-16 10:01:23,659] {processor.py:161} INFO - Processing /opt/airflow/dags/update_country_dag.py took 0.144 seconds
[2022-05-16 10:01:54,407] {processor.py:153} INFO - Started process (PID=800) to work on /opt/airflow/dags/update_country_dag.py
[2022-05-16 10:01:54,412] {processor.py:641} INFO - Processing file /opt/airflow/dags/update_country_dag.py for tasks to queue
[2022-05-16 10:01:54,416] {logging_mixin.py:115} INFO - [2022-05-16 10:01:54,416] {dagbag.py:507} INFO - Filling up the DagBag from /opt/airflow/dags/update_country_dag.py
[2022-05-16 10:01:54,448] {processor.py:651} INFO - DAG(s) dict_keys(['Update_Country_Dag']) retrieved from /opt/airflow/dags/update_country_dag.py
[2022-05-16 10:01:54,510] {logging_mixin.py:115} INFO - [2022-05-16 10:01:54,510] {dag.py:2371} INFO - Sync 1 DAGs
[2022-05-16 10:01:54,561] {logging_mixin.py:115} INFO - [2022-05-16 10:01:54,561] {dag.py:2919} INFO - Setting next_dagrun for Update_Country_Dag to 2022-05-15T18:00:00+00:00, run_after=2022-05-16T18:00:00+00:00
[2022-05-16 10:01:54,576] {processor.py:161} INFO - Processing /opt/airflow/dags/update_country_dag.py took 0.178 seconds
[2022-05-16 10:02:25,010] {processor.py:153} INFO - Started process (PID=1022) to work on /opt/airflow/dags/update_country_dag.py
[2022-05-16 10:02:25,014] {processor.py:641} INFO - Processing file /opt/airflow/dags/update_country_dag.py for tasks to queue
[2022-05-16 10:02:25,019] {logging_mixin.py:115} INFO - [2022-05-16 10:02:25,019] {dagbag.py:507} INFO - Filling up the DagBag from /opt/airflow/dags/update_country_dag.py
[2022-05-16 10:02:25,046] {processor.py:651} INFO - DAG(s) dict_keys(['Update_Country_Dag']) retrieved from /opt/airflow/dags/update_country_dag.py
[2022-05-16 10:02:25,080] {logging_mixin.py:115} INFO - [2022-05-16 10:02:25,080] {dag.py:2371} INFO - Sync 1 DAGs
[2022-05-16 10:02:25,112] {logging_mixin.py:115} INFO - [2022-05-16 10:02:25,112] {dag.py:2919} INFO - Setting next_dagrun for Update_Country_Dag to 2022-05-15T18:00:00+00:00, run_after=2022-05-16T18:00:00+00:00
[2022-05-16 10:02:25,126] {processor.py:161} INFO - Processing /opt/airflow/dags/update_country_dag.py took 0.125 seconds
[2022-05-16 10:02:56,030] {processor.py:153} INFO - Started process (PID=1254) to work on /opt/airflow/dags/update_country_dag.py
[2022-05-16 10:02:56,034] {processor.py:641} INFO - Processing file /opt/airflow/dags/update_country_dag.py for tasks to queue
[2022-05-16 10:02:56,036] {logging_mixin.py:115} INFO - [2022-05-16 10:02:56,036] {dagbag.py:507} INFO - Filling up the DagBag from /opt/airflow/dags/update_country_dag.py
[2022-05-16 10:02:56,057] {processor.py:651} INFO - DAG(s) dict_keys(['Update_Country_Dag']) retrieved from /opt/airflow/dags/update_country_dag.py
[2022-05-16 10:02:56,078] {logging_mixin.py:115} INFO - [2022-05-16 10:02:56,078] {dag.py:2371} INFO - Sync 1 DAGs
[2022-05-16 10:02:56,092] {logging_mixin.py:115} INFO - [2022-05-16 10:02:56,092] {dag.py:2919} INFO - Setting next_dagrun for Update_Country_Dag to 2022-05-15T18:00:00+00:00, run_after=2022-05-16T18:00:00+00:00
[2022-05-16 10:02:56,100] {processor.py:161} INFO - Processing /opt/airflow/dags/update_country_dag.py took 0.075 seconds
[2022-05-16 10:03:26,837] {processor.py:153} INFO - Started process (PID=1475) to work on /opt/airflow/dags/update_country_dag.py
[2022-05-16 10:03:26,839] {processor.py:641} INFO - Processing file /opt/airflow/dags/update_country_dag.py for tasks to queue
[2022-05-16 10:03:26,841] {logging_mixin.py:115} INFO - [2022-05-16 10:03:26,841] {dagbag.py:507} INFO - Filling up the DagBag from /opt/airflow/dags/update_country_dag.py
[2022-05-16 10:03:26,857] {processor.py:651} INFO - DAG(s) dict_keys(['Update_Country_Dag']) retrieved from /opt/airflow/dags/update_country_dag.py
[2022-05-16 10:03:26,878] {logging_mixin.py:115} INFO - [2022-05-16 10:03:26,878] {dag.py:2371} INFO - Sync 1 DAGs
[2022-05-16 10:03:26,894] {logging_mixin.py:115} INFO - [2022-05-16 10:03:26,894] {dag.py:2919} INFO - Setting next_dagrun for Update_Country_Dag to 2022-05-15T18:00:00+00:00, run_after=2022-05-16T18:00:00+00:00
[2022-05-16 10:03:26,901] {processor.py:161} INFO - Processing /opt/airflow/dags/update_country_dag.py took 0.068 seconds
[2022-05-16 10:03:57,665] {processor.py:153} INFO - Started process (PID=1695) to work on /opt/airflow/dags/update_country_dag.py
[2022-05-16 10:03:57,667] {processor.py:641} INFO - Processing file /opt/airflow/dags/update_country_dag.py for tasks to queue
[2022-05-16 10:03:57,670] {logging_mixin.py:115} INFO - [2022-05-16 10:03:57,670] {dagbag.py:507} INFO - Filling up the DagBag from /opt/airflow/dags/update_country_dag.py
[2022-05-16 10:03:57,683] {processor.py:651} INFO - DAG(s) dict_keys(['Update_Country_Dag']) retrieved from /opt/airflow/dags/update_country_dag.py
[2022-05-16 10:03:57,703] {logging_mixin.py:115} INFO - [2022-05-16 10:03:57,703] {dag.py:2371} INFO - Sync 1 DAGs
[2022-05-16 10:03:57,721] {logging_mixin.py:115} INFO - [2022-05-16 10:03:57,721] {dag.py:2919} INFO - Setting next_dagrun for Update_Country_Dag to 2022-05-15T18:00:00+00:00, run_after=2022-05-16T18:00:00+00:00
[2022-05-16 10:03:57,731] {processor.py:161} INFO - Processing /opt/airflow/dags/update_country_dag.py took 0.069 seconds
[2022-05-16 10:04:28,577] {processor.py:153} INFO - Started process (PID=1908) to work on /opt/airflow/dags/update_country_dag.py
[2022-05-16 10:04:28,580] {processor.py:641} INFO - Processing file /opt/airflow/dags/update_country_dag.py for tasks to queue
[2022-05-16 10:04:28,583] {logging_mixin.py:115} INFO - [2022-05-16 10:04:28,582] {dagbag.py:507} INFO - Filling up the DagBag from /opt/airflow/dags/update_country_dag.py
[2022-05-16 10:04:28,609] {processor.py:651} INFO - DAG(s) dict_keys(['Update_Country_Dag']) retrieved from /opt/airflow/dags/update_country_dag.py
[2022-05-16 10:04:28,636] {logging_mixin.py:115} INFO - [2022-05-16 10:04:28,636] {dag.py:2371} INFO - Sync 1 DAGs
[2022-05-16 10:04:28,654] {logging_mixin.py:115} INFO - [2022-05-16 10:04:28,653] {dag.py:2919} INFO - Setting next_dagrun for Update_Country_Dag to 2022-05-15T18:00:00+00:00, run_after=2022-05-16T18:00:00+00:00
[2022-05-16 10:04:28,664] {processor.py:161} INFO - Processing /opt/airflow/dags/update_country_dag.py took 0.095 seconds
[2022-05-16 10:04:59,262] {processor.py:153} INFO - Started process (PID=2135) to work on /opt/airflow/dags/update_country_dag.py
[2022-05-16 10:04:59,265] {processor.py:641} INFO - Processing file /opt/airflow/dags/update_country_dag.py for tasks to queue
[2022-05-16 10:04:59,266] {logging_mixin.py:115} INFO - [2022-05-16 10:04:59,265] {dagbag.py:507} INFO - Filling up the DagBag from /opt/airflow/dags/update_country_dag.py
[2022-05-16 10:04:59,277] {processor.py:651} INFO - DAG(s) dict_keys(['Update_Country_Dag']) retrieved from /opt/airflow/dags/update_country_dag.py
[2022-05-16 10:04:59,293] {logging_mixin.py:115} INFO - [2022-05-16 10:04:59,293] {dag.py:2371} INFO - Sync 1 DAGs
[2022-05-16 10:04:59,307] {logging_mixin.py:115} INFO - [2022-05-16 10:04:59,307] {dag.py:2919} INFO - Setting next_dagrun for Update_Country_Dag to 2022-05-15T18:00:00+00:00, run_after=2022-05-16T18:00:00+00:00
[2022-05-16 10:04:59,315] {processor.py:161} INFO - Processing /opt/airflow/dags/update_country_dag.py took 0.056 seconds
[2022-05-16 10:05:30,055] {processor.py:153} INFO - Started process (PID=2410) to work on /opt/airflow/dags/update_country_dag.py
[2022-05-16 10:05:30,057] {processor.py:641} INFO - Processing file /opt/airflow/dags/update_country_dag.py for tasks to queue
[2022-05-16 10:05:30,058] {logging_mixin.py:115} INFO - [2022-05-16 10:05:30,058] {dagbag.py:507} INFO - Filling up the DagBag from /opt/airflow/dags/update_country_dag.py
[2022-05-16 10:05:30,073] {processor.py:651} INFO - DAG(s) dict_keys(['Update_Country_Dag']) retrieved from /opt/airflow/dags/update_country_dag.py
[2022-05-16 10:05:30,093] {logging_mixin.py:115} INFO - [2022-05-16 10:05:30,093] {dag.py:2371} INFO - Sync 1 DAGs
[2022-05-16 10:05:30,111] {logging_mixin.py:115} INFO - [2022-05-16 10:05:30,111] {dag.py:2919} INFO - Setting next_dagrun for Update_Country_Dag to 2022-05-15T18:00:00+00:00, run_after=2022-05-16T18:00:00+00:00
[2022-05-16 10:05:30,119] {processor.py:161} INFO - Processing /opt/airflow/dags/update_country_dag.py took 0.069 seconds
[2022-05-16 10:06:01,115] {processor.py:153} INFO - Started process (PID=2825) to work on /opt/airflow/dags/update_country_dag.py
[2022-05-16 10:06:01,118] {processor.py:641} INFO - Processing file /opt/airflow/dags/update_country_dag.py for tasks to queue
[2022-05-16 10:06:01,119] {logging_mixin.py:115} INFO - [2022-05-16 10:06:01,119] {dagbag.py:507} INFO - Filling up the DagBag from /opt/airflow/dags/update_country_dag.py
[2022-05-16 10:06:01,133] {processor.py:651} INFO - DAG(s) dict_keys(['Update_Country_Dag']) retrieved from /opt/airflow/dags/update_country_dag.py
[2022-05-16 10:06:01,167] {logging_mixin.py:115} INFO - [2022-05-16 10:06:01,167] {dag.py:2371} INFO - Sync 1 DAGs
[2022-05-16 10:06:01,180] {logging_mixin.py:115} INFO - [2022-05-16 10:06:01,180] {dag.py:2919} INFO - Setting next_dagrun for Update_Country_Dag to 2022-05-15T18:00:00+00:00, run_after=2022-05-16T18:00:00+00:00
[2022-05-16 10:06:01,188] {processor.py:161} INFO - Processing /opt/airflow/dags/update_country_dag.py took 0.079 seconds
[2022-05-16 10:06:32,196] {processor.py:153} INFO - Started process (PID=3047) to work on /opt/airflow/dags/update_country_dag.py
[2022-05-16 10:06:32,200] {processor.py:641} INFO - Processing file /opt/airflow/dags/update_country_dag.py for tasks to queue
[2022-05-16 10:06:32,203] {logging_mixin.py:115} INFO - [2022-05-16 10:06:32,203] {dagbag.py:507} INFO - Filling up the DagBag from /opt/airflow/dags/update_country_dag.py
[2022-05-16 10:06:32,223] {processor.py:651} INFO - DAG(s) dict_keys(['Update_Country_Dag']) retrieved from /opt/airflow/dags/update_country_dag.py
[2022-05-16 10:06:32,243] {logging_mixin.py:115} INFO - [2022-05-16 10:06:32,243] {dag.py:2371} INFO - Sync 1 DAGs
[2022-05-16 10:06:32,263] {logging_mixin.py:115} INFO - [2022-05-16 10:06:32,263] {dag.py:2919} INFO - Setting next_dagrun for Update_Country_Dag to 2022-05-15T18:00:00+00:00, run_after=2022-05-16T18:00:00+00:00
[2022-05-16 10:06:32,271] {processor.py:161} INFO - Processing /opt/airflow/dags/update_country_dag.py took 0.081 seconds
[2022-05-16 10:07:03,110] {processor.py:153} INFO - Started process (PID=3266) to work on /opt/airflow/dags/update_country_dag.py
[2022-05-16 10:07:03,112] {processor.py:641} INFO - Processing file /opt/airflow/dags/update_country_dag.py for tasks to queue
[2022-05-16 10:07:03,114] {logging_mixin.py:115} INFO - [2022-05-16 10:07:03,113] {dagbag.py:507} INFO - Filling up the DagBag from /opt/airflow/dags/update_country_dag.py
[2022-05-16 10:07:03,129] {processor.py:651} INFO - DAG(s) dict_keys(['Update_Country_Dag']) retrieved from /opt/airflow/dags/update_country_dag.py
[2022-05-16 10:07:03,148] {logging_mixin.py:115} INFO - [2022-05-16 10:07:03,148] {dag.py:2371} INFO - Sync 1 DAGs
[2022-05-16 10:07:03,162] {logging_mixin.py:115} INFO - [2022-05-16 10:07:03,162] {dag.py:2919} INFO - Setting next_dagrun for Update_Country_Dag to 2022-05-15T18:00:00+00:00, run_after=2022-05-16T18:00:00+00:00
[2022-05-16 10:07:03,170] {processor.py:161} INFO - Processing /opt/airflow/dags/update_country_dag.py took 0.067 seconds
