[2022-05-13 10:54:43,306] {processor.py:153} INFO - Started process (PID=177) to work on /opt/airflow/dags/collect_data_dag.py
[2022-05-13 10:54:43,308] {processor.py:641} INFO - Processing file /opt/airflow/dags/collect_data_dag.py for tasks to queue
[2022-05-13 10:54:43,309] {logging_mixin.py:115} INFO - [2022-05-13 10:54:43,309] {dagbag.py:507} INFO - Filling up the DagBag from /opt/airflow/dags/collect_data_dag.py
[2022-05-13 10:54:43,331] {processor.py:651} INFO - DAG(s) dict_keys(['Collect_Data_Dag']) retrieved from /opt/airflow/dags/collect_data_dag.py
[2022-05-13 10:54:43,394] {logging_mixin.py:115} INFO - [2022-05-13 10:54:43,394] {manager.py:508} INFO - Created Permission View: can read on DAG:Collect_Data_Dag
[2022-05-13 10:54:43,400] {logging_mixin.py:115} INFO - [2022-05-13 10:54:43,400] {manager.py:508} INFO - Created Permission View: can edit on DAG:Collect_Data_Dag
[2022-05-13 10:54:43,405] {logging_mixin.py:115} INFO - [2022-05-13 10:54:43,405] {manager.py:508} INFO - Created Permission View: can delete on DAG:Collect_Data_Dag
[2022-05-13 10:54:43,406] {logging_mixin.py:115} INFO - [2022-05-13 10:54:43,406] {dag.py:2371} INFO - Sync 1 DAGs
[2022-05-13 10:54:43,412] {logging_mixin.py:115} INFO - [2022-05-13 10:54:43,412] {dag.py:2390} INFO - Creating ORM DAG for Collect_Data_Dag
[2022-05-13 10:54:43,421] {logging_mixin.py:115} INFO - [2022-05-13 10:54:43,421] {dag.py:2919} INFO - Setting next_dagrun for Collect_Data_Dag to 2022-05-12T18:00:00+00:00, run_after=2022-05-13T18:00:00+00:00
[2022-05-13 10:54:43,432] {processor.py:161} INFO - Processing /opt/airflow/dags/collect_data_dag.py took 0.128 seconds
[2022-05-13 10:55:14,279] {processor.py:153} INFO - Started process (PID=405) to work on /opt/airflow/dags/collect_data_dag.py
[2022-05-13 10:55:14,280] {processor.py:641} INFO - Processing file /opt/airflow/dags/collect_data_dag.py for tasks to queue
[2022-05-13 10:55:14,281] {logging_mixin.py:115} INFO - [2022-05-13 10:55:14,281] {dagbag.py:507} INFO - Filling up the DagBag from /opt/airflow/dags/collect_data_dag.py
[2022-05-13 10:55:14,292] {processor.py:651} INFO - DAG(s) dict_keys(['Collect_Data_Dag']) retrieved from /opt/airflow/dags/collect_data_dag.py
[2022-05-13 10:55:14,341] {logging_mixin.py:115} INFO - [2022-05-13 10:55:14,341] {dag.py:2371} INFO - Sync 1 DAGs
[2022-05-13 10:55:14,353] {logging_mixin.py:115} INFO - [2022-05-13 10:55:14,353] {dag.py:2919} INFO - Setting next_dagrun for Collect_Data_Dag to 2022-05-12T18:00:00+00:00, run_after=2022-05-13T18:00:00+00:00
[2022-05-13 10:55:14,361] {processor.py:161} INFO - Processing /opt/airflow/dags/collect_data_dag.py took 0.084 seconds
[2022-05-13 10:55:45,178] {processor.py:153} INFO - Started process (PID=627) to work on /opt/airflow/dags/collect_data_dag.py
[2022-05-13 10:55:45,178] {processor.py:641} INFO - Processing file /opt/airflow/dags/collect_data_dag.py for tasks to queue
[2022-05-13 10:55:45,179] {logging_mixin.py:115} INFO - [2022-05-13 10:55:45,179] {dagbag.py:507} INFO - Filling up the DagBag from /opt/airflow/dags/collect_data_dag.py
[2022-05-13 10:55:45,189] {processor.py:651} INFO - DAG(s) dict_keys(['Collect_Data_Dag']) retrieved from /opt/airflow/dags/collect_data_dag.py
[2022-05-13 10:55:45,203] {logging_mixin.py:115} INFO - [2022-05-13 10:55:45,203] {dag.py:2371} INFO - Sync 1 DAGs
[2022-05-13 10:55:45,215] {logging_mixin.py:115} INFO - [2022-05-13 10:55:45,215] {dag.py:2919} INFO - Setting next_dagrun for Collect_Data_Dag to 2022-05-12T18:00:00+00:00, run_after=2022-05-13T18:00:00+00:00
[2022-05-13 10:55:45,222] {processor.py:161} INFO - Processing /opt/airflow/dags/collect_data_dag.py took 0.046 seconds
[2022-05-13 10:56:15,922] {processor.py:153} INFO - Started process (PID=850) to work on /opt/airflow/dags/collect_data_dag.py
[2022-05-13 10:56:15,924] {processor.py:641} INFO - Processing file /opt/airflow/dags/collect_data_dag.py for tasks to queue
[2022-05-13 10:56:15,925] {logging_mixin.py:115} INFO - [2022-05-13 10:56:15,925] {dagbag.py:507} INFO - Filling up the DagBag from /opt/airflow/dags/collect_data_dag.py
[2022-05-13 10:56:15,933] {processor.py:651} INFO - DAG(s) dict_keys(['Collect_Data_Dag']) retrieved from /opt/airflow/dags/collect_data_dag.py
[2022-05-13 10:56:15,949] {logging_mixin.py:115} INFO - [2022-05-13 10:56:15,949] {dag.py:2371} INFO - Sync 1 DAGs
[2022-05-13 10:56:15,961] {logging_mixin.py:115} INFO - [2022-05-13 10:56:15,961] {dag.py:2919} INFO - Setting next_dagrun for Collect_Data_Dag to 2022-05-12T18:00:00+00:00, run_after=2022-05-13T18:00:00+00:00
[2022-05-13 10:56:15,968] {processor.py:161} INFO - Processing /opt/airflow/dags/collect_data_dag.py took 0.048 seconds
[2022-05-13 10:56:46,092] {processor.py:153} INFO - Started process (PID=1059) to work on /opt/airflow/dags/collect_data_dag.py
[2022-05-13 10:56:46,093] {processor.py:641} INFO - Processing file /opt/airflow/dags/collect_data_dag.py for tasks to queue
[2022-05-13 10:56:46,094] {logging_mixin.py:115} INFO - [2022-05-13 10:56:46,094] {dagbag.py:507} INFO - Filling up the DagBag from /opt/airflow/dags/collect_data_dag.py
[2022-05-13 10:56:46,102] {processor.py:651} INFO - DAG(s) dict_keys(['Collect_Data_Dag']) retrieved from /opt/airflow/dags/collect_data_dag.py
[2022-05-13 10:56:46,118] {logging_mixin.py:115} INFO - [2022-05-13 10:56:46,118] {dag.py:2371} INFO - Sync 1 DAGs
[2022-05-13 10:56:46,130] {logging_mixin.py:115} INFO - [2022-05-13 10:56:46,130] {dag.py:2919} INFO - Setting next_dagrun for Collect_Data_Dag to 2022-05-12T18:00:00+00:00, run_after=2022-05-13T18:00:00+00:00
[2022-05-13 10:56:46,137] {processor.py:161} INFO - Processing /opt/airflow/dags/collect_data_dag.py took 0.047 seconds
[2022-05-13 10:57:17,070] {processor.py:153} INFO - Started process (PID=1281) to work on /opt/airflow/dags/collect_data_dag.py
[2022-05-13 10:57:17,071] {processor.py:641} INFO - Processing file /opt/airflow/dags/collect_data_dag.py for tasks to queue
[2022-05-13 10:57:17,072] {logging_mixin.py:115} INFO - [2022-05-13 10:57:17,072] {dagbag.py:507} INFO - Filling up the DagBag from /opt/airflow/dags/collect_data_dag.py
[2022-05-13 10:57:17,081] {processor.py:651} INFO - DAG(s) dict_keys(['Collect_Data_Dag']) retrieved from /opt/airflow/dags/collect_data_dag.py
[2022-05-13 10:57:17,099] {logging_mixin.py:115} INFO - [2022-05-13 10:57:17,099] {dag.py:2371} INFO - Sync 1 DAGs
[2022-05-13 10:57:17,114] {logging_mixin.py:115} INFO - [2022-05-13 10:57:17,114] {dag.py:2919} INFO - Setting next_dagrun for Collect_Data_Dag to 2022-05-12T18:00:00+00:00, run_after=2022-05-13T18:00:00+00:00
[2022-05-13 10:57:17,121] {processor.py:161} INFO - Processing /opt/airflow/dags/collect_data_dag.py took 0.054 seconds
[2022-05-13 10:57:45,799] {processor.py:153} INFO - Started process (PID=1493) to work on /opt/airflow/dags/collect_data_dag.py
[2022-05-13 10:57:45,801] {processor.py:641} INFO - Processing file /opt/airflow/dags/collect_data_dag.py for tasks to queue
[2022-05-13 10:57:45,803] {logging_mixin.py:115} INFO - [2022-05-13 10:57:45,803] {dagbag.py:507} INFO - Filling up the DagBag from /opt/airflow/dags/collect_data_dag.py
[2022-05-13 10:57:45,846] {processor.py:651} INFO - DAG(s) dict_keys(['Collect_Data_Dag']) retrieved from /opt/airflow/dags/collect_data_dag.py
[2022-05-13 10:57:45,914] {logging_mixin.py:115} INFO - [2022-05-13 10:57:45,914] {dag.py:2371} INFO - Sync 1 DAGs
[2022-05-13 10:57:45,932] {logging_mixin.py:115} INFO - [2022-05-13 10:57:45,932] {dag.py:2919} INFO - Setting next_dagrun for Collect_Data_Dag to 2022-05-12T18:00:00+00:00, run_after=2022-05-13T18:00:00+00:00
[2022-05-13 10:57:45,948] {processor.py:161} INFO - Processing /opt/airflow/dags/collect_data_dag.py took 0.153 seconds
[2022-05-13 10:58:16,821] {processor.py:153} INFO - Started process (PID=1723) to work on /opt/airflow/dags/collect_data_dag.py
[2022-05-13 10:58:16,823] {processor.py:641} INFO - Processing file /opt/airflow/dags/collect_data_dag.py for tasks to queue
[2022-05-13 10:58:16,825] {logging_mixin.py:115} INFO - [2022-05-13 10:58:16,824] {dagbag.py:507} INFO - Filling up the DagBag from /opt/airflow/dags/collect_data_dag.py
[2022-05-13 10:58:16,840] {processor.py:651} INFO - DAG(s) dict_keys(['Collect_Data_Dag']) retrieved from /opt/airflow/dags/collect_data_dag.py
[2022-05-13 10:58:16,863] {logging_mixin.py:115} INFO - [2022-05-13 10:58:16,862] {dag.py:2371} INFO - Sync 1 DAGs
[2022-05-13 10:58:16,881] {logging_mixin.py:115} INFO - [2022-05-13 10:58:16,881] {dag.py:2919} INFO - Setting next_dagrun for Collect_Data_Dag to 2022-05-12T18:00:00+00:00, run_after=2022-05-13T18:00:00+00:00
[2022-05-13 10:58:16,890] {processor.py:161} INFO - Processing /opt/airflow/dags/collect_data_dag.py took 0.075 seconds
[2022-05-13 10:58:47,706] {processor.py:153} INFO - Started process (PID=1944) to work on /opt/airflow/dags/collect_data_dag.py
[2022-05-13 10:58:47,708] {processor.py:641} INFO - Processing file /opt/airflow/dags/collect_data_dag.py for tasks to queue
[2022-05-13 10:58:47,709] {logging_mixin.py:115} INFO - [2022-05-13 10:58:47,709] {dagbag.py:507} INFO - Filling up the DagBag from /opt/airflow/dags/collect_data_dag.py
[2022-05-13 10:58:47,728] {processor.py:651} INFO - DAG(s) dict_keys(['Collect_Data_Dag']) retrieved from /opt/airflow/dags/collect_data_dag.py
[2022-05-13 10:58:47,746] {logging_mixin.py:115} INFO - [2022-05-13 10:58:47,746] {dag.py:2371} INFO - Sync 1 DAGs
[2022-05-13 10:58:47,760] {logging_mixin.py:115} INFO - [2022-05-13 10:58:47,760] {dag.py:2919} INFO - Setting next_dagrun for Collect_Data_Dag to 2022-05-12T18:00:00+00:00, run_after=2022-05-13T18:00:00+00:00
[2022-05-13 10:58:47,768] {processor.py:161} INFO - Processing /opt/airflow/dags/collect_data_dag.py took 0.065 seconds
[2022-05-13 10:59:18,527] {processor.py:153} INFO - Started process (PID=2164) to work on /opt/airflow/dags/collect_data_dag.py
[2022-05-13 10:59:18,530] {processor.py:641} INFO - Processing file /opt/airflow/dags/collect_data_dag.py for tasks to queue
[2022-05-13 10:59:18,532] {logging_mixin.py:115} INFO - [2022-05-13 10:59:18,531] {dagbag.py:507} INFO - Filling up the DagBag from /opt/airflow/dags/collect_data_dag.py
[2022-05-13 10:59:18,550] {processor.py:651} INFO - DAG(s) dict_keys(['Collect_Data_Dag']) retrieved from /opt/airflow/dags/collect_data_dag.py
[2022-05-13 10:59:18,586] {logging_mixin.py:115} INFO - [2022-05-13 10:59:18,586] {dag.py:2371} INFO - Sync 1 DAGs
[2022-05-13 10:59:18,626] {logging_mixin.py:115} INFO - [2022-05-13 10:59:18,625] {dag.py:2919} INFO - Setting next_dagrun for Collect_Data_Dag to 2022-05-12T18:00:00+00:00, run_after=2022-05-13T18:00:00+00:00
[2022-05-13 10:59:18,637] {processor.py:161} INFO - Processing /opt/airflow/dags/collect_data_dag.py took 0.111 seconds
[2022-05-13 10:59:38,418] {processor.py:153} INFO - Started process (PID=2364) to work on /opt/airflow/dags/collect_data_dag.py
[2022-05-13 10:59:38,421] {processor.py:641} INFO - Processing file /opt/airflow/dags/collect_data_dag.py for tasks to queue
[2022-05-13 10:59:38,422] {logging_mixin.py:115} INFO - [2022-05-13 10:59:38,422] {dagbag.py:507} INFO - Filling up the DagBag from /opt/airflow/dags/collect_data_dag.py
[2022-05-13 10:59:38,455] {processor.py:651} INFO - DAG(s) dict_keys(['Collect_Data_Dag']) retrieved from /opt/airflow/dags/collect_data_dag.py
[2022-05-13 10:59:38,506] {logging_mixin.py:115} INFO - [2022-05-13 10:59:38,506] {dag.py:2371} INFO - Sync 1 DAGs
[2022-05-13 10:59:38,520] {logging_mixin.py:115} INFO - [2022-05-13 10:59:38,520] {dag.py:2919} INFO - Setting next_dagrun for Collect_Data_Dag to 2022-05-12T18:00:00+00:00, run_after=2022-05-13T18:00:00+00:00
[2022-05-13 10:59:38,530] {processor.py:161} INFO - Processing /opt/airflow/dags/collect_data_dag.py took 0.123 seconds
