[2022-05-13 03:38:56,584] {processor.py:153} INFO - Started process (PID=169) to work on /opt/airflow/dags/live_stream_dag.py
[2022-05-13 03:38:56,586] {processor.py:641} INFO - Processing file /opt/airflow/dags/live_stream_dag.py for tasks to queue
[2022-05-13 03:38:56,587] {logging_mixin.py:115} INFO - [2022-05-13 03:38:56,587] {dagbag.py:507} INFO - Filling up the DagBag from /opt/airflow/dags/live_stream_dag.py
[2022-05-13 03:38:56,625] {processor.py:651} INFO - DAG(s) dict_keys(['live_stream_Dag']) retrieved from /opt/airflow/dags/live_stream_dag.py
[2022-05-13 03:38:56,677] {logging_mixin.py:115} INFO - [2022-05-13 03:38:56,677] {dag.py:2371} INFO - Sync 1 DAGs
[2022-05-13 03:38:56,706] {logging_mixin.py:115} INFO - [2022-05-13 03:38:56,706] {dag.py:2919} INFO - Setting next_dagrun for live_stream_Dag to 2022-05-12T18:00:00+00:00, run_after=2022-05-13T18:00:00+00:00
[2022-05-13 03:38:56,724] {processor.py:161} INFO - Processing /opt/airflow/dags/live_stream_dag.py took 0.149 seconds
[2022-05-13 03:39:27,575] {processor.py:153} INFO - Started process (PID=453) to work on /opt/airflow/dags/live_stream_dag.py
[2022-05-13 03:39:27,577] {processor.py:641} INFO - Processing file /opt/airflow/dags/live_stream_dag.py for tasks to queue
[2022-05-13 03:39:27,578] {logging_mixin.py:115} INFO - [2022-05-13 03:39:27,578] {dagbag.py:507} INFO - Filling up the DagBag from /opt/airflow/dags/live_stream_dag.py
[2022-05-13 03:39:27,618] {processor.py:651} INFO - DAG(s) dict_keys(['live_stream_Dag']) retrieved from /opt/airflow/dags/live_stream_dag.py
[2022-05-13 03:39:27,643] {logging_mixin.py:115} INFO - [2022-05-13 03:39:27,643] {dag.py:2371} INFO - Sync 1 DAGs
[2022-05-13 03:39:27,659] {logging_mixin.py:115} INFO - [2022-05-13 03:39:27,659] {dag.py:2919} INFO - Setting next_dagrun for live_stream_Dag to 2022-05-12T18:00:00+00:00, run_after=2022-05-13T18:00:00+00:00
[2022-05-13 03:39:27,667] {processor.py:161} INFO - Processing /opt/airflow/dags/live_stream_dag.py took 0.100 seconds
[2022-05-13 03:39:57,716] {processor.py:153} INFO - Started process (PID=840) to work on /opt/airflow/dags/live_stream_dag.py
[2022-05-13 03:39:57,717] {processor.py:641} INFO - Processing file /opt/airflow/dags/live_stream_dag.py for tasks to queue
[2022-05-13 03:39:57,719] {logging_mixin.py:115} INFO - [2022-05-13 03:39:57,719] {dagbag.py:507} INFO - Filling up the DagBag from /opt/airflow/dags/live_stream_dag.py
[2022-05-13 03:39:57,788] {processor.py:651} INFO - DAG(s) dict_keys(['live_stream_Dag']) retrieved from /opt/airflow/dags/live_stream_dag.py
[2022-05-13 03:39:57,846] {logging_mixin.py:115} INFO - [2022-05-13 03:39:57,846] {dag.py:2371} INFO - Sync 1 DAGs
[2022-05-13 03:39:57,888] {logging_mixin.py:115} INFO - [2022-05-13 03:39:57,888] {dag.py:2919} INFO - Setting next_dagrun for live_stream_Dag to 2022-05-12T18:00:00+00:00, run_after=2022-05-13T18:00:00+00:00
[2022-05-13 03:39:57,900] {processor.py:161} INFO - Processing /opt/airflow/dags/live_stream_dag.py took 0.188 seconds
[2022-05-13 03:40:28,542] {processor.py:153} INFO - Started process (PID=1060) to work on /opt/airflow/dags/live_stream_dag.py
[2022-05-13 03:40:28,544] {processor.py:641} INFO - Processing file /opt/airflow/dags/live_stream_dag.py for tasks to queue
[2022-05-13 03:40:28,546] {logging_mixin.py:115} INFO - [2022-05-13 03:40:28,546] {dagbag.py:507} INFO - Filling up the DagBag from /opt/airflow/dags/live_stream_dag.py
[2022-05-13 03:40:28,594] {processor.py:651} INFO - DAG(s) dict_keys(['live_stream_Dag']) retrieved from /opt/airflow/dags/live_stream_dag.py
[2022-05-13 03:40:28,641] {logging_mixin.py:115} INFO - [2022-05-13 03:40:28,641] {dag.py:2371} INFO - Sync 1 DAGs
[2022-05-13 03:40:28,675] {logging_mixin.py:115} INFO - [2022-05-13 03:40:28,674] {dag.py:2919} INFO - Setting next_dagrun for live_stream_Dag to 2022-05-12T18:00:00+00:00, run_after=2022-05-13T18:00:00+00:00
[2022-05-13 03:40:28,687] {processor.py:161} INFO - Processing /opt/airflow/dags/live_stream_dag.py took 0.148 seconds
[2022-05-13 03:40:58,810] {processor.py:153} INFO - Started process (PID=1484) to work on /opt/airflow/dags/live_stream_dag.py
[2022-05-13 03:40:58,812] {processor.py:641} INFO - Processing file /opt/airflow/dags/live_stream_dag.py for tasks to queue
[2022-05-13 03:40:58,813] {logging_mixin.py:115} INFO - [2022-05-13 03:40:58,813] {dagbag.py:507} INFO - Filling up the DagBag from /opt/airflow/dags/live_stream_dag.py
[2022-05-13 03:40:58,889] {processor.py:651} INFO - DAG(s) dict_keys(['live_stream_Dag']) retrieved from /opt/airflow/dags/live_stream_dag.py
[2022-05-13 03:40:58,952] {logging_mixin.py:115} INFO - [2022-05-13 03:40:58,952] {dag.py:2371} INFO - Sync 1 DAGs
[2022-05-13 03:40:59,000] {logging_mixin.py:115} INFO - [2022-05-13 03:40:59,000] {dag.py:2919} INFO - Setting next_dagrun for live_stream_Dag to 2022-05-12T18:00:00+00:00, run_after=2022-05-13T18:00:00+00:00
[2022-05-13 03:40:59,029] {processor.py:161} INFO - Processing /opt/airflow/dags/live_stream_dag.py took 0.225 seconds
[2022-05-13 03:41:29,205] {processor.py:153} INFO - Started process (PID=1706) to work on /opt/airflow/dags/live_stream_dag.py
[2022-05-13 03:41:29,206] {processor.py:641} INFO - Processing file /opt/airflow/dags/live_stream_dag.py for tasks to queue
[2022-05-13 03:41:29,207] {logging_mixin.py:115} INFO - [2022-05-13 03:41:29,206] {dagbag.py:507} INFO - Filling up the DagBag from /opt/airflow/dags/live_stream_dag.py
[2022-05-13 03:41:29,227] {processor.py:651} INFO - DAG(s) dict_keys(['live_stream_Dag']) retrieved from /opt/airflow/dags/live_stream_dag.py
[2022-05-13 03:41:29,243] {logging_mixin.py:115} INFO - [2022-05-13 03:41:29,243] {dag.py:2371} INFO - Sync 1 DAGs
[2022-05-13 03:41:29,257] {logging_mixin.py:115} INFO - [2022-05-13 03:41:29,257] {dag.py:2919} INFO - Setting next_dagrun for live_stream_Dag to 2022-05-12T18:00:00+00:00, run_after=2022-05-13T18:00:00+00:00
[2022-05-13 03:41:29,264] {processor.py:161} INFO - Processing /opt/airflow/dags/live_stream_dag.py took 0.062 seconds
[2022-05-13 03:42:00,183] {processor.py:153} INFO - Started process (PID=1937) to work on /opt/airflow/dags/live_stream_dag.py
[2022-05-13 03:42:00,185] {processor.py:641} INFO - Processing file /opt/airflow/dags/live_stream_dag.py for tasks to queue
[2022-05-13 03:42:00,187] {logging_mixin.py:115} INFO - [2022-05-13 03:42:00,187] {dagbag.py:507} INFO - Filling up the DagBag from /opt/airflow/dags/live_stream_dag.py
[2022-05-13 03:42:00,223] {processor.py:651} INFO - DAG(s) dict_keys(['live_stream_Dag']) retrieved from /opt/airflow/dags/live_stream_dag.py
[2022-05-13 03:42:00,252] {logging_mixin.py:115} INFO - [2022-05-13 03:42:00,251] {dag.py:2371} INFO - Sync 1 DAGs
[2022-05-13 03:42:00,269] {logging_mixin.py:115} INFO - [2022-05-13 03:42:00,269] {dag.py:2919} INFO - Setting next_dagrun for live_stream_Dag to 2022-05-12T18:00:00+00:00, run_after=2022-05-13T18:00:00+00:00
[2022-05-13 03:42:00,277] {processor.py:161} INFO - Processing /opt/airflow/dags/live_stream_dag.py took 0.104 seconds
[2022-05-13 03:42:31,194] {processor.py:153} INFO - Started process (PID=2152) to work on /opt/airflow/dags/live_stream_dag.py
[2022-05-13 03:42:31,196] {processor.py:641} INFO - Processing file /opt/airflow/dags/live_stream_dag.py for tasks to queue
[2022-05-13 03:42:31,198] {logging_mixin.py:115} INFO - [2022-05-13 03:42:31,198] {dagbag.py:507} INFO - Filling up the DagBag from /opt/airflow/dags/live_stream_dag.py
[2022-05-13 03:42:31,224] {processor.py:651} INFO - DAG(s) dict_keys(['live_stream_Dag']) retrieved from /opt/airflow/dags/live_stream_dag.py
[2022-05-13 03:42:31,254] {logging_mixin.py:115} INFO - [2022-05-13 03:42:31,254] {dag.py:2371} INFO - Sync 1 DAGs
[2022-05-13 03:42:31,274] {logging_mixin.py:115} INFO - [2022-05-13 03:42:31,274] {dag.py:2919} INFO - Setting next_dagrun for live_stream_Dag to 2022-05-12T18:00:00+00:00, run_after=2022-05-13T18:00:00+00:00
[2022-05-13 03:42:31,284] {processor.py:161} INFO - Processing /opt/airflow/dags/live_stream_dag.py took 0.096 seconds
[2022-05-13 03:43:01,994] {processor.py:153} INFO - Started process (PID=2371) to work on /opt/airflow/dags/live_stream_dag.py
[2022-05-13 03:43:02,002] {processor.py:641} INFO - Processing file /opt/airflow/dags/live_stream_dag.py for tasks to queue
[2022-05-13 03:43:02,012] {logging_mixin.py:115} INFO - [2022-05-13 03:43:02,012] {dagbag.py:507} INFO - Filling up the DagBag from /opt/airflow/dags/live_stream_dag.py
[2022-05-13 03:43:02,134] {processor.py:651} INFO - DAG(s) dict_keys(['live_stream_Dag']) retrieved from /opt/airflow/dags/live_stream_dag.py
[2022-05-13 03:43:02,269] {logging_mixin.py:115} INFO - [2022-05-13 03:43:02,269] {dag.py:2371} INFO - Sync 1 DAGs
[2022-05-13 03:43:02,368] {logging_mixin.py:115} INFO - [2022-05-13 03:43:02,367] {dag.py:2919} INFO - Setting next_dagrun for live_stream_Dag to 2022-05-12T18:00:00+00:00, run_after=2022-05-13T18:00:00+00:00
[2022-05-13 03:43:02,423] {processor.py:161} INFO - Processing /opt/airflow/dags/live_stream_dag.py took 0.451 seconds
