[2022-05-13 03:38:56,771] {processor.py:153} INFO - Started process (PID=179) to work on /opt/airflow/dags/stop_live_stream_dags.py
[2022-05-13 03:38:56,772] {processor.py:641} INFO - Processing file /opt/airflow/dags/stop_live_stream_dags.py for tasks to queue
[2022-05-13 03:38:56,774] {logging_mixin.py:115} INFO - [2022-05-13 03:38:56,774] {dagbag.py:507} INFO - Filling up the DagBag from /opt/airflow/dags/stop_live_stream_dags.py
[2022-05-13 03:38:56,805] {processor.py:651} INFO - DAG(s) dict_keys(['stop_live_stream_Dag']) retrieved from /opt/airflow/dags/stop_live_stream_dags.py
[2022-05-13 03:38:56,829] {logging_mixin.py:115} INFO - [2022-05-13 03:38:56,829] {dag.py:2371} INFO - Sync 1 DAGs
[2022-05-13 03:38:56,947] {logging_mixin.py:115} INFO - [2022-05-13 03:38:56,947] {dag.py:2919} INFO - Setting next_dagrun for stop_live_stream_Dag to 2022-05-12T18:00:00+00:00, run_after=2022-05-13T18:00:00+00:00
[2022-05-13 03:38:56,971] {processor.py:161} INFO - Processing /opt/airflow/dags/stop_live_stream_dags.py took 0.203 seconds
[2022-05-13 03:39:27,687] {processor.py:153} INFO - Started process (PID=463) to work on /opt/airflow/dags/stop_live_stream_dags.py
[2022-05-13 03:39:27,692] {processor.py:641} INFO - Processing file /opt/airflow/dags/stop_live_stream_dags.py for tasks to queue
[2022-05-13 03:39:27,695] {logging_mixin.py:115} INFO - [2022-05-13 03:39:27,695] {dagbag.py:507} INFO - Filling up the DagBag from /opt/airflow/dags/stop_live_stream_dags.py
[2022-05-13 03:39:27,714] {processor.py:651} INFO - DAG(s) dict_keys(['stop_live_stream_Dag']) retrieved from /opt/airflow/dags/stop_live_stream_dags.py
[2022-05-13 03:39:27,744] {logging_mixin.py:115} INFO - [2022-05-13 03:39:27,744] {dag.py:2371} INFO - Sync 1 DAGs
[2022-05-13 03:39:27,774] {logging_mixin.py:115} INFO - [2022-05-13 03:39:27,774] {dag.py:2919} INFO - Setting next_dagrun for stop_live_stream_Dag to 2022-05-12T18:00:00+00:00, run_after=2022-05-13T18:00:00+00:00
[2022-05-13 03:39:27,786] {processor.py:161} INFO - Processing /opt/airflow/dags/stop_live_stream_dags.py took 0.100 seconds
[2022-05-13 03:39:57,925] {processor.py:153} INFO - Started process (PID=850) to work on /opt/airflow/dags/stop_live_stream_dags.py
[2022-05-13 03:39:57,928] {processor.py:641} INFO - Processing file /opt/airflow/dags/stop_live_stream_dags.py for tasks to queue
[2022-05-13 03:39:57,929] {logging_mixin.py:115} INFO - [2022-05-13 03:39:57,929] {dagbag.py:507} INFO - Filling up the DagBag from /opt/airflow/dags/stop_live_stream_dags.py
[2022-05-13 03:39:57,952] {processor.py:651} INFO - DAG(s) dict_keys(['stop_live_stream_Dag']) retrieved from /opt/airflow/dags/stop_live_stream_dags.py
[2022-05-13 03:39:57,968] {logging_mixin.py:115} INFO - [2022-05-13 03:39:57,968] {dag.py:2371} INFO - Sync 1 DAGs
[2022-05-13 03:39:57,982] {logging_mixin.py:115} INFO - [2022-05-13 03:39:57,982] {dag.py:2919} INFO - Setting next_dagrun for stop_live_stream_Dag to 2022-05-12T18:00:00+00:00, run_after=2022-05-13T18:00:00+00:00
[2022-05-13 03:39:57,990] {processor.py:161} INFO - Processing /opt/airflow/dags/stop_live_stream_dags.py took 0.067 seconds
[2022-05-13 03:40:28,726] {processor.py:153} INFO - Started process (PID=1070) to work on /opt/airflow/dags/stop_live_stream_dags.py
[2022-05-13 03:40:28,729] {processor.py:641} INFO - Processing file /opt/airflow/dags/stop_live_stream_dags.py for tasks to queue
[2022-05-13 03:40:28,731] {logging_mixin.py:115} INFO - [2022-05-13 03:40:28,730] {dagbag.py:507} INFO - Filling up the DagBag from /opt/airflow/dags/stop_live_stream_dags.py
[2022-05-13 03:40:28,794] {processor.py:651} INFO - DAG(s) dict_keys(['stop_live_stream_Dag']) retrieved from /opt/airflow/dags/stop_live_stream_dags.py
[2022-05-13 03:40:28,837] {logging_mixin.py:115} INFO - [2022-05-13 03:40:28,836] {dag.py:2371} INFO - Sync 1 DAGs
[2022-05-13 03:40:28,854] {logging_mixin.py:115} INFO - [2022-05-13 03:40:28,854] {dag.py:2919} INFO - Setting next_dagrun for stop_live_stream_Dag to 2022-05-12T18:00:00+00:00, run_after=2022-05-13T18:00:00+00:00
[2022-05-13 03:40:28,867] {processor.py:161} INFO - Processing /opt/airflow/dags/stop_live_stream_dags.py took 0.143 seconds
[2022-05-13 03:40:59,061] {processor.py:153} INFO - Started process (PID=1494) to work on /opt/airflow/dags/stop_live_stream_dags.py
[2022-05-13 03:40:59,064] {processor.py:641} INFO - Processing file /opt/airflow/dags/stop_live_stream_dags.py for tasks to queue
[2022-05-13 03:40:59,066] {logging_mixin.py:115} INFO - [2022-05-13 03:40:59,066] {dagbag.py:507} INFO - Filling up the DagBag from /opt/airflow/dags/stop_live_stream_dags.py
[2022-05-13 03:40:59,089] {processor.py:651} INFO - DAG(s) dict_keys(['stop_live_stream_Dag']) retrieved from /opt/airflow/dags/stop_live_stream_dags.py
[2022-05-13 03:40:59,111] {logging_mixin.py:115} INFO - [2022-05-13 03:40:59,111] {dag.py:2371} INFO - Sync 1 DAGs
[2022-05-13 03:40:59,128] {logging_mixin.py:115} INFO - [2022-05-13 03:40:59,128] {dag.py:2919} INFO - Setting next_dagrun for stop_live_stream_Dag to 2022-05-12T18:00:00+00:00, run_after=2022-05-13T18:00:00+00:00
[2022-05-13 03:40:59,137] {processor.py:161} INFO - Processing /opt/airflow/dags/stop_live_stream_dags.py took 0.079 seconds
[2022-05-13 03:41:29,206] {processor.py:153} INFO - Started process (PID=1709) to work on /opt/airflow/dags/stop_live_stream_dags.py
[2022-05-13 03:41:29,208] {processor.py:641} INFO - Processing file /opt/airflow/dags/stop_live_stream_dags.py for tasks to queue
[2022-05-13 03:41:29,209] {logging_mixin.py:115} INFO - [2022-05-13 03:41:29,209] {dagbag.py:507} INFO - Filling up the DagBag from /opt/airflow/dags/stop_live_stream_dags.py
[2022-05-13 03:41:29,227] {processor.py:651} INFO - DAG(s) dict_keys(['stop_live_stream_Dag']) retrieved from /opt/airflow/dags/stop_live_stream_dags.py
[2022-05-13 03:41:29,243] {logging_mixin.py:115} INFO - [2022-05-13 03:41:29,243] {dag.py:2371} INFO - Sync 1 DAGs
[2022-05-13 03:41:29,257] {logging_mixin.py:115} INFO - [2022-05-13 03:41:29,257] {dag.py:2919} INFO - Setting next_dagrun for stop_live_stream_Dag to 2022-05-12T18:00:00+00:00, run_after=2022-05-13T18:00:00+00:00
[2022-05-13 03:41:29,264] {processor.py:161} INFO - Processing /opt/airflow/dags/stop_live_stream_dags.py took 0.060 seconds
[2022-05-13 03:42:00,301] {processor.py:153} INFO - Started process (PID=1947) to work on /opt/airflow/dags/stop_live_stream_dags.py
[2022-05-13 03:42:00,302] {processor.py:641} INFO - Processing file /opt/airflow/dags/stop_live_stream_dags.py for tasks to queue
[2022-05-13 03:42:00,304] {logging_mixin.py:115} INFO - [2022-05-13 03:42:00,304] {dagbag.py:507} INFO - Filling up the DagBag from /opt/airflow/dags/stop_live_stream_dags.py
[2022-05-13 03:42:00,328] {processor.py:651} INFO - DAG(s) dict_keys(['stop_live_stream_Dag']) retrieved from /opt/airflow/dags/stop_live_stream_dags.py
[2022-05-13 03:42:00,344] {logging_mixin.py:115} INFO - [2022-05-13 03:42:00,344] {dag.py:2371} INFO - Sync 1 DAGs
[2022-05-13 03:42:00,357] {logging_mixin.py:115} INFO - [2022-05-13 03:42:00,357] {dag.py:2919} INFO - Setting next_dagrun for stop_live_stream_Dag to 2022-05-12T18:00:00+00:00, run_after=2022-05-13T18:00:00+00:00
[2022-05-13 03:42:00,364] {processor.py:161} INFO - Processing /opt/airflow/dags/stop_live_stream_dags.py took 0.065 seconds
[2022-05-13 03:42:31,313] {processor.py:153} INFO - Started process (PID=2162) to work on /opt/airflow/dags/stop_live_stream_dags.py
[2022-05-13 03:42:31,314] {processor.py:641} INFO - Processing file /opt/airflow/dags/stop_live_stream_dags.py for tasks to queue
[2022-05-13 03:42:31,316] {logging_mixin.py:115} INFO - [2022-05-13 03:42:31,316] {dagbag.py:507} INFO - Filling up the DagBag from /opt/airflow/dags/stop_live_stream_dags.py
[2022-05-13 03:42:31,335] {processor.py:651} INFO - DAG(s) dict_keys(['stop_live_stream_Dag']) retrieved from /opt/airflow/dags/stop_live_stream_dags.py
[2022-05-13 03:42:31,357] {logging_mixin.py:115} INFO - [2022-05-13 03:42:31,357] {dag.py:2371} INFO - Sync 1 DAGs
[2022-05-13 03:42:31,373] {logging_mixin.py:115} INFO - [2022-05-13 03:42:31,373] {dag.py:2919} INFO - Setting next_dagrun for stop_live_stream_Dag to 2022-05-12T18:00:00+00:00, run_after=2022-05-13T18:00:00+00:00
[2022-05-13 03:42:31,386] {processor.py:161} INFO - Processing /opt/airflow/dags/stop_live_stream_dags.py took 0.075 seconds
[2022-05-13 03:43:02,506] {processor.py:153} INFO - Started process (PID=2384) to work on /opt/airflow/dags/stop_live_stream_dags.py
[2022-05-13 03:43:02,512] {processor.py:641} INFO - Processing file /opt/airflow/dags/stop_live_stream_dags.py for tasks to queue
[2022-05-13 03:43:02,517] {logging_mixin.py:115} INFO - [2022-05-13 03:43:02,517] {dagbag.py:507} INFO - Filling up the DagBag from /opt/airflow/dags/stop_live_stream_dags.py
[2022-05-13 03:43:02,603] {processor.py:651} INFO - DAG(s) dict_keys(['stop_live_stream_Dag']) retrieved from /opt/airflow/dags/stop_live_stream_dags.py
[2022-05-13 03:43:02,693] {logging_mixin.py:115} INFO - [2022-05-13 03:43:02,692] {dag.py:2371} INFO - Sync 1 DAGs
[2022-05-13 03:43:03,632] {logging_mixin.py:115} INFO - [2022-05-13 03:43:03,632] {process_utils.py:240} INFO - Waiting up to 5 seconds for processes to exit...
[2022-05-13 03:59:29,910] {processor.py:153} INFO - Started process (PID=177) to work on /opt/airflow/dags/stop_live_stream_dags.py
[2022-05-13 03:59:29,929] {processor.py:641} INFO - Processing file /opt/airflow/dags/stop_live_stream_dags.py for tasks to queue
[2022-05-13 03:59:29,930] {logging_mixin.py:115} INFO - [2022-05-13 03:59:29,930] {dagbag.py:507} INFO - Filling up the DagBag from /opt/airflow/dags/stop_live_stream_dags.py
[2022-05-13 03:59:29,953] {processor.py:651} INFO - DAG(s) dict_keys(['stop_live_stream_Dag']) retrieved from /opt/airflow/dags/stop_live_stream_dags.py
[2022-05-13 03:59:29,972] {logging_mixin.py:115} INFO - [2022-05-13 03:59:29,972] {dag.py:2371} INFO - Sync 1 DAGs
[2022-05-13 03:59:29,989] {logging_mixin.py:115} INFO - [2022-05-13 03:59:29,989] {dag.py:2919} INFO - Setting next_dagrun for stop_live_stream_Dag to 2022-05-12T18:00:00+00:00, run_after=2022-05-13T18:00:00+00:00
[2022-05-13 03:59:30,003] {processor.py:161} INFO - Processing /opt/airflow/dags/stop_live_stream_dags.py took 0.096 seconds
[2022-05-13 04:00:01,083] {processor.py:153} INFO - Started process (PID=394) to work on /opt/airflow/dags/stop_live_stream_dags.py
[2022-05-13 04:00:01,085] {processor.py:641} INFO - Processing file /opt/airflow/dags/stop_live_stream_dags.py for tasks to queue
[2022-05-13 04:00:01,087] {logging_mixin.py:115} INFO - [2022-05-13 04:00:01,087] {dagbag.py:507} INFO - Filling up the DagBag from /opt/airflow/dags/stop_live_stream_dags.py
[2022-05-13 04:00:01,102] {processor.py:651} INFO - DAG(s) dict_keys(['stop_live_stream_Dag']) retrieved from /opt/airflow/dags/stop_live_stream_dags.py
[2022-05-13 04:00:01,118] {logging_mixin.py:115} INFO - [2022-05-13 04:00:01,118] {dag.py:2371} INFO - Sync 1 DAGs
[2022-05-13 04:00:01,130] {logging_mixin.py:115} INFO - [2022-05-13 04:00:01,130] {dag.py:2919} INFO - Setting next_dagrun for stop_live_stream_Dag to 2022-05-12T18:00:00+00:00, run_after=2022-05-13T18:00:00+00:00
[2022-05-13 04:00:01,136] {processor.py:161} INFO - Processing /opt/airflow/dags/stop_live_stream_dags.py took 0.055 seconds
[2022-05-13 04:00:31,929] {processor.py:153} INFO - Started process (PID=682) to work on /opt/airflow/dags/stop_live_stream_dags.py
[2022-05-13 04:00:31,930] {processor.py:641} INFO - Processing file /opt/airflow/dags/stop_live_stream_dags.py for tasks to queue
[2022-05-13 04:00:31,931] {logging_mixin.py:115} INFO - [2022-05-13 04:00:31,931] {dagbag.py:507} INFO - Filling up the DagBag from /opt/airflow/dags/stop_live_stream_dags.py
[2022-05-13 04:00:31,946] {processor.py:651} INFO - DAG(s) dict_keys(['stop_live_stream_Dag']) retrieved from /opt/airflow/dags/stop_live_stream_dags.py
[2022-05-13 04:00:31,961] {logging_mixin.py:115} INFO - [2022-05-13 04:00:31,961] {dag.py:2371} INFO - Sync 1 DAGs
[2022-05-13 04:00:31,973] {logging_mixin.py:115} INFO - [2022-05-13 04:00:31,973] {dag.py:2919} INFO - Setting next_dagrun for stop_live_stream_Dag to 2022-05-12T18:00:00+00:00, run_after=2022-05-13T18:00:00+00:00
[2022-05-13 04:00:31,979] {processor.py:161} INFO - Processing /opt/airflow/dags/stop_live_stream_dags.py took 0.052 seconds
[2022-05-13 04:01:02,875] {processor.py:153} INFO - Started process (PID=966) to work on /opt/airflow/dags/stop_live_stream_dags.py
[2022-05-13 04:01:02,876] {processor.py:641} INFO - Processing file /opt/airflow/dags/stop_live_stream_dags.py for tasks to queue
[2022-05-13 04:01:02,876] {logging_mixin.py:115} INFO - [2022-05-13 04:01:02,876] {dagbag.py:507} INFO - Filling up the DagBag from /opt/airflow/dags/stop_live_stream_dags.py
[2022-05-13 04:01:02,894] {processor.py:651} INFO - DAG(s) dict_keys(['stop_live_stream_Dag']) retrieved from /opt/airflow/dags/stop_live_stream_dags.py
[2022-05-13 04:01:02,909] {logging_mixin.py:115} INFO - [2022-05-13 04:01:02,909] {dag.py:2371} INFO - Sync 1 DAGs
[2022-05-13 04:01:02,922] {logging_mixin.py:115} INFO - [2022-05-13 04:01:02,922] {dag.py:2919} INFO - Setting next_dagrun for stop_live_stream_Dag to 2022-05-12T18:00:00+00:00, run_after=2022-05-13T18:00:00+00:00
[2022-05-13 04:01:02,928] {processor.py:161} INFO - Processing /opt/airflow/dags/stop_live_stream_dags.py took 0.056 seconds
[2022-05-13 04:01:33,957] {processor.py:153} INFO - Started process (PID=1616) to work on /opt/airflow/dags/stop_live_stream_dags.py
[2022-05-13 04:01:33,959] {processor.py:641} INFO - Processing file /opt/airflow/dags/stop_live_stream_dags.py for tasks to queue
[2022-05-13 04:01:33,960] {logging_mixin.py:115} INFO - [2022-05-13 04:01:33,960] {dagbag.py:507} INFO - Filling up the DagBag from /opt/airflow/dags/stop_live_stream_dags.py
[2022-05-13 04:01:33,987] {processor.py:651} INFO - DAG(s) dict_keys(['stop_live_stream_Dag']) retrieved from /opt/airflow/dags/stop_live_stream_dags.py
[2022-05-13 04:01:34,006] {logging_mixin.py:115} INFO - [2022-05-13 04:01:34,006] {dag.py:2371} INFO - Sync 1 DAGs
[2022-05-13 04:01:34,021] {logging_mixin.py:115} INFO - [2022-05-13 04:01:34,021] {dag.py:2919} INFO - Setting next_dagrun for stop_live_stream_Dag to 2022-05-12T18:00:00+00:00, run_after=2022-05-13T18:00:00+00:00
[2022-05-13 04:01:34,030] {processor.py:161} INFO - Processing /opt/airflow/dags/stop_live_stream_dags.py took 0.075 seconds
[2022-05-13 04:02:04,236] {processor.py:153} INFO - Started process (PID=1855) to work on /opt/airflow/dags/stop_live_stream_dags.py
[2022-05-13 04:02:04,237] {processor.py:641} INFO - Processing file /opt/airflow/dags/stop_live_stream_dags.py for tasks to queue
[2022-05-13 04:02:04,238] {logging_mixin.py:115} INFO - [2022-05-13 04:02:04,238] {dagbag.py:507} INFO - Filling up the DagBag from /opt/airflow/dags/stop_live_stream_dags.py
[2022-05-13 04:02:04,256] {processor.py:651} INFO - DAG(s) dict_keys(['stop_live_stream_Dag']) retrieved from /opt/airflow/dags/stop_live_stream_dags.py
[2022-05-13 04:02:04,272] {logging_mixin.py:115} INFO - [2022-05-13 04:02:04,272] {dag.py:2371} INFO - Sync 1 DAGs
[2022-05-13 04:02:04,284] {logging_mixin.py:115} INFO - [2022-05-13 04:02:04,283] {dag.py:2919} INFO - Setting next_dagrun for stop_live_stream_Dag to 2022-05-12T18:00:00+00:00, run_after=2022-05-13T18:00:00+00:00
[2022-05-13 04:02:04,290] {processor.py:161} INFO - Processing /opt/airflow/dags/stop_live_stream_dags.py took 0.056 seconds
[2022-05-13 04:02:35,315] {processor.py:153} INFO - Started process (PID=2102) to work on /opt/airflow/dags/stop_live_stream_dags.py
[2022-05-13 04:02:35,316] {processor.py:641} INFO - Processing file /opt/airflow/dags/stop_live_stream_dags.py for tasks to queue
[2022-05-13 04:02:35,316] {logging_mixin.py:115} INFO - [2022-05-13 04:02:35,316] {dagbag.py:507} INFO - Filling up the DagBag from /opt/airflow/dags/stop_live_stream_dags.py
[2022-05-13 04:02:35,354] {processor.py:651} INFO - DAG(s) dict_keys(['stop_live_stream_Dag']) retrieved from /opt/airflow/dags/stop_live_stream_dags.py
[2022-05-13 04:02:35,376] {logging_mixin.py:115} INFO - [2022-05-13 04:02:35,376] {dag.py:2371} INFO - Sync 1 DAGs
[2022-05-13 04:02:35,391] {logging_mixin.py:115} INFO - [2022-05-13 04:02:35,391] {dag.py:2919} INFO - Setting next_dagrun for stop_live_stream_Dag to 2022-05-12T18:00:00+00:00, run_after=2022-05-13T18:00:00+00:00
[2022-05-13 04:02:35,399] {processor.py:161} INFO - Processing /opt/airflow/dags/stop_live_stream_dags.py took 0.086 seconds
[2022-05-13 04:03:05,895] {processor.py:153} INFO - Started process (PID=2510) to work on /opt/airflow/dags/stop_live_stream_dags.py
[2022-05-13 04:03:05,896] {processor.py:641} INFO - Processing file /opt/airflow/dags/stop_live_stream_dags.py for tasks to queue
[2022-05-13 04:03:05,897] {logging_mixin.py:115} INFO - [2022-05-13 04:03:05,897] {dagbag.py:507} INFO - Filling up the DagBag from /opt/airflow/dags/stop_live_stream_dags.py
[2022-05-13 04:03:05,912] {processor.py:651} INFO - DAG(s) dict_keys(['stop_live_stream_Dag']) retrieved from /opt/airflow/dags/stop_live_stream_dags.py
[2022-05-13 04:03:05,929] {logging_mixin.py:115} INFO - [2022-05-13 04:03:05,929] {dag.py:2371} INFO - Sync 1 DAGs
[2022-05-13 04:03:05,942] {logging_mixin.py:115} INFO - [2022-05-13 04:03:05,942] {dag.py:2919} INFO - Setting next_dagrun for stop_live_stream_Dag to 2022-05-12T18:00:00+00:00, run_after=2022-05-13T18:00:00+00:00
[2022-05-13 04:03:05,949] {processor.py:161} INFO - Processing /opt/airflow/dags/stop_live_stream_dags.py took 0.056 seconds
[2022-05-13 04:03:37,032] {processor.py:153} INFO - Started process (PID=2748) to work on /opt/airflow/dags/stop_live_stream_dags.py
[2022-05-13 04:03:37,033] {processor.py:641} INFO - Processing file /opt/airflow/dags/stop_live_stream_dags.py for tasks to queue
[2022-05-13 04:03:37,034] {logging_mixin.py:115} INFO - [2022-05-13 04:03:37,034] {dagbag.py:507} INFO - Filling up the DagBag from /opt/airflow/dags/stop_live_stream_dags.py
[2022-05-13 04:03:37,050] {processor.py:651} INFO - DAG(s) dict_keys(['stop_live_stream_Dag']) retrieved from /opt/airflow/dags/stop_live_stream_dags.py
[2022-05-13 04:03:37,066] {logging_mixin.py:115} INFO - [2022-05-13 04:03:37,066] {dag.py:2371} INFO - Sync 1 DAGs
[2022-05-13 04:03:37,079] {logging_mixin.py:115} INFO - [2022-05-13 04:03:37,079] {dag.py:2919} INFO - Setting next_dagrun for stop_live_stream_Dag to 2022-05-12T18:00:00+00:00, run_after=2022-05-13T18:00:00+00:00
[2022-05-13 04:03:37,086] {processor.py:161} INFO - Processing /opt/airflow/dags/stop_live_stream_dags.py took 0.056 seconds
[2022-05-13 06:14:11,878] {processor.py:153} INFO - Started process (PID=175) to work on /opt/airflow/dags/stop_live_stream_dags.py
[2022-05-13 06:14:11,880] {processor.py:641} INFO - Processing file /opt/airflow/dags/stop_live_stream_dags.py for tasks to queue
[2022-05-13 06:14:11,881] {logging_mixin.py:115} INFO - [2022-05-13 06:14:11,881] {dagbag.py:507} INFO - Filling up the DagBag from /opt/airflow/dags/stop_live_stream_dags.py
[2022-05-13 06:14:11,896] {processor.py:651} INFO - DAG(s) dict_keys(['stop_live_stream_Dag']) retrieved from /opt/airflow/dags/stop_live_stream_dags.py
[2022-05-13 06:14:11,911] {logging_mixin.py:115} INFO - [2022-05-13 06:14:11,911] {dag.py:2371} INFO - Sync 1 DAGs
[2022-05-13 06:14:11,924] {logging_mixin.py:115} INFO - [2022-05-13 06:14:11,924] {dag.py:2919} INFO - Setting next_dagrun for stop_live_stream_Dag to 2022-05-12T18:00:00+00:00, run_after=2022-05-13T18:00:00+00:00
[2022-05-13 06:14:11,932] {processor.py:161} INFO - Processing /opt/airflow/dags/stop_live_stream_dags.py took 0.056 seconds
[2022-05-13 06:14:42,881] {processor.py:153} INFO - Started process (PID=456) to work on /opt/airflow/dags/stop_live_stream_dags.py
[2022-05-13 06:14:42,882] {processor.py:641} INFO - Processing file /opt/airflow/dags/stop_live_stream_dags.py for tasks to queue
[2022-05-13 06:14:42,883] {logging_mixin.py:115} INFO - [2022-05-13 06:14:42,883] {dagbag.py:507} INFO - Filling up the DagBag from /opt/airflow/dags/stop_live_stream_dags.py
[2022-05-13 06:14:42,899] {processor.py:651} INFO - DAG(s) dict_keys(['stop_live_stream_Dag']) retrieved from /opt/airflow/dags/stop_live_stream_dags.py
[2022-05-13 06:14:42,914] {logging_mixin.py:115} INFO - [2022-05-13 06:14:42,914] {dag.py:2371} INFO - Sync 1 DAGs
[2022-05-13 06:14:42,926] {logging_mixin.py:115} INFO - [2022-05-13 06:14:42,926] {dag.py:2919} INFO - Setting next_dagrun for stop_live_stream_Dag to 2022-05-12T18:00:00+00:00, run_after=2022-05-13T18:00:00+00:00
[2022-05-13 06:14:42,933] {processor.py:161} INFO - Processing /opt/airflow/dags/stop_live_stream_dags.py took 0.054 seconds
[2022-05-13 06:15:13,819] {processor.py:153} INFO - Started process (PID=676) to work on /opt/airflow/dags/stop_live_stream_dags.py
[2022-05-13 06:15:13,820] {processor.py:641} INFO - Processing file /opt/airflow/dags/stop_live_stream_dags.py for tasks to queue
[2022-05-13 06:15:13,821] {logging_mixin.py:115} INFO - [2022-05-13 06:15:13,821] {dagbag.py:507} INFO - Filling up the DagBag from /opt/airflow/dags/stop_live_stream_dags.py
[2022-05-13 06:15:13,844] {processor.py:651} INFO - DAG(s) dict_keys(['stop_live_stream_Dag']) retrieved from /opt/airflow/dags/stop_live_stream_dags.py
[2022-05-13 06:15:13,859] {logging_mixin.py:115} INFO - [2022-05-13 06:15:13,859] {dag.py:2371} INFO - Sync 1 DAGs
[2022-05-13 06:15:13,871] {logging_mixin.py:115} INFO - [2022-05-13 06:15:13,871] {dag.py:2919} INFO - Setting next_dagrun for stop_live_stream_Dag to 2022-05-12T18:00:00+00:00, run_after=2022-05-13T18:00:00+00:00
[2022-05-13 06:15:13,877] {processor.py:161} INFO - Processing /opt/airflow/dags/stop_live_stream_dags.py took 0.060 seconds
[2022-05-13 06:15:44,853] {processor.py:153} INFO - Started process (PID=1061) to work on /opt/airflow/dags/stop_live_stream_dags.py
[2022-05-13 06:15:44,854] {processor.py:641} INFO - Processing file /opt/airflow/dags/stop_live_stream_dags.py for tasks to queue
[2022-05-13 06:15:44,855] {logging_mixin.py:115} INFO - [2022-05-13 06:15:44,855] {dagbag.py:507} INFO - Filling up the DagBag from /opt/airflow/dags/stop_live_stream_dags.py
[2022-05-13 06:15:44,885] {processor.py:651} INFO - DAG(s) dict_keys(['stop_live_stream_Dag']) retrieved from /opt/airflow/dags/stop_live_stream_dags.py
[2022-05-13 06:15:44,901] {logging_mixin.py:115} INFO - [2022-05-13 06:15:44,901] {dag.py:2371} INFO - Sync 1 DAGs
[2022-05-13 06:15:44,914] {logging_mixin.py:115} INFO - [2022-05-13 06:15:44,914] {dag.py:2919} INFO - Setting next_dagrun for stop_live_stream_Dag to 2022-05-12T18:00:00+00:00, run_after=2022-05-13T18:00:00+00:00
[2022-05-13 06:15:44,923] {processor.py:161} INFO - Processing /opt/airflow/dags/stop_live_stream_dags.py took 0.073 seconds
[2022-05-13 06:16:15,826] {processor.py:153} INFO - Started process (PID=1298) to work on /opt/airflow/dags/stop_live_stream_dags.py
[2022-05-13 06:16:15,828] {processor.py:641} INFO - Processing file /opt/airflow/dags/stop_live_stream_dags.py for tasks to queue
[2022-05-13 06:16:15,829] {logging_mixin.py:115} INFO - [2022-05-13 06:16:15,829] {dagbag.py:507} INFO - Filling up the DagBag from /opt/airflow/dags/stop_live_stream_dags.py
[2022-05-13 06:16:15,852] {processor.py:651} INFO - DAG(s) dict_keys(['stop_live_stream_Dag']) retrieved from /opt/airflow/dags/stop_live_stream_dags.py
[2022-05-13 06:16:15,873] {logging_mixin.py:115} INFO - [2022-05-13 06:16:15,873] {dag.py:2371} INFO - Sync 1 DAGs
[2022-05-13 06:16:15,889] {logging_mixin.py:115} INFO - [2022-05-13 06:16:15,889] {dag.py:2919} INFO - Setting next_dagrun for stop_live_stream_Dag to 2022-05-12T18:00:00+00:00, run_after=2022-05-13T18:00:00+00:00
[2022-05-13 06:16:15,899] {processor.py:161} INFO - Processing /opt/airflow/dags/stop_live_stream_dags.py took 0.076 seconds
[2022-05-13 07:26:24,412] {processor.py:153} INFO - Started process (PID=176) to work on /opt/airflow/dags/stop_live_stream_dags.py
[2022-05-13 07:26:24,413] {processor.py:641} INFO - Processing file /opt/airflow/dags/stop_live_stream_dags.py for tasks to queue
[2022-05-13 07:26:24,414] {logging_mixin.py:115} INFO - [2022-05-13 07:26:24,414] {dagbag.py:507} INFO - Filling up the DagBag from /opt/airflow/dags/stop_live_stream_dags.py
[2022-05-13 07:26:24,430] {processor.py:651} INFO - DAG(s) dict_keys(['stop_live_stream_Dag']) retrieved from /opt/airflow/dags/stop_live_stream_dags.py
[2022-05-13 07:26:24,448] {logging_mixin.py:115} INFO - [2022-05-13 07:26:24,448] {dag.py:2371} INFO - Sync 1 DAGs
[2022-05-13 07:26:24,462] {logging_mixin.py:115} INFO - [2022-05-13 07:26:24,462] {dag.py:2919} INFO - Setting next_dagrun for stop_live_stream_Dag to 2022-05-12T18:00:00+00:00, run_after=2022-05-13T18:00:00+00:00
[2022-05-13 07:26:24,472] {processor.py:161} INFO - Processing /opt/airflow/dags/stop_live_stream_dags.py took 0.061 seconds
[2022-05-13 07:26:55,409] {processor.py:153} INFO - Started process (PID=392) to work on /opt/airflow/dags/stop_live_stream_dags.py
[2022-05-13 07:26:55,410] {processor.py:641} INFO - Processing file /opt/airflow/dags/stop_live_stream_dags.py for tasks to queue
[2022-05-13 07:26:55,411] {logging_mixin.py:115} INFO - [2022-05-13 07:26:55,411] {dagbag.py:507} INFO - Filling up the DagBag from /opt/airflow/dags/stop_live_stream_dags.py
[2022-05-13 07:26:55,425] {processor.py:651} INFO - DAG(s) dict_keys(['stop_live_stream_Dag']) retrieved from /opt/airflow/dags/stop_live_stream_dags.py
[2022-05-13 07:26:55,440] {logging_mixin.py:115} INFO - [2022-05-13 07:26:55,440] {dag.py:2371} INFO - Sync 1 DAGs
[2022-05-13 07:26:55,452] {logging_mixin.py:115} INFO - [2022-05-13 07:26:55,451] {dag.py:2919} INFO - Setting next_dagrun for stop_live_stream_Dag to 2022-05-12T18:00:00+00:00, run_after=2022-05-13T18:00:00+00:00
[2022-05-13 07:26:55,458] {processor.py:161} INFO - Processing /opt/airflow/dags/stop_live_stream_dags.py took 0.051 seconds
[2022-05-13 07:27:26,152] {processor.py:153} INFO - Started process (PID=611) to work on /opt/airflow/dags/stop_live_stream_dags.py
[2022-05-13 07:27:26,154] {processor.py:641} INFO - Processing file /opt/airflow/dags/stop_live_stream_dags.py for tasks to queue
[2022-05-13 07:27:26,155] {logging_mixin.py:115} INFO - [2022-05-13 07:27:26,155] {dagbag.py:507} INFO - Filling up the DagBag from /opt/airflow/dags/stop_live_stream_dags.py
[2022-05-13 07:27:26,181] {processor.py:651} INFO - DAG(s) dict_keys(['stop_live_stream_Dag']) retrieved from /opt/airflow/dags/stop_live_stream_dags.py
[2022-05-13 07:27:26,208] {logging_mixin.py:115} INFO - [2022-05-13 07:27:26,208] {dag.py:2371} INFO - Sync 1 DAGs
[2022-05-13 07:27:26,232] {logging_mixin.py:115} INFO - [2022-05-13 07:27:26,232] {dag.py:2919} INFO - Setting next_dagrun for stop_live_stream_Dag to 2022-05-12T18:00:00+00:00, run_after=2022-05-13T18:00:00+00:00
[2022-05-13 07:27:26,247] {processor.py:161} INFO - Processing /opt/airflow/dags/stop_live_stream_dags.py took 0.097 seconds
[2022-05-13 07:27:56,639] {processor.py:153} INFO - Started process (PID=896) to work on /opt/airflow/dags/stop_live_stream_dags.py
[2022-05-13 07:27:56,648] {processor.py:641} INFO - Processing file /opt/airflow/dags/stop_live_stream_dags.py for tasks to queue
[2022-05-13 07:27:56,652] {logging_mixin.py:115} INFO - [2022-05-13 07:27:56,652] {dagbag.py:507} INFO - Filling up the DagBag from /opt/airflow/dags/stop_live_stream_dags.py
[2022-05-13 07:27:56,673] {processor.py:651} INFO - DAG(s) dict_keys(['stop_live_stream_Dag']) retrieved from /opt/airflow/dags/stop_live_stream_dags.py
[2022-05-13 07:27:56,690] {logging_mixin.py:115} INFO - [2022-05-13 07:27:56,690] {dag.py:2371} INFO - Sync 1 DAGs
[2022-05-13 07:27:56,702] {logging_mixin.py:115} INFO - [2022-05-13 07:27:56,702] {dag.py:2919} INFO - Setting next_dagrun for stop_live_stream_Dag to 2022-05-12T18:00:00+00:00, run_after=2022-05-13T18:00:00+00:00
[2022-05-13 07:27:56,708] {processor.py:161} INFO - Processing /opt/airflow/dags/stop_live_stream_dags.py took 0.072 seconds
[2022-05-13 07:28:27,533] {processor.py:153} INFO - Started process (PID=1271) to work on /opt/airflow/dags/stop_live_stream_dags.py
[2022-05-13 07:28:27,534] {processor.py:641} INFO - Processing file /opt/airflow/dags/stop_live_stream_dags.py for tasks to queue
[2022-05-13 07:28:27,535] {logging_mixin.py:115} INFO - [2022-05-13 07:28:27,535] {dagbag.py:507} INFO - Filling up the DagBag from /opt/airflow/dags/stop_live_stream_dags.py
[2022-05-13 07:28:27,554] {processor.py:651} INFO - DAG(s) dict_keys(['stop_live_stream_Dag']) retrieved from /opt/airflow/dags/stop_live_stream_dags.py
[2022-05-13 07:28:27,570] {logging_mixin.py:115} INFO - [2022-05-13 07:28:27,570] {dag.py:2371} INFO - Sync 1 DAGs
[2022-05-13 07:28:27,584] {logging_mixin.py:115} INFO - [2022-05-13 07:28:27,584] {dag.py:2919} INFO - Setting next_dagrun for stop_live_stream_Dag to 2022-05-12T18:00:00+00:00, run_after=2022-05-13T18:00:00+00:00
[2022-05-13 07:28:27,591] {processor.py:161} INFO - Processing /opt/airflow/dags/stop_live_stream_dags.py took 0.060 seconds
[2022-05-13 07:28:58,455] {processor.py:153} INFO - Started process (PID=1737) to work on /opt/airflow/dags/stop_live_stream_dags.py
[2022-05-13 07:28:58,469] {processor.py:641} INFO - Processing file /opt/airflow/dags/stop_live_stream_dags.py for tasks to queue
[2022-05-13 07:28:58,470] {logging_mixin.py:115} INFO - [2022-05-13 07:28:58,470] {dagbag.py:507} INFO - Filling up the DagBag from /opt/airflow/dags/stop_live_stream_dags.py
[2022-05-13 07:28:58,482] {processor.py:651} INFO - DAG(s) dict_keys(['stop_live_stream_Dag']) retrieved from /opt/airflow/dags/stop_live_stream_dags.py
[2022-05-13 07:28:58,497] {logging_mixin.py:115} INFO - [2022-05-13 07:28:58,497] {dag.py:2371} INFO - Sync 1 DAGs
[2022-05-13 07:28:58,511] {logging_mixin.py:115} INFO - [2022-05-13 07:28:58,511] {dag.py:2919} INFO - Setting next_dagrun for stop_live_stream_Dag to 2022-05-12T18:00:00+00:00, run_after=2022-05-13T18:00:00+00:00
[2022-05-13 07:28:58,517] {processor.py:161} INFO - Processing /opt/airflow/dags/stop_live_stream_dags.py took 0.064 seconds
[2022-05-13 07:29:29,302] {processor.py:153} INFO - Started process (PID=1957) to work on /opt/airflow/dags/stop_live_stream_dags.py
[2022-05-13 07:29:29,303] {processor.py:641} INFO - Processing file /opt/airflow/dags/stop_live_stream_dags.py for tasks to queue
[2022-05-13 07:29:29,305] {logging_mixin.py:115} INFO - [2022-05-13 07:29:29,305] {dagbag.py:507} INFO - Filling up the DagBag from /opt/airflow/dags/stop_live_stream_dags.py
[2022-05-13 07:29:29,316] {processor.py:651} INFO - DAG(s) dict_keys(['stop_live_stream_Dag']) retrieved from /opt/airflow/dags/stop_live_stream_dags.py
[2022-05-13 07:29:29,332] {logging_mixin.py:115} INFO - [2022-05-13 07:29:29,332] {dag.py:2371} INFO - Sync 1 DAGs
[2022-05-13 07:29:29,345] {logging_mixin.py:115} INFO - [2022-05-13 07:29:29,345] {dag.py:2919} INFO - Setting next_dagrun for stop_live_stream_Dag to 2022-05-12T18:00:00+00:00, run_after=2022-05-13T18:00:00+00:00
[2022-05-13 07:29:29,353] {processor.py:161} INFO - Processing /opt/airflow/dags/stop_live_stream_dags.py took 0.058 seconds
[2022-05-13 07:29:59,973] {processor.py:153} INFO - Started process (PID=2172) to work on /opt/airflow/dags/stop_live_stream_dags.py
[2022-05-13 07:29:59,976] {processor.py:641} INFO - Processing file /opt/airflow/dags/stop_live_stream_dags.py for tasks to queue
[2022-05-13 07:29:59,977] {logging_mixin.py:115} INFO - [2022-05-13 07:29:59,977] {dagbag.py:507} INFO - Filling up the DagBag from /opt/airflow/dags/stop_live_stream_dags.py
[2022-05-13 07:29:59,989] {processor.py:651} INFO - DAG(s) dict_keys(['stop_live_stream_Dag']) retrieved from /opt/airflow/dags/stop_live_stream_dags.py
[2022-05-13 07:30:00,013] {logging_mixin.py:115} INFO - [2022-05-13 07:30:00,013] {dag.py:2371} INFO - Sync 1 DAGs
[2022-05-13 07:30:00,031] {logging_mixin.py:115} INFO - [2022-05-13 07:30:00,031] {dag.py:2919} INFO - Setting next_dagrun for stop_live_stream_Dag to 2022-05-12T18:00:00+00:00, run_after=2022-05-13T18:00:00+00:00
[2022-05-13 07:30:00,041] {processor.py:161} INFO - Processing /opt/airflow/dags/stop_live_stream_dags.py took 0.070 seconds
[2022-05-13 07:30:30,851] {processor.py:153} INFO - Started process (PID=2408) to work on /opt/airflow/dags/stop_live_stream_dags.py
[2022-05-13 07:30:30,853] {processor.py:641} INFO - Processing file /opt/airflow/dags/stop_live_stream_dags.py for tasks to queue
[2022-05-13 07:30:30,854] {logging_mixin.py:115} INFO - [2022-05-13 07:30:30,854] {dagbag.py:507} INFO - Filling up the DagBag from /opt/airflow/dags/stop_live_stream_dags.py
[2022-05-13 07:30:30,864] {processor.py:651} INFO - DAG(s) dict_keys(['stop_live_stream_Dag']) retrieved from /opt/airflow/dags/stop_live_stream_dags.py
[2022-05-13 07:30:30,880] {logging_mixin.py:115} INFO - [2022-05-13 07:30:30,880] {dag.py:2371} INFO - Sync 1 DAGs
[2022-05-13 07:30:30,892] {logging_mixin.py:115} INFO - [2022-05-13 07:30:30,892] {dag.py:2919} INFO - Setting next_dagrun for stop_live_stream_Dag to 2022-05-12T18:00:00+00:00, run_after=2022-05-13T18:00:00+00:00
[2022-05-13 07:30:30,898] {processor.py:161} INFO - Processing /opt/airflow/dags/stop_live_stream_dags.py took 0.049 seconds
[2022-05-13 07:31:01,578] {processor.py:153} INFO - Started process (PID=2623) to work on /opt/airflow/dags/stop_live_stream_dags.py
[2022-05-13 07:31:01,579] {processor.py:641} INFO - Processing file /opt/airflow/dags/stop_live_stream_dags.py for tasks to queue
[2022-05-13 07:31:01,581] {logging_mixin.py:115} INFO - [2022-05-13 07:31:01,581] {dagbag.py:507} INFO - Filling up the DagBag from /opt/airflow/dags/stop_live_stream_dags.py
[2022-05-13 07:31:01,592] {processor.py:651} INFO - DAG(s) dict_keys(['stop_live_stream_Dag']) retrieved from /opt/airflow/dags/stop_live_stream_dags.py
[2022-05-13 07:31:01,609] {logging_mixin.py:115} INFO - [2022-05-13 07:31:01,609] {dag.py:2371} INFO - Sync 1 DAGs
[2022-05-13 07:31:01,623] {logging_mixin.py:115} INFO - [2022-05-13 07:31:01,622] {dag.py:2919} INFO - Setting next_dagrun for stop_live_stream_Dag to 2022-05-12T18:00:00+00:00, run_after=2022-05-13T18:00:00+00:00
[2022-05-13 07:31:01,630] {processor.py:161} INFO - Processing /opt/airflow/dags/stop_live_stream_dags.py took 0.054 seconds
[2022-05-13 07:31:32,341] {processor.py:153} INFO - Started process (PID=2838) to work on /opt/airflow/dags/stop_live_stream_dags.py
[2022-05-13 07:31:32,344] {processor.py:641} INFO - Processing file /opt/airflow/dags/stop_live_stream_dags.py for tasks to queue
[2022-05-13 07:31:32,345] {logging_mixin.py:115} INFO - [2022-05-13 07:31:32,345] {dagbag.py:507} INFO - Filling up the DagBag from /opt/airflow/dags/stop_live_stream_dags.py
[2022-05-13 07:31:32,358] {processor.py:651} INFO - DAG(s) dict_keys(['stop_live_stream_Dag']) retrieved from /opt/airflow/dags/stop_live_stream_dags.py
[2022-05-13 07:31:32,374] {logging_mixin.py:115} INFO - [2022-05-13 07:31:32,374] {dag.py:2371} INFO - Sync 1 DAGs
[2022-05-13 07:31:32,388] {logging_mixin.py:115} INFO - [2022-05-13 07:31:32,388] {dag.py:2919} INFO - Setting next_dagrun for stop_live_stream_Dag to 2022-05-12T18:00:00+00:00, run_after=2022-05-13T18:00:00+00:00
[2022-05-13 07:31:32,396] {processor.py:161} INFO - Processing /opt/airflow/dags/stop_live_stream_dags.py took 0.057 seconds
[2022-05-13 07:32:03,011] {processor.py:153} INFO - Started process (PID=3043) to work on /opt/airflow/dags/stop_live_stream_dags.py
[2022-05-13 07:32:03,012] {processor.py:641} INFO - Processing file /opt/airflow/dags/stop_live_stream_dags.py for tasks to queue
[2022-05-13 07:32:03,013] {logging_mixin.py:115} INFO - [2022-05-13 07:32:03,013] {dagbag.py:507} INFO - Filling up the DagBag from /opt/airflow/dags/stop_live_stream_dags.py
[2022-05-13 07:32:03,025] {processor.py:651} INFO - DAG(s) dict_keys(['stop_live_stream_Dag']) retrieved from /opt/airflow/dags/stop_live_stream_dags.py
[2022-05-13 07:32:03,041] {logging_mixin.py:115} INFO - [2022-05-13 07:32:03,041] {dag.py:2371} INFO - Sync 1 DAGs
[2022-05-13 07:32:03,055] {logging_mixin.py:115} INFO - [2022-05-13 07:32:03,055] {dag.py:2919} INFO - Setting next_dagrun for stop_live_stream_Dag to 2022-05-12T18:00:00+00:00, run_after=2022-05-13T18:00:00+00:00
[2022-05-13 07:32:03,063] {processor.py:161} INFO - Processing /opt/airflow/dags/stop_live_stream_dags.py took 0.055 seconds
[2022-05-13 07:32:33,821] {processor.py:153} INFO - Started process (PID=3258) to work on /opt/airflow/dags/stop_live_stream_dags.py
[2022-05-13 07:32:33,822] {processor.py:641} INFO - Processing file /opt/airflow/dags/stop_live_stream_dags.py for tasks to queue
[2022-05-13 07:32:33,823] {logging_mixin.py:115} INFO - [2022-05-13 07:32:33,823] {dagbag.py:507} INFO - Filling up the DagBag from /opt/airflow/dags/stop_live_stream_dags.py
[2022-05-13 07:32:33,835] {processor.py:651} INFO - DAG(s) dict_keys(['stop_live_stream_Dag']) retrieved from /opt/airflow/dags/stop_live_stream_dags.py
[2022-05-13 07:32:33,851] {logging_mixin.py:115} INFO - [2022-05-13 07:32:33,851] {dag.py:2371} INFO - Sync 1 DAGs
[2022-05-13 07:32:33,865] {logging_mixin.py:115} INFO - [2022-05-13 07:32:33,865] {dag.py:2919} INFO - Setting next_dagrun for stop_live_stream_Dag to 2022-05-12T18:00:00+00:00, run_after=2022-05-13T18:00:00+00:00
[2022-05-13 07:32:33,873] {processor.py:161} INFO - Processing /opt/airflow/dags/stop_live_stream_dags.py took 0.054 seconds
[2022-05-13 07:33:04,497] {processor.py:153} INFO - Started process (PID=3474) to work on /opt/airflow/dags/stop_live_stream_dags.py
[2022-05-13 07:33:04,498] {processor.py:641} INFO - Processing file /opt/airflow/dags/stop_live_stream_dags.py for tasks to queue
[2022-05-13 07:33:04,499] {logging_mixin.py:115} INFO - [2022-05-13 07:33:04,499] {dagbag.py:507} INFO - Filling up the DagBag from /opt/airflow/dags/stop_live_stream_dags.py
[2022-05-13 07:33:04,512] {processor.py:651} INFO - DAG(s) dict_keys(['stop_live_stream_Dag']) retrieved from /opt/airflow/dags/stop_live_stream_dags.py
[2022-05-13 07:33:04,527] {logging_mixin.py:115} INFO - [2022-05-13 07:33:04,527] {dag.py:2371} INFO - Sync 1 DAGs
[2022-05-13 07:33:04,540] {logging_mixin.py:115} INFO - [2022-05-13 07:33:04,540] {dag.py:2919} INFO - Setting next_dagrun for stop_live_stream_Dag to 2022-05-12T18:00:00+00:00, run_after=2022-05-13T18:00:00+00:00
[2022-05-13 07:33:04,546] {processor.py:161} INFO - Processing /opt/airflow/dags/stop_live_stream_dags.py took 0.051 seconds
[2022-05-13 07:33:35,211] {processor.py:153} INFO - Started process (PID=3691) to work on /opt/airflow/dags/stop_live_stream_dags.py
[2022-05-13 07:33:35,213] {processor.py:641} INFO - Processing file /opt/airflow/dags/stop_live_stream_dags.py for tasks to queue
[2022-05-13 07:33:35,214] {logging_mixin.py:115} INFO - [2022-05-13 07:33:35,214] {dagbag.py:507} INFO - Filling up the DagBag from /opt/airflow/dags/stop_live_stream_dags.py
[2022-05-13 07:33:35,224] {processor.py:651} INFO - DAG(s) dict_keys(['stop_live_stream_Dag']) retrieved from /opt/airflow/dags/stop_live_stream_dags.py
[2022-05-13 07:33:35,240] {logging_mixin.py:115} INFO - [2022-05-13 07:33:35,239] {dag.py:2371} INFO - Sync 1 DAGs
[2022-05-13 07:33:35,251] {logging_mixin.py:115} INFO - [2022-05-13 07:33:35,251] {dag.py:2919} INFO - Setting next_dagrun for stop_live_stream_Dag to 2022-05-12T18:00:00+00:00, run_after=2022-05-13T18:00:00+00:00
[2022-05-13 07:33:35,258] {processor.py:161} INFO - Processing /opt/airflow/dags/stop_live_stream_dags.py took 0.048 seconds
[2022-05-13 07:34:05,848] {processor.py:153} INFO - Started process (PID=3908) to work on /opt/airflow/dags/stop_live_stream_dags.py
[2022-05-13 07:34:05,849] {processor.py:641} INFO - Processing file /opt/airflow/dags/stop_live_stream_dags.py for tasks to queue
[2022-05-13 07:34:05,851] {logging_mixin.py:115} INFO - [2022-05-13 07:34:05,851] {dagbag.py:507} INFO - Filling up the DagBag from /opt/airflow/dags/stop_live_stream_dags.py
[2022-05-13 07:34:05,861] {processor.py:651} INFO - DAG(s) dict_keys(['stop_live_stream_Dag']) retrieved from /opt/airflow/dags/stop_live_stream_dags.py
[2022-05-13 07:34:05,876] {logging_mixin.py:115} INFO - [2022-05-13 07:34:05,876] {dag.py:2371} INFO - Sync 1 DAGs
[2022-05-13 07:34:05,888] {logging_mixin.py:115} INFO - [2022-05-13 07:34:05,888] {dag.py:2919} INFO - Setting next_dagrun for stop_live_stream_Dag to 2022-05-12T18:00:00+00:00, run_after=2022-05-13T18:00:00+00:00
[2022-05-13 07:34:05,895] {processor.py:161} INFO - Processing /opt/airflow/dags/stop_live_stream_dags.py took 0.049 seconds
[2022-05-13 07:34:36,115] {processor.py:153} INFO - Started process (PID=4123) to work on /opt/airflow/dags/stop_live_stream_dags.py
[2022-05-13 07:34:36,116] {processor.py:641} INFO - Processing file /opt/airflow/dags/stop_live_stream_dags.py for tasks to queue
[2022-05-13 07:34:36,117] {logging_mixin.py:115} INFO - [2022-05-13 07:34:36,117] {dagbag.py:507} INFO - Filling up the DagBag from /opt/airflow/dags/stop_live_stream_dags.py
[2022-05-13 07:34:36,128] {processor.py:651} INFO - DAG(s) dict_keys(['stop_live_stream_Dag']) retrieved from /opt/airflow/dags/stop_live_stream_dags.py
[2022-05-13 07:34:36,144] {logging_mixin.py:115} INFO - [2022-05-13 07:34:36,144] {dag.py:2371} INFO - Sync 1 DAGs
[2022-05-13 07:34:36,158] {logging_mixin.py:115} INFO - [2022-05-13 07:34:36,157] {dag.py:2919} INFO - Setting next_dagrun for stop_live_stream_Dag to 2022-05-12T18:00:00+00:00, run_after=2022-05-13T18:00:00+00:00
[2022-05-13 07:34:36,164] {processor.py:161} INFO - Processing /opt/airflow/dags/stop_live_stream_dags.py took 0.052 seconds
[2022-05-13 07:35:06,823] {processor.py:153} INFO - Started process (PID=4339) to work on /opt/airflow/dags/stop_live_stream_dags.py
[2022-05-13 07:35:06,824] {processor.py:641} INFO - Processing file /opt/airflow/dags/stop_live_stream_dags.py for tasks to queue
[2022-05-13 07:35:06,825] {logging_mixin.py:115} INFO - [2022-05-13 07:35:06,825] {dagbag.py:507} INFO - Filling up the DagBag from /opt/airflow/dags/stop_live_stream_dags.py
[2022-05-13 07:35:06,837] {processor.py:651} INFO - DAG(s) dict_keys(['stop_live_stream_Dag']) retrieved from /opt/airflow/dags/stop_live_stream_dags.py
[2022-05-13 07:35:06,854] {logging_mixin.py:115} INFO - [2022-05-13 07:35:06,854] {dag.py:2371} INFO - Sync 1 DAGs
[2022-05-13 07:35:06,866] {logging_mixin.py:115} INFO - [2022-05-13 07:35:06,866] {dag.py:2919} INFO - Setting next_dagrun for stop_live_stream_Dag to 2022-05-12T18:00:00+00:00, run_after=2022-05-13T18:00:00+00:00
[2022-05-13 07:35:06,872] {processor.py:161} INFO - Processing /opt/airflow/dags/stop_live_stream_dags.py took 0.052 seconds
[2022-05-13 07:35:37,697] {processor.py:153} INFO - Started process (PID=4545) to work on /opt/airflow/dags/stop_live_stream_dags.py
[2022-05-13 07:35:37,698] {processor.py:641} INFO - Processing file /opt/airflow/dags/stop_live_stream_dags.py for tasks to queue
[2022-05-13 07:35:37,699] {logging_mixin.py:115} INFO - [2022-05-13 07:35:37,699] {dagbag.py:507} INFO - Filling up the DagBag from /opt/airflow/dags/stop_live_stream_dags.py
[2022-05-13 07:35:37,709] {processor.py:651} INFO - DAG(s) dict_keys(['stop_live_stream_Dag']) retrieved from /opt/airflow/dags/stop_live_stream_dags.py
[2022-05-13 07:35:37,724] {logging_mixin.py:115} INFO - [2022-05-13 07:35:37,724] {dag.py:2371} INFO - Sync 1 DAGs
[2022-05-13 07:35:37,736] {logging_mixin.py:115} INFO - [2022-05-13 07:35:37,736] {dag.py:2919} INFO - Setting next_dagrun for stop_live_stream_Dag to 2022-05-12T18:00:00+00:00, run_after=2022-05-13T18:00:00+00:00
[2022-05-13 07:35:37,743] {processor.py:161} INFO - Processing /opt/airflow/dags/stop_live_stream_dags.py took 0.048 seconds
[2022-05-13 07:36:08,361] {processor.py:153} INFO - Started process (PID=4760) to work on /opt/airflow/dags/stop_live_stream_dags.py
[2022-05-13 07:36:08,362] {processor.py:641} INFO - Processing file /opt/airflow/dags/stop_live_stream_dags.py for tasks to queue
[2022-05-13 07:36:08,363] {logging_mixin.py:115} INFO - [2022-05-13 07:36:08,363] {dagbag.py:507} INFO - Filling up the DagBag from /opt/airflow/dags/stop_live_stream_dags.py
[2022-05-13 07:36:08,374] {processor.py:651} INFO - DAG(s) dict_keys(['stop_live_stream_Dag']) retrieved from /opt/airflow/dags/stop_live_stream_dags.py
[2022-05-13 07:36:08,390] {logging_mixin.py:115} INFO - [2022-05-13 07:36:08,390] {dag.py:2371} INFO - Sync 1 DAGs
[2022-05-13 07:36:08,402] {logging_mixin.py:115} INFO - [2022-05-13 07:36:08,402] {dag.py:2919} INFO - Setting next_dagrun for stop_live_stream_Dag to 2022-05-12T18:00:00+00:00, run_after=2022-05-13T18:00:00+00:00
[2022-05-13 07:36:08,408] {processor.py:161} INFO - Processing /opt/airflow/dags/stop_live_stream_dags.py took 0.049 seconds
[2022-05-13 07:36:39,217] {processor.py:153} INFO - Started process (PID=4977) to work on /opt/airflow/dags/stop_live_stream_dags.py
[2022-05-13 07:36:39,218] {processor.py:641} INFO - Processing file /opt/airflow/dags/stop_live_stream_dags.py for tasks to queue
[2022-05-13 07:36:39,219] {logging_mixin.py:115} INFO - [2022-05-13 07:36:39,219] {dagbag.py:507} INFO - Filling up the DagBag from /opt/airflow/dags/stop_live_stream_dags.py
[2022-05-13 07:36:39,231] {processor.py:651} INFO - DAG(s) dict_keys(['stop_live_stream_Dag']) retrieved from /opt/airflow/dags/stop_live_stream_dags.py
[2022-05-13 07:36:39,246] {logging_mixin.py:115} INFO - [2022-05-13 07:36:39,246] {dag.py:2371} INFO - Sync 1 DAGs
[2022-05-13 07:36:39,257] {logging_mixin.py:115} INFO - [2022-05-13 07:36:39,257] {dag.py:2919} INFO - Setting next_dagrun for stop_live_stream_Dag to 2022-05-12T18:00:00+00:00, run_after=2022-05-13T18:00:00+00:00
[2022-05-13 07:36:39,264] {processor.py:161} INFO - Processing /opt/airflow/dags/stop_live_stream_dags.py took 0.049 seconds
[2022-05-13 07:37:09,945] {processor.py:153} INFO - Started process (PID=5191) to work on /opt/airflow/dags/stop_live_stream_dags.py
[2022-05-13 07:37:09,946] {processor.py:641} INFO - Processing file /opt/airflow/dags/stop_live_stream_dags.py for tasks to queue
[2022-05-13 07:37:09,947] {logging_mixin.py:115} INFO - [2022-05-13 07:37:09,947] {dagbag.py:507} INFO - Filling up the DagBag from /opt/airflow/dags/stop_live_stream_dags.py
[2022-05-13 07:37:09,959] {processor.py:651} INFO - DAG(s) dict_keys(['stop_live_stream_Dag']) retrieved from /opt/airflow/dags/stop_live_stream_dags.py
[2022-05-13 07:37:09,975] {logging_mixin.py:115} INFO - [2022-05-13 07:37:09,975] {dag.py:2371} INFO - Sync 1 DAGs
[2022-05-13 07:37:09,989] {logging_mixin.py:115} INFO - [2022-05-13 07:37:09,989] {dag.py:2919} INFO - Setting next_dagrun for stop_live_stream_Dag to 2022-05-12T18:00:00+00:00, run_after=2022-05-13T18:00:00+00:00
[2022-05-13 07:37:09,996] {processor.py:161} INFO - Processing /opt/airflow/dags/stop_live_stream_dags.py took 0.054 seconds
[2022-05-13 09:38:03,698] {processor.py:153} INFO - Started process (PID=178) to work on /opt/airflow/dags/stop_live_stream_dags.py
[2022-05-13 09:38:03,699] {processor.py:641} INFO - Processing file /opt/airflow/dags/stop_live_stream_dags.py for tasks to queue
[2022-05-13 09:38:03,700] {logging_mixin.py:115} INFO - [2022-05-13 09:38:03,700] {dagbag.py:507} INFO - Filling up the DagBag from /opt/airflow/dags/stop_live_stream_dags.py
[2022-05-13 09:38:03,714] {processor.py:651} INFO - DAG(s) dict_keys(['stop_live_stream_Dag']) retrieved from /opt/airflow/dags/stop_live_stream_dags.py
[2022-05-13 09:38:03,732] {logging_mixin.py:115} INFO - [2022-05-13 09:38:03,732] {dag.py:2371} INFO - Sync 1 DAGs
[2022-05-13 09:38:03,752] {logging_mixin.py:115} INFO - [2022-05-13 09:38:03,751] {dag.py:2919} INFO - Setting next_dagrun for stop_live_stream_Dag to 2022-05-12T18:00:00+00:00, run_after=2022-05-13T18:00:00+00:00
[2022-05-13 09:38:03,760] {processor.py:161} INFO - Processing /opt/airflow/dags/stop_live_stream_dags.py took 0.064 seconds
[2022-05-13 09:38:33,840] {processor.py:153} INFO - Started process (PID=395) to work on /opt/airflow/dags/stop_live_stream_dags.py
[2022-05-13 09:38:33,841] {processor.py:641} INFO - Processing file /opt/airflow/dags/stop_live_stream_dags.py for tasks to queue
[2022-05-13 09:38:33,842] {logging_mixin.py:115} INFO - [2022-05-13 09:38:33,842] {dagbag.py:507} INFO - Filling up the DagBag from /opt/airflow/dags/stop_live_stream_dags.py
[2022-05-13 09:38:33,852] {processor.py:651} INFO - DAG(s) dict_keys(['stop_live_stream_Dag']) retrieved from /opt/airflow/dags/stop_live_stream_dags.py
[2022-05-13 09:38:33,867] {logging_mixin.py:115} INFO - [2022-05-13 09:38:33,867] {dag.py:2371} INFO - Sync 1 DAGs
[2022-05-13 09:38:33,879] {logging_mixin.py:115} INFO - [2022-05-13 09:38:33,879] {dag.py:2919} INFO - Setting next_dagrun for stop_live_stream_Dag to 2022-05-12T18:00:00+00:00, run_after=2022-05-13T18:00:00+00:00
[2022-05-13 09:38:33,885] {processor.py:161} INFO - Processing /opt/airflow/dags/stop_live_stream_dags.py took 0.047 seconds
[2022-05-13 09:39:04,591] {processor.py:153} INFO - Started process (PID=610) to work on /opt/airflow/dags/stop_live_stream_dags.py
[2022-05-13 09:39:04,592] {processor.py:641} INFO - Processing file /opt/airflow/dags/stop_live_stream_dags.py for tasks to queue
[2022-05-13 09:39:04,593] {logging_mixin.py:115} INFO - [2022-05-13 09:39:04,593] {dagbag.py:507} INFO - Filling up the DagBag from /opt/airflow/dags/stop_live_stream_dags.py
[2022-05-13 09:39:04,605] {processor.py:651} INFO - DAG(s) dict_keys(['stop_live_stream_Dag']) retrieved from /opt/airflow/dags/stop_live_stream_dags.py
[2022-05-13 09:39:04,620] {logging_mixin.py:115} INFO - [2022-05-13 09:39:04,620] {dag.py:2371} INFO - Sync 1 DAGs
[2022-05-13 09:39:04,634] {logging_mixin.py:115} INFO - [2022-05-13 09:39:04,634] {dag.py:2919} INFO - Setting next_dagrun for stop_live_stream_Dag to 2022-05-12T18:00:00+00:00, run_after=2022-05-13T18:00:00+00:00
[2022-05-13 09:39:04,641] {processor.py:161} INFO - Processing /opt/airflow/dags/stop_live_stream_dags.py took 0.052 seconds
[2022-05-13 09:39:35,432] {processor.py:153} INFO - Started process (PID=824) to work on /opt/airflow/dags/stop_live_stream_dags.py
[2022-05-13 09:39:35,434] {processor.py:641} INFO - Processing file /opt/airflow/dags/stop_live_stream_dags.py for tasks to queue
[2022-05-13 09:39:35,437] {logging_mixin.py:115} INFO - [2022-05-13 09:39:35,437] {dagbag.py:507} INFO - Filling up the DagBag from /opt/airflow/dags/stop_live_stream_dags.py
[2022-05-13 09:39:35,457] {processor.py:651} INFO - DAG(s) dict_keys(['stop_live_stream_Dag']) retrieved from /opt/airflow/dags/stop_live_stream_dags.py
[2022-05-13 09:39:35,481] {logging_mixin.py:115} INFO - [2022-05-13 09:39:35,480] {dag.py:2371} INFO - Sync 1 DAGs
[2022-05-13 09:39:35,498] {logging_mixin.py:115} INFO - [2022-05-13 09:39:35,498] {dag.py:2919} INFO - Setting next_dagrun for stop_live_stream_Dag to 2022-05-12T18:00:00+00:00, run_after=2022-05-13T18:00:00+00:00
[2022-05-13 09:39:35,505] {processor.py:161} INFO - Processing /opt/airflow/dags/stop_live_stream_dags.py took 0.075 seconds
[2022-05-13 09:40:06,378] {processor.py:153} INFO - Started process (PID=1032) to work on /opt/airflow/dags/stop_live_stream_dags.py
[2022-05-13 09:40:06,379] {processor.py:641} INFO - Processing file /opt/airflow/dags/stop_live_stream_dags.py for tasks to queue
[2022-05-13 09:40:06,380] {logging_mixin.py:115} INFO - [2022-05-13 09:40:06,380] {dagbag.py:507} INFO - Filling up the DagBag from /opt/airflow/dags/stop_live_stream_dags.py
[2022-05-13 09:40:06,392] {processor.py:651} INFO - DAG(s) dict_keys(['stop_live_stream_Dag']) retrieved from /opt/airflow/dags/stop_live_stream_dags.py
[2022-05-13 09:40:06,411] {logging_mixin.py:115} INFO - [2022-05-13 09:40:06,411] {dag.py:2371} INFO - Sync 1 DAGs
[2022-05-13 09:40:06,425] {logging_mixin.py:115} INFO - [2022-05-13 09:40:06,425] {dag.py:2919} INFO - Setting next_dagrun for stop_live_stream_Dag to 2022-05-12T18:00:00+00:00, run_after=2022-05-13T18:00:00+00:00
[2022-05-13 09:40:06,432] {processor.py:161} INFO - Processing /opt/airflow/dags/stop_live_stream_dags.py took 0.056 seconds
[2022-05-13 09:40:37,311] {processor.py:153} INFO - Started process (PID=1247) to work on /opt/airflow/dags/stop_live_stream_dags.py
[2022-05-13 09:40:37,314] {processor.py:641} INFO - Processing file /opt/airflow/dags/stop_live_stream_dags.py for tasks to queue
[2022-05-13 09:40:37,316] {logging_mixin.py:115} INFO - [2022-05-13 09:40:37,316] {dagbag.py:507} INFO - Filling up the DagBag from /opt/airflow/dags/stop_live_stream_dags.py
[2022-05-13 09:40:37,338] {processor.py:651} INFO - DAG(s) dict_keys(['stop_live_stream_Dag']) retrieved from /opt/airflow/dags/stop_live_stream_dags.py
[2022-05-13 09:40:37,361] {logging_mixin.py:115} INFO - [2022-05-13 09:40:37,361] {dag.py:2371} INFO - Sync 1 DAGs
[2022-05-13 09:40:37,377] {logging_mixin.py:115} INFO - [2022-05-13 09:40:37,377] {dag.py:2919} INFO - Setting next_dagrun for stop_live_stream_Dag to 2022-05-12T18:00:00+00:00, run_after=2022-05-13T18:00:00+00:00
[2022-05-13 09:40:37,385] {processor.py:161} INFO - Processing /opt/airflow/dags/stop_live_stream_dags.py took 0.077 seconds
[2022-05-13 09:41:08,141] {processor.py:153} INFO - Started process (PID=1463) to work on /opt/airflow/dags/stop_live_stream_dags.py
[2022-05-13 09:41:08,142] {processor.py:641} INFO - Processing file /opt/airflow/dags/stop_live_stream_dags.py for tasks to queue
[2022-05-13 09:41:08,144] {logging_mixin.py:115} INFO - [2022-05-13 09:41:08,144] {dagbag.py:507} INFO - Filling up the DagBag from /opt/airflow/dags/stop_live_stream_dags.py
[2022-05-13 09:41:08,159] {processor.py:651} INFO - DAG(s) dict_keys(['stop_live_stream_Dag']) retrieved from /opt/airflow/dags/stop_live_stream_dags.py
[2022-05-13 09:41:08,179] {logging_mixin.py:115} INFO - [2022-05-13 09:41:08,179] {dag.py:2371} INFO - Sync 1 DAGs
[2022-05-13 09:41:08,195] {logging_mixin.py:115} INFO - [2022-05-13 09:41:08,195] {dag.py:2919} INFO - Setting next_dagrun for stop_live_stream_Dag to 2022-05-12T18:00:00+00:00, run_after=2022-05-13T18:00:00+00:00
[2022-05-13 09:41:08,203] {processor.py:161} INFO - Processing /opt/airflow/dags/stop_live_stream_dags.py took 0.064 seconds
[2022-05-13 09:41:38,910] {processor.py:153} INFO - Started process (PID=1678) to work on /opt/airflow/dags/stop_live_stream_dags.py
[2022-05-13 09:41:38,911] {processor.py:641} INFO - Processing file /opt/airflow/dags/stop_live_stream_dags.py for tasks to queue
[2022-05-13 09:41:38,912] {logging_mixin.py:115} INFO - [2022-05-13 09:41:38,912] {dagbag.py:507} INFO - Filling up the DagBag from /opt/airflow/dags/stop_live_stream_dags.py
[2022-05-13 09:41:38,924] {processor.py:651} INFO - DAG(s) dict_keys(['stop_live_stream_Dag']) retrieved from /opt/airflow/dags/stop_live_stream_dags.py
[2022-05-13 09:41:38,940] {logging_mixin.py:115} INFO - [2022-05-13 09:41:38,940] {dag.py:2371} INFO - Sync 1 DAGs
[2022-05-13 09:41:38,955] {logging_mixin.py:115} INFO - [2022-05-13 09:41:38,954] {dag.py:2919} INFO - Setting next_dagrun for stop_live_stream_Dag to 2022-05-12T18:00:00+00:00, run_after=2022-05-13T18:00:00+00:00
[2022-05-13 09:41:38,961] {processor.py:161} INFO - Processing /opt/airflow/dags/stop_live_stream_dags.py took 0.053 seconds
[2022-05-13 09:42:09,727] {processor.py:153} INFO - Started process (PID=1893) to work on /opt/airflow/dags/stop_live_stream_dags.py
[2022-05-13 09:42:09,728] {processor.py:641} INFO - Processing file /opt/airflow/dags/stop_live_stream_dags.py for tasks to queue
[2022-05-13 09:42:09,729] {logging_mixin.py:115} INFO - [2022-05-13 09:42:09,729] {dagbag.py:507} INFO - Filling up the DagBag from /opt/airflow/dags/stop_live_stream_dags.py
[2022-05-13 09:42:09,739] {processor.py:651} INFO - DAG(s) dict_keys(['stop_live_stream_Dag']) retrieved from /opt/airflow/dags/stop_live_stream_dags.py
[2022-05-13 09:42:09,757] {logging_mixin.py:115} INFO - [2022-05-13 09:42:09,756] {dag.py:2371} INFO - Sync 1 DAGs
[2022-05-13 09:42:09,769] {logging_mixin.py:115} INFO - [2022-05-13 09:42:09,769] {dag.py:2919} INFO - Setting next_dagrun for stop_live_stream_Dag to 2022-05-12T18:00:00+00:00, run_after=2022-05-13T18:00:00+00:00
[2022-05-13 09:42:09,775] {processor.py:161} INFO - Processing /opt/airflow/dags/stop_live_stream_dags.py took 0.050 seconds
[2022-05-13 09:42:40,510] {processor.py:153} INFO - Started process (PID=2108) to work on /opt/airflow/dags/stop_live_stream_dags.py
[2022-05-13 09:42:40,511] {processor.py:641} INFO - Processing file /opt/airflow/dags/stop_live_stream_dags.py for tasks to queue
[2022-05-13 09:42:40,513] {logging_mixin.py:115} INFO - [2022-05-13 09:42:40,512] {dagbag.py:507} INFO - Filling up the DagBag from /opt/airflow/dags/stop_live_stream_dags.py
[2022-05-13 09:42:40,523] {processor.py:651} INFO - DAG(s) dict_keys(['stop_live_stream_Dag']) retrieved from /opt/airflow/dags/stop_live_stream_dags.py
[2022-05-13 09:42:40,540] {logging_mixin.py:115} INFO - [2022-05-13 09:42:40,540] {dag.py:2371} INFO - Sync 1 DAGs
[2022-05-13 09:42:40,554] {logging_mixin.py:115} INFO - [2022-05-13 09:42:40,554] {dag.py:2919} INFO - Setting next_dagrun for stop_live_stream_Dag to 2022-05-12T18:00:00+00:00, run_after=2022-05-13T18:00:00+00:00
[2022-05-13 09:42:40,561] {processor.py:161} INFO - Processing /opt/airflow/dags/stop_live_stream_dags.py took 0.053 seconds
[2022-05-13 09:43:11,460] {processor.py:153} INFO - Started process (PID=2322) to work on /opt/airflow/dags/stop_live_stream_dags.py
[2022-05-13 09:43:11,462] {processor.py:641} INFO - Processing file /opt/airflow/dags/stop_live_stream_dags.py for tasks to queue
[2022-05-13 09:43:11,463] {logging_mixin.py:115} INFO - [2022-05-13 09:43:11,463] {dagbag.py:507} INFO - Filling up the DagBag from /opt/airflow/dags/stop_live_stream_dags.py
[2022-05-13 09:43:11,474] {processor.py:651} INFO - DAG(s) dict_keys(['stop_live_stream_Dag']) retrieved from /opt/airflow/dags/stop_live_stream_dags.py
[2022-05-13 09:43:11,491] {logging_mixin.py:115} INFO - [2022-05-13 09:43:11,491] {dag.py:2371} INFO - Sync 1 DAGs
[2022-05-13 09:43:11,505] {logging_mixin.py:115} INFO - [2022-05-13 09:43:11,505] {dag.py:2919} INFO - Setting next_dagrun for stop_live_stream_Dag to 2022-05-12T18:00:00+00:00, run_after=2022-05-13T18:00:00+00:00
[2022-05-13 09:43:11,513] {processor.py:161} INFO - Processing /opt/airflow/dags/stop_live_stream_dags.py took 0.055 seconds
[2022-05-13 09:43:42,294] {processor.py:153} INFO - Started process (PID=2536) to work on /opt/airflow/dags/stop_live_stream_dags.py
[2022-05-13 09:43:42,295] {processor.py:641} INFO - Processing file /opt/airflow/dags/stop_live_stream_dags.py for tasks to queue
[2022-05-13 09:43:42,296] {logging_mixin.py:115} INFO - [2022-05-13 09:43:42,296] {dagbag.py:507} INFO - Filling up the DagBag from /opt/airflow/dags/stop_live_stream_dags.py
[2022-05-13 09:43:42,308] {processor.py:651} INFO - DAG(s) dict_keys(['stop_live_stream_Dag']) retrieved from /opt/airflow/dags/stop_live_stream_dags.py
[2022-05-13 09:43:42,323] {logging_mixin.py:115} INFO - [2022-05-13 09:43:42,323] {dag.py:2371} INFO - Sync 1 DAGs
[2022-05-13 09:43:42,337] {logging_mixin.py:115} INFO - [2022-05-13 09:43:42,337] {dag.py:2919} INFO - Setting next_dagrun for stop_live_stream_Dag to 2022-05-12T18:00:00+00:00, run_after=2022-05-13T18:00:00+00:00
[2022-05-13 09:43:42,344] {processor.py:161} INFO - Processing /opt/airflow/dags/stop_live_stream_dags.py took 0.052 seconds
[2022-05-13 09:44:13,064] {processor.py:153} INFO - Started process (PID=2742) to work on /opt/airflow/dags/stop_live_stream_dags.py
[2022-05-13 09:44:13,065] {processor.py:641} INFO - Processing file /opt/airflow/dags/stop_live_stream_dags.py for tasks to queue
[2022-05-13 09:44:13,066] {logging_mixin.py:115} INFO - [2022-05-13 09:44:13,066] {dagbag.py:507} INFO - Filling up the DagBag from /opt/airflow/dags/stop_live_stream_dags.py
[2022-05-13 09:44:13,077] {processor.py:651} INFO - DAG(s) dict_keys(['stop_live_stream_Dag']) retrieved from /opt/airflow/dags/stop_live_stream_dags.py
[2022-05-13 09:44:13,092] {logging_mixin.py:115} INFO - [2022-05-13 09:44:13,092] {dag.py:2371} INFO - Sync 1 DAGs
[2022-05-13 09:44:13,105] {logging_mixin.py:115} INFO - [2022-05-13 09:44:13,105] {dag.py:2919} INFO - Setting next_dagrun for stop_live_stream_Dag to 2022-05-12T18:00:00+00:00, run_after=2022-05-13T18:00:00+00:00
[2022-05-13 09:44:13,111] {processor.py:161} INFO - Processing /opt/airflow/dags/stop_live_stream_dags.py took 0.049 seconds
[2022-05-13 09:44:43,848] {processor.py:153} INFO - Started process (PID=2958) to work on /opt/airflow/dags/stop_live_stream_dags.py
[2022-05-13 09:44:43,849] {processor.py:641} INFO - Processing file /opt/airflow/dags/stop_live_stream_dags.py for tasks to queue
[2022-05-13 09:44:43,850] {logging_mixin.py:115} INFO - [2022-05-13 09:44:43,850] {dagbag.py:507} INFO - Filling up the DagBag from /opt/airflow/dags/stop_live_stream_dags.py
[2022-05-13 09:44:43,861] {processor.py:651} INFO - DAG(s) dict_keys(['stop_live_stream_Dag']) retrieved from /opt/airflow/dags/stop_live_stream_dags.py
[2022-05-13 09:44:43,876] {logging_mixin.py:115} INFO - [2022-05-13 09:44:43,875] {dag.py:2371} INFO - Sync 1 DAGs
[2022-05-13 09:44:43,887] {logging_mixin.py:115} INFO - [2022-05-13 09:44:43,887] {dag.py:2919} INFO - Setting next_dagrun for stop_live_stream_Dag to 2022-05-12T18:00:00+00:00, run_after=2022-05-13T18:00:00+00:00
[2022-05-13 09:44:43,892] {processor.py:161} INFO - Processing /opt/airflow/dags/stop_live_stream_dags.py took 0.047 seconds
[2022-05-13 09:45:14,639] {processor.py:153} INFO - Started process (PID=3176) to work on /opt/airflow/dags/stop_live_stream_dags.py
[2022-05-13 09:45:14,641] {processor.py:641} INFO - Processing file /opt/airflow/dags/stop_live_stream_dags.py for tasks to queue
[2022-05-13 09:45:14,641] {logging_mixin.py:115} INFO - [2022-05-13 09:45:14,641] {dagbag.py:507} INFO - Filling up the DagBag from /opt/airflow/dags/stop_live_stream_dags.py
[2022-05-13 09:45:14,652] {processor.py:651} INFO - DAG(s) dict_keys(['stop_live_stream_Dag']) retrieved from /opt/airflow/dags/stop_live_stream_dags.py
[2022-05-13 09:45:14,667] {logging_mixin.py:115} INFO - [2022-05-13 09:45:14,667] {dag.py:2371} INFO - Sync 1 DAGs
[2022-05-13 09:45:14,679] {logging_mixin.py:115} INFO - [2022-05-13 09:45:14,679] {dag.py:2919} INFO - Setting next_dagrun for stop_live_stream_Dag to 2022-05-12T18:00:00+00:00, run_after=2022-05-13T18:00:00+00:00
[2022-05-13 09:45:14,685] {processor.py:161} INFO - Processing /opt/airflow/dags/stop_live_stream_dags.py took 0.048 seconds
[2022-05-13 09:45:45,495] {processor.py:153} INFO - Started process (PID=3391) to work on /opt/airflow/dags/stop_live_stream_dags.py
[2022-05-13 09:45:45,496] {processor.py:641} INFO - Processing file /opt/airflow/dags/stop_live_stream_dags.py for tasks to queue
[2022-05-13 09:45:45,496] {logging_mixin.py:115} INFO - [2022-05-13 09:45:45,496] {dagbag.py:507} INFO - Filling up the DagBag from /opt/airflow/dags/stop_live_stream_dags.py
[2022-05-13 09:45:45,507] {processor.py:651} INFO - DAG(s) dict_keys(['stop_live_stream_Dag']) retrieved from /opt/airflow/dags/stop_live_stream_dags.py
[2022-05-13 09:45:45,535] {logging_mixin.py:115} INFO - [2022-05-13 09:45:45,535] {dag.py:2371} INFO - Sync 1 DAGs
[2022-05-13 09:45:45,552] {logging_mixin.py:115} INFO - [2022-05-13 09:45:45,552] {dag.py:2919} INFO - Setting next_dagrun for stop_live_stream_Dag to 2022-05-12T18:00:00+00:00, run_after=2022-05-13T18:00:00+00:00
[2022-05-13 09:45:45,564] {processor.py:161} INFO - Processing /opt/airflow/dags/stop_live_stream_dags.py took 0.072 seconds
