[2022-05-13 03:38:56,596] {processor.py:153} INFO - Started process (PID=170) to work on /opt/airflow/dags/update_country_dag.py
[2022-05-13 03:38:56,598] {processor.py:641} INFO - Processing file /opt/airflow/dags/update_country_dag.py for tasks to queue
[2022-05-13 03:38:56,599] {logging_mixin.py:115} INFO - [2022-05-13 03:38:56,599] {dagbag.py:507} INFO - Filling up the DagBag from /opt/airflow/dags/update_country_dag.py
[2022-05-13 03:38:56,640] {processor.py:651} INFO - DAG(s) dict_keys(['Update_Country_Dag']) retrieved from /opt/airflow/dags/update_country_dag.py
[2022-05-13 03:38:56,674] {logging_mixin.py:115} INFO - [2022-05-13 03:38:56,674] {dag.py:2371} INFO - Sync 1 DAGs
[2022-05-13 03:38:56,729] {logging_mixin.py:115} INFO - [2022-05-13 03:38:56,728] {dag.py:2919} INFO - Setting next_dagrun for Update_Country_Dag to 2022-05-12T18:00:00+00:00, run_after=2022-05-13T18:00:00+00:00
[2022-05-13 03:38:56,738] {processor.py:161} INFO - Processing /opt/airflow/dags/update_country_dag.py took 0.144 seconds
[2022-05-13 03:39:27,575] {processor.py:153} INFO - Started process (PID=455) to work on /opt/airflow/dags/update_country_dag.py
[2022-05-13 03:39:27,577] {processor.py:641} INFO - Processing file /opt/airflow/dags/update_country_dag.py for tasks to queue
[2022-05-13 03:39:27,578] {logging_mixin.py:115} INFO - [2022-05-13 03:39:27,578] {dagbag.py:507} INFO - Filling up the DagBag from /opt/airflow/dags/update_country_dag.py
[2022-05-13 03:39:27,618] {processor.py:651} INFO - DAG(s) dict_keys(['Update_Country_Dag']) retrieved from /opt/airflow/dags/update_country_dag.py
[2022-05-13 03:39:27,643] {logging_mixin.py:115} INFO - [2022-05-13 03:39:27,643] {dag.py:2371} INFO - Sync 1 DAGs
[2022-05-13 03:39:27,659] {logging_mixin.py:115} INFO - [2022-05-13 03:39:27,659] {dag.py:2919} INFO - Setting next_dagrun for Update_Country_Dag to 2022-05-12T18:00:00+00:00, run_after=2022-05-13T18:00:00+00:00
[2022-05-13 03:39:27,667] {processor.py:161} INFO - Processing /opt/airflow/dags/update_country_dag.py took 0.096 seconds
[2022-05-13 03:39:57,716] {processor.py:153} INFO - Started process (PID=842) to work on /opt/airflow/dags/update_country_dag.py
[2022-05-13 03:39:57,717] {processor.py:641} INFO - Processing file /opt/airflow/dags/update_country_dag.py for tasks to queue
[2022-05-13 03:39:57,719] {logging_mixin.py:115} INFO - [2022-05-13 03:39:57,719] {dagbag.py:507} INFO - Filling up the DagBag from /opt/airflow/dags/update_country_dag.py
[2022-05-13 03:39:57,788] {processor.py:651} INFO - DAG(s) dict_keys(['Update_Country_Dag']) retrieved from /opt/airflow/dags/update_country_dag.py
[2022-05-13 03:39:57,846] {logging_mixin.py:115} INFO - [2022-05-13 03:39:57,846] {dag.py:2371} INFO - Sync 1 DAGs
[2022-05-13 03:39:57,888] {logging_mixin.py:115} INFO - [2022-05-13 03:39:57,888] {dag.py:2919} INFO - Setting next_dagrun for Update_Country_Dag to 2022-05-12T18:00:00+00:00, run_after=2022-05-13T18:00:00+00:00
[2022-05-13 03:39:57,900] {processor.py:161} INFO - Processing /opt/airflow/dags/update_country_dag.py took 0.188 seconds
[2022-05-13 03:40:28,542] {processor.py:153} INFO - Started process (PID=1062) to work on /opt/airflow/dags/update_country_dag.py
[2022-05-13 03:40:28,544] {processor.py:641} INFO - Processing file /opt/airflow/dags/update_country_dag.py for tasks to queue
[2022-05-13 03:40:28,546] {logging_mixin.py:115} INFO - [2022-05-13 03:40:28,546] {dagbag.py:507} INFO - Filling up the DagBag from /opt/airflow/dags/update_country_dag.py
[2022-05-13 03:40:28,594] {processor.py:651} INFO - DAG(s) dict_keys(['Update_Country_Dag']) retrieved from /opt/airflow/dags/update_country_dag.py
[2022-05-13 03:40:28,639] {logging_mixin.py:115} INFO - [2022-05-13 03:40:28,639] {dag.py:2371} INFO - Sync 1 DAGs
[2022-05-13 03:40:28,675] {logging_mixin.py:115} INFO - [2022-05-13 03:40:28,674] {dag.py:2919} INFO - Setting next_dagrun for Update_Country_Dag to 2022-05-12T18:00:00+00:00, run_after=2022-05-13T18:00:00+00:00
[2022-05-13 03:40:28,686] {processor.py:161} INFO - Processing /opt/airflow/dags/update_country_dag.py took 0.148 seconds
[2022-05-13 03:40:58,810] {processor.py:153} INFO - Started process (PID=1485) to work on /opt/airflow/dags/update_country_dag.py
[2022-05-13 03:40:58,812] {processor.py:641} INFO - Processing file /opt/airflow/dags/update_country_dag.py for tasks to queue
[2022-05-13 03:40:58,813] {logging_mixin.py:115} INFO - [2022-05-13 03:40:58,813] {dagbag.py:507} INFO - Filling up the DagBag from /opt/airflow/dags/update_country_dag.py
[2022-05-13 03:40:58,889] {processor.py:651} INFO - DAG(s) dict_keys(['Update_Country_Dag']) retrieved from /opt/airflow/dags/update_country_dag.py
[2022-05-13 03:40:58,952] {logging_mixin.py:115} INFO - [2022-05-13 03:40:58,952] {dag.py:2371} INFO - Sync 1 DAGs
[2022-05-13 03:40:59,000] {logging_mixin.py:115} INFO - [2022-05-13 03:40:59,000] {dag.py:2919} INFO - Setting next_dagrun for Update_Country_Dag to 2022-05-12T18:00:00+00:00, run_after=2022-05-13T18:00:00+00:00
[2022-05-13 03:40:59,029] {processor.py:161} INFO - Processing /opt/airflow/dags/update_country_dag.py took 0.225 seconds
[2022-05-13 03:41:29,078] {processor.py:153} INFO - Started process (PID=1701) to work on /opt/airflow/dags/update_country_dag.py
[2022-05-13 03:41:29,080] {processor.py:641} INFO - Processing file /opt/airflow/dags/update_country_dag.py for tasks to queue
[2022-05-13 03:41:29,081] {logging_mixin.py:115} INFO - [2022-05-13 03:41:29,081] {dagbag.py:507} INFO - Filling up the DagBag from /opt/airflow/dags/update_country_dag.py
[2022-05-13 03:41:29,121] {processor.py:651} INFO - DAG(s) dict_keys(['Update_Country_Dag']) retrieved from /opt/airflow/dags/update_country_dag.py
[2022-05-13 03:41:29,147] {logging_mixin.py:115} INFO - [2022-05-13 03:41:29,147] {dag.py:2371} INFO - Sync 1 DAGs
[2022-05-13 03:41:29,167] {logging_mixin.py:115} INFO - [2022-05-13 03:41:29,167] {dag.py:2919} INFO - Setting next_dagrun for Update_Country_Dag to 2022-05-12T18:00:00+00:00, run_after=2022-05-13T18:00:00+00:00
[2022-05-13 03:41:29,177] {processor.py:161} INFO - Processing /opt/airflow/dags/update_country_dag.py took 0.103 seconds
[2022-05-13 03:42:00,183] {processor.py:153} INFO - Started process (PID=1940) to work on /opt/airflow/dags/update_country_dag.py
[2022-05-13 03:42:00,185] {processor.py:641} INFO - Processing file /opt/airflow/dags/update_country_dag.py for tasks to queue
[2022-05-13 03:42:00,187] {logging_mixin.py:115} INFO - [2022-05-13 03:42:00,187] {dagbag.py:507} INFO - Filling up the DagBag from /opt/airflow/dags/update_country_dag.py
[2022-05-13 03:42:00,223] {processor.py:651} INFO - DAG(s) dict_keys(['Update_Country_Dag']) retrieved from /opt/airflow/dags/update_country_dag.py
[2022-05-13 03:42:00,252] {logging_mixin.py:115} INFO - [2022-05-13 03:42:00,251] {dag.py:2371} INFO - Sync 1 DAGs
[2022-05-13 03:42:00,269] {logging_mixin.py:115} INFO - [2022-05-13 03:42:00,269] {dag.py:2919} INFO - Setting next_dagrun for Update_Country_Dag to 2022-05-12T18:00:00+00:00, run_after=2022-05-13T18:00:00+00:00
[2022-05-13 03:42:00,277] {processor.py:161} INFO - Processing /opt/airflow/dags/update_country_dag.py took 0.099 seconds
[2022-05-13 03:42:31,194] {processor.py:153} INFO - Started process (PID=2154) to work on /opt/airflow/dags/update_country_dag.py
[2022-05-13 03:42:31,196] {processor.py:641} INFO - Processing file /opt/airflow/dags/update_country_dag.py for tasks to queue
[2022-05-13 03:42:31,198] {logging_mixin.py:115} INFO - [2022-05-13 03:42:31,198] {dagbag.py:507} INFO - Filling up the DagBag from /opt/airflow/dags/update_country_dag.py
[2022-05-13 03:42:31,224] {processor.py:651} INFO - DAG(s) dict_keys(['Update_Country_Dag']) retrieved from /opt/airflow/dags/update_country_dag.py
[2022-05-13 03:42:31,254] {logging_mixin.py:115} INFO - [2022-05-13 03:42:31,254] {dag.py:2371} INFO - Sync 1 DAGs
[2022-05-13 03:42:31,274] {logging_mixin.py:115} INFO - [2022-05-13 03:42:31,274] {dag.py:2919} INFO - Setting next_dagrun for Update_Country_Dag to 2022-05-12T18:00:00+00:00, run_after=2022-05-13T18:00:00+00:00
[2022-05-13 03:42:31,285] {processor.py:161} INFO - Processing /opt/airflow/dags/update_country_dag.py took 0.097 seconds
[2022-05-13 03:43:01,999] {processor.py:153} INFO - Started process (PID=2372) to work on /opt/airflow/dags/update_country_dag.py
[2022-05-13 03:43:02,003] {processor.py:641} INFO - Processing file /opt/airflow/dags/update_country_dag.py for tasks to queue
[2022-05-13 03:43:02,013] {logging_mixin.py:115} INFO - [2022-05-13 03:43:02,013] {dagbag.py:507} INFO - Filling up the DagBag from /opt/airflow/dags/update_country_dag.py
[2022-05-13 03:43:02,111] {processor.py:651} INFO - DAG(s) dict_keys(['Update_Country_Dag']) retrieved from /opt/airflow/dags/update_country_dag.py
[2022-05-13 03:43:02,229] {logging_mixin.py:115} INFO - [2022-05-13 03:43:02,228] {dag.py:2371} INFO - Sync 1 DAGs
[2022-05-13 03:43:02,328] {logging_mixin.py:115} INFO - [2022-05-13 03:43:02,328] {dag.py:2919} INFO - Setting next_dagrun for Update_Country_Dag to 2022-05-12T18:00:00+00:00, run_after=2022-05-13T18:00:00+00:00
[2022-05-13 03:43:02,364] {processor.py:161} INFO - Processing /opt/airflow/dags/update_country_dag.py took 0.383 seconds
[2022-05-13 03:59:29,696] {processor.py:153} INFO - Started process (PID=170) to work on /opt/airflow/dags/update_country_dag.py
[2022-05-13 03:59:29,697] {processor.py:641} INFO - Processing file /opt/airflow/dags/update_country_dag.py for tasks to queue
[2022-05-13 03:59:29,698] {logging_mixin.py:115} INFO - [2022-05-13 03:59:29,698] {dagbag.py:507} INFO - Filling up the DagBag from /opt/airflow/dags/update_country_dag.py
[2022-05-13 03:59:29,766] {processor.py:651} INFO - DAG(s) dict_keys(['Update_Country_Dag']) retrieved from /opt/airflow/dags/update_country_dag.py
[2022-05-13 03:59:29,824] {logging_mixin.py:115} INFO - [2022-05-13 03:59:29,824] {dag.py:2371} INFO - Sync 1 DAGs
[2022-05-13 03:59:29,854] {logging_mixin.py:115} INFO - [2022-05-13 03:59:29,854] {dag.py:2919} INFO - Setting next_dagrun for Update_Country_Dag to 2022-05-12T18:00:00+00:00, run_after=2022-05-13T18:00:00+00:00
[2022-05-13 03:59:29,883] {processor.py:161} INFO - Processing /opt/airflow/dags/update_country_dag.py took 0.192 seconds
[2022-05-13 04:00:00,938] {processor.py:153} INFO - Started process (PID=386) to work on /opt/airflow/dags/update_country_dag.py
[2022-05-13 04:00:00,943] {processor.py:641} INFO - Processing file /opt/airflow/dags/update_country_dag.py for tasks to queue
[2022-05-13 04:00:00,945] {logging_mixin.py:115} INFO - [2022-05-13 04:00:00,945] {dagbag.py:507} INFO - Filling up the DagBag from /opt/airflow/dags/update_country_dag.py
[2022-05-13 04:00:01,001] {processor.py:651} INFO - DAG(s) dict_keys(['Update_Country_Dag']) retrieved from /opt/airflow/dags/update_country_dag.py
[2022-05-13 04:00:01,032] {logging_mixin.py:115} INFO - [2022-05-13 04:00:01,032] {dag.py:2371} INFO - Sync 1 DAGs
[2022-05-13 04:00:01,047] {logging_mixin.py:115} INFO - [2022-05-13 04:00:01,047] {dag.py:2919} INFO - Setting next_dagrun for Update_Country_Dag to 2022-05-12T18:00:00+00:00, run_after=2022-05-13T18:00:00+00:00
[2022-05-13 04:00:01,059] {processor.py:161} INFO - Processing /opt/airflow/dags/update_country_dag.py took 0.126 seconds
[2022-05-13 04:00:31,844] {processor.py:153} INFO - Started process (PID=675) to work on /opt/airflow/dags/update_country_dag.py
[2022-05-13 04:00:31,845] {processor.py:641} INFO - Processing file /opt/airflow/dags/update_country_dag.py for tasks to queue
[2022-05-13 04:00:31,847] {logging_mixin.py:115} INFO - [2022-05-13 04:00:31,847] {dagbag.py:507} INFO - Filling up the DagBag from /opt/airflow/dags/update_country_dag.py
[2022-05-13 04:00:31,868] {processor.py:651} INFO - DAG(s) dict_keys(['Update_Country_Dag']) retrieved from /opt/airflow/dags/update_country_dag.py
[2022-05-13 04:00:31,886] {logging_mixin.py:115} INFO - [2022-05-13 04:00:31,886] {dag.py:2371} INFO - Sync 1 DAGs
[2022-05-13 04:00:31,900] {logging_mixin.py:115} INFO - [2022-05-13 04:00:31,900] {dag.py:2919} INFO - Setting next_dagrun for Update_Country_Dag to 2022-05-12T18:00:00+00:00, run_after=2022-05-13T18:00:00+00:00
[2022-05-13 04:00:31,907] {processor.py:161} INFO - Processing /opt/airflow/dags/update_country_dag.py took 0.067 seconds
[2022-05-13 04:01:02,756] {processor.py:153} INFO - Started process (PID=958) to work on /opt/airflow/dags/update_country_dag.py
[2022-05-13 04:01:02,758] {processor.py:641} INFO - Processing file /opt/airflow/dags/update_country_dag.py for tasks to queue
[2022-05-13 04:01:02,760] {logging_mixin.py:115} INFO - [2022-05-13 04:01:02,760] {dagbag.py:507} INFO - Filling up the DagBag from /opt/airflow/dags/update_country_dag.py
[2022-05-13 04:01:02,785] {processor.py:651} INFO - DAG(s) dict_keys(['Update_Country_Dag']) retrieved from /opt/airflow/dags/update_country_dag.py
[2022-05-13 04:01:02,809] {logging_mixin.py:115} INFO - [2022-05-13 04:01:02,809] {dag.py:2371} INFO - Sync 1 DAGs
[2022-05-13 04:01:02,824] {logging_mixin.py:115} INFO - [2022-05-13 04:01:02,824] {dag.py:2919} INFO - Setting next_dagrun for Update_Country_Dag to 2022-05-12T18:00:00+00:00, run_after=2022-05-13T18:00:00+00:00
[2022-05-13 04:01:02,839] {processor.py:161} INFO - Processing /opt/airflow/dags/update_country_dag.py took 0.086 seconds
[2022-05-13 04:01:33,605] {processor.py:153} INFO - Started process (PID=1608) to work on /opt/airflow/dags/update_country_dag.py
[2022-05-13 04:01:33,608] {processor.py:641} INFO - Processing file /opt/airflow/dags/update_country_dag.py for tasks to queue
[2022-05-13 04:01:33,611] {logging_mixin.py:115} INFO - [2022-05-13 04:01:33,611] {dagbag.py:507} INFO - Filling up the DagBag from /opt/airflow/dags/update_country_dag.py
[2022-05-13 04:01:33,736] {processor.py:651} INFO - DAG(s) dict_keys(['Update_Country_Dag']) retrieved from /opt/airflow/dags/update_country_dag.py
[2022-05-13 04:01:33,827] {logging_mixin.py:115} INFO - [2022-05-13 04:01:33,827] {dag.py:2371} INFO - Sync 1 DAGs
[2022-05-13 04:01:33,897] {logging_mixin.py:115} INFO - [2022-05-13 04:01:33,897] {dag.py:2919} INFO - Setting next_dagrun for Update_Country_Dag to 2022-05-12T18:00:00+00:00, run_after=2022-05-13T18:00:00+00:00
[2022-05-13 04:01:33,924] {processor.py:161} INFO - Processing /opt/airflow/dags/update_country_dag.py took 0.323 seconds
[2022-05-13 04:02:04,112] {processor.py:153} INFO - Started process (PID=1847) to work on /opt/airflow/dags/update_country_dag.py
[2022-05-13 04:02:04,114] {processor.py:641} INFO - Processing file /opt/airflow/dags/update_country_dag.py for tasks to queue
[2022-05-13 04:02:04,116] {logging_mixin.py:115} INFO - [2022-05-13 04:02:04,116] {dagbag.py:507} INFO - Filling up the DagBag from /opt/airflow/dags/update_country_dag.py
[2022-05-13 04:02:04,155] {processor.py:651} INFO - DAG(s) dict_keys(['Update_Country_Dag']) retrieved from /opt/airflow/dags/update_country_dag.py
[2022-05-13 04:02:04,187] {logging_mixin.py:115} INFO - [2022-05-13 04:02:04,186] {dag.py:2371} INFO - Sync 1 DAGs
[2022-05-13 04:02:04,202] {logging_mixin.py:115} INFO - [2022-05-13 04:02:04,202] {dag.py:2919} INFO - Setting next_dagrun for Update_Country_Dag to 2022-05-12T18:00:00+00:00, run_after=2022-05-13T18:00:00+00:00
[2022-05-13 04:02:04,210] {processor.py:161} INFO - Processing /opt/airflow/dags/update_country_dag.py took 0.105 seconds
[2022-05-13 04:02:35,169] {processor.py:153} INFO - Started process (PID=2072) to work on /opt/airflow/dags/update_country_dag.py
[2022-05-13 04:02:35,170] {processor.py:641} INFO - Processing file /opt/airflow/dags/update_country_dag.py for tasks to queue
[2022-05-13 04:02:35,175] {logging_mixin.py:115} INFO - [2022-05-13 04:02:35,175] {dagbag.py:507} INFO - Filling up the DagBag from /opt/airflow/dags/update_country_dag.py
[2022-05-13 04:02:35,218] {processor.py:651} INFO - DAG(s) dict_keys(['Update_Country_Dag']) retrieved from /opt/airflow/dags/update_country_dag.py
[2022-05-13 04:02:35,248] {logging_mixin.py:115} INFO - [2022-05-13 04:02:35,247] {dag.py:2371} INFO - Sync 1 DAGs
[2022-05-13 04:02:35,266] {logging_mixin.py:115} INFO - [2022-05-13 04:02:35,266] {dag.py:2919} INFO - Setting next_dagrun for Update_Country_Dag to 2022-05-12T18:00:00+00:00, run_after=2022-05-13T18:00:00+00:00
[2022-05-13 04:02:35,278] {processor.py:161} INFO - Processing /opt/airflow/dags/update_country_dag.py took 0.112 seconds
[2022-05-13 04:03:05,751] {processor.py:153} INFO - Started process (PID=2502) to work on /opt/airflow/dags/update_country_dag.py
[2022-05-13 04:03:05,752] {processor.py:641} INFO - Processing file /opt/airflow/dags/update_country_dag.py for tasks to queue
[2022-05-13 04:03:05,755] {logging_mixin.py:115} INFO - [2022-05-13 04:03:05,755] {dagbag.py:507} INFO - Filling up the DagBag from /opt/airflow/dags/update_country_dag.py
[2022-05-13 04:03:05,801] {processor.py:651} INFO - DAG(s) dict_keys(['Update_Country_Dag']) retrieved from /opt/airflow/dags/update_country_dag.py
[2022-05-13 04:03:05,839] {logging_mixin.py:115} INFO - [2022-05-13 04:03:05,838] {dag.py:2371} INFO - Sync 1 DAGs
[2022-05-13 04:03:05,859] {logging_mixin.py:115} INFO - [2022-05-13 04:03:05,859] {dag.py:2919} INFO - Setting next_dagrun for Update_Country_Dag to 2022-05-12T18:00:00+00:00, run_after=2022-05-13T18:00:00+00:00
[2022-05-13 04:03:05,868] {processor.py:161} INFO - Processing /opt/airflow/dags/update_country_dag.py took 0.123 seconds
[2022-05-13 04:03:36,900] {processor.py:153} INFO - Started process (PID=2739) to work on /opt/airflow/dags/update_country_dag.py
[2022-05-13 04:03:36,902] {processor.py:641} INFO - Processing file /opt/airflow/dags/update_country_dag.py for tasks to queue
[2022-05-13 04:03:36,903] {logging_mixin.py:115} INFO - [2022-05-13 04:03:36,903] {dagbag.py:507} INFO - Filling up the DagBag from /opt/airflow/dags/update_country_dag.py
[2022-05-13 04:03:36,940] {processor.py:651} INFO - DAG(s) dict_keys(['Update_Country_Dag']) retrieved from /opt/airflow/dags/update_country_dag.py
[2022-05-13 04:03:36,966] {logging_mixin.py:115} INFO - [2022-05-13 04:03:36,966] {dag.py:2371} INFO - Sync 1 DAGs
[2022-05-13 04:03:36,990] {logging_mixin.py:115} INFO - [2022-05-13 04:03:36,990] {dag.py:2919} INFO - Setting next_dagrun for Update_Country_Dag to 2022-05-12T18:00:00+00:00, run_after=2022-05-13T18:00:00+00:00
[2022-05-13 04:03:37,005] {processor.py:161} INFO - Processing /opt/airflow/dags/update_country_dag.py took 0.108 seconds
[2022-05-13 06:14:11,768] {processor.py:153} INFO - Started process (PID=168) to work on /opt/airflow/dags/update_country_dag.py
[2022-05-13 06:14:11,769] {processor.py:641} INFO - Processing file /opt/airflow/dags/update_country_dag.py for tasks to queue
[2022-05-13 06:14:11,770] {logging_mixin.py:115} INFO - [2022-05-13 06:14:11,770] {dagbag.py:507} INFO - Filling up the DagBag from /opt/airflow/dags/update_country_dag.py
[2022-05-13 06:14:11,805] {processor.py:651} INFO - DAG(s) dict_keys(['Update_Country_Dag']) retrieved from /opt/airflow/dags/update_country_dag.py
[2022-05-13 06:14:11,828] {logging_mixin.py:115} INFO - [2022-05-13 06:14:11,828] {dag.py:2371} INFO - Sync 1 DAGs
[2022-05-13 06:14:11,845] {logging_mixin.py:115} INFO - [2022-05-13 06:14:11,845] {dag.py:2919} INFO - Setting next_dagrun for Update_Country_Dag to 2022-05-12T18:00:00+00:00, run_after=2022-05-13T18:00:00+00:00
[2022-05-13 06:14:11,852] {processor.py:161} INFO - Processing /opt/airflow/dags/update_country_dag.py took 0.087 seconds
[2022-05-13 06:14:42,758] {processor.py:153} INFO - Started process (PID=448) to work on /opt/airflow/dags/update_country_dag.py
[2022-05-13 06:14:42,760] {processor.py:641} INFO - Processing file /opt/airflow/dags/update_country_dag.py for tasks to queue
[2022-05-13 06:14:42,762] {logging_mixin.py:115} INFO - [2022-05-13 06:14:42,762] {dagbag.py:507} INFO - Filling up the DagBag from /opt/airflow/dags/update_country_dag.py
[2022-05-13 06:14:42,790] {processor.py:651} INFO - DAG(s) dict_keys(['Update_Country_Dag']) retrieved from /opt/airflow/dags/update_country_dag.py
[2022-05-13 06:14:42,819] {logging_mixin.py:115} INFO - [2022-05-13 06:14:42,819] {dag.py:2371} INFO - Sync 1 DAGs
[2022-05-13 06:14:42,837] {logging_mixin.py:115} INFO - [2022-05-13 06:14:42,837] {dag.py:2919} INFO - Setting next_dagrun for Update_Country_Dag to 2022-05-12T18:00:00+00:00, run_after=2022-05-13T18:00:00+00:00
[2022-05-13 06:14:42,852] {processor.py:161} INFO - Processing /opt/airflow/dags/update_country_dag.py took 0.099 seconds
[2022-05-13 06:15:13,732] {processor.py:153} INFO - Started process (PID=668) to work on /opt/airflow/dags/update_country_dag.py
[2022-05-13 06:15:13,734] {processor.py:641} INFO - Processing file /opt/airflow/dags/update_country_dag.py for tasks to queue
[2022-05-13 06:15:13,736] {logging_mixin.py:115} INFO - [2022-05-13 06:15:13,735] {dagbag.py:507} INFO - Filling up the DagBag from /opt/airflow/dags/update_country_dag.py
[2022-05-13 06:15:13,760] {processor.py:651} INFO - DAG(s) dict_keys(['Update_Country_Dag']) retrieved from /opt/airflow/dags/update_country_dag.py
[2022-05-13 06:15:13,776] {logging_mixin.py:115} INFO - [2022-05-13 06:15:13,776] {dag.py:2371} INFO - Sync 1 DAGs
[2022-05-13 06:15:13,790] {logging_mixin.py:115} INFO - [2022-05-13 06:15:13,790] {dag.py:2919} INFO - Setting next_dagrun for Update_Country_Dag to 2022-05-12T18:00:00+00:00, run_after=2022-05-13T18:00:00+00:00
[2022-05-13 06:15:13,796] {processor.py:161} INFO - Processing /opt/airflow/dags/update_country_dag.py took 0.066 seconds
[2022-05-13 06:15:44,692] {processor.py:153} INFO - Started process (PID=1053) to work on /opt/airflow/dags/update_country_dag.py
[2022-05-13 06:15:44,694] {processor.py:641} INFO - Processing file /opt/airflow/dags/update_country_dag.py for tasks to queue
[2022-05-13 06:15:44,695] {logging_mixin.py:115} INFO - [2022-05-13 06:15:44,695] {dagbag.py:507} INFO - Filling up the DagBag from /opt/airflow/dags/update_country_dag.py
[2022-05-13 06:15:44,734] {processor.py:651} INFO - DAG(s) dict_keys(['Update_Country_Dag']) retrieved from /opt/airflow/dags/update_country_dag.py
[2022-05-13 06:15:44,765] {logging_mixin.py:115} INFO - [2022-05-13 06:15:44,765] {dag.py:2371} INFO - Sync 1 DAGs
[2022-05-13 06:15:44,799] {logging_mixin.py:115} INFO - [2022-05-13 06:15:44,798] {dag.py:2919} INFO - Setting next_dagrun for Update_Country_Dag to 2022-05-12T18:00:00+00:00, run_after=2022-05-13T18:00:00+00:00
[2022-05-13 06:15:44,827] {processor.py:161} INFO - Processing /opt/airflow/dags/update_country_dag.py took 0.143 seconds
[2022-05-13 06:16:15,687] {processor.py:153} INFO - Started process (PID=1281) to work on /opt/airflow/dags/update_country_dag.py
[2022-05-13 06:16:15,690] {processor.py:641} INFO - Processing file /opt/airflow/dags/update_country_dag.py for tasks to queue
[2022-05-13 06:16:15,692] {logging_mixin.py:115} INFO - [2022-05-13 06:16:15,692] {dagbag.py:507} INFO - Filling up the DagBag from /opt/airflow/dags/update_country_dag.py
[2022-05-13 06:16:15,724] {processor.py:651} INFO - DAG(s) dict_keys(['Update_Country_Dag']) retrieved from /opt/airflow/dags/update_country_dag.py
[2022-05-13 06:16:15,756] {logging_mixin.py:115} INFO - [2022-05-13 06:16:15,756] {dag.py:2371} INFO - Sync 1 DAGs
[2022-05-13 06:16:15,779] {logging_mixin.py:115} INFO - [2022-05-13 06:16:15,778] {dag.py:2919} INFO - Setting next_dagrun for Update_Country_Dag to 2022-05-12T18:00:00+00:00, run_after=2022-05-13T18:00:00+00:00
[2022-05-13 06:16:15,790] {processor.py:161} INFO - Processing /opt/airflow/dags/update_country_dag.py took 0.112 seconds
