[2022-05-13 06:14:30,116] {taskinstance.py:1159} INFO - Dependencies all met for <TaskInstance: live_stream_Dag.consumer_twitter_data manual__2022-05-13T06:14:29.666832+00:00 [queued]>
[2022-05-13 06:14:30,123] {taskinstance.py:1159} INFO - Dependencies all met for <TaskInstance: live_stream_Dag.consumer_twitter_data manual__2022-05-13T06:14:29.666832+00:00 [queued]>
[2022-05-13 06:14:30,124] {taskinstance.py:1356} INFO - 
--------------------------------------------------------------------------------
[2022-05-13 06:14:30,125] {taskinstance.py:1357} INFO - Starting attempt 1 of 2
[2022-05-13 06:14:30,126] {taskinstance.py:1358} INFO - 
--------------------------------------------------------------------------------
[2022-05-13 06:14:30,135] {taskinstance.py:1377} INFO - Executing <Task(BashOperator): consumer_twitter_data> on 2022-05-13 06:14:29.666832+00:00
[2022-05-13 06:14:30,140] {standard_task_runner.py:52} INFO - Started process 372 to run task
[2022-05-13 06:14:30,143] {standard_task_runner.py:79} INFO - Running: ['***', 'tasks', 'run', 'live_stream_Dag', 'consumer_twitter_data', 'manual__2022-05-13T06:14:29.666832+00:00', '--job-id', '121', '--raw', '--subdir', 'DAGS_FOLDER/live_stream_dag.py', '--cfg-path', '/tmp/tmpb4a3bvdg', '--error-file', '/tmp/tmp8qfof_e9']
[2022-05-13 06:14:30,145] {standard_task_runner.py:80} INFO - Job 121: Subtask consumer_twitter_data
[2022-05-13 06:14:30,199] {task_command.py:369} INFO - Running <TaskInstance: live_stream_Dag.consumer_twitter_data manual__2022-05-13T06:14:29.666832+00:00 [running]> on host 72d815214583
[2022-05-13 06:14:30,431] {taskinstance.py:1571} INFO - Exporting the following env vars:
AIRFLOW_CTX_DAG_OWNER=Airflow
AIRFLOW_CTX_DAG_ID=live_stream_Dag
AIRFLOW_CTX_TASK_ID=consumer_twitter_data
AIRFLOW_CTX_EXECUTION_DATE=2022-05-13T06:14:29.666832+00:00
AIRFLOW_CTX_TRY_NUMBER=1
AIRFLOW_CTX_DAG_RUN_ID=manual__2022-05-13T06:14:29.666832+00:00
[2022-05-13 06:14:30,433] {subprocess.py:62} INFO - Tmp dir root location: 
 /tmp
[2022-05-13 06:14:30,434] {subprocess.py:74} INFO - Running command: ['bash', '-c', 'python3 /opt/***/dags/consumer_tweets.py']
[2022-05-13 06:14:30,443] {subprocess.py:85} INFO - Output:
[2022-05-13 06:14:31,440] {subprocess.py:92} INFO - WARNING: An illegal reflective access operation has occurred
[2022-05-13 06:14:31,442] {subprocess.py:92} INFO - WARNING: Illegal reflective access by org.apache.spark.unsafe.Platform (file:/home/***/.local/lib/python3.7/site-packages/pyspark/jars/spark-unsafe_2.12-3.2.1.jar) to constructor java.nio.DirectByteBuffer(long,int)
[2022-05-13 06:14:31,444] {subprocess.py:92} INFO - WARNING: Please consider reporting this to the maintainers of org.apache.spark.unsafe.Platform
[2022-05-13 06:14:31,445] {subprocess.py:92} INFO - WARNING: Use --illegal-access=warn to enable warnings of further illegal reflective access operations
[2022-05-13 06:14:31,446] {subprocess.py:92} INFO - WARNING: All illegal access operations will be denied in a future release
[2022-05-13 06:14:31,523] {subprocess.py:92} INFO - :: loading settings :: url = jar:file:/home/***/.local/lib/python3.7/site-packages/pyspark/jars/ivy-2.5.0.jar!/org/apache/ivy/core/settings/ivysettings.xml
[2022-05-13 06:14:31,592] {subprocess.py:92} INFO - Ivy Default Cache set to: /home/***/.ivy2/cache
[2022-05-13 06:14:31,594] {subprocess.py:92} INFO - The jars for the packages stored in: /home/***/.ivy2/jars
[2022-05-13 06:14:31,596] {subprocess.py:92} INFO - org.apache.spark#spark-streaming-kafka-0-10_2.12 added as a dependency
[2022-05-13 06:14:31,597] {subprocess.py:92} INFO - org.apache.spark#spark-sql-kafka-0-10_2.12 added as a dependency
[2022-05-13 06:14:31,600] {subprocess.py:92} INFO - org.mongodb.spark#mongo-spark-connector_2.12 added as a dependency
[2022-05-13 06:14:31,601] {subprocess.py:92} INFO - :: resolving dependencies :: org.apache.spark#spark-submit-parent-39f54c15-eabc-4a87-899b-290a571628a4;1.0
[2022-05-13 06:14:31,603] {subprocess.py:92} INFO - 	confs: [default]
[2022-05-13 06:14:39,380] {subprocess.py:92} INFO - 	found org.apache.spark#spark-streaming-kafka-0-10_2.12;3.1.0 in central
[2022-05-13 06:14:41,114] {subprocess.py:92} INFO - 	found org.apache.spark#spark-token-provider-kafka-0-10_2.12;3.1.0 in central
[2022-05-13 06:14:42,975] {subprocess.py:92} INFO - 	found org.apache.kafka#kafka-clients;2.6.0 in central
[2022-05-13 06:14:44,532] {subprocess.py:92} INFO - 	found com.github.luben#zstd-jni;1.4.8-1 in central
[2022-05-13 06:14:46,059] {subprocess.py:92} INFO - 	found org.lz4#lz4-java;1.7.1 in central
[2022-05-13 06:14:47,633] {subprocess.py:92} INFO - 	found org.xerial.snappy#snappy-java;1.1.8.2 in central
[2022-05-13 06:14:51,154] {subprocess.py:92} INFO - 	found org.slf4j#slf4j-api;1.7.30 in central
[2022-05-13 06:14:54,690] {subprocess.py:92} INFO - 	found org.spark-project.spark#unused;1.0.0 in central
[2022-05-13 06:14:56,351] {subprocess.py:92} INFO - 	found org.apache.spark#spark-sql-kafka-0-10_2.12;3.1.0 in central
[2022-05-13 06:15:01,697] {subprocess.py:92} INFO - 	found org.apache.commons#commons-pool2;2.6.2 in central
[2022-05-13 06:15:03,214] {subprocess.py:92} INFO - 	found org.mongodb.spark#mongo-spark-connector_2.12;3.0.1 in central
[2022-05-13 06:15:04,679] {subprocess.py:92} INFO - 	found org.mongodb#mongodb-driver-sync;4.0.5 in central
[2022-05-13 06:15:06,226] {subprocess.py:92} INFO - 	found org.mongodb#bson;4.0.5 in central
[2022-05-13 06:15:08,344] {subprocess.py:92} INFO - 	found org.mongodb#mongodb-driver-core;4.0.5 in central
[2022-05-13 06:15:08,360] {subprocess.py:92} INFO - downloading https://repo1.maven.org/maven2/org/apache/spark/spark-streaming-kafka-0-10_2.12/3.1.0/spark-streaming-kafka-0-10_2.12-3.1.0.jar ...
[2022-05-13 06:15:08,793] {subprocess.py:92} INFO - 	[SUCCESSFUL ] org.apache.spark#spark-streaming-kafka-0-10_2.12;3.1.0!spark-streaming-kafka-0-10_2.12.jar (431ms)
[2022-05-13 06:15:08,797] {subprocess.py:92} INFO - downloading https://repo1.maven.org/maven2/org/apache/spark/spark-sql-kafka-0-10_2.12/3.1.0/spark-sql-kafka-0-10_2.12-3.1.0.jar ...
[2022-05-13 06:15:09,431] {subprocess.py:92} INFO - 	[SUCCESSFUL ] org.apache.spark#spark-sql-kafka-0-10_2.12;3.1.0!spark-sql-kafka-0-10_2.12.jar (636ms)
[2022-05-13 06:15:09,436] {subprocess.py:92} INFO - downloading https://repo1.maven.org/maven2/org/mongodb/spark/mongo-spark-connector_2.12/3.0.1/mongo-spark-connector_2.12-3.0.1.jar ...
[2022-05-13 06:15:10,058] {subprocess.py:92} INFO - 	[SUCCESSFUL ] org.mongodb.spark#mongo-spark-connector_2.12;3.0.1!mongo-spark-connector_2.12.jar (626ms)
[2022-05-13 06:15:10,061] {subprocess.py:92} INFO - downloading https://repo1.maven.org/maven2/org/apache/spark/spark-token-provider-kafka-0-10_2.12/3.1.0/spark-token-provider-kafka-0-10_2.12-3.1.0.jar ...
[2022-05-13 06:15:10,376] {subprocess.py:92} INFO - 	[SUCCESSFUL ] org.apache.spark#spark-token-provider-kafka-0-10_2.12;3.1.0!spark-token-provider-kafka-0-10_2.12.jar (316ms)
[2022-05-13 06:15:10,380] {subprocess.py:92} INFO - downloading https://repo1.maven.org/maven2/org/apache/kafka/kafka-clients/2.6.0/kafka-clients-2.6.0.jar ...
[2022-05-13 06:15:13,895] {subprocess.py:92} INFO - 	[SUCCESSFUL ] org.apache.kafka#kafka-clients;2.6.0!kafka-clients.jar (3517ms)
[2022-05-13 06:15:13,897] {subprocess.py:92} INFO - downloading https://repo1.maven.org/maven2/org/spark-project/spark/unused/1.0.0/unused-1.0.0.jar ...
[2022-05-13 06:15:14,181] {subprocess.py:92} INFO - 	[SUCCESSFUL ] org.spark-project.spark#unused;1.0.0!unused.jar (285ms)
[2022-05-13 06:15:14,183] {subprocess.py:92} INFO - downloading https://repo1.maven.org/maven2/com/github/luben/zstd-jni/1.4.8-1/zstd-jni-1.4.8-1.jar ...
[2022-05-13 06:15:23,954] {subprocess.py:92} INFO - 	[SUCCESSFUL ] com.github.luben#zstd-jni;1.4.8-1!zstd-jni.jar (9770ms)
[2022-05-13 06:15:23,961] {subprocess.py:92} INFO - downloading https://repo1.maven.org/maven2/org/lz4/lz4-java/1.7.1/lz4-java-1.7.1.jar ...
[2022-05-13 06:15:25,598] {subprocess.py:92} INFO - 	[SUCCESSFUL ] org.lz4#lz4-java;1.7.1!lz4-java.jar (1641ms)
[2022-05-13 06:15:25,601] {subprocess.py:92} INFO - downloading https://repo1.maven.org/maven2/org/xerial/snappy/snappy-java/1.1.8.2/snappy-java-1.1.8.2.jar ...
[2022-05-13 06:15:30,159] {subprocess.py:92} INFO - 	[SUCCESSFUL ] org.xerial.snappy#snappy-java;1.1.8.2!snappy-java.jar(bundle) (4558ms)
[2022-05-13 06:15:30,163] {subprocess.py:92} INFO - downloading https://repo1.maven.org/maven2/org/slf4j/slf4j-api/1.7.30/slf4j-api-1.7.30.jar ...
[2022-05-13 06:15:30,524] {subprocess.py:92} INFO - 	[SUCCESSFUL ] org.slf4j#slf4j-api;1.7.30!slf4j-api.jar (362ms)
[2022-05-13 06:15:30,529] {subprocess.py:92} INFO - downloading https://repo1.maven.org/maven2/org/apache/commons/commons-pool2/2.6.2/commons-pool2-2.6.2.jar ...
[2022-05-13 06:15:31,024] {subprocess.py:92} INFO - 	[SUCCESSFUL ] org.apache.commons#commons-pool2;2.6.2!commons-pool2.jar (498ms)
[2022-05-13 06:15:31,025] {subprocess.py:92} INFO - downloading https://repo1.maven.org/maven2/org/mongodb/mongodb-driver-sync/4.0.5/mongodb-driver-sync-4.0.5.jar ...
[2022-05-13 06:15:31,548] {subprocess.py:92} INFO - 	[SUCCESSFUL ] org.mongodb#mongodb-driver-sync;4.0.5!mongodb-driver-sync.jar (523ms)
[2022-05-13 06:15:31,555] {subprocess.py:92} INFO - downloading https://repo1.maven.org/maven2/org/mongodb/bson/4.0.5/bson-4.0.5.jar ...
[2022-05-13 06:15:32,961] {subprocess.py:92} INFO - 	[SUCCESSFUL ] org.mongodb#bson;4.0.5!bson.jar (1410ms)
[2022-05-13 06:15:32,962] {subprocess.py:92} INFO - downloading https://repo1.maven.org/maven2/org/mongodb/mongodb-driver-core/4.0.5/mongodb-driver-core-4.0.5.jar ...
[2022-05-13 06:15:37,538] {subprocess.py:92} INFO - 	[SUCCESSFUL ] org.mongodb#mongodb-driver-core;4.0.5!mongodb-driver-core.jar (4575ms)
[2022-05-13 06:15:37,539] {subprocess.py:92} INFO - :: resolution report :: resolve 36763ms :: artifacts dl 29179ms
[2022-05-13 06:15:37,540] {subprocess.py:92} INFO - 	:: modules in use:
[2022-05-13 06:15:37,541] {subprocess.py:92} INFO - 	com.github.luben#zstd-jni;1.4.8-1 from central in [default]
[2022-05-13 06:15:37,542] {subprocess.py:92} INFO - 	org.apache.commons#commons-pool2;2.6.2 from central in [default]
[2022-05-13 06:15:37,542] {subprocess.py:92} INFO - 	org.apache.kafka#kafka-clients;2.6.0 from central in [default]
[2022-05-13 06:15:37,544] {subprocess.py:92} INFO - 	org.apache.spark#spark-sql-kafka-0-10_2.12;3.1.0 from central in [default]
[2022-05-13 06:15:37,545] {subprocess.py:92} INFO - 	org.apache.spark#spark-streaming-kafka-0-10_2.12;3.1.0 from central in [default]
[2022-05-13 06:15:37,549] {subprocess.py:92} INFO - 	org.apache.spark#spark-token-provider-kafka-0-10_2.12;3.1.0 from central in [default]
[2022-05-13 06:15:37,554] {subprocess.py:92} INFO - 	org.lz4#lz4-java;1.7.1 from central in [default]
[2022-05-13 06:15:37,555] {subprocess.py:92} INFO - 	org.mongodb#bson;4.0.5 from central in [default]
[2022-05-13 06:15:37,555] {subprocess.py:92} INFO - 	org.mongodb#mongodb-driver-core;4.0.5 from central in [default]
[2022-05-13 06:15:37,556] {subprocess.py:92} INFO - 	org.mongodb#mongodb-driver-sync;4.0.5 from central in [default]
[2022-05-13 06:15:37,557] {subprocess.py:92} INFO - 	org.mongodb.spark#mongo-spark-connector_2.12;3.0.1 from central in [default]
[2022-05-13 06:15:37,558] {subprocess.py:92} INFO - 	org.slf4j#slf4j-api;1.7.30 from central in [default]
[2022-05-13 06:15:37,559] {subprocess.py:92} INFO - 	org.spark-project.spark#unused;1.0.0 from central in [default]
[2022-05-13 06:15:37,560] {subprocess.py:92} INFO - 	org.xerial.snappy#snappy-java;1.1.8.2 from central in [default]
[2022-05-13 06:15:37,561] {subprocess.py:92} INFO - 	---------------------------------------------------------------------
[2022-05-13 06:15:37,562] {subprocess.py:92} INFO - 	|                  |            modules            ||   artifacts   |
[2022-05-13 06:15:37,563] {subprocess.py:92} INFO - 	|       conf       | number| search|dwnlded|evicted|| number|dwnlded|
[2022-05-13 06:15:37,564] {subprocess.py:92} INFO - 	---------------------------------------------------------------------
[2022-05-13 06:15:37,565] {subprocess.py:92} INFO - 	|      default     |   14  |   14  |   14  |   0   ||   14  |   14  |
[2022-05-13 06:15:37,566] {subprocess.py:92} INFO - 	---------------------------------------------------------------------
[2022-05-13 06:15:37,569] {subprocess.py:92} INFO - :: retrieving :: org.apache.spark#spark-submit-parent-39f54c15-eabc-4a87-899b-290a571628a4
[2022-05-13 06:15:37,569] {subprocess.py:92} INFO - 	confs: [default]
[2022-05-13 06:15:37,583] {subprocess.py:92} INFO - 	14 artifacts copied, 0 already retrieved (15949kB/35ms)
[2022-05-13 06:15:37,733] {subprocess.py:92} INFO - 22/05/13 06:15:37 WARN NativeCodeLoader: Unable to load native-hadoop library for your platform... using builtin-java classes where applicable
[2022-05-13 06:15:37,851] {subprocess.py:92} INFO - Using Spark's default log4j profile: org/apache/spark/log4j-defaults.properties
[2022-05-13 06:15:37,854] {subprocess.py:92} INFO - Setting default log level to "WARN".
[2022-05-13 06:15:37,855] {subprocess.py:92} INFO - To adjust logging level use sc.setLogLevel(newLevel). For SparkR, use setLogLevel(newLevel).
[2022-05-13 06:15:40,951] {subprocess.py:92} INFO - 22/05/13 06:15:40 WARN ResolveWriteToStream: Temporary checkpoint location created which is deleted normally when the query didn't fail: /tmp/temporary-6676ff0d-f3de-4d1b-a44c-31a1a99e7530. If it's required to delete it under any circumstances, please set spark.sql.streaming.forceDeleteTempCheckpointLocation to true. Important to know deleting temp checkpoint folder is best effort.
[2022-05-13 06:15:40,974] {subprocess.py:92} INFO - 22/05/13 06:15:40 WARN ResolveWriteToStream: spark.sql.adaptive.enabled is not supported in streaming DataFrames/Datasets and will be disabled.
[2022-05-13 06:15:41,531] {subprocess.py:92} INFO - 22/05/13 06:15:41 WARN NetworkClient: [Consumer clientId=consumer-spark-kafka-source-724ae624-a80a-48c1-bab8-16265193d74c--31980192-driver-0-1, groupId=spark-kafka-source-724ae624-a80a-48c1-bab8-16265193d74c--31980192-driver-0] Error while fetching metadata with correlation id 2 : {covid_topic=LEADER_NOT_AVAILABLE}
[2022-05-13 06:15:41,641] {subprocess.py:92} INFO - 22/05/13 06:15:41 WARN NetworkClient: [Consumer clientId=consumer-spark-kafka-source-724ae624-a80a-48c1-bab8-16265193d74c--31980192-driver-0-1, groupId=spark-kafka-source-724ae624-a80a-48c1-bab8-16265193d74c--31980192-driver-0] Connection to node 1001 (localhost/127.0.0.1:9092) could not be established. Broker may not be available.
[2022-05-13 06:15:41,738] {subprocess.py:92} INFO - 22/05/13 06:15:41 WARN NetworkClient: [Consumer clientId=consumer-spark-kafka-source-724ae624-a80a-48c1-bab8-16265193d74c--31980192-driver-0-1, groupId=spark-kafka-source-724ae624-a80a-48c1-bab8-16265193d74c--31980192-driver-0] Connection to node 1001 (localhost/127.0.0.1:9092) could not be established. Broker may not be available.
[2022-05-13 06:15:41,838] {subprocess.py:92} INFO - 22/05/13 06:15:41 WARN NetworkClient: [Consumer clientId=consumer-spark-kafka-source-724ae624-a80a-48c1-bab8-16265193d74c--31980192-driver-0-1, groupId=spark-kafka-source-724ae624-a80a-48c1-bab8-16265193d74c--31980192-driver-0] Connection to node 1001 (localhost/127.0.0.1:9092) could not be established. Broker may not be available.
[2022-05-13 06:15:42,040] {subprocess.py:92} INFO - 22/05/13 06:15:42 WARN NetworkClient: [Consumer clientId=consumer-spark-kafka-source-724ae624-a80a-48c1-bab8-16265193d74c--31980192-driver-0-1, groupId=spark-kafka-source-724ae624-a80a-48c1-bab8-16265193d74c--31980192-driver-0] Connection to node 1001 (localhost/127.0.0.1:9092) could not be established. Broker may not be available.
[2022-05-13 06:15:42,514] {subprocess.py:92} INFO - 22/05/13 06:15:42 WARN NetworkClient: [Consumer clientId=consumer-spark-kafka-source-724ae624-a80a-48c1-bab8-16265193d74c--31980192-driver-0-1, groupId=spark-kafka-source-724ae624-a80a-48c1-bab8-16265193d74c--31980192-driver-0] Connection to node 1001 (localhost/127.0.0.1:9092) could not be established. Broker may not be available.
[2022-05-13 06:15:43,429] {subprocess.py:92} INFO - 22/05/13 06:15:43 WARN NetworkClient: [Consumer clientId=consumer-spark-kafka-source-724ae624-a80a-48c1-bab8-16265193d74c--31980192-driver-0-1, groupId=spark-kafka-source-724ae624-a80a-48c1-bab8-16265193d74c--31980192-driver-0] Connection to node 1001 (localhost/127.0.0.1:9092) could not be established. Broker may not be available.
[2022-05-13 06:15:44,423] {subprocess.py:92} INFO - 22/05/13 06:15:44 WARN NetworkClient: [Consumer clientId=consumer-spark-kafka-source-724ae624-a80a-48c1-bab8-16265193d74c--31980192-driver-0-1, groupId=spark-kafka-source-724ae624-a80a-48c1-bab8-16265193d74c--31980192-driver-0] Connection to node 1001 (localhost/127.0.0.1:9092) could not be established. Broker may not be available.
[2022-05-13 06:15:45,380] {subprocess.py:92} INFO - 22/05/13 06:15:45 WARN NetworkClient: [Consumer clientId=consumer-spark-kafka-source-724ae624-a80a-48c1-bab8-16265193d74c--31980192-driver-0-1, groupId=spark-kafka-source-724ae624-a80a-48c1-bab8-16265193d74c--31980192-driver-0] Connection to node 1001 (localhost/127.0.0.1:9092) could not be established. Broker may not be available.
[2022-05-13 06:15:46,438] {subprocess.py:92} INFO - 22/05/13 06:15:46 WARN NetworkClient: [Consumer clientId=consumer-spark-kafka-source-724ae624-a80a-48c1-bab8-16265193d74c--31980192-driver-0-1, groupId=spark-kafka-source-724ae624-a80a-48c1-bab8-16265193d74c--31980192-driver-0] Connection to node 1001 (localhost/127.0.0.1:9092) could not be established. Broker may not be available.
[2022-05-13 06:15:47,513] {subprocess.py:92} INFO - 22/05/13 06:15:47 WARN NetworkClient: [Consumer clientId=consumer-spark-kafka-source-724ae624-a80a-48c1-bab8-16265193d74c--31980192-driver-0-1, groupId=spark-kafka-source-724ae624-a80a-48c1-bab8-16265193d74c--31980192-driver-0] Connection to node 1001 (localhost/127.0.0.1:9092) could not be established. Broker may not be available.
[2022-05-13 06:15:48,560] {subprocess.py:92} INFO - 22/05/13 06:15:48 WARN NetworkClient: [Consumer clientId=consumer-spark-kafka-source-724ae624-a80a-48c1-bab8-16265193d74c--31980192-driver-0-1, groupId=spark-kafka-source-724ae624-a80a-48c1-bab8-16265193d74c--31980192-driver-0] Connection to node 1001 (localhost/127.0.0.1:9092) could not be established. Broker may not be available.
[2022-05-13 06:15:49,393] {subprocess.py:92} INFO - 22/05/13 06:15:49 WARN NetworkClient: [Consumer clientId=consumer-spark-kafka-source-724ae624-a80a-48c1-bab8-16265193d74c--31980192-driver-0-1, groupId=spark-kafka-source-724ae624-a80a-48c1-bab8-16265193d74c--31980192-driver-0] Connection to node 1001 (localhost/127.0.0.1:9092) could not be established. Broker may not be available.
[2022-05-13 06:15:50,218] {subprocess.py:92} INFO - 22/05/13 06:15:50 WARN NetworkClient: [Consumer clientId=consumer-spark-kafka-source-724ae624-a80a-48c1-bab8-16265193d74c--31980192-driver-0-1, groupId=spark-kafka-source-724ae624-a80a-48c1-bab8-16265193d74c--31980192-driver-0] Connection to node 1001 (localhost/127.0.0.1:9092) could not be established. Broker may not be available.
[2022-05-13 06:15:51,246] {subprocess.py:92} INFO - 22/05/13 06:15:51 WARN NetworkClient: [Consumer clientId=consumer-spark-kafka-source-724ae624-a80a-48c1-bab8-16265193d74c--31980192-driver-0-1, groupId=spark-kafka-source-724ae624-a80a-48c1-bab8-16265193d74c--31980192-driver-0] Connection to node 1001 (localhost/127.0.0.1:9092) could not be established. Broker may not be available.
[2022-05-13 06:15:52,172] {subprocess.py:92} INFO - 22/05/13 06:15:52 WARN NetworkClient: [Consumer clientId=consumer-spark-kafka-source-724ae624-a80a-48c1-bab8-16265193d74c--31980192-driver-0-1, groupId=spark-kafka-source-724ae624-a80a-48c1-bab8-16265193d74c--31980192-driver-0] Connection to node 1001 (localhost/127.0.0.1:9092) could not be established. Broker may not be available.
[2022-05-13 06:15:53,045] {subprocess.py:92} INFO - 22/05/13 06:15:53 WARN NetworkClient: [Consumer clientId=consumer-spark-kafka-source-724ae624-a80a-48c1-bab8-16265193d74c--31980192-driver-0-1, groupId=spark-kafka-source-724ae624-a80a-48c1-bab8-16265193d74c--31980192-driver-0] Connection to node 1001 (localhost/127.0.0.1:9092) could not be established. Broker may not be available.
[2022-05-13 06:15:54,022] {subprocess.py:92} INFO - 22/05/13 06:15:54 WARN NetworkClient: [Consumer clientId=consumer-spark-kafka-source-724ae624-a80a-48c1-bab8-16265193d74c--31980192-driver-0-1, groupId=spark-kafka-source-724ae624-a80a-48c1-bab8-16265193d74c--31980192-driver-0] Connection to node 1001 (localhost/127.0.0.1:9092) could not be established. Broker may not be available.
[2022-05-13 06:15:54,939] {subprocess.py:92} INFO - 22/05/13 06:15:54 WARN NetworkClient: [Consumer clientId=consumer-spark-kafka-source-724ae624-a80a-48c1-bab8-16265193d74c--31980192-driver-0-1, groupId=spark-kafka-source-724ae624-a80a-48c1-bab8-16265193d74c--31980192-driver-0] Connection to node 1001 (localhost/127.0.0.1:9092) could not be established. Broker may not be available.
[2022-05-13 06:15:55,931] {subprocess.py:92} INFO - 22/05/13 06:15:55 WARN NetworkClient: [Consumer clientId=consumer-spark-kafka-source-724ae624-a80a-48c1-bab8-16265193d74c--31980192-driver-0-1, groupId=spark-kafka-source-724ae624-a80a-48c1-bab8-16265193d74c--31980192-driver-0] Connection to node 1001 (localhost/127.0.0.1:9092) could not be established. Broker may not be available.
[2022-05-13 06:15:57,015] {subprocess.py:92} INFO - 22/05/13 06:15:57 WARN NetworkClient: [Consumer clientId=consumer-spark-kafka-source-724ae624-a80a-48c1-bab8-16265193d74c--31980192-driver-0-1, groupId=spark-kafka-source-724ae624-a80a-48c1-bab8-16265193d74c--31980192-driver-0] Connection to node 1001 (localhost/127.0.0.1:9092) could not be established. Broker may not be available.
[2022-05-13 06:15:58,069] {subprocess.py:92} INFO - 22/05/13 06:15:58 WARN NetworkClient: [Consumer clientId=consumer-spark-kafka-source-724ae624-a80a-48c1-bab8-16265193d74c--31980192-driver-0-1, groupId=spark-kafka-source-724ae624-a80a-48c1-bab8-16265193d74c--31980192-driver-0] Connection to node 1001 (localhost/127.0.0.1:9092) could not be established. Broker may not be available.
[2022-05-13 06:15:59,128] {subprocess.py:92} INFO - 22/05/13 06:15:59 WARN NetworkClient: [Consumer clientId=consumer-spark-kafka-source-724ae624-a80a-48c1-bab8-16265193d74c--31980192-driver-0-1, groupId=spark-kafka-source-724ae624-a80a-48c1-bab8-16265193d74c--31980192-driver-0] Connection to node 1001 (localhost/127.0.0.1:9092) could not be established. Broker may not be available.
[2022-05-13 06:16:00,007] {subprocess.py:92} INFO - 22/05/13 06:16:00 WARN NetworkClient: [Consumer clientId=consumer-spark-kafka-source-724ae624-a80a-48c1-bab8-16265193d74c--31980192-driver-0-1, groupId=spark-kafka-source-724ae624-a80a-48c1-bab8-16265193d74c--31980192-driver-0] Connection to node 1001 (localhost/127.0.0.1:9092) could not be established. Broker may not be available.
[2022-05-13 06:16:00,873] {subprocess.py:92} INFO - 22/05/13 06:16:00 WARN NetworkClient: [Consumer clientId=consumer-spark-kafka-source-724ae624-a80a-48c1-bab8-16265193d74c--31980192-driver-0-1, groupId=spark-kafka-source-724ae624-a80a-48c1-bab8-16265193d74c--31980192-driver-0] Connection to node 1001 (localhost/127.0.0.1:9092) could not be established. Broker may not be available.
[2022-05-13 06:16:01,003] {local_task_job.py:221} WARNING - State of this instance has been externally set to success. Terminating instance.
[2022-05-13 06:16:01,008] {process_utils.py:129} INFO - Sending Signals.SIGTERM to group 372. PIDs of all processes in the group: [375, 381, 372]
[2022-05-13 06:16:01,010] {process_utils.py:80} INFO - Sending the signal Signals.SIGTERM to group 372
[2022-05-13 06:16:01,011] {taskinstance.py:1541} ERROR - Received SIGTERM. Terminating subprocesses.
[2022-05-13 06:16:01,013] {subprocess.py:103} INFO - Sending SIGTERM signal to process group
[2022-05-13 06:16:01,354] {process_utils.py:75} INFO - Process psutil.Process(pid=375, status='terminated', started='06:14:29') (375) terminated with exit code None
[2022-05-13 06:16:01,368] {process_utils.py:75} INFO - Process psutil.Process(pid=372, status='terminated', exitcode=0, started='06:14:29') (372) terminated with exit code 0
[2022-05-13 06:16:01,726] {process_utils.py:75} INFO - Process psutil.Process(pid=381, status='terminated', started='06:14:30') (381) terminated with exit code None
