[2022-05-12 04:26:47,221] {processor.py:153} INFO - Started process (PID=260) to work on /home/airflow/.local/lib/python3.7/site-packages/airflow/example_dags/example_dag_decorator.py
[2022-05-12 04:26:47,223] {processor.py:641} INFO - Processing file /home/airflow/.local/lib/python3.7/site-packages/airflow/example_dags/example_dag_decorator.py for tasks to queue
[2022-05-12 04:26:47,224] {logging_mixin.py:115} INFO - [2022-05-12 04:26:47,224] {dagbag.py:507} INFO - Filling up the DagBag from /home/airflow/.local/lib/python3.7/site-packages/airflow/example_dags/example_dag_decorator.py
[2022-05-12 04:26:47,245] {processor.py:651} INFO - DAG(s) dict_keys(['example_dag_decorator']) retrieved from /home/airflow/.local/lib/python3.7/site-packages/airflow/example_dags/example_dag_decorator.py
[2022-05-12 04:26:47,299] {logging_mixin.py:115} INFO - [2022-05-12 04:26:47,299] {manager.py:508} INFO - Created Permission View: can read on DAG:example_dag_decorator
[2022-05-12 04:26:47,307] {logging_mixin.py:115} INFO - [2022-05-12 04:26:47,307] {manager.py:508} INFO - Created Permission View: can edit on DAG:example_dag_decorator
[2022-05-12 04:26:47,313] {logging_mixin.py:115} INFO - [2022-05-12 04:26:47,313] {manager.py:508} INFO - Created Permission View: can delete on DAG:example_dag_decorator
[2022-05-12 04:26:47,314] {logging_mixin.py:115} INFO - [2022-05-12 04:26:47,314] {dag.py:2371} INFO - Sync 1 DAGs
[2022-05-12 04:26:47,320] {logging_mixin.py:115} INFO - [2022-05-12 04:26:47,320] {dag.py:2390} INFO - Creating ORM DAG for example_dag_decorator
[2022-05-12 04:26:47,327] {logging_mixin.py:115} INFO - [2022-05-12 04:26:47,327] {dag.py:2919} INFO - Setting next_dagrun for example_dag_decorator to None, run_after=None
[2022-05-12 04:26:47,336] {processor.py:161} INFO - Processing /home/airflow/.local/lib/python3.7/site-packages/airflow/example_dags/example_dag_decorator.py took 0.117 seconds
[2022-05-12 04:27:17,439] {processor.py:153} INFO - Started process (PID=465) to work on /home/airflow/.local/lib/python3.7/site-packages/airflow/example_dags/example_dag_decorator.py
[2022-05-12 04:27:17,440] {processor.py:641} INFO - Processing file /home/airflow/.local/lib/python3.7/site-packages/airflow/example_dags/example_dag_decorator.py for tasks to queue
[2022-05-12 04:27:17,441] {logging_mixin.py:115} INFO - [2022-05-12 04:27:17,441] {dagbag.py:507} INFO - Filling up the DagBag from /home/airflow/.local/lib/python3.7/site-packages/airflow/example_dags/example_dag_decorator.py
[2022-05-12 04:27:17,463] {processor.py:651} INFO - DAG(s) dict_keys(['example_dag_decorator']) retrieved from /home/airflow/.local/lib/python3.7/site-packages/airflow/example_dags/example_dag_decorator.py
[2022-05-12 04:27:17,523] {logging_mixin.py:115} INFO - [2022-05-12 04:27:17,523] {dag.py:2371} INFO - Sync 1 DAGs
[2022-05-12 04:27:17,554] {logging_mixin.py:115} INFO - [2022-05-12 04:27:17,554] {dag.py:2919} INFO - Setting next_dagrun for example_dag_decorator to None, run_after=None
[2022-05-12 04:27:17,572] {processor.py:161} INFO - Processing /home/airflow/.local/lib/python3.7/site-packages/airflow/example_dags/example_dag_decorator.py took 0.135 seconds
[2022-05-12 04:27:48,189] {processor.py:153} INFO - Started process (PID=669) to work on /home/airflow/.local/lib/python3.7/site-packages/airflow/example_dags/example_dag_decorator.py
[2022-05-12 04:27:48,190] {processor.py:641} INFO - Processing file /home/airflow/.local/lib/python3.7/site-packages/airflow/example_dags/example_dag_decorator.py for tasks to queue
[2022-05-12 04:27:48,191] {logging_mixin.py:115} INFO - [2022-05-12 04:27:48,191] {dagbag.py:507} INFO - Filling up the DagBag from /home/airflow/.local/lib/python3.7/site-packages/airflow/example_dags/example_dag_decorator.py
[2022-05-12 04:27:48,208] {processor.py:651} INFO - DAG(s) dict_keys(['example_dag_decorator']) retrieved from /home/airflow/.local/lib/python3.7/site-packages/airflow/example_dags/example_dag_decorator.py
[2022-05-12 04:27:48,249] {logging_mixin.py:115} INFO - [2022-05-12 04:27:48,249] {dag.py:2371} INFO - Sync 1 DAGs
[2022-05-12 04:27:48,261] {logging_mixin.py:115} INFO - [2022-05-12 04:27:48,261] {dag.py:2919} INFO - Setting next_dagrun for example_dag_decorator to None, run_after=None
[2022-05-12 04:27:48,270] {processor.py:161} INFO - Processing /home/airflow/.local/lib/python3.7/site-packages/airflow/example_dags/example_dag_decorator.py took 0.082 seconds
[2022-05-12 04:28:19,018] {processor.py:153} INFO - Started process (PID=877) to work on /home/airflow/.local/lib/python3.7/site-packages/airflow/example_dags/example_dag_decorator.py
[2022-05-12 04:28:19,020] {processor.py:641} INFO - Processing file /home/airflow/.local/lib/python3.7/site-packages/airflow/example_dags/example_dag_decorator.py for tasks to queue
[2022-05-12 04:28:19,021] {logging_mixin.py:115} INFO - [2022-05-12 04:28:19,020] {dagbag.py:507} INFO - Filling up the DagBag from /home/airflow/.local/lib/python3.7/site-packages/airflow/example_dags/example_dag_decorator.py
[2022-05-12 04:28:19,041] {processor.py:651} INFO - DAG(s) dict_keys(['example_dag_decorator']) retrieved from /home/airflow/.local/lib/python3.7/site-packages/airflow/example_dags/example_dag_decorator.py
[2022-05-12 04:28:19,082] {logging_mixin.py:115} INFO - [2022-05-12 04:28:19,082] {dag.py:2371} INFO - Sync 1 DAGs
[2022-05-12 04:28:19,095] {logging_mixin.py:115} INFO - [2022-05-12 04:28:19,095] {dag.py:2919} INFO - Setting next_dagrun for example_dag_decorator to None, run_after=None
[2022-05-12 04:28:19,104] {processor.py:161} INFO - Processing /home/airflow/.local/lib/python3.7/site-packages/airflow/example_dags/example_dag_decorator.py took 0.089 seconds
[2022-05-12 04:28:49,948] {processor.py:153} INFO - Started process (PID=1084) to work on /home/airflow/.local/lib/python3.7/site-packages/airflow/example_dags/example_dag_decorator.py
[2022-05-12 04:28:49,950] {processor.py:641} INFO - Processing file /home/airflow/.local/lib/python3.7/site-packages/airflow/example_dags/example_dag_decorator.py for tasks to queue
[2022-05-12 04:28:49,952] {logging_mixin.py:115} INFO - [2022-05-12 04:28:49,952] {dagbag.py:507} INFO - Filling up the DagBag from /home/airflow/.local/lib/python3.7/site-packages/airflow/example_dags/example_dag_decorator.py
[2022-05-12 04:28:49,973] {processor.py:651} INFO - DAG(s) dict_keys(['example_dag_decorator']) retrieved from /home/airflow/.local/lib/python3.7/site-packages/airflow/example_dags/example_dag_decorator.py
[2022-05-12 04:28:50,019] {logging_mixin.py:115} INFO - [2022-05-12 04:28:50,019] {dag.py:2371} INFO - Sync 1 DAGs
[2022-05-12 04:28:50,040] {logging_mixin.py:115} INFO - [2022-05-12 04:28:50,039] {dag.py:2919} INFO - Setting next_dagrun for example_dag_decorator to None, run_after=None
[2022-05-12 04:28:50,064] {processor.py:161} INFO - Processing /home/airflow/.local/lib/python3.7/site-packages/airflow/example_dags/example_dag_decorator.py took 0.118 seconds
[2022-05-12 04:29:20,832] {processor.py:153} INFO - Started process (PID=1279) to work on /home/airflow/.local/lib/python3.7/site-packages/airflow/example_dags/example_dag_decorator.py
[2022-05-12 04:29:20,833] {processor.py:641} INFO - Processing file /home/airflow/.local/lib/python3.7/site-packages/airflow/example_dags/example_dag_decorator.py for tasks to queue
[2022-05-12 04:29:20,834] {logging_mixin.py:115} INFO - [2022-05-12 04:29:20,834] {dagbag.py:507} INFO - Filling up the DagBag from /home/airflow/.local/lib/python3.7/site-packages/airflow/example_dags/example_dag_decorator.py
[2022-05-12 04:29:20,855] {processor.py:651} INFO - DAG(s) dict_keys(['example_dag_decorator']) retrieved from /home/airflow/.local/lib/python3.7/site-packages/airflow/example_dags/example_dag_decorator.py
[2022-05-12 04:29:20,904] {logging_mixin.py:115} INFO - [2022-05-12 04:29:20,904] {dag.py:2371} INFO - Sync 1 DAGs
[2022-05-12 04:29:20,917] {logging_mixin.py:115} INFO - [2022-05-12 04:29:20,917] {dag.py:2919} INFO - Setting next_dagrun for example_dag_decorator to None, run_after=None
[2022-05-12 04:29:20,925] {processor.py:161} INFO - Processing /home/airflow/.local/lib/python3.7/site-packages/airflow/example_dags/example_dag_decorator.py took 0.096 seconds
[2022-05-12 04:29:51,595] {processor.py:153} INFO - Started process (PID=1487) to work on /home/airflow/.local/lib/python3.7/site-packages/airflow/example_dags/example_dag_decorator.py
[2022-05-12 04:29:51,597] {processor.py:641} INFO - Processing file /home/airflow/.local/lib/python3.7/site-packages/airflow/example_dags/example_dag_decorator.py for tasks to queue
[2022-05-12 04:29:51,598] {logging_mixin.py:115} INFO - [2022-05-12 04:29:51,598] {dagbag.py:507} INFO - Filling up the DagBag from /home/airflow/.local/lib/python3.7/site-packages/airflow/example_dags/example_dag_decorator.py
[2022-05-12 04:29:51,616] {processor.py:651} INFO - DAG(s) dict_keys(['example_dag_decorator']) retrieved from /home/airflow/.local/lib/python3.7/site-packages/airflow/example_dags/example_dag_decorator.py
[2022-05-12 04:29:51,657] {logging_mixin.py:115} INFO - [2022-05-12 04:29:51,657] {dag.py:2371} INFO - Sync 1 DAGs
[2022-05-12 04:29:51,670] {logging_mixin.py:115} INFO - [2022-05-12 04:29:51,670] {dag.py:2919} INFO - Setting next_dagrun for example_dag_decorator to None, run_after=None
[2022-05-12 04:29:51,680] {processor.py:161} INFO - Processing /home/airflow/.local/lib/python3.7/site-packages/airflow/example_dags/example_dag_decorator.py took 0.087 seconds
[2022-05-12 04:30:22,348] {processor.py:153} INFO - Started process (PID=1700) to work on /home/airflow/.local/lib/python3.7/site-packages/airflow/example_dags/example_dag_decorator.py
[2022-05-12 04:30:22,349] {processor.py:641} INFO - Processing file /home/airflow/.local/lib/python3.7/site-packages/airflow/example_dags/example_dag_decorator.py for tasks to queue
[2022-05-12 04:30:22,350] {logging_mixin.py:115} INFO - [2022-05-12 04:30:22,350] {dagbag.py:507} INFO - Filling up the DagBag from /home/airflow/.local/lib/python3.7/site-packages/airflow/example_dags/example_dag_decorator.py
[2022-05-12 04:30:22,366] {processor.py:651} INFO - DAG(s) dict_keys(['example_dag_decorator']) retrieved from /home/airflow/.local/lib/python3.7/site-packages/airflow/example_dags/example_dag_decorator.py
[2022-05-12 04:30:22,407] {logging_mixin.py:115} INFO - [2022-05-12 04:30:22,407] {dag.py:2371} INFO - Sync 1 DAGs
[2022-05-12 04:30:22,432] {logging_mixin.py:115} INFO - [2022-05-12 04:30:22,432] {dag.py:2919} INFO - Setting next_dagrun for example_dag_decorator to None, run_after=None
[2022-05-12 04:30:22,444] {processor.py:161} INFO - Processing /home/airflow/.local/lib/python3.7/site-packages/airflow/example_dags/example_dag_decorator.py took 0.098 seconds
[2022-05-12 04:30:52,732] {processor.py:153} INFO - Started process (PID=1906) to work on /home/airflow/.local/lib/python3.7/site-packages/airflow/example_dags/example_dag_decorator.py
[2022-05-12 04:30:52,735] {processor.py:641} INFO - Processing file /home/airflow/.local/lib/python3.7/site-packages/airflow/example_dags/example_dag_decorator.py for tasks to queue
[2022-05-12 04:30:52,736] {logging_mixin.py:115} INFO - [2022-05-12 04:30:52,736] {dagbag.py:507} INFO - Filling up the DagBag from /home/airflow/.local/lib/python3.7/site-packages/airflow/example_dags/example_dag_decorator.py
[2022-05-12 04:30:52,762] {processor.py:651} INFO - DAG(s) dict_keys(['example_dag_decorator']) retrieved from /home/airflow/.local/lib/python3.7/site-packages/airflow/example_dags/example_dag_decorator.py
[2022-05-12 04:30:52,788] {logging_mixin.py:115} INFO - [2022-05-12 04:30:52,788] {dag.py:2371} INFO - Sync 1 DAGs
[2022-05-12 04:30:52,810] {logging_mixin.py:115} INFO - [2022-05-12 04:30:52,810] {dag.py:2919} INFO - Setting next_dagrun for example_dag_decorator to None, run_after=None
[2022-05-12 04:30:52,828] {processor.py:161} INFO - Processing /home/airflow/.local/lib/python3.7/site-packages/airflow/example_dags/example_dag_decorator.py took 0.099 seconds
[2022-05-12 04:31:23,775] {processor.py:153} INFO - Started process (PID=2112) to work on /home/airflow/.local/lib/python3.7/site-packages/airflow/example_dags/example_dag_decorator.py
[2022-05-12 04:31:23,777] {processor.py:641} INFO - Processing file /home/airflow/.local/lib/python3.7/site-packages/airflow/example_dags/example_dag_decorator.py for tasks to queue
[2022-05-12 04:31:23,778] {logging_mixin.py:115} INFO - [2022-05-12 04:31:23,778] {dagbag.py:507} INFO - Filling up the DagBag from /home/airflow/.local/lib/python3.7/site-packages/airflow/example_dags/example_dag_decorator.py
[2022-05-12 04:31:23,797] {processor.py:651} INFO - DAG(s) dict_keys(['example_dag_decorator']) retrieved from /home/airflow/.local/lib/python3.7/site-packages/airflow/example_dags/example_dag_decorator.py
[2022-05-12 04:31:23,835] {logging_mixin.py:115} INFO - [2022-05-12 04:31:23,835] {dag.py:2371} INFO - Sync 1 DAGs
[2022-05-12 04:31:23,864] {logging_mixin.py:115} INFO - [2022-05-12 04:31:23,864] {dag.py:2919} INFO - Setting next_dagrun for example_dag_decorator to None, run_after=None
[2022-05-12 04:31:23,873] {processor.py:161} INFO - Processing /home/airflow/.local/lib/python3.7/site-packages/airflow/example_dags/example_dag_decorator.py took 0.100 seconds
[2022-05-12 04:31:54,381] {processor.py:153} INFO - Started process (PID=2312) to work on /home/airflow/.local/lib/python3.7/site-packages/airflow/example_dags/example_dag_decorator.py
[2022-05-12 04:31:54,383] {processor.py:641} INFO - Processing file /home/airflow/.local/lib/python3.7/site-packages/airflow/example_dags/example_dag_decorator.py for tasks to queue
[2022-05-12 04:31:54,384] {logging_mixin.py:115} INFO - [2022-05-12 04:31:54,384] {dagbag.py:507} INFO - Filling up the DagBag from /home/airflow/.local/lib/python3.7/site-packages/airflow/example_dags/example_dag_decorator.py
[2022-05-12 04:31:54,399] {processor.py:651} INFO - DAG(s) dict_keys(['example_dag_decorator']) retrieved from /home/airflow/.local/lib/python3.7/site-packages/airflow/example_dags/example_dag_decorator.py
[2022-05-12 04:31:54,444] {logging_mixin.py:115} INFO - [2022-05-12 04:31:54,444] {dag.py:2371} INFO - Sync 1 DAGs
[2022-05-12 04:31:54,460] {logging_mixin.py:115} INFO - [2022-05-12 04:31:54,460] {dag.py:2919} INFO - Setting next_dagrun for example_dag_decorator to None, run_after=None
[2022-05-12 04:31:54,470] {processor.py:161} INFO - Processing /home/airflow/.local/lib/python3.7/site-packages/airflow/example_dags/example_dag_decorator.py took 0.091 seconds
[2022-05-12 04:32:25,177] {processor.py:153} INFO - Started process (PID=2508) to work on /home/airflow/.local/lib/python3.7/site-packages/airflow/example_dags/example_dag_decorator.py
[2022-05-12 04:32:25,178] {processor.py:641} INFO - Processing file /home/airflow/.local/lib/python3.7/site-packages/airflow/example_dags/example_dag_decorator.py for tasks to queue
[2022-05-12 04:32:25,179] {logging_mixin.py:115} INFO - [2022-05-12 04:32:25,179] {dagbag.py:507} INFO - Filling up the DagBag from /home/airflow/.local/lib/python3.7/site-packages/airflow/example_dags/example_dag_decorator.py
[2022-05-12 04:32:25,194] {processor.py:651} INFO - DAG(s) dict_keys(['example_dag_decorator']) retrieved from /home/airflow/.local/lib/python3.7/site-packages/airflow/example_dags/example_dag_decorator.py
[2022-05-12 04:32:25,213] {logging_mixin.py:115} INFO - [2022-05-12 04:32:25,213] {dag.py:2371} INFO - Sync 1 DAGs
[2022-05-12 04:32:25,225] {logging_mixin.py:115} INFO - [2022-05-12 04:32:25,225] {dag.py:2919} INFO - Setting next_dagrun for example_dag_decorator to None, run_after=None
[2022-05-12 04:32:25,232] {processor.py:161} INFO - Processing /home/airflow/.local/lib/python3.7/site-packages/airflow/example_dags/example_dag_decorator.py took 0.058 seconds
[2022-05-12 04:32:55,809] {processor.py:153} INFO - Started process (PID=2718) to work on /home/airflow/.local/lib/python3.7/site-packages/airflow/example_dags/example_dag_decorator.py
[2022-05-12 04:32:55,812] {processor.py:641} INFO - Processing file /home/airflow/.local/lib/python3.7/site-packages/airflow/example_dags/example_dag_decorator.py for tasks to queue
[2022-05-12 04:32:55,813] {logging_mixin.py:115} INFO - [2022-05-12 04:32:55,813] {dagbag.py:507} INFO - Filling up the DagBag from /home/airflow/.local/lib/python3.7/site-packages/airflow/example_dags/example_dag_decorator.py
[2022-05-12 04:32:55,829] {processor.py:651} INFO - DAG(s) dict_keys(['example_dag_decorator']) retrieved from /home/airflow/.local/lib/python3.7/site-packages/airflow/example_dags/example_dag_decorator.py
[2022-05-12 04:32:55,867] {logging_mixin.py:115} INFO - [2022-05-12 04:32:55,867] {dag.py:2371} INFO - Sync 1 DAGs
[2022-05-12 04:32:55,883] {logging_mixin.py:115} INFO - [2022-05-12 04:32:55,883] {dag.py:2919} INFO - Setting next_dagrun for example_dag_decorator to None, run_after=None
[2022-05-12 04:32:55,891] {processor.py:161} INFO - Processing /home/airflow/.local/lib/python3.7/site-packages/airflow/example_dags/example_dag_decorator.py took 0.084 seconds
[2022-05-12 04:33:26,481] {processor.py:153} INFO - Started process (PID=2921) to work on /home/airflow/.local/lib/python3.7/site-packages/airflow/example_dags/example_dag_decorator.py
[2022-05-12 04:33:26,482] {processor.py:641} INFO - Processing file /home/airflow/.local/lib/python3.7/site-packages/airflow/example_dags/example_dag_decorator.py for tasks to queue
[2022-05-12 04:33:26,483] {logging_mixin.py:115} INFO - [2022-05-12 04:33:26,483] {dagbag.py:507} INFO - Filling up the DagBag from /home/airflow/.local/lib/python3.7/site-packages/airflow/example_dags/example_dag_decorator.py
[2022-05-12 04:33:26,497] {processor.py:651} INFO - DAG(s) dict_keys(['example_dag_decorator']) retrieved from /home/airflow/.local/lib/python3.7/site-packages/airflow/example_dags/example_dag_decorator.py
[2022-05-12 04:33:26,535] {logging_mixin.py:115} INFO - [2022-05-12 04:33:26,535] {dag.py:2371} INFO - Sync 1 DAGs
[2022-05-12 04:33:26,547] {logging_mixin.py:115} INFO - [2022-05-12 04:33:26,547] {dag.py:2919} INFO - Setting next_dagrun for example_dag_decorator to None, run_after=None
[2022-05-12 04:33:26,557] {processor.py:161} INFO - Processing /home/airflow/.local/lib/python3.7/site-packages/airflow/example_dags/example_dag_decorator.py took 0.077 seconds
[2022-05-12 04:33:57,112] {processor.py:153} INFO - Started process (PID=3128) to work on /home/airflow/.local/lib/python3.7/site-packages/airflow/example_dags/example_dag_decorator.py
[2022-05-12 04:33:57,113] {processor.py:641} INFO - Processing file /home/airflow/.local/lib/python3.7/site-packages/airflow/example_dags/example_dag_decorator.py for tasks to queue
[2022-05-12 04:33:57,114] {logging_mixin.py:115} INFO - [2022-05-12 04:33:57,114] {dagbag.py:507} INFO - Filling up the DagBag from /home/airflow/.local/lib/python3.7/site-packages/airflow/example_dags/example_dag_decorator.py
[2022-05-12 04:33:57,128] {processor.py:651} INFO - DAG(s) dict_keys(['example_dag_decorator']) retrieved from /home/airflow/.local/lib/python3.7/site-packages/airflow/example_dags/example_dag_decorator.py
[2022-05-12 04:33:57,143] {logging_mixin.py:115} INFO - [2022-05-12 04:33:57,143] {dag.py:2371} INFO - Sync 1 DAGs
[2022-05-12 04:33:57,155] {logging_mixin.py:115} INFO - [2022-05-12 04:33:57,155] {dag.py:2919} INFO - Setting next_dagrun for example_dag_decorator to None, run_after=None
[2022-05-12 04:33:57,163] {processor.py:161} INFO - Processing /home/airflow/.local/lib/python3.7/site-packages/airflow/example_dags/example_dag_decorator.py took 0.053 seconds
