[2022-05-12 04:26:45,712] {processor.py:153} INFO - Started process (PID=170) to work on /home/airflow/.local/lib/python3.7/site-packages/airflow/example_dags/example_kubernetes_executor.py
[2022-05-12 04:26:45,714] {processor.py:641} INFO - Processing file /home/airflow/.local/lib/python3.7/site-packages/airflow/example_dags/example_kubernetes_executor.py for tasks to queue
[2022-05-12 04:26:45,716] {logging_mixin.py:115} INFO - [2022-05-12 04:26:45,716] {dagbag.py:507} INFO - Filling up the DagBag from /home/airflow/.local/lib/python3.7/site-packages/airflow/example_dags/example_kubernetes_executor.py
[2022-05-12 04:26:45,746] {processor.py:651} INFO - DAG(s) dict_keys(['example_kubernetes_executor']) retrieved from /home/airflow/.local/lib/python3.7/site-packages/airflow/example_dags/example_kubernetes_executor.py
[2022-05-12 04:26:45,829] {logging_mixin.py:115} INFO - [2022-05-12 04:26:45,828] {manager.py:508} INFO - Created Permission View: can read on DAG:example_kubernetes_executor
[2022-05-12 04:26:45,842] {logging_mixin.py:115} INFO - [2022-05-12 04:26:45,842] {manager.py:508} INFO - Created Permission View: can edit on DAG:example_kubernetes_executor
[2022-05-12 04:26:45,848] {logging_mixin.py:115} INFO - [2022-05-12 04:26:45,848] {manager.py:508} INFO - Created Permission View: can delete on DAG:example_kubernetes_executor
[2022-05-12 04:26:45,852] {logging_mixin.py:115} INFO - [2022-05-12 04:26:45,852] {dag.py:2371} INFO - Sync 1 DAGs
[2022-05-12 04:26:45,859] {logging_mixin.py:115} INFO - [2022-05-12 04:26:45,859] {dag.py:2390} INFO - Creating ORM DAG for example_kubernetes_executor
[2022-05-12 04:26:45,869] {logging_mixin.py:115} INFO - [2022-05-12 04:26:45,869] {dag.py:2919} INFO - Setting next_dagrun for example_kubernetes_executor to None, run_after=None
[2022-05-12 04:26:45,883] {processor.py:161} INFO - Processing /home/airflow/.local/lib/python3.7/site-packages/airflow/example_dags/example_kubernetes_executor.py took 0.173 seconds
[2022-05-12 04:27:16,603] {processor.py:153} INFO - Started process (PID=374) to work on /home/airflow/.local/lib/python3.7/site-packages/airflow/example_dags/example_kubernetes_executor.py
[2022-05-12 04:27:16,605] {processor.py:641} INFO - Processing file /home/airflow/.local/lib/python3.7/site-packages/airflow/example_dags/example_kubernetes_executor.py for tasks to queue
[2022-05-12 04:27:16,606] {logging_mixin.py:115} INFO - [2022-05-12 04:27:16,606] {dagbag.py:507} INFO - Filling up the DagBag from /home/airflow/.local/lib/python3.7/site-packages/airflow/example_dags/example_kubernetes_executor.py
[2022-05-12 04:27:16,634] {processor.py:651} INFO - DAG(s) dict_keys(['example_kubernetes_executor']) retrieved from /home/airflow/.local/lib/python3.7/site-packages/airflow/example_dags/example_kubernetes_executor.py
[2022-05-12 04:27:16,658] {logging_mixin.py:115} INFO - [2022-05-12 04:27:16,658] {dag.py:2371} INFO - Sync 1 DAGs
[2022-05-12 04:27:16,677] {logging_mixin.py:115} INFO - [2022-05-12 04:27:16,677] {dag.py:2919} INFO - Setting next_dagrun for example_kubernetes_executor to None, run_after=None
[2022-05-12 04:27:16,689] {processor.py:161} INFO - Processing /home/airflow/.local/lib/python3.7/site-packages/airflow/example_dags/example_kubernetes_executor.py took 0.090 seconds
[2022-05-12 04:27:47,494] {processor.py:153} INFO - Started process (PID=579) to work on /home/airflow/.local/lib/python3.7/site-packages/airflow/example_dags/example_kubernetes_executor.py
[2022-05-12 04:27:47,496] {processor.py:641} INFO - Processing file /home/airflow/.local/lib/python3.7/site-packages/airflow/example_dags/example_kubernetes_executor.py for tasks to queue
[2022-05-12 04:27:47,497] {logging_mixin.py:115} INFO - [2022-05-12 04:27:47,497] {dagbag.py:507} INFO - Filling up the DagBag from /home/airflow/.local/lib/python3.7/site-packages/airflow/example_dags/example_kubernetes_executor.py
[2022-05-12 04:27:47,517] {processor.py:651} INFO - DAG(s) dict_keys(['example_kubernetes_executor']) retrieved from /home/airflow/.local/lib/python3.7/site-packages/airflow/example_dags/example_kubernetes_executor.py
[2022-05-12 04:27:47,536] {logging_mixin.py:115} INFO - [2022-05-12 04:27:47,536] {dag.py:2371} INFO - Sync 1 DAGs
[2022-05-12 04:27:47,551] {logging_mixin.py:115} INFO - [2022-05-12 04:27:47,551] {dag.py:2919} INFO - Setting next_dagrun for example_kubernetes_executor to None, run_after=None
[2022-05-12 04:27:47,559] {processor.py:161} INFO - Processing /home/airflow/.local/lib/python3.7/site-packages/airflow/example_dags/example_kubernetes_executor.py took 0.067 seconds
[2022-05-12 04:28:18,094] {processor.py:153} INFO - Started process (PID=786) to work on /home/airflow/.local/lib/python3.7/site-packages/airflow/example_dags/example_kubernetes_executor.py
[2022-05-12 04:28:18,096] {processor.py:641} INFO - Processing file /home/airflow/.local/lib/python3.7/site-packages/airflow/example_dags/example_kubernetes_executor.py for tasks to queue
[2022-05-12 04:28:18,099] {logging_mixin.py:115} INFO - [2022-05-12 04:28:18,099] {dagbag.py:507} INFO - Filling up the DagBag from /home/airflow/.local/lib/python3.7/site-packages/airflow/example_dags/example_kubernetes_executor.py
[2022-05-12 04:28:18,144] {processor.py:651} INFO - DAG(s) dict_keys(['example_kubernetes_executor']) retrieved from /home/airflow/.local/lib/python3.7/site-packages/airflow/example_dags/example_kubernetes_executor.py
[2022-05-12 04:28:18,166] {logging_mixin.py:115} INFO - [2022-05-12 04:28:18,166] {dag.py:2371} INFO - Sync 1 DAGs
[2022-05-12 04:28:18,190] {logging_mixin.py:115} INFO - [2022-05-12 04:28:18,190] {dag.py:2919} INFO - Setting next_dagrun for example_kubernetes_executor to None, run_after=None
[2022-05-12 04:28:18,205] {processor.py:161} INFO - Processing /home/airflow/.local/lib/python3.7/site-packages/airflow/example_dags/example_kubernetes_executor.py took 0.114 seconds
[2022-05-12 04:28:48,929] {processor.py:153} INFO - Started process (PID=983) to work on /home/airflow/.local/lib/python3.7/site-packages/airflow/example_dags/example_kubernetes_executor.py
[2022-05-12 04:28:48,932] {processor.py:641} INFO - Processing file /home/airflow/.local/lib/python3.7/site-packages/airflow/example_dags/example_kubernetes_executor.py for tasks to queue
[2022-05-12 04:28:48,934] {logging_mixin.py:115} INFO - [2022-05-12 04:28:48,934] {dagbag.py:507} INFO - Filling up the DagBag from /home/airflow/.local/lib/python3.7/site-packages/airflow/example_dags/example_kubernetes_executor.py
[2022-05-12 04:28:48,963] {processor.py:651} INFO - DAG(s) dict_keys(['example_kubernetes_executor']) retrieved from /home/airflow/.local/lib/python3.7/site-packages/airflow/example_dags/example_kubernetes_executor.py
[2022-05-12 04:28:48,989] {logging_mixin.py:115} INFO - [2022-05-12 04:28:48,988] {dag.py:2371} INFO - Sync 1 DAGs
[2022-05-12 04:28:49,013] {logging_mixin.py:115} INFO - [2022-05-12 04:28:49,013] {dag.py:2919} INFO - Setting next_dagrun for example_kubernetes_executor to None, run_after=None
[2022-05-12 04:28:49,025] {processor.py:161} INFO - Processing /home/airflow/.local/lib/python3.7/site-packages/airflow/example_dags/example_kubernetes_executor.py took 0.100 seconds
[2022-05-12 04:29:20,043] {processor.py:153} INFO - Started process (PID=1188) to work on /home/airflow/.local/lib/python3.7/site-packages/airflow/example_dags/example_kubernetes_executor.py
[2022-05-12 04:29:20,046] {processor.py:641} INFO - Processing file /home/airflow/.local/lib/python3.7/site-packages/airflow/example_dags/example_kubernetes_executor.py for tasks to queue
[2022-05-12 04:29:20,049] {logging_mixin.py:115} INFO - [2022-05-12 04:29:20,049] {dagbag.py:507} INFO - Filling up the DagBag from /home/airflow/.local/lib/python3.7/site-packages/airflow/example_dags/example_kubernetes_executor.py
[2022-05-12 04:29:20,089] {processor.py:651} INFO - DAG(s) dict_keys(['example_kubernetes_executor']) retrieved from /home/airflow/.local/lib/python3.7/site-packages/airflow/example_dags/example_kubernetes_executor.py
[2022-05-12 04:29:20,123] {logging_mixin.py:115} INFO - [2022-05-12 04:29:20,123] {dag.py:2371} INFO - Sync 1 DAGs
[2022-05-12 04:29:20,148] {logging_mixin.py:115} INFO - [2022-05-12 04:29:20,148] {dag.py:2919} INFO - Setting next_dagrun for example_kubernetes_executor to None, run_after=None
[2022-05-12 04:29:20,158] {processor.py:161} INFO - Processing /home/airflow/.local/lib/python3.7/site-packages/airflow/example_dags/example_kubernetes_executor.py took 0.119 seconds
[2022-05-12 04:29:50,906] {processor.py:153} INFO - Started process (PID=1399) to work on /home/airflow/.local/lib/python3.7/site-packages/airflow/example_dags/example_kubernetes_executor.py
[2022-05-12 04:29:50,909] {processor.py:641} INFO - Processing file /home/airflow/.local/lib/python3.7/site-packages/airflow/example_dags/example_kubernetes_executor.py for tasks to queue
[2022-05-12 04:29:50,911] {logging_mixin.py:115} INFO - [2022-05-12 04:29:50,911] {dagbag.py:507} INFO - Filling up the DagBag from /home/airflow/.local/lib/python3.7/site-packages/airflow/example_dags/example_kubernetes_executor.py
[2022-05-12 04:29:50,933] {processor.py:651} INFO - DAG(s) dict_keys(['example_kubernetes_executor']) retrieved from /home/airflow/.local/lib/python3.7/site-packages/airflow/example_dags/example_kubernetes_executor.py
[2022-05-12 04:29:50,949] {logging_mixin.py:115} INFO - [2022-05-12 04:29:50,949] {dag.py:2371} INFO - Sync 1 DAGs
[2022-05-12 04:29:50,961] {logging_mixin.py:115} INFO - [2022-05-12 04:29:50,961] {dag.py:2919} INFO - Setting next_dagrun for example_kubernetes_executor to None, run_after=None
[2022-05-12 04:29:50,970] {processor.py:161} INFO - Processing /home/airflow/.local/lib/python3.7/site-packages/airflow/example_dags/example_kubernetes_executor.py took 0.069 seconds
[2022-05-12 04:30:21,373] {processor.py:153} INFO - Started process (PID=1612) to work on /home/airflow/.local/lib/python3.7/site-packages/airflow/example_dags/example_kubernetes_executor.py
[2022-05-12 04:30:21,376] {processor.py:641} INFO - Processing file /home/airflow/.local/lib/python3.7/site-packages/airflow/example_dags/example_kubernetes_executor.py for tasks to queue
[2022-05-12 04:30:21,377] {logging_mixin.py:115} INFO - [2022-05-12 04:30:21,377] {dagbag.py:507} INFO - Filling up the DagBag from /home/airflow/.local/lib/python3.7/site-packages/airflow/example_dags/example_kubernetes_executor.py
[2022-05-12 04:30:21,397] {processor.py:651} INFO - DAG(s) dict_keys(['example_kubernetes_executor']) retrieved from /home/airflow/.local/lib/python3.7/site-packages/airflow/example_dags/example_kubernetes_executor.py
[2022-05-12 04:30:21,419] {logging_mixin.py:115} INFO - [2022-05-12 04:30:21,419] {dag.py:2371} INFO - Sync 1 DAGs
[2022-05-12 04:30:21,435] {logging_mixin.py:115} INFO - [2022-05-12 04:30:21,435] {dag.py:2919} INFO - Setting next_dagrun for example_kubernetes_executor to None, run_after=None
[2022-05-12 04:30:21,446] {processor.py:161} INFO - Processing /home/airflow/.local/lib/python3.7/site-packages/airflow/example_dags/example_kubernetes_executor.py took 0.075 seconds
[2022-05-12 04:30:51,608] {processor.py:153} INFO - Started process (PID=1818) to work on /home/airflow/.local/lib/python3.7/site-packages/airflow/example_dags/example_kubernetes_executor.py
[2022-05-12 04:30:51,609] {processor.py:641} INFO - Processing file /home/airflow/.local/lib/python3.7/site-packages/airflow/example_dags/example_kubernetes_executor.py for tasks to queue
[2022-05-12 04:30:51,617] {logging_mixin.py:115} INFO - [2022-05-12 04:30:51,617] {dagbag.py:507} INFO - Filling up the DagBag from /home/airflow/.local/lib/python3.7/site-packages/airflow/example_dags/example_kubernetes_executor.py
[2022-05-12 04:30:51,678] {processor.py:651} INFO - DAG(s) dict_keys(['example_kubernetes_executor']) retrieved from /home/airflow/.local/lib/python3.7/site-packages/airflow/example_dags/example_kubernetes_executor.py
[2022-05-12 04:30:51,716] {logging_mixin.py:115} INFO - [2022-05-12 04:30:51,716] {dag.py:2371} INFO - Sync 1 DAGs
[2022-05-12 04:30:51,735] {logging_mixin.py:115} INFO - [2022-05-12 04:30:51,735] {dag.py:2919} INFO - Setting next_dagrun for example_kubernetes_executor to None, run_after=None
[2022-05-12 04:30:51,748] {processor.py:161} INFO - Processing /home/airflow/.local/lib/python3.7/site-packages/airflow/example_dags/example_kubernetes_executor.py took 0.143 seconds
[2022-05-12 04:31:21,981] {processor.py:153} INFO - Started process (PID=2022) to work on /home/airflow/.local/lib/python3.7/site-packages/airflow/example_dags/example_kubernetes_executor.py
[2022-05-12 04:31:21,983] {processor.py:641} INFO - Processing file /home/airflow/.local/lib/python3.7/site-packages/airflow/example_dags/example_kubernetes_executor.py for tasks to queue
[2022-05-12 04:31:21,984] {logging_mixin.py:115} INFO - [2022-05-12 04:31:21,984] {dagbag.py:507} INFO - Filling up the DagBag from /home/airflow/.local/lib/python3.7/site-packages/airflow/example_dags/example_kubernetes_executor.py
[2022-05-12 04:31:22,002] {processor.py:651} INFO - DAG(s) dict_keys(['example_kubernetes_executor']) retrieved from /home/airflow/.local/lib/python3.7/site-packages/airflow/example_dags/example_kubernetes_executor.py
[2022-05-12 04:31:22,022] {logging_mixin.py:115} INFO - [2022-05-12 04:31:22,022] {dag.py:2371} INFO - Sync 1 DAGs
[2022-05-12 04:31:22,036] {logging_mixin.py:115} INFO - [2022-05-12 04:31:22,036] {dag.py:2919} INFO - Setting next_dagrun for example_kubernetes_executor to None, run_after=None
[2022-05-12 04:31:22,044] {processor.py:161} INFO - Processing /home/airflow/.local/lib/python3.7/site-packages/airflow/example_dags/example_kubernetes_executor.py took 0.066 seconds
[2022-05-12 04:31:52,651] {processor.py:153} INFO - Started process (PID=2217) to work on /home/airflow/.local/lib/python3.7/site-packages/airflow/example_dags/example_kubernetes_executor.py
[2022-05-12 04:31:52,653] {processor.py:641} INFO - Processing file /home/airflow/.local/lib/python3.7/site-packages/airflow/example_dags/example_kubernetes_executor.py for tasks to queue
[2022-05-12 04:31:52,654] {logging_mixin.py:115} INFO - [2022-05-12 04:31:52,654] {dagbag.py:507} INFO - Filling up the DagBag from /home/airflow/.local/lib/python3.7/site-packages/airflow/example_dags/example_kubernetes_executor.py
[2022-05-12 04:31:52,695] {processor.py:651} INFO - DAG(s) dict_keys(['example_kubernetes_executor']) retrieved from /home/airflow/.local/lib/python3.7/site-packages/airflow/example_dags/example_kubernetes_executor.py
[2022-05-12 04:31:52,719] {logging_mixin.py:115} INFO - [2022-05-12 04:31:52,719] {dag.py:2371} INFO - Sync 1 DAGs
[2022-05-12 04:31:52,736] {logging_mixin.py:115} INFO - [2022-05-12 04:31:52,736] {dag.py:2919} INFO - Setting next_dagrun for example_kubernetes_executor to None, run_after=None
[2022-05-12 04:31:52,746] {processor.py:161} INFO - Processing /home/airflow/.local/lib/python3.7/site-packages/airflow/example_dags/example_kubernetes_executor.py took 0.101 seconds
[2022-05-12 04:32:23,343] {processor.py:153} INFO - Started process (PID=2420) to work on /home/airflow/.local/lib/python3.7/site-packages/airflow/example_dags/example_kubernetes_executor.py
[2022-05-12 04:32:23,345] {processor.py:641} INFO - Processing file /home/airflow/.local/lib/python3.7/site-packages/airflow/example_dags/example_kubernetes_executor.py for tasks to queue
[2022-05-12 04:32:23,346] {logging_mixin.py:115} INFO - [2022-05-12 04:32:23,346] {dagbag.py:507} INFO - Filling up the DagBag from /home/airflow/.local/lib/python3.7/site-packages/airflow/example_dags/example_kubernetes_executor.py
[2022-05-12 04:32:23,374] {processor.py:651} INFO - DAG(s) dict_keys(['example_kubernetes_executor']) retrieved from /home/airflow/.local/lib/python3.7/site-packages/airflow/example_dags/example_kubernetes_executor.py
[2022-05-12 04:32:23,392] {logging_mixin.py:115} INFO - [2022-05-12 04:32:23,392] {dag.py:2371} INFO - Sync 1 DAGs
[2022-05-12 04:32:23,406] {logging_mixin.py:115} INFO - [2022-05-12 04:32:23,406] {dag.py:2919} INFO - Setting next_dagrun for example_kubernetes_executor to None, run_after=None
[2022-05-12 04:32:23,414] {processor.py:161} INFO - Processing /home/airflow/.local/lib/python3.7/site-packages/airflow/example_dags/example_kubernetes_executor.py took 0.076 seconds
[2022-05-12 04:32:54,107] {processor.py:153} INFO - Started process (PID=2628) to work on /home/airflow/.local/lib/python3.7/site-packages/airflow/example_dags/example_kubernetes_executor.py
[2022-05-12 04:32:54,109] {processor.py:641} INFO - Processing file /home/airflow/.local/lib/python3.7/site-packages/airflow/example_dags/example_kubernetes_executor.py for tasks to queue
[2022-05-12 04:32:54,112] {logging_mixin.py:115} INFO - [2022-05-12 04:32:54,112] {dagbag.py:507} INFO - Filling up the DagBag from /home/airflow/.local/lib/python3.7/site-packages/airflow/example_dags/example_kubernetes_executor.py
[2022-05-12 04:32:54,130] {processor.py:651} INFO - DAG(s) dict_keys(['example_kubernetes_executor']) retrieved from /home/airflow/.local/lib/python3.7/site-packages/airflow/example_dags/example_kubernetes_executor.py
[2022-05-12 04:32:54,146] {logging_mixin.py:115} INFO - [2022-05-12 04:32:54,146] {dag.py:2371} INFO - Sync 1 DAGs
[2022-05-12 04:32:54,159] {logging_mixin.py:115} INFO - [2022-05-12 04:32:54,159] {dag.py:2919} INFO - Setting next_dagrun for example_kubernetes_executor to None, run_after=None
[2022-05-12 04:32:54,167] {processor.py:161} INFO - Processing /home/airflow/.local/lib/python3.7/site-packages/airflow/example_dags/example_kubernetes_executor.py took 0.064 seconds
[2022-05-12 04:33:24,751] {processor.py:153} INFO - Started process (PID=2834) to work on /home/airflow/.local/lib/python3.7/site-packages/airflow/example_dags/example_kubernetes_executor.py
[2022-05-12 04:33:24,754] {processor.py:641} INFO - Processing file /home/airflow/.local/lib/python3.7/site-packages/airflow/example_dags/example_kubernetes_executor.py for tasks to queue
[2022-05-12 04:33:24,756] {logging_mixin.py:115} INFO - [2022-05-12 04:33:24,756] {dagbag.py:507} INFO - Filling up the DagBag from /home/airflow/.local/lib/python3.7/site-packages/airflow/example_dags/example_kubernetes_executor.py
[2022-05-12 04:33:24,785] {processor.py:651} INFO - DAG(s) dict_keys(['example_kubernetes_executor']) retrieved from /home/airflow/.local/lib/python3.7/site-packages/airflow/example_dags/example_kubernetes_executor.py
[2022-05-12 04:33:24,803] {logging_mixin.py:115} INFO - [2022-05-12 04:33:24,803] {dag.py:2371} INFO - Sync 1 DAGs
[2022-05-12 04:33:24,817] {logging_mixin.py:115} INFO - [2022-05-12 04:33:24,817] {dag.py:2919} INFO - Setting next_dagrun for example_kubernetes_executor to None, run_after=None
[2022-05-12 04:33:24,826] {processor.py:161} INFO - Processing /home/airflow/.local/lib/python3.7/site-packages/airflow/example_dags/example_kubernetes_executor.py took 0.082 seconds
