[2022-05-12 04:26:46,694] {processor.py:153} INFO - Started process (PID=230) to work on /home/airflow/.local/lib/python3.7/site-packages/airflow/example_dags/example_branch_datetime_operator.py
[2022-05-12 04:26:46,695] {processor.py:641} INFO - Processing file /home/airflow/.local/lib/python3.7/site-packages/airflow/example_dags/example_branch_datetime_operator.py for tasks to queue
[2022-05-12 04:26:46,697] {logging_mixin.py:115} INFO - [2022-05-12 04:26:46,697] {dagbag.py:507} INFO - Filling up the DagBag from /home/airflow/.local/lib/python3.7/site-packages/airflow/example_dags/example_branch_datetime_operator.py
[2022-05-12 04:26:46,707] {processor.py:651} INFO - DAG(s) dict_keys(['example_branch_datetime_operator_2']) retrieved from /home/airflow/.local/lib/python3.7/site-packages/airflow/example_dags/example_branch_datetime_operator.py
[2022-05-12 04:26:46,774] {logging_mixin.py:115} INFO - [2022-05-12 04:26:46,774] {manager.py:508} INFO - Created Permission View: can read on DAG:example_branch_datetime_operator_2
[2022-05-12 04:26:46,787] {logging_mixin.py:115} INFO - [2022-05-12 04:26:46,787] {manager.py:508} INFO - Created Permission View: can edit on DAG:example_branch_datetime_operator_2
[2022-05-12 04:26:46,793] {logging_mixin.py:115} INFO - [2022-05-12 04:26:46,793] {manager.py:508} INFO - Created Permission View: can delete on DAG:example_branch_datetime_operator_2
[2022-05-12 04:26:46,795] {logging_mixin.py:115} INFO - [2022-05-12 04:26:46,795] {dag.py:2371} INFO - Sync 1 DAGs
[2022-05-12 04:26:46,803] {logging_mixin.py:115} INFO - [2022-05-12 04:26:46,803] {dag.py:2390} INFO - Creating ORM DAG for example_branch_datetime_operator_2
[2022-05-12 04:26:46,823] {logging_mixin.py:115} INFO - [2022-05-12 04:26:46,823] {dag.py:2919} INFO - Setting next_dagrun for example_branch_datetime_operator_2 to 2022-05-11T00:00:00+00:00, run_after=2022-05-12T00:00:00+00:00
[2022-05-12 04:26:46,839] {processor.py:161} INFO - Processing /home/airflow/.local/lib/python3.7/site-packages/airflow/example_dags/example_branch_datetime_operator.py took 0.148 seconds
[2022-05-12 04:27:17,221] {processor.py:153} INFO - Started process (PID=437) to work on /home/airflow/.local/lib/python3.7/site-packages/airflow/example_dags/example_branch_datetime_operator.py
[2022-05-12 04:27:17,222] {processor.py:641} INFO - Processing file /home/airflow/.local/lib/python3.7/site-packages/airflow/example_dags/example_branch_datetime_operator.py for tasks to queue
[2022-05-12 04:27:17,223] {logging_mixin.py:115} INFO - [2022-05-12 04:27:17,223] {dagbag.py:507} INFO - Filling up the DagBag from /home/airflow/.local/lib/python3.7/site-packages/airflow/example_dags/example_branch_datetime_operator.py
[2022-05-12 04:27:17,231] {processor.py:651} INFO - DAG(s) dict_keys(['example_branch_datetime_operator_2']) retrieved from /home/airflow/.local/lib/python3.7/site-packages/airflow/example_dags/example_branch_datetime_operator.py
[2022-05-12 04:27:17,248] {logging_mixin.py:115} INFO - [2022-05-12 04:27:17,248] {dag.py:2371} INFO - Sync 1 DAGs
[2022-05-12 04:27:17,262] {logging_mixin.py:115} INFO - [2022-05-12 04:27:17,262] {dag.py:2919} INFO - Setting next_dagrun for example_branch_datetime_operator_2 to 2022-05-11T00:00:00+00:00, run_after=2022-05-12T00:00:00+00:00
[2022-05-12 04:27:17,270] {processor.py:161} INFO - Processing /home/airflow/.local/lib/python3.7/site-packages/airflow/example_dags/example_branch_datetime_operator.py took 0.051 seconds
[2022-05-12 04:27:47,971] {processor.py:153} INFO - Started process (PID=639) to work on /home/airflow/.local/lib/python3.7/site-packages/airflow/example_dags/example_branch_datetime_operator.py
[2022-05-12 04:27:47,973] {processor.py:641} INFO - Processing file /home/airflow/.local/lib/python3.7/site-packages/airflow/example_dags/example_branch_datetime_operator.py for tasks to queue
[2022-05-12 04:27:47,974] {logging_mixin.py:115} INFO - [2022-05-12 04:27:47,974] {dagbag.py:507} INFO - Filling up the DagBag from /home/airflow/.local/lib/python3.7/site-packages/airflow/example_dags/example_branch_datetime_operator.py
[2022-05-12 04:27:47,982] {processor.py:651} INFO - DAG(s) dict_keys(['example_branch_datetime_operator_2']) retrieved from /home/airflow/.local/lib/python3.7/site-packages/airflow/example_dags/example_branch_datetime_operator.py
[2022-05-12 04:27:47,998] {logging_mixin.py:115} INFO - [2022-05-12 04:27:47,998] {dag.py:2371} INFO - Sync 1 DAGs
[2022-05-12 04:27:48,014] {logging_mixin.py:115} INFO - [2022-05-12 04:27:48,014] {dag.py:2919} INFO - Setting next_dagrun for example_branch_datetime_operator_2 to 2022-05-11T00:00:00+00:00, run_after=2022-05-12T00:00:00+00:00
[2022-05-12 04:27:48,023] {processor.py:161} INFO - Processing /home/airflow/.local/lib/python3.7/site-packages/airflow/example_dags/example_branch_datetime_operator.py took 0.054 seconds
[2022-05-12 04:28:18,757] {processor.py:153} INFO - Started process (PID=849) to work on /home/airflow/.local/lib/python3.7/site-packages/airflow/example_dags/example_branch_datetime_operator.py
[2022-05-12 04:28:18,758] {processor.py:641} INFO - Processing file /home/airflow/.local/lib/python3.7/site-packages/airflow/example_dags/example_branch_datetime_operator.py for tasks to queue
[2022-05-12 04:28:18,759] {logging_mixin.py:115} INFO - [2022-05-12 04:28:18,759] {dagbag.py:507} INFO - Filling up the DagBag from /home/airflow/.local/lib/python3.7/site-packages/airflow/example_dags/example_branch_datetime_operator.py
[2022-05-12 04:28:18,770] {processor.py:651} INFO - DAG(s) dict_keys(['example_branch_datetime_operator_2']) retrieved from /home/airflow/.local/lib/python3.7/site-packages/airflow/example_dags/example_branch_datetime_operator.py
[2022-05-12 04:28:18,787] {logging_mixin.py:115} INFO - [2022-05-12 04:28:18,787] {dag.py:2371} INFO - Sync 1 DAGs
[2022-05-12 04:28:18,801] {logging_mixin.py:115} INFO - [2022-05-12 04:28:18,801] {dag.py:2919} INFO - Setting next_dagrun for example_branch_datetime_operator_2 to 2022-05-11T00:00:00+00:00, run_after=2022-05-12T00:00:00+00:00
[2022-05-12 04:28:18,826] {processor.py:161} INFO - Processing /home/airflow/.local/lib/python3.7/site-packages/airflow/example_dags/example_branch_datetime_operator.py took 0.071 seconds
[2022-05-12 04:28:49,548] {processor.py:153} INFO - Started process (PID=1056) to work on /home/airflow/.local/lib/python3.7/site-packages/airflow/example_dags/example_branch_datetime_operator.py
[2022-05-12 04:28:49,550] {processor.py:641} INFO - Processing file /home/airflow/.local/lib/python3.7/site-packages/airflow/example_dags/example_branch_datetime_operator.py for tasks to queue
[2022-05-12 04:28:49,553] {logging_mixin.py:115} INFO - [2022-05-12 04:28:49,553] {dagbag.py:507} INFO - Filling up the DagBag from /home/airflow/.local/lib/python3.7/site-packages/airflow/example_dags/example_branch_datetime_operator.py
[2022-05-12 04:28:49,563] {processor.py:651} INFO - DAG(s) dict_keys(['example_branch_datetime_operator_2']) retrieved from /home/airflow/.local/lib/python3.7/site-packages/airflow/example_dags/example_branch_datetime_operator.py
[2022-05-12 04:28:49,595] {logging_mixin.py:115} INFO - [2022-05-12 04:28:49,594] {dag.py:2371} INFO - Sync 1 DAGs
[2022-05-12 04:28:49,623] {logging_mixin.py:115} INFO - [2022-05-12 04:28:49,622] {dag.py:2919} INFO - Setting next_dagrun for example_branch_datetime_operator_2 to 2022-05-11T00:00:00+00:00, run_after=2022-05-12T00:00:00+00:00
[2022-05-12 04:28:49,637] {processor.py:161} INFO - Processing /home/airflow/.local/lib/python3.7/site-packages/airflow/example_dags/example_branch_datetime_operator.py took 0.092 seconds
[2022-05-12 04:29:20,605] {processor.py:153} INFO - Started process (PID=1249) to work on /home/airflow/.local/lib/python3.7/site-packages/airflow/example_dags/example_branch_datetime_operator.py
[2022-05-12 04:29:20,607] {processor.py:641} INFO - Processing file /home/airflow/.local/lib/python3.7/site-packages/airflow/example_dags/example_branch_datetime_operator.py for tasks to queue
[2022-05-12 04:29:20,607] {logging_mixin.py:115} INFO - [2022-05-12 04:29:20,607] {dagbag.py:507} INFO - Filling up the DagBag from /home/airflow/.local/lib/python3.7/site-packages/airflow/example_dags/example_branch_datetime_operator.py
[2022-05-12 04:29:20,617] {processor.py:651} INFO - DAG(s) dict_keys(['example_branch_datetime_operator_2']) retrieved from /home/airflow/.local/lib/python3.7/site-packages/airflow/example_dags/example_branch_datetime_operator.py
[2022-05-12 04:29:20,635] {logging_mixin.py:115} INFO - [2022-05-12 04:29:20,635] {dag.py:2371} INFO - Sync 1 DAGs
[2022-05-12 04:29:20,654] {logging_mixin.py:115} INFO - [2022-05-12 04:29:20,654] {dag.py:2919} INFO - Setting next_dagrun for example_branch_datetime_operator_2 to 2022-05-11T00:00:00+00:00, run_after=2022-05-12T00:00:00+00:00
[2022-05-12 04:29:20,662] {processor.py:161} INFO - Processing /home/airflow/.local/lib/python3.7/site-packages/airflow/example_dags/example_branch_datetime_operator.py took 0.058 seconds
[2022-05-12 04:29:51,369] {processor.py:153} INFO - Started process (PID=1457) to work on /home/airflow/.local/lib/python3.7/site-packages/airflow/example_dags/example_branch_datetime_operator.py
[2022-05-12 04:29:51,370] {processor.py:641} INFO - Processing file /home/airflow/.local/lib/python3.7/site-packages/airflow/example_dags/example_branch_datetime_operator.py for tasks to queue
[2022-05-12 04:29:51,371] {logging_mixin.py:115} INFO - [2022-05-12 04:29:51,371] {dagbag.py:507} INFO - Filling up the DagBag from /home/airflow/.local/lib/python3.7/site-packages/airflow/example_dags/example_branch_datetime_operator.py
[2022-05-12 04:29:51,379] {processor.py:651} INFO - DAG(s) dict_keys(['example_branch_datetime_operator_2']) retrieved from /home/airflow/.local/lib/python3.7/site-packages/airflow/example_dags/example_branch_datetime_operator.py
[2022-05-12 04:29:51,395] {logging_mixin.py:115} INFO - [2022-05-12 04:29:51,395] {dag.py:2371} INFO - Sync 1 DAGs
[2022-05-12 04:29:51,412] {logging_mixin.py:115} INFO - [2022-05-12 04:29:51,412] {dag.py:2919} INFO - Setting next_dagrun for example_branch_datetime_operator_2 to 2022-05-11T00:00:00+00:00, run_after=2022-05-12T00:00:00+00:00
[2022-05-12 04:29:51,421] {processor.py:161} INFO - Processing /home/airflow/.local/lib/python3.7/site-packages/airflow/example_dags/example_branch_datetime_operator.py took 0.054 seconds
[2022-05-12 04:30:22,067] {processor.py:153} INFO - Started process (PID=1670) to work on /home/airflow/.local/lib/python3.7/site-packages/airflow/example_dags/example_branch_datetime_operator.py
[2022-05-12 04:30:22,069] {processor.py:641} INFO - Processing file /home/airflow/.local/lib/python3.7/site-packages/airflow/example_dags/example_branch_datetime_operator.py for tasks to queue
[2022-05-12 04:30:22,070] {logging_mixin.py:115} INFO - [2022-05-12 04:30:22,070] {dagbag.py:507} INFO - Filling up the DagBag from /home/airflow/.local/lib/python3.7/site-packages/airflow/example_dags/example_branch_datetime_operator.py
[2022-05-12 04:30:22,080] {processor.py:651} INFO - DAG(s) dict_keys(['example_branch_datetime_operator_2']) retrieved from /home/airflow/.local/lib/python3.7/site-packages/airflow/example_dags/example_branch_datetime_operator.py
[2022-05-12 04:30:22,099] {logging_mixin.py:115} INFO - [2022-05-12 04:30:22,099] {dag.py:2371} INFO - Sync 1 DAGs
[2022-05-12 04:30:22,143] {logging_mixin.py:115} INFO - [2022-05-12 04:30:22,143] {dag.py:2919} INFO - Setting next_dagrun for example_branch_datetime_operator_2 to 2022-05-11T00:00:00+00:00, run_after=2022-05-12T00:00:00+00:00
[2022-05-12 04:30:22,155] {processor.py:161} INFO - Processing /home/airflow/.local/lib/python3.7/site-packages/airflow/example_dags/example_branch_datetime_operator.py took 0.091 seconds
[2022-05-12 04:30:52,328] {processor.py:153} INFO - Started process (PID=1876) to work on /home/airflow/.local/lib/python3.7/site-packages/airflow/example_dags/example_branch_datetime_operator.py
[2022-05-12 04:30:52,330] {processor.py:641} INFO - Processing file /home/airflow/.local/lib/python3.7/site-packages/airflow/example_dags/example_branch_datetime_operator.py for tasks to queue
[2022-05-12 04:30:52,331] {logging_mixin.py:115} INFO - [2022-05-12 04:30:52,331] {dagbag.py:507} INFO - Filling up the DagBag from /home/airflow/.local/lib/python3.7/site-packages/airflow/example_dags/example_branch_datetime_operator.py
[2022-05-12 04:30:52,341] {processor.py:651} INFO - DAG(s) dict_keys(['example_branch_datetime_operator_2']) retrieved from /home/airflow/.local/lib/python3.7/site-packages/airflow/example_dags/example_branch_datetime_operator.py
[2022-05-12 04:30:52,362] {logging_mixin.py:115} INFO - [2022-05-12 04:30:52,362] {dag.py:2371} INFO - Sync 1 DAGs
[2022-05-12 04:30:52,378] {logging_mixin.py:115} INFO - [2022-05-12 04:30:52,378] {dag.py:2919} INFO - Setting next_dagrun for example_branch_datetime_operator_2 to 2022-05-11T00:00:00+00:00, run_after=2022-05-12T00:00:00+00:00
[2022-05-12 04:30:52,389] {processor.py:161} INFO - Processing /home/airflow/.local/lib/python3.7/site-packages/airflow/example_dags/example_branch_datetime_operator.py took 0.064 seconds
[2022-05-12 04:31:22,501] {processor.py:153} INFO - Started process (PID=2080) to work on /home/airflow/.local/lib/python3.7/site-packages/airflow/example_dags/example_branch_datetime_operator.py
[2022-05-12 04:31:22,502] {processor.py:641} INFO - Processing file /home/airflow/.local/lib/python3.7/site-packages/airflow/example_dags/example_branch_datetime_operator.py for tasks to queue
[2022-05-12 04:31:22,503] {logging_mixin.py:115} INFO - [2022-05-12 04:31:22,503] {dagbag.py:507} INFO - Filling up the DagBag from /home/airflow/.local/lib/python3.7/site-packages/airflow/example_dags/example_branch_datetime_operator.py
[2022-05-12 04:31:22,512] {processor.py:651} INFO - DAG(s) dict_keys(['example_branch_datetime_operator_2']) retrieved from /home/airflow/.local/lib/python3.7/site-packages/airflow/example_dags/example_branch_datetime_operator.py
[2022-05-12 04:31:22,529] {logging_mixin.py:115} INFO - [2022-05-12 04:31:22,529] {dag.py:2371} INFO - Sync 1 DAGs
[2022-05-12 04:31:22,543] {logging_mixin.py:115} INFO - [2022-05-12 04:31:22,543] {dag.py:2919} INFO - Setting next_dagrun for example_branch_datetime_operator_2 to 2022-05-11T00:00:00+00:00, run_after=2022-05-12T00:00:00+00:00
[2022-05-12 04:31:22,550] {processor.py:161} INFO - Processing /home/airflow/.local/lib/python3.7/site-packages/airflow/example_dags/example_branch_datetime_operator.py took 0.052 seconds
[2022-05-12 04:31:53,146] {processor.py:153} INFO - Started process (PID=2275) to work on /home/airflow/.local/lib/python3.7/site-packages/airflow/example_dags/example_branch_datetime_operator.py
[2022-05-12 04:31:53,148] {processor.py:641} INFO - Processing file /home/airflow/.local/lib/python3.7/site-packages/airflow/example_dags/example_branch_datetime_operator.py for tasks to queue
[2022-05-12 04:31:53,149] {logging_mixin.py:115} INFO - [2022-05-12 04:31:53,149] {dagbag.py:507} INFO - Filling up the DagBag from /home/airflow/.local/lib/python3.7/site-packages/airflow/example_dags/example_branch_datetime_operator.py
[2022-05-12 04:31:53,154] {processor.py:651} INFO - DAG(s) dict_keys(['example_branch_datetime_operator_2']) retrieved from /home/airflow/.local/lib/python3.7/site-packages/airflow/example_dags/example_branch_datetime_operator.py
[2022-05-12 04:31:53,175] {logging_mixin.py:115} INFO - [2022-05-12 04:31:53,175] {dag.py:2371} INFO - Sync 1 DAGs
[2022-05-12 04:31:53,190] {logging_mixin.py:115} INFO - [2022-05-12 04:31:53,190] {dag.py:2919} INFO - Setting next_dagrun for example_branch_datetime_operator_2 to 2022-05-11T00:00:00+00:00, run_after=2022-05-12T00:00:00+00:00
[2022-05-12 04:31:53,199] {processor.py:161} INFO - Processing /home/airflow/.local/lib/python3.7/site-packages/airflow/example_dags/example_branch_datetime_operator.py took 0.054 seconds
[2022-05-12 04:32:23,877] {processor.py:153} INFO - Started process (PID=2478) to work on /home/airflow/.local/lib/python3.7/site-packages/airflow/example_dags/example_branch_datetime_operator.py
[2022-05-12 04:32:23,879] {processor.py:641} INFO - Processing file /home/airflow/.local/lib/python3.7/site-packages/airflow/example_dags/example_branch_datetime_operator.py for tasks to queue
[2022-05-12 04:32:23,881] {logging_mixin.py:115} INFO - [2022-05-12 04:32:23,881] {dagbag.py:507} INFO - Filling up the DagBag from /home/airflow/.local/lib/python3.7/site-packages/airflow/example_dags/example_branch_datetime_operator.py
[2022-05-12 04:32:23,888] {processor.py:651} INFO - DAG(s) dict_keys(['example_branch_datetime_operator_2']) retrieved from /home/airflow/.local/lib/python3.7/site-packages/airflow/example_dags/example_branch_datetime_operator.py
[2022-05-12 04:32:23,908] {logging_mixin.py:115} INFO - [2022-05-12 04:32:23,908] {dag.py:2371} INFO - Sync 1 DAGs
[2022-05-12 04:32:23,926] {logging_mixin.py:115} INFO - [2022-05-12 04:32:23,925] {dag.py:2919} INFO - Setting next_dagrun for example_branch_datetime_operator_2 to 2022-05-11T00:00:00+00:00, run_after=2022-05-12T00:00:00+00:00
[2022-05-12 04:32:23,933] {processor.py:161} INFO - Processing /home/airflow/.local/lib/python3.7/site-packages/airflow/example_dags/example_branch_datetime_operator.py took 0.059 seconds
[2022-05-12 04:32:54,553] {processor.py:153} INFO - Started process (PID=2686) to work on /home/airflow/.local/lib/python3.7/site-packages/airflow/example_dags/example_branch_datetime_operator.py
[2022-05-12 04:32:54,554] {processor.py:641} INFO - Processing file /home/airflow/.local/lib/python3.7/site-packages/airflow/example_dags/example_branch_datetime_operator.py for tasks to queue
[2022-05-12 04:32:54,555] {logging_mixin.py:115} INFO - [2022-05-12 04:32:54,555] {dagbag.py:507} INFO - Filling up the DagBag from /home/airflow/.local/lib/python3.7/site-packages/airflow/example_dags/example_branch_datetime_operator.py
[2022-05-12 04:32:54,561] {processor.py:651} INFO - DAG(s) dict_keys(['example_branch_datetime_operator_2']) retrieved from /home/airflow/.local/lib/python3.7/site-packages/airflow/example_dags/example_branch_datetime_operator.py
[2022-05-12 04:32:54,577] {logging_mixin.py:115} INFO - [2022-05-12 04:32:54,577] {dag.py:2371} INFO - Sync 1 DAGs
[2022-05-12 04:32:54,592] {logging_mixin.py:115} INFO - [2022-05-12 04:32:54,592] {dag.py:2919} INFO - Setting next_dagrun for example_branch_datetime_operator_2 to 2022-05-11T00:00:00+00:00, run_after=2022-05-12T00:00:00+00:00
[2022-05-12 04:32:54,600] {processor.py:161} INFO - Processing /home/airflow/.local/lib/python3.7/site-packages/airflow/example_dags/example_branch_datetime_operator.py took 0.050 seconds
[2022-05-12 04:33:25,215] {processor.py:153} INFO - Started process (PID=2892) to work on /home/airflow/.local/lib/python3.7/site-packages/airflow/example_dags/example_branch_datetime_operator.py
[2022-05-12 04:33:25,216] {processor.py:641} INFO - Processing file /home/airflow/.local/lib/python3.7/site-packages/airflow/example_dags/example_branch_datetime_operator.py for tasks to queue
[2022-05-12 04:33:25,217] {logging_mixin.py:115} INFO - [2022-05-12 04:33:25,217] {dagbag.py:507} INFO - Filling up the DagBag from /home/airflow/.local/lib/python3.7/site-packages/airflow/example_dags/example_branch_datetime_operator.py
[2022-05-12 04:33:25,223] {processor.py:651} INFO - DAG(s) dict_keys(['example_branch_datetime_operator_2']) retrieved from /home/airflow/.local/lib/python3.7/site-packages/airflow/example_dags/example_branch_datetime_operator.py
[2022-05-12 04:33:25,241] {logging_mixin.py:115} INFO - [2022-05-12 04:33:25,240] {dag.py:2371} INFO - Sync 1 DAGs
[2022-05-12 04:33:25,254] {logging_mixin.py:115} INFO - [2022-05-12 04:33:25,254] {dag.py:2919} INFO - Setting next_dagrun for example_branch_datetime_operator_2 to 2022-05-11T00:00:00+00:00, run_after=2022-05-12T00:00:00+00:00
[2022-05-12 04:33:25,262] {processor.py:161} INFO - Processing /home/airflow/.local/lib/python3.7/site-packages/airflow/example_dags/example_branch_datetime_operator.py took 0.050 seconds
