[2022-05-12 04:26:47,423] {processor.py:153} INFO - Started process (PID=275) to work on /home/airflow/.local/lib/python3.7/site-packages/airflow/example_dags/example_complex.py
[2022-05-12 04:26:47,425] {processor.py:641} INFO - Processing file /home/airflow/.local/lib/python3.7/site-packages/airflow/example_dags/example_complex.py for tasks to queue
[2022-05-12 04:26:47,426] {logging_mixin.py:115} INFO - [2022-05-12 04:26:47,425] {dagbag.py:507} INFO - Filling up the DagBag from /home/airflow/.local/lib/python3.7/site-packages/airflow/example_dags/example_complex.py
[2022-05-12 04:26:47,438] {processor.py:651} INFO - DAG(s) dict_keys(['example_complex']) retrieved from /home/airflow/.local/lib/python3.7/site-packages/airflow/example_dags/example_complex.py
[2022-05-12 04:26:47,487] {logging_mixin.py:115} INFO - [2022-05-12 04:26:47,487] {manager.py:508} INFO - Created Permission View: can read on DAG:example_complex
[2022-05-12 04:26:47,496] {logging_mixin.py:115} INFO - [2022-05-12 04:26:47,496] {manager.py:508} INFO - Created Permission View: can edit on DAG:example_complex
[2022-05-12 04:26:47,505] {logging_mixin.py:115} INFO - [2022-05-12 04:26:47,505] {manager.py:508} INFO - Created Permission View: can delete on DAG:example_complex
[2022-05-12 04:26:47,506] {logging_mixin.py:115} INFO - [2022-05-12 04:26:47,506] {dag.py:2371} INFO - Sync 1 DAGs
[2022-05-12 04:26:47,513] {logging_mixin.py:115} INFO - [2022-05-12 04:26:47,513] {dag.py:2390} INFO - Creating ORM DAG for example_complex
[2022-05-12 04:26:47,521] {logging_mixin.py:115} INFO - [2022-05-12 04:26:47,521] {dag.py:2919} INFO - Setting next_dagrun for example_complex to None, run_after=None
[2022-05-12 04:26:47,536] {processor.py:161} INFO - Processing /home/airflow/.local/lib/python3.7/site-packages/airflow/example_dags/example_complex.py took 0.115 seconds
[2022-05-12 04:27:17,706] {processor.py:153} INFO - Started process (PID=480) to work on /home/airflow/.local/lib/python3.7/site-packages/airflow/example_dags/example_complex.py
[2022-05-12 04:27:17,707] {processor.py:641} INFO - Processing file /home/airflow/.local/lib/python3.7/site-packages/airflow/example_dags/example_complex.py for tasks to queue
[2022-05-12 04:27:17,708] {logging_mixin.py:115} INFO - [2022-05-12 04:27:17,708] {dagbag.py:507} INFO - Filling up the DagBag from /home/airflow/.local/lib/python3.7/site-packages/airflow/example_dags/example_complex.py
[2022-05-12 04:27:17,718] {processor.py:651} INFO - DAG(s) dict_keys(['example_complex']) retrieved from /home/airflow/.local/lib/python3.7/site-packages/airflow/example_dags/example_complex.py
[2022-05-12 04:27:17,737] {logging_mixin.py:115} INFO - [2022-05-12 04:27:17,737] {dag.py:2371} INFO - Sync 1 DAGs
[2022-05-12 04:27:17,750] {logging_mixin.py:115} INFO - [2022-05-12 04:27:17,750] {dag.py:2919} INFO - Setting next_dagrun for example_complex to None, run_after=None
[2022-05-12 04:27:17,757] {processor.py:161} INFO - Processing /home/airflow/.local/lib/python3.7/site-packages/airflow/example_dags/example_complex.py took 0.054 seconds
[2022-05-12 04:27:48,344] {processor.py:153} INFO - Started process (PID=684) to work on /home/airflow/.local/lib/python3.7/site-packages/airflow/example_dags/example_complex.py
[2022-05-12 04:27:48,345] {processor.py:641} INFO - Processing file /home/airflow/.local/lib/python3.7/site-packages/airflow/example_dags/example_complex.py for tasks to queue
[2022-05-12 04:27:48,346] {logging_mixin.py:115} INFO - [2022-05-12 04:27:48,346] {dagbag.py:507} INFO - Filling up the DagBag from /home/airflow/.local/lib/python3.7/site-packages/airflow/example_dags/example_complex.py
[2022-05-12 04:27:48,355] {processor.py:651} INFO - DAG(s) dict_keys(['example_complex']) retrieved from /home/airflow/.local/lib/python3.7/site-packages/airflow/example_dags/example_complex.py
[2022-05-12 04:27:48,375] {logging_mixin.py:115} INFO - [2022-05-12 04:27:48,375] {dag.py:2371} INFO - Sync 1 DAGs
[2022-05-12 04:27:48,391] {logging_mixin.py:115} INFO - [2022-05-12 04:27:48,391] {dag.py:2919} INFO - Setting next_dagrun for example_complex to None, run_after=None
[2022-05-12 04:27:48,401] {processor.py:161} INFO - Processing /home/airflow/.local/lib/python3.7/site-packages/airflow/example_dags/example_complex.py took 0.059 seconds
[2022-05-12 04:28:19,184] {processor.py:153} INFO - Started process (PID=892) to work on /home/airflow/.local/lib/python3.7/site-packages/airflow/example_dags/example_complex.py
[2022-05-12 04:28:19,186] {processor.py:641} INFO - Processing file /home/airflow/.local/lib/python3.7/site-packages/airflow/example_dags/example_complex.py for tasks to queue
[2022-05-12 04:28:19,187] {logging_mixin.py:115} INFO - [2022-05-12 04:28:19,187] {dagbag.py:507} INFO - Filling up the DagBag from /home/airflow/.local/lib/python3.7/site-packages/airflow/example_dags/example_complex.py
[2022-05-12 04:28:19,197] {processor.py:651} INFO - DAG(s) dict_keys(['example_complex']) retrieved from /home/airflow/.local/lib/python3.7/site-packages/airflow/example_dags/example_complex.py
[2022-05-12 04:28:19,217] {logging_mixin.py:115} INFO - [2022-05-12 04:28:19,217] {dag.py:2371} INFO - Sync 1 DAGs
[2022-05-12 04:28:19,234] {logging_mixin.py:115} INFO - [2022-05-12 04:28:19,234] {dag.py:2919} INFO - Setting next_dagrun for example_complex to None, run_after=None
[2022-05-12 04:28:19,243] {processor.py:161} INFO - Processing /home/airflow/.local/lib/python3.7/site-packages/airflow/example_dags/example_complex.py took 0.061 seconds
[2022-05-12 04:28:50,218] {processor.py:153} INFO - Started process (PID=1099) to work on /home/airflow/.local/lib/python3.7/site-packages/airflow/example_dags/example_complex.py
[2022-05-12 04:28:50,222] {processor.py:641} INFO - Processing file /home/airflow/.local/lib/python3.7/site-packages/airflow/example_dags/example_complex.py for tasks to queue
[2022-05-12 04:28:50,225] {logging_mixin.py:115} INFO - [2022-05-12 04:28:50,225] {dagbag.py:507} INFO - Filling up the DagBag from /home/airflow/.local/lib/python3.7/site-packages/airflow/example_dags/example_complex.py
[2022-05-12 04:28:50,247] {processor.py:651} INFO - DAG(s) dict_keys(['example_complex']) retrieved from /home/airflow/.local/lib/python3.7/site-packages/airflow/example_dags/example_complex.py
[2022-05-12 04:28:50,275] {logging_mixin.py:115} INFO - [2022-05-12 04:28:50,275] {dag.py:2371} INFO - Sync 1 DAGs
[2022-05-12 04:28:50,292] {logging_mixin.py:115} INFO - [2022-05-12 04:28:50,292] {dag.py:2919} INFO - Setting next_dagrun for example_complex to None, run_after=None
[2022-05-12 04:28:50,304] {processor.py:161} INFO - Processing /home/airflow/.local/lib/python3.7/site-packages/airflow/example_dags/example_complex.py took 0.089 seconds
[2022-05-12 04:29:20,979] {processor.py:153} INFO - Started process (PID=1294) to work on /home/airflow/.local/lib/python3.7/site-packages/airflow/example_dags/example_complex.py
[2022-05-12 04:29:20,983] {processor.py:641} INFO - Processing file /home/airflow/.local/lib/python3.7/site-packages/airflow/example_dags/example_complex.py for tasks to queue
[2022-05-12 04:29:20,986] {logging_mixin.py:115} INFO - [2022-05-12 04:29:20,986] {dagbag.py:507} INFO - Filling up the DagBag from /home/airflow/.local/lib/python3.7/site-packages/airflow/example_dags/example_complex.py
[2022-05-12 04:29:20,996] {processor.py:651} INFO - DAG(s) dict_keys(['example_complex']) retrieved from /home/airflow/.local/lib/python3.7/site-packages/airflow/example_dags/example_complex.py
[2022-05-12 04:29:21,016] {logging_mixin.py:115} INFO - [2022-05-12 04:29:21,016] {dag.py:2371} INFO - Sync 1 DAGs
[2022-05-12 04:29:21,030] {logging_mixin.py:115} INFO - [2022-05-12 04:29:21,030] {dag.py:2919} INFO - Setting next_dagrun for example_complex to None, run_after=None
[2022-05-12 04:29:21,039] {processor.py:161} INFO - Processing /home/airflow/.local/lib/python3.7/site-packages/airflow/example_dags/example_complex.py took 0.062 seconds
[2022-05-12 04:29:51,747] {processor.py:153} INFO - Started process (PID=1502) to work on /home/airflow/.local/lib/python3.7/site-packages/airflow/example_dags/example_complex.py
[2022-05-12 04:29:51,748] {processor.py:641} INFO - Processing file /home/airflow/.local/lib/python3.7/site-packages/airflow/example_dags/example_complex.py for tasks to queue
[2022-05-12 04:29:51,750] {logging_mixin.py:115} INFO - [2022-05-12 04:29:51,750] {dagbag.py:507} INFO - Filling up the DagBag from /home/airflow/.local/lib/python3.7/site-packages/airflow/example_dags/example_complex.py
[2022-05-12 04:29:51,760] {processor.py:651} INFO - DAG(s) dict_keys(['example_complex']) retrieved from /home/airflow/.local/lib/python3.7/site-packages/airflow/example_dags/example_complex.py
[2022-05-12 04:29:51,779] {logging_mixin.py:115} INFO - [2022-05-12 04:29:51,779] {dag.py:2371} INFO - Sync 1 DAGs
[2022-05-12 04:29:51,794] {logging_mixin.py:115} INFO - [2022-05-12 04:29:51,794] {dag.py:2919} INFO - Setting next_dagrun for example_complex to None, run_after=None
[2022-05-12 04:29:51,804] {processor.py:161} INFO - Processing /home/airflow/.local/lib/python3.7/site-packages/airflow/example_dags/example_complex.py took 0.059 seconds
[2022-05-12 04:30:22,546] {processor.py:153} INFO - Started process (PID=1715) to work on /home/airflow/.local/lib/python3.7/site-packages/airflow/example_dags/example_complex.py
[2022-05-12 04:30:22,548] {processor.py:641} INFO - Processing file /home/airflow/.local/lib/python3.7/site-packages/airflow/example_dags/example_complex.py for tasks to queue
[2022-05-12 04:30:22,549] {logging_mixin.py:115} INFO - [2022-05-12 04:30:22,549] {dagbag.py:507} INFO - Filling up the DagBag from /home/airflow/.local/lib/python3.7/site-packages/airflow/example_dags/example_complex.py
[2022-05-12 04:30:22,565] {processor.py:651} INFO - DAG(s) dict_keys(['example_complex']) retrieved from /home/airflow/.local/lib/python3.7/site-packages/airflow/example_dags/example_complex.py
[2022-05-12 04:30:22,588] {logging_mixin.py:115} INFO - [2022-05-12 04:30:22,587] {dag.py:2371} INFO - Sync 1 DAGs
[2022-05-12 04:30:22,608] {logging_mixin.py:115} INFO - [2022-05-12 04:30:22,608] {dag.py:2919} INFO - Setting next_dagrun for example_complex to None, run_after=None
[2022-05-12 04:30:22,630] {processor.py:161} INFO - Processing /home/airflow/.local/lib/python3.7/site-packages/airflow/example_dags/example_complex.py took 0.090 seconds
[2022-05-12 04:30:52,921] {processor.py:153} INFO - Started process (PID=1921) to work on /home/airflow/.local/lib/python3.7/site-packages/airflow/example_dags/example_complex.py
[2022-05-12 04:30:52,922] {processor.py:641} INFO - Processing file /home/airflow/.local/lib/python3.7/site-packages/airflow/example_dags/example_complex.py for tasks to queue
[2022-05-12 04:30:52,924] {logging_mixin.py:115} INFO - [2022-05-12 04:30:52,924] {dagbag.py:507} INFO - Filling up the DagBag from /home/airflow/.local/lib/python3.7/site-packages/airflow/example_dags/example_complex.py
[2022-05-12 04:30:52,935] {processor.py:651} INFO - DAG(s) dict_keys(['example_complex']) retrieved from /home/airflow/.local/lib/python3.7/site-packages/airflow/example_dags/example_complex.py
[2022-05-12 04:30:52,987] {logging_mixin.py:115} INFO - [2022-05-12 04:30:52,987] {dag.py:2371} INFO - Sync 1 DAGs
[2022-05-12 04:30:53,042] {logging_mixin.py:115} INFO - [2022-05-12 04:30:53,042] {dag.py:2919} INFO - Setting next_dagrun for example_complex to None, run_after=None
[2022-05-12 04:30:53,075] {processor.py:161} INFO - Processing /home/airflow/.local/lib/python3.7/site-packages/airflow/example_dags/example_complex.py took 0.159 seconds
[2022-05-12 04:31:23,894] {processor.py:153} INFO - Started process (PID=2125) to work on /home/airflow/.local/lib/python3.7/site-packages/airflow/example_dags/example_complex.py
[2022-05-12 04:31:23,895] {processor.py:641} INFO - Processing file /home/airflow/.local/lib/python3.7/site-packages/airflow/example_dags/example_complex.py for tasks to queue
[2022-05-12 04:31:23,896] {logging_mixin.py:115} INFO - [2022-05-12 04:31:23,896] {dagbag.py:507} INFO - Filling up the DagBag from /home/airflow/.local/lib/python3.7/site-packages/airflow/example_dags/example_complex.py
[2022-05-12 04:31:23,906] {processor.py:651} INFO - DAG(s) dict_keys(['example_complex']) retrieved from /home/airflow/.local/lib/python3.7/site-packages/airflow/example_dags/example_complex.py
[2022-05-12 04:31:23,925] {logging_mixin.py:115} INFO - [2022-05-12 04:31:23,925] {dag.py:2371} INFO - Sync 1 DAGs
[2022-05-12 04:31:23,938] {logging_mixin.py:115} INFO - [2022-05-12 04:31:23,938] {dag.py:2919} INFO - Setting next_dagrun for example_complex to None, run_after=None
[2022-05-12 04:31:23,945] {processor.py:161} INFO - Processing /home/airflow/.local/lib/python3.7/site-packages/airflow/example_dags/example_complex.py took 0.053 seconds
[2022-05-12 04:31:54,583] {processor.py:153} INFO - Started process (PID=2329) to work on /home/airflow/.local/lib/python3.7/site-packages/airflow/example_dags/example_complex.py
[2022-05-12 04:31:54,584] {processor.py:641} INFO - Processing file /home/airflow/.local/lib/python3.7/site-packages/airflow/example_dags/example_complex.py for tasks to queue
[2022-05-12 04:31:54,585] {logging_mixin.py:115} INFO - [2022-05-12 04:31:54,585] {dagbag.py:507} INFO - Filling up the DagBag from /home/airflow/.local/lib/python3.7/site-packages/airflow/example_dags/example_complex.py
[2022-05-12 04:31:54,593] {processor.py:651} INFO - DAG(s) dict_keys(['example_complex']) retrieved from /home/airflow/.local/lib/python3.7/site-packages/airflow/example_dags/example_complex.py
[2022-05-12 04:31:54,612] {logging_mixin.py:115} INFO - [2022-05-12 04:31:54,612] {dag.py:2371} INFO - Sync 1 DAGs
[2022-05-12 04:31:54,626] {logging_mixin.py:115} INFO - [2022-05-12 04:31:54,626] {dag.py:2919} INFO - Setting next_dagrun for example_complex to None, run_after=None
[2022-05-12 04:31:54,634] {processor.py:161} INFO - Processing /home/airflow/.local/lib/python3.7/site-packages/airflow/example_dags/example_complex.py took 0.053 seconds
[2022-05-12 04:32:25,348] {processor.py:153} INFO - Started process (PID=2523) to work on /home/airflow/.local/lib/python3.7/site-packages/airflow/example_dags/example_complex.py
[2022-05-12 04:32:25,349] {processor.py:641} INFO - Processing file /home/airflow/.local/lib/python3.7/site-packages/airflow/example_dags/example_complex.py for tasks to queue
[2022-05-12 04:32:25,349] {logging_mixin.py:115} INFO - [2022-05-12 04:32:25,349] {dagbag.py:507} INFO - Filling up the DagBag from /home/airflow/.local/lib/python3.7/site-packages/airflow/example_dags/example_complex.py
[2022-05-12 04:32:25,358] {processor.py:651} INFO - DAG(s) dict_keys(['example_complex']) retrieved from /home/airflow/.local/lib/python3.7/site-packages/airflow/example_dags/example_complex.py
[2022-05-12 04:32:25,377] {logging_mixin.py:115} INFO - [2022-05-12 04:32:25,377] {dag.py:2371} INFO - Sync 1 DAGs
[2022-05-12 04:32:25,391] {logging_mixin.py:115} INFO - [2022-05-12 04:32:25,391] {dag.py:2919} INFO - Setting next_dagrun for example_complex to None, run_after=None
[2022-05-12 04:32:25,398] {processor.py:161} INFO - Processing /home/airflow/.local/lib/python3.7/site-packages/airflow/example_dags/example_complex.py took 0.053 seconds
[2022-05-12 04:32:55,919] {processor.py:153} INFO - Started process (PID=2731) to work on /home/airflow/.local/lib/python3.7/site-packages/airflow/example_dags/example_complex.py
[2022-05-12 04:32:55,920] {processor.py:641} INFO - Processing file /home/airflow/.local/lib/python3.7/site-packages/airflow/example_dags/example_complex.py for tasks to queue
[2022-05-12 04:32:55,921] {logging_mixin.py:115} INFO - [2022-05-12 04:32:55,921] {dagbag.py:507} INFO - Filling up the DagBag from /home/airflow/.local/lib/python3.7/site-packages/airflow/example_dags/example_complex.py
[2022-05-12 04:32:55,928] {processor.py:651} INFO - DAG(s) dict_keys(['example_complex']) retrieved from /home/airflow/.local/lib/python3.7/site-packages/airflow/example_dags/example_complex.py
[2022-05-12 04:32:55,946] {logging_mixin.py:115} INFO - [2022-05-12 04:32:55,946] {dag.py:2371} INFO - Sync 1 DAGs
[2022-05-12 04:32:55,958] {logging_mixin.py:115} INFO - [2022-05-12 04:32:55,958] {dag.py:2919} INFO - Setting next_dagrun for example_complex to None, run_after=None
[2022-05-12 04:32:55,965] {processor.py:161} INFO - Processing /home/airflow/.local/lib/python3.7/site-packages/airflow/example_dags/example_complex.py took 0.048 seconds
[2022-05-12 04:33:26,656] {processor.py:153} INFO - Started process (PID=2937) to work on /home/airflow/.local/lib/python3.7/site-packages/airflow/example_dags/example_complex.py
[2022-05-12 04:33:26,657] {processor.py:641} INFO - Processing file /home/airflow/.local/lib/python3.7/site-packages/airflow/example_dags/example_complex.py for tasks to queue
[2022-05-12 04:33:26,658] {logging_mixin.py:115} INFO - [2022-05-12 04:33:26,658] {dagbag.py:507} INFO - Filling up the DagBag from /home/airflow/.local/lib/python3.7/site-packages/airflow/example_dags/example_complex.py
[2022-05-12 04:33:26,666] {processor.py:651} INFO - DAG(s) dict_keys(['example_complex']) retrieved from /home/airflow/.local/lib/python3.7/site-packages/airflow/example_dags/example_complex.py
[2022-05-12 04:33:26,687] {logging_mixin.py:115} INFO - [2022-05-12 04:33:26,687] {dag.py:2371} INFO - Sync 1 DAGs
[2022-05-12 04:33:26,700] {logging_mixin.py:115} INFO - [2022-05-12 04:33:26,700] {dag.py:2919} INFO - Setting next_dagrun for example_complex to None, run_after=None
[2022-05-12 04:33:26,708] {processor.py:161} INFO - Processing /home/airflow/.local/lib/python3.7/site-packages/airflow/example_dags/example_complex.py took 0.054 seconds
