[2022-05-12 04:26:47,567] {processor.py:153} INFO - Started process (PID=285) to work on /home/airflow/.local/lib/python3.7/site-packages/airflow/example_dags/example_short_circuit_operator.py
[2022-05-12 04:26:47,570] {processor.py:641} INFO - Processing file /home/airflow/.local/lib/python3.7/site-packages/airflow/example_dags/example_short_circuit_operator.py for tasks to queue
[2022-05-12 04:26:47,572] {logging_mixin.py:115} INFO - [2022-05-12 04:26:47,572] {dagbag.py:507} INFO - Filling up the DagBag from /home/airflow/.local/lib/python3.7/site-packages/airflow/example_dags/example_short_circuit_operator.py
[2022-05-12 04:26:47,584] {processor.py:651} INFO - DAG(s) dict_keys(['example_short_circuit_operator']) retrieved from /home/airflow/.local/lib/python3.7/site-packages/airflow/example_dags/example_short_circuit_operator.py
[2022-05-12 04:26:47,638] {logging_mixin.py:115} INFO - [2022-05-12 04:26:47,638] {manager.py:508} INFO - Created Permission View: can read on DAG:example_short_circuit_operator
[2022-05-12 04:26:47,645] {logging_mixin.py:115} INFO - [2022-05-12 04:26:47,645] {manager.py:508} INFO - Created Permission View: can edit on DAG:example_short_circuit_operator
[2022-05-12 04:26:47,651] {logging_mixin.py:115} INFO - [2022-05-12 04:26:47,651] {manager.py:508} INFO - Created Permission View: can delete on DAG:example_short_circuit_operator
[2022-05-12 04:26:47,652] {logging_mixin.py:115} INFO - [2022-05-12 04:26:47,652] {dag.py:2371} INFO - Sync 1 DAGs
[2022-05-12 04:26:47,659] {logging_mixin.py:115} INFO - [2022-05-12 04:26:47,659] {dag.py:2390} INFO - Creating ORM DAG for example_short_circuit_operator
[2022-05-12 04:26:47,670] {logging_mixin.py:115} INFO - [2022-05-12 04:26:47,670] {dag.py:2919} INFO - Setting next_dagrun for example_short_circuit_operator to 2022-05-11T04:26:47.669892+00:00, run_after=2022-05-12T04:26:47.669892+00:00
[2022-05-12 04:26:47,679] {processor.py:161} INFO - Processing /home/airflow/.local/lib/python3.7/site-packages/airflow/example_dags/example_short_circuit_operator.py took 0.114 seconds
[2022-05-12 04:27:17,777] {processor.py:153} INFO - Started process (PID=492) to work on /home/airflow/.local/lib/python3.7/site-packages/airflow/example_dags/example_short_circuit_operator.py
[2022-05-12 04:27:17,778] {processor.py:641} INFO - Processing file /home/airflow/.local/lib/python3.7/site-packages/airflow/example_dags/example_short_circuit_operator.py for tasks to queue
[2022-05-12 04:27:17,779] {logging_mixin.py:115} INFO - [2022-05-12 04:27:17,779] {dagbag.py:507} INFO - Filling up the DagBag from /home/airflow/.local/lib/python3.7/site-packages/airflow/example_dags/example_short_circuit_operator.py
[2022-05-12 04:27:17,786] {processor.py:651} INFO - DAG(s) dict_keys(['example_short_circuit_operator']) retrieved from /home/airflow/.local/lib/python3.7/site-packages/airflow/example_dags/example_short_circuit_operator.py
[2022-05-12 04:27:17,802] {logging_mixin.py:115} INFO - [2022-05-12 04:27:17,802] {dag.py:2371} INFO - Sync 1 DAGs
[2022-05-12 04:27:17,813] {logging_mixin.py:115} INFO - [2022-05-12 04:27:17,813] {dag.py:2919} INFO - Setting next_dagrun for example_short_circuit_operator to 2022-05-11T04:27:17.813737+00:00, run_after=2022-05-12T04:27:17.813737+00:00
[2022-05-12 04:27:17,820] {processor.py:161} INFO - Processing /home/airflow/.local/lib/python3.7/site-packages/airflow/example_dags/example_short_circuit_operator.py took 0.045 seconds
[2022-05-12 04:27:48,422] {processor.py:153} INFO - Started process (PID=694) to work on /home/airflow/.local/lib/python3.7/site-packages/airflow/example_dags/example_short_circuit_operator.py
[2022-05-12 04:27:48,424] {processor.py:641} INFO - Processing file /home/airflow/.local/lib/python3.7/site-packages/airflow/example_dags/example_short_circuit_operator.py for tasks to queue
[2022-05-12 04:27:48,424] {logging_mixin.py:115} INFO - [2022-05-12 04:27:48,424] {dagbag.py:507} INFO - Filling up the DagBag from /home/airflow/.local/lib/python3.7/site-packages/airflow/example_dags/example_short_circuit_operator.py
[2022-05-12 04:27:48,432] {processor.py:651} INFO - DAG(s) dict_keys(['example_short_circuit_operator']) retrieved from /home/airflow/.local/lib/python3.7/site-packages/airflow/example_dags/example_short_circuit_operator.py
[2022-05-12 04:27:48,450] {logging_mixin.py:115} INFO - [2022-05-12 04:27:48,450] {dag.py:2371} INFO - Sync 1 DAGs
[2022-05-12 04:27:48,464] {logging_mixin.py:115} INFO - [2022-05-12 04:27:48,464] {dag.py:2919} INFO - Setting next_dagrun for example_short_circuit_operator to 2022-05-11T04:27:48.463914+00:00, run_after=2022-05-12T04:27:48.463914+00:00
[2022-05-12 04:27:48,471] {processor.py:161} INFO - Processing /home/airflow/.local/lib/python3.7/site-packages/airflow/example_dags/example_short_circuit_operator.py took 0.051 seconds
[2022-05-12 04:28:19,271] {processor.py:153} INFO - Started process (PID=902) to work on /home/airflow/.local/lib/python3.7/site-packages/airflow/example_dags/example_short_circuit_operator.py
[2022-05-12 04:28:19,273] {processor.py:641} INFO - Processing file /home/airflow/.local/lib/python3.7/site-packages/airflow/example_dags/example_short_circuit_operator.py for tasks to queue
[2022-05-12 04:28:19,274] {logging_mixin.py:115} INFO - [2022-05-12 04:28:19,274] {dagbag.py:507} INFO - Filling up the DagBag from /home/airflow/.local/lib/python3.7/site-packages/airflow/example_dags/example_short_circuit_operator.py
[2022-05-12 04:28:19,283] {processor.py:651} INFO - DAG(s) dict_keys(['example_short_circuit_operator']) retrieved from /home/airflow/.local/lib/python3.7/site-packages/airflow/example_dags/example_short_circuit_operator.py
[2022-05-12 04:28:19,313] {logging_mixin.py:115} INFO - [2022-05-12 04:28:19,312] {dag.py:2371} INFO - Sync 1 DAGs
[2022-05-12 04:28:19,334] {logging_mixin.py:115} INFO - [2022-05-12 04:28:19,334] {dag.py:2919} INFO - Setting next_dagrun for example_short_circuit_operator to 2022-05-11T04:28:19.334050+00:00, run_after=2022-05-12T04:28:19.334050+00:00
[2022-05-12 04:28:19,345] {processor.py:161} INFO - Processing /home/airflow/.local/lib/python3.7/site-packages/airflow/example_dags/example_short_circuit_operator.py took 0.076 seconds
[2022-05-12 04:28:50,334] {processor.py:153} INFO - Started process (PID=1109) to work on /home/airflow/.local/lib/python3.7/site-packages/airflow/example_dags/example_short_circuit_operator.py
[2022-05-12 04:28:50,336] {processor.py:641} INFO - Processing file /home/airflow/.local/lib/python3.7/site-packages/airflow/example_dags/example_short_circuit_operator.py for tasks to queue
[2022-05-12 04:28:50,337] {logging_mixin.py:115} INFO - [2022-05-12 04:28:50,337] {dagbag.py:507} INFO - Filling up the DagBag from /home/airflow/.local/lib/python3.7/site-packages/airflow/example_dags/example_short_circuit_operator.py
[2022-05-12 04:28:50,346] {processor.py:651} INFO - DAG(s) dict_keys(['example_short_circuit_operator']) retrieved from /home/airflow/.local/lib/python3.7/site-packages/airflow/example_dags/example_short_circuit_operator.py
[2022-05-12 04:28:50,372] {logging_mixin.py:115} INFO - [2022-05-12 04:28:50,372] {dag.py:2371} INFO - Sync 1 DAGs
[2022-05-12 04:28:50,392] {logging_mixin.py:115} INFO - [2022-05-12 04:28:50,392] {dag.py:2919} INFO - Setting next_dagrun for example_short_circuit_operator to 2022-05-11T04:28:50.391819+00:00, run_after=2022-05-12T04:28:50.391819+00:00
[2022-05-12 04:28:50,406] {processor.py:161} INFO - Processing /home/airflow/.local/lib/python3.7/site-packages/airflow/example_dags/example_short_circuit_operator.py took 0.074 seconds
[2022-05-12 04:29:21,064] {processor.py:153} INFO - Started process (PID=1304) to work on /home/airflow/.local/lib/python3.7/site-packages/airflow/example_dags/example_short_circuit_operator.py
[2022-05-12 04:29:21,066] {processor.py:641} INFO - Processing file /home/airflow/.local/lib/python3.7/site-packages/airflow/example_dags/example_short_circuit_operator.py for tasks to queue
[2022-05-12 04:29:21,068] {logging_mixin.py:115} INFO - [2022-05-12 04:29:21,068] {dagbag.py:507} INFO - Filling up the DagBag from /home/airflow/.local/lib/python3.7/site-packages/airflow/example_dags/example_short_circuit_operator.py
[2022-05-12 04:29:21,079] {processor.py:651} INFO - DAG(s) dict_keys(['example_short_circuit_operator']) retrieved from /home/airflow/.local/lib/python3.7/site-packages/airflow/example_dags/example_short_circuit_operator.py
[2022-05-12 04:29:21,102] {logging_mixin.py:115} INFO - [2022-05-12 04:29:21,102] {dag.py:2371} INFO - Sync 1 DAGs
[2022-05-12 04:29:21,116] {logging_mixin.py:115} INFO - [2022-05-12 04:29:21,115] {dag.py:2919} INFO - Setting next_dagrun for example_short_circuit_operator to 2022-05-11T04:29:21.115770+00:00, run_after=2022-05-12T04:29:21.115770+00:00
[2022-05-12 04:29:21,124] {processor.py:161} INFO - Processing /home/airflow/.local/lib/python3.7/site-packages/airflow/example_dags/example_short_circuit_operator.py took 0.063 seconds
[2022-05-12 04:29:51,822] {processor.py:153} INFO - Started process (PID=1512) to work on /home/airflow/.local/lib/python3.7/site-packages/airflow/example_dags/example_short_circuit_operator.py
[2022-05-12 04:29:51,823] {processor.py:641} INFO - Processing file /home/airflow/.local/lib/python3.7/site-packages/airflow/example_dags/example_short_circuit_operator.py for tasks to queue
[2022-05-12 04:29:51,824] {logging_mixin.py:115} INFO - [2022-05-12 04:29:51,824] {dagbag.py:507} INFO - Filling up the DagBag from /home/airflow/.local/lib/python3.7/site-packages/airflow/example_dags/example_short_circuit_operator.py
[2022-05-12 04:29:51,832] {processor.py:651} INFO - DAG(s) dict_keys(['example_short_circuit_operator']) retrieved from /home/airflow/.local/lib/python3.7/site-packages/airflow/example_dags/example_short_circuit_operator.py
[2022-05-12 04:29:51,849] {logging_mixin.py:115} INFO - [2022-05-12 04:29:51,849] {dag.py:2371} INFO - Sync 1 DAGs
[2022-05-12 04:29:51,861] {logging_mixin.py:115} INFO - [2022-05-12 04:29:51,861] {dag.py:2919} INFO - Setting next_dagrun for example_short_circuit_operator to 2022-05-11T04:29:51.861676+00:00, run_after=2022-05-12T04:29:51.861676+00:00
[2022-05-12 04:29:51,869] {processor.py:161} INFO - Processing /home/airflow/.local/lib/python3.7/site-packages/airflow/example_dags/example_short_circuit_operator.py took 0.049 seconds
[2022-05-12 04:30:22,670] {processor.py:153} INFO - Started process (PID=1725) to work on /home/airflow/.local/lib/python3.7/site-packages/airflow/example_dags/example_short_circuit_operator.py
[2022-05-12 04:30:22,671] {processor.py:641} INFO - Processing file /home/airflow/.local/lib/python3.7/site-packages/airflow/example_dags/example_short_circuit_operator.py for tasks to queue
[2022-05-12 04:30:22,673] {logging_mixin.py:115} INFO - [2022-05-12 04:30:22,673] {dagbag.py:507} INFO - Filling up the DagBag from /home/airflow/.local/lib/python3.7/site-packages/airflow/example_dags/example_short_circuit_operator.py
[2022-05-12 04:30:22,684] {processor.py:651} INFO - DAG(s) dict_keys(['example_short_circuit_operator']) retrieved from /home/airflow/.local/lib/python3.7/site-packages/airflow/example_dags/example_short_circuit_operator.py
[2022-05-12 04:30:22,709] {logging_mixin.py:115} INFO - [2022-05-12 04:30:22,709] {dag.py:2371} INFO - Sync 1 DAGs
[2022-05-12 04:30:22,724] {logging_mixin.py:115} INFO - [2022-05-12 04:30:22,724] {dag.py:2919} INFO - Setting next_dagrun for example_short_circuit_operator to 2022-05-11T04:30:22.724216+00:00, run_after=2022-05-12T04:30:22.724216+00:00
[2022-05-12 04:30:22,734] {processor.py:161} INFO - Processing /home/airflow/.local/lib/python3.7/site-packages/airflow/example_dags/example_short_circuit_operator.py took 0.067 seconds
[2022-05-12 04:30:53,105] {processor.py:153} INFO - Started process (PID=1933) to work on /home/airflow/.local/lib/python3.7/site-packages/airflow/example_dags/example_short_circuit_operator.py
[2022-05-12 04:30:53,107] {processor.py:641} INFO - Processing file /home/airflow/.local/lib/python3.7/site-packages/airflow/example_dags/example_short_circuit_operator.py for tasks to queue
[2022-05-12 04:30:53,108] {logging_mixin.py:115} INFO - [2022-05-12 04:30:53,108] {dagbag.py:507} INFO - Filling up the DagBag from /home/airflow/.local/lib/python3.7/site-packages/airflow/example_dags/example_short_circuit_operator.py
[2022-05-12 04:30:53,121] {processor.py:651} INFO - DAG(s) dict_keys(['example_short_circuit_operator']) retrieved from /home/airflow/.local/lib/python3.7/site-packages/airflow/example_dags/example_short_circuit_operator.py
[2022-05-12 04:30:53,142] {logging_mixin.py:115} INFO - [2022-05-12 04:30:53,141] {dag.py:2371} INFO - Sync 1 DAGs
[2022-05-12 04:30:53,156] {logging_mixin.py:115} INFO - [2022-05-12 04:30:53,156] {dag.py:2919} INFO - Setting next_dagrun for example_short_circuit_operator to 2022-05-11T04:30:53.156302+00:00, run_after=2022-05-12T04:30:53.156302+00:00
[2022-05-12 04:30:53,167] {processor.py:161} INFO - Processing /home/airflow/.local/lib/python3.7/site-packages/airflow/example_dags/example_short_circuit_operator.py took 0.064 seconds
[2022-05-12 04:31:24,034] {processor.py:153} INFO - Started process (PID=2137) to work on /home/airflow/.local/lib/python3.7/site-packages/airflow/example_dags/example_short_circuit_operator.py
[2022-05-12 04:31:24,035] {processor.py:641} INFO - Processing file /home/airflow/.local/lib/python3.7/site-packages/airflow/example_dags/example_short_circuit_operator.py for tasks to queue
[2022-05-12 04:31:24,036] {logging_mixin.py:115} INFO - [2022-05-12 04:31:24,036] {dagbag.py:507} INFO - Filling up the DagBag from /home/airflow/.local/lib/python3.7/site-packages/airflow/example_dags/example_short_circuit_operator.py
[2022-05-12 04:31:24,044] {processor.py:651} INFO - DAG(s) dict_keys(['example_short_circuit_operator']) retrieved from /home/airflow/.local/lib/python3.7/site-packages/airflow/example_dags/example_short_circuit_operator.py
[2022-05-12 04:31:24,061] {logging_mixin.py:115} INFO - [2022-05-12 04:31:24,061] {dag.py:2371} INFO - Sync 1 DAGs
[2022-05-12 04:31:24,074] {logging_mixin.py:115} INFO - [2022-05-12 04:31:24,074] {dag.py:2919} INFO - Setting next_dagrun for example_short_circuit_operator to 2022-05-11T04:31:24.074211+00:00, run_after=2022-05-12T04:31:24.074211+00:00
[2022-05-12 04:31:24,082] {processor.py:161} INFO - Processing /home/airflow/.local/lib/python3.7/site-packages/airflow/example_dags/example_short_circuit_operator.py took 0.050 seconds
[2022-05-12 04:31:54,659] {processor.py:153} INFO - Started process (PID=2339) to work on /home/airflow/.local/lib/python3.7/site-packages/airflow/example_dags/example_short_circuit_operator.py
[2022-05-12 04:31:54,660] {processor.py:641} INFO - Processing file /home/airflow/.local/lib/python3.7/site-packages/airflow/example_dags/example_short_circuit_operator.py for tasks to queue
[2022-05-12 04:31:54,661] {logging_mixin.py:115} INFO - [2022-05-12 04:31:54,661] {dagbag.py:507} INFO - Filling up the DagBag from /home/airflow/.local/lib/python3.7/site-packages/airflow/example_dags/example_short_circuit_operator.py
[2022-05-12 04:31:54,668] {processor.py:651} INFO - DAG(s) dict_keys(['example_short_circuit_operator']) retrieved from /home/airflow/.local/lib/python3.7/site-packages/airflow/example_dags/example_short_circuit_operator.py
[2022-05-12 04:31:54,686] {logging_mixin.py:115} INFO - [2022-05-12 04:31:54,686] {dag.py:2371} INFO - Sync 1 DAGs
[2022-05-12 04:31:54,700] {logging_mixin.py:115} INFO - [2022-05-12 04:31:54,700] {dag.py:2919} INFO - Setting next_dagrun for example_short_circuit_operator to 2022-05-11T04:31:54.700300+00:00, run_after=2022-05-12T04:31:54.700300+00:00
[2022-05-12 04:31:54,710] {processor.py:161} INFO - Processing /home/airflow/.local/lib/python3.7/site-packages/airflow/example_dags/example_short_circuit_operator.py took 0.053 seconds
[2022-05-12 04:32:25,442] {processor.py:153} INFO - Started process (PID=2533) to work on /home/airflow/.local/lib/python3.7/site-packages/airflow/example_dags/example_short_circuit_operator.py
[2022-05-12 04:32:25,444] {processor.py:641} INFO - Processing file /home/airflow/.local/lib/python3.7/site-packages/airflow/example_dags/example_short_circuit_operator.py for tasks to queue
[2022-05-12 04:32:25,445] {logging_mixin.py:115} INFO - [2022-05-12 04:32:25,445] {dagbag.py:507} INFO - Filling up the DagBag from /home/airflow/.local/lib/python3.7/site-packages/airflow/example_dags/example_short_circuit_operator.py
[2022-05-12 04:32:25,452] {processor.py:651} INFO - DAG(s) dict_keys(['example_short_circuit_operator']) retrieved from /home/airflow/.local/lib/python3.7/site-packages/airflow/example_dags/example_short_circuit_operator.py
[2022-05-12 04:32:25,468] {logging_mixin.py:115} INFO - [2022-05-12 04:32:25,468] {dag.py:2371} INFO - Sync 1 DAGs
[2022-05-12 04:32:25,481] {logging_mixin.py:115} INFO - [2022-05-12 04:32:25,481] {dag.py:2919} INFO - Setting next_dagrun for example_short_circuit_operator to 2022-05-11T04:32:25.481178+00:00, run_after=2022-05-12T04:32:25.481178+00:00
[2022-05-12 04:32:25,489] {processor.py:161} INFO - Processing /home/airflow/.local/lib/python3.7/site-packages/airflow/example_dags/example_short_circuit_operator.py took 0.049 seconds
[2022-05-12 04:32:56,007] {processor.py:153} INFO - Started process (PID=2741) to work on /home/airflow/.local/lib/python3.7/site-packages/airflow/example_dags/example_short_circuit_operator.py
[2022-05-12 04:32:56,008] {processor.py:641} INFO - Processing file /home/airflow/.local/lib/python3.7/site-packages/airflow/example_dags/example_short_circuit_operator.py for tasks to queue
[2022-05-12 04:32:56,009] {logging_mixin.py:115} INFO - [2022-05-12 04:32:56,009] {dagbag.py:507} INFO - Filling up the DagBag from /home/airflow/.local/lib/python3.7/site-packages/airflow/example_dags/example_short_circuit_operator.py
[2022-05-12 04:32:56,016] {processor.py:651} INFO - DAG(s) dict_keys(['example_short_circuit_operator']) retrieved from /home/airflow/.local/lib/python3.7/site-packages/airflow/example_dags/example_short_circuit_operator.py
[2022-05-12 04:32:56,041] {logging_mixin.py:115} INFO - [2022-05-12 04:32:56,041] {dag.py:2371} INFO - Sync 1 DAGs
[2022-05-12 04:32:56,057] {logging_mixin.py:115} INFO - [2022-05-12 04:32:56,057] {dag.py:2919} INFO - Setting next_dagrun for example_short_circuit_operator to 2022-05-11T04:32:56.057080+00:00, run_after=2022-05-12T04:32:56.057080+00:00
[2022-05-12 04:32:56,065] {processor.py:161} INFO - Processing /home/airflow/.local/lib/python3.7/site-packages/airflow/example_dags/example_short_circuit_operator.py took 0.060 seconds
[2022-05-12 04:33:26,727] {processor.py:153} INFO - Started process (PID=2947) to work on /home/airflow/.local/lib/python3.7/site-packages/airflow/example_dags/example_short_circuit_operator.py
[2022-05-12 04:33:26,728] {processor.py:641} INFO - Processing file /home/airflow/.local/lib/python3.7/site-packages/airflow/example_dags/example_short_circuit_operator.py for tasks to queue
[2022-05-12 04:33:26,729] {logging_mixin.py:115} INFO - [2022-05-12 04:33:26,729] {dagbag.py:507} INFO - Filling up the DagBag from /home/airflow/.local/lib/python3.7/site-packages/airflow/example_dags/example_short_circuit_operator.py
[2022-05-12 04:33:26,736] {processor.py:651} INFO - DAG(s) dict_keys(['example_short_circuit_operator']) retrieved from /home/airflow/.local/lib/python3.7/site-packages/airflow/example_dags/example_short_circuit_operator.py
[2022-05-12 04:33:26,758] {logging_mixin.py:115} INFO - [2022-05-12 04:33:26,757] {dag.py:2371} INFO - Sync 1 DAGs
[2022-05-12 04:33:26,772] {logging_mixin.py:115} INFO - [2022-05-12 04:33:26,771] {dag.py:2919} INFO - Setting next_dagrun for example_short_circuit_operator to 2022-05-11T04:33:26.771797+00:00, run_after=2022-05-12T04:33:26.771797+00:00
[2022-05-12 04:33:26,780] {processor.py:161} INFO - Processing /home/airflow/.local/lib/python3.7/site-packages/airflow/example_dags/example_short_circuit_operator.py took 0.055 seconds
