[2022-05-12 04:26:47,122] {processor.py:153} INFO - Started process (PID=255) to work on /home/airflow/.local/lib/python3.7/site-packages/airflow/example_dags/example_external_task_marker_dag.py
[2022-05-12 04:26:47,123] {processor.py:641} INFO - Processing file /home/airflow/.local/lib/python3.7/site-packages/airflow/example_dags/example_external_task_marker_dag.py for tasks to queue
[2022-05-12 04:26:47,124] {logging_mixin.py:115} INFO - [2022-05-12 04:26:47,124] {dagbag.py:507} INFO - Filling up the DagBag from /home/airflow/.local/lib/python3.7/site-packages/airflow/example_dags/example_external_task_marker_dag.py
[2022-05-12 04:26:47,128] {processor.py:651} INFO - DAG(s) dict_keys(['example_external_task_marker_parent', 'example_external_task_marker_child']) retrieved from /home/airflow/.local/lib/python3.7/site-packages/airflow/example_dags/example_external_task_marker_dag.py
[2022-05-12 04:26:47,182] {logging_mixin.py:115} INFO - [2022-05-12 04:26:47,182] {manager.py:508} INFO - Created Permission View: can read on DAG:example_external_task_marker_parent
[2022-05-12 04:26:47,189] {logging_mixin.py:115} INFO - [2022-05-12 04:26:47,189] {manager.py:508} INFO - Created Permission View: can edit on DAG:example_external_task_marker_parent
[2022-05-12 04:26:47,194] {logging_mixin.py:115} INFO - [2022-05-12 04:26:47,194] {manager.py:508} INFO - Created Permission View: can delete on DAG:example_external_task_marker_parent
[2022-05-12 04:26:47,214] {logging_mixin.py:115} INFO - [2022-05-12 04:26:47,214] {manager.py:508} INFO - Created Permission View: can read on DAG:example_external_task_marker_child
[2022-05-12 04:26:47,223] {logging_mixin.py:115} INFO - [2022-05-12 04:26:47,223] {manager.py:508} INFO - Created Permission View: can edit on DAG:example_external_task_marker_child
[2022-05-12 04:26:47,228] {logging_mixin.py:115} INFO - [2022-05-12 04:26:47,228] {manager.py:508} INFO - Created Permission View: can delete on DAG:example_external_task_marker_child
[2022-05-12 04:26:47,229] {logging_mixin.py:115} INFO - [2022-05-12 04:26:47,229] {dag.py:2371} INFO - Sync 2 DAGs
[2022-05-12 04:26:47,236] {logging_mixin.py:115} INFO - [2022-05-12 04:26:47,236] {dag.py:2390} INFO - Creating ORM DAG for example_external_task_marker_parent
[2022-05-12 04:26:47,238] {logging_mixin.py:115} INFO - [2022-05-12 04:26:47,238] {dag.py:2390} INFO - Creating ORM DAG for example_external_task_marker_child
[2022-05-12 04:26:47,247] {logging_mixin.py:115} INFO - [2022-05-12 04:26:47,247] {dag.py:2919} INFO - Setting next_dagrun for example_external_task_marker_child to None, run_after=None
[2022-05-12 04:26:47,248] {logging_mixin.py:115} INFO - [2022-05-12 04:26:47,248] {dag.py:2919} INFO - Setting next_dagrun for example_external_task_marker_parent to None, run_after=None
[2022-05-12 04:26:47,258] {processor.py:161} INFO - Processing /home/airflow/.local/lib/python3.7/site-packages/airflow/example_dags/example_external_task_marker_dag.py took 0.140 seconds
[2022-05-12 04:27:17,430] {processor.py:153} INFO - Started process (PID=462) to work on /home/airflow/.local/lib/python3.7/site-packages/airflow/example_dags/example_external_task_marker_dag.py
[2022-05-12 04:27:17,432] {processor.py:641} INFO - Processing file /home/airflow/.local/lib/python3.7/site-packages/airflow/example_dags/example_external_task_marker_dag.py for tasks to queue
[2022-05-12 04:27:17,433] {logging_mixin.py:115} INFO - [2022-05-12 04:27:17,433] {dagbag.py:507} INFO - Filling up the DagBag from /home/airflow/.local/lib/python3.7/site-packages/airflow/example_dags/example_external_task_marker_dag.py
[2022-05-12 04:27:17,437] {processor.py:651} INFO - DAG(s) dict_keys(['example_external_task_marker_parent', 'example_external_task_marker_child']) retrieved from /home/airflow/.local/lib/python3.7/site-packages/airflow/example_dags/example_external_task_marker_dag.py
[2022-05-12 04:27:17,471] {logging_mixin.py:115} INFO - [2022-05-12 04:27:17,471] {dag.py:2371} INFO - Sync 2 DAGs
[2022-05-12 04:27:17,492] {logging_mixin.py:115} INFO - [2022-05-12 04:27:17,492] {dag.py:2919} INFO - Setting next_dagrun for example_external_task_marker_child to None, run_after=None
[2022-05-12 04:27:17,507] {logging_mixin.py:115} INFO - [2022-05-12 04:27:17,507] {dag.py:2919} INFO - Setting next_dagrun for example_external_task_marker_parent to None, run_after=None
[2022-05-12 04:27:17,527] {processor.py:161} INFO - Processing /home/airflow/.local/lib/python3.7/site-packages/airflow/example_dags/example_external_task_marker_dag.py took 0.100 seconds
[2022-05-12 04:27:48,168] {processor.py:153} INFO - Started process (PID=664) to work on /home/airflow/.local/lib/python3.7/site-packages/airflow/example_dags/example_external_task_marker_dag.py
[2022-05-12 04:27:48,169] {processor.py:641} INFO - Processing file /home/airflow/.local/lib/python3.7/site-packages/airflow/example_dags/example_external_task_marker_dag.py for tasks to queue
[2022-05-12 04:27:48,170] {logging_mixin.py:115} INFO - [2022-05-12 04:27:48,170] {dagbag.py:507} INFO - Filling up the DagBag from /home/airflow/.local/lib/python3.7/site-packages/airflow/example_dags/example_external_task_marker_dag.py
[2022-05-12 04:27:48,174] {processor.py:651} INFO - DAG(s) dict_keys(['example_external_task_marker_parent', 'example_external_task_marker_child']) retrieved from /home/airflow/.local/lib/python3.7/site-packages/airflow/example_dags/example_external_task_marker_dag.py
[2022-05-12 04:27:48,201] {logging_mixin.py:115} INFO - [2022-05-12 04:27:48,201] {dag.py:2371} INFO - Sync 2 DAGs
[2022-05-12 04:27:48,215] {logging_mixin.py:115} INFO - [2022-05-12 04:27:48,215] {dag.py:2919} INFO - Setting next_dagrun for example_external_task_marker_child to None, run_after=None
[2022-05-12 04:27:48,217] {logging_mixin.py:115} INFO - [2022-05-12 04:27:48,217] {dag.py:2919} INFO - Setting next_dagrun for example_external_task_marker_parent to None, run_after=None
[2022-05-12 04:27:48,224] {processor.py:161} INFO - Processing /home/airflow/.local/lib/python3.7/site-packages/airflow/example_dags/example_external_task_marker_dag.py took 0.058 seconds
[2022-05-12 04:28:18,989] {processor.py:153} INFO - Started process (PID=872) to work on /home/airflow/.local/lib/python3.7/site-packages/airflow/example_dags/example_external_task_marker_dag.py
[2022-05-12 04:28:18,990] {processor.py:641} INFO - Processing file /home/airflow/.local/lib/python3.7/site-packages/airflow/example_dags/example_external_task_marker_dag.py for tasks to queue
[2022-05-12 04:28:18,991] {logging_mixin.py:115} INFO - [2022-05-12 04:28:18,991] {dagbag.py:507} INFO - Filling up the DagBag from /home/airflow/.local/lib/python3.7/site-packages/airflow/example_dags/example_external_task_marker_dag.py
[2022-05-12 04:28:18,994] {processor.py:651} INFO - DAG(s) dict_keys(['example_external_task_marker_parent', 'example_external_task_marker_child']) retrieved from /home/airflow/.local/lib/python3.7/site-packages/airflow/example_dags/example_external_task_marker_dag.py
[2022-05-12 04:28:19,029] {logging_mixin.py:115} INFO - [2022-05-12 04:28:19,029] {dag.py:2371} INFO - Sync 2 DAGs
[2022-05-12 04:28:19,045] {logging_mixin.py:115} INFO - [2022-05-12 04:28:19,045] {dag.py:2919} INFO - Setting next_dagrun for example_external_task_marker_child to None, run_after=None
[2022-05-12 04:28:19,046] {logging_mixin.py:115} INFO - [2022-05-12 04:28:19,046] {dag.py:2919} INFO - Setting next_dagrun for example_external_task_marker_parent to None, run_after=None
[2022-05-12 04:28:19,054] {processor.py:161} INFO - Processing /home/airflow/.local/lib/python3.7/site-packages/airflow/example_dags/example_external_task_marker_dag.py took 0.067 seconds
[2022-05-12 04:28:49,831] {processor.py:153} INFO - Started process (PID=1079) to work on /home/airflow/.local/lib/python3.7/site-packages/airflow/example_dags/example_external_task_marker_dag.py
[2022-05-12 04:28:49,834] {processor.py:641} INFO - Processing file /home/airflow/.local/lib/python3.7/site-packages/airflow/example_dags/example_external_task_marker_dag.py for tasks to queue
[2022-05-12 04:28:49,835] {logging_mixin.py:115} INFO - [2022-05-12 04:28:49,835] {dagbag.py:507} INFO - Filling up the DagBag from /home/airflow/.local/lib/python3.7/site-packages/airflow/example_dags/example_external_task_marker_dag.py
[2022-05-12 04:28:49,843] {processor.py:651} INFO - DAG(s) dict_keys(['example_external_task_marker_parent', 'example_external_task_marker_child']) retrieved from /home/airflow/.local/lib/python3.7/site-packages/airflow/example_dags/example_external_task_marker_dag.py
[2022-05-12 04:28:49,899] {logging_mixin.py:115} INFO - [2022-05-12 04:28:49,899] {dag.py:2371} INFO - Sync 2 DAGs
[2022-05-12 04:28:49,921] {logging_mixin.py:115} INFO - [2022-05-12 04:28:49,921] {dag.py:2919} INFO - Setting next_dagrun for example_external_task_marker_child to None, run_after=None
[2022-05-12 04:28:49,923] {logging_mixin.py:115} INFO - [2022-05-12 04:28:49,923] {dag.py:2919} INFO - Setting next_dagrun for example_external_task_marker_parent to None, run_after=None
[2022-05-12 04:28:49,938] {processor.py:161} INFO - Processing /home/airflow/.local/lib/python3.7/site-packages/airflow/example_dags/example_external_task_marker_dag.py took 0.109 seconds
[2022-05-12 04:29:20,787] {processor.py:153} INFO - Started process (PID=1274) to work on /home/airflow/.local/lib/python3.7/site-packages/airflow/example_dags/example_external_task_marker_dag.py
[2022-05-12 04:29:20,789] {processor.py:641} INFO - Processing file /home/airflow/.local/lib/python3.7/site-packages/airflow/example_dags/example_external_task_marker_dag.py for tasks to queue
[2022-05-12 04:29:20,790] {logging_mixin.py:115} INFO - [2022-05-12 04:29:20,790] {dagbag.py:507} INFO - Filling up the DagBag from /home/airflow/.local/lib/python3.7/site-packages/airflow/example_dags/example_external_task_marker_dag.py
[2022-05-12 04:29:20,793] {processor.py:651} INFO - DAG(s) dict_keys(['example_external_task_marker_parent', 'example_external_task_marker_child']) retrieved from /home/airflow/.local/lib/python3.7/site-packages/airflow/example_dags/example_external_task_marker_dag.py
[2022-05-12 04:29:20,822] {logging_mixin.py:115} INFO - [2022-05-12 04:29:20,822] {dag.py:2371} INFO - Sync 2 DAGs
[2022-05-12 04:29:20,836] {logging_mixin.py:115} INFO - [2022-05-12 04:29:20,836] {dag.py:2919} INFO - Setting next_dagrun for example_external_task_marker_child to None, run_after=None
[2022-05-12 04:29:20,842] {logging_mixin.py:115} INFO - [2022-05-12 04:29:20,842] {dag.py:2919} INFO - Setting next_dagrun for example_external_task_marker_parent to None, run_after=None
[2022-05-12 04:29:20,850] {processor.py:161} INFO - Processing /home/airflow/.local/lib/python3.7/site-packages/airflow/example_dags/example_external_task_marker_dag.py took 0.065 seconds
[2022-05-12 04:29:51,558] {processor.py:153} INFO - Started process (PID=1482) to work on /home/airflow/.local/lib/python3.7/site-packages/airflow/example_dags/example_external_task_marker_dag.py
[2022-05-12 04:29:51,560] {processor.py:641} INFO - Processing file /home/airflow/.local/lib/python3.7/site-packages/airflow/example_dags/example_external_task_marker_dag.py for tasks to queue
[2022-05-12 04:29:51,561] {logging_mixin.py:115} INFO - [2022-05-12 04:29:51,561] {dagbag.py:507} INFO - Filling up the DagBag from /home/airflow/.local/lib/python3.7/site-packages/airflow/example_dags/example_external_task_marker_dag.py
[2022-05-12 04:29:51,563] {processor.py:651} INFO - DAG(s) dict_keys(['example_external_task_marker_parent', 'example_external_task_marker_child']) retrieved from /home/airflow/.local/lib/python3.7/site-packages/airflow/example_dags/example_external_task_marker_dag.py
[2022-05-12 04:29:51,592] {logging_mixin.py:115} INFO - [2022-05-12 04:29:51,592] {dag.py:2371} INFO - Sync 2 DAGs
[2022-05-12 04:29:51,606] {logging_mixin.py:115} INFO - [2022-05-12 04:29:51,606] {dag.py:2919} INFO - Setting next_dagrun for example_external_task_marker_child to None, run_after=None
[2022-05-12 04:29:51,608] {logging_mixin.py:115} INFO - [2022-05-12 04:29:51,607] {dag.py:2919} INFO - Setting next_dagrun for example_external_task_marker_parent to None, run_after=None
[2022-05-12 04:29:51,616] {processor.py:161} INFO - Processing /home/airflow/.local/lib/python3.7/site-packages/airflow/example_dags/example_external_task_marker_dag.py took 0.059 seconds
[2022-05-12 04:30:22,312] {processor.py:153} INFO - Started process (PID=1695) to work on /home/airflow/.local/lib/python3.7/site-packages/airflow/example_dags/example_external_task_marker_dag.py
[2022-05-12 04:30:22,314] {processor.py:641} INFO - Processing file /home/airflow/.local/lib/python3.7/site-packages/airflow/example_dags/example_external_task_marker_dag.py for tasks to queue
[2022-05-12 04:30:22,315] {logging_mixin.py:115} INFO - [2022-05-12 04:30:22,315] {dagbag.py:507} INFO - Filling up the DagBag from /home/airflow/.local/lib/python3.7/site-packages/airflow/example_dags/example_external_task_marker_dag.py
[2022-05-12 04:30:22,318] {processor.py:651} INFO - DAG(s) dict_keys(['example_external_task_marker_parent', 'example_external_task_marker_child']) retrieved from /home/airflow/.local/lib/python3.7/site-packages/airflow/example_dags/example_external_task_marker_dag.py
[2022-05-12 04:30:22,354] {logging_mixin.py:115} INFO - [2022-05-12 04:30:22,354] {dag.py:2371} INFO - Sync 2 DAGs
[2022-05-12 04:30:22,371] {logging_mixin.py:115} INFO - [2022-05-12 04:30:22,371] {dag.py:2919} INFO - Setting next_dagrun for example_external_task_marker_child to None, run_after=None
[2022-05-12 04:30:22,372] {logging_mixin.py:115} INFO - [2022-05-12 04:30:22,372] {dag.py:2919} INFO - Setting next_dagrun for example_external_task_marker_parent to None, run_after=None
[2022-05-12 04:30:22,387] {processor.py:161} INFO - Processing /home/airflow/.local/lib/python3.7/site-packages/airflow/example_dags/example_external_task_marker_dag.py took 0.077 seconds
[2022-05-12 04:30:52,634] {processor.py:153} INFO - Started process (PID=1901) to work on /home/airflow/.local/lib/python3.7/site-packages/airflow/example_dags/example_external_task_marker_dag.py
[2022-05-12 04:30:52,636] {processor.py:641} INFO - Processing file /home/airflow/.local/lib/python3.7/site-packages/airflow/example_dags/example_external_task_marker_dag.py for tasks to queue
[2022-05-12 04:30:52,637] {logging_mixin.py:115} INFO - [2022-05-12 04:30:52,637] {dagbag.py:507} INFO - Filling up the DagBag from /home/airflow/.local/lib/python3.7/site-packages/airflow/example_dags/example_external_task_marker_dag.py
[2022-05-12 04:30:52,641] {processor.py:651} INFO - DAG(s) dict_keys(['example_external_task_marker_parent', 'example_external_task_marker_child']) retrieved from /home/airflow/.local/lib/python3.7/site-packages/airflow/example_dags/example_external_task_marker_dag.py
[2022-05-12 04:30:52,689] {logging_mixin.py:115} INFO - [2022-05-12 04:30:52,689] {dag.py:2371} INFO - Sync 2 DAGs
[2022-05-12 04:30:52,709] {logging_mixin.py:115} INFO - [2022-05-12 04:30:52,709] {dag.py:2919} INFO - Setting next_dagrun for example_external_task_marker_child to None, run_after=None
[2022-05-12 04:30:52,711] {logging_mixin.py:115} INFO - [2022-05-12 04:30:52,711] {dag.py:2919} INFO - Setting next_dagrun for example_external_task_marker_parent to None, run_after=None
[2022-05-12 04:30:52,727] {processor.py:161} INFO - Processing /home/airflow/.local/lib/python3.7/site-packages/airflow/example_dags/example_external_task_marker_dag.py took 0.096 seconds
[2022-05-12 04:31:23,707] {processor.py:153} INFO - Started process (PID=2105) to work on /home/airflow/.local/lib/python3.7/site-packages/airflow/example_dags/example_external_task_marker_dag.py
[2022-05-12 04:31:23,708] {processor.py:641} INFO - Processing file /home/airflow/.local/lib/python3.7/site-packages/airflow/example_dags/example_external_task_marker_dag.py for tasks to queue
[2022-05-12 04:31:23,709] {logging_mixin.py:115} INFO - [2022-05-12 04:31:23,709] {dagbag.py:507} INFO - Filling up the DagBag from /home/airflow/.local/lib/python3.7/site-packages/airflow/example_dags/example_external_task_marker_dag.py
[2022-05-12 04:31:23,712] {processor.py:651} INFO - DAG(s) dict_keys(['example_external_task_marker_parent', 'example_external_task_marker_child']) retrieved from /home/airflow/.local/lib/python3.7/site-packages/airflow/example_dags/example_external_task_marker_dag.py
[2022-05-12 04:31:23,740] {logging_mixin.py:115} INFO - [2022-05-12 04:31:23,740] {dag.py:2371} INFO - Sync 2 DAGs
[2022-05-12 04:31:23,753] {logging_mixin.py:115} INFO - [2022-05-12 04:31:23,753] {dag.py:2919} INFO - Setting next_dagrun for example_external_task_marker_child to None, run_after=None
[2022-05-12 04:31:23,754] {logging_mixin.py:115} INFO - [2022-05-12 04:31:23,754] {dag.py:2919} INFO - Setting next_dagrun for example_external_task_marker_parent to None, run_after=None
[2022-05-12 04:31:23,761] {processor.py:161} INFO - Processing /home/airflow/.local/lib/python3.7/site-packages/airflow/example_dags/example_external_task_marker_dag.py took 0.056 seconds
[2022-05-12 04:31:54,376] {processor.py:153} INFO - Started process (PID=2309) to work on /home/airflow/.local/lib/python3.7/site-packages/airflow/example_dags/example_external_task_marker_dag.py
[2022-05-12 04:31:54,377] {processor.py:641} INFO - Processing file /home/airflow/.local/lib/python3.7/site-packages/airflow/example_dags/example_external_task_marker_dag.py for tasks to queue
[2022-05-12 04:31:54,378] {logging_mixin.py:115} INFO - [2022-05-12 04:31:54,378] {dagbag.py:507} INFO - Filling up the DagBag from /home/airflow/.local/lib/python3.7/site-packages/airflow/example_dags/example_external_task_marker_dag.py
[2022-05-12 04:31:54,385] {processor.py:651} INFO - DAG(s) dict_keys(['example_external_task_marker_parent', 'example_external_task_marker_child']) retrieved from /home/airflow/.local/lib/python3.7/site-packages/airflow/example_dags/example_external_task_marker_dag.py
[2022-05-12 04:31:54,416] {logging_mixin.py:115} INFO - [2022-05-12 04:31:54,416] {dag.py:2371} INFO - Sync 2 DAGs
[2022-05-12 04:31:54,431] {logging_mixin.py:115} INFO - [2022-05-12 04:31:54,431] {dag.py:2919} INFO - Setting next_dagrun for example_external_task_marker_child to None, run_after=None
[2022-05-12 04:31:54,433] {logging_mixin.py:115} INFO - [2022-05-12 04:31:54,433] {dag.py:2919} INFO - Setting next_dagrun for example_external_task_marker_parent to None, run_after=None
[2022-05-12 04:31:54,443] {processor.py:161} INFO - Processing /home/airflow/.local/lib/python3.7/site-packages/airflow/example_dags/example_external_task_marker_dag.py took 0.069 seconds
[2022-05-12 04:32:25,171] {processor.py:153} INFO - Started process (PID=2505) to work on /home/airflow/.local/lib/python3.7/site-packages/airflow/example_dags/example_external_task_marker_dag.py
[2022-05-12 04:32:25,172] {processor.py:641} INFO - Processing file /home/airflow/.local/lib/python3.7/site-packages/airflow/example_dags/example_external_task_marker_dag.py for tasks to queue
[2022-05-12 04:32:25,173] {logging_mixin.py:115} INFO - [2022-05-12 04:32:25,173] {dagbag.py:507} INFO - Filling up the DagBag from /home/airflow/.local/lib/python3.7/site-packages/airflow/example_dags/example_external_task_marker_dag.py
[2022-05-12 04:32:25,179] {processor.py:651} INFO - DAG(s) dict_keys(['example_external_task_marker_parent', 'example_external_task_marker_child']) retrieved from /home/airflow/.local/lib/python3.7/site-packages/airflow/example_dags/example_external_task_marker_dag.py
[2022-05-12 04:32:25,209] {logging_mixin.py:115} INFO - [2022-05-12 04:32:25,209] {dag.py:2371} INFO - Sync 2 DAGs
[2022-05-12 04:32:25,223] {logging_mixin.py:115} INFO - [2022-05-12 04:32:25,223] {dag.py:2919} INFO - Setting next_dagrun for example_external_task_marker_child to None, run_after=None
[2022-05-12 04:32:25,225] {logging_mixin.py:115} INFO - [2022-05-12 04:32:25,225] {dag.py:2919} INFO - Setting next_dagrun for example_external_task_marker_parent to None, run_after=None
[2022-05-12 04:32:25,232] {processor.py:161} INFO - Processing /home/airflow/.local/lib/python3.7/site-packages/airflow/example_dags/example_external_task_marker_dag.py took 0.064 seconds
[2022-05-12 04:32:55,740] {processor.py:153} INFO - Started process (PID=2711) to work on /home/airflow/.local/lib/python3.7/site-packages/airflow/example_dags/example_external_task_marker_dag.py
[2022-05-12 04:32:55,741] {processor.py:641} INFO - Processing file /home/airflow/.local/lib/python3.7/site-packages/airflow/example_dags/example_external_task_marker_dag.py for tasks to queue
[2022-05-12 04:32:55,743] {logging_mixin.py:115} INFO - [2022-05-12 04:32:55,743] {dagbag.py:507} INFO - Filling up the DagBag from /home/airflow/.local/lib/python3.7/site-packages/airflow/example_dags/example_external_task_marker_dag.py
[2022-05-12 04:32:55,746] {processor.py:651} INFO - DAG(s) dict_keys(['example_external_task_marker_parent', 'example_external_task_marker_child']) retrieved from /home/airflow/.local/lib/python3.7/site-packages/airflow/example_dags/example_external_task_marker_dag.py
[2022-05-12 04:32:55,772] {logging_mixin.py:115} INFO - [2022-05-12 04:32:55,772] {dag.py:2371} INFO - Sync 2 DAGs
[2022-05-12 04:32:55,785] {logging_mixin.py:115} INFO - [2022-05-12 04:32:55,785] {dag.py:2919} INFO - Setting next_dagrun for example_external_task_marker_child to None, run_after=None
[2022-05-12 04:32:55,787] {logging_mixin.py:115} INFO - [2022-05-12 04:32:55,787] {dag.py:2919} INFO - Setting next_dagrun for example_external_task_marker_parent to None, run_after=None
[2022-05-12 04:32:55,795] {processor.py:161} INFO - Processing /home/airflow/.local/lib/python3.7/site-packages/airflow/example_dags/example_external_task_marker_dag.py took 0.057 seconds
[2022-05-12 04:33:26,480] {processor.py:153} INFO - Started process (PID=2919) to work on /home/airflow/.local/lib/python3.7/site-packages/airflow/example_dags/example_external_task_marker_dag.py
[2022-05-12 04:33:26,481] {processor.py:641} INFO - Processing file /home/airflow/.local/lib/python3.7/site-packages/airflow/example_dags/example_external_task_marker_dag.py for tasks to queue
[2022-05-12 04:33:26,482] {logging_mixin.py:115} INFO - [2022-05-12 04:33:26,482] {dagbag.py:507} INFO - Filling up the DagBag from /home/airflow/.local/lib/python3.7/site-packages/airflow/example_dags/example_external_task_marker_dag.py
[2022-05-12 04:33:26,485] {processor.py:651} INFO - DAG(s) dict_keys(['example_external_task_marker_parent', 'example_external_task_marker_child']) retrieved from /home/airflow/.local/lib/python3.7/site-packages/airflow/example_dags/example_external_task_marker_dag.py
[2022-05-12 04:33:26,513] {logging_mixin.py:115} INFO - [2022-05-12 04:33:26,513] {dag.py:2371} INFO - Sync 2 DAGs
[2022-05-12 04:33:26,525] {logging_mixin.py:115} INFO - [2022-05-12 04:33:26,525] {dag.py:2919} INFO - Setting next_dagrun for example_external_task_marker_child to None, run_after=None
[2022-05-12 04:33:26,526] {logging_mixin.py:115} INFO - [2022-05-12 04:33:26,526] {dag.py:2919} INFO - Setting next_dagrun for example_external_task_marker_parent to None, run_after=None
[2022-05-12 04:33:26,533] {processor.py:161} INFO - Processing /home/airflow/.local/lib/python3.7/site-packages/airflow/example_dags/example_external_task_marker_dag.py took 0.055 seconds
