[2022-05-12 04:26:48,251] {processor.py:153} INFO - Started process (PID=325) to work on /home/airflow/.local/lib/python3.7/site-packages/airflow/example_dags/example_branch_operator.py
[2022-05-12 04:26:48,252] {processor.py:641} INFO - Processing file /home/airflow/.local/lib/python3.7/site-packages/airflow/example_dags/example_branch_operator.py for tasks to queue
[2022-05-12 04:26:48,253] {logging_mixin.py:115} INFO - [2022-05-12 04:26:48,253] {dagbag.py:507} INFO - Filling up the DagBag from /home/airflow/.local/lib/python3.7/site-packages/airflow/example_dags/example_branch_operator.py
[2022-05-12 04:26:48,264] {processor.py:651} INFO - DAG(s) dict_keys(['example_branch_operator']) retrieved from /home/airflow/.local/lib/python3.7/site-packages/airflow/example_dags/example_branch_operator.py
[2022-05-12 04:26:48,343] {logging_mixin.py:115} INFO - [2022-05-12 04:26:48,343] {manager.py:508} INFO - Created Permission View: can read on DAG:example_branch_operator
[2022-05-12 04:26:48,356] {logging_mixin.py:115} INFO - [2022-05-12 04:26:48,356] {manager.py:508} INFO - Created Permission View: can edit on DAG:example_branch_operator
[2022-05-12 04:26:48,362] {logging_mixin.py:115} INFO - [2022-05-12 04:26:48,362] {manager.py:508} INFO - Created Permission View: can delete on DAG:example_branch_operator
[2022-05-12 04:26:48,363] {logging_mixin.py:115} INFO - [2022-05-12 04:26:48,363] {dag.py:2371} INFO - Sync 1 DAGs
[2022-05-12 04:26:48,374] {logging_mixin.py:115} INFO - [2022-05-12 04:26:48,374] {dag.py:2390} INFO - Creating ORM DAG for example_branch_operator
[2022-05-12 04:26:48,393] {logging_mixin.py:115} INFO - [2022-05-12 04:26:48,393] {dag.py:2919} INFO - Setting next_dagrun for example_branch_operator to 2022-05-11T00:00:00+00:00, run_after=2022-05-12T00:00:00+00:00
[2022-05-12 04:26:48,409] {processor.py:161} INFO - Processing /home/airflow/.local/lib/python3.7/site-packages/airflow/example_dags/example_branch_operator.py took 0.161 seconds
[2022-05-12 04:27:19,213] {processor.py:153} INFO - Started process (PID=530) to work on /home/airflow/.local/lib/python3.7/site-packages/airflow/example_dags/example_branch_operator.py
[2022-05-12 04:27:19,216] {processor.py:641} INFO - Processing file /home/airflow/.local/lib/python3.7/site-packages/airflow/example_dags/example_branch_operator.py for tasks to queue
[2022-05-12 04:27:19,217] {logging_mixin.py:115} INFO - [2022-05-12 04:27:19,217] {dagbag.py:507} INFO - Filling up the DagBag from /home/airflow/.local/lib/python3.7/site-packages/airflow/example_dags/example_branch_operator.py
[2022-05-12 04:27:19,226] {processor.py:651} INFO - DAG(s) dict_keys(['example_branch_operator']) retrieved from /home/airflow/.local/lib/python3.7/site-packages/airflow/example_dags/example_branch_operator.py
[2022-05-12 04:27:19,245] {logging_mixin.py:115} INFO - [2022-05-12 04:27:19,244] {dag.py:2371} INFO - Sync 1 DAGs
[2022-05-12 04:27:19,260] {logging_mixin.py:115} INFO - [2022-05-12 04:27:19,260] {dag.py:2919} INFO - Setting next_dagrun for example_branch_operator to 2022-05-11T00:00:00+00:00, run_after=2022-05-12T00:00:00+00:00
[2022-05-12 04:27:19,268] {processor.py:161} INFO - Processing /home/airflow/.local/lib/python3.7/site-packages/airflow/example_dags/example_branch_operator.py took 0.057 seconds
[2022-05-12 04:27:49,775] {processor.py:153} INFO - Started process (PID=734) to work on /home/airflow/.local/lib/python3.7/site-packages/airflow/example_dags/example_branch_operator.py
[2022-05-12 04:27:49,776] {processor.py:641} INFO - Processing file /home/airflow/.local/lib/python3.7/site-packages/airflow/example_dags/example_branch_operator.py for tasks to queue
[2022-05-12 04:27:49,778] {logging_mixin.py:115} INFO - [2022-05-12 04:27:49,777] {dagbag.py:507} INFO - Filling up the DagBag from /home/airflow/.local/lib/python3.7/site-packages/airflow/example_dags/example_branch_operator.py
[2022-05-12 04:27:49,787] {processor.py:651} INFO - DAG(s) dict_keys(['example_branch_operator']) retrieved from /home/airflow/.local/lib/python3.7/site-packages/airflow/example_dags/example_branch_operator.py
[2022-05-12 04:27:49,809] {logging_mixin.py:115} INFO - [2022-05-12 04:27:49,808] {dag.py:2371} INFO - Sync 1 DAGs
[2022-05-12 04:27:49,823] {logging_mixin.py:115} INFO - [2022-05-12 04:27:49,823] {dag.py:2919} INFO - Setting next_dagrun for example_branch_operator to 2022-05-11T00:00:00+00:00, run_after=2022-05-12T00:00:00+00:00
[2022-05-12 04:27:49,833] {processor.py:161} INFO - Processing /home/airflow/.local/lib/python3.7/site-packages/airflow/example_dags/example_branch_operator.py took 0.060 seconds
[2022-05-12 04:28:20,644] {processor.py:153} INFO - Started process (PID=942) to work on /home/airflow/.local/lib/python3.7/site-packages/airflow/example_dags/example_branch_operator.py
[2022-05-12 04:28:20,645] {processor.py:641} INFO - Processing file /home/airflow/.local/lib/python3.7/site-packages/airflow/example_dags/example_branch_operator.py for tasks to queue
[2022-05-12 04:28:20,647] {logging_mixin.py:115} INFO - [2022-05-12 04:28:20,647] {dagbag.py:507} INFO - Filling up the DagBag from /home/airflow/.local/lib/python3.7/site-packages/airflow/example_dags/example_branch_operator.py
[2022-05-12 04:28:20,656] {processor.py:651} INFO - DAG(s) dict_keys(['example_branch_operator']) retrieved from /home/airflow/.local/lib/python3.7/site-packages/airflow/example_dags/example_branch_operator.py
[2022-05-12 04:28:20,674] {logging_mixin.py:115} INFO - [2022-05-12 04:28:20,674] {dag.py:2371} INFO - Sync 1 DAGs
[2022-05-12 04:28:20,687] {logging_mixin.py:115} INFO - [2022-05-12 04:28:20,687] {dag.py:2919} INFO - Setting next_dagrun for example_branch_operator to 2022-05-11T00:00:00+00:00, run_after=2022-05-12T00:00:00+00:00
[2022-05-12 04:28:20,696] {processor.py:161} INFO - Processing /home/airflow/.local/lib/python3.7/site-packages/airflow/example_dags/example_branch_operator.py took 0.054 seconds
[2022-05-12 04:28:50,734] {processor.py:153} INFO - Started process (PID=1149) to work on /home/airflow/.local/lib/python3.7/site-packages/airflow/example_dags/example_branch_operator.py
[2022-05-12 04:28:50,735] {processor.py:641} INFO - Processing file /home/airflow/.local/lib/python3.7/site-packages/airflow/example_dags/example_branch_operator.py for tasks to queue
[2022-05-12 04:28:50,736] {logging_mixin.py:115} INFO - [2022-05-12 04:28:50,736] {dagbag.py:507} INFO - Filling up the DagBag from /home/airflow/.local/lib/python3.7/site-packages/airflow/example_dags/example_branch_operator.py
[2022-05-12 04:28:50,745] {processor.py:651} INFO - DAG(s) dict_keys(['example_branch_operator']) retrieved from /home/airflow/.local/lib/python3.7/site-packages/airflow/example_dags/example_branch_operator.py
[2022-05-12 04:28:50,762] {logging_mixin.py:115} INFO - [2022-05-12 04:28:50,762] {dag.py:2371} INFO - Sync 1 DAGs
[2022-05-12 04:28:50,776] {logging_mixin.py:115} INFO - [2022-05-12 04:28:50,776] {dag.py:2919} INFO - Setting next_dagrun for example_branch_operator to 2022-05-11T00:00:00+00:00, run_after=2022-05-12T00:00:00+00:00
[2022-05-12 04:28:50,783] {processor.py:161} INFO - Processing /home/airflow/.local/lib/python3.7/site-packages/airflow/example_dags/example_branch_operator.py took 0.051 seconds
[2022-05-12 04:29:21,568] {processor.py:153} INFO - Started process (PID=1346) to work on /home/airflow/.local/lib/python3.7/site-packages/airflow/example_dags/example_branch_operator.py
[2022-05-12 04:29:21,569] {processor.py:641} INFO - Processing file /home/airflow/.local/lib/python3.7/site-packages/airflow/example_dags/example_branch_operator.py for tasks to queue
[2022-05-12 04:29:21,570] {logging_mixin.py:115} INFO - [2022-05-12 04:29:21,570] {dagbag.py:507} INFO - Filling up the DagBag from /home/airflow/.local/lib/python3.7/site-packages/airflow/example_dags/example_branch_operator.py
[2022-05-12 04:29:21,579] {processor.py:651} INFO - DAG(s) dict_keys(['example_branch_operator']) retrieved from /home/airflow/.local/lib/python3.7/site-packages/airflow/example_dags/example_branch_operator.py
[2022-05-12 04:29:21,594] {logging_mixin.py:115} INFO - [2022-05-12 04:29:21,594] {dag.py:2371} INFO - Sync 1 DAGs
[2022-05-12 04:29:21,611] {logging_mixin.py:115} INFO - [2022-05-12 04:29:21,611] {dag.py:2919} INFO - Setting next_dagrun for example_branch_operator to 2022-05-11T00:00:00+00:00, run_after=2022-05-12T00:00:00+00:00
[2022-05-12 04:29:21,619] {processor.py:161} INFO - Processing /home/airflow/.local/lib/python3.7/site-packages/airflow/example_dags/example_branch_operator.py took 0.053 seconds
[2022-05-12 04:29:52,163] {processor.py:153} INFO - Started process (PID=1552) to work on /home/airflow/.local/lib/python3.7/site-packages/airflow/example_dags/example_branch_operator.py
[2022-05-12 04:29:52,164] {processor.py:641} INFO - Processing file /home/airflow/.local/lib/python3.7/site-packages/airflow/example_dags/example_branch_operator.py for tasks to queue
[2022-05-12 04:29:52,166] {logging_mixin.py:115} INFO - [2022-05-12 04:29:52,165] {dagbag.py:507} INFO - Filling up the DagBag from /home/airflow/.local/lib/python3.7/site-packages/airflow/example_dags/example_branch_operator.py
[2022-05-12 04:29:52,179] {processor.py:651} INFO - DAG(s) dict_keys(['example_branch_operator']) retrieved from /home/airflow/.local/lib/python3.7/site-packages/airflow/example_dags/example_branch_operator.py
[2022-05-12 04:29:52,202] {logging_mixin.py:115} INFO - [2022-05-12 04:29:52,202] {dag.py:2371} INFO - Sync 1 DAGs
[2022-05-12 04:29:52,219] {logging_mixin.py:115} INFO - [2022-05-12 04:29:52,218] {dag.py:2919} INFO - Setting next_dagrun for example_branch_operator to 2022-05-11T00:00:00+00:00, run_after=2022-05-12T00:00:00+00:00
[2022-05-12 04:29:52,228] {processor.py:161} INFO - Processing /home/airflow/.local/lib/python3.7/site-packages/airflow/example_dags/example_branch_operator.py took 0.068 seconds
[2022-05-12 04:30:23,102] {processor.py:153} INFO - Started process (PID=1765) to work on /home/airflow/.local/lib/python3.7/site-packages/airflow/example_dags/example_branch_operator.py
[2022-05-12 04:30:23,107] {processor.py:641} INFO - Processing file /home/airflow/.local/lib/python3.7/site-packages/airflow/example_dags/example_branch_operator.py for tasks to queue
[2022-05-12 04:30:23,110] {logging_mixin.py:115} INFO - [2022-05-12 04:30:23,109] {dagbag.py:507} INFO - Filling up the DagBag from /home/airflow/.local/lib/python3.7/site-packages/airflow/example_dags/example_branch_operator.py
[2022-05-12 04:30:23,124] {processor.py:651} INFO - DAG(s) dict_keys(['example_branch_operator']) retrieved from /home/airflow/.local/lib/python3.7/site-packages/airflow/example_dags/example_branch_operator.py
[2022-05-12 04:30:23,202] {logging_mixin.py:115} INFO - [2022-05-12 04:30:23,202] {dag.py:2371} INFO - Sync 1 DAGs
[2022-05-12 04:30:23,270] {logging_mixin.py:115} INFO - [2022-05-12 04:30:23,270] {dag.py:2919} INFO - Setting next_dagrun for example_branch_operator to 2022-05-11T00:00:00+00:00, run_after=2022-05-12T00:00:00+00:00
[2022-05-12 04:30:23,336] {processor.py:161} INFO - Processing /home/airflow/.local/lib/python3.7/site-packages/airflow/example_dags/example_branch_operator.py took 0.238 seconds
[2022-05-12 04:30:53,659] {processor.py:153} INFO - Started process (PID=1971) to work on /home/airflow/.local/lib/python3.7/site-packages/airflow/example_dags/example_branch_operator.py
[2022-05-12 04:30:53,661] {processor.py:641} INFO - Processing file /home/airflow/.local/lib/python3.7/site-packages/airflow/example_dags/example_branch_operator.py for tasks to queue
[2022-05-12 04:30:53,663] {logging_mixin.py:115} INFO - [2022-05-12 04:30:53,663] {dagbag.py:507} INFO - Filling up the DagBag from /home/airflow/.local/lib/python3.7/site-packages/airflow/example_dags/example_branch_operator.py
[2022-05-12 04:30:53,678] {processor.py:651} INFO - DAG(s) dict_keys(['example_branch_operator']) retrieved from /home/airflow/.local/lib/python3.7/site-packages/airflow/example_dags/example_branch_operator.py
[2022-05-12 04:30:53,702] {logging_mixin.py:115} INFO - [2022-05-12 04:30:53,702] {dag.py:2371} INFO - Sync 1 DAGs
[2022-05-12 04:30:53,720] {logging_mixin.py:115} INFO - [2022-05-12 04:30:53,720] {dag.py:2919} INFO - Setting next_dagrun for example_branch_operator to 2022-05-11T00:00:00+00:00, run_after=2022-05-12T00:00:00+00:00
[2022-05-12 04:30:53,729] {processor.py:161} INFO - Processing /home/airflow/.local/lib/python3.7/site-packages/airflow/example_dags/example_branch_operator.py took 0.073 seconds
[2022-05-12 04:31:24,329] {processor.py:153} INFO - Started process (PID=2175) to work on /home/airflow/.local/lib/python3.7/site-packages/airflow/example_dags/example_branch_operator.py
[2022-05-12 04:31:24,330] {processor.py:641} INFO - Processing file /home/airflow/.local/lib/python3.7/site-packages/airflow/example_dags/example_branch_operator.py for tasks to queue
[2022-05-12 04:31:24,331] {logging_mixin.py:115} INFO - [2022-05-12 04:31:24,331] {dagbag.py:507} INFO - Filling up the DagBag from /home/airflow/.local/lib/python3.7/site-packages/airflow/example_dags/example_branch_operator.py
[2022-05-12 04:31:24,339] {processor.py:651} INFO - DAG(s) dict_keys(['example_branch_operator']) retrieved from /home/airflow/.local/lib/python3.7/site-packages/airflow/example_dags/example_branch_operator.py
[2022-05-12 04:31:24,354] {logging_mixin.py:115} INFO - [2022-05-12 04:31:24,354] {dag.py:2371} INFO - Sync 1 DAGs
[2022-05-12 04:31:24,367] {logging_mixin.py:115} INFO - [2022-05-12 04:31:24,367] {dag.py:2919} INFO - Setting next_dagrun for example_branch_operator to 2022-05-11T00:00:00+00:00, run_after=2022-05-12T00:00:00+00:00
[2022-05-12 04:31:24,374] {processor.py:161} INFO - Processing /home/airflow/.local/lib/python3.7/site-packages/airflow/example_dags/example_branch_operator.py took 0.048 seconds
[2022-05-12 04:31:55,037] {processor.py:153} INFO - Started process (PID=2379) to work on /home/airflow/.local/lib/python3.7/site-packages/airflow/example_dags/example_branch_operator.py
[2022-05-12 04:31:55,038] {processor.py:641} INFO - Processing file /home/airflow/.local/lib/python3.7/site-packages/airflow/example_dags/example_branch_operator.py for tasks to queue
[2022-05-12 04:31:55,039] {logging_mixin.py:115} INFO - [2022-05-12 04:31:55,039] {dagbag.py:507} INFO - Filling up the DagBag from /home/airflow/.local/lib/python3.7/site-packages/airflow/example_dags/example_branch_operator.py
[2022-05-12 04:31:55,047] {processor.py:651} INFO - DAG(s) dict_keys(['example_branch_operator']) retrieved from /home/airflow/.local/lib/python3.7/site-packages/airflow/example_dags/example_branch_operator.py
[2022-05-12 04:31:55,068] {logging_mixin.py:115} INFO - [2022-05-12 04:31:55,068] {dag.py:2371} INFO - Sync 1 DAGs
[2022-05-12 04:31:55,089] {logging_mixin.py:115} INFO - [2022-05-12 04:31:55,089] {dag.py:2919} INFO - Setting next_dagrun for example_branch_operator to 2022-05-11T00:00:00+00:00, run_after=2022-05-12T00:00:00+00:00
[2022-05-12 04:31:55,102] {processor.py:161} INFO - Processing /home/airflow/.local/lib/python3.7/site-packages/airflow/example_dags/example_branch_operator.py took 0.067 seconds
[2022-05-12 04:32:25,772] {processor.py:153} INFO - Started process (PID=2573) to work on /home/airflow/.local/lib/python3.7/site-packages/airflow/example_dags/example_branch_operator.py
[2022-05-12 04:32:25,773] {processor.py:641} INFO - Processing file /home/airflow/.local/lib/python3.7/site-packages/airflow/example_dags/example_branch_operator.py for tasks to queue
[2022-05-12 04:32:25,774] {logging_mixin.py:115} INFO - [2022-05-12 04:32:25,774] {dagbag.py:507} INFO - Filling up the DagBag from /home/airflow/.local/lib/python3.7/site-packages/airflow/example_dags/example_branch_operator.py
[2022-05-12 04:32:25,781] {processor.py:651} INFO - DAG(s) dict_keys(['example_branch_operator']) retrieved from /home/airflow/.local/lib/python3.7/site-packages/airflow/example_dags/example_branch_operator.py
[2022-05-12 04:32:25,800] {logging_mixin.py:115} INFO - [2022-05-12 04:32:25,799] {dag.py:2371} INFO - Sync 1 DAGs
[2022-05-12 04:32:25,817] {logging_mixin.py:115} INFO - [2022-05-12 04:32:25,817] {dag.py:2919} INFO - Setting next_dagrun for example_branch_operator to 2022-05-11T00:00:00+00:00, run_after=2022-05-12T00:00:00+00:00
[2022-05-12 04:32:25,825] {processor.py:161} INFO - Processing /home/airflow/.local/lib/python3.7/site-packages/airflow/example_dags/example_branch_operator.py took 0.055 seconds
[2022-05-12 04:32:56,369] {processor.py:153} INFO - Started process (PID=2781) to work on /home/airflow/.local/lib/python3.7/site-packages/airflow/example_dags/example_branch_operator.py
[2022-05-12 04:32:56,371] {processor.py:641} INFO - Processing file /home/airflow/.local/lib/python3.7/site-packages/airflow/example_dags/example_branch_operator.py for tasks to queue
[2022-05-12 04:32:56,374] {logging_mixin.py:115} INFO - [2022-05-12 04:32:56,374] {dagbag.py:507} INFO - Filling up the DagBag from /home/airflow/.local/lib/python3.7/site-packages/airflow/example_dags/example_branch_operator.py
[2022-05-12 04:32:56,390] {processor.py:651} INFO - DAG(s) dict_keys(['example_branch_operator']) retrieved from /home/airflow/.local/lib/python3.7/site-packages/airflow/example_dags/example_branch_operator.py
[2022-05-12 04:32:56,415] {logging_mixin.py:115} INFO - [2022-05-12 04:32:56,415] {dag.py:2371} INFO - Sync 1 DAGs
[2022-05-12 04:32:56,433] {logging_mixin.py:115} INFO - [2022-05-12 04:32:56,433] {dag.py:2919} INFO - Setting next_dagrun for example_branch_operator to 2022-05-11T00:00:00+00:00, run_after=2022-05-12T00:00:00+00:00
[2022-05-12 04:32:56,443] {processor.py:161} INFO - Processing /home/airflow/.local/lib/python3.7/site-packages/airflow/example_dags/example_branch_operator.py took 0.076 seconds
[2022-05-12 04:33:27,038] {processor.py:153} INFO - Started process (PID=2987) to work on /home/airflow/.local/lib/python3.7/site-packages/airflow/example_dags/example_branch_operator.py
[2022-05-12 04:33:27,039] {processor.py:641} INFO - Processing file /home/airflow/.local/lib/python3.7/site-packages/airflow/example_dags/example_branch_operator.py for tasks to queue
[2022-05-12 04:33:27,040] {logging_mixin.py:115} INFO - [2022-05-12 04:33:27,040] {dagbag.py:507} INFO - Filling up the DagBag from /home/airflow/.local/lib/python3.7/site-packages/airflow/example_dags/example_branch_operator.py
[2022-05-12 04:33:27,046] {processor.py:651} INFO - DAG(s) dict_keys(['example_branch_operator']) retrieved from /home/airflow/.local/lib/python3.7/site-packages/airflow/example_dags/example_branch_operator.py
[2022-05-12 04:33:27,063] {logging_mixin.py:115} INFO - [2022-05-12 04:33:27,063] {dag.py:2371} INFO - Sync 1 DAGs
[2022-05-12 04:33:27,078] {logging_mixin.py:115} INFO - [2022-05-12 04:33:27,078] {dag.py:2919} INFO - Setting next_dagrun for example_branch_operator to 2022-05-11T00:00:00+00:00, run_after=2022-05-12T00:00:00+00:00
[2022-05-12 04:33:27,084] {processor.py:161} INFO - Processing /home/airflow/.local/lib/python3.7/site-packages/airflow/example_dags/example_branch_operator.py took 0.048 seconds
