[2022-05-12 04:26:48,167] {processor.py:153} INFO - Started process (PID=320) to work on /home/airflow/.local/lib/python3.7/site-packages/airflow/example_dags/example_trigger_target_dag.py
[2022-05-12 04:26:48,169] {processor.py:641} INFO - Processing file /home/airflow/.local/lib/python3.7/site-packages/airflow/example_dags/example_trigger_target_dag.py for tasks to queue
[2022-05-12 04:26:48,170] {logging_mixin.py:115} INFO - [2022-05-12 04:26:48,170] {dagbag.py:507} INFO - Filling up the DagBag from /home/airflow/.local/lib/python3.7/site-packages/airflow/example_dags/example_trigger_target_dag.py
[2022-05-12 04:26:48,184] {processor.py:651} INFO - DAG(s) dict_keys(['example_trigger_target_dag']) retrieved from /home/airflow/.local/lib/python3.7/site-packages/airflow/example_dags/example_trigger_target_dag.py
[2022-05-12 04:26:48,241] {logging_mixin.py:115} INFO - [2022-05-12 04:26:48,241] {manager.py:508} INFO - Created Permission View: can read on DAG:example_trigger_target_dag
[2022-05-12 04:26:48,249] {logging_mixin.py:115} INFO - [2022-05-12 04:26:48,249] {manager.py:508} INFO - Created Permission View: can edit on DAG:example_trigger_target_dag
[2022-05-12 04:26:48,255] {logging_mixin.py:115} INFO - [2022-05-12 04:26:48,255] {manager.py:508} INFO - Created Permission View: can delete on DAG:example_trigger_target_dag
[2022-05-12 04:26:48,256] {logging_mixin.py:115} INFO - [2022-05-12 04:26:48,256] {dag.py:2371} INFO - Sync 1 DAGs
[2022-05-12 04:26:48,263] {logging_mixin.py:115} INFO - [2022-05-12 04:26:48,263] {dag.py:2390} INFO - Creating ORM DAG for example_trigger_target_dag
[2022-05-12 04:26:48,272] {logging_mixin.py:115} INFO - [2022-05-12 04:26:48,272] {dag.py:2919} INFO - Setting next_dagrun for example_trigger_target_dag to None, run_after=None
[2022-05-12 04:26:48,293] {processor.py:161} INFO - Processing /home/airflow/.local/lib/python3.7/site-packages/airflow/example_dags/example_trigger_target_dag.py took 0.128 seconds
[2022-05-12 04:27:19,161] {processor.py:153} INFO - Started process (PID=525) to work on /home/airflow/.local/lib/python3.7/site-packages/airflow/example_dags/example_trigger_target_dag.py
[2022-05-12 04:27:19,162] {processor.py:641} INFO - Processing file /home/airflow/.local/lib/python3.7/site-packages/airflow/example_dags/example_trigger_target_dag.py for tasks to queue
[2022-05-12 04:27:19,163] {logging_mixin.py:115} INFO - [2022-05-12 04:27:19,163] {dagbag.py:507} INFO - Filling up the DagBag from /home/airflow/.local/lib/python3.7/site-packages/airflow/example_dags/example_trigger_target_dag.py
[2022-05-12 04:27:19,175] {processor.py:651} INFO - DAG(s) dict_keys(['example_trigger_target_dag']) retrieved from /home/airflow/.local/lib/python3.7/site-packages/airflow/example_dags/example_trigger_target_dag.py
[2022-05-12 04:27:19,189] {logging_mixin.py:115} INFO - [2022-05-12 04:27:19,189] {dag.py:2371} INFO - Sync 1 DAGs
[2022-05-12 04:27:19,203] {logging_mixin.py:115} INFO - [2022-05-12 04:27:19,203] {dag.py:2919} INFO - Setting next_dagrun for example_trigger_target_dag to None, run_after=None
[2022-05-12 04:27:19,211] {processor.py:161} INFO - Processing /home/airflow/.local/lib/python3.7/site-packages/airflow/example_dags/example_trigger_target_dag.py took 0.052 seconds
[2022-05-12 04:27:49,723] {processor.py:153} INFO - Started process (PID=729) to work on /home/airflow/.local/lib/python3.7/site-packages/airflow/example_dags/example_trigger_target_dag.py
[2022-05-12 04:27:49,725] {processor.py:641} INFO - Processing file /home/airflow/.local/lib/python3.7/site-packages/airflow/example_dags/example_trigger_target_dag.py for tasks to queue
[2022-05-12 04:27:49,726] {logging_mixin.py:115} INFO - [2022-05-12 04:27:49,726] {dagbag.py:507} INFO - Filling up the DagBag from /home/airflow/.local/lib/python3.7/site-packages/airflow/example_dags/example_trigger_target_dag.py
[2022-05-12 04:27:49,738] {processor.py:651} INFO - DAG(s) dict_keys(['example_trigger_target_dag']) retrieved from /home/airflow/.local/lib/python3.7/site-packages/airflow/example_dags/example_trigger_target_dag.py
[2022-05-12 04:27:49,756] {logging_mixin.py:115} INFO - [2022-05-12 04:27:49,756] {dag.py:2371} INFO - Sync 1 DAGs
[2022-05-12 04:27:49,771] {logging_mixin.py:115} INFO - [2022-05-12 04:27:49,771] {dag.py:2919} INFO - Setting next_dagrun for example_trigger_target_dag to None, run_after=None
[2022-05-12 04:27:49,780] {processor.py:161} INFO - Processing /home/airflow/.local/lib/python3.7/site-packages/airflow/example_dags/example_trigger_target_dag.py took 0.059 seconds
[2022-05-12 04:28:20,597] {processor.py:153} INFO - Started process (PID=937) to work on /home/airflow/.local/lib/python3.7/site-packages/airflow/example_dags/example_trigger_target_dag.py
[2022-05-12 04:28:20,599] {processor.py:641} INFO - Processing file /home/airflow/.local/lib/python3.7/site-packages/airflow/example_dags/example_trigger_target_dag.py for tasks to queue
[2022-05-12 04:28:20,600] {logging_mixin.py:115} INFO - [2022-05-12 04:28:20,600] {dagbag.py:507} INFO - Filling up the DagBag from /home/airflow/.local/lib/python3.7/site-packages/airflow/example_dags/example_trigger_target_dag.py
[2022-05-12 04:28:20,610] {processor.py:651} INFO - DAG(s) dict_keys(['example_trigger_target_dag']) retrieved from /home/airflow/.local/lib/python3.7/site-packages/airflow/example_dags/example_trigger_target_dag.py
[2022-05-12 04:28:20,625] {logging_mixin.py:115} INFO - [2022-05-12 04:28:20,625] {dag.py:2371} INFO - Sync 1 DAGs
[2022-05-12 04:28:20,638] {logging_mixin.py:115} INFO - [2022-05-12 04:28:20,638] {dag.py:2919} INFO - Setting next_dagrun for example_trigger_target_dag to None, run_after=None
[2022-05-12 04:28:20,646] {processor.py:161} INFO - Processing /home/airflow/.local/lib/python3.7/site-packages/airflow/example_dags/example_trigger_target_dag.py took 0.051 seconds
[2022-05-12 04:28:50,693] {processor.py:153} INFO - Started process (PID=1144) to work on /home/airflow/.local/lib/python3.7/site-packages/airflow/example_dags/example_trigger_target_dag.py
[2022-05-12 04:28:50,694] {processor.py:641} INFO - Processing file /home/airflow/.local/lib/python3.7/site-packages/airflow/example_dags/example_trigger_target_dag.py for tasks to queue
[2022-05-12 04:28:50,696] {logging_mixin.py:115} INFO - [2022-05-12 04:28:50,695] {dagbag.py:507} INFO - Filling up the DagBag from /home/airflow/.local/lib/python3.7/site-packages/airflow/example_dags/example_trigger_target_dag.py
[2022-05-12 04:28:50,707] {processor.py:651} INFO - DAG(s) dict_keys(['example_trigger_target_dag']) retrieved from /home/airflow/.local/lib/python3.7/site-packages/airflow/example_dags/example_trigger_target_dag.py
[2022-05-12 04:28:50,722] {logging_mixin.py:115} INFO - [2022-05-12 04:28:50,722] {dag.py:2371} INFO - Sync 1 DAGs
[2022-05-12 04:28:50,739] {logging_mixin.py:115} INFO - [2022-05-12 04:28:50,739] {dag.py:2919} INFO - Setting next_dagrun for example_trigger_target_dag to None, run_after=None
[2022-05-12 04:28:50,747] {processor.py:161} INFO - Processing /home/airflow/.local/lib/python3.7/site-packages/airflow/example_dags/example_trigger_target_dag.py took 0.056 seconds
[2022-05-12 04:29:21,502] {processor.py:153} INFO - Started process (PID=1341) to work on /home/airflow/.local/lib/python3.7/site-packages/airflow/example_dags/example_trigger_target_dag.py
[2022-05-12 04:29:21,503] {processor.py:641} INFO - Processing file /home/airflow/.local/lib/python3.7/site-packages/airflow/example_dags/example_trigger_target_dag.py for tasks to queue
[2022-05-12 04:29:21,504] {logging_mixin.py:115} INFO - [2022-05-12 04:29:21,504] {dagbag.py:507} INFO - Filling up the DagBag from /home/airflow/.local/lib/python3.7/site-packages/airflow/example_dags/example_trigger_target_dag.py
[2022-05-12 04:29:21,515] {processor.py:651} INFO - DAG(s) dict_keys(['example_trigger_target_dag']) retrieved from /home/airflow/.local/lib/python3.7/site-packages/airflow/example_dags/example_trigger_target_dag.py
[2022-05-12 04:29:21,530] {logging_mixin.py:115} INFO - [2022-05-12 04:29:21,530] {dag.py:2371} INFO - Sync 1 DAGs
[2022-05-12 04:29:21,542] {logging_mixin.py:115} INFO - [2022-05-12 04:29:21,542] {dag.py:2919} INFO - Setting next_dagrun for example_trigger_target_dag to None, run_after=None
[2022-05-12 04:29:21,549] {processor.py:161} INFO - Processing /home/airflow/.local/lib/python3.7/site-packages/airflow/example_dags/example_trigger_target_dag.py took 0.049 seconds
[2022-05-12 04:29:52,111] {processor.py:153} INFO - Started process (PID=1547) to work on /home/airflow/.local/lib/python3.7/site-packages/airflow/example_dags/example_trigger_target_dag.py
[2022-05-12 04:29:52,112] {processor.py:641} INFO - Processing file /home/airflow/.local/lib/python3.7/site-packages/airflow/example_dags/example_trigger_target_dag.py for tasks to queue
[2022-05-12 04:29:52,113] {logging_mixin.py:115} INFO - [2022-05-12 04:29:52,113] {dagbag.py:507} INFO - Filling up the DagBag from /home/airflow/.local/lib/python3.7/site-packages/airflow/example_dags/example_trigger_target_dag.py
[2022-05-12 04:29:52,127] {processor.py:651} INFO - DAG(s) dict_keys(['example_trigger_target_dag']) retrieved from /home/airflow/.local/lib/python3.7/site-packages/airflow/example_dags/example_trigger_target_dag.py
[2022-05-12 04:29:52,148] {logging_mixin.py:115} INFO - [2022-05-12 04:29:52,148] {dag.py:2371} INFO - Sync 1 DAGs
[2022-05-12 04:29:52,166] {logging_mixin.py:115} INFO - [2022-05-12 04:29:52,166] {dag.py:2919} INFO - Setting next_dagrun for example_trigger_target_dag to None, run_after=None
[2022-05-12 04:29:52,177] {processor.py:161} INFO - Processing /home/airflow/.local/lib/python3.7/site-packages/airflow/example_dags/example_trigger_target_dag.py took 0.069 seconds
[2022-05-12 04:30:23,095] {processor.py:153} INFO - Started process (PID=1762) to work on /home/airflow/.local/lib/python3.7/site-packages/airflow/example_dags/example_trigger_target_dag.py
[2022-05-12 04:30:23,097] {processor.py:641} INFO - Processing file /home/airflow/.local/lib/python3.7/site-packages/airflow/example_dags/example_trigger_target_dag.py for tasks to queue
[2022-05-12 04:30:23,100] {logging_mixin.py:115} INFO - [2022-05-12 04:30:23,099] {dagbag.py:507} INFO - Filling up the DagBag from /home/airflow/.local/lib/python3.7/site-packages/airflow/example_dags/example_trigger_target_dag.py
[2022-05-12 04:30:23,117] {processor.py:651} INFO - DAG(s) dict_keys(['example_trigger_target_dag']) retrieved from /home/airflow/.local/lib/python3.7/site-packages/airflow/example_dags/example_trigger_target_dag.py
[2022-05-12 04:30:23,208] {logging_mixin.py:115} INFO - [2022-05-12 04:30:23,199] {dag.py:2371} INFO - Sync 1 DAGs
[2022-05-12 04:30:23,270] {logging_mixin.py:115} INFO - [2022-05-12 04:30:23,270] {dag.py:2919} INFO - Setting next_dagrun for example_trigger_target_dag to None, run_after=None
[2022-05-12 04:30:23,288] {processor.py:161} INFO - Processing /home/airflow/.local/lib/python3.7/site-packages/airflow/example_dags/example_trigger_target_dag.py took 0.196 seconds
[2022-05-12 04:30:53,564] {processor.py:153} INFO - Started process (PID=1966) to work on /home/airflow/.local/lib/python3.7/site-packages/airflow/example_dags/example_trigger_target_dag.py
[2022-05-12 04:30:53,565] {processor.py:641} INFO - Processing file /home/airflow/.local/lib/python3.7/site-packages/airflow/example_dags/example_trigger_target_dag.py for tasks to queue
[2022-05-12 04:30:53,567] {logging_mixin.py:115} INFO - [2022-05-12 04:30:53,567] {dagbag.py:507} INFO - Filling up the DagBag from /home/airflow/.local/lib/python3.7/site-packages/airflow/example_dags/example_trigger_target_dag.py
[2022-05-12 04:30:53,588] {processor.py:651} INFO - DAG(s) dict_keys(['example_trigger_target_dag']) retrieved from /home/airflow/.local/lib/python3.7/site-packages/airflow/example_dags/example_trigger_target_dag.py
[2022-05-12 04:30:53,617] {logging_mixin.py:115} INFO - [2022-05-12 04:30:53,617] {dag.py:2371} INFO - Sync 1 DAGs
[2022-05-12 04:30:53,644] {logging_mixin.py:115} INFO - [2022-05-12 04:30:53,644] {dag.py:2919} INFO - Setting next_dagrun for example_trigger_target_dag to None, run_after=None
[2022-05-12 04:30:53,664] {processor.py:161} INFO - Processing /home/airflow/.local/lib/python3.7/site-packages/airflow/example_dags/example_trigger_target_dag.py took 0.103 seconds
[2022-05-12 04:31:24,325] {processor.py:153} INFO - Started process (PID=2172) to work on /home/airflow/.local/lib/python3.7/site-packages/airflow/example_dags/example_trigger_target_dag.py
[2022-05-12 04:31:24,326] {processor.py:641} INFO - Processing file /home/airflow/.local/lib/python3.7/site-packages/airflow/example_dags/example_trigger_target_dag.py for tasks to queue
[2022-05-12 04:31:24,327] {logging_mixin.py:115} INFO - [2022-05-12 04:31:24,327] {dagbag.py:507} INFO - Filling up the DagBag from /home/airflow/.local/lib/python3.7/site-packages/airflow/example_dags/example_trigger_target_dag.py
[2022-05-12 04:31:24,339] {processor.py:651} INFO - DAG(s) dict_keys(['example_trigger_target_dag']) retrieved from /home/airflow/.local/lib/python3.7/site-packages/airflow/example_dags/example_trigger_target_dag.py
[2022-05-12 04:31:24,354] {logging_mixin.py:115} INFO - [2022-05-12 04:31:24,354] {dag.py:2371} INFO - Sync 1 DAGs
[2022-05-12 04:31:24,366] {logging_mixin.py:115} INFO - [2022-05-12 04:31:24,366] {dag.py:2919} INFO - Setting next_dagrun for example_trigger_target_dag to None, run_after=None
[2022-05-12 04:31:24,373] {processor.py:161} INFO - Processing /home/airflow/.local/lib/python3.7/site-packages/airflow/example_dags/example_trigger_target_dag.py took 0.050 seconds
[2022-05-12 04:31:54,968] {processor.py:153} INFO - Started process (PID=2374) to work on /home/airflow/.local/lib/python3.7/site-packages/airflow/example_dags/example_trigger_target_dag.py
[2022-05-12 04:31:54,971] {processor.py:641} INFO - Processing file /home/airflow/.local/lib/python3.7/site-packages/airflow/example_dags/example_trigger_target_dag.py for tasks to queue
[2022-05-12 04:31:54,973] {logging_mixin.py:115} INFO - [2022-05-12 04:31:54,973] {dagbag.py:507} INFO - Filling up the DagBag from /home/airflow/.local/lib/python3.7/site-packages/airflow/example_dags/example_trigger_target_dag.py
[2022-05-12 04:31:54,985] {processor.py:651} INFO - DAG(s) dict_keys(['example_trigger_target_dag']) retrieved from /home/airflow/.local/lib/python3.7/site-packages/airflow/example_dags/example_trigger_target_dag.py
[2022-05-12 04:31:55,005] {logging_mixin.py:115} INFO - [2022-05-12 04:31:55,005] {dag.py:2371} INFO - Sync 1 DAGs
[2022-05-12 04:31:55,022] {logging_mixin.py:115} INFO - [2022-05-12 04:31:55,022] {dag.py:2919} INFO - Setting next_dagrun for example_trigger_target_dag to None, run_after=None
[2022-05-12 04:31:55,032] {processor.py:161} INFO - Processing /home/airflow/.local/lib/python3.7/site-packages/airflow/example_dags/example_trigger_target_dag.py took 0.066 seconds
[2022-05-12 04:32:25,729] {processor.py:153} INFO - Started process (PID=2568) to work on /home/airflow/.local/lib/python3.7/site-packages/airflow/example_dags/example_trigger_target_dag.py
[2022-05-12 04:32:25,730] {processor.py:641} INFO - Processing file /home/airflow/.local/lib/python3.7/site-packages/airflow/example_dags/example_trigger_target_dag.py for tasks to queue
[2022-05-12 04:32:25,731] {logging_mixin.py:115} INFO - [2022-05-12 04:32:25,731] {dagbag.py:507} INFO - Filling up the DagBag from /home/airflow/.local/lib/python3.7/site-packages/airflow/example_dags/example_trigger_target_dag.py
[2022-05-12 04:32:25,742] {processor.py:651} INFO - DAG(s) dict_keys(['example_trigger_target_dag']) retrieved from /home/airflow/.local/lib/python3.7/site-packages/airflow/example_dags/example_trigger_target_dag.py
[2022-05-12 04:32:25,760] {logging_mixin.py:115} INFO - [2022-05-12 04:32:25,759] {dag.py:2371} INFO - Sync 1 DAGs
[2022-05-12 04:32:25,774] {logging_mixin.py:115} INFO - [2022-05-12 04:32:25,774] {dag.py:2919} INFO - Setting next_dagrun for example_trigger_target_dag to None, run_after=None
[2022-05-12 04:32:25,783] {processor.py:161} INFO - Processing /home/airflow/.local/lib/python3.7/site-packages/airflow/example_dags/example_trigger_target_dag.py took 0.056 seconds
[2022-05-12 04:32:56,303] {processor.py:153} INFO - Started process (PID=2776) to work on /home/airflow/.local/lib/python3.7/site-packages/airflow/example_dags/example_trigger_target_dag.py
[2022-05-12 04:32:56,305] {processor.py:641} INFO - Processing file /home/airflow/.local/lib/python3.7/site-packages/airflow/example_dags/example_trigger_target_dag.py for tasks to queue
[2022-05-12 04:32:56,306] {logging_mixin.py:115} INFO - [2022-05-12 04:32:56,306] {dagbag.py:507} INFO - Filling up the DagBag from /home/airflow/.local/lib/python3.7/site-packages/airflow/example_dags/example_trigger_target_dag.py
[2022-05-12 04:32:56,315] {processor.py:651} INFO - DAG(s) dict_keys(['example_trigger_target_dag']) retrieved from /home/airflow/.local/lib/python3.7/site-packages/airflow/example_dags/example_trigger_target_dag.py
[2022-05-12 04:32:56,337] {logging_mixin.py:115} INFO - [2022-05-12 04:32:56,337] {dag.py:2371} INFO - Sync 1 DAGs
[2022-05-12 04:32:56,369] {logging_mixin.py:115} INFO - [2022-05-12 04:32:56,369] {dag.py:2919} INFO - Setting next_dagrun for example_trigger_target_dag to None, run_after=None
[2022-05-12 04:32:56,384] {processor.py:161} INFO - Processing /home/airflow/.local/lib/python3.7/site-packages/airflow/example_dags/example_trigger_target_dag.py took 0.084 seconds
[2022-05-12 04:33:27,038] {processor.py:153} INFO - Started process (PID=2984) to work on /home/airflow/.local/lib/python3.7/site-packages/airflow/example_dags/example_trigger_target_dag.py
[2022-05-12 04:33:27,039] {processor.py:641} INFO - Processing file /home/airflow/.local/lib/python3.7/site-packages/airflow/example_dags/example_trigger_target_dag.py for tasks to queue
[2022-05-12 04:33:27,040] {logging_mixin.py:115} INFO - [2022-05-12 04:33:27,040] {dagbag.py:507} INFO - Filling up the DagBag from /home/airflow/.local/lib/python3.7/site-packages/airflow/example_dags/example_trigger_target_dag.py
[2022-05-12 04:33:27,049] {processor.py:651} INFO - DAG(s) dict_keys(['example_trigger_target_dag']) retrieved from /home/airflow/.local/lib/python3.7/site-packages/airflow/example_dags/example_trigger_target_dag.py
[2022-05-12 04:33:27,064] {logging_mixin.py:115} INFO - [2022-05-12 04:33:27,063] {dag.py:2371} INFO - Sync 1 DAGs
[2022-05-12 04:33:27,076] {logging_mixin.py:115} INFO - [2022-05-12 04:33:27,076] {dag.py:2919} INFO - Setting next_dagrun for example_trigger_target_dag to None, run_after=None
[2022-05-12 04:33:27,084] {processor.py:161} INFO - Processing /home/airflow/.local/lib/python3.7/site-packages/airflow/example_dags/example_trigger_target_dag.py took 0.049 seconds
[2022-05-12 04:33:57,572] {processor.py:153} INFO - Started process (PID=3188) to work on /home/airflow/.local/lib/python3.7/site-packages/airflow/example_dags/example_trigger_target_dag.py
[2022-05-12 04:33:57,573] {processor.py:641} INFO - Processing file /home/airflow/.local/lib/python3.7/site-packages/airflow/example_dags/example_trigger_target_dag.py for tasks to queue
[2022-05-12 04:33:57,574] {logging_mixin.py:115} INFO - [2022-05-12 04:33:57,574] {dagbag.py:507} INFO - Filling up the DagBag from /home/airflow/.local/lib/python3.7/site-packages/airflow/example_dags/example_trigger_target_dag.py
[2022-05-12 04:33:57,584] {processor.py:651} INFO - DAG(s) dict_keys(['example_trigger_target_dag']) retrieved from /home/airflow/.local/lib/python3.7/site-packages/airflow/example_dags/example_trigger_target_dag.py
[2022-05-12 04:33:57,602] {logging_mixin.py:115} INFO - [2022-05-12 04:33:57,602] {dag.py:2371} INFO - Sync 1 DAGs
[2022-05-12 04:33:57,615] {logging_mixin.py:115} INFO - [2022-05-12 04:33:57,615] {dag.py:2919} INFO - Setting next_dagrun for example_trigger_target_dag to None, run_after=None
[2022-05-12 04:33:57,623] {processor.py:161} INFO - Processing /home/airflow/.local/lib/python3.7/site-packages/airflow/example_dags/example_trigger_target_dag.py took 0.053 seconds
