[2022-05-12 04:26:47,496] {processor.py:153} INFO - Started process (PID=280) to work on /home/airflow/.local/lib/python3.7/site-packages/airflow/example_dags/example_python_operator.py
[2022-05-12 04:26:47,497] {processor.py:641} INFO - Processing file /home/airflow/.local/lib/python3.7/site-packages/airflow/example_dags/example_python_operator.py for tasks to queue
[2022-05-12 04:26:47,498] {logging_mixin.py:115} INFO - [2022-05-12 04:26:47,498] {dagbag.py:507} INFO - Filling up the DagBag from /home/airflow/.local/lib/python3.7/site-packages/airflow/example_dags/example_python_operator.py
[2022-05-12 04:26:47,511] {processor.py:651} INFO - DAG(s) dict_keys(['example_python_operator']) retrieved from /home/airflow/.local/lib/python3.7/site-packages/airflow/example_dags/example_python_operator.py
[2022-05-12 04:26:47,580] {logging_mixin.py:115} INFO - [2022-05-12 04:26:47,580] {manager.py:508} INFO - Created Permission View: can read on DAG:example_python_operator
[2022-05-12 04:26:47,587] {logging_mixin.py:115} INFO - [2022-05-12 04:26:47,587] {manager.py:508} INFO - Created Permission View: can edit on DAG:example_python_operator
[2022-05-12 04:26:47,592] {logging_mixin.py:115} INFO - [2022-05-12 04:26:47,592] {manager.py:508} INFO - Created Permission View: can delete on DAG:example_python_operator
[2022-05-12 04:26:47,593] {logging_mixin.py:115} INFO - [2022-05-12 04:26:47,593] {dag.py:2371} INFO - Sync 1 DAGs
[2022-05-12 04:26:47,600] {logging_mixin.py:115} INFO - [2022-05-12 04:26:47,600] {dag.py:2390} INFO - Creating ORM DAG for example_python_operator
[2022-05-12 04:26:47,608] {logging_mixin.py:115} INFO - [2022-05-12 04:26:47,608] {dag.py:2919} INFO - Setting next_dagrun for example_python_operator to None, run_after=None
[2022-05-12 04:26:47,617] {processor.py:161} INFO - Processing /home/airflow/.local/lib/python3.7/site-packages/airflow/example_dags/example_python_operator.py took 0.123 seconds
[2022-05-12 04:27:17,709] {processor.py:153} INFO - Started process (PID=485) to work on /home/airflow/.local/lib/python3.7/site-packages/airflow/example_dags/example_python_operator.py
[2022-05-12 04:27:17,711] {processor.py:641} INFO - Processing file /home/airflow/.local/lib/python3.7/site-packages/airflow/example_dags/example_python_operator.py for tasks to queue
[2022-05-12 04:27:17,712] {logging_mixin.py:115} INFO - [2022-05-12 04:27:17,712] {dagbag.py:507} INFO - Filling up the DagBag from /home/airflow/.local/lib/python3.7/site-packages/airflow/example_dags/example_python_operator.py
[2022-05-12 04:27:17,724] {processor.py:651} INFO - DAG(s) dict_keys(['example_python_operator']) retrieved from /home/airflow/.local/lib/python3.7/site-packages/airflow/example_dags/example_python_operator.py
[2022-05-12 04:27:17,741] {logging_mixin.py:115} INFO - [2022-05-12 04:27:17,741] {dag.py:2371} INFO - Sync 1 DAGs
[2022-05-12 04:27:17,754] {logging_mixin.py:115} INFO - [2022-05-12 04:27:17,754] {dag.py:2919} INFO - Setting next_dagrun for example_python_operator to None, run_after=None
[2022-05-12 04:27:17,762] {processor.py:161} INFO - Processing /home/airflow/.local/lib/python3.7/site-packages/airflow/example_dags/example_python_operator.py took 0.056 seconds
[2022-05-12 04:27:48,383] {processor.py:153} INFO - Started process (PID=689) to work on /home/airflow/.local/lib/python3.7/site-packages/airflow/example_dags/example_python_operator.py
[2022-05-12 04:27:48,384] {processor.py:641} INFO - Processing file /home/airflow/.local/lib/python3.7/site-packages/airflow/example_dags/example_python_operator.py for tasks to queue
[2022-05-12 04:27:48,385] {logging_mixin.py:115} INFO - [2022-05-12 04:27:48,385] {dagbag.py:507} INFO - Filling up the DagBag from /home/airflow/.local/lib/python3.7/site-packages/airflow/example_dags/example_python_operator.py
[2022-05-12 04:27:48,397] {processor.py:651} INFO - DAG(s) dict_keys(['example_python_operator']) retrieved from /home/airflow/.local/lib/python3.7/site-packages/airflow/example_dags/example_python_operator.py
[2022-05-12 04:27:48,413] {logging_mixin.py:115} INFO - [2022-05-12 04:27:48,413] {dag.py:2371} INFO - Sync 1 DAGs
[2022-05-12 04:27:48,428] {logging_mixin.py:115} INFO - [2022-05-12 04:27:48,428] {dag.py:2919} INFO - Setting next_dagrun for example_python_operator to None, run_after=None
[2022-05-12 04:27:48,435] {processor.py:161} INFO - Processing /home/airflow/.local/lib/python3.7/site-packages/airflow/example_dags/example_python_operator.py took 0.054 seconds
[2022-05-12 04:28:19,225] {processor.py:153} INFO - Started process (PID=897) to work on /home/airflow/.local/lib/python3.7/site-packages/airflow/example_dags/example_python_operator.py
[2022-05-12 04:28:19,226] {processor.py:641} INFO - Processing file /home/airflow/.local/lib/python3.7/site-packages/airflow/example_dags/example_python_operator.py for tasks to queue
[2022-05-12 04:28:19,227] {logging_mixin.py:115} INFO - [2022-05-12 04:28:19,227] {dagbag.py:507} INFO - Filling up the DagBag from /home/airflow/.local/lib/python3.7/site-packages/airflow/example_dags/example_python_operator.py
[2022-05-12 04:28:19,241] {processor.py:651} INFO - DAG(s) dict_keys(['example_python_operator']) retrieved from /home/airflow/.local/lib/python3.7/site-packages/airflow/example_dags/example_python_operator.py
[2022-05-12 04:28:19,259] {logging_mixin.py:115} INFO - [2022-05-12 04:28:19,259] {dag.py:2371} INFO - Sync 1 DAGs
[2022-05-12 04:28:19,276] {logging_mixin.py:115} INFO - [2022-05-12 04:28:19,276] {dag.py:2919} INFO - Setting next_dagrun for example_python_operator to None, run_after=None
[2022-05-12 04:28:19,285] {processor.py:161} INFO - Processing /home/airflow/.local/lib/python3.7/site-packages/airflow/example_dags/example_python_operator.py took 0.062 seconds
[2022-05-12 04:28:50,306] {processor.py:153} INFO - Started process (PID=1104) to work on /home/airflow/.local/lib/python3.7/site-packages/airflow/example_dags/example_python_operator.py
[2022-05-12 04:28:50,308] {processor.py:641} INFO - Processing file /home/airflow/.local/lib/python3.7/site-packages/airflow/example_dags/example_python_operator.py for tasks to queue
[2022-05-12 04:28:50,309] {logging_mixin.py:115} INFO - [2022-05-12 04:28:50,309] {dagbag.py:507} INFO - Filling up the DagBag from /home/airflow/.local/lib/python3.7/site-packages/airflow/example_dags/example_python_operator.py
[2022-05-12 04:28:50,330] {processor.py:651} INFO - DAG(s) dict_keys(['example_python_operator']) retrieved from /home/airflow/.local/lib/python3.7/site-packages/airflow/example_dags/example_python_operator.py
[2022-05-12 04:28:50,355] {logging_mixin.py:115} INFO - [2022-05-12 04:28:50,355] {dag.py:2371} INFO - Sync 1 DAGs
[2022-05-12 04:28:50,376] {logging_mixin.py:115} INFO - [2022-05-12 04:28:50,376] {dag.py:2919} INFO - Setting next_dagrun for example_python_operator to None, run_after=None
[2022-05-12 04:28:50,384] {processor.py:161} INFO - Processing /home/airflow/.local/lib/python3.7/site-packages/airflow/example_dags/example_python_operator.py took 0.081 seconds
[2022-05-12 04:29:21,055] {processor.py:153} INFO - Started process (PID=1299) to work on /home/airflow/.local/lib/python3.7/site-packages/airflow/example_dags/example_python_operator.py
[2022-05-12 04:29:21,056] {processor.py:641} INFO - Processing file /home/airflow/.local/lib/python3.7/site-packages/airflow/example_dags/example_python_operator.py for tasks to queue
[2022-05-12 04:29:21,058] {logging_mixin.py:115} INFO - [2022-05-12 04:29:21,058] {dagbag.py:507} INFO - Filling up the DagBag from /home/airflow/.local/lib/python3.7/site-packages/airflow/example_dags/example_python_operator.py
[2022-05-12 04:29:21,079] {processor.py:651} INFO - DAG(s) dict_keys(['example_python_operator']) retrieved from /home/airflow/.local/lib/python3.7/site-packages/airflow/example_dags/example_python_operator.py
[2022-05-12 04:29:21,101] {logging_mixin.py:115} INFO - [2022-05-12 04:29:21,101] {dag.py:2371} INFO - Sync 1 DAGs
[2022-05-12 04:29:21,115] {logging_mixin.py:115} INFO - [2022-05-12 04:29:21,115] {dag.py:2919} INFO - Setting next_dagrun for example_python_operator to None, run_after=None
[2022-05-12 04:29:21,124] {processor.py:161} INFO - Processing /home/airflow/.local/lib/python3.7/site-packages/airflow/example_dags/example_python_operator.py took 0.071 seconds
[2022-05-12 04:29:51,802] {processor.py:153} INFO - Started process (PID=1507) to work on /home/airflow/.local/lib/python3.7/site-packages/airflow/example_dags/example_python_operator.py
[2022-05-12 04:29:51,803] {processor.py:641} INFO - Processing file /home/airflow/.local/lib/python3.7/site-packages/airflow/example_dags/example_python_operator.py for tasks to queue
[2022-05-12 04:29:51,804] {logging_mixin.py:115} INFO - [2022-05-12 04:29:51,804] {dagbag.py:507} INFO - Filling up the DagBag from /home/airflow/.local/lib/python3.7/site-packages/airflow/example_dags/example_python_operator.py
[2022-05-12 04:29:51,821] {processor.py:651} INFO - DAG(s) dict_keys(['example_python_operator']) retrieved from /home/airflow/.local/lib/python3.7/site-packages/airflow/example_dags/example_python_operator.py
[2022-05-12 04:29:51,839] {logging_mixin.py:115} INFO - [2022-05-12 04:29:51,839] {dag.py:2371} INFO - Sync 1 DAGs
[2022-05-12 04:29:51,852] {logging_mixin.py:115} INFO - [2022-05-12 04:29:51,852] {dag.py:2919} INFO - Setting next_dagrun for example_python_operator to None, run_after=None
[2022-05-12 04:29:51,859] {processor.py:161} INFO - Processing /home/airflow/.local/lib/python3.7/site-packages/airflow/example_dags/example_python_operator.py took 0.058 seconds
[2022-05-12 04:30:22,638] {processor.py:153} INFO - Started process (PID=1720) to work on /home/airflow/.local/lib/python3.7/site-packages/airflow/example_dags/example_python_operator.py
[2022-05-12 04:30:22,639] {processor.py:641} INFO - Processing file /home/airflow/.local/lib/python3.7/site-packages/airflow/example_dags/example_python_operator.py for tasks to queue
[2022-05-12 04:30:22,640] {logging_mixin.py:115} INFO - [2022-05-12 04:30:22,640] {dagbag.py:507} INFO - Filling up the DagBag from /home/airflow/.local/lib/python3.7/site-packages/airflow/example_dags/example_python_operator.py
[2022-05-12 04:30:22,657] {processor.py:651} INFO - DAG(s) dict_keys(['example_python_operator']) retrieved from /home/airflow/.local/lib/python3.7/site-packages/airflow/example_dags/example_python_operator.py
[2022-05-12 04:30:22,689] {logging_mixin.py:115} INFO - [2022-05-12 04:30:22,689] {dag.py:2371} INFO - Sync 1 DAGs
[2022-05-12 04:30:22,712] {logging_mixin.py:115} INFO - [2022-05-12 04:30:22,712] {dag.py:2919} INFO - Setting next_dagrun for example_python_operator to None, run_after=None
[2022-05-12 04:30:22,721] {processor.py:161} INFO - Processing /home/airflow/.local/lib/python3.7/site-packages/airflow/example_dags/example_python_operator.py took 0.086 seconds
[2022-05-12 04:30:52,953] {processor.py:153} INFO - Started process (PID=1926) to work on /home/airflow/.local/lib/python3.7/site-packages/airflow/example_dags/example_python_operator.py
[2022-05-12 04:30:52,956] {processor.py:641} INFO - Processing file /home/airflow/.local/lib/python3.7/site-packages/airflow/example_dags/example_python_operator.py for tasks to queue
[2022-05-12 04:30:52,961] {logging_mixin.py:115} INFO - [2022-05-12 04:30:52,960] {dagbag.py:507} INFO - Filling up the DagBag from /home/airflow/.local/lib/python3.7/site-packages/airflow/example_dags/example_python_operator.py
[2022-05-12 04:30:52,993] {processor.py:651} INFO - DAG(s) dict_keys(['example_python_operator']) retrieved from /home/airflow/.local/lib/python3.7/site-packages/airflow/example_dags/example_python_operator.py
[2022-05-12 04:30:53,037] {logging_mixin.py:115} INFO - [2022-05-12 04:30:53,037] {dag.py:2371} INFO - Sync 1 DAGs
[2022-05-12 04:30:53,059] {logging_mixin.py:115} INFO - [2022-05-12 04:30:53,059] {dag.py:2919} INFO - Setting next_dagrun for example_python_operator to None, run_after=None
[2022-05-12 04:30:53,073] {processor.py:161} INFO - Processing /home/airflow/.local/lib/python3.7/site-packages/airflow/example_dags/example_python_operator.py took 0.125 seconds
[2022-05-12 04:31:23,967] {processor.py:153} INFO - Started process (PID=2132) to work on /home/airflow/.local/lib/python3.7/site-packages/airflow/example_dags/example_python_operator.py
[2022-05-12 04:31:23,968] {processor.py:641} INFO - Processing file /home/airflow/.local/lib/python3.7/site-packages/airflow/example_dags/example_python_operator.py for tasks to queue
[2022-05-12 04:31:23,969] {logging_mixin.py:115} INFO - [2022-05-12 04:31:23,969] {dagbag.py:507} INFO - Filling up the DagBag from /home/airflow/.local/lib/python3.7/site-packages/airflow/example_dags/example_python_operator.py
[2022-05-12 04:31:23,980] {processor.py:651} INFO - DAG(s) dict_keys(['example_python_operator']) retrieved from /home/airflow/.local/lib/python3.7/site-packages/airflow/example_dags/example_python_operator.py
[2022-05-12 04:31:23,995] {logging_mixin.py:115} INFO - [2022-05-12 04:31:23,995] {dag.py:2371} INFO - Sync 1 DAGs
[2022-05-12 04:31:24,006] {logging_mixin.py:115} INFO - [2022-05-12 04:31:24,006] {dag.py:2919} INFO - Setting next_dagrun for example_python_operator to None, run_after=None
[2022-05-12 04:31:24,013] {processor.py:161} INFO - Processing /home/airflow/.local/lib/python3.7/site-packages/airflow/example_dags/example_python_operator.py took 0.048 seconds
[2022-05-12 04:31:54,592] {processor.py:153} INFO - Started process (PID=2334) to work on /home/airflow/.local/lib/python3.7/site-packages/airflow/example_dags/example_python_operator.py
[2022-05-12 04:31:54,593] {processor.py:641} INFO - Processing file /home/airflow/.local/lib/python3.7/site-packages/airflow/example_dags/example_python_operator.py for tasks to queue
[2022-05-12 04:31:54,594] {logging_mixin.py:115} INFO - [2022-05-12 04:31:54,594] {dagbag.py:507} INFO - Filling up the DagBag from /home/airflow/.local/lib/python3.7/site-packages/airflow/example_dags/example_python_operator.py
[2022-05-12 04:31:54,605] {processor.py:651} INFO - DAG(s) dict_keys(['example_python_operator']) retrieved from /home/airflow/.local/lib/python3.7/site-packages/airflow/example_dags/example_python_operator.py
[2022-05-12 04:31:54,622] {logging_mixin.py:115} INFO - [2022-05-12 04:31:54,622] {dag.py:2371} INFO - Sync 1 DAGs
[2022-05-12 04:31:54,636] {logging_mixin.py:115} INFO - [2022-05-12 04:31:54,636] {dag.py:2919} INFO - Setting next_dagrun for example_python_operator to None, run_after=None
[2022-05-12 04:31:54,646] {processor.py:161} INFO - Processing /home/airflow/.local/lib/python3.7/site-packages/airflow/example_dags/example_python_operator.py took 0.057 seconds
[2022-05-12 04:32:25,417] {processor.py:153} INFO - Started process (PID=2528) to work on /home/airflow/.local/lib/python3.7/site-packages/airflow/example_dags/example_python_operator.py
[2022-05-12 04:32:25,419] {processor.py:641} INFO - Processing file /home/airflow/.local/lib/python3.7/site-packages/airflow/example_dags/example_python_operator.py for tasks to queue
[2022-05-12 04:32:25,419] {logging_mixin.py:115} INFO - [2022-05-12 04:32:25,419] {dagbag.py:507} INFO - Filling up the DagBag from /home/airflow/.local/lib/python3.7/site-packages/airflow/example_dags/example_python_operator.py
[2022-05-12 04:32:25,430] {processor.py:651} INFO - DAG(s) dict_keys(['example_python_operator']) retrieved from /home/airflow/.local/lib/python3.7/site-packages/airflow/example_dags/example_python_operator.py
[2022-05-12 04:32:25,447] {logging_mixin.py:115} INFO - [2022-05-12 04:32:25,447] {dag.py:2371} INFO - Sync 1 DAGs
[2022-05-12 04:32:25,460] {logging_mixin.py:115} INFO - [2022-05-12 04:32:25,460] {dag.py:2919} INFO - Setting next_dagrun for example_python_operator to None, run_after=None
[2022-05-12 04:32:25,467] {processor.py:161} INFO - Processing /home/airflow/.local/lib/python3.7/site-packages/airflow/example_dags/example_python_operator.py took 0.052 seconds
[2022-05-12 04:32:55,984] {processor.py:153} INFO - Started process (PID=2736) to work on /home/airflow/.local/lib/python3.7/site-packages/airflow/example_dags/example_python_operator.py
[2022-05-12 04:32:55,986] {processor.py:641} INFO - Processing file /home/airflow/.local/lib/python3.7/site-packages/airflow/example_dags/example_python_operator.py for tasks to queue
[2022-05-12 04:32:55,987] {logging_mixin.py:115} INFO - [2022-05-12 04:32:55,987] {dagbag.py:507} INFO - Filling up the DagBag from /home/airflow/.local/lib/python3.7/site-packages/airflow/example_dags/example_python_operator.py
[2022-05-12 04:32:55,998] {processor.py:651} INFO - DAG(s) dict_keys(['example_python_operator']) retrieved from /home/airflow/.local/lib/python3.7/site-packages/airflow/example_dags/example_python_operator.py
[2022-05-12 04:32:56,018] {logging_mixin.py:115} INFO - [2022-05-12 04:32:56,018] {dag.py:2371} INFO - Sync 1 DAGs
[2022-05-12 04:32:56,037] {logging_mixin.py:115} INFO - [2022-05-12 04:32:56,036] {dag.py:2919} INFO - Setting next_dagrun for example_python_operator to None, run_after=None
[2022-05-12 04:32:56,046] {processor.py:161} INFO - Processing /home/airflow/.local/lib/python3.7/site-packages/airflow/example_dags/example_python_operator.py took 0.064 seconds
[2022-05-12 04:33:26,671] {processor.py:153} INFO - Started process (PID=2942) to work on /home/airflow/.local/lib/python3.7/site-packages/airflow/example_dags/example_python_operator.py
[2022-05-12 04:33:26,673] {processor.py:641} INFO - Processing file /home/airflow/.local/lib/python3.7/site-packages/airflow/example_dags/example_python_operator.py for tasks to queue
[2022-05-12 04:33:26,674] {logging_mixin.py:115} INFO - [2022-05-12 04:33:26,673] {dagbag.py:507} INFO - Filling up the DagBag from /home/airflow/.local/lib/python3.7/site-packages/airflow/example_dags/example_python_operator.py
[2022-05-12 04:33:26,684] {processor.py:651} INFO - DAG(s) dict_keys(['example_python_operator']) retrieved from /home/airflow/.local/lib/python3.7/site-packages/airflow/example_dags/example_python_operator.py
[2022-05-12 04:33:26,700] {logging_mixin.py:115} INFO - [2022-05-12 04:33:26,700] {dag.py:2371} INFO - Sync 1 DAGs
[2022-05-12 04:33:26,713] {logging_mixin.py:115} INFO - [2022-05-12 04:33:26,712] {dag.py:2919} INFO - Setting next_dagrun for example_python_operator to None, run_after=None
[2022-05-12 04:33:26,722] {processor.py:161} INFO - Processing /home/airflow/.local/lib/python3.7/site-packages/airflow/example_dags/example_python_operator.py took 0.052 seconds
[2022-05-12 04:33:57,274] {processor.py:153} INFO - Started process (PID=3148) to work on /home/airflow/.local/lib/python3.7/site-packages/airflow/example_dags/example_python_operator.py
[2022-05-12 04:33:57,275] {processor.py:641} INFO - Processing file /home/airflow/.local/lib/python3.7/site-packages/airflow/example_dags/example_python_operator.py for tasks to queue
[2022-05-12 04:33:57,276] {logging_mixin.py:115} INFO - [2022-05-12 04:33:57,276] {dagbag.py:507} INFO - Filling up the DagBag from /home/airflow/.local/lib/python3.7/site-packages/airflow/example_dags/example_python_operator.py
[2022-05-12 04:33:57,287] {processor.py:651} INFO - DAG(s) dict_keys(['example_python_operator']) retrieved from /home/airflow/.local/lib/python3.7/site-packages/airflow/example_dags/example_python_operator.py
[2022-05-12 04:33:57,307] {logging_mixin.py:115} INFO - [2022-05-12 04:33:57,307] {dag.py:2371} INFO - Sync 1 DAGs
[2022-05-12 04:33:57,319] {logging_mixin.py:115} INFO - [2022-05-12 04:33:57,319] {dag.py:2919} INFO - Setting next_dagrun for example_python_operator to None, run_after=None
[2022-05-12 04:33:57,327] {processor.py:161} INFO - Processing /home/airflow/.local/lib/python3.7/site-packages/airflow/example_dags/example_python_operator.py took 0.055 seconds
