[2022-05-12 04:26:47,078] {processor.py:153} INFO - Started process (PID=250) to work on /home/airflow/.local/lib/python3.7/site-packages/airflow/example_dags/example_branch_operator_decorator.py
[2022-05-12 04:26:47,079] {processor.py:641} INFO - Processing file /home/airflow/.local/lib/python3.7/site-packages/airflow/example_dags/example_branch_operator_decorator.py for tasks to queue
[2022-05-12 04:26:47,080] {logging_mixin.py:115} INFO - [2022-05-12 04:26:47,080] {dagbag.py:507} INFO - Filling up the DagBag from /home/airflow/.local/lib/python3.7/site-packages/airflow/example_dags/example_branch_operator_decorator.py
[2022-05-12 04:26:47,095] {processor.py:651} INFO - DAG(s) dict_keys(['example_branch_python_operator_decorator']) retrieved from /home/airflow/.local/lib/python3.7/site-packages/airflow/example_dags/example_branch_operator_decorator.py
[2022-05-12 04:26:47,153] {logging_mixin.py:115} INFO - [2022-05-12 04:26:47,153] {manager.py:508} INFO - Created Permission View: can read on DAG:example_branch_python_operator_decorator
[2022-05-12 04:26:47,160] {logging_mixin.py:115} INFO - [2022-05-12 04:26:47,160] {manager.py:508} INFO - Created Permission View: can edit on DAG:example_branch_python_operator_decorator
[2022-05-12 04:26:47,165] {logging_mixin.py:115} INFO - [2022-05-12 04:26:47,165] {manager.py:508} INFO - Created Permission View: can delete on DAG:example_branch_python_operator_decorator
[2022-05-12 04:26:47,166] {logging_mixin.py:115} INFO - [2022-05-12 04:26:47,166] {dag.py:2371} INFO - Sync 1 DAGs
[2022-05-12 04:26:47,177] {logging_mixin.py:115} INFO - [2022-05-12 04:26:47,177] {dag.py:2390} INFO - Creating ORM DAG for example_branch_python_operator_decorator
[2022-05-12 04:26:47,186] {logging_mixin.py:115} INFO - [2022-05-12 04:26:47,185] {dag.py:2919} INFO - Setting next_dagrun for example_branch_python_operator_decorator to 2022-05-11T00:00:00+00:00, run_after=2022-05-12T00:00:00+00:00
[2022-05-12 04:26:47,196] {processor.py:161} INFO - Processing /home/airflow/.local/lib/python3.7/site-packages/airflow/example_dags/example_branch_operator_decorator.py took 0.121 seconds
[2022-05-12 04:27:17,354] {processor.py:153} INFO - Started process (PID=455) to work on /home/airflow/.local/lib/python3.7/site-packages/airflow/example_dags/example_branch_operator_decorator.py
[2022-05-12 04:27:17,357] {processor.py:641} INFO - Processing file /home/airflow/.local/lib/python3.7/site-packages/airflow/example_dags/example_branch_operator_decorator.py for tasks to queue
[2022-05-12 04:27:17,359] {logging_mixin.py:115} INFO - [2022-05-12 04:27:17,359] {dagbag.py:507} INFO - Filling up the DagBag from /home/airflow/.local/lib/python3.7/site-packages/airflow/example_dags/example_branch_operator_decorator.py
[2022-05-12 04:27:17,374] {processor.py:651} INFO - DAG(s) dict_keys(['example_branch_python_operator_decorator']) retrieved from /home/airflow/.local/lib/python3.7/site-packages/airflow/example_dags/example_branch_operator_decorator.py
[2022-05-12 04:27:17,391] {logging_mixin.py:115} INFO - [2022-05-12 04:27:17,391] {dag.py:2371} INFO - Sync 1 DAGs
[2022-05-12 04:27:17,405] {logging_mixin.py:115} INFO - [2022-05-12 04:27:17,405] {dag.py:2919} INFO - Setting next_dagrun for example_branch_python_operator_decorator to 2022-05-11T00:00:00+00:00, run_after=2022-05-12T00:00:00+00:00
[2022-05-12 04:27:17,414] {processor.py:161} INFO - Processing /home/airflow/.local/lib/python3.7/site-packages/airflow/example_dags/example_branch_operator_decorator.py took 0.063 seconds
[2022-05-12 04:27:48,117] {processor.py:153} INFO - Started process (PID=659) to work on /home/airflow/.local/lib/python3.7/site-packages/airflow/example_dags/example_branch_operator_decorator.py
[2022-05-12 04:27:48,118] {processor.py:641} INFO - Processing file /home/airflow/.local/lib/python3.7/site-packages/airflow/example_dags/example_branch_operator_decorator.py for tasks to queue
[2022-05-12 04:27:48,119] {logging_mixin.py:115} INFO - [2022-05-12 04:27:48,119] {dagbag.py:507} INFO - Filling up the DagBag from /home/airflow/.local/lib/python3.7/site-packages/airflow/example_dags/example_branch_operator_decorator.py
[2022-05-12 04:27:48,133] {processor.py:651} INFO - DAG(s) dict_keys(['example_branch_python_operator_decorator']) retrieved from /home/airflow/.local/lib/python3.7/site-packages/airflow/example_dags/example_branch_operator_decorator.py
[2022-05-12 04:27:48,148] {logging_mixin.py:115} INFO - [2022-05-12 04:27:48,148] {dag.py:2371} INFO - Sync 1 DAGs
[2022-05-12 04:27:48,162] {logging_mixin.py:115} INFO - [2022-05-12 04:27:48,162] {dag.py:2919} INFO - Setting next_dagrun for example_branch_python_operator_decorator to 2022-05-11T00:00:00+00:00, run_after=2022-05-12T00:00:00+00:00
[2022-05-12 04:27:48,170] {processor.py:161} INFO - Processing /home/airflow/.local/lib/python3.7/site-packages/airflow/example_dags/example_branch_operator_decorator.py took 0.055 seconds
[2022-05-12 04:28:18,918] {processor.py:153} INFO - Started process (PID=867) to work on /home/airflow/.local/lib/python3.7/site-packages/airflow/example_dags/example_branch_operator_decorator.py
[2022-05-12 04:28:18,926] {processor.py:641} INFO - Processing file /home/airflow/.local/lib/python3.7/site-packages/airflow/example_dags/example_branch_operator_decorator.py for tasks to queue
[2022-05-12 04:28:18,928] {logging_mixin.py:115} INFO - [2022-05-12 04:28:18,928] {dagbag.py:507} INFO - Filling up the DagBag from /home/airflow/.local/lib/python3.7/site-packages/airflow/example_dags/example_branch_operator_decorator.py
[2022-05-12 04:28:18,948] {processor.py:651} INFO - DAG(s) dict_keys(['example_branch_python_operator_decorator']) retrieved from /home/airflow/.local/lib/python3.7/site-packages/airflow/example_dags/example_branch_operator_decorator.py
[2022-05-12 04:28:18,969] {logging_mixin.py:115} INFO - [2022-05-12 04:28:18,969] {dag.py:2371} INFO - Sync 1 DAGs
[2022-05-12 04:28:18,984] {logging_mixin.py:115} INFO - [2022-05-12 04:28:18,983] {dag.py:2919} INFO - Setting next_dagrun for example_branch_python_operator_decorator to 2022-05-11T00:00:00+00:00, run_after=2022-05-12T00:00:00+00:00
[2022-05-12 04:28:18,992] {processor.py:161} INFO - Processing /home/airflow/.local/lib/python3.7/site-packages/airflow/example_dags/example_branch_operator_decorator.py took 0.076 seconds
[2022-05-12 04:28:49,816] {processor.py:153} INFO - Started process (PID=1074) to work on /home/airflow/.local/lib/python3.7/site-packages/airflow/example_dags/example_branch_operator_decorator.py
[2022-05-12 04:28:49,818] {processor.py:641} INFO - Processing file /home/airflow/.local/lib/python3.7/site-packages/airflow/example_dags/example_branch_operator_decorator.py for tasks to queue
[2022-05-12 04:28:49,819] {logging_mixin.py:115} INFO - [2022-05-12 04:28:49,818] {dagbag.py:507} INFO - Filling up the DagBag from /home/airflow/.local/lib/python3.7/site-packages/airflow/example_dags/example_branch_operator_decorator.py
[2022-05-12 04:28:49,835] {processor.py:651} INFO - DAG(s) dict_keys(['example_branch_python_operator_decorator']) retrieved from /home/airflow/.local/lib/python3.7/site-packages/airflow/example_dags/example_branch_operator_decorator.py
[2022-05-12 04:28:49,861] {logging_mixin.py:115} INFO - [2022-05-12 04:28:49,861] {dag.py:2371} INFO - Sync 1 DAGs
[2022-05-12 04:28:49,896] {logging_mixin.py:115} INFO - [2022-05-12 04:28:49,896] {dag.py:2919} INFO - Setting next_dagrun for example_branch_python_operator_decorator to 2022-05-11T00:00:00+00:00, run_after=2022-05-12T00:00:00+00:00
[2022-05-12 04:28:49,912] {processor.py:161} INFO - Processing /home/airflow/.local/lib/python3.7/site-packages/airflow/example_dags/example_branch_operator_decorator.py took 0.098 seconds
[2022-05-12 04:29:20,749] {processor.py:153} INFO - Started process (PID=1269) to work on /home/airflow/.local/lib/python3.7/site-packages/airflow/example_dags/example_branch_operator_decorator.py
[2022-05-12 04:29:20,752] {processor.py:641} INFO - Processing file /home/airflow/.local/lib/python3.7/site-packages/airflow/example_dags/example_branch_operator_decorator.py for tasks to queue
[2022-05-12 04:29:20,757] {logging_mixin.py:115} INFO - [2022-05-12 04:29:20,757] {dagbag.py:507} INFO - Filling up the DagBag from /home/airflow/.local/lib/python3.7/site-packages/airflow/example_dags/example_branch_operator_decorator.py
[2022-05-12 04:29:20,771] {processor.py:651} INFO - DAG(s) dict_keys(['example_branch_python_operator_decorator']) retrieved from /home/airflow/.local/lib/python3.7/site-packages/airflow/example_dags/example_branch_operator_decorator.py
[2022-05-12 04:29:20,789] {logging_mixin.py:115} INFO - [2022-05-12 04:29:20,789] {dag.py:2371} INFO - Sync 1 DAGs
[2022-05-12 04:29:20,803] {logging_mixin.py:115} INFO - [2022-05-12 04:29:20,803] {dag.py:2919} INFO - Setting next_dagrun for example_branch_python_operator_decorator to 2022-05-11T00:00:00+00:00, run_after=2022-05-12T00:00:00+00:00
[2022-05-12 04:29:20,810] {processor.py:161} INFO - Processing /home/airflow/.local/lib/python3.7/site-packages/airflow/example_dags/example_branch_operator_decorator.py took 0.064 seconds
[2022-05-12 04:29:51,516] {processor.py:153} INFO - Started process (PID=1477) to work on /home/airflow/.local/lib/python3.7/site-packages/airflow/example_dags/example_branch_operator_decorator.py
[2022-05-12 04:29:51,517] {processor.py:641} INFO - Processing file /home/airflow/.local/lib/python3.7/site-packages/airflow/example_dags/example_branch_operator_decorator.py for tasks to queue
[2022-05-12 04:29:51,518] {logging_mixin.py:115} INFO - [2022-05-12 04:29:51,518] {dagbag.py:507} INFO - Filling up the DagBag from /home/airflow/.local/lib/python3.7/site-packages/airflow/example_dags/example_branch_operator_decorator.py
[2022-05-12 04:29:51,534] {processor.py:651} INFO - DAG(s) dict_keys(['example_branch_python_operator_decorator']) retrieved from /home/airflow/.local/lib/python3.7/site-packages/airflow/example_dags/example_branch_operator_decorator.py
[2022-05-12 04:29:51,554] {logging_mixin.py:115} INFO - [2022-05-12 04:29:51,553] {dag.py:2371} INFO - Sync 1 DAGs
[2022-05-12 04:29:51,567] {logging_mixin.py:115} INFO - [2022-05-12 04:29:51,567] {dag.py:2919} INFO - Setting next_dagrun for example_branch_python_operator_decorator to 2022-05-11T00:00:00+00:00, run_after=2022-05-12T00:00:00+00:00
[2022-05-12 04:29:51,575] {processor.py:161} INFO - Processing /home/airflow/.local/lib/python3.7/site-packages/airflow/example_dags/example_branch_operator_decorator.py took 0.062 seconds
[2022-05-12 04:30:22,267] {processor.py:153} INFO - Started process (PID=1690) to work on /home/airflow/.local/lib/python3.7/site-packages/airflow/example_dags/example_branch_operator_decorator.py
[2022-05-12 04:30:22,269] {processor.py:641} INFO - Processing file /home/airflow/.local/lib/python3.7/site-packages/airflow/example_dags/example_branch_operator_decorator.py for tasks to queue
[2022-05-12 04:30:22,270] {logging_mixin.py:115} INFO - [2022-05-12 04:30:22,270] {dagbag.py:507} INFO - Filling up the DagBag from /home/airflow/.local/lib/python3.7/site-packages/airflow/example_dags/example_branch_operator_decorator.py
[2022-05-12 04:30:22,284] {processor.py:651} INFO - DAG(s) dict_keys(['example_branch_python_operator_decorator']) retrieved from /home/airflow/.local/lib/python3.7/site-packages/airflow/example_dags/example_branch_operator_decorator.py
[2022-05-12 04:30:22,302] {logging_mixin.py:115} INFO - [2022-05-12 04:30:22,301] {dag.py:2371} INFO - Sync 1 DAGs
[2022-05-12 04:30:22,317] {logging_mixin.py:115} INFO - [2022-05-12 04:30:22,317] {dag.py:2919} INFO - Setting next_dagrun for example_branch_python_operator_decorator to 2022-05-11T00:00:00+00:00, run_after=2022-05-12T00:00:00+00:00
[2022-05-12 04:30:22,325] {processor.py:161} INFO - Processing /home/airflow/.local/lib/python3.7/site-packages/airflow/example_dags/example_branch_operator_decorator.py took 0.059 seconds
[2022-05-12 04:30:52,618] {processor.py:153} INFO - Started process (PID=1897) to work on /home/airflow/.local/lib/python3.7/site-packages/airflow/example_dags/example_branch_operator_decorator.py
[2022-05-12 04:30:52,620] {processor.py:641} INFO - Processing file /home/airflow/.local/lib/python3.7/site-packages/airflow/example_dags/example_branch_operator_decorator.py for tasks to queue
[2022-05-12 04:30:52,621] {logging_mixin.py:115} INFO - [2022-05-12 04:30:52,621] {dagbag.py:507} INFO - Filling up the DagBag from /home/airflow/.local/lib/python3.7/site-packages/airflow/example_dags/example_branch_operator_decorator.py
[2022-05-12 04:30:52,641] {processor.py:651} INFO - DAG(s) dict_keys(['example_branch_python_operator_decorator']) retrieved from /home/airflow/.local/lib/python3.7/site-packages/airflow/example_dags/example_branch_operator_decorator.py
[2022-05-12 04:30:52,666] {logging_mixin.py:115} INFO - [2022-05-12 04:30:52,666] {dag.py:2371} INFO - Sync 1 DAGs
[2022-05-12 04:30:52,691] {logging_mixin.py:115} INFO - [2022-05-12 04:30:52,691] {dag.py:2919} INFO - Setting next_dagrun for example_branch_python_operator_decorator to 2022-05-11T00:00:00+00:00, run_after=2022-05-12T00:00:00+00:00
[2022-05-12 04:30:52,705] {processor.py:161} INFO - Processing /home/airflow/.local/lib/python3.7/site-packages/airflow/example_dags/example_branch_operator_decorator.py took 0.089 seconds
[2022-05-12 04:31:23,700] {processor.py:153} INFO - Started process (PID=2102) to work on /home/airflow/.local/lib/python3.7/site-packages/airflow/example_dags/example_branch_operator_decorator.py
[2022-05-12 04:31:23,701] {processor.py:641} INFO - Processing file /home/airflow/.local/lib/python3.7/site-packages/airflow/example_dags/example_branch_operator_decorator.py for tasks to queue
[2022-05-12 04:31:23,702] {logging_mixin.py:115} INFO - [2022-05-12 04:31:23,702] {dagbag.py:507} INFO - Filling up the DagBag from /home/airflow/.local/lib/python3.7/site-packages/airflow/example_dags/example_branch_operator_decorator.py
[2022-05-12 04:31:23,715] {processor.py:651} INFO - DAG(s) dict_keys(['example_branch_python_operator_decorator']) retrieved from /home/airflow/.local/lib/python3.7/site-packages/airflow/example_dags/example_branch_operator_decorator.py
[2022-05-12 04:31:23,731] {logging_mixin.py:115} INFO - [2022-05-12 04:31:23,731] {dag.py:2371} INFO - Sync 1 DAGs
[2022-05-12 04:31:23,747] {logging_mixin.py:115} INFO - [2022-05-12 04:31:23,747] {dag.py:2919} INFO - Setting next_dagrun for example_branch_python_operator_decorator to 2022-05-11T00:00:00+00:00, run_after=2022-05-12T00:00:00+00:00
[2022-05-12 04:31:23,754] {processor.py:161} INFO - Processing /home/airflow/.local/lib/python3.7/site-packages/airflow/example_dags/example_branch_operator_decorator.py took 0.057 seconds
[2022-05-12 04:31:54,294] {processor.py:153} INFO - Started process (PID=2304) to work on /home/airflow/.local/lib/python3.7/site-packages/airflow/example_dags/example_branch_operator_decorator.py
[2022-05-12 04:31:54,295] {processor.py:641} INFO - Processing file /home/airflow/.local/lib/python3.7/site-packages/airflow/example_dags/example_branch_operator_decorator.py for tasks to queue
[2022-05-12 04:31:54,296] {logging_mixin.py:115} INFO - [2022-05-12 04:31:54,296] {dagbag.py:507} INFO - Filling up the DagBag from /home/airflow/.local/lib/python3.7/site-packages/airflow/example_dags/example_branch_operator_decorator.py
[2022-05-12 04:31:54,307] {processor.py:651} INFO - DAG(s) dict_keys(['example_branch_python_operator_decorator']) retrieved from /home/airflow/.local/lib/python3.7/site-packages/airflow/example_dags/example_branch_operator_decorator.py
[2022-05-12 04:31:54,327] {logging_mixin.py:115} INFO - [2022-05-12 04:31:54,326] {dag.py:2371} INFO - Sync 1 DAGs
[2022-05-12 04:31:54,344] {logging_mixin.py:115} INFO - [2022-05-12 04:31:54,344] {dag.py:2919} INFO - Setting next_dagrun for example_branch_python_operator_decorator to 2022-05-11T00:00:00+00:00, run_after=2022-05-12T00:00:00+00:00
[2022-05-12 04:31:54,355] {processor.py:161} INFO - Processing /home/airflow/.local/lib/python3.7/site-packages/airflow/example_dags/example_branch_operator_decorator.py took 0.063 seconds
[2022-05-12 04:32:25,083] {processor.py:153} INFO - Started process (PID=2500) to work on /home/airflow/.local/lib/python3.7/site-packages/airflow/example_dags/example_branch_operator_decorator.py
[2022-05-12 04:32:25,085] {processor.py:641} INFO - Processing file /home/airflow/.local/lib/python3.7/site-packages/airflow/example_dags/example_branch_operator_decorator.py for tasks to queue
[2022-05-12 04:32:25,087] {logging_mixin.py:115} INFO - [2022-05-12 04:32:25,087] {dagbag.py:507} INFO - Filling up the DagBag from /home/airflow/.local/lib/python3.7/site-packages/airflow/example_dags/example_branch_operator_decorator.py
[2022-05-12 04:32:25,099] {processor.py:651} INFO - DAG(s) dict_keys(['example_branch_python_operator_decorator']) retrieved from /home/airflow/.local/lib/python3.7/site-packages/airflow/example_dags/example_branch_operator_decorator.py
[2022-05-12 04:32:25,122] {logging_mixin.py:115} INFO - [2022-05-12 04:32:25,122] {dag.py:2371} INFO - Sync 1 DAGs
[2022-05-12 04:32:25,137] {logging_mixin.py:115} INFO - [2022-05-12 04:32:25,137] {dag.py:2919} INFO - Setting next_dagrun for example_branch_python_operator_decorator to 2022-05-11T00:00:00+00:00, run_after=2022-05-12T00:00:00+00:00
[2022-05-12 04:32:25,146] {processor.py:161} INFO - Processing /home/airflow/.local/lib/python3.7/site-packages/airflow/example_dags/example_branch_operator_decorator.py took 0.066 seconds
[2022-05-12 04:32:55,733] {processor.py:153} INFO - Started process (PID=2708) to work on /home/airflow/.local/lib/python3.7/site-packages/airflow/example_dags/example_branch_operator_decorator.py
[2022-05-12 04:32:55,735] {processor.py:641} INFO - Processing file /home/airflow/.local/lib/python3.7/site-packages/airflow/example_dags/example_branch_operator_decorator.py for tasks to queue
[2022-05-12 04:32:55,736] {logging_mixin.py:115} INFO - [2022-05-12 04:32:55,736] {dagbag.py:507} INFO - Filling up the DagBag from /home/airflow/.local/lib/python3.7/site-packages/airflow/example_dags/example_branch_operator_decorator.py
[2022-05-12 04:32:55,747] {processor.py:651} INFO - DAG(s) dict_keys(['example_branch_python_operator_decorator']) retrieved from /home/airflow/.local/lib/python3.7/site-packages/airflow/example_dags/example_branch_operator_decorator.py
[2022-05-12 04:32:55,763] {logging_mixin.py:115} INFO - [2022-05-12 04:32:55,763] {dag.py:2371} INFO - Sync 1 DAGs
[2022-05-12 04:32:55,779] {logging_mixin.py:115} INFO - [2022-05-12 04:32:55,779] {dag.py:2919} INFO - Setting next_dagrun for example_branch_python_operator_decorator to 2022-05-11T00:00:00+00:00, run_after=2022-05-12T00:00:00+00:00
[2022-05-12 04:32:55,788] {processor.py:161} INFO - Processing /home/airflow/.local/lib/python3.7/site-packages/airflow/example_dags/example_branch_operator_decorator.py took 0.057 seconds
[2022-05-12 04:33:26,409] {processor.py:153} INFO - Started process (PID=2914) to work on /home/airflow/.local/lib/python3.7/site-packages/airflow/example_dags/example_branch_operator_decorator.py
[2022-05-12 04:33:26,410] {processor.py:641} INFO - Processing file /home/airflow/.local/lib/python3.7/site-packages/airflow/example_dags/example_branch_operator_decorator.py for tasks to queue
[2022-05-12 04:33:26,411] {logging_mixin.py:115} INFO - [2022-05-12 04:33:26,411] {dagbag.py:507} INFO - Filling up the DagBag from /home/airflow/.local/lib/python3.7/site-packages/airflow/example_dags/example_branch_operator_decorator.py
[2022-05-12 04:33:26,421] {processor.py:651} INFO - DAG(s) dict_keys(['example_branch_python_operator_decorator']) retrieved from /home/airflow/.local/lib/python3.7/site-packages/airflow/example_dags/example_branch_operator_decorator.py
[2022-05-12 04:33:26,438] {logging_mixin.py:115} INFO - [2022-05-12 04:33:26,438] {dag.py:2371} INFO - Sync 1 DAGs
[2022-05-12 04:33:26,452] {logging_mixin.py:115} INFO - [2022-05-12 04:33:26,452] {dag.py:2919} INFO - Setting next_dagrun for example_branch_python_operator_decorator to 2022-05-11T00:00:00+00:00, run_after=2022-05-12T00:00:00+00:00
[2022-05-12 04:33:26,459] {processor.py:161} INFO - Processing /home/airflow/.local/lib/python3.7/site-packages/airflow/example_dags/example_branch_operator_decorator.py took 0.052 seconds
[2022-05-12 04:33:57,038] {processor.py:153} INFO - Started process (PID=3120) to work on /home/airflow/.local/lib/python3.7/site-packages/airflow/example_dags/example_branch_operator_decorator.py
[2022-05-12 04:33:57,040] {processor.py:641} INFO - Processing file /home/airflow/.local/lib/python3.7/site-packages/airflow/example_dags/example_branch_operator_decorator.py for tasks to queue
[2022-05-12 04:33:57,041] {logging_mixin.py:115} INFO - [2022-05-12 04:33:57,041] {dagbag.py:507} INFO - Filling up the DagBag from /home/airflow/.local/lib/python3.7/site-packages/airflow/example_dags/example_branch_operator_decorator.py
[2022-05-12 04:33:57,052] {processor.py:651} INFO - DAG(s) dict_keys(['example_branch_python_operator_decorator']) retrieved from /home/airflow/.local/lib/python3.7/site-packages/airflow/example_dags/example_branch_operator_decorator.py
[2022-05-12 04:33:57,068] {logging_mixin.py:115} INFO - [2022-05-12 04:33:57,068] {dag.py:2371} INFO - Sync 1 DAGs
[2022-05-12 04:33:57,084] {logging_mixin.py:115} INFO - [2022-05-12 04:33:57,084] {dag.py:2919} INFO - Setting next_dagrun for example_branch_python_operator_decorator to 2022-05-11T00:00:00+00:00, run_after=2022-05-12T00:00:00+00:00
[2022-05-12 04:33:57,091] {processor.py:161} INFO - Processing /home/airflow/.local/lib/python3.7/site-packages/airflow/example_dags/example_branch_operator_decorator.py took 0.055 seconds
