[2022-05-12 04:26:46,179] {processor.py:153} INFO - Started process (PID=195) to work on /home/airflow/.local/lib/python3.7/site-packages/airflow/example_dags/example_xcom.py
[2022-05-12 04:26:46,180] {processor.py:641} INFO - Processing file /home/airflow/.local/lib/python3.7/site-packages/airflow/example_dags/example_xcom.py for tasks to queue
[2022-05-12 04:26:46,181] {logging_mixin.py:115} INFO - [2022-05-12 04:26:46,181] {dagbag.py:507} INFO - Filling up the DagBag from /home/airflow/.local/lib/python3.7/site-packages/airflow/example_dags/example_xcom.py
[2022-05-12 04:26:46,195] {processor.py:651} INFO - DAG(s) dict_keys(['example_xcom']) retrieved from /home/airflow/.local/lib/python3.7/site-packages/airflow/example_dags/example_xcom.py
[2022-05-12 04:26:46,254] {logging_mixin.py:115} INFO - [2022-05-12 04:26:46,254] {manager.py:508} INFO - Created Permission View: can read on DAG:example_xcom
[2022-05-12 04:26:46,262] {logging_mixin.py:115} INFO - [2022-05-12 04:26:46,262] {manager.py:508} INFO - Created Permission View: can edit on DAG:example_xcom
[2022-05-12 04:26:46,267] {logging_mixin.py:115} INFO - [2022-05-12 04:26:46,267] {manager.py:508} INFO - Created Permission View: can delete on DAG:example_xcom
[2022-05-12 04:26:46,268] {logging_mixin.py:115} INFO - [2022-05-12 04:26:46,268] {dag.py:2371} INFO - Sync 1 DAGs
[2022-05-12 04:26:46,275] {logging_mixin.py:115} INFO - [2022-05-12 04:26:46,275] {dag.py:2390} INFO - Creating ORM DAG for example_xcom
[2022-05-12 04:26:46,283] {logging_mixin.py:115} INFO - [2022-05-12 04:26:46,283] {dag.py:2919} INFO - Setting next_dagrun for example_xcom to 2021-01-01T00:00:00+00:00, run_after=2021-01-01T00:00:00+00:00
[2022-05-12 04:26:46,293] {processor.py:161} INFO - Processing /home/airflow/.local/lib/python3.7/site-packages/airflow/example_dags/example_xcom.py took 0.116 seconds
[2022-05-12 04:27:16,845] {processor.py:153} INFO - Started process (PID=400) to work on /home/airflow/.local/lib/python3.7/site-packages/airflow/example_dags/example_xcom.py
[2022-05-12 04:27:16,846] {processor.py:641} INFO - Processing file /home/airflow/.local/lib/python3.7/site-packages/airflow/example_dags/example_xcom.py for tasks to queue
[2022-05-12 04:27:16,847] {logging_mixin.py:115} INFO - [2022-05-12 04:27:16,847] {dagbag.py:507} INFO - Filling up the DagBag from /home/airflow/.local/lib/python3.7/site-packages/airflow/example_dags/example_xcom.py
[2022-05-12 04:27:16,861] {processor.py:651} INFO - DAG(s) dict_keys(['example_xcom']) retrieved from /home/airflow/.local/lib/python3.7/site-packages/airflow/example_dags/example_xcom.py
[2022-05-12 04:27:16,898] {logging_mixin.py:115} INFO - [2022-05-12 04:27:16,898] {dag.py:2371} INFO - Sync 1 DAGs
[2022-05-12 04:27:16,908] {logging_mixin.py:115} INFO - [2022-05-12 04:27:16,908] {dag.py:2919} INFO - Setting next_dagrun for example_xcom to 2021-01-01T00:00:00+00:00, run_after=2021-01-01T00:00:00+00:00
[2022-05-12 04:27:16,918] {processor.py:161} INFO - Processing /home/airflow/.local/lib/python3.7/site-packages/airflow/example_dags/example_xcom.py took 0.075 seconds
[2022-05-12 04:27:47,724] {processor.py:153} INFO - Started process (PID=604) to work on /home/airflow/.local/lib/python3.7/site-packages/airflow/example_dags/example_xcom.py
[2022-05-12 04:27:47,726] {processor.py:641} INFO - Processing file /home/airflow/.local/lib/python3.7/site-packages/airflow/example_dags/example_xcom.py for tasks to queue
[2022-05-12 04:27:47,727] {logging_mixin.py:115} INFO - [2022-05-12 04:27:47,727] {dagbag.py:507} INFO - Filling up the DagBag from /home/airflow/.local/lib/python3.7/site-packages/airflow/example_dags/example_xcom.py
[2022-05-12 04:27:47,740] {processor.py:651} INFO - DAG(s) dict_keys(['example_xcom']) retrieved from /home/airflow/.local/lib/python3.7/site-packages/airflow/example_dags/example_xcom.py
[2022-05-12 04:27:47,778] {logging_mixin.py:115} INFO - [2022-05-12 04:27:47,778] {dag.py:2371} INFO - Sync 1 DAGs
[2022-05-12 04:27:47,790] {logging_mixin.py:115} INFO - [2022-05-12 04:27:47,790] {dag.py:2919} INFO - Setting next_dagrun for example_xcom to 2021-01-01T00:00:00+00:00, run_after=2021-01-01T00:00:00+00:00
[2022-05-12 04:27:47,799] {processor.py:161} INFO - Processing /home/airflow/.local/lib/python3.7/site-packages/airflow/example_dags/example_xcom.py took 0.077 seconds
[2022-05-12 04:28:18,393] {processor.py:153} INFO - Started process (PID=812) to work on /home/airflow/.local/lib/python3.7/site-packages/airflow/example_dags/example_xcom.py
[2022-05-12 04:28:18,394] {processor.py:641} INFO - Processing file /home/airflow/.local/lib/python3.7/site-packages/airflow/example_dags/example_xcom.py for tasks to queue
[2022-05-12 04:28:18,395] {logging_mixin.py:115} INFO - [2022-05-12 04:28:18,395] {dagbag.py:507} INFO - Filling up the DagBag from /home/airflow/.local/lib/python3.7/site-packages/airflow/example_dags/example_xcom.py
[2022-05-12 04:28:18,410] {processor.py:651} INFO - DAG(s) dict_keys(['example_xcom']) retrieved from /home/airflow/.local/lib/python3.7/site-packages/airflow/example_dags/example_xcom.py
[2022-05-12 04:28:18,453] {logging_mixin.py:115} INFO - [2022-05-12 04:28:18,453] {dag.py:2371} INFO - Sync 1 DAGs
[2022-05-12 04:28:18,468] {logging_mixin.py:115} INFO - [2022-05-12 04:28:18,468] {dag.py:2919} INFO - Setting next_dagrun for example_xcom to 2021-01-01T00:00:00+00:00, run_after=2021-01-01T00:00:00+00:00
[2022-05-12 04:28:18,481] {processor.py:161} INFO - Processing /home/airflow/.local/lib/python3.7/site-packages/airflow/example_dags/example_xcom.py took 0.090 seconds
[2022-05-12 04:28:49,188] {processor.py:153} INFO - Started process (PID=1008) to work on /home/airflow/.local/lib/python3.7/site-packages/airflow/example_dags/example_xcom.py
[2022-05-12 04:28:49,189] {processor.py:641} INFO - Processing file /home/airflow/.local/lib/python3.7/site-packages/airflow/example_dags/example_xcom.py for tasks to queue
[2022-05-12 04:28:49,190] {logging_mixin.py:115} INFO - [2022-05-12 04:28:49,190] {dagbag.py:507} INFO - Filling up the DagBag from /home/airflow/.local/lib/python3.7/site-packages/airflow/example_dags/example_xcom.py
[2022-05-12 04:28:49,203] {processor.py:651} INFO - DAG(s) dict_keys(['example_xcom']) retrieved from /home/airflow/.local/lib/python3.7/site-packages/airflow/example_dags/example_xcom.py
[2022-05-12 04:28:49,239] {logging_mixin.py:115} INFO - [2022-05-12 04:28:49,239] {dag.py:2371} INFO - Sync 1 DAGs
[2022-05-12 04:28:49,252] {logging_mixin.py:115} INFO - [2022-05-12 04:28:49,252] {dag.py:2919} INFO - Setting next_dagrun for example_xcom to 2021-01-01T00:00:00+00:00, run_after=2021-01-01T00:00:00+00:00
[2022-05-12 04:28:49,263] {processor.py:161} INFO - Processing /home/airflow/.local/lib/python3.7/site-packages/airflow/example_dags/example_xcom.py took 0.077 seconds
[2022-05-12 04:29:20,333] {processor.py:153} INFO - Started process (PID=1214) to work on /home/airflow/.local/lib/python3.7/site-packages/airflow/example_dags/example_xcom.py
[2022-05-12 04:29:20,334] {processor.py:641} INFO - Processing file /home/airflow/.local/lib/python3.7/site-packages/airflow/example_dags/example_xcom.py for tasks to queue
[2022-05-12 04:29:20,335] {logging_mixin.py:115} INFO - [2022-05-12 04:29:20,335] {dagbag.py:507} INFO - Filling up the DagBag from /home/airflow/.local/lib/python3.7/site-packages/airflow/example_dags/example_xcom.py
[2022-05-12 04:29:20,348] {processor.py:651} INFO - DAG(s) dict_keys(['example_xcom']) retrieved from /home/airflow/.local/lib/python3.7/site-packages/airflow/example_dags/example_xcom.py
[2022-05-12 04:29:20,384] {logging_mixin.py:115} INFO - [2022-05-12 04:29:20,384] {dag.py:2371} INFO - Sync 1 DAGs
[2022-05-12 04:29:20,397] {logging_mixin.py:115} INFO - [2022-05-12 04:29:20,397] {dag.py:2919} INFO - Setting next_dagrun for example_xcom to 2021-01-01T00:00:00+00:00, run_after=2021-01-01T00:00:00+00:00
[2022-05-12 04:29:20,408] {processor.py:161} INFO - Processing /home/airflow/.local/lib/python3.7/site-packages/airflow/example_dags/example_xcom.py took 0.077 seconds
[2022-05-12 04:29:51,082] {processor.py:153} INFO - Started process (PID=1422) to work on /home/airflow/.local/lib/python3.7/site-packages/airflow/example_dags/example_xcom.py
[2022-05-12 04:29:51,085] {processor.py:641} INFO - Processing file /home/airflow/.local/lib/python3.7/site-packages/airflow/example_dags/example_xcom.py for tasks to queue
[2022-05-12 04:29:51,087] {logging_mixin.py:115} INFO - [2022-05-12 04:29:51,087] {dagbag.py:507} INFO - Filling up the DagBag from /home/airflow/.local/lib/python3.7/site-packages/airflow/example_dags/example_xcom.py
[2022-05-12 04:29:51,101] {processor.py:651} INFO - DAG(s) dict_keys(['example_xcom']) retrieved from /home/airflow/.local/lib/python3.7/site-packages/airflow/example_dags/example_xcom.py
[2022-05-12 04:29:51,140] {logging_mixin.py:115} INFO - [2022-05-12 04:29:51,140] {dag.py:2371} INFO - Sync 1 DAGs
[2022-05-12 04:29:51,152] {logging_mixin.py:115} INFO - [2022-05-12 04:29:51,152] {dag.py:2919} INFO - Setting next_dagrun for example_xcom to 2021-01-01T00:00:00+00:00, run_after=2021-01-01T00:00:00+00:00
[2022-05-12 04:29:51,162] {processor.py:161} INFO - Processing /home/airflow/.local/lib/python3.7/site-packages/airflow/example_dags/example_xcom.py took 0.081 seconds
[2022-05-12 04:30:21,640] {processor.py:153} INFO - Started process (PID=1635) to work on /home/airflow/.local/lib/python3.7/site-packages/airflow/example_dags/example_xcom.py
[2022-05-12 04:30:21,642] {processor.py:641} INFO - Processing file /home/airflow/.local/lib/python3.7/site-packages/airflow/example_dags/example_xcom.py for tasks to queue
[2022-05-12 04:30:21,643] {logging_mixin.py:115} INFO - [2022-05-12 04:30:21,643] {dagbag.py:507} INFO - Filling up the DagBag from /home/airflow/.local/lib/python3.7/site-packages/airflow/example_dags/example_xcom.py
[2022-05-12 04:30:21,657] {processor.py:651} INFO - DAG(s) dict_keys(['example_xcom']) retrieved from /home/airflow/.local/lib/python3.7/site-packages/airflow/example_dags/example_xcom.py
[2022-05-12 04:30:21,715] {logging_mixin.py:115} INFO - [2022-05-12 04:30:21,715] {dag.py:2371} INFO - Sync 1 DAGs
[2022-05-12 04:30:21,730] {logging_mixin.py:115} INFO - [2022-05-12 04:30:21,730] {dag.py:2919} INFO - Setting next_dagrun for example_xcom to 2021-01-01T00:00:00+00:00, run_after=2021-01-01T00:00:00+00:00
[2022-05-12 04:30:21,741] {processor.py:161} INFO - Processing /home/airflow/.local/lib/python3.7/site-packages/airflow/example_dags/example_xcom.py took 0.102 seconds
[2022-05-12 04:30:51,883] {processor.py:153} INFO - Started process (PID=1841) to work on /home/airflow/.local/lib/python3.7/site-packages/airflow/example_dags/example_xcom.py
[2022-05-12 04:30:51,884] {processor.py:641} INFO - Processing file /home/airflow/.local/lib/python3.7/site-packages/airflow/example_dags/example_xcom.py for tasks to queue
[2022-05-12 04:30:51,885] {logging_mixin.py:115} INFO - [2022-05-12 04:30:51,885] {dagbag.py:507} INFO - Filling up the DagBag from /home/airflow/.local/lib/python3.7/site-packages/airflow/example_dags/example_xcom.py
[2022-05-12 04:30:51,906] {processor.py:651} INFO - DAG(s) dict_keys(['example_xcom']) retrieved from /home/airflow/.local/lib/python3.7/site-packages/airflow/example_dags/example_xcom.py
[2022-05-12 04:30:51,965] {logging_mixin.py:115} INFO - [2022-05-12 04:30:51,965] {dag.py:2371} INFO - Sync 1 DAGs
[2022-05-12 04:30:51,987] {logging_mixin.py:115} INFO - [2022-05-12 04:30:51,987] {dag.py:2919} INFO - Setting next_dagrun for example_xcom to 2021-01-01T00:00:00+00:00, run_after=2021-01-01T00:00:00+00:00
[2022-05-12 04:30:52,011] {processor.py:161} INFO - Processing /home/airflow/.local/lib/python3.7/site-packages/airflow/example_dags/example_xcom.py took 0.131 seconds
[2022-05-12 04:31:22,201] {processor.py:153} INFO - Started process (PID=2045) to work on /home/airflow/.local/lib/python3.7/site-packages/airflow/example_dags/example_xcom.py
[2022-05-12 04:31:22,203] {processor.py:641} INFO - Processing file /home/airflow/.local/lib/python3.7/site-packages/airflow/example_dags/example_xcom.py for tasks to queue
[2022-05-12 04:31:22,204] {logging_mixin.py:115} INFO - [2022-05-12 04:31:22,204] {dagbag.py:507} INFO - Filling up the DagBag from /home/airflow/.local/lib/python3.7/site-packages/airflow/example_dags/example_xcom.py
[2022-05-12 04:31:22,219] {processor.py:651} INFO - DAG(s) dict_keys(['example_xcom']) retrieved from /home/airflow/.local/lib/python3.7/site-packages/airflow/example_dags/example_xcom.py
[2022-05-12 04:31:22,238] {logging_mixin.py:115} INFO - [2022-05-12 04:31:22,238] {dag.py:2371} INFO - Sync 1 DAGs
[2022-05-12 04:31:22,254] {logging_mixin.py:115} INFO - [2022-05-12 04:31:22,254] {dag.py:2919} INFO - Setting next_dagrun for example_xcom to 2021-01-01T00:00:00+00:00, run_after=2021-01-01T00:00:00+00:00
[2022-05-12 04:31:22,263] {processor.py:161} INFO - Processing /home/airflow/.local/lib/python3.7/site-packages/airflow/example_dags/example_xcom.py took 0.064 seconds
[2022-05-12 04:31:52,853] {processor.py:153} INFO - Started process (PID=2240) to work on /home/airflow/.local/lib/python3.7/site-packages/airflow/example_dags/example_xcom.py
[2022-05-12 04:31:52,854] {processor.py:641} INFO - Processing file /home/airflow/.local/lib/python3.7/site-packages/airflow/example_dags/example_xcom.py for tasks to queue
[2022-05-12 04:31:52,855] {logging_mixin.py:115} INFO - [2022-05-12 04:31:52,855] {dagbag.py:507} INFO - Filling up the DagBag from /home/airflow/.local/lib/python3.7/site-packages/airflow/example_dags/example_xcom.py
[2022-05-12 04:31:52,867] {processor.py:651} INFO - DAG(s) dict_keys(['example_xcom']) retrieved from /home/airflow/.local/lib/python3.7/site-packages/airflow/example_dags/example_xcom.py
[2022-05-12 04:31:52,906] {logging_mixin.py:115} INFO - [2022-05-12 04:31:52,906] {dag.py:2371} INFO - Sync 1 DAGs
[2022-05-12 04:31:52,919] {logging_mixin.py:115} INFO - [2022-05-12 04:31:52,919] {dag.py:2919} INFO - Setting next_dagrun for example_xcom to 2021-01-01T00:00:00+00:00, run_after=2021-01-01T00:00:00+00:00
[2022-05-12 04:31:52,928] {processor.py:161} INFO - Processing /home/airflow/.local/lib/python3.7/site-packages/airflow/example_dags/example_xcom.py took 0.077 seconds
[2022-05-12 04:32:23,548] {processor.py:153} INFO - Started process (PID=2443) to work on /home/airflow/.local/lib/python3.7/site-packages/airflow/example_dags/example_xcom.py
[2022-05-12 04:32:23,549] {processor.py:641} INFO - Processing file /home/airflow/.local/lib/python3.7/site-packages/airflow/example_dags/example_xcom.py for tasks to queue
[2022-05-12 04:32:23,552] {logging_mixin.py:115} INFO - [2022-05-12 04:32:23,552] {dagbag.py:507} INFO - Filling up the DagBag from /home/airflow/.local/lib/python3.7/site-packages/airflow/example_dags/example_xcom.py
[2022-05-12 04:32:23,567] {processor.py:651} INFO - DAG(s) dict_keys(['example_xcom']) retrieved from /home/airflow/.local/lib/python3.7/site-packages/airflow/example_dags/example_xcom.py
[2022-05-12 04:32:23,607] {logging_mixin.py:115} INFO - [2022-05-12 04:32:23,607] {dag.py:2371} INFO - Sync 1 DAGs
[2022-05-12 04:32:23,621] {logging_mixin.py:115} INFO - [2022-05-12 04:32:23,621] {dag.py:2919} INFO - Setting next_dagrun for example_xcom to 2021-01-01T00:00:00+00:00, run_after=2021-01-01T00:00:00+00:00
[2022-05-12 04:32:23,629] {processor.py:161} INFO - Processing /home/airflow/.local/lib/python3.7/site-packages/airflow/example_dags/example_xcom.py took 0.084 seconds
[2022-05-12 04:32:54,283] {processor.py:153} INFO - Started process (PID=2651) to work on /home/airflow/.local/lib/python3.7/site-packages/airflow/example_dags/example_xcom.py
[2022-05-12 04:32:54,284] {processor.py:641} INFO - Processing file /home/airflow/.local/lib/python3.7/site-packages/airflow/example_dags/example_xcom.py for tasks to queue
[2022-05-12 04:32:54,285] {logging_mixin.py:115} INFO - [2022-05-12 04:32:54,285] {dagbag.py:507} INFO - Filling up the DagBag from /home/airflow/.local/lib/python3.7/site-packages/airflow/example_dags/example_xcom.py
[2022-05-12 04:32:54,295] {processor.py:651} INFO - DAG(s) dict_keys(['example_xcom']) retrieved from /home/airflow/.local/lib/python3.7/site-packages/airflow/example_dags/example_xcom.py
[2022-05-12 04:32:54,335] {logging_mixin.py:115} INFO - [2022-05-12 04:32:54,334] {dag.py:2371} INFO - Sync 1 DAGs
[2022-05-12 04:32:54,348] {logging_mixin.py:115} INFO - [2022-05-12 04:32:54,348] {dag.py:2919} INFO - Setting next_dagrun for example_xcom to 2021-01-01T00:00:00+00:00, run_after=2021-01-01T00:00:00+00:00
[2022-05-12 04:32:54,357] {processor.py:161} INFO - Processing /home/airflow/.local/lib/python3.7/site-packages/airflow/example_dags/example_xcom.py took 0.076 seconds
[2022-05-12 04:33:24,942] {processor.py:153} INFO - Started process (PID=2857) to work on /home/airflow/.local/lib/python3.7/site-packages/airflow/example_dags/example_xcom.py
[2022-05-12 04:33:24,944] {processor.py:641} INFO - Processing file /home/airflow/.local/lib/python3.7/site-packages/airflow/example_dags/example_xcom.py for tasks to queue
[2022-05-12 04:33:24,945] {logging_mixin.py:115} INFO - [2022-05-12 04:33:24,945] {dagbag.py:507} INFO - Filling up the DagBag from /home/airflow/.local/lib/python3.7/site-packages/airflow/example_dags/example_xcom.py
[2022-05-12 04:33:24,956] {processor.py:651} INFO - DAG(s) dict_keys(['example_xcom']) retrieved from /home/airflow/.local/lib/python3.7/site-packages/airflow/example_dags/example_xcom.py
[2022-05-12 04:33:24,973] {logging_mixin.py:115} INFO - [2022-05-12 04:33:24,973] {dag.py:2371} INFO - Sync 1 DAGs
[2022-05-12 04:33:24,988] {logging_mixin.py:115} INFO - [2022-05-12 04:33:24,988] {dag.py:2919} INFO - Setting next_dagrun for example_xcom to 2021-01-01T00:00:00+00:00, run_after=2021-01-01T00:00:00+00:00
[2022-05-12 04:33:24,995] {processor.py:161} INFO - Processing /home/airflow/.local/lib/python3.7/site-packages/airflow/example_dags/example_xcom.py took 0.054 seconds
[2022-05-12 04:33:55,580] {processor.py:153} INFO - Started process (PID=3063) to work on /home/airflow/.local/lib/python3.7/site-packages/airflow/example_dags/example_xcom.py
[2022-05-12 04:33:55,582] {processor.py:641} INFO - Processing file /home/airflow/.local/lib/python3.7/site-packages/airflow/example_dags/example_xcom.py for tasks to queue
[2022-05-12 04:33:55,583] {logging_mixin.py:115} INFO - [2022-05-12 04:33:55,582] {dagbag.py:507} INFO - Filling up the DagBag from /home/airflow/.local/lib/python3.7/site-packages/airflow/example_dags/example_xcom.py
[2022-05-12 04:33:55,593] {processor.py:651} INFO - DAG(s) dict_keys(['example_xcom']) retrieved from /home/airflow/.local/lib/python3.7/site-packages/airflow/example_dags/example_xcom.py
[2022-05-12 04:33:55,632] {logging_mixin.py:115} INFO - [2022-05-12 04:33:55,632] {dag.py:2371} INFO - Sync 1 DAGs
[2022-05-12 04:33:55,644] {logging_mixin.py:115} INFO - [2022-05-12 04:33:55,644] {dag.py:2919} INFO - Setting next_dagrun for example_xcom to 2021-01-01T00:00:00+00:00, run_after=2021-01-01T00:00:00+00:00
[2022-05-12 04:33:55,653] {processor.py:161} INFO - Processing /home/airflow/.local/lib/python3.7/site-packages/airflow/example_dags/example_xcom.py took 0.075 seconds
