[2022-05-12 04:26:47,706] {processor.py:153} INFO - Started process (PID=295) to work on /home/airflow/.local/lib/python3.7/site-packages/airflow/example_dags/example_latest_only.py
[2022-05-12 04:26:47,708] {processor.py:641} INFO - Processing file /home/airflow/.local/lib/python3.7/site-packages/airflow/example_dags/example_latest_only.py for tasks to queue
[2022-05-12 04:26:47,709] {logging_mixin.py:115} INFO - [2022-05-12 04:26:47,709] {dagbag.py:507} INFO - Filling up the DagBag from /home/airflow/.local/lib/python3.7/site-packages/airflow/example_dags/example_latest_only.py
[2022-05-12 04:26:47,713] {processor.py:651} INFO - DAG(s) dict_keys(['latest_only']) retrieved from /home/airflow/.local/lib/python3.7/site-packages/airflow/example_dags/example_latest_only.py
[2022-05-12 04:26:47,780] {logging_mixin.py:115} INFO - [2022-05-12 04:26:47,779] {manager.py:508} INFO - Created Permission View: can read on DAG:latest_only
[2022-05-12 04:26:47,792] {logging_mixin.py:115} INFO - [2022-05-12 04:26:47,792] {manager.py:508} INFO - Created Permission View: can edit on DAG:latest_only
[2022-05-12 04:26:47,807] {logging_mixin.py:115} INFO - [2022-05-12 04:26:47,807] {manager.py:508} INFO - Created Permission View: can delete on DAG:latest_only
[2022-05-12 04:26:47,808] {logging_mixin.py:115} INFO - [2022-05-12 04:26:47,808] {dag.py:2371} INFO - Sync 1 DAGs
[2022-05-12 04:26:47,819] {logging_mixin.py:115} INFO - [2022-05-12 04:26:47,819] {dag.py:2390} INFO - Creating ORM DAG for latest_only
[2022-05-12 04:26:47,834] {logging_mixin.py:115} INFO - [2022-05-12 04:26:47,834] {dag.py:2919} INFO - Setting next_dagrun for latest_only to 2022-05-12T00:26:47.833359+00:00, run_after=2022-05-12T04:26:47.833359+00:00
[2022-05-12 04:26:47,852] {processor.py:161} INFO - Processing /home/airflow/.local/lib/python3.7/site-packages/airflow/example_dags/example_latest_only.py took 0.148 seconds
[2022-05-12 04:27:17,944] {processor.py:153} INFO - Started process (PID=502) to work on /home/airflow/.local/lib/python3.7/site-packages/airflow/example_dags/example_latest_only.py
[2022-05-12 04:27:17,946] {processor.py:641} INFO - Processing file /home/airflow/.local/lib/python3.7/site-packages/airflow/example_dags/example_latest_only.py for tasks to queue
[2022-05-12 04:27:17,947] {logging_mixin.py:115} INFO - [2022-05-12 04:27:17,947] {dagbag.py:507} INFO - Filling up the DagBag from /home/airflow/.local/lib/python3.7/site-packages/airflow/example_dags/example_latest_only.py
[2022-05-12 04:27:17,952] {processor.py:651} INFO - DAG(s) dict_keys(['latest_only']) retrieved from /home/airflow/.local/lib/python3.7/site-packages/airflow/example_dags/example_latest_only.py
[2022-05-12 04:27:17,972] {logging_mixin.py:115} INFO - [2022-05-12 04:27:17,972] {dag.py:2371} INFO - Sync 1 DAGs
[2022-05-12 04:27:17,983] {logging_mixin.py:115} INFO - [2022-05-12 04:27:17,983] {dag.py:2919} INFO - Setting next_dagrun for latest_only to 2022-05-12T00:27:17.983439+00:00, run_after=2022-05-12T04:27:17.983439+00:00
[2022-05-12 04:27:17,989] {processor.py:161} INFO - Processing /home/airflow/.local/lib/python3.7/site-packages/airflow/example_dags/example_latest_only.py took 0.047 seconds
[2022-05-12 04:27:48,490] {processor.py:153} INFO - Started process (PID=704) to work on /home/airflow/.local/lib/python3.7/site-packages/airflow/example_dags/example_latest_only.py
[2022-05-12 04:27:48,491] {processor.py:641} INFO - Processing file /home/airflow/.local/lib/python3.7/site-packages/airflow/example_dags/example_latest_only.py for tasks to queue
[2022-05-12 04:27:48,492] {logging_mixin.py:115} INFO - [2022-05-12 04:27:48,492] {dagbag.py:507} INFO - Filling up the DagBag from /home/airflow/.local/lib/python3.7/site-packages/airflow/example_dags/example_latest_only.py
[2022-05-12 04:27:48,495] {processor.py:651} INFO - DAG(s) dict_keys(['latest_only']) retrieved from /home/airflow/.local/lib/python3.7/site-packages/airflow/example_dags/example_latest_only.py
[2022-05-12 04:27:48,512] {logging_mixin.py:115} INFO - [2022-05-12 04:27:48,512] {dag.py:2371} INFO - Sync 1 DAGs
[2022-05-12 04:27:48,524] {logging_mixin.py:115} INFO - [2022-05-12 04:27:48,524] {dag.py:2919} INFO - Setting next_dagrun for latest_only to 2022-05-12T00:27:48.524478+00:00, run_after=2022-05-12T04:27:48.524478+00:00
[2022-05-12 04:27:48,532] {processor.py:161} INFO - Processing /home/airflow/.local/lib/python3.7/site-packages/airflow/example_dags/example_latest_only.py took 0.043 seconds
[2022-05-12 04:28:19,379] {processor.py:153} INFO - Started process (PID=912) to work on /home/airflow/.local/lib/python3.7/site-packages/airflow/example_dags/example_latest_only.py
[2022-05-12 04:28:19,382] {processor.py:641} INFO - Processing file /home/airflow/.local/lib/python3.7/site-packages/airflow/example_dags/example_latest_only.py for tasks to queue
[2022-05-12 04:28:19,383] {logging_mixin.py:115} INFO - [2022-05-12 04:28:19,383] {dagbag.py:507} INFO - Filling up the DagBag from /home/airflow/.local/lib/python3.7/site-packages/airflow/example_dags/example_latest_only.py
[2022-05-12 04:28:19,388] {processor.py:651} INFO - DAG(s) dict_keys(['latest_only']) retrieved from /home/airflow/.local/lib/python3.7/site-packages/airflow/example_dags/example_latest_only.py
[2022-05-12 04:28:19,410] {logging_mixin.py:115} INFO - [2022-05-12 04:28:19,410] {dag.py:2371} INFO - Sync 1 DAGs
[2022-05-12 04:28:19,431] {logging_mixin.py:115} INFO - [2022-05-12 04:28:19,431] {dag.py:2919} INFO - Setting next_dagrun for latest_only to 2022-05-12T00:28:19.431511+00:00, run_after=2022-05-12T04:28:19.431511+00:00
[2022-05-12 04:28:19,441] {processor.py:161} INFO - Processing /home/airflow/.local/lib/python3.7/site-packages/airflow/example_dags/example_latest_only.py took 0.064 seconds
[2022-05-12 04:28:50,434] {processor.py:153} INFO - Started process (PID=1119) to work on /home/airflow/.local/lib/python3.7/site-packages/airflow/example_dags/example_latest_only.py
[2022-05-12 04:28:50,438] {processor.py:641} INFO - Processing file /home/airflow/.local/lib/python3.7/site-packages/airflow/example_dags/example_latest_only.py for tasks to queue
[2022-05-12 04:28:50,440] {logging_mixin.py:115} INFO - [2022-05-12 04:28:50,440] {dagbag.py:507} INFO - Filling up the DagBag from /home/airflow/.local/lib/python3.7/site-packages/airflow/example_dags/example_latest_only.py
[2022-05-12 04:28:50,444] {processor.py:651} INFO - DAG(s) dict_keys(['latest_only']) retrieved from /home/airflow/.local/lib/python3.7/site-packages/airflow/example_dags/example_latest_only.py
[2022-05-12 04:28:50,469] {logging_mixin.py:115} INFO - [2022-05-12 04:28:50,468] {dag.py:2371} INFO - Sync 1 DAGs
[2022-05-12 04:28:50,486] {logging_mixin.py:115} INFO - [2022-05-12 04:28:50,485] {dag.py:2919} INFO - Setting next_dagrun for latest_only to 2022-05-12T00:28:50.485766+00:00, run_after=2022-05-12T04:28:50.485766+00:00
[2022-05-12 04:28:50,495] {processor.py:161} INFO - Processing /home/airflow/.local/lib/python3.7/site-packages/airflow/example_dags/example_latest_only.py took 0.063 seconds
[2022-05-12 04:29:21,250] {processor.py:153} INFO - Started process (PID=1316) to work on /home/airflow/.local/lib/python3.7/site-packages/airflow/example_dags/example_latest_only.py
[2022-05-12 04:29:21,252] {processor.py:641} INFO - Processing file /home/airflow/.local/lib/python3.7/site-packages/airflow/example_dags/example_latest_only.py for tasks to queue
[2022-05-12 04:29:21,254] {logging_mixin.py:115} INFO - [2022-05-12 04:29:21,254] {dagbag.py:507} INFO - Filling up the DagBag from /home/airflow/.local/lib/python3.7/site-packages/airflow/example_dags/example_latest_only.py
[2022-05-12 04:29:21,261] {processor.py:651} INFO - DAG(s) dict_keys(['latest_only']) retrieved from /home/airflow/.local/lib/python3.7/site-packages/airflow/example_dags/example_latest_only.py
[2022-05-12 04:29:21,290] {logging_mixin.py:115} INFO - [2022-05-12 04:29:21,290] {dag.py:2371} INFO - Sync 1 DAGs
[2022-05-12 04:29:21,308] {logging_mixin.py:115} INFO - [2022-05-12 04:29:21,308] {dag.py:2919} INFO - Setting next_dagrun for latest_only to 2022-05-12T00:29:21.307890+00:00, run_after=2022-05-12T04:29:21.307890+00:00
[2022-05-12 04:29:21,320] {processor.py:161} INFO - Processing /home/airflow/.local/lib/python3.7/site-packages/airflow/example_dags/example_latest_only.py took 0.072 seconds
[2022-05-12 04:29:51,892] {processor.py:153} INFO - Started process (PID=1522) to work on /home/airflow/.local/lib/python3.7/site-packages/airflow/example_dags/example_latest_only.py
[2022-05-12 04:29:51,893] {processor.py:641} INFO - Processing file /home/airflow/.local/lib/python3.7/site-packages/airflow/example_dags/example_latest_only.py for tasks to queue
[2022-05-12 04:29:51,894] {logging_mixin.py:115} INFO - [2022-05-12 04:29:51,894] {dagbag.py:507} INFO - Filling up the DagBag from /home/airflow/.local/lib/python3.7/site-packages/airflow/example_dags/example_latest_only.py
[2022-05-12 04:29:51,898] {processor.py:651} INFO - DAG(s) dict_keys(['latest_only']) retrieved from /home/airflow/.local/lib/python3.7/site-packages/airflow/example_dags/example_latest_only.py
[2022-05-12 04:29:51,915] {logging_mixin.py:115} INFO - [2022-05-12 04:29:51,915] {dag.py:2371} INFO - Sync 1 DAGs
[2022-05-12 04:29:51,927] {logging_mixin.py:115} INFO - [2022-05-12 04:29:51,927] {dag.py:2919} INFO - Setting next_dagrun for latest_only to 2022-05-12T00:29:51.927715+00:00, run_after=2022-05-12T04:29:51.927715+00:00
[2022-05-12 04:29:51,936] {processor.py:161} INFO - Processing /home/airflow/.local/lib/python3.7/site-packages/airflow/example_dags/example_latest_only.py took 0.046 seconds
[2022-05-12 04:30:22,768] {processor.py:153} INFO - Started process (PID=1735) to work on /home/airflow/.local/lib/python3.7/site-packages/airflow/example_dags/example_latest_only.py
[2022-05-12 04:30:22,769] {processor.py:641} INFO - Processing file /home/airflow/.local/lib/python3.7/site-packages/airflow/example_dags/example_latest_only.py for tasks to queue
[2022-05-12 04:30:22,770] {logging_mixin.py:115} INFO - [2022-05-12 04:30:22,770] {dagbag.py:507} INFO - Filling up the DagBag from /home/airflow/.local/lib/python3.7/site-packages/airflow/example_dags/example_latest_only.py
[2022-05-12 04:30:22,773] {processor.py:651} INFO - DAG(s) dict_keys(['latest_only']) retrieved from /home/airflow/.local/lib/python3.7/site-packages/airflow/example_dags/example_latest_only.py
[2022-05-12 04:30:22,795] {logging_mixin.py:115} INFO - [2022-05-12 04:30:22,795] {dag.py:2371} INFO - Sync 1 DAGs
[2022-05-12 04:30:22,809] {logging_mixin.py:115} INFO - [2022-05-12 04:30:22,809] {dag.py:2919} INFO - Setting next_dagrun for latest_only to 2022-05-12T00:30:22.809265+00:00, run_after=2022-05-12T04:30:22.809265+00:00
[2022-05-12 04:30:22,819] {processor.py:161} INFO - Processing /home/airflow/.local/lib/python3.7/site-packages/airflow/example_dags/example_latest_only.py took 0.053 seconds
[2022-05-12 04:30:53,197] {processor.py:153} INFO - Started process (PID=1941) to work on /home/airflow/.local/lib/python3.7/site-packages/airflow/example_dags/example_latest_only.py
[2022-05-12 04:30:53,199] {processor.py:641} INFO - Processing file /home/airflow/.local/lib/python3.7/site-packages/airflow/example_dags/example_latest_only.py for tasks to queue
[2022-05-12 04:30:53,200] {logging_mixin.py:115} INFO - [2022-05-12 04:30:53,200] {dagbag.py:507} INFO - Filling up the DagBag from /home/airflow/.local/lib/python3.7/site-packages/airflow/example_dags/example_latest_only.py
[2022-05-12 04:30:53,204] {processor.py:651} INFO - DAG(s) dict_keys(['latest_only']) retrieved from /home/airflow/.local/lib/python3.7/site-packages/airflow/example_dags/example_latest_only.py
[2022-05-12 04:30:53,227] {logging_mixin.py:115} INFO - [2022-05-12 04:30:53,227] {dag.py:2371} INFO - Sync 1 DAGs
[2022-05-12 04:30:53,242] {logging_mixin.py:115} INFO - [2022-05-12 04:30:53,241] {dag.py:2919} INFO - Setting next_dagrun for latest_only to 2022-05-12T00:30:53.241741+00:00, run_after=2022-05-12T04:30:53.241741+00:00
[2022-05-12 04:30:53,252] {processor.py:161} INFO - Processing /home/airflow/.local/lib/python3.7/site-packages/airflow/example_dags/example_latest_only.py took 0.057 seconds
[2022-05-12 04:31:24,102] {processor.py:153} INFO - Started process (PID=2145) to work on /home/airflow/.local/lib/python3.7/site-packages/airflow/example_dags/example_latest_only.py
[2022-05-12 04:31:24,104] {processor.py:641} INFO - Processing file /home/airflow/.local/lib/python3.7/site-packages/airflow/example_dags/example_latest_only.py for tasks to queue
[2022-05-12 04:31:24,105] {logging_mixin.py:115} INFO - [2022-05-12 04:31:24,105] {dagbag.py:507} INFO - Filling up the DagBag from /home/airflow/.local/lib/python3.7/site-packages/airflow/example_dags/example_latest_only.py
[2022-05-12 04:31:24,108] {processor.py:651} INFO - DAG(s) dict_keys(['latest_only']) retrieved from /home/airflow/.local/lib/python3.7/site-packages/airflow/example_dags/example_latest_only.py
[2022-05-12 04:31:24,130] {logging_mixin.py:115} INFO - [2022-05-12 04:31:24,130] {dag.py:2371} INFO - Sync 1 DAGs
[2022-05-12 04:31:24,145] {logging_mixin.py:115} INFO - [2022-05-12 04:31:24,145] {dag.py:2919} INFO - Setting next_dagrun for latest_only to 2022-05-12T00:31:24.144995+00:00, run_after=2022-05-12T04:31:24.144995+00:00
[2022-05-12 04:31:24,152] {processor.py:161} INFO - Processing /home/airflow/.local/lib/python3.7/site-packages/airflow/example_dags/example_latest_only.py took 0.052 seconds
[2022-05-12 04:31:54,735] {processor.py:153} INFO - Started process (PID=2349) to work on /home/airflow/.local/lib/python3.7/site-packages/airflow/example_dags/example_latest_only.py
[2022-05-12 04:31:54,736] {processor.py:641} INFO - Processing file /home/airflow/.local/lib/python3.7/site-packages/airflow/example_dags/example_latest_only.py for tasks to queue
[2022-05-12 04:31:54,738] {logging_mixin.py:115} INFO - [2022-05-12 04:31:54,737] {dagbag.py:507} INFO - Filling up the DagBag from /home/airflow/.local/lib/python3.7/site-packages/airflow/example_dags/example_latest_only.py
[2022-05-12 04:31:54,742] {processor.py:651} INFO - DAG(s) dict_keys(['latest_only']) retrieved from /home/airflow/.local/lib/python3.7/site-packages/airflow/example_dags/example_latest_only.py
[2022-05-12 04:31:54,760] {logging_mixin.py:115} INFO - [2022-05-12 04:31:54,760] {dag.py:2371} INFO - Sync 1 DAGs
[2022-05-12 04:31:54,779] {logging_mixin.py:115} INFO - [2022-05-12 04:31:54,779] {dag.py:2919} INFO - Setting next_dagrun for latest_only to 2022-05-12T00:31:54.779679+00:00, run_after=2022-05-12T04:31:54.779679+00:00
[2022-05-12 04:31:54,790] {processor.py:161} INFO - Processing /home/airflow/.local/lib/python3.7/site-packages/airflow/example_dags/example_latest_only.py took 0.057 seconds
[2022-05-12 04:32:25,511] {processor.py:153} INFO - Started process (PID=2543) to work on /home/airflow/.local/lib/python3.7/site-packages/airflow/example_dags/example_latest_only.py
[2022-05-12 04:32:25,512] {processor.py:641} INFO - Processing file /home/airflow/.local/lib/python3.7/site-packages/airflow/example_dags/example_latest_only.py for tasks to queue
[2022-05-12 04:32:25,513] {logging_mixin.py:115} INFO - [2022-05-12 04:32:25,513] {dagbag.py:507} INFO - Filling up the DagBag from /home/airflow/.local/lib/python3.7/site-packages/airflow/example_dags/example_latest_only.py
[2022-05-12 04:32:25,517] {processor.py:651} INFO - DAG(s) dict_keys(['latest_only']) retrieved from /home/airflow/.local/lib/python3.7/site-packages/airflow/example_dags/example_latest_only.py
[2022-05-12 04:32:25,533] {logging_mixin.py:115} INFO - [2022-05-12 04:32:25,533] {dag.py:2371} INFO - Sync 1 DAGs
[2022-05-12 04:32:25,546] {logging_mixin.py:115} INFO - [2022-05-12 04:32:25,546] {dag.py:2919} INFO - Setting next_dagrun for latest_only to 2022-05-12T00:32:25.546378+00:00, run_after=2022-05-12T04:32:25.546378+00:00
[2022-05-12 04:32:25,555] {processor.py:161} INFO - Processing /home/airflow/.local/lib/python3.7/site-packages/airflow/example_dags/example_latest_only.py took 0.046 seconds
[2022-05-12 04:32:56,088] {processor.py:153} INFO - Started process (PID=2751) to work on /home/airflow/.local/lib/python3.7/site-packages/airflow/example_dags/example_latest_only.py
[2022-05-12 04:32:56,089] {processor.py:641} INFO - Processing file /home/airflow/.local/lib/python3.7/site-packages/airflow/example_dags/example_latest_only.py for tasks to queue
[2022-05-12 04:32:56,091] {logging_mixin.py:115} INFO - [2022-05-12 04:32:56,091] {dagbag.py:507} INFO - Filling up the DagBag from /home/airflow/.local/lib/python3.7/site-packages/airflow/example_dags/example_latest_only.py
[2022-05-12 04:32:56,095] {processor.py:651} INFO - DAG(s) dict_keys(['latest_only']) retrieved from /home/airflow/.local/lib/python3.7/site-packages/airflow/example_dags/example_latest_only.py
[2022-05-12 04:32:56,111] {logging_mixin.py:115} INFO - [2022-05-12 04:32:56,111] {dag.py:2371} INFO - Sync 1 DAGs
[2022-05-12 04:32:56,126] {logging_mixin.py:115} INFO - [2022-05-12 04:32:56,126] {dag.py:2919} INFO - Setting next_dagrun for latest_only to 2022-05-12T00:32:56.126298+00:00, run_after=2022-05-12T04:32:56.126298+00:00
[2022-05-12 04:32:56,137] {processor.py:161} INFO - Processing /home/airflow/.local/lib/python3.7/site-packages/airflow/example_dags/example_latest_only.py took 0.052 seconds
[2022-05-12 04:33:26,803] {processor.py:153} INFO - Started process (PID=2957) to work on /home/airflow/.local/lib/python3.7/site-packages/airflow/example_dags/example_latest_only.py
[2022-05-12 04:33:26,804] {processor.py:641} INFO - Processing file /home/airflow/.local/lib/python3.7/site-packages/airflow/example_dags/example_latest_only.py for tasks to queue
[2022-05-12 04:33:26,805] {logging_mixin.py:115} INFO - [2022-05-12 04:33:26,805] {dagbag.py:507} INFO - Filling up the DagBag from /home/airflow/.local/lib/python3.7/site-packages/airflow/example_dags/example_latest_only.py
[2022-05-12 04:33:26,809] {processor.py:651} INFO - DAG(s) dict_keys(['latest_only']) retrieved from /home/airflow/.local/lib/python3.7/site-packages/airflow/example_dags/example_latest_only.py
[2022-05-12 04:33:26,830] {logging_mixin.py:115} INFO - [2022-05-12 04:33:26,829] {dag.py:2371} INFO - Sync 1 DAGs
[2022-05-12 04:33:26,845] {logging_mixin.py:115} INFO - [2022-05-12 04:33:26,845] {dag.py:2919} INFO - Setting next_dagrun for latest_only to 2022-05-12T00:33:26.845632+00:00, run_after=2022-05-12T04:33:26.845632+00:00
[2022-05-12 04:33:26,853] {processor.py:161} INFO - Processing /home/airflow/.local/lib/python3.7/site-packages/airflow/example_dags/example_latest_only.py took 0.052 seconds
