[2022-05-12 04:26:46,111] {processor.py:153} INFO - Started process (PID=190) to work on /home/airflow/.local/lib/python3.7/site-packages/airflow/example_dags/example_branch_day_of_week_operator.py
[2022-05-12 04:26:46,113] {processor.py:641} INFO - Processing file /home/airflow/.local/lib/python3.7/site-packages/airflow/example_dags/example_branch_day_of_week_operator.py for tasks to queue
[2022-05-12 04:26:46,114] {logging_mixin.py:115} INFO - [2022-05-12 04:26:46,114] {dagbag.py:507} INFO - Filling up the DagBag from /home/airflow/.local/lib/python3.7/site-packages/airflow/example_dags/example_branch_day_of_week_operator.py
[2022-05-12 04:26:46,123] {processor.py:651} INFO - DAG(s) dict_keys(['example_weekday_branch_operator']) retrieved from /home/airflow/.local/lib/python3.7/site-packages/airflow/example_dags/example_branch_day_of_week_operator.py
[2022-05-12 04:26:46,181] {logging_mixin.py:115} INFO - [2022-05-12 04:26:46,181] {manager.py:508} INFO - Created Permission View: can read on DAG:example_weekday_branch_operator
[2022-05-12 04:26:46,187] {logging_mixin.py:115} INFO - [2022-05-12 04:26:46,187] {manager.py:508} INFO - Created Permission View: can edit on DAG:example_weekday_branch_operator
[2022-05-12 04:26:46,192] {logging_mixin.py:115} INFO - [2022-05-12 04:26:46,192] {manager.py:508} INFO - Created Permission View: can delete on DAG:example_weekday_branch_operator
[2022-05-12 04:26:46,193] {logging_mixin.py:115} INFO - [2022-05-12 04:26:46,193] {dag.py:2371} INFO - Sync 1 DAGs
[2022-05-12 04:26:46,199] {logging_mixin.py:115} INFO - [2022-05-12 04:26:46,199] {dag.py:2390} INFO - Creating ORM DAG for example_weekday_branch_operator
[2022-05-12 04:26:46,212] {logging_mixin.py:115} INFO - [2022-05-12 04:26:46,211] {dag.py:2919} INFO - Setting next_dagrun for example_weekday_branch_operator to 2022-05-11T00:00:00+00:00, run_after=2022-05-12T00:00:00+00:00
[2022-05-12 04:26:46,221] {processor.py:161} INFO - Processing /home/airflow/.local/lib/python3.7/site-packages/airflow/example_dags/example_branch_day_of_week_operator.py took 0.113 seconds
[2022-05-12 04:27:16,795] {processor.py:153} INFO - Started process (PID=395) to work on /home/airflow/.local/lib/python3.7/site-packages/airflow/example_dags/example_branch_day_of_week_operator.py
[2022-05-12 04:27:16,796] {processor.py:641} INFO - Processing file /home/airflow/.local/lib/python3.7/site-packages/airflow/example_dags/example_branch_day_of_week_operator.py for tasks to queue
[2022-05-12 04:27:16,797] {logging_mixin.py:115} INFO - [2022-05-12 04:27:16,797] {dagbag.py:507} INFO - Filling up the DagBag from /home/airflow/.local/lib/python3.7/site-packages/airflow/example_dags/example_branch_day_of_week_operator.py
[2022-05-12 04:27:16,804] {processor.py:651} INFO - DAG(s) dict_keys(['example_weekday_branch_operator']) retrieved from /home/airflow/.local/lib/python3.7/site-packages/airflow/example_dags/example_branch_day_of_week_operator.py
[2022-05-12 04:27:16,819] {logging_mixin.py:115} INFO - [2022-05-12 04:27:16,819] {dag.py:2371} INFO - Sync 1 DAGs
[2022-05-12 04:27:16,836] {logging_mixin.py:115} INFO - [2022-05-12 04:27:16,835] {dag.py:2919} INFO - Setting next_dagrun for example_weekday_branch_operator to 2022-05-11T00:00:00+00:00, run_after=2022-05-12T00:00:00+00:00
[2022-05-12 04:27:16,844] {processor.py:161} INFO - Processing /home/airflow/.local/lib/python3.7/site-packages/airflow/example_dags/example_branch_day_of_week_operator.py took 0.051 seconds
[2022-05-12 04:27:47,662] {processor.py:153} INFO - Started process (PID=599) to work on /home/airflow/.local/lib/python3.7/site-packages/airflow/example_dags/example_branch_day_of_week_operator.py
[2022-05-12 04:27:47,664] {processor.py:641} INFO - Processing file /home/airflow/.local/lib/python3.7/site-packages/airflow/example_dags/example_branch_day_of_week_operator.py for tasks to queue
[2022-05-12 04:27:47,666] {logging_mixin.py:115} INFO - [2022-05-12 04:27:47,666] {dagbag.py:507} INFO - Filling up the DagBag from /home/airflow/.local/lib/python3.7/site-packages/airflow/example_dags/example_branch_day_of_week_operator.py
[2022-05-12 04:27:47,675] {processor.py:651} INFO - DAG(s) dict_keys(['example_weekday_branch_operator']) retrieved from /home/airflow/.local/lib/python3.7/site-packages/airflow/example_dags/example_branch_day_of_week_operator.py
[2022-05-12 04:27:47,694] {logging_mixin.py:115} INFO - [2022-05-12 04:27:47,694] {dag.py:2371} INFO - Sync 1 DAGs
[2022-05-12 04:27:47,711] {logging_mixin.py:115} INFO - [2022-05-12 04:27:47,711] {dag.py:2919} INFO - Setting next_dagrun for example_weekday_branch_operator to 2022-05-11T00:00:00+00:00, run_after=2022-05-12T00:00:00+00:00
[2022-05-12 04:27:47,721] {processor.py:161} INFO - Processing /home/airflow/.local/lib/python3.7/site-packages/airflow/example_dags/example_branch_day_of_week_operator.py took 0.062 seconds
[2022-05-12 04:28:18,390] {processor.py:153} INFO - Started process (PID=809) to work on /home/airflow/.local/lib/python3.7/site-packages/airflow/example_dags/example_branch_day_of_week_operator.py
[2022-05-12 04:28:18,391] {processor.py:641} INFO - Processing file /home/airflow/.local/lib/python3.7/site-packages/airflow/example_dags/example_branch_day_of_week_operator.py for tasks to queue
[2022-05-12 04:28:18,393] {logging_mixin.py:115} INFO - [2022-05-12 04:28:18,393] {dagbag.py:507} INFO - Filling up the DagBag from /home/airflow/.local/lib/python3.7/site-packages/airflow/example_dags/example_branch_day_of_week_operator.py
[2022-05-12 04:28:18,402] {processor.py:651} INFO - DAG(s) dict_keys(['example_weekday_branch_operator']) retrieved from /home/airflow/.local/lib/python3.7/site-packages/airflow/example_dags/example_branch_day_of_week_operator.py
[2022-05-12 04:28:18,423] {logging_mixin.py:115} INFO - [2022-05-12 04:28:18,423] {dag.py:2371} INFO - Sync 1 DAGs
[2022-05-12 04:28:18,438] {logging_mixin.py:115} INFO - [2022-05-12 04:28:18,438] {dag.py:2919} INFO - Setting next_dagrun for example_weekday_branch_operator to 2022-05-11T00:00:00+00:00, run_after=2022-05-12T00:00:00+00:00
[2022-05-12 04:28:18,446] {processor.py:161} INFO - Processing /home/airflow/.local/lib/python3.7/site-packages/airflow/example_dags/example_branch_day_of_week_operator.py took 0.060 seconds
[2022-05-12 04:28:49,187] {processor.py:153} INFO - Started process (PID=1006) to work on /home/airflow/.local/lib/python3.7/site-packages/airflow/example_dags/example_branch_day_of_week_operator.py
[2022-05-12 04:28:49,189] {processor.py:641} INFO - Processing file /home/airflow/.local/lib/python3.7/site-packages/airflow/example_dags/example_branch_day_of_week_operator.py for tasks to queue
[2022-05-12 04:28:49,190] {logging_mixin.py:115} INFO - [2022-05-12 04:28:49,190] {dagbag.py:507} INFO - Filling up the DagBag from /home/airflow/.local/lib/python3.7/site-packages/airflow/example_dags/example_branch_day_of_week_operator.py
[2022-05-12 04:28:49,197] {processor.py:651} INFO - DAG(s) dict_keys(['example_weekday_branch_operator']) retrieved from /home/airflow/.local/lib/python3.7/site-packages/airflow/example_dags/example_branch_day_of_week_operator.py
[2022-05-12 04:28:49,217] {logging_mixin.py:115} INFO - [2022-05-12 04:28:49,217] {dag.py:2371} INFO - Sync 1 DAGs
[2022-05-12 04:28:49,230] {logging_mixin.py:115} INFO - [2022-05-12 04:28:49,230] {dag.py:2919} INFO - Setting next_dagrun for example_weekday_branch_operator to 2022-05-11T00:00:00+00:00, run_after=2022-05-12T00:00:00+00:00
[2022-05-12 04:28:49,237] {processor.py:161} INFO - Processing /home/airflow/.local/lib/python3.7/site-packages/airflow/example_dags/example_branch_day_of_week_operator.py took 0.053 seconds
[2022-05-12 04:29:20,266] {processor.py:153} INFO - Started process (PID=1209) to work on /home/airflow/.local/lib/python3.7/site-packages/airflow/example_dags/example_branch_day_of_week_operator.py
[2022-05-12 04:29:20,267] {processor.py:641} INFO - Processing file /home/airflow/.local/lib/python3.7/site-packages/airflow/example_dags/example_branch_day_of_week_operator.py for tasks to queue
[2022-05-12 04:29:20,269] {logging_mixin.py:115} INFO - [2022-05-12 04:29:20,268] {dagbag.py:507} INFO - Filling up the DagBag from /home/airflow/.local/lib/python3.7/site-packages/airflow/example_dags/example_branch_day_of_week_operator.py
[2022-05-12 04:29:20,280] {processor.py:651} INFO - DAG(s) dict_keys(['example_weekday_branch_operator']) retrieved from /home/airflow/.local/lib/python3.7/site-packages/airflow/example_dags/example_branch_day_of_week_operator.py
[2022-05-12 04:29:20,296] {logging_mixin.py:115} INFO - [2022-05-12 04:29:20,296] {dag.py:2371} INFO - Sync 1 DAGs
[2022-05-12 04:29:20,309] {logging_mixin.py:115} INFO - [2022-05-12 04:29:20,309] {dag.py:2919} INFO - Setting next_dagrun for example_weekday_branch_operator to 2022-05-11T00:00:00+00:00, run_after=2022-05-12T00:00:00+00:00
[2022-05-12 04:29:20,317] {processor.py:161} INFO - Processing /home/airflow/.local/lib/python3.7/site-packages/airflow/example_dags/example_branch_day_of_week_operator.py took 0.053 seconds
[2022-05-12 04:29:51,063] {processor.py:153} INFO - Started process (PID=1417) to work on /home/airflow/.local/lib/python3.7/site-packages/airflow/example_dags/example_branch_day_of_week_operator.py
[2022-05-12 04:29:51,064] {processor.py:641} INFO - Processing file /home/airflow/.local/lib/python3.7/site-packages/airflow/example_dags/example_branch_day_of_week_operator.py for tasks to queue
[2022-05-12 04:29:51,066] {logging_mixin.py:115} INFO - [2022-05-12 04:29:51,065] {dagbag.py:507} INFO - Filling up the DagBag from /home/airflow/.local/lib/python3.7/site-packages/airflow/example_dags/example_branch_day_of_week_operator.py
[2022-05-12 04:29:51,073] {processor.py:651} INFO - DAG(s) dict_keys(['example_weekday_branch_operator']) retrieved from /home/airflow/.local/lib/python3.7/site-packages/airflow/example_dags/example_branch_day_of_week_operator.py
[2022-05-12 04:29:51,091] {logging_mixin.py:115} INFO - [2022-05-12 04:29:51,091] {dag.py:2371} INFO - Sync 1 DAGs
[2022-05-12 04:29:51,106] {logging_mixin.py:115} INFO - [2022-05-12 04:29:51,106] {dag.py:2919} INFO - Setting next_dagrun for example_weekday_branch_operator to 2022-05-11T00:00:00+00:00, run_after=2022-05-12T00:00:00+00:00
[2022-05-12 04:29:51,114] {processor.py:161} INFO - Processing /home/airflow/.local/lib/python3.7/site-packages/airflow/example_dags/example_branch_day_of_week_operator.py took 0.053 seconds
[2022-05-12 04:30:21,582] {processor.py:153} INFO - Started process (PID=1630) to work on /home/airflow/.local/lib/python3.7/site-packages/airflow/example_dags/example_branch_day_of_week_operator.py
[2022-05-12 04:30:21,584] {processor.py:641} INFO - Processing file /home/airflow/.local/lib/python3.7/site-packages/airflow/example_dags/example_branch_day_of_week_operator.py for tasks to queue
[2022-05-12 04:30:21,585] {logging_mixin.py:115} INFO - [2022-05-12 04:30:21,585] {dagbag.py:507} INFO - Filling up the DagBag from /home/airflow/.local/lib/python3.7/site-packages/airflow/example_dags/example_branch_day_of_week_operator.py
[2022-05-12 04:30:21,593] {processor.py:651} INFO - DAG(s) dict_keys(['example_weekday_branch_operator']) retrieved from /home/airflow/.local/lib/python3.7/site-packages/airflow/example_dags/example_branch_day_of_week_operator.py
[2022-05-12 04:30:21,623] {logging_mixin.py:115} INFO - [2022-05-12 04:30:21,623] {dag.py:2371} INFO - Sync 1 DAGs
[2022-05-12 04:30:21,645] {logging_mixin.py:115} INFO - [2022-05-12 04:30:21,645] {dag.py:2919} INFO - Setting next_dagrun for example_weekday_branch_operator to 2022-05-11T00:00:00+00:00, run_after=2022-05-12T00:00:00+00:00
[2022-05-12 04:30:21,653] {processor.py:161} INFO - Processing /home/airflow/.local/lib/python3.7/site-packages/airflow/example_dags/example_branch_day_of_week_operator.py took 0.074 seconds
[2022-05-12 04:30:51,859] {processor.py:153} INFO - Started process (PID=1836) to work on /home/airflow/.local/lib/python3.7/site-packages/airflow/example_dags/example_branch_day_of_week_operator.py
[2022-05-12 04:30:51,861] {processor.py:641} INFO - Processing file /home/airflow/.local/lib/python3.7/site-packages/airflow/example_dags/example_branch_day_of_week_operator.py for tasks to queue
[2022-05-12 04:30:51,862] {logging_mixin.py:115} INFO - [2022-05-12 04:30:51,862] {dagbag.py:507} INFO - Filling up the DagBag from /home/airflow/.local/lib/python3.7/site-packages/airflow/example_dags/example_branch_day_of_week_operator.py
[2022-05-12 04:30:51,875] {processor.py:651} INFO - DAG(s) dict_keys(['example_weekday_branch_operator']) retrieved from /home/airflow/.local/lib/python3.7/site-packages/airflow/example_dags/example_branch_day_of_week_operator.py
[2022-05-12 04:30:51,896] {logging_mixin.py:115} INFO - [2022-05-12 04:30:51,896] {dag.py:2371} INFO - Sync 1 DAGs
[2022-05-12 04:30:51,914] {logging_mixin.py:115} INFO - [2022-05-12 04:30:51,914] {dag.py:2919} INFO - Setting next_dagrun for example_weekday_branch_operator to 2022-05-11T00:00:00+00:00, run_after=2022-05-12T00:00:00+00:00
[2022-05-12 04:30:51,926] {processor.py:161} INFO - Processing /home/airflow/.local/lib/python3.7/site-packages/airflow/example_dags/example_branch_day_of_week_operator.py took 0.070 seconds
[2022-05-12 04:31:22,172] {processor.py:153} INFO - Started process (PID=2040) to work on /home/airflow/.local/lib/python3.7/site-packages/airflow/example_dags/example_branch_day_of_week_operator.py
[2022-05-12 04:31:22,173] {processor.py:641} INFO - Processing file /home/airflow/.local/lib/python3.7/site-packages/airflow/example_dags/example_branch_day_of_week_operator.py for tasks to queue
[2022-05-12 04:31:22,176] {logging_mixin.py:115} INFO - [2022-05-12 04:31:22,176] {dagbag.py:507} INFO - Filling up the DagBag from /home/airflow/.local/lib/python3.7/site-packages/airflow/example_dags/example_branch_day_of_week_operator.py
[2022-05-12 04:31:22,187] {processor.py:651} INFO - DAG(s) dict_keys(['example_weekday_branch_operator']) retrieved from /home/airflow/.local/lib/python3.7/site-packages/airflow/example_dags/example_branch_day_of_week_operator.py
[2022-05-12 04:31:22,207] {logging_mixin.py:115} INFO - [2022-05-12 04:31:22,207] {dag.py:2371} INFO - Sync 1 DAGs
[2022-05-12 04:31:22,223] {logging_mixin.py:115} INFO - [2022-05-12 04:31:22,223] {dag.py:2919} INFO - Setting next_dagrun for example_weekday_branch_operator to 2022-05-11T00:00:00+00:00, run_after=2022-05-12T00:00:00+00:00
[2022-05-12 04:31:22,232] {processor.py:161} INFO - Processing /home/airflow/.local/lib/python3.7/site-packages/airflow/example_dags/example_branch_day_of_week_operator.py took 0.063 seconds
[2022-05-12 04:31:52,838] {processor.py:153} INFO - Started process (PID=2235) to work on /home/airflow/.local/lib/python3.7/site-packages/airflow/example_dags/example_branch_day_of_week_operator.py
[2022-05-12 04:31:52,839] {processor.py:641} INFO - Processing file /home/airflow/.local/lib/python3.7/site-packages/airflow/example_dags/example_branch_day_of_week_operator.py for tasks to queue
[2022-05-12 04:31:52,840] {logging_mixin.py:115} INFO - [2022-05-12 04:31:52,840] {dagbag.py:507} INFO - Filling up the DagBag from /home/airflow/.local/lib/python3.7/site-packages/airflow/example_dags/example_branch_day_of_week_operator.py
[2022-05-12 04:31:52,846] {processor.py:651} INFO - DAG(s) dict_keys(['example_weekday_branch_operator']) retrieved from /home/airflow/.local/lib/python3.7/site-packages/airflow/example_dags/example_branch_day_of_week_operator.py
[2022-05-12 04:31:52,865] {logging_mixin.py:115} INFO - [2022-05-12 04:31:52,865] {dag.py:2371} INFO - Sync 1 DAGs
[2022-05-12 04:31:52,879] {logging_mixin.py:115} INFO - [2022-05-12 04:31:52,879] {dag.py:2919} INFO - Setting next_dagrun for example_weekday_branch_operator to 2022-05-11T00:00:00+00:00, run_after=2022-05-12T00:00:00+00:00
[2022-05-12 04:31:52,887] {processor.py:161} INFO - Processing /home/airflow/.local/lib/python3.7/site-packages/airflow/example_dags/example_branch_day_of_week_operator.py took 0.051 seconds
[2022-05-12 04:32:23,516] {processor.py:153} INFO - Started process (PID=2438) to work on /home/airflow/.local/lib/python3.7/site-packages/airflow/example_dags/example_branch_day_of_week_operator.py
[2022-05-12 04:32:23,517] {processor.py:641} INFO - Processing file /home/airflow/.local/lib/python3.7/site-packages/airflow/example_dags/example_branch_day_of_week_operator.py for tasks to queue
[2022-05-12 04:32:23,519] {logging_mixin.py:115} INFO - [2022-05-12 04:32:23,519] {dagbag.py:507} INFO - Filling up the DagBag from /home/airflow/.local/lib/python3.7/site-packages/airflow/example_dags/example_branch_day_of_week_operator.py
[2022-05-12 04:32:23,525] {processor.py:651} INFO - DAG(s) dict_keys(['example_weekday_branch_operator']) retrieved from /home/airflow/.local/lib/python3.7/site-packages/airflow/example_dags/example_branch_day_of_week_operator.py
[2022-05-12 04:32:23,545] {logging_mixin.py:115} INFO - [2022-05-12 04:32:23,545] {dag.py:2371} INFO - Sync 1 DAGs
[2022-05-12 04:32:23,562] {logging_mixin.py:115} INFO - [2022-05-12 04:32:23,562] {dag.py:2919} INFO - Setting next_dagrun for example_weekday_branch_operator to 2022-05-11T00:00:00+00:00, run_after=2022-05-12T00:00:00+00:00
[2022-05-12 04:32:23,573] {processor.py:161} INFO - Processing /home/airflow/.local/lib/python3.7/site-packages/airflow/example_dags/example_branch_day_of_week_operator.py took 0.059 seconds
[2022-05-12 04:32:54,259] {processor.py:153} INFO - Started process (PID=2646) to work on /home/airflow/.local/lib/python3.7/site-packages/airflow/example_dags/example_branch_day_of_week_operator.py
[2022-05-12 04:32:54,260] {processor.py:641} INFO - Processing file /home/airflow/.local/lib/python3.7/site-packages/airflow/example_dags/example_branch_day_of_week_operator.py for tasks to queue
[2022-05-12 04:32:54,261] {logging_mixin.py:115} INFO - [2022-05-12 04:32:54,261] {dagbag.py:507} INFO - Filling up the DagBag from /home/airflow/.local/lib/python3.7/site-packages/airflow/example_dags/example_branch_day_of_week_operator.py
[2022-05-12 04:32:54,267] {processor.py:651} INFO - DAG(s) dict_keys(['example_weekday_branch_operator']) retrieved from /home/airflow/.local/lib/python3.7/site-packages/airflow/example_dags/example_branch_day_of_week_operator.py
[2022-05-12 04:32:54,284] {logging_mixin.py:115} INFO - [2022-05-12 04:32:54,284] {dag.py:2371} INFO - Sync 1 DAGs
[2022-05-12 04:32:54,298] {logging_mixin.py:115} INFO - [2022-05-12 04:32:54,298] {dag.py:2919} INFO - Setting next_dagrun for example_weekday_branch_operator to 2022-05-11T00:00:00+00:00, run_after=2022-05-12T00:00:00+00:00
[2022-05-12 04:32:54,305] {processor.py:161} INFO - Processing /home/airflow/.local/lib/python3.7/site-packages/airflow/example_dags/example_branch_day_of_week_operator.py took 0.048 seconds
[2022-05-12 04:33:24,913] {processor.py:153} INFO - Started process (PID=2852) to work on /home/airflow/.local/lib/python3.7/site-packages/airflow/example_dags/example_branch_day_of_week_operator.py
[2022-05-12 04:33:24,914] {processor.py:641} INFO - Processing file /home/airflow/.local/lib/python3.7/site-packages/airflow/example_dags/example_branch_day_of_week_operator.py for tasks to queue
[2022-05-12 04:33:24,916] {logging_mixin.py:115} INFO - [2022-05-12 04:33:24,916] {dagbag.py:507} INFO - Filling up the DagBag from /home/airflow/.local/lib/python3.7/site-packages/airflow/example_dags/example_branch_day_of_week_operator.py
[2022-05-12 04:33:24,921] {processor.py:651} INFO - DAG(s) dict_keys(['example_weekday_branch_operator']) retrieved from /home/airflow/.local/lib/python3.7/site-packages/airflow/example_dags/example_branch_day_of_week_operator.py
[2022-05-12 04:33:24,938] {logging_mixin.py:115} INFO - [2022-05-12 04:33:24,938] {dag.py:2371} INFO - Sync 1 DAGs
[2022-05-12 04:33:24,952] {logging_mixin.py:115} INFO - [2022-05-12 04:33:24,952] {dag.py:2919} INFO - Setting next_dagrun for example_weekday_branch_operator to 2022-05-11T00:00:00+00:00, run_after=2022-05-12T00:00:00+00:00
[2022-05-12 04:33:24,961] {processor.py:161} INFO - Processing /home/airflow/.local/lib/python3.7/site-packages/airflow/example_dags/example_branch_day_of_week_operator.py took 0.050 seconds
[2022-05-12 04:33:55,558] {processor.py:153} INFO - Started process (PID=3058) to work on /home/airflow/.local/lib/python3.7/site-packages/airflow/example_dags/example_branch_day_of_week_operator.py
[2022-05-12 04:33:55,559] {processor.py:641} INFO - Processing file /home/airflow/.local/lib/python3.7/site-packages/airflow/example_dags/example_branch_day_of_week_operator.py for tasks to queue
[2022-05-12 04:33:55,561] {logging_mixin.py:115} INFO - [2022-05-12 04:33:55,561] {dagbag.py:507} INFO - Filling up the DagBag from /home/airflow/.local/lib/python3.7/site-packages/airflow/example_dags/example_branch_day_of_week_operator.py
[2022-05-12 04:33:55,566] {processor.py:651} INFO - DAG(s) dict_keys(['example_weekday_branch_operator']) retrieved from /home/airflow/.local/lib/python3.7/site-packages/airflow/example_dags/example_branch_day_of_week_operator.py
[2022-05-12 04:33:55,585] {logging_mixin.py:115} INFO - [2022-05-12 04:33:55,585] {dag.py:2371} INFO - Sync 1 DAGs
[2022-05-12 04:33:55,598] {logging_mixin.py:115} INFO - [2022-05-12 04:33:55,598] {dag.py:2919} INFO - Setting next_dagrun for example_weekday_branch_operator to 2022-05-11T00:00:00+00:00, run_after=2022-05-12T00:00:00+00:00
[2022-05-12 04:33:55,606] {processor.py:161} INFO - Processing /home/airflow/.local/lib/python3.7/site-packages/airflow/example_dags/example_branch_day_of_week_operator.py took 0.050 seconds
