[2022-05-12 04:26:47,812] {processor.py:153} INFO - Started process (PID=300) to work on /home/airflow/.local/lib/python3.7/site-packages/airflow/example_dags/example_branch_labels.py
[2022-05-12 04:26:47,813] {processor.py:641} INFO - Processing file /home/airflow/.local/lib/python3.7/site-packages/airflow/example_dags/example_branch_labels.py for tasks to queue
[2022-05-12 04:26:47,816] {logging_mixin.py:115} INFO - [2022-05-12 04:26:47,816] {dagbag.py:507} INFO - Filling up the DagBag from /home/airflow/.local/lib/python3.7/site-packages/airflow/example_dags/example_branch_labels.py
[2022-05-12 04:26:47,822] {processor.py:651} INFO - DAG(s) dict_keys(['example_branch_labels']) retrieved from /home/airflow/.local/lib/python3.7/site-packages/airflow/example_dags/example_branch_labels.py
[2022-05-12 04:26:47,920] {logging_mixin.py:115} INFO - [2022-05-12 04:26:47,920] {manager.py:508} INFO - Created Permission View: can read on DAG:example_branch_labels
[2022-05-12 04:26:47,933] {logging_mixin.py:115} INFO - [2022-05-12 04:26:47,933] {manager.py:508} INFO - Created Permission View: can edit on DAG:example_branch_labels
[2022-05-12 04:26:47,940] {logging_mixin.py:115} INFO - [2022-05-12 04:26:47,940] {manager.py:508} INFO - Created Permission View: can delete on DAG:example_branch_labels
[2022-05-12 04:26:47,941] {logging_mixin.py:115} INFO - [2022-05-12 04:26:47,941] {dag.py:2371} INFO - Sync 1 DAGs
[2022-05-12 04:26:47,948] {logging_mixin.py:115} INFO - [2022-05-12 04:26:47,948] {dag.py:2390} INFO - Creating ORM DAG for example_branch_labels
[2022-05-12 04:26:47,960] {logging_mixin.py:115} INFO - [2022-05-12 04:26:47,958] {dag.py:2919} INFO - Setting next_dagrun for example_branch_labels to 2022-05-11T00:00:00+00:00, run_after=2022-05-12T00:00:00+00:00
[2022-05-12 04:26:47,970] {processor.py:161} INFO - Processing /home/airflow/.local/lib/python3.7/site-packages/airflow/example_dags/example_branch_labels.py took 0.162 seconds
[2022-05-12 04:27:18,009] {processor.py:153} INFO - Started process (PID=507) to work on /home/airflow/.local/lib/python3.7/site-packages/airflow/example_dags/example_branch_labels.py
[2022-05-12 04:27:18,011] {processor.py:641} INFO - Processing file /home/airflow/.local/lib/python3.7/site-packages/airflow/example_dags/example_branch_labels.py for tasks to queue
[2022-05-12 04:27:18,012] {logging_mixin.py:115} INFO - [2022-05-12 04:27:18,011] {dagbag.py:507} INFO - Filling up the DagBag from /home/airflow/.local/lib/python3.7/site-packages/airflow/example_dags/example_branch_labels.py
[2022-05-12 04:27:18,016] {processor.py:651} INFO - DAG(s) dict_keys(['example_branch_labels']) retrieved from /home/airflow/.local/lib/python3.7/site-packages/airflow/example_dags/example_branch_labels.py
[2022-05-12 04:27:18,033] {logging_mixin.py:115} INFO - [2022-05-12 04:27:18,033] {dag.py:2371} INFO - Sync 1 DAGs
[2022-05-12 04:27:18,044] {logging_mixin.py:115} INFO - [2022-05-12 04:27:18,044] {dag.py:2919} INFO - Setting next_dagrun for example_branch_labels to 2022-05-11T00:00:00+00:00, run_after=2022-05-12T00:00:00+00:00
[2022-05-12 04:27:18,051] {processor.py:161} INFO - Processing /home/airflow/.local/lib/python3.7/site-packages/airflow/example_dags/example_branch_labels.py took 0.044 seconds
[2022-05-12 04:27:48,555] {processor.py:153} INFO - Started process (PID=711) to work on /home/airflow/.local/lib/python3.7/site-packages/airflow/example_dags/example_branch_labels.py
[2022-05-12 04:27:48,557] {processor.py:641} INFO - Processing file /home/airflow/.local/lib/python3.7/site-packages/airflow/example_dags/example_branch_labels.py for tasks to queue
[2022-05-12 04:27:48,558] {logging_mixin.py:115} INFO - [2022-05-12 04:27:48,558] {dagbag.py:507} INFO - Filling up the DagBag from /home/airflow/.local/lib/python3.7/site-packages/airflow/example_dags/example_branch_labels.py
[2022-05-12 04:27:48,562] {processor.py:651} INFO - DAG(s) dict_keys(['example_branch_labels']) retrieved from /home/airflow/.local/lib/python3.7/site-packages/airflow/example_dags/example_branch_labels.py
[2022-05-12 04:27:48,580] {logging_mixin.py:115} INFO - [2022-05-12 04:27:48,580] {dag.py:2371} INFO - Sync 1 DAGs
[2022-05-12 04:27:48,594] {logging_mixin.py:115} INFO - [2022-05-12 04:27:48,594] {dag.py:2919} INFO - Setting next_dagrun for example_branch_labels to 2022-05-11T00:00:00+00:00, run_after=2022-05-12T00:00:00+00:00
[2022-05-12 04:27:48,602] {processor.py:161} INFO - Processing /home/airflow/.local/lib/python3.7/site-packages/airflow/example_dags/example_branch_labels.py took 0.049 seconds
[2022-05-12 04:28:19,449] {processor.py:153} INFO - Started process (PID=917) to work on /home/airflow/.local/lib/python3.7/site-packages/airflow/example_dags/example_branch_labels.py
[2022-05-12 04:28:19,451] {processor.py:641} INFO - Processing file /home/airflow/.local/lib/python3.7/site-packages/airflow/example_dags/example_branch_labels.py for tasks to queue
[2022-05-12 04:28:19,452] {logging_mixin.py:115} INFO - [2022-05-12 04:28:19,452] {dagbag.py:507} INFO - Filling up the DagBag from /home/airflow/.local/lib/python3.7/site-packages/airflow/example_dags/example_branch_labels.py
[2022-05-12 04:28:19,457] {processor.py:651} INFO - DAG(s) dict_keys(['example_branch_labels']) retrieved from /home/airflow/.local/lib/python3.7/site-packages/airflow/example_dags/example_branch_labels.py
[2022-05-12 04:28:19,476] {logging_mixin.py:115} INFO - [2022-05-12 04:28:19,476] {dag.py:2371} INFO - Sync 1 DAGs
[2022-05-12 04:28:19,491] {logging_mixin.py:115} INFO - [2022-05-12 04:28:19,491] {dag.py:2919} INFO - Setting next_dagrun for example_branch_labels to 2022-05-11T00:00:00+00:00, run_after=2022-05-12T00:00:00+00:00
[2022-05-12 04:28:19,499] {processor.py:161} INFO - Processing /home/airflow/.local/lib/python3.7/site-packages/airflow/example_dags/example_branch_labels.py took 0.052 seconds
[2022-05-12 04:28:50,526] {processor.py:153} INFO - Started process (PID=1126) to work on /home/airflow/.local/lib/python3.7/site-packages/airflow/example_dags/example_branch_labels.py
[2022-05-12 04:28:50,528] {processor.py:641} INFO - Processing file /home/airflow/.local/lib/python3.7/site-packages/airflow/example_dags/example_branch_labels.py for tasks to queue
[2022-05-12 04:28:50,529] {logging_mixin.py:115} INFO - [2022-05-12 04:28:50,529] {dagbag.py:507} INFO - Filling up the DagBag from /home/airflow/.local/lib/python3.7/site-packages/airflow/example_dags/example_branch_labels.py
[2022-05-12 04:28:50,534] {processor.py:651} INFO - DAG(s) dict_keys(['example_branch_labels']) retrieved from /home/airflow/.local/lib/python3.7/site-packages/airflow/example_dags/example_branch_labels.py
[2022-05-12 04:28:50,556] {logging_mixin.py:115} INFO - [2022-05-12 04:28:50,556] {dag.py:2371} INFO - Sync 1 DAGs
[2022-05-12 04:28:50,571] {logging_mixin.py:115} INFO - [2022-05-12 04:28:50,571] {dag.py:2919} INFO - Setting next_dagrun for example_branch_labels to 2022-05-11T00:00:00+00:00, run_after=2022-05-12T00:00:00+00:00
[2022-05-12 04:28:50,579] {processor.py:161} INFO - Processing /home/airflow/.local/lib/python3.7/site-packages/airflow/example_dags/example_branch_labels.py took 0.055 seconds
[2022-05-12 04:29:21,258] {processor.py:153} INFO - Started process (PID=1319) to work on /home/airflow/.local/lib/python3.7/site-packages/airflow/example_dags/example_branch_labels.py
[2022-05-12 04:29:21,261] {processor.py:641} INFO - Processing file /home/airflow/.local/lib/python3.7/site-packages/airflow/example_dags/example_branch_labels.py for tasks to queue
[2022-05-12 04:29:21,263] {logging_mixin.py:115} INFO - [2022-05-12 04:29:21,263] {dagbag.py:507} INFO - Filling up the DagBag from /home/airflow/.local/lib/python3.7/site-packages/airflow/example_dags/example_branch_labels.py
[2022-05-12 04:29:21,270] {processor.py:651} INFO - DAG(s) dict_keys(['example_branch_labels']) retrieved from /home/airflow/.local/lib/python3.7/site-packages/airflow/example_dags/example_branch_labels.py
[2022-05-12 04:29:21,295] {logging_mixin.py:115} INFO - [2022-05-12 04:29:21,294] {dag.py:2371} INFO - Sync 1 DAGs
[2022-05-12 04:29:21,310] {logging_mixin.py:115} INFO - [2022-05-12 04:29:21,310] {dag.py:2919} INFO - Setting next_dagrun for example_branch_labels to 2022-05-11T00:00:00+00:00, run_after=2022-05-12T00:00:00+00:00
[2022-05-12 04:29:21,321] {processor.py:161} INFO - Processing /home/airflow/.local/lib/python3.7/site-packages/airflow/example_dags/example_branch_labels.py took 0.066 seconds
[2022-05-12 04:29:51,957] {processor.py:153} INFO - Started process (PID=1527) to work on /home/airflow/.local/lib/python3.7/site-packages/airflow/example_dags/example_branch_labels.py
[2022-05-12 04:29:51,958] {processor.py:641} INFO - Processing file /home/airflow/.local/lib/python3.7/site-packages/airflow/example_dags/example_branch_labels.py for tasks to queue
[2022-05-12 04:29:51,959] {logging_mixin.py:115} INFO - [2022-05-12 04:29:51,959] {dagbag.py:507} INFO - Filling up the DagBag from /home/airflow/.local/lib/python3.7/site-packages/airflow/example_dags/example_branch_labels.py
[2022-05-12 04:29:51,965] {processor.py:651} INFO - DAG(s) dict_keys(['example_branch_labels']) retrieved from /home/airflow/.local/lib/python3.7/site-packages/airflow/example_dags/example_branch_labels.py
[2022-05-12 04:29:51,988] {logging_mixin.py:115} INFO - [2022-05-12 04:29:51,987] {dag.py:2371} INFO - Sync 1 DAGs
[2022-05-12 04:29:52,002] {logging_mixin.py:115} INFO - [2022-05-12 04:29:52,002] {dag.py:2919} INFO - Setting next_dagrun for example_branch_labels to 2022-05-11T00:00:00+00:00, run_after=2022-05-12T00:00:00+00:00
[2022-05-12 04:29:52,009] {processor.py:161} INFO - Processing /home/airflow/.local/lib/python3.7/site-packages/airflow/example_dags/example_branch_labels.py took 0.054 seconds
[2022-05-12 04:30:22,847] {processor.py:153} INFO - Started process (PID=1740) to work on /home/airflow/.local/lib/python3.7/site-packages/airflow/example_dags/example_branch_labels.py
[2022-05-12 04:30:22,848] {processor.py:641} INFO - Processing file /home/airflow/.local/lib/python3.7/site-packages/airflow/example_dags/example_branch_labels.py for tasks to queue
[2022-05-12 04:30:22,850] {logging_mixin.py:115} INFO - [2022-05-12 04:30:22,850] {dagbag.py:507} INFO - Filling up the DagBag from /home/airflow/.local/lib/python3.7/site-packages/airflow/example_dags/example_branch_labels.py
[2022-05-12 04:30:22,855] {processor.py:651} INFO - DAG(s) dict_keys(['example_branch_labels']) retrieved from /home/airflow/.local/lib/python3.7/site-packages/airflow/example_dags/example_branch_labels.py
[2022-05-12 04:30:22,880] {logging_mixin.py:115} INFO - [2022-05-12 04:30:22,880] {dag.py:2371} INFO - Sync 1 DAGs
[2022-05-12 04:30:22,895] {logging_mixin.py:115} INFO - [2022-05-12 04:30:22,895] {dag.py:2919} INFO - Setting next_dagrun for example_branch_labels to 2022-05-11T00:00:00+00:00, run_after=2022-05-12T00:00:00+00:00
[2022-05-12 04:30:22,908] {processor.py:161} INFO - Processing /home/airflow/.local/lib/python3.7/site-packages/airflow/example_dags/example_branch_labels.py took 0.063 seconds
[2022-05-12 04:30:53,300] {processor.py:153} INFO - Started process (PID=1946) to work on /home/airflow/.local/lib/python3.7/site-packages/airflow/example_dags/example_branch_labels.py
[2022-05-12 04:30:53,302] {processor.py:641} INFO - Processing file /home/airflow/.local/lib/python3.7/site-packages/airflow/example_dags/example_branch_labels.py for tasks to queue
[2022-05-12 04:30:53,304] {logging_mixin.py:115} INFO - [2022-05-12 04:30:53,304] {dagbag.py:507} INFO - Filling up the DagBag from /home/airflow/.local/lib/python3.7/site-packages/airflow/example_dags/example_branch_labels.py
[2022-05-12 04:30:53,313] {processor.py:651} INFO - DAG(s) dict_keys(['example_branch_labels']) retrieved from /home/airflow/.local/lib/python3.7/site-packages/airflow/example_dags/example_branch_labels.py
[2022-05-12 04:30:53,342] {logging_mixin.py:115} INFO - [2022-05-12 04:30:53,342] {dag.py:2371} INFO - Sync 1 DAGs
[2022-05-12 04:30:53,362] {logging_mixin.py:115} INFO - [2022-05-12 04:30:53,362] {dag.py:2919} INFO - Setting next_dagrun for example_branch_labels to 2022-05-11T00:00:00+00:00, run_after=2022-05-12T00:00:00+00:00
[2022-05-12 04:30:53,374] {processor.py:161} INFO - Processing /home/airflow/.local/lib/python3.7/site-packages/airflow/example_dags/example_branch_labels.py took 0.077 seconds
[2022-05-12 04:31:24,130] {processor.py:153} INFO - Started process (PID=2150) to work on /home/airflow/.local/lib/python3.7/site-packages/airflow/example_dags/example_branch_labels.py
[2022-05-12 04:31:24,131] {processor.py:641} INFO - Processing file /home/airflow/.local/lib/python3.7/site-packages/airflow/example_dags/example_branch_labels.py for tasks to queue
[2022-05-12 04:31:24,132] {logging_mixin.py:115} INFO - [2022-05-12 04:31:24,132] {dagbag.py:507} INFO - Filling up the DagBag from /home/airflow/.local/lib/python3.7/site-packages/airflow/example_dags/example_branch_labels.py
[2022-05-12 04:31:24,136] {processor.py:651} INFO - DAG(s) dict_keys(['example_branch_labels']) retrieved from /home/airflow/.local/lib/python3.7/site-packages/airflow/example_dags/example_branch_labels.py
[2022-05-12 04:31:24,155] {logging_mixin.py:115} INFO - [2022-05-12 04:31:24,155] {dag.py:2371} INFO - Sync 1 DAGs
[2022-05-12 04:31:24,170] {logging_mixin.py:115} INFO - [2022-05-12 04:31:24,170] {dag.py:2919} INFO - Setting next_dagrun for example_branch_labels to 2022-05-11T00:00:00+00:00, run_after=2022-05-12T00:00:00+00:00
[2022-05-12 04:31:24,178] {processor.py:161} INFO - Processing /home/airflow/.local/lib/python3.7/site-packages/airflow/example_dags/example_branch_labels.py took 0.050 seconds
[2022-05-12 04:31:54,774] {processor.py:153} INFO - Started process (PID=2354) to work on /home/airflow/.local/lib/python3.7/site-packages/airflow/example_dags/example_branch_labels.py
[2022-05-12 04:31:54,776] {processor.py:641} INFO - Processing file /home/airflow/.local/lib/python3.7/site-packages/airflow/example_dags/example_branch_labels.py for tasks to queue
[2022-05-12 04:31:54,777] {logging_mixin.py:115} INFO - [2022-05-12 04:31:54,777] {dagbag.py:507} INFO - Filling up the DagBag from /home/airflow/.local/lib/python3.7/site-packages/airflow/example_dags/example_branch_labels.py
[2022-05-12 04:31:54,782] {processor.py:651} INFO - DAG(s) dict_keys(['example_branch_labels']) retrieved from /home/airflow/.local/lib/python3.7/site-packages/airflow/example_dags/example_branch_labels.py
[2022-05-12 04:31:54,803] {logging_mixin.py:115} INFO - [2022-05-12 04:31:54,803] {dag.py:2371} INFO - Sync 1 DAGs
[2022-05-12 04:31:54,823] {logging_mixin.py:115} INFO - [2022-05-12 04:31:54,823] {dag.py:2919} INFO - Setting next_dagrun for example_branch_labels to 2022-05-11T00:00:00+00:00, run_after=2022-05-12T00:00:00+00:00
[2022-05-12 04:31:54,833] {processor.py:161} INFO - Processing /home/airflow/.local/lib/python3.7/site-packages/airflow/example_dags/example_branch_labels.py took 0.061 seconds
[2022-05-12 04:32:25,577] {processor.py:153} INFO - Started process (PID=2550) to work on /home/airflow/.local/lib/python3.7/site-packages/airflow/example_dags/example_branch_labels.py
[2022-05-12 04:32:25,578] {processor.py:641} INFO - Processing file /home/airflow/.local/lib/python3.7/site-packages/airflow/example_dags/example_branch_labels.py for tasks to queue
[2022-05-12 04:32:25,581] {logging_mixin.py:115} INFO - [2022-05-12 04:32:25,581] {dagbag.py:507} INFO - Filling up the DagBag from /home/airflow/.local/lib/python3.7/site-packages/airflow/example_dags/example_branch_labels.py
[2022-05-12 04:32:25,587] {processor.py:651} INFO - DAG(s) dict_keys(['example_branch_labels']) retrieved from /home/airflow/.local/lib/python3.7/site-packages/airflow/example_dags/example_branch_labels.py
[2022-05-12 04:32:25,609] {logging_mixin.py:115} INFO - [2022-05-12 04:32:25,609] {dag.py:2371} INFO - Sync 1 DAGs
[2022-05-12 04:32:25,624] {logging_mixin.py:115} INFO - [2022-05-12 04:32:25,624] {dag.py:2919} INFO - Setting next_dagrun for example_branch_labels to 2022-05-11T00:00:00+00:00, run_after=2022-05-12T00:00:00+00:00
[2022-05-12 04:32:25,631] {processor.py:161} INFO - Processing /home/airflow/.local/lib/python3.7/site-packages/airflow/example_dags/example_branch_labels.py took 0.056 seconds
[2022-05-12 04:32:56,161] {processor.py:153} INFO - Started process (PID=2756) to work on /home/airflow/.local/lib/python3.7/site-packages/airflow/example_dags/example_branch_labels.py
[2022-05-12 04:32:56,163] {processor.py:641} INFO - Processing file /home/airflow/.local/lib/python3.7/site-packages/airflow/example_dags/example_branch_labels.py for tasks to queue
[2022-05-12 04:32:56,164] {logging_mixin.py:115} INFO - [2022-05-12 04:32:56,164] {dagbag.py:507} INFO - Filling up the DagBag from /home/airflow/.local/lib/python3.7/site-packages/airflow/example_dags/example_branch_labels.py
[2022-05-12 04:32:56,169] {processor.py:651} INFO - DAG(s) dict_keys(['example_branch_labels']) retrieved from /home/airflow/.local/lib/python3.7/site-packages/airflow/example_dags/example_branch_labels.py
[2022-05-12 04:32:56,189] {logging_mixin.py:115} INFO - [2022-05-12 04:32:56,188] {dag.py:2371} INFO - Sync 1 DAGs
[2022-05-12 04:32:56,203] {logging_mixin.py:115} INFO - [2022-05-12 04:32:56,203] {dag.py:2919} INFO - Setting next_dagrun for example_branch_labels to 2022-05-11T00:00:00+00:00, run_after=2022-05-12T00:00:00+00:00
[2022-05-12 04:32:56,210] {processor.py:161} INFO - Processing /home/airflow/.local/lib/python3.7/site-packages/airflow/example_dags/example_branch_labels.py took 0.051 seconds
[2022-05-12 04:33:26,842] {processor.py:153} INFO - Started process (PID=2962) to work on /home/airflow/.local/lib/python3.7/site-packages/airflow/example_dags/example_branch_labels.py
[2022-05-12 04:33:26,843] {processor.py:641} INFO - Processing file /home/airflow/.local/lib/python3.7/site-packages/airflow/example_dags/example_branch_labels.py for tasks to queue
[2022-05-12 04:33:26,844] {logging_mixin.py:115} INFO - [2022-05-12 04:33:26,844] {dagbag.py:507} INFO - Filling up the DagBag from /home/airflow/.local/lib/python3.7/site-packages/airflow/example_dags/example_branch_labels.py
[2022-05-12 04:33:26,849] {processor.py:651} INFO - DAG(s) dict_keys(['example_branch_labels']) retrieved from /home/airflow/.local/lib/python3.7/site-packages/airflow/example_dags/example_branch_labels.py
[2022-05-12 04:33:26,867] {logging_mixin.py:115} INFO - [2022-05-12 04:33:26,867] {dag.py:2371} INFO - Sync 1 DAGs
[2022-05-12 04:33:26,883] {logging_mixin.py:115} INFO - [2022-05-12 04:33:26,883] {dag.py:2919} INFO - Setting next_dagrun for example_branch_labels to 2022-05-11T00:00:00+00:00, run_after=2022-05-12T00:00:00+00:00
[2022-05-12 04:33:26,891] {processor.py:161} INFO - Processing /home/airflow/.local/lib/python3.7/site-packages/airflow/example_dags/example_branch_labels.py took 0.051 seconds
