[2022-05-12 04:26:46,992] {processor.py:153} INFO - Started process (PID=245) to work on /home/airflow/.local/lib/python3.7/site-packages/airflow/example_dags/tutorial_etl_dag.py
[2022-05-12 04:26:46,994] {processor.py:641} INFO - Processing file /home/airflow/.local/lib/python3.7/site-packages/airflow/example_dags/tutorial_etl_dag.py for tasks to queue
[2022-05-12 04:26:46,996] {logging_mixin.py:115} INFO - [2022-05-12 04:26:46,996] {dagbag.py:507} INFO - Filling up the DagBag from /home/airflow/.local/lib/python3.7/site-packages/airflow/example_dags/tutorial_etl_dag.py
[2022-05-12 04:26:47,007] {processor.py:651} INFO - DAG(s) dict_keys(['tutorial_etl_dag']) retrieved from /home/airflow/.local/lib/python3.7/site-packages/airflow/example_dags/tutorial_etl_dag.py
[2022-05-12 04:26:47,054] {logging_mixin.py:115} INFO - [2022-05-12 04:26:47,054] {manager.py:508} INFO - Created Permission View: can read on DAG:tutorial_etl_dag
[2022-05-12 04:26:47,061] {logging_mixin.py:115} INFO - [2022-05-12 04:26:47,061] {manager.py:508} INFO - Created Permission View: can edit on DAG:tutorial_etl_dag
[2022-05-12 04:26:47,067] {logging_mixin.py:115} INFO - [2022-05-12 04:26:47,067] {manager.py:508} INFO - Created Permission View: can delete on DAG:tutorial_etl_dag
[2022-05-12 04:26:47,068] {logging_mixin.py:115} INFO - [2022-05-12 04:26:47,068] {dag.py:2371} INFO - Sync 1 DAGs
[2022-05-12 04:26:47,075] {logging_mixin.py:115} INFO - [2022-05-12 04:26:47,075] {dag.py:2390} INFO - Creating ORM DAG for tutorial_etl_dag
[2022-05-12 04:26:47,084] {logging_mixin.py:115} INFO - [2022-05-12 04:26:47,084] {dag.py:2919} INFO - Setting next_dagrun for tutorial_etl_dag to None, run_after=None
[2022-05-12 04:26:47,094] {processor.py:161} INFO - Processing /home/airflow/.local/lib/python3.7/site-packages/airflow/example_dags/tutorial_etl_dag.py took 0.104 seconds
[2022-05-12 04:27:17,353] {processor.py:153} INFO - Started process (PID=452) to work on /home/airflow/.local/lib/python3.7/site-packages/airflow/example_dags/tutorial_etl_dag.py
[2022-05-12 04:27:17,357] {processor.py:641} INFO - Processing file /home/airflow/.local/lib/python3.7/site-packages/airflow/example_dags/tutorial_etl_dag.py for tasks to queue
[2022-05-12 04:27:17,359] {logging_mixin.py:115} INFO - [2022-05-12 04:27:17,359] {dagbag.py:507} INFO - Filling up the DagBag from /home/airflow/.local/lib/python3.7/site-packages/airflow/example_dags/tutorial_etl_dag.py
[2022-05-12 04:27:17,367] {processor.py:651} INFO - DAG(s) dict_keys(['tutorial_etl_dag']) retrieved from /home/airflow/.local/lib/python3.7/site-packages/airflow/example_dags/tutorial_etl_dag.py
[2022-05-12 04:27:17,385] {logging_mixin.py:115} INFO - [2022-05-12 04:27:17,385] {dag.py:2371} INFO - Sync 1 DAGs
[2022-05-12 04:27:17,398] {logging_mixin.py:115} INFO - [2022-05-12 04:27:17,398] {dag.py:2919} INFO - Setting next_dagrun for tutorial_etl_dag to None, run_after=None
[2022-05-12 04:27:17,406] {processor.py:161} INFO - Processing /home/airflow/.local/lib/python3.7/site-packages/airflow/example_dags/tutorial_etl_dag.py took 0.057 seconds
[2022-05-12 04:27:48,102] {processor.py:153} INFO - Started process (PID=654) to work on /home/airflow/.local/lib/python3.7/site-packages/airflow/example_dags/tutorial_etl_dag.py
[2022-05-12 04:27:48,104] {processor.py:641} INFO - Processing file /home/airflow/.local/lib/python3.7/site-packages/airflow/example_dags/tutorial_etl_dag.py for tasks to queue
[2022-05-12 04:27:48,104] {logging_mixin.py:115} INFO - [2022-05-12 04:27:48,104] {dagbag.py:507} INFO - Filling up the DagBag from /home/airflow/.local/lib/python3.7/site-packages/airflow/example_dags/tutorial_etl_dag.py
[2022-05-12 04:27:48,112] {processor.py:651} INFO - DAG(s) dict_keys(['tutorial_etl_dag']) retrieved from /home/airflow/.local/lib/python3.7/site-packages/airflow/example_dags/tutorial_etl_dag.py
[2022-05-12 04:27:48,127] {logging_mixin.py:115} INFO - [2022-05-12 04:27:48,127] {dag.py:2371} INFO - Sync 1 DAGs
[2022-05-12 04:27:48,141] {logging_mixin.py:115} INFO - [2022-05-12 04:27:48,141] {dag.py:2919} INFO - Setting next_dagrun for tutorial_etl_dag to None, run_after=None
[2022-05-12 04:27:48,149] {processor.py:161} INFO - Processing /home/airflow/.local/lib/python3.7/site-packages/airflow/example_dags/tutorial_etl_dag.py took 0.049 seconds
[2022-05-12 04:28:18,914] {processor.py:153} INFO - Started process (PID=864) to work on /home/airflow/.local/lib/python3.7/site-packages/airflow/example_dags/tutorial_etl_dag.py
[2022-05-12 04:28:18,915] {processor.py:641} INFO - Processing file /home/airflow/.local/lib/python3.7/site-packages/airflow/example_dags/tutorial_etl_dag.py for tasks to queue
[2022-05-12 04:28:18,916] {logging_mixin.py:115} INFO - [2022-05-12 04:28:18,916] {dagbag.py:507} INFO - Filling up the DagBag from /home/airflow/.local/lib/python3.7/site-packages/airflow/example_dags/tutorial_etl_dag.py
[2022-05-12 04:28:18,924] {processor.py:651} INFO - DAG(s) dict_keys(['tutorial_etl_dag']) retrieved from /home/airflow/.local/lib/python3.7/site-packages/airflow/example_dags/tutorial_etl_dag.py
[2022-05-12 04:28:18,942] {logging_mixin.py:115} INFO - [2022-05-12 04:28:18,942] {dag.py:2371} INFO - Sync 1 DAGs
[2022-05-12 04:28:18,957] {logging_mixin.py:115} INFO - [2022-05-12 04:28:18,957] {dag.py:2919} INFO - Setting next_dagrun for tutorial_etl_dag to None, run_after=None
[2022-05-12 04:28:18,968] {processor.py:161} INFO - Processing /home/airflow/.local/lib/python3.7/site-packages/airflow/example_dags/tutorial_etl_dag.py took 0.056 seconds
[2022-05-12 04:28:49,740] {processor.py:153} INFO - Started process (PID=1069) to work on /home/airflow/.local/lib/python3.7/site-packages/airflow/example_dags/tutorial_etl_dag.py
[2022-05-12 04:28:49,743] {processor.py:641} INFO - Processing file /home/airflow/.local/lib/python3.7/site-packages/airflow/example_dags/tutorial_etl_dag.py for tasks to queue
[2022-05-12 04:28:49,745] {logging_mixin.py:115} INFO - [2022-05-12 04:28:49,745] {dagbag.py:507} INFO - Filling up the DagBag from /home/airflow/.local/lib/python3.7/site-packages/airflow/example_dags/tutorial_etl_dag.py
[2022-05-12 04:28:49,758] {processor.py:651} INFO - DAG(s) dict_keys(['tutorial_etl_dag']) retrieved from /home/airflow/.local/lib/python3.7/site-packages/airflow/example_dags/tutorial_etl_dag.py
[2022-05-12 04:28:49,776] {logging_mixin.py:115} INFO - [2022-05-12 04:28:49,776] {dag.py:2371} INFO - Sync 1 DAGs
[2022-05-12 04:28:49,792] {logging_mixin.py:115} INFO - [2022-05-12 04:28:49,792] {dag.py:2919} INFO - Setting next_dagrun for tutorial_etl_dag to None, run_after=None
[2022-05-12 04:28:49,803] {processor.py:161} INFO - Processing /home/airflow/.local/lib/python3.7/site-packages/airflow/example_dags/tutorial_etl_dag.py took 0.067 seconds
[2022-05-12 04:29:20,720] {processor.py:153} INFO - Started process (PID=1264) to work on /home/airflow/.local/lib/python3.7/site-packages/airflow/example_dags/tutorial_etl_dag.py
[2022-05-12 04:29:20,721] {processor.py:641} INFO - Processing file /home/airflow/.local/lib/python3.7/site-packages/airflow/example_dags/tutorial_etl_dag.py for tasks to queue
[2022-05-12 04:29:20,722] {logging_mixin.py:115} INFO - [2022-05-12 04:29:20,722] {dagbag.py:507} INFO - Filling up the DagBag from /home/airflow/.local/lib/python3.7/site-packages/airflow/example_dags/tutorial_etl_dag.py
[2022-05-12 04:29:20,729] {processor.py:651} INFO - DAG(s) dict_keys(['tutorial_etl_dag']) retrieved from /home/airflow/.local/lib/python3.7/site-packages/airflow/example_dags/tutorial_etl_dag.py
[2022-05-12 04:29:20,745] {logging_mixin.py:115} INFO - [2022-05-12 04:29:20,745] {dag.py:2371} INFO - Sync 1 DAGs
[2022-05-12 04:29:20,760] {logging_mixin.py:115} INFO - [2022-05-12 04:29:20,760] {dag.py:2919} INFO - Setting next_dagrun for tutorial_etl_dag to None, run_after=None
[2022-05-12 04:29:20,767] {processor.py:161} INFO - Processing /home/airflow/.local/lib/python3.7/site-packages/airflow/example_dags/tutorial_etl_dag.py took 0.048 seconds
[2022-05-12 04:29:51,475] {processor.py:153} INFO - Started process (PID=1472) to work on /home/airflow/.local/lib/python3.7/site-packages/airflow/example_dags/tutorial_etl_dag.py
[2022-05-12 04:29:51,476] {processor.py:641} INFO - Processing file /home/airflow/.local/lib/python3.7/site-packages/airflow/example_dags/tutorial_etl_dag.py for tasks to queue
[2022-05-12 04:29:51,477] {logging_mixin.py:115} INFO - [2022-05-12 04:29:51,477] {dagbag.py:507} INFO - Filling up the DagBag from /home/airflow/.local/lib/python3.7/site-packages/airflow/example_dags/tutorial_etl_dag.py
[2022-05-12 04:29:51,484] {processor.py:651} INFO - DAG(s) dict_keys(['tutorial_etl_dag']) retrieved from /home/airflow/.local/lib/python3.7/site-packages/airflow/example_dags/tutorial_etl_dag.py
[2022-05-12 04:29:51,500] {logging_mixin.py:115} INFO - [2022-05-12 04:29:51,499] {dag.py:2371} INFO - Sync 1 DAGs
[2022-05-12 04:29:51,516] {logging_mixin.py:115} INFO - [2022-05-12 04:29:51,516] {dag.py:2919} INFO - Setting next_dagrun for tutorial_etl_dag to None, run_after=None
[2022-05-12 04:29:51,527] {processor.py:161} INFO - Processing /home/airflow/.local/lib/python3.7/site-packages/airflow/example_dags/tutorial_etl_dag.py took 0.054 seconds
[2022-05-12 04:30:22,227] {processor.py:153} INFO - Started process (PID=1685) to work on /home/airflow/.local/lib/python3.7/site-packages/airflow/example_dags/tutorial_etl_dag.py
[2022-05-12 04:30:22,228] {processor.py:641} INFO - Processing file /home/airflow/.local/lib/python3.7/site-packages/airflow/example_dags/tutorial_etl_dag.py for tasks to queue
[2022-05-12 04:30:22,230] {logging_mixin.py:115} INFO - [2022-05-12 04:30:22,230] {dagbag.py:507} INFO - Filling up the DagBag from /home/airflow/.local/lib/python3.7/site-packages/airflow/example_dags/tutorial_etl_dag.py
[2022-05-12 04:30:22,238] {processor.py:651} INFO - DAG(s) dict_keys(['tutorial_etl_dag']) retrieved from /home/airflow/.local/lib/python3.7/site-packages/airflow/example_dags/tutorial_etl_dag.py
[2022-05-12 04:30:22,260] {logging_mixin.py:115} INFO - [2022-05-12 04:30:22,260] {dag.py:2371} INFO - Sync 1 DAGs
[2022-05-12 04:30:22,278] {logging_mixin.py:115} INFO - [2022-05-12 04:30:22,278] {dag.py:2919} INFO - Setting next_dagrun for tutorial_etl_dag to None, run_after=None
[2022-05-12 04:30:22,288] {processor.py:161} INFO - Processing /home/airflow/.local/lib/python3.7/site-packages/airflow/example_dags/tutorial_etl_dag.py took 0.064 seconds
[2022-05-12 04:30:52,520] {processor.py:153} INFO - Started process (PID=1891) to work on /home/airflow/.local/lib/python3.7/site-packages/airflow/example_dags/tutorial_etl_dag.py
[2022-05-12 04:30:52,522] {processor.py:641} INFO - Processing file /home/airflow/.local/lib/python3.7/site-packages/airflow/example_dags/tutorial_etl_dag.py for tasks to queue
[2022-05-12 04:30:52,523] {logging_mixin.py:115} INFO - [2022-05-12 04:30:52,523] {dagbag.py:507} INFO - Filling up the DagBag from /home/airflow/.local/lib/python3.7/site-packages/airflow/example_dags/tutorial_etl_dag.py
[2022-05-12 04:30:52,532] {processor.py:651} INFO - DAG(s) dict_keys(['tutorial_etl_dag']) retrieved from /home/airflow/.local/lib/python3.7/site-packages/airflow/example_dags/tutorial_etl_dag.py
[2022-05-12 04:30:52,559] {logging_mixin.py:115} INFO - [2022-05-12 04:30:52,559] {dag.py:2371} INFO - Sync 1 DAGs
[2022-05-12 04:30:52,578] {logging_mixin.py:115} INFO - [2022-05-12 04:30:52,578] {dag.py:2919} INFO - Setting next_dagrun for tutorial_etl_dag to None, run_after=None
[2022-05-12 04:30:52,593] {processor.py:161} INFO - Processing /home/airflow/.local/lib/python3.7/site-packages/airflow/example_dags/tutorial_etl_dag.py took 0.078 seconds
[2022-05-12 04:31:23,622] {processor.py:153} INFO - Started process (PID=2095) to work on /home/airflow/.local/lib/python3.7/site-packages/airflow/example_dags/tutorial_etl_dag.py
[2022-05-12 04:31:23,624] {processor.py:641} INFO - Processing file /home/airflow/.local/lib/python3.7/site-packages/airflow/example_dags/tutorial_etl_dag.py for tasks to queue
[2022-05-12 04:31:23,626] {logging_mixin.py:115} INFO - [2022-05-12 04:31:23,626] {dagbag.py:507} INFO - Filling up the DagBag from /home/airflow/.local/lib/python3.7/site-packages/airflow/example_dags/tutorial_etl_dag.py
[2022-05-12 04:31:23,638] {processor.py:651} INFO - DAG(s) dict_keys(['tutorial_etl_dag']) retrieved from /home/airflow/.local/lib/python3.7/site-packages/airflow/example_dags/tutorial_etl_dag.py
[2022-05-12 04:31:23,661] {logging_mixin.py:115} INFO - [2022-05-12 04:31:23,661] {dag.py:2371} INFO - Sync 1 DAGs
[2022-05-12 04:31:23,674] {logging_mixin.py:115} INFO - [2022-05-12 04:31:23,674] {dag.py:2919} INFO - Setting next_dagrun for tutorial_etl_dag to None, run_after=None
[2022-05-12 04:31:23,682] {processor.py:161} INFO - Processing /home/airflow/.local/lib/python3.7/site-packages/airflow/example_dags/tutorial_etl_dag.py took 0.064 seconds
[2022-05-12 04:31:54,229] {processor.py:153} INFO - Started process (PID=2297) to work on /home/airflow/.local/lib/python3.7/site-packages/airflow/example_dags/tutorial_etl_dag.py
[2022-05-12 04:31:54,230] {processor.py:641} INFO - Processing file /home/airflow/.local/lib/python3.7/site-packages/airflow/example_dags/tutorial_etl_dag.py for tasks to queue
[2022-05-12 04:31:54,231] {logging_mixin.py:115} INFO - [2022-05-12 04:31:54,231] {dagbag.py:507} INFO - Filling up the DagBag from /home/airflow/.local/lib/python3.7/site-packages/airflow/example_dags/tutorial_etl_dag.py
[2022-05-12 04:31:54,237] {processor.py:651} INFO - DAG(s) dict_keys(['tutorial_etl_dag']) retrieved from /home/airflow/.local/lib/python3.7/site-packages/airflow/example_dags/tutorial_etl_dag.py
[2022-05-12 04:31:54,253] {logging_mixin.py:115} INFO - [2022-05-12 04:31:54,253] {dag.py:2371} INFO - Sync 1 DAGs
[2022-05-12 04:31:54,266] {logging_mixin.py:115} INFO - [2022-05-12 04:31:54,266] {dag.py:2919} INFO - Setting next_dagrun for tutorial_etl_dag to None, run_after=None
[2022-05-12 04:31:54,274] {processor.py:161} INFO - Processing /home/airflow/.local/lib/python3.7/site-packages/airflow/example_dags/tutorial_etl_dag.py took 0.047 seconds
[2022-05-12 04:32:25,003] {processor.py:153} INFO - Started process (PID=2493) to work on /home/airflow/.local/lib/python3.7/site-packages/airflow/example_dags/tutorial_etl_dag.py
[2022-05-12 04:32:25,005] {processor.py:641} INFO - Processing file /home/airflow/.local/lib/python3.7/site-packages/airflow/example_dags/tutorial_etl_dag.py for tasks to queue
[2022-05-12 04:32:25,007] {logging_mixin.py:115} INFO - [2022-05-12 04:32:25,007] {dagbag.py:507} INFO - Filling up the DagBag from /home/airflow/.local/lib/python3.7/site-packages/airflow/example_dags/tutorial_etl_dag.py
[2022-05-12 04:32:25,015] {processor.py:651} INFO - DAG(s) dict_keys(['tutorial_etl_dag']) retrieved from /home/airflow/.local/lib/python3.7/site-packages/airflow/example_dags/tutorial_etl_dag.py
[2022-05-12 04:32:25,035] {logging_mixin.py:115} INFO - [2022-05-12 04:32:25,035] {dag.py:2371} INFO - Sync 1 DAGs
[2022-05-12 04:32:25,048] {logging_mixin.py:115} INFO - [2022-05-12 04:32:25,048] {dag.py:2919} INFO - Setting next_dagrun for tutorial_etl_dag to None, run_after=None
[2022-05-12 04:32:25,060] {processor.py:161} INFO - Processing /home/airflow/.local/lib/python3.7/site-packages/airflow/example_dags/tutorial_etl_dag.py took 0.061 seconds
[2022-05-12 04:32:55,665] {processor.py:153} INFO - Started process (PID=2701) to work on /home/airflow/.local/lib/python3.7/site-packages/airflow/example_dags/tutorial_etl_dag.py
[2022-05-12 04:32:55,667] {processor.py:641} INFO - Processing file /home/airflow/.local/lib/python3.7/site-packages/airflow/example_dags/tutorial_etl_dag.py for tasks to queue
[2022-05-12 04:32:55,669] {logging_mixin.py:115} INFO - [2022-05-12 04:32:55,669] {dagbag.py:507} INFO - Filling up the DagBag from /home/airflow/.local/lib/python3.7/site-packages/airflow/example_dags/tutorial_etl_dag.py
[2022-05-12 04:32:55,678] {processor.py:651} INFO - DAG(s) dict_keys(['tutorial_etl_dag']) retrieved from /home/airflow/.local/lib/python3.7/site-packages/airflow/example_dags/tutorial_etl_dag.py
[2022-05-12 04:32:55,697] {logging_mixin.py:115} INFO - [2022-05-12 04:32:55,697] {dag.py:2371} INFO - Sync 1 DAGs
[2022-05-12 04:32:55,710] {logging_mixin.py:115} INFO - [2022-05-12 04:32:55,710] {dag.py:2919} INFO - Setting next_dagrun for tutorial_etl_dag to None, run_after=None
[2022-05-12 04:32:55,720] {processor.py:161} INFO - Processing /home/airflow/.local/lib/python3.7/site-packages/airflow/example_dags/tutorial_etl_dag.py took 0.061 seconds
[2022-05-12 04:33:26,323] {processor.py:153} INFO - Started process (PID=2907) to work on /home/airflow/.local/lib/python3.7/site-packages/airflow/example_dags/tutorial_etl_dag.py
[2022-05-12 04:33:26,327] {processor.py:641} INFO - Processing file /home/airflow/.local/lib/python3.7/site-packages/airflow/example_dags/tutorial_etl_dag.py for tasks to queue
[2022-05-12 04:33:26,329] {logging_mixin.py:115} INFO - [2022-05-12 04:33:26,329] {dagbag.py:507} INFO - Filling up the DagBag from /home/airflow/.local/lib/python3.7/site-packages/airflow/example_dags/tutorial_etl_dag.py
[2022-05-12 04:33:26,339] {processor.py:651} INFO - DAG(s) dict_keys(['tutorial_etl_dag']) retrieved from /home/airflow/.local/lib/python3.7/site-packages/airflow/example_dags/tutorial_etl_dag.py
[2022-05-12 04:33:26,362] {logging_mixin.py:115} INFO - [2022-05-12 04:33:26,362] {dag.py:2371} INFO - Sync 1 DAGs
[2022-05-12 04:33:26,378] {logging_mixin.py:115} INFO - [2022-05-12 04:33:26,378] {dag.py:2919} INFO - Setting next_dagrun for tutorial_etl_dag to None, run_after=None
[2022-05-12 04:33:26,385] {processor.py:161} INFO - Processing /home/airflow/.local/lib/python3.7/site-packages/airflow/example_dags/tutorial_etl_dag.py took 0.066 seconds
