[2022-05-12 04:26:45,920] {processor.py:153} INFO - Started process (PID=180) to work on /home/airflow/.local/lib/python3.7/site-packages/airflow/example_dags/tutorial.py
[2022-05-12 04:26:45,922] {processor.py:641} INFO - Processing file /home/airflow/.local/lib/python3.7/site-packages/airflow/example_dags/tutorial.py for tasks to queue
[2022-05-12 04:26:45,923] {logging_mixin.py:115} INFO - [2022-05-12 04:26:45,923] {dagbag.py:507} INFO - Filling up the DagBag from /home/airflow/.local/lib/python3.7/site-packages/airflow/example_dags/tutorial.py
[2022-05-12 04:26:45,927] {processor.py:651} INFO - DAG(s) dict_keys(['tutorial']) retrieved from /home/airflow/.local/lib/python3.7/site-packages/airflow/example_dags/tutorial.py
[2022-05-12 04:26:46,039] {logging_mixin.py:115} INFO - [2022-05-12 04:26:46,039] {manager.py:508} INFO - Created Permission View: can read on DAG:tutorial
[2022-05-12 04:26:46,050] {logging_mixin.py:115} INFO - [2022-05-12 04:26:46,050] {manager.py:508} INFO - Created Permission View: can edit on DAG:tutorial
[2022-05-12 04:26:46,058] {logging_mixin.py:115} INFO - [2022-05-12 04:26:46,058] {manager.py:508} INFO - Created Permission View: can delete on DAG:tutorial
[2022-05-12 04:26:46,059] {logging_mixin.py:115} INFO - [2022-05-12 04:26:46,059] {dag.py:2371} INFO - Sync 1 DAGs
[2022-05-12 04:26:46,065] {logging_mixin.py:115} INFO - [2022-05-12 04:26:46,065] {dag.py:2390} INFO - Creating ORM DAG for tutorial
[2022-05-12 04:26:46,074] {logging_mixin.py:115} INFO - [2022-05-12 04:26:46,074] {dag.py:2919} INFO - Setting next_dagrun for tutorial to 2022-05-11T04:26:46.073826+00:00, run_after=2022-05-12T04:26:46.073826+00:00
[2022-05-12 04:26:46,084] {processor.py:161} INFO - Processing /home/airflow/.local/lib/python3.7/site-packages/airflow/example_dags/tutorial.py took 0.166 seconds
[2022-05-12 04:27:16,710] {processor.py:153} INFO - Started process (PID=385) to work on /home/airflow/.local/lib/python3.7/site-packages/airflow/example_dags/tutorial.py
[2022-05-12 04:27:16,713] {processor.py:641} INFO - Processing file /home/airflow/.local/lib/python3.7/site-packages/airflow/example_dags/tutorial.py for tasks to queue
[2022-05-12 04:27:16,715] {logging_mixin.py:115} INFO - [2022-05-12 04:27:16,715] {dagbag.py:507} INFO - Filling up the DagBag from /home/airflow/.local/lib/python3.7/site-packages/airflow/example_dags/tutorial.py
[2022-05-12 04:27:16,719] {processor.py:651} INFO - DAG(s) dict_keys(['tutorial']) retrieved from /home/airflow/.local/lib/python3.7/site-packages/airflow/example_dags/tutorial.py
[2022-05-12 04:27:16,738] {logging_mixin.py:115} INFO - [2022-05-12 04:27:16,738] {dag.py:2371} INFO - Sync 1 DAGs
[2022-05-12 04:27:16,752] {logging_mixin.py:115} INFO - [2022-05-12 04:27:16,752] {dag.py:2919} INFO - Setting next_dagrun for tutorial to 2022-05-11T04:27:16.752169+00:00, run_after=2022-05-12T04:27:16.752169+00:00
[2022-05-12 04:27:16,759] {processor.py:161} INFO - Processing /home/airflow/.local/lib/python3.7/site-packages/airflow/example_dags/tutorial.py took 0.051 seconds
[2022-05-12 04:27:47,578] {processor.py:153} INFO - Started process (PID=589) to work on /home/airflow/.local/lib/python3.7/site-packages/airflow/example_dags/tutorial.py
[2022-05-12 04:27:47,579] {processor.py:641} INFO - Processing file /home/airflow/.local/lib/python3.7/site-packages/airflow/example_dags/tutorial.py for tasks to queue
[2022-05-12 04:27:47,581] {logging_mixin.py:115} INFO - [2022-05-12 04:27:47,581] {dagbag.py:507} INFO - Filling up the DagBag from /home/airflow/.local/lib/python3.7/site-packages/airflow/example_dags/tutorial.py
[2022-05-12 04:27:47,585] {processor.py:651} INFO - DAG(s) dict_keys(['tutorial']) retrieved from /home/airflow/.local/lib/python3.7/site-packages/airflow/example_dags/tutorial.py
[2022-05-12 04:27:47,603] {logging_mixin.py:115} INFO - [2022-05-12 04:27:47,603] {dag.py:2371} INFO - Sync 1 DAGs
[2022-05-12 04:27:47,616] {logging_mixin.py:115} INFO - [2022-05-12 04:27:47,616] {dag.py:2919} INFO - Setting next_dagrun for tutorial to 2022-05-11T04:27:47.616189+00:00, run_after=2022-05-12T04:27:47.616189+00:00
[2022-05-12 04:27:47,624] {processor.py:161} INFO - Processing /home/airflow/.local/lib/python3.7/site-packages/airflow/example_dags/tutorial.py took 0.048 seconds
[2022-05-12 04:28:18,233] {processor.py:153} INFO - Started process (PID=797) to work on /home/airflow/.local/lib/python3.7/site-packages/airflow/example_dags/tutorial.py
[2022-05-12 04:28:18,235] {processor.py:641} INFO - Processing file /home/airflow/.local/lib/python3.7/site-packages/airflow/example_dags/tutorial.py for tasks to queue
[2022-05-12 04:28:18,236] {logging_mixin.py:115} INFO - [2022-05-12 04:28:18,236] {dagbag.py:507} INFO - Filling up the DagBag from /home/airflow/.local/lib/python3.7/site-packages/airflow/example_dags/tutorial.py
[2022-05-12 04:28:18,242] {processor.py:651} INFO - DAG(s) dict_keys(['tutorial']) retrieved from /home/airflow/.local/lib/python3.7/site-packages/airflow/example_dags/tutorial.py
[2022-05-12 04:28:18,264] {logging_mixin.py:115} INFO - [2022-05-12 04:28:18,264] {dag.py:2371} INFO - Sync 1 DAGs
[2022-05-12 04:28:18,281] {logging_mixin.py:115} INFO - [2022-05-12 04:28:18,280] {dag.py:2919} INFO - Setting next_dagrun for tutorial to 2022-05-11T04:28:18.280458+00:00, run_after=2022-05-12T04:28:18.280458+00:00
[2022-05-12 04:28:18,290] {processor.py:161} INFO - Processing /home/airflow/.local/lib/python3.7/site-packages/airflow/example_dags/tutorial.py took 0.058 seconds
[2022-05-12 04:28:49,052] {processor.py:153} INFO - Started process (PID=994) to work on /home/airflow/.local/lib/python3.7/site-packages/airflow/example_dags/tutorial.py
[2022-05-12 04:28:49,054] {processor.py:641} INFO - Processing file /home/airflow/.local/lib/python3.7/site-packages/airflow/example_dags/tutorial.py for tasks to queue
[2022-05-12 04:28:49,055] {logging_mixin.py:115} INFO - [2022-05-12 04:28:49,055] {dagbag.py:507} INFO - Filling up the DagBag from /home/airflow/.local/lib/python3.7/site-packages/airflow/example_dags/tutorial.py
[2022-05-12 04:28:49,059] {processor.py:651} INFO - DAG(s) dict_keys(['tutorial']) retrieved from /home/airflow/.local/lib/python3.7/site-packages/airflow/example_dags/tutorial.py
[2022-05-12 04:28:49,076] {logging_mixin.py:115} INFO - [2022-05-12 04:28:49,076] {dag.py:2371} INFO - Sync 1 DAGs
[2022-05-12 04:28:49,095] {logging_mixin.py:115} INFO - [2022-05-12 04:28:49,095] {dag.py:2919} INFO - Setting next_dagrun for tutorial to 2022-05-11T04:28:49.093379+00:00, run_after=2022-05-12T04:28:49.093379+00:00
[2022-05-12 04:28:49,106] {processor.py:161} INFO - Processing /home/airflow/.local/lib/python3.7/site-packages/airflow/example_dags/tutorial.py took 0.056 seconds
[2022-05-12 04:29:20,180] {processor.py:153} INFO - Started process (PID=1199) to work on /home/airflow/.local/lib/python3.7/site-packages/airflow/example_dags/tutorial.py
[2022-05-12 04:29:20,182] {processor.py:641} INFO - Processing file /home/airflow/.local/lib/python3.7/site-packages/airflow/example_dags/tutorial.py for tasks to queue
[2022-05-12 04:29:20,182] {logging_mixin.py:115} INFO - [2022-05-12 04:29:20,182] {dagbag.py:507} INFO - Filling up the DagBag from /home/airflow/.local/lib/python3.7/site-packages/airflow/example_dags/tutorial.py
[2022-05-12 04:29:20,187] {processor.py:651} INFO - DAG(s) dict_keys(['tutorial']) retrieved from /home/airflow/.local/lib/python3.7/site-packages/airflow/example_dags/tutorial.py
[2022-05-12 04:29:20,214] {logging_mixin.py:115} INFO - [2022-05-12 04:29:20,213] {dag.py:2371} INFO - Sync 1 DAGs
[2022-05-12 04:29:20,230] {logging_mixin.py:115} INFO - [2022-05-12 04:29:20,230] {dag.py:2919} INFO - Setting next_dagrun for tutorial to 2022-05-11T04:29:20.229740+00:00, run_after=2022-05-12T04:29:20.229740+00:00
[2022-05-12 04:29:20,238] {processor.py:161} INFO - Processing /home/airflow/.local/lib/python3.7/site-packages/airflow/example_dags/tutorial.py took 0.060 seconds
[2022-05-12 04:29:50,990] {processor.py:153} INFO - Started process (PID=1407) to work on /home/airflow/.local/lib/python3.7/site-packages/airflow/example_dags/tutorial.py
[2022-05-12 04:29:50,991] {processor.py:641} INFO - Processing file /home/airflow/.local/lib/python3.7/site-packages/airflow/example_dags/tutorial.py for tasks to queue
[2022-05-12 04:29:50,993] {logging_mixin.py:115} INFO - [2022-05-12 04:29:50,993] {dagbag.py:507} INFO - Filling up the DagBag from /home/airflow/.local/lib/python3.7/site-packages/airflow/example_dags/tutorial.py
[2022-05-12 04:29:50,997] {processor.py:651} INFO - DAG(s) dict_keys(['tutorial']) retrieved from /home/airflow/.local/lib/python3.7/site-packages/airflow/example_dags/tutorial.py
[2022-05-12 04:29:51,020] {logging_mixin.py:115} INFO - [2022-05-12 04:29:51,020] {dag.py:2371} INFO - Sync 1 DAGs
[2022-05-12 04:29:51,033] {logging_mixin.py:115} INFO - [2022-05-12 04:29:51,033] {dag.py:2919} INFO - Setting next_dagrun for tutorial to 2022-05-11T04:29:51.033572+00:00, run_after=2022-05-12T04:29:51.033572+00:00
[2022-05-12 04:29:51,042] {processor.py:161} INFO - Processing /home/airflow/.local/lib/python3.7/site-packages/airflow/example_dags/tutorial.py took 0.054 seconds
[2022-05-12 04:30:21,473] {processor.py:153} INFO - Started process (PID=1620) to work on /home/airflow/.local/lib/python3.7/site-packages/airflow/example_dags/tutorial.py
[2022-05-12 04:30:21,474] {processor.py:641} INFO - Processing file /home/airflow/.local/lib/python3.7/site-packages/airflow/example_dags/tutorial.py for tasks to queue
[2022-05-12 04:30:21,475] {logging_mixin.py:115} INFO - [2022-05-12 04:30:21,475] {dagbag.py:507} INFO - Filling up the DagBag from /home/airflow/.local/lib/python3.7/site-packages/airflow/example_dags/tutorial.py
[2022-05-12 04:30:21,480] {processor.py:651} INFO - DAG(s) dict_keys(['tutorial']) retrieved from /home/airflow/.local/lib/python3.7/site-packages/airflow/example_dags/tutorial.py
[2022-05-12 04:30:21,512] {logging_mixin.py:115} INFO - [2022-05-12 04:30:21,512] {dag.py:2371} INFO - Sync 1 DAGs
[2022-05-12 04:30:21,542] {logging_mixin.py:115} INFO - [2022-05-12 04:30:21,542] {dag.py:2919} INFO - Setting next_dagrun for tutorial to 2022-05-11T04:30:21.541369+00:00, run_after=2022-05-12T04:30:21.541369+00:00
[2022-05-12 04:30:21,552] {processor.py:161} INFO - Processing /home/airflow/.local/lib/python3.7/site-packages/airflow/example_dags/tutorial.py took 0.082 seconds
[2022-05-12 04:30:51,767] {processor.py:153} INFO - Started process (PID=1826) to work on /home/airflow/.local/lib/python3.7/site-packages/airflow/example_dags/tutorial.py
[2022-05-12 04:30:51,772] {processor.py:641} INFO - Processing file /home/airflow/.local/lib/python3.7/site-packages/airflow/example_dags/tutorial.py for tasks to queue
[2022-05-12 04:30:51,774] {logging_mixin.py:115} INFO - [2022-05-12 04:30:51,774] {dagbag.py:507} INFO - Filling up the DagBag from /home/airflow/.local/lib/python3.7/site-packages/airflow/example_dags/tutorial.py
[2022-05-12 04:30:51,780] {processor.py:651} INFO - DAG(s) dict_keys(['tutorial']) retrieved from /home/airflow/.local/lib/python3.7/site-packages/airflow/example_dags/tutorial.py
[2022-05-12 04:30:51,804] {logging_mixin.py:115} INFO - [2022-05-12 04:30:51,804] {dag.py:2371} INFO - Sync 1 DAGs
[2022-05-12 04:30:51,820] {logging_mixin.py:115} INFO - [2022-05-12 04:30:51,820] {dag.py:2919} INFO - Setting next_dagrun for tutorial to 2022-05-11T04:30:51.820172+00:00, run_after=2022-05-12T04:30:51.820172+00:00
[2022-05-12 04:30:51,830] {processor.py:161} INFO - Processing /home/airflow/.local/lib/python3.7/site-packages/airflow/example_dags/tutorial.py took 0.067 seconds
[2022-05-12 04:31:22,070] {processor.py:153} INFO - Started process (PID=2030) to work on /home/airflow/.local/lib/python3.7/site-packages/airflow/example_dags/tutorial.py
[2022-05-12 04:31:22,071] {processor.py:641} INFO - Processing file /home/airflow/.local/lib/python3.7/site-packages/airflow/example_dags/tutorial.py for tasks to queue
[2022-05-12 04:31:22,073] {logging_mixin.py:115} INFO - [2022-05-12 04:31:22,073] {dagbag.py:507} INFO - Filling up the DagBag from /home/airflow/.local/lib/python3.7/site-packages/airflow/example_dags/tutorial.py
[2022-05-12 04:31:22,078] {processor.py:651} INFO - DAG(s) dict_keys(['tutorial']) retrieved from /home/airflow/.local/lib/python3.7/site-packages/airflow/example_dags/tutorial.py
[2022-05-12 04:31:22,108] {logging_mixin.py:115} INFO - [2022-05-12 04:31:22,107] {dag.py:2371} INFO - Sync 1 DAGs
[2022-05-12 04:31:22,126] {logging_mixin.py:115} INFO - [2022-05-12 04:31:22,125] {dag.py:2919} INFO - Setting next_dagrun for tutorial to 2022-05-11T04:31:22.125639+00:00, run_after=2022-05-12T04:31:22.125639+00:00
[2022-05-12 04:31:22,137] {processor.py:161} INFO - Processing /home/airflow/.local/lib/python3.7/site-packages/airflow/example_dags/tutorial.py took 0.071 seconds
[2022-05-12 04:31:52,767] {processor.py:153} INFO - Started process (PID=2225) to work on /home/airflow/.local/lib/python3.7/site-packages/airflow/example_dags/tutorial.py
[2022-05-12 04:31:52,768] {processor.py:641} INFO - Processing file /home/airflow/.local/lib/python3.7/site-packages/airflow/example_dags/tutorial.py for tasks to queue
[2022-05-12 04:31:52,769] {logging_mixin.py:115} INFO - [2022-05-12 04:31:52,769] {dagbag.py:507} INFO - Filling up the DagBag from /home/airflow/.local/lib/python3.7/site-packages/airflow/example_dags/tutorial.py
[2022-05-12 04:31:52,774] {processor.py:651} INFO - DAG(s) dict_keys(['tutorial']) retrieved from /home/airflow/.local/lib/python3.7/site-packages/airflow/example_dags/tutorial.py
[2022-05-12 04:31:52,795] {logging_mixin.py:115} INFO - [2022-05-12 04:31:52,795] {dag.py:2371} INFO - Sync 1 DAGs
[2022-05-12 04:31:52,809] {logging_mixin.py:115} INFO - [2022-05-12 04:31:52,809] {dag.py:2919} INFO - Setting next_dagrun for tutorial to 2022-05-11T04:31:52.808769+00:00, run_after=2022-05-12T04:31:52.808769+00:00
[2022-05-12 04:31:52,818] {processor.py:161} INFO - Processing /home/airflow/.local/lib/python3.7/site-packages/airflow/example_dags/tutorial.py took 0.053 seconds
[2022-05-12 04:32:23,438] {processor.py:153} INFO - Started process (PID=2428) to work on /home/airflow/.local/lib/python3.7/site-packages/airflow/example_dags/tutorial.py
[2022-05-12 04:32:23,439] {processor.py:641} INFO - Processing file /home/airflow/.local/lib/python3.7/site-packages/airflow/example_dags/tutorial.py for tasks to queue
[2022-05-12 04:32:23,440] {logging_mixin.py:115} INFO - [2022-05-12 04:32:23,440] {dagbag.py:507} INFO - Filling up the DagBag from /home/airflow/.local/lib/python3.7/site-packages/airflow/example_dags/tutorial.py
[2022-05-12 04:32:23,444] {processor.py:651} INFO - DAG(s) dict_keys(['tutorial']) retrieved from /home/airflow/.local/lib/python3.7/site-packages/airflow/example_dags/tutorial.py
[2022-05-12 04:32:23,465] {logging_mixin.py:115} INFO - [2022-05-12 04:32:23,465] {dag.py:2371} INFO - Sync 1 DAGs
[2022-05-12 04:32:23,486] {logging_mixin.py:115} INFO - [2022-05-12 04:32:23,486] {dag.py:2919} INFO - Setting next_dagrun for tutorial to 2022-05-11T04:32:23.486406+00:00, run_after=2022-05-12T04:32:23.486406+00:00
[2022-05-12 04:32:23,495] {processor.py:161} INFO - Processing /home/airflow/.local/lib/python3.7/site-packages/airflow/example_dags/tutorial.py took 0.059 seconds
[2022-05-12 04:32:54,189] {processor.py:153} INFO - Started process (PID=2636) to work on /home/airflow/.local/lib/python3.7/site-packages/airflow/example_dags/tutorial.py
[2022-05-12 04:32:54,190] {processor.py:641} INFO - Processing file /home/airflow/.local/lib/python3.7/site-packages/airflow/example_dags/tutorial.py for tasks to queue
[2022-05-12 04:32:54,191] {logging_mixin.py:115} INFO - [2022-05-12 04:32:54,191] {dagbag.py:507} INFO - Filling up the DagBag from /home/airflow/.local/lib/python3.7/site-packages/airflow/example_dags/tutorial.py
[2022-05-12 04:32:54,196] {processor.py:651} INFO - DAG(s) dict_keys(['tutorial']) retrieved from /home/airflow/.local/lib/python3.7/site-packages/airflow/example_dags/tutorial.py
[2022-05-12 04:32:54,216] {logging_mixin.py:115} INFO - [2022-05-12 04:32:54,216] {dag.py:2371} INFO - Sync 1 DAGs
[2022-05-12 04:32:54,230] {logging_mixin.py:115} INFO - [2022-05-12 04:32:54,230] {dag.py:2919} INFO - Setting next_dagrun for tutorial to 2022-05-11T04:32:54.230295+00:00, run_after=2022-05-12T04:32:54.230295+00:00
[2022-05-12 04:32:54,238] {processor.py:161} INFO - Processing /home/airflow/.local/lib/python3.7/site-packages/airflow/example_dags/tutorial.py took 0.052 seconds
[2022-05-12 04:33:24,847] {processor.py:153} INFO - Started process (PID=2842) to work on /home/airflow/.local/lib/python3.7/site-packages/airflow/example_dags/tutorial.py
[2022-05-12 04:33:24,848] {processor.py:641} INFO - Processing file /home/airflow/.local/lib/python3.7/site-packages/airflow/example_dags/tutorial.py for tasks to queue
[2022-05-12 04:33:24,849] {logging_mixin.py:115} INFO - [2022-05-12 04:33:24,849] {dagbag.py:507} INFO - Filling up the DagBag from /home/airflow/.local/lib/python3.7/site-packages/airflow/example_dags/tutorial.py
[2022-05-12 04:33:24,853] {processor.py:651} INFO - DAG(s) dict_keys(['tutorial']) retrieved from /home/airflow/.local/lib/python3.7/site-packages/airflow/example_dags/tutorial.py
[2022-05-12 04:33:24,871] {logging_mixin.py:115} INFO - [2022-05-12 04:33:24,871] {dag.py:2371} INFO - Sync 1 DAGs
[2022-05-12 04:33:24,885] {logging_mixin.py:115} INFO - [2022-05-12 04:33:24,885] {dag.py:2919} INFO - Setting next_dagrun for tutorial to 2022-05-11T04:33:24.885033+00:00, run_after=2022-05-12T04:33:24.885033+00:00
[2022-05-12 04:33:24,892] {processor.py:161} INFO - Processing /home/airflow/.local/lib/python3.7/site-packages/airflow/example_dags/tutorial.py took 0.048 seconds
