[2022-05-12 04:26:47,363] {processor.py:153} INFO - Started process (PID=270) to work on /home/airflow/.local/lib/python3.7/site-packages/airflow/example_dags/tutorial_taskflow_api_etl_virtualenv.py
[2022-05-12 04:26:47,364] {processor.py:641} INFO - Processing file /home/airflow/.local/lib/python3.7/site-packages/airflow/example_dags/tutorial_taskflow_api_etl_virtualenv.py for tasks to queue
[2022-05-12 04:26:47,365] {logging_mixin.py:115} INFO - [2022-05-12 04:26:47,365] {dagbag.py:507} INFO - Filling up the DagBag from /home/airflow/.local/lib/python3.7/site-packages/airflow/example_dags/tutorial_taskflow_api_etl_virtualenv.py
[2022-05-12 04:26:47,380] {processor.py:651} INFO - DAG(s) dict_keys(['tutorial_taskflow_api_etl_virtualenv']) retrieved from /home/airflow/.local/lib/python3.7/site-packages/airflow/example_dags/tutorial_taskflow_api_etl_virtualenv.py
[2022-05-12 04:26:47,432] {logging_mixin.py:115} INFO - [2022-05-12 04:26:47,432] {manager.py:508} INFO - Created Permission View: can read on DAG:tutorial_taskflow_api_etl_virtualenv
[2022-05-12 04:26:47,439] {logging_mixin.py:115} INFO - [2022-05-12 04:26:47,439] {manager.py:508} INFO - Created Permission View: can edit on DAG:tutorial_taskflow_api_etl_virtualenv
[2022-05-12 04:26:47,445] {logging_mixin.py:115} INFO - [2022-05-12 04:26:47,445] {manager.py:508} INFO - Created Permission View: can delete on DAG:tutorial_taskflow_api_etl_virtualenv
[2022-05-12 04:26:47,446] {logging_mixin.py:115} INFO - [2022-05-12 04:26:47,446] {dag.py:2371} INFO - Sync 1 DAGs
[2022-05-12 04:26:47,452] {logging_mixin.py:115} INFO - [2022-05-12 04:26:47,452] {dag.py:2390} INFO - Creating ORM DAG for tutorial_taskflow_api_etl_virtualenv
[2022-05-12 04:26:47,460] {logging_mixin.py:115} INFO - [2022-05-12 04:26:47,460] {dag.py:2919} INFO - Setting next_dagrun for tutorial_taskflow_api_etl_virtualenv to None, run_after=None
[2022-05-12 04:26:47,469] {processor.py:161} INFO - Processing /home/airflow/.local/lib/python3.7/site-packages/airflow/example_dags/tutorial_taskflow_api_etl_virtualenv.py took 0.108 seconds
[2022-05-12 04:27:17,613] {processor.py:153} INFO - Started process (PID=475) to work on /home/airflow/.local/lib/python3.7/site-packages/airflow/example_dags/tutorial_taskflow_api_etl_virtualenv.py
[2022-05-12 04:27:17,614] {processor.py:641} INFO - Processing file /home/airflow/.local/lib/python3.7/site-packages/airflow/example_dags/tutorial_taskflow_api_etl_virtualenv.py for tasks to queue
[2022-05-12 04:27:17,615] {logging_mixin.py:115} INFO - [2022-05-12 04:27:17,615] {dagbag.py:507} INFO - Filling up the DagBag from /home/airflow/.local/lib/python3.7/site-packages/airflow/example_dags/tutorial_taskflow_api_etl_virtualenv.py
[2022-05-12 04:27:17,628] {processor.py:651} INFO - DAG(s) dict_keys(['tutorial_taskflow_api_etl_virtualenv']) retrieved from /home/airflow/.local/lib/python3.7/site-packages/airflow/example_dags/tutorial_taskflow_api_etl_virtualenv.py
[2022-05-12 04:27:17,667] {logging_mixin.py:115} INFO - [2022-05-12 04:27:17,667] {dag.py:2371} INFO - Sync 1 DAGs
[2022-05-12 04:27:17,679] {logging_mixin.py:115} INFO - [2022-05-12 04:27:17,679] {dag.py:2919} INFO - Setting next_dagrun for tutorial_taskflow_api_etl_virtualenv to None, run_after=None
[2022-05-12 04:27:17,688] {processor.py:161} INFO - Processing /home/airflow/.local/lib/python3.7/site-packages/airflow/example_dags/tutorial_taskflow_api_etl_virtualenv.py took 0.077 seconds
[2022-05-12 04:27:48,292] {processor.py:153} INFO - Started process (PID=679) to work on /home/airflow/.local/lib/python3.7/site-packages/airflow/example_dags/tutorial_taskflow_api_etl_virtualenv.py
[2022-05-12 04:27:48,294] {processor.py:641} INFO - Processing file /home/airflow/.local/lib/python3.7/site-packages/airflow/example_dags/tutorial_taskflow_api_etl_virtualenv.py for tasks to queue
[2022-05-12 04:27:48,295] {logging_mixin.py:115} INFO - [2022-05-12 04:27:48,295] {dagbag.py:507} INFO - Filling up the DagBag from /home/airflow/.local/lib/python3.7/site-packages/airflow/example_dags/tutorial_taskflow_api_etl_virtualenv.py
[2022-05-12 04:27:48,307] {processor.py:651} INFO - DAG(s) dict_keys(['tutorial_taskflow_api_etl_virtualenv']) retrieved from /home/airflow/.local/lib/python3.7/site-packages/airflow/example_dags/tutorial_taskflow_api_etl_virtualenv.py
[2022-05-12 04:27:48,344] {logging_mixin.py:115} INFO - [2022-05-12 04:27:48,344] {dag.py:2371} INFO - Sync 1 DAGs
[2022-05-12 04:27:48,355] {logging_mixin.py:115} INFO - [2022-05-12 04:27:48,355] {dag.py:2919} INFO - Setting next_dagrun for tutorial_taskflow_api_etl_virtualenv to None, run_after=None
[2022-05-12 04:27:48,364] {processor.py:161} INFO - Processing /home/airflow/.local/lib/python3.7/site-packages/airflow/example_dags/tutorial_taskflow_api_etl_virtualenv.py took 0.073 seconds
[2022-05-12 04:28:19,127] {processor.py:153} INFO - Started process (PID=887) to work on /home/airflow/.local/lib/python3.7/site-packages/airflow/example_dags/tutorial_taskflow_api_etl_virtualenv.py
[2022-05-12 04:28:19,129] {processor.py:641} INFO - Processing file /home/airflow/.local/lib/python3.7/site-packages/airflow/example_dags/tutorial_taskflow_api_etl_virtualenv.py for tasks to queue
[2022-05-12 04:28:19,130] {logging_mixin.py:115} INFO - [2022-05-12 04:28:19,130] {dagbag.py:507} INFO - Filling up the DagBag from /home/airflow/.local/lib/python3.7/site-packages/airflow/example_dags/tutorial_taskflow_api_etl_virtualenv.py
[2022-05-12 04:28:19,144] {processor.py:651} INFO - DAG(s) dict_keys(['tutorial_taskflow_api_etl_virtualenv']) retrieved from /home/airflow/.local/lib/python3.7/site-packages/airflow/example_dags/tutorial_taskflow_api_etl_virtualenv.py
[2022-05-12 04:28:19,182] {logging_mixin.py:115} INFO - [2022-05-12 04:28:19,182] {dag.py:2371} INFO - Sync 1 DAGs
[2022-05-12 04:28:19,195] {logging_mixin.py:115} INFO - [2022-05-12 04:28:19,195] {dag.py:2919} INFO - Setting next_dagrun for tutorial_taskflow_api_etl_virtualenv to None, run_after=None
[2022-05-12 04:28:19,204] {processor.py:161} INFO - Processing /home/airflow/.local/lib/python3.7/site-packages/airflow/example_dags/tutorial_taskflow_api_etl_virtualenv.py took 0.079 seconds
[2022-05-12 04:28:50,118] {processor.py:153} INFO - Started process (PID=1094) to work on /home/airflow/.local/lib/python3.7/site-packages/airflow/example_dags/tutorial_taskflow_api_etl_virtualenv.py
[2022-05-12 04:28:50,122] {processor.py:641} INFO - Processing file /home/airflow/.local/lib/python3.7/site-packages/airflow/example_dags/tutorial_taskflow_api_etl_virtualenv.py for tasks to queue
[2022-05-12 04:28:50,127] {logging_mixin.py:115} INFO - [2022-05-12 04:28:50,127] {dagbag.py:507} INFO - Filling up the DagBag from /home/airflow/.local/lib/python3.7/site-packages/airflow/example_dags/tutorial_taskflow_api_etl_virtualenv.py
[2022-05-12 04:28:50,152] {processor.py:651} INFO - DAG(s) dict_keys(['tutorial_taskflow_api_etl_virtualenv']) retrieved from /home/airflow/.local/lib/python3.7/site-packages/airflow/example_dags/tutorial_taskflow_api_etl_virtualenv.py
[2022-05-12 04:28:50,245] {logging_mixin.py:115} INFO - [2022-05-12 04:28:50,245] {dag.py:2371} INFO - Sync 1 DAGs
[2022-05-12 04:28:50,264] {logging_mixin.py:115} INFO - [2022-05-12 04:28:50,264] {dag.py:2919} INFO - Setting next_dagrun for tutorial_taskflow_api_etl_virtualenv to None, run_after=None
[2022-05-12 04:28:50,275] {processor.py:161} INFO - Processing /home/airflow/.local/lib/python3.7/site-packages/airflow/example_dags/tutorial_taskflow_api_etl_virtualenv.py took 0.161 seconds
[2022-05-12 04:29:20,947] {processor.py:153} INFO - Started process (PID=1289) to work on /home/airflow/.local/lib/python3.7/site-packages/airflow/example_dags/tutorial_taskflow_api_etl_virtualenv.py
[2022-05-12 04:29:20,948] {processor.py:641} INFO - Processing file /home/airflow/.local/lib/python3.7/site-packages/airflow/example_dags/tutorial_taskflow_api_etl_virtualenv.py for tasks to queue
[2022-05-12 04:29:20,949] {logging_mixin.py:115} INFO - [2022-05-12 04:29:20,949] {dagbag.py:507} INFO - Filling up the DagBag from /home/airflow/.local/lib/python3.7/site-packages/airflow/example_dags/tutorial_taskflow_api_etl_virtualenv.py
[2022-05-12 04:29:20,963] {processor.py:651} INFO - DAG(s) dict_keys(['tutorial_taskflow_api_etl_virtualenv']) retrieved from /home/airflow/.local/lib/python3.7/site-packages/airflow/example_dags/tutorial_taskflow_api_etl_virtualenv.py
[2022-05-12 04:29:21,005] {logging_mixin.py:115} INFO - [2022-05-12 04:29:21,005] {dag.py:2371} INFO - Sync 1 DAGs
[2022-05-12 04:29:21,018] {logging_mixin.py:115} INFO - [2022-05-12 04:29:21,018] {dag.py:2919} INFO - Setting next_dagrun for tutorial_taskflow_api_etl_virtualenv to None, run_after=None
[2022-05-12 04:29:21,028] {processor.py:161} INFO - Processing /home/airflow/.local/lib/python3.7/site-packages/airflow/example_dags/tutorial_taskflow_api_etl_virtualenv.py took 0.083 seconds
[2022-05-12 04:29:51,705] {processor.py:153} INFO - Started process (PID=1497) to work on /home/airflow/.local/lib/python3.7/site-packages/airflow/example_dags/tutorial_taskflow_api_etl_virtualenv.py
[2022-05-12 04:29:51,706] {processor.py:641} INFO - Processing file /home/airflow/.local/lib/python3.7/site-packages/airflow/example_dags/tutorial_taskflow_api_etl_virtualenv.py for tasks to queue
[2022-05-12 04:29:51,707] {logging_mixin.py:115} INFO - [2022-05-12 04:29:51,707] {dagbag.py:507} INFO - Filling up the DagBag from /home/airflow/.local/lib/python3.7/site-packages/airflow/example_dags/tutorial_taskflow_api_etl_virtualenv.py
[2022-05-12 04:29:51,718] {processor.py:651} INFO - DAG(s) dict_keys(['tutorial_taskflow_api_etl_virtualenv']) retrieved from /home/airflow/.local/lib/python3.7/site-packages/airflow/example_dags/tutorial_taskflow_api_etl_virtualenv.py
[2022-05-12 04:29:51,757] {logging_mixin.py:115} INFO - [2022-05-12 04:29:51,757] {dag.py:2371} INFO - Sync 1 DAGs
[2022-05-12 04:29:51,770] {logging_mixin.py:115} INFO - [2022-05-12 04:29:51,770] {dag.py:2919} INFO - Setting next_dagrun for tutorial_taskflow_api_etl_virtualenv to None, run_after=None
[2022-05-12 04:29:51,780] {processor.py:161} INFO - Processing /home/airflow/.local/lib/python3.7/site-packages/airflow/example_dags/tutorial_taskflow_api_etl_virtualenv.py took 0.077 seconds
[2022-05-12 04:30:22,479] {processor.py:153} INFO - Started process (PID=1710) to work on /home/airflow/.local/lib/python3.7/site-packages/airflow/example_dags/tutorial_taskflow_api_etl_virtualenv.py
[2022-05-12 04:30:22,481] {processor.py:641} INFO - Processing file /home/airflow/.local/lib/python3.7/site-packages/airflow/example_dags/tutorial_taskflow_api_etl_virtualenv.py for tasks to queue
[2022-05-12 04:30:22,483] {logging_mixin.py:115} INFO - [2022-05-12 04:30:22,483] {dagbag.py:507} INFO - Filling up the DagBag from /home/airflow/.local/lib/python3.7/site-packages/airflow/example_dags/tutorial_taskflow_api_etl_virtualenv.py
[2022-05-12 04:30:22,515] {processor.py:651} INFO - DAG(s) dict_keys(['tutorial_taskflow_api_etl_virtualenv']) retrieved from /home/airflow/.local/lib/python3.7/site-packages/airflow/example_dags/tutorial_taskflow_api_etl_virtualenv.py
[2022-05-12 04:30:22,564] {logging_mixin.py:115} INFO - [2022-05-12 04:30:22,564] {dag.py:2371} INFO - Sync 1 DAGs
[2022-05-12 04:30:22,583] {logging_mixin.py:115} INFO - [2022-05-12 04:30:22,583] {dag.py:2919} INFO - Setting next_dagrun for tutorial_taskflow_api_etl_virtualenv to None, run_after=None
[2022-05-12 04:30:22,597] {processor.py:161} INFO - Processing /home/airflow/.local/lib/python3.7/site-packages/airflow/example_dags/tutorial_taskflow_api_etl_virtualenv.py took 0.125 seconds
[2022-05-12 04:30:52,854] {processor.py:153} INFO - Started process (PID=1916) to work on /home/airflow/.local/lib/python3.7/site-packages/airflow/example_dags/tutorial_taskflow_api_etl_virtualenv.py
[2022-05-12 04:30:52,855] {processor.py:641} INFO - Processing file /home/airflow/.local/lib/python3.7/site-packages/airflow/example_dags/tutorial_taskflow_api_etl_virtualenv.py for tasks to queue
[2022-05-12 04:30:52,856] {logging_mixin.py:115} INFO - [2022-05-12 04:30:52,856] {dagbag.py:507} INFO - Filling up the DagBag from /home/airflow/.local/lib/python3.7/site-packages/airflow/example_dags/tutorial_taskflow_api_etl_virtualenv.py
[2022-05-12 04:30:52,871] {processor.py:651} INFO - DAG(s) dict_keys(['tutorial_taskflow_api_etl_virtualenv']) retrieved from /home/airflow/.local/lib/python3.7/site-packages/airflow/example_dags/tutorial_taskflow_api_etl_virtualenv.py
[2022-05-12 04:30:52,892] {logging_mixin.py:115} INFO - [2022-05-12 04:30:52,892] {dag.py:2371} INFO - Sync 1 DAGs
[2022-05-12 04:30:52,906] {logging_mixin.py:115} INFO - [2022-05-12 04:30:52,906] {dag.py:2919} INFO - Setting next_dagrun for tutorial_taskflow_api_etl_virtualenv to None, run_after=None
[2022-05-12 04:30:52,914] {processor.py:161} INFO - Processing /home/airflow/.local/lib/python3.7/site-packages/airflow/example_dags/tutorial_taskflow_api_etl_virtualenv.py took 0.063 seconds
[2022-05-12 04:31:23,875] {processor.py:153} INFO - Started process (PID=2120) to work on /home/airflow/.local/lib/python3.7/site-packages/airflow/example_dags/tutorial_taskflow_api_etl_virtualenv.py
[2022-05-12 04:31:23,876] {processor.py:641} INFO - Processing file /home/airflow/.local/lib/python3.7/site-packages/airflow/example_dags/tutorial_taskflow_api_etl_virtualenv.py for tasks to queue
[2022-05-12 04:31:23,878] {logging_mixin.py:115} INFO - [2022-05-12 04:31:23,878] {dagbag.py:507} INFO - Filling up the DagBag from /home/airflow/.local/lib/python3.7/site-packages/airflow/example_dags/tutorial_taskflow_api_etl_virtualenv.py
[2022-05-12 04:31:23,890] {processor.py:651} INFO - DAG(s) dict_keys(['tutorial_taskflow_api_etl_virtualenv']) retrieved from /home/airflow/.local/lib/python3.7/site-packages/airflow/example_dags/tutorial_taskflow_api_etl_virtualenv.py
[2022-05-12 04:31:23,927] {logging_mixin.py:115} INFO - [2022-05-12 04:31:23,927] {dag.py:2371} INFO - Sync 1 DAGs
[2022-05-12 04:31:23,938] {logging_mixin.py:115} INFO - [2022-05-12 04:31:23,938] {dag.py:2919} INFO - Setting next_dagrun for tutorial_taskflow_api_etl_virtualenv to None, run_after=None
[2022-05-12 04:31:23,946] {processor.py:161} INFO - Processing /home/airflow/.local/lib/python3.7/site-packages/airflow/example_dags/tutorial_taskflow_api_etl_virtualenv.py took 0.072 seconds
[2022-05-12 04:31:54,491] {processor.py:153} INFO - Started process (PID=2324) to work on /home/airflow/.local/lib/python3.7/site-packages/airflow/example_dags/tutorial_taskflow_api_etl_virtualenv.py
[2022-05-12 04:31:54,492] {processor.py:641} INFO - Processing file /home/airflow/.local/lib/python3.7/site-packages/airflow/example_dags/tutorial_taskflow_api_etl_virtualenv.py for tasks to queue
[2022-05-12 04:31:54,494] {logging_mixin.py:115} INFO - [2022-05-12 04:31:54,493] {dagbag.py:507} INFO - Filling up the DagBag from /home/airflow/.local/lib/python3.7/site-packages/airflow/example_dags/tutorial_taskflow_api_etl_virtualenv.py
[2022-05-12 04:31:54,505] {processor.py:651} INFO - DAG(s) dict_keys(['tutorial_taskflow_api_etl_virtualenv']) retrieved from /home/airflow/.local/lib/python3.7/site-packages/airflow/example_dags/tutorial_taskflow_api_etl_virtualenv.py
[2022-05-12 04:31:54,544] {logging_mixin.py:115} INFO - [2022-05-12 04:31:54,544] {dag.py:2371} INFO - Sync 1 DAGs
[2022-05-12 04:31:54,561] {logging_mixin.py:115} INFO - [2022-05-12 04:31:54,561] {dag.py:2919} INFO - Setting next_dagrun for tutorial_taskflow_api_etl_virtualenv to None, run_after=None
[2022-05-12 04:31:54,570] {processor.py:161} INFO - Processing /home/airflow/.local/lib/python3.7/site-packages/airflow/example_dags/tutorial_taskflow_api_etl_virtualenv.py took 0.081 seconds
[2022-05-12 04:32:25,344] {processor.py:153} INFO - Started process (PID=2520) to work on /home/airflow/.local/lib/python3.7/site-packages/airflow/example_dags/tutorial_taskflow_api_etl_virtualenv.py
[2022-05-12 04:32:25,346] {processor.py:641} INFO - Processing file /home/airflow/.local/lib/python3.7/site-packages/airflow/example_dags/tutorial_taskflow_api_etl_virtualenv.py for tasks to queue
[2022-05-12 04:32:25,347] {logging_mixin.py:115} INFO - [2022-05-12 04:32:25,347] {dagbag.py:507} INFO - Filling up the DagBag from /home/airflow/.local/lib/python3.7/site-packages/airflow/example_dags/tutorial_taskflow_api_etl_virtualenv.py
[2022-05-12 04:32:25,361] {processor.py:651} INFO - DAG(s) dict_keys(['tutorial_taskflow_api_etl_virtualenv']) retrieved from /home/airflow/.local/lib/python3.7/site-packages/airflow/example_dags/tutorial_taskflow_api_etl_virtualenv.py
[2022-05-12 04:32:25,398] {logging_mixin.py:115} INFO - [2022-05-12 04:32:25,398] {dag.py:2371} INFO - Sync 1 DAGs
[2022-05-12 04:32:25,412] {logging_mixin.py:115} INFO - [2022-05-12 04:32:25,411] {dag.py:2919} INFO - Setting next_dagrun for tutorial_taskflow_api_etl_virtualenv to None, run_after=None
[2022-05-12 04:32:25,421] {processor.py:161} INFO - Processing /home/airflow/.local/lib/python3.7/site-packages/airflow/example_dags/tutorial_taskflow_api_etl_virtualenv.py took 0.079 seconds
[2022-05-12 04:32:55,913] {processor.py:153} INFO - Started process (PID=2728) to work on /home/airflow/.local/lib/python3.7/site-packages/airflow/example_dags/tutorial_taskflow_api_etl_virtualenv.py
[2022-05-12 04:32:55,914] {processor.py:641} INFO - Processing file /home/airflow/.local/lib/python3.7/site-packages/airflow/example_dags/tutorial_taskflow_api_etl_virtualenv.py for tasks to queue
[2022-05-12 04:32:55,916] {logging_mixin.py:115} INFO - [2022-05-12 04:32:55,916] {dagbag.py:507} INFO - Filling up the DagBag from /home/airflow/.local/lib/python3.7/site-packages/airflow/example_dags/tutorial_taskflow_api_etl_virtualenv.py
[2022-05-12 04:32:55,927] {processor.py:651} INFO - DAG(s) dict_keys(['tutorial_taskflow_api_etl_virtualenv']) retrieved from /home/airflow/.local/lib/python3.7/site-packages/airflow/example_dags/tutorial_taskflow_api_etl_virtualenv.py
[2022-05-12 04:32:55,964] {logging_mixin.py:115} INFO - [2022-05-12 04:32:55,964] {dag.py:2371} INFO - Sync 1 DAGs
[2022-05-12 04:32:55,977] {logging_mixin.py:115} INFO - [2022-05-12 04:32:55,977] {dag.py:2919} INFO - Setting next_dagrun for tutorial_taskflow_api_etl_virtualenv to None, run_after=None
[2022-05-12 04:32:55,986] {processor.py:161} INFO - Processing /home/airflow/.local/lib/python3.7/site-packages/airflow/example_dags/tutorial_taskflow_api_etl_virtualenv.py took 0.074 seconds
[2022-05-12 04:33:26,578] {processor.py:153} INFO - Started process (PID=2932) to work on /home/airflow/.local/lib/python3.7/site-packages/airflow/example_dags/tutorial_taskflow_api_etl_virtualenv.py
[2022-05-12 04:33:26,580] {processor.py:641} INFO - Processing file /home/airflow/.local/lib/python3.7/site-packages/airflow/example_dags/tutorial_taskflow_api_etl_virtualenv.py for tasks to queue
[2022-05-12 04:33:26,581] {logging_mixin.py:115} INFO - [2022-05-12 04:33:26,581] {dagbag.py:507} INFO - Filling up the DagBag from /home/airflow/.local/lib/python3.7/site-packages/airflow/example_dags/tutorial_taskflow_api_etl_virtualenv.py
[2022-05-12 04:33:26,591] {processor.py:651} INFO - DAG(s) dict_keys(['tutorial_taskflow_api_etl_virtualenv']) retrieved from /home/airflow/.local/lib/python3.7/site-packages/airflow/example_dags/tutorial_taskflow_api_etl_virtualenv.py
[2022-05-12 04:33:26,627] {logging_mixin.py:115} INFO - [2022-05-12 04:33:26,627] {dag.py:2371} INFO - Sync 1 DAGs
[2022-05-12 04:33:26,641] {logging_mixin.py:115} INFO - [2022-05-12 04:33:26,641] {dag.py:2919} INFO - Setting next_dagrun for tutorial_taskflow_api_etl_virtualenv to None, run_after=None
[2022-05-12 04:33:26,650] {processor.py:161} INFO - Processing /home/airflow/.local/lib/python3.7/site-packages/airflow/example_dags/tutorial_taskflow_api_etl_virtualenv.py took 0.074 seconds
[2022-05-12 04:33:57,183] {processor.py:153} INFO - Started process (PID=3138) to work on /home/airflow/.local/lib/python3.7/site-packages/airflow/example_dags/tutorial_taskflow_api_etl_virtualenv.py
[2022-05-12 04:33:57,184] {processor.py:641} INFO - Processing file /home/airflow/.local/lib/python3.7/site-packages/airflow/example_dags/tutorial_taskflow_api_etl_virtualenv.py for tasks to queue
[2022-05-12 04:33:57,184] {logging_mixin.py:115} INFO - [2022-05-12 04:33:57,184] {dagbag.py:507} INFO - Filling up the DagBag from /home/airflow/.local/lib/python3.7/site-packages/airflow/example_dags/tutorial_taskflow_api_etl_virtualenv.py
[2022-05-12 04:33:57,195] {processor.py:651} INFO - DAG(s) dict_keys(['tutorial_taskflow_api_etl_virtualenv']) retrieved from /home/airflow/.local/lib/python3.7/site-packages/airflow/example_dags/tutorial_taskflow_api_etl_virtualenv.py
[2022-05-12 04:33:57,233] {logging_mixin.py:115} INFO - [2022-05-12 04:33:57,233] {dag.py:2371} INFO - Sync 1 DAGs
[2022-05-12 04:33:57,245] {logging_mixin.py:115} INFO - [2022-05-12 04:33:57,245] {dag.py:2919} INFO - Setting next_dagrun for tutorial_taskflow_api_etl_virtualenv to None, run_after=None
[2022-05-12 04:33:57,253] {processor.py:161} INFO - Processing /home/airflow/.local/lib/python3.7/site-packages/airflow/example_dags/tutorial_taskflow_api_etl_virtualenv.py took 0.072 seconds
