[2022-05-12 15:11:56,778] {taskinstance.py:1159} INFO - Dependencies all met for <TaskInstance: live_stream_Dag.consumer_twitter_data manual__2022-05-12T15:11:55.967885+00:00 [queued]>
[2022-05-12 15:11:56,783] {taskinstance.py:1159} INFO - Dependencies all met for <TaskInstance: live_stream_Dag.consumer_twitter_data manual__2022-05-12T15:11:55.967885+00:00 [queued]>
[2022-05-12 15:11:56,784] {taskinstance.py:1356} INFO - 
--------------------------------------------------------------------------------
[2022-05-12 15:11:56,784] {taskinstance.py:1357} INFO - Starting attempt 1 of 2
[2022-05-12 15:11:56,785] {taskinstance.py:1358} INFO - 
--------------------------------------------------------------------------------
[2022-05-12 15:11:56,794] {taskinstance.py:1377} INFO - Executing <Task(BashOperator): consumer_twitter_data> on 2022-05-12 15:11:55.967885+00:00
[2022-05-12 15:11:56,798] {standard_task_runner.py:52} INFO - Started process 1579 to run task
[2022-05-12 15:11:56,802] {standard_task_runner.py:79} INFO - Running: ['***', 'tasks', 'run', 'live_stream_Dag', 'consumer_twitter_data', 'manual__2022-05-12T15:11:55.967885+00:00', '--job-id', '96', '--raw', '--subdir', 'DAGS_FOLDER/live_stream_dag.py', '--cfg-path', '/tmp/tmpt1pqb77o', '--error-file', '/tmp/tmpltrezq7r']
[2022-05-12 15:11:56,804] {standard_task_runner.py:80} INFO - Job 96: Subtask consumer_twitter_data
[2022-05-12 15:11:56,844] {task_command.py:369} INFO - Running <TaskInstance: live_stream_Dag.consumer_twitter_data manual__2022-05-12T15:11:55.967885+00:00 [running]> on host 29272fb26059
[2022-05-12 15:11:57,030] {taskinstance.py:1571} INFO - Exporting the following env vars:
AIRFLOW_CTX_DAG_OWNER=Airflow
AIRFLOW_CTX_DAG_ID=live_stream_Dag
AIRFLOW_CTX_TASK_ID=consumer_twitter_data
AIRFLOW_CTX_EXECUTION_DATE=2022-05-12T15:11:55.967885+00:00
AIRFLOW_CTX_TRY_NUMBER=1
AIRFLOW_CTX_DAG_RUN_ID=manual__2022-05-12T15:11:55.967885+00:00
[2022-05-12 15:11:57,032] {subprocess.py:62} INFO - Tmp dir root location: 
 /tmp
[2022-05-12 15:11:57,033] {subprocess.py:74} INFO - Running command: ['bash', '-c', 'python3 /opt/***/dags/consumer_tweets.py']
[2022-05-12 15:11:57,040] {subprocess.py:85} INFO - Output:
[2022-05-12 15:11:57,926] {subprocess.py:92} INFO - WARNING: An illegal reflective access operation has occurred
[2022-05-12 15:11:57,928] {subprocess.py:92} INFO - WARNING: Illegal reflective access by org.apache.spark.unsafe.Platform (file:/home/***/.local/lib/python3.7/site-packages/pyspark/jars/spark-unsafe_2.12-3.2.1.jar) to constructor java.nio.DirectByteBuffer(long,int)
[2022-05-12 15:11:57,929] {subprocess.py:92} INFO - WARNING: Please consider reporting this to the maintainers of org.apache.spark.unsafe.Platform
[2022-05-12 15:11:57,930] {subprocess.py:92} INFO - WARNING: Use --illegal-access=warn to enable warnings of further illegal reflective access operations
[2022-05-12 15:11:57,931] {subprocess.py:92} INFO - WARNING: All illegal access operations will be denied in a future release
[2022-05-12 15:11:58,008] {subprocess.py:92} INFO - :: loading settings :: url = jar:file:/home/***/.local/lib/python3.7/site-packages/pyspark/jars/ivy-2.5.0.jar!/org/apache/ivy/core/settings/ivysettings.xml
[2022-05-12 15:11:58,058] {subprocess.py:92} INFO - Ivy Default Cache set to: /home/***/.ivy2/cache
[2022-05-12 15:11:58,059] {subprocess.py:92} INFO - The jars for the packages stored in: /home/***/.ivy2/jars
[2022-05-12 15:11:58,061] {subprocess.py:92} INFO - org.apache.spark#spark-streaming-kafka-0-10_2.12 added as a dependency
[2022-05-12 15:11:58,062] {subprocess.py:92} INFO - org.apache.spark#spark-sql-kafka-0-10_2.12 added as a dependency
[2022-05-12 15:11:58,063] {subprocess.py:92} INFO - org.mongodb.spark#mongo-spark-connector_2.12 added as a dependency
[2022-05-12 15:11:58,064] {subprocess.py:92} INFO - :: resolving dependencies :: org.apache.spark#spark-submit-parent-2203905b-866c-4888-acc8-492cf8875d3b;1.0
[2022-05-12 15:11:58,065] {subprocess.py:92} INFO - 	confs: [default]
[2022-05-12 15:11:58,143] {subprocess.py:92} INFO - 	found org.apache.spark#spark-streaming-kafka-0-10_2.12;3.1.0 in central
[2022-05-12 15:11:58,171] {subprocess.py:92} INFO - 	found org.apache.spark#spark-token-provider-kafka-0-10_2.12;3.1.0 in central
[2022-05-12 15:11:58,186] {subprocess.py:92} INFO - 	found org.apache.kafka#kafka-clients;2.6.0 in central
[2022-05-12 15:11:58,198] {subprocess.py:92} INFO - 	found com.github.luben#zstd-jni;1.4.8-1 in central
[2022-05-12 15:11:58,208] {subprocess.py:92} INFO - 	found org.lz4#lz4-java;1.7.1 in central
[2022-05-12 15:11:58,222] {subprocess.py:92} INFO - 	found org.xerial.snappy#snappy-java;1.1.8.2 in central
[2022-05-12 15:11:58,231] {subprocess.py:92} INFO - 	found org.slf4j#slf4j-api;1.7.30 in central
[2022-05-12 15:11:58,241] {subprocess.py:92} INFO - 	found org.spark-project.spark#unused;1.0.0 in central
[2022-05-12 15:11:58,258] {subprocess.py:92} INFO - 	found org.apache.spark#spark-sql-kafka-0-10_2.12;3.1.0 in central
[2022-05-12 15:12:06,882] {subprocess.py:92} INFO - 	found org.apache.commons#commons-pool2;2.6.2 in central
[2022-05-12 15:12:08,518] {subprocess.py:92} INFO - 	found org.mongodb.spark#mongo-spark-connector_2.12;3.0.1 in central
[2022-05-12 15:12:10,185] {subprocess.py:92} INFO - 	found org.mongodb#mongodb-driver-sync;4.0.5 in central
[2022-05-12 15:12:11,944] {subprocess.py:92} INFO - 	found org.mongodb#bson;4.0.5 in central
[2022-05-12 15:12:13,582] {subprocess.py:92} INFO - 	found org.mongodb#mongodb-driver-core;4.0.5 in central
[2022-05-12 15:12:13,985] {subprocess.py:92} INFO - downloading https://repo1.maven.org/maven2/org/apache/spark/spark-streaming-kafka-0-10_2.12/3.1.0/spark-streaming-kafka-0-10_2.12-3.1.0.jar ...
[2022-05-12 15:12:15,704] {subprocess.py:92} INFO - 	[SUCCESSFUL ] org.apache.spark#spark-streaming-kafka-0-10_2.12;3.1.0!spark-streaming-kafka-0-10_2.12.jar (2099ms)
[2022-05-12 15:12:16,094] {subprocess.py:92} INFO - downloading https://repo1.maven.org/maven2/org/apache/spark/spark-sql-kafka-0-10_2.12/3.1.0/spark-sql-kafka-0-10_2.12-3.1.0.jar ...
[2022-05-12 15:12:20,650] {subprocess.py:92} INFO - 	[SUCCESSFUL ] org.apache.spark#spark-sql-kafka-0-10_2.12;3.1.0!spark-sql-kafka-0-10_2.12.jar (4943ms)
[2022-05-12 15:12:20,657] {subprocess.py:92} INFO - downloading https://repo1.maven.org/maven2/org/mongodb/spark/mongo-spark-connector_2.12/3.0.1/mongo-spark-connector_2.12-3.0.1.jar ...
[2022-05-12 15:12:28,643] {subprocess.py:92} INFO - 	[SUCCESSFUL ] org.mongodb.spark#mongo-spark-connector_2.12;3.0.1!mongo-spark-connector_2.12.jar (7986ms)
[2022-05-12 15:12:29,023] {subprocess.py:92} INFO - downloading https://repo1.maven.org/maven2/org/apache/spark/spark-token-provider-kafka-0-10_2.12/3.1.0/spark-token-provider-kafka-0-10_2.12-3.1.0.jar ...
[2022-05-12 15:12:30,190] {subprocess.py:92} INFO - 	[SUCCESSFUL ] org.apache.spark#spark-token-provider-kafka-0-10_2.12;3.1.0!spark-token-provider-kafka-0-10_2.12.jar (1540ms)
[2022-05-12 15:12:30,510] {subprocess.py:92} INFO - downloading https://repo1.maven.org/maven2/org/apache/kafka/kafka-clients/2.6.0/kafka-clients-2.6.0.jar ...
[2022-05-12 15:13:06,273] {subprocess.py:92} INFO - 	[SUCCESSFUL ] org.apache.kafka#kafka-clients;2.6.0!kafka-clients.jar (36079ms)
[2022-05-12 15:13:06,584] {subprocess.py:92} INFO - downloading https://repo1.maven.org/maven2/org/spark-project/spark/unused/1.0.0/unused-1.0.0.jar ...
[2022-05-12 15:13:06,905] {subprocess.py:92} INFO - 	[SUCCESSFUL ] org.spark-project.spark#unused;1.0.0!unused.jar (629ms)
[2022-05-12 15:13:07,318] {subprocess.py:92} INFO - downloading https://repo1.maven.org/maven2/com/github/luben/zstd-jni/1.4.8-1/zstd-jni-1.4.8-1.jar ...
[2022-05-12 15:13:22,965] {local_task_job.py:221} WARNING - State of this instance has been externally set to success. Terminating instance.
[2022-05-12 15:13:22,973] {process_utils.py:129} INFO - Sending Signals.SIGTERM to group 1579. PIDs of all processes in the group: [1581, 1588, 1579]
[2022-05-12 15:13:22,975] {process_utils.py:80} INFO - Sending the signal Signals.SIGTERM to group 1579
[2022-05-12 15:13:22,977] {taskinstance.py:1541} ERROR - Received SIGTERM. Terminating subprocesses.
[2022-05-12 15:13:22,979] {subprocess.py:103} INFO - Sending SIGTERM signal to process group
[2022-05-12 15:13:23,070] {process_utils.py:75} INFO - Process psutil.Process(pid=1581, status='terminated', started='15:11:56') (1581) terminated with exit code None
[2022-05-12 15:13:23,207] {process_utils.py:75} INFO - Process psutil.Process(pid=1588, status='terminated', started='15:11:56') (1588) terminated with exit code None
[2022-05-12 15:13:23,208] {process_utils.py:75} INFO - Process psutil.Process(pid=1579, status='terminated', exitcode=0, started='15:11:56') (1579) terminated with exit code 0
