[2022-05-12 08:02:52,418] {taskinstance.py:1159} INFO - Dependencies all met for <TaskInstance: stop_live_stream_Dag.stop_producer_twitter_data manual__2022-05-12T08:02:51.622869+00:00 [queued]>
[2022-05-12 08:02:52,425] {taskinstance.py:1159} INFO - Dependencies all met for <TaskInstance: stop_live_stream_Dag.stop_producer_twitter_data manual__2022-05-12T08:02:51.622869+00:00 [queued]>
[2022-05-12 08:02:52,426] {taskinstance.py:1356} INFO - 
--------------------------------------------------------------------------------
[2022-05-12 08:02:52,427] {taskinstance.py:1357} INFO - Starting attempt 1 of 2
[2022-05-12 08:02:52,428] {taskinstance.py:1358} INFO - 
--------------------------------------------------------------------------------
[2022-05-12 08:02:52,436] {taskinstance.py:1377} INFO - Executing <Task(BashOperator): stop_producer_twitter_data> on 2022-05-12 08:02:51.622869+00:00
[2022-05-12 08:02:52,440] {standard_task_runner.py:52} INFO - Started process 837 to run task
[2022-05-12 08:02:52,444] {standard_task_runner.py:79} INFO - Running: ['***', 'tasks', 'run', 'stop_live_stream_Dag', 'stop_producer_twitter_data', 'manual__2022-05-12T08:02:51.622869+00:00', '--job-id', '31', '--raw', '--subdir', 'DAGS_FOLDER/stop_live_stream_dags.py', '--cfg-path', '/tmp/tmphl6w8x2k', '--error-file', '/tmp/tmpe4ev_9om']
[2022-05-12 08:02:52,446] {standard_task_runner.py:80} INFO - Job 31: Subtask stop_producer_twitter_data
[2022-05-12 08:02:52,500] {task_command.py:369} INFO - Running <TaskInstance: stop_live_stream_Dag.stop_producer_twitter_data manual__2022-05-12T08:02:51.622869+00:00 [running]> on host c7ac6143d6b4
[2022-05-12 08:02:52,729] {taskinstance.py:1571} INFO - Exporting the following env vars:
AIRFLOW_CTX_DAG_OWNER=Airflow
AIRFLOW_CTX_DAG_ID=stop_live_stream_Dag
AIRFLOW_CTX_TASK_ID=stop_producer_twitter_data
AIRFLOW_CTX_EXECUTION_DATE=2022-05-12T08:02:51.622869+00:00
AIRFLOW_CTX_TRY_NUMBER=1
AIRFLOW_CTX_DAG_RUN_ID=manual__2022-05-12T08:02:51.622869+00:00
[2022-05-12 08:02:52,731] {subprocess.py:62} INFO - Tmp dir root location: 
 /tmp
[2022-05-12 08:02:52,733] {subprocess.py:74} INFO - Running command: ['bash', '-c', 'pkill -9 -f /opt/***/dags/producer_tweets.py']
[2022-05-12 08:02:52,742] {subprocess.py:85} INFO - Output:
[2022-05-12 08:02:52,759] {subprocess.py:96} INFO - Command exited with return code 0
[2022-05-12 08:02:52,805] {taskinstance.py:1400} INFO - Marking task as SUCCESS. dag_id=stop_live_stream_Dag, task_id=stop_producer_twitter_data, execution_date=20220512T080251, start_date=20220512T080252, end_date=20220512T080252
[2022-05-12 08:02:52,859] {local_task_job.py:156} INFO - Task exited with return code 0
[2022-05-12 08:02:52,896] {local_task_job.py:273} INFO - 0 downstream tasks scheduled from follow-on schedule check
