[2022-05-16 10:00:52,935] {taskinstance.py:1159} INFO - Dependencies all met for <TaskInstance: stop_live_stream_Dag.stop_consumer_twitter_data scheduled__2022-05-12T18:00:00+00:00 [queued]>
[2022-05-16 10:00:52,959] {taskinstance.py:1159} INFO - Dependencies all met for <TaskInstance: stop_live_stream_Dag.stop_consumer_twitter_data scheduled__2022-05-12T18:00:00+00:00 [queued]>
[2022-05-16 10:00:52,965] {taskinstance.py:1356} INFO - 
--------------------------------------------------------------------------------
[2022-05-16 10:00:52,966] {taskinstance.py:1357} INFO - Starting attempt 1 of 2
[2022-05-16 10:00:52,968] {taskinstance.py:1358} INFO - 
--------------------------------------------------------------------------------
[2022-05-16 10:00:53,049] {taskinstance.py:1377} INFO - Executing <Task(BashOperator): stop_consumer_twitter_data> on 2022-05-12 18:00:00+00:00
[2022-05-16 10:00:53,058] {standard_task_runner.py:52} INFO - Started process 195 to run task
[2022-05-16 10:00:53,096] {standard_task_runner.py:79} INFO - Running: ['***', 'tasks', 'run', 'stop_live_stream_Dag', 'stop_consumer_twitter_data', 'scheduled__2022-05-12T18:00:00+00:00', '--job-id', '147', '--raw', '--subdir', 'DAGS_FOLDER/stop_live_stream_dags.py', '--cfg-path', '/tmp/tmpgpn3rj4z', '--error-file', '/tmp/tmphgwjwe5n']
[2022-05-16 10:00:53,104] {standard_task_runner.py:80} INFO - Job 147: Subtask stop_consumer_twitter_data
[2022-05-16 10:00:53,583] {task_command.py:369} INFO - Running <TaskInstance: stop_live_stream_Dag.stop_consumer_twitter_data scheduled__2022-05-12T18:00:00+00:00 [running]> on host 6c2369487cbf
[2022-05-16 10:00:55,708] {taskinstance.py:1571} INFO - Exporting the following env vars:
AIRFLOW_CTX_DAG_OWNER=Airflow
AIRFLOW_CTX_DAG_ID=stop_live_stream_Dag
AIRFLOW_CTX_TASK_ID=stop_consumer_twitter_data
AIRFLOW_CTX_EXECUTION_DATE=2022-05-12T18:00:00+00:00
AIRFLOW_CTX_TRY_NUMBER=1
AIRFLOW_CTX_DAG_RUN_ID=scheduled__2022-05-12T18:00:00+00:00
[2022-05-16 10:00:55,714] {subprocess.py:62} INFO - Tmp dir root location: 
 /tmp
[2022-05-16 10:00:55,718] {subprocess.py:74} INFO - Running command: ['bash', '-c', 'pkill -9 -f /opt/***/dags/scripts/consumer_tweets.py']
[2022-05-16 10:00:55,846] {subprocess.py:85} INFO - Output:
[2022-05-16 10:00:55,907] {subprocess.py:96} INFO - Command exited with return code 0
[2022-05-16 10:00:55,970] {taskinstance.py:1400} INFO - Marking task as SUCCESS. dag_id=stop_live_stream_Dag, task_id=stop_consumer_twitter_data, execution_date=20220512T180000, start_date=20220516T100052, end_date=20220516T100055
[2022-05-16 10:00:56,070] {local_task_job.py:156} INFO - Task exited with return code 0
[2022-05-16 10:00:56,161] {local_task_job.py:273} INFO - 0 downstream tasks scheduled from follow-on schedule check
