[2022-05-16 10:05:27,377] {taskinstance.py:1159} INFO - Dependencies all met for <TaskInstance: live_stream_Dag.consumer_twitter_data manual__2022-05-16T10:05:26.886598+00:00 [queued]>
[2022-05-16 10:05:27,385] {taskinstance.py:1159} INFO - Dependencies all met for <TaskInstance: live_stream_Dag.consumer_twitter_data manual__2022-05-16T10:05:26.886598+00:00 [queued]>
[2022-05-16 10:05:27,387] {taskinstance.py:1356} INFO - 
--------------------------------------------------------------------------------
[2022-05-16 10:05:27,388] {taskinstance.py:1357} INFO - Starting attempt 1 of 2
[2022-05-16 10:05:27,389] {taskinstance.py:1358} INFO - 
--------------------------------------------------------------------------------
[2022-05-16 10:05:27,400] {taskinstance.py:1377} INFO - Executing <Task(BashOperator): consumer_twitter_data> on 2022-05-16 10:05:26.886598+00:00
[2022-05-16 10:05:27,405] {standard_task_runner.py:52} INFO - Started process 2357 to run task
[2022-05-16 10:05:27,408] {standard_task_runner.py:79} INFO - Running: ['***', 'tasks', 'run', 'live_stream_Dag', 'consumer_twitter_data', 'manual__2022-05-16T10:05:26.886598+00:00', '--job-id', '165', '--raw', '--subdir', 'DAGS_FOLDER/live_stream_dag.py', '--cfg-path', '/tmp/tmpp25avuho', '--error-file', '/tmp/tmpeq758nkb']
[2022-05-16 10:05:27,412] {standard_task_runner.py:80} INFO - Job 165: Subtask consumer_twitter_data
[2022-05-16 10:05:27,472] {task_command.py:369} INFO - Running <TaskInstance: live_stream_Dag.consumer_twitter_data manual__2022-05-16T10:05:26.886598+00:00 [running]> on host 6c2369487cbf
[2022-05-16 10:05:27,750] {taskinstance.py:1571} INFO - Exporting the following env vars:
AIRFLOW_CTX_DAG_OWNER=Airflow
AIRFLOW_CTX_DAG_ID=live_stream_Dag
AIRFLOW_CTX_TASK_ID=consumer_twitter_data
AIRFLOW_CTX_EXECUTION_DATE=2022-05-16T10:05:26.886598+00:00
AIRFLOW_CTX_TRY_NUMBER=1
AIRFLOW_CTX_DAG_RUN_ID=manual__2022-05-16T10:05:26.886598+00:00
[2022-05-16 10:05:27,751] {subprocess.py:62} INFO - Tmp dir root location: 
 /tmp
[2022-05-16 10:05:27,753] {subprocess.py:74} INFO - Running command: ['bash', '-c', 'python3 /opt/***/dags/scripts/consumer_tweets.py']
[2022-05-16 10:05:27,761] {subprocess.py:85} INFO - Output:
[2022-05-16 10:05:28,705] {subprocess.py:92} INFO - WARNING: An illegal reflective access operation has occurred
[2022-05-16 10:05:28,706] {subprocess.py:92} INFO - WARNING: Illegal reflective access by org.apache.spark.unsafe.Platform (file:/home/***/.local/lib/python3.7/site-packages/pyspark/jars/spark-unsafe_2.12-3.2.1.jar) to constructor java.nio.DirectByteBuffer(long,int)
[2022-05-16 10:05:28,707] {subprocess.py:92} INFO - WARNING: Please consider reporting this to the maintainers of org.apache.spark.unsafe.Platform
[2022-05-16 10:05:28,708] {subprocess.py:92} INFO - WARNING: Use --illegal-access=warn to enable warnings of further illegal reflective access operations
[2022-05-16 10:05:28,709] {subprocess.py:92} INFO - WARNING: All illegal access operations will be denied in a future release
[2022-05-16 10:05:28,788] {subprocess.py:92} INFO - :: loading settings :: url = jar:file:/home/***/.local/lib/python3.7/site-packages/pyspark/jars/ivy-2.5.0.jar!/org/apache/ivy/core/settings/ivysettings.xml
[2022-05-16 10:05:28,841] {subprocess.py:92} INFO - Ivy Default Cache set to: /home/***/.ivy2/cache
[2022-05-16 10:05:28,843] {subprocess.py:92} INFO - The jars for the packages stored in: /home/***/.ivy2/jars
[2022-05-16 10:05:28,844] {subprocess.py:92} INFO - org.apache.spark#spark-streaming-kafka-0-10_2.12 added as a dependency
[2022-05-16 10:05:28,845] {subprocess.py:92} INFO - org.apache.spark#spark-sql-kafka-0-10_2.12 added as a dependency
[2022-05-16 10:05:28,846] {subprocess.py:92} INFO - org.mongodb.spark#mongo-spark-connector_2.12 added as a dependency
[2022-05-16 10:05:28,847] {subprocess.py:92} INFO - :: resolving dependencies :: org.apache.spark#spark-submit-parent-c103b1df-557f-45be-a39e-27932061be73;1.0
[2022-05-16 10:05:28,848] {subprocess.py:92} INFO - 	confs: [default]
[2022-05-16 10:05:28,930] {subprocess.py:92} INFO - 	found org.apache.spark#spark-streaming-kafka-0-10_2.12;3.1.0 in central
[2022-05-16 10:05:28,958] {subprocess.py:92} INFO - 	found org.apache.spark#spark-token-provider-kafka-0-10_2.12;3.1.0 in central
[2022-05-16 10:05:28,972] {subprocess.py:92} INFO - 	found org.apache.kafka#kafka-clients;2.6.0 in central
[2022-05-16 10:05:28,992] {subprocess.py:92} INFO - 	found com.github.luben#zstd-jni;1.4.8-1 in central
[2022-05-16 10:05:29,004] {subprocess.py:92} INFO - 	found org.lz4#lz4-java;1.7.1 in central
[2022-05-16 10:05:29,017] {subprocess.py:92} INFO - 	found org.xerial.snappy#snappy-java;1.1.8.2 in central
[2022-05-16 10:05:29,033] {subprocess.py:92} INFO - 	found org.slf4j#slf4j-api;1.7.30 in central
[2022-05-16 10:05:29,044] {subprocess.py:92} INFO - 	found org.spark-project.spark#unused;1.0.0 in central
[2022-05-16 10:05:29,059] {subprocess.py:92} INFO - 	found org.apache.spark#spark-sql-kafka-0-10_2.12;3.1.0 in central
[2022-05-16 10:05:29,070] {subprocess.py:92} INFO - 	found org.apache.commons#commons-pool2;2.6.2 in central
[2022-05-16 10:05:29,078] {subprocess.py:92} INFO - 	found org.mongodb.spark#mongo-spark-connector_2.12;3.0.1 in central
[2022-05-16 10:05:29,090] {subprocess.py:92} INFO - 	found org.mongodb#mongodb-driver-sync;4.0.5 in central
[2022-05-16 10:05:29,096] {subprocess.py:92} INFO - 	found org.mongodb#bson;4.0.5 in central
[2022-05-16 10:05:29,103] {subprocess.py:92} INFO - 	found org.mongodb#mongodb-driver-core;4.0.5 in central
[2022-05-16 10:05:30,628] {subprocess.py:92} INFO - downloading https://repo1.maven.org/maven2/org/apache/spark/spark-streaming-kafka-0-10_2.12/3.1.0/spark-streaming-kafka-0-10_2.12-3.1.0.jar ...
[2022-05-16 10:05:31,515] {subprocess.py:92} INFO - 	[SUCCESSFUL ] org.apache.spark#spark-streaming-kafka-0-10_2.12;3.1.0!spark-streaming-kafka-0-10_2.12.jar (2404ms)
[2022-05-16 10:05:31,527] {subprocess.py:92} INFO - :: resolution report :: resolve 265ms :: artifacts dl 2417ms
[2022-05-16 10:05:31,528] {subprocess.py:92} INFO - 	:: modules in use:
[2022-05-16 10:05:31,529] {subprocess.py:92} INFO - 	com.github.luben#zstd-jni;1.4.8-1 from central in [default]
[2022-05-16 10:05:31,530] {subprocess.py:92} INFO - 	org.apache.commons#commons-pool2;2.6.2 from central in [default]
[2022-05-16 10:05:31,531] {subprocess.py:92} INFO - 	org.apache.kafka#kafka-clients;2.6.0 from central in [default]
[2022-05-16 10:05:31,532] {subprocess.py:92} INFO - 	org.apache.spark#spark-sql-kafka-0-10_2.12;3.1.0 from central in [default]
[2022-05-16 10:05:31,533] {subprocess.py:92} INFO - 	org.apache.spark#spark-streaming-kafka-0-10_2.12;3.1.0 from central in [default]
[2022-05-16 10:05:31,533] {subprocess.py:92} INFO - 	org.apache.spark#spark-token-provider-kafka-0-10_2.12;3.1.0 from central in [default]
[2022-05-16 10:05:31,535] {subprocess.py:92} INFO - 	org.lz4#lz4-java;1.7.1 from central in [default]
[2022-05-16 10:05:31,535] {subprocess.py:92} INFO - 	org.mongodb#bson;4.0.5 from central in [default]
[2022-05-16 10:05:31,536] {subprocess.py:92} INFO - 	org.mongodb#mongodb-driver-core;4.0.5 from central in [default]
[2022-05-16 10:05:31,537] {subprocess.py:92} INFO - 	org.mongodb#mongodb-driver-sync;4.0.5 from central in [default]
[2022-05-16 10:05:31,538] {subprocess.py:92} INFO - 	org.mongodb.spark#mongo-spark-connector_2.12;3.0.1 from central in [default]
[2022-05-16 10:05:31,539] {subprocess.py:92} INFO - 	org.slf4j#slf4j-api;1.7.30 from central in [default]
[2022-05-16 10:05:31,540] {subprocess.py:92} INFO - 	org.spark-project.spark#unused;1.0.0 from central in [default]
[2022-05-16 10:05:31,541] {subprocess.py:92} INFO - 	org.xerial.snappy#snappy-java;1.1.8.2 from central in [default]
[2022-05-16 10:05:31,541] {subprocess.py:92} INFO - 	---------------------------------------------------------------------
[2022-05-16 10:05:31,542] {subprocess.py:92} INFO - 	|                  |            modules            ||   artifacts   |
[2022-05-16 10:05:31,543] {subprocess.py:92} INFO - 	|       conf       | number| search|dwnlded|evicted|| number|dwnlded|
[2022-05-16 10:05:31,543] {subprocess.py:92} INFO - 	---------------------------------------------------------------------
[2022-05-16 10:05:31,544] {subprocess.py:92} INFO - 	|      default     |   14  |   0   |   0   |   0   ||   14  |   1   |
[2022-05-16 10:05:31,545] {subprocess.py:92} INFO - 	---------------------------------------------------------------------
[2022-05-16 10:05:31,545] {subprocess.py:92} INFO - :: retrieving :: org.apache.spark#spark-submit-parent-c103b1df-557f-45be-a39e-27932061be73
[2022-05-16 10:05:31,546] {subprocess.py:92} INFO - 	confs: [default]
[2022-05-16 10:05:31,572] {subprocess.py:92} INFO - 	14 artifacts copied, 0 already retrieved (15949kB/31ms)
[2022-05-16 10:05:31,739] {subprocess.py:92} INFO - 22/05/16 10:05:31 WARN NativeCodeLoader: Unable to load native-hadoop library for your platform... using builtin-java classes where applicable
[2022-05-16 10:05:31,898] {subprocess.py:92} INFO - Using Spark's default log4j profile: org/apache/spark/log4j-defaults.properties
[2022-05-16 10:05:31,899] {subprocess.py:92} INFO - Setting default log level to "WARN".
[2022-05-16 10:05:31,900] {subprocess.py:92} INFO - To adjust logging level use sc.setLogLevel(newLevel). For SparkR, use setLogLevel(newLevel).
[2022-05-16 10:05:35,630] {subprocess.py:92} INFO - 22/05/16 10:05:35 WARN ResolveWriteToStream: Temporary checkpoint location created which is deleted normally when the query didn't fail: /tmp/temporary-fdfe8c86-3c6e-4579-ba8c-18287ff76bf4. If it's required to delete it under any circumstances, please set spark.sql.streaming.forceDeleteTempCheckpointLocation to true. Important to know deleting temp checkpoint folder is best effort.
[2022-05-16 10:05:35,648] {subprocess.py:92} INFO - 22/05/16 10:05:35 WARN ResolveWriteToStream: spark.sql.adaptive.enabled is not supported in streaming DataFrames/Datasets and will be disabled.
[2022-05-16 10:05:35,991] {subprocess.py:92} INFO - 22/05/16 10:05:35 WARN NetworkClient: [Consumer clientId=consumer-spark-kafka-source-9341a2ec-d6a2-4bba-b42d-7e83ee3ead37-1545618806-driver-0-1, groupId=spark-kafka-source-9341a2ec-d6a2-4bba-b42d-7e83ee3ead37-1545618806-driver-0] Connection to node -1 (localhost/127.0.0.1:9093) could not be established. Broker may not be available.
[2022-05-16 10:05:35,993] {subprocess.py:92} INFO - 22/05/16 10:05:35 WARN NetworkClient: [Consumer clientId=consumer-spark-kafka-source-9341a2ec-d6a2-4bba-b42d-7e83ee3ead37-1545618806-driver-0-1, groupId=spark-kafka-source-9341a2ec-d6a2-4bba-b42d-7e83ee3ead37-1545618806-driver-0] Bootstrap broker localhost:9093 (id: -1 rack: null) disconnected
[2022-05-16 10:05:36,093] {subprocess.py:92} INFO - 22/05/16 10:05:36 WARN NetworkClient: [Consumer clientId=consumer-spark-kafka-source-9341a2ec-d6a2-4bba-b42d-7e83ee3ead37-1545618806-driver-0-1, groupId=spark-kafka-source-9341a2ec-d6a2-4bba-b42d-7e83ee3ead37-1545618806-driver-0] Connection to node -1 (localhost/127.0.0.1:9093) could not be established. Broker may not be available.
[2022-05-16 10:05:36,094] {subprocess.py:92} INFO - 22/05/16 10:05:36 WARN NetworkClient: [Consumer clientId=consumer-spark-kafka-source-9341a2ec-d6a2-4bba-b42d-7e83ee3ead37-1545618806-driver-0-1, groupId=spark-kafka-source-9341a2ec-d6a2-4bba-b42d-7e83ee3ead37-1545618806-driver-0] Bootstrap broker localhost:9093 (id: -1 rack: null) disconnected
[2022-05-16 10:05:36,196] {subprocess.py:92} INFO - 22/05/16 10:05:36 WARN NetworkClient: [Consumer clientId=consumer-spark-kafka-source-9341a2ec-d6a2-4bba-b42d-7e83ee3ead37-1545618806-driver-0-1, groupId=spark-kafka-source-9341a2ec-d6a2-4bba-b42d-7e83ee3ead37-1545618806-driver-0] Connection to node -1 (localhost/127.0.0.1:9093) could not be established. Broker may not be available.
[2022-05-16 10:05:36,197] {subprocess.py:92} INFO - 22/05/16 10:05:36 WARN NetworkClient: [Consumer clientId=consumer-spark-kafka-source-9341a2ec-d6a2-4bba-b42d-7e83ee3ead37-1545618806-driver-0-1, groupId=spark-kafka-source-9341a2ec-d6a2-4bba-b42d-7e83ee3ead37-1545618806-driver-0] Bootstrap broker localhost:9093 (id: -1 rack: null) disconnected
[2022-05-16 10:05:36,397] {subprocess.py:92} INFO - 22/05/16 10:05:36 WARN NetworkClient: [Consumer clientId=consumer-spark-kafka-source-9341a2ec-d6a2-4bba-b42d-7e83ee3ead37-1545618806-driver-0-1, groupId=spark-kafka-source-9341a2ec-d6a2-4bba-b42d-7e83ee3ead37-1545618806-driver-0] Connection to node -1 (localhost/127.0.0.1:9093) could not be established. Broker may not be available.
[2022-05-16 10:05:36,399] {subprocess.py:92} INFO - 22/05/16 10:05:36 WARN NetworkClient: [Consumer clientId=consumer-spark-kafka-source-9341a2ec-d6a2-4bba-b42d-7e83ee3ead37-1545618806-driver-0-1, groupId=spark-kafka-source-9341a2ec-d6a2-4bba-b42d-7e83ee3ead37-1545618806-driver-0] Bootstrap broker localhost:9093 (id: -1 rack: null) disconnected
[2022-05-16 10:05:36,854] {subprocess.py:92} INFO - 22/05/16 10:05:36 WARN NetworkClient: [Consumer clientId=consumer-spark-kafka-source-9341a2ec-d6a2-4bba-b42d-7e83ee3ead37-1545618806-driver-0-1, groupId=spark-kafka-source-9341a2ec-d6a2-4bba-b42d-7e83ee3ead37-1545618806-driver-0] Connection to node -1 (localhost/127.0.0.1:9093) could not be established. Broker may not be available.
[2022-05-16 10:05:36,856] {subprocess.py:92} INFO - 22/05/16 10:05:36 WARN NetworkClient: [Consumer clientId=consumer-spark-kafka-source-9341a2ec-d6a2-4bba-b42d-7e83ee3ead37-1545618806-driver-0-1, groupId=spark-kafka-source-9341a2ec-d6a2-4bba-b42d-7e83ee3ead37-1545618806-driver-0] Bootstrap broker localhost:9093 (id: -1 rack: null) disconnected
[2022-05-16 10:05:37,770] {subprocess.py:92} INFO - 22/05/16 10:05:37 WARN NetworkClient: [Consumer clientId=consumer-spark-kafka-source-9341a2ec-d6a2-4bba-b42d-7e83ee3ead37-1545618806-driver-0-1, groupId=spark-kafka-source-9341a2ec-d6a2-4bba-b42d-7e83ee3ead37-1545618806-driver-0] Connection to node -1 (localhost/127.0.0.1:9093) could not be established. Broker may not be available.
[2022-05-16 10:05:37,772] {subprocess.py:92} INFO - 22/05/16 10:05:37 WARN NetworkClient: [Consumer clientId=consumer-spark-kafka-source-9341a2ec-d6a2-4bba-b42d-7e83ee3ead37-1545618806-driver-0-1, groupId=spark-kafka-source-9341a2ec-d6a2-4bba-b42d-7e83ee3ead37-1545618806-driver-0] Bootstrap broker localhost:9093 (id: -1 rack: null) disconnected
[2022-05-16 10:05:38,609] {subprocess.py:92} INFO - 22/05/16 10:05:38 WARN NetworkClient: [Consumer clientId=consumer-spark-kafka-source-9341a2ec-d6a2-4bba-b42d-7e83ee3ead37-1545618806-driver-0-1, groupId=spark-kafka-source-9341a2ec-d6a2-4bba-b42d-7e83ee3ead37-1545618806-driver-0] Connection to node -1 (localhost/127.0.0.1:9093) could not be established. Broker may not be available.
[2022-05-16 10:05:38,613] {subprocess.py:92} INFO - 22/05/16 10:05:38 WARN NetworkClient: [Consumer clientId=consumer-spark-kafka-source-9341a2ec-d6a2-4bba-b42d-7e83ee3ead37-1545618806-driver-0-1, groupId=spark-kafka-source-9341a2ec-d6a2-4bba-b42d-7e83ee3ead37-1545618806-driver-0] Bootstrap broker localhost:9093 (id: -1 rack: null) disconnected
[2022-05-16 10:05:39,600] {subprocess.py:92} INFO - 22/05/16 10:05:39 WARN NetworkClient: [Consumer clientId=consumer-spark-kafka-source-9341a2ec-d6a2-4bba-b42d-7e83ee3ead37-1545618806-driver-0-1, groupId=spark-kafka-source-9341a2ec-d6a2-4bba-b42d-7e83ee3ead37-1545618806-driver-0] Connection to node -1 (localhost/127.0.0.1:9093) could not be established. Broker may not be available.
[2022-05-16 10:05:39,602] {subprocess.py:92} INFO - 22/05/16 10:05:39 WARN NetworkClient: [Consumer clientId=consumer-spark-kafka-source-9341a2ec-d6a2-4bba-b42d-7e83ee3ead37-1545618806-driver-0-1, groupId=spark-kafka-source-9341a2ec-d6a2-4bba-b42d-7e83ee3ead37-1545618806-driver-0] Bootstrap broker localhost:9093 (id: -1 rack: null) disconnected
[2022-05-16 10:05:40,617] {subprocess.py:92} INFO - 22/05/16 10:05:40 WARN NetworkClient: [Consumer clientId=consumer-spark-kafka-source-9341a2ec-d6a2-4bba-b42d-7e83ee3ead37-1545618806-driver-0-1, groupId=spark-kafka-source-9341a2ec-d6a2-4bba-b42d-7e83ee3ead37-1545618806-driver-0] Connection to node -1 (localhost/127.0.0.1:9093) could not be established. Broker may not be available.
[2022-05-16 10:05:40,620] {subprocess.py:92} INFO - 22/05/16 10:05:40 WARN NetworkClient: [Consumer clientId=consumer-spark-kafka-source-9341a2ec-d6a2-4bba-b42d-7e83ee3ead37-1545618806-driver-0-1, groupId=spark-kafka-source-9341a2ec-d6a2-4bba-b42d-7e83ee3ead37-1545618806-driver-0] Bootstrap broker localhost:9093 (id: -1 rack: null) disconnected
[2022-05-16 10:05:41,805] {subprocess.py:92} INFO - 22/05/16 10:05:41 WARN NetworkClient: [Consumer clientId=consumer-spark-kafka-source-9341a2ec-d6a2-4bba-b42d-7e83ee3ead37-1545618806-driver-0-1, groupId=spark-kafka-source-9341a2ec-d6a2-4bba-b42d-7e83ee3ead37-1545618806-driver-0] Connection to node -1 (localhost/127.0.0.1:9093) could not be established. Broker may not be available.
[2022-05-16 10:05:41,806] {subprocess.py:92} INFO - 22/05/16 10:05:41 WARN NetworkClient: [Consumer clientId=consumer-spark-kafka-source-9341a2ec-d6a2-4bba-b42d-7e83ee3ead37-1545618806-driver-0-1, groupId=spark-kafka-source-9341a2ec-d6a2-4bba-b42d-7e83ee3ead37-1545618806-driver-0] Bootstrap broker localhost:9093 (id: -1 rack: null) disconnected
[2022-05-16 10:05:42,556] {local_task_job.py:221} WARNING - State of this instance has been externally set to success. Terminating instance.
[2022-05-16 10:05:42,562] {process_utils.py:129} INFO - Sending Signals.SIGTERM to group 2357. PIDs of all processes in the group: [2359, 2366, 2357]
[2022-05-16 10:05:42,564] {process_utils.py:80} INFO - Sending the signal Signals.SIGTERM to group 2357
[2022-05-16 10:05:42,566] {taskinstance.py:1541} ERROR - Received SIGTERM. Terminating subprocesses.
[2022-05-16 10:05:42,567] {subprocess.py:103} INFO - Sending SIGTERM signal to process group
[2022-05-16 10:05:42,622] {process_utils.py:75} INFO - Process psutil.Process(pid=2357, status='terminated', exitcode=0, started='10:05:26') (2357) terminated with exit code 0
[2022-05-16 10:05:42,624] {process_utils.py:75} INFO - Process psutil.Process(pid=2359, status='terminated', started='10:05:26') (2359) terminated with exit code None
[2022-05-16 10:05:43,152] {process_utils.py:75} INFO - Process psutil.Process(pid=2366, status='terminated', started='10:05:27') (2366) terminated with exit code None
