[2022-05-12 11:24:58,576] {taskinstance.py:1159} INFO - Dependencies all met for <TaskInstance: stop_live_stream_Dag.stop_producer_twitter_data manual__2022-05-12T11:24:57.467862+00:00 [queued]>
[2022-05-12 11:24:58,582] {taskinstance.py:1159} INFO - Dependencies all met for <TaskInstance: stop_live_stream_Dag.stop_producer_twitter_data manual__2022-05-12T11:24:57.467862+00:00 [queued]>
[2022-05-12 11:24:58,583] {taskinstance.py:1356} INFO - 
--------------------------------------------------------------------------------
[2022-05-12 11:24:58,583] {taskinstance.py:1357} INFO - Starting attempt 1 of 2
[2022-05-12 11:24:58,584] {taskinstance.py:1358} INFO - 
--------------------------------------------------------------------------------
[2022-05-12 11:24:58,594] {taskinstance.py:1377} INFO - Executing <Task(BashOperator): stop_producer_twitter_data> on 2022-05-12 11:24:57.467862+00:00
[2022-05-12 11:24:58,598] {standard_task_runner.py:52} INFO - Started process 1468 to run task
[2022-05-12 11:24:58,601] {standard_task_runner.py:79} INFO - Running: ['***', 'tasks', 'run', 'stop_live_stream_Dag', 'stop_producer_twitter_data', 'manual__2022-05-12T11:24:57.467862+00:00', '--job-id', '57', '--raw', '--subdir', 'DAGS_FOLDER/stop_live_stream_dags.py', '--cfg-path', '/tmp/tmp53a7eqvh', '--error-file', '/tmp/tmpa9cdtlvn']
[2022-05-12 11:24:58,603] {standard_task_runner.py:80} INFO - Job 57: Subtask stop_producer_twitter_data
[2022-05-12 11:24:58,649] {task_command.py:369} INFO - Running <TaskInstance: stop_live_stream_Dag.stop_producer_twitter_data manual__2022-05-12T11:24:57.467862+00:00 [running]> on host 045d2c6c2069
[2022-05-12 11:24:59,230] {taskinstance.py:1571} INFO - Exporting the following env vars:
AIRFLOW_CTX_DAG_OWNER=Airflow
AIRFLOW_CTX_DAG_ID=stop_live_stream_Dag
AIRFLOW_CTX_TASK_ID=stop_producer_twitter_data
AIRFLOW_CTX_EXECUTION_DATE=2022-05-12T11:24:57.467862+00:00
AIRFLOW_CTX_TRY_NUMBER=1
AIRFLOW_CTX_DAG_RUN_ID=manual__2022-05-12T11:24:57.467862+00:00
[2022-05-12 11:24:59,234] {subprocess.py:62} INFO - Tmp dir root location: 
 /tmp
[2022-05-12 11:24:59,236] {subprocess.py:74} INFO - Running command: ['bash', '-c', 'pkill -9 -f /opt/***/dags/producer_tweets.py']
[2022-05-12 11:24:59,252] {subprocess.py:85} INFO - Output:
[2022-05-12 11:24:59,287] {subprocess.py:96} INFO - Command exited with return code 0
[2022-05-12 11:24:59,390] {taskinstance.py:1400} INFO - Marking task as SUCCESS. dag_id=stop_live_stream_Dag, task_id=stop_producer_twitter_data, execution_date=20220512T112457, start_date=20220512T112458, end_date=20220512T112459
[2022-05-12 11:24:59,489] {local_task_job.py:156} INFO - Task exited with return code 0
[2022-05-12 11:24:59,539] {local_task_job.py:273} INFO - 0 downstream tasks scheduled from follow-on schedule check
