[2022-05-13 07:28:40,963] {taskinstance.py:1159} INFO - Dependencies all met for <TaskInstance: stop_live_stream_Dag.stop_consumer_twitter_data manual__2022-05-13T07:28:40.501231+00:00 [queued]>
[2022-05-13 07:28:40,970] {taskinstance.py:1159} INFO - Dependencies all met for <TaskInstance: stop_live_stream_Dag.stop_consumer_twitter_data manual__2022-05-13T07:28:40.501231+00:00 [queued]>
[2022-05-13 07:28:40,971] {taskinstance.py:1356} INFO - 
--------------------------------------------------------------------------------
[2022-05-13 07:28:40,971] {taskinstance.py:1357} INFO - Starting attempt 1 of 2
[2022-05-13 07:28:40,972] {taskinstance.py:1358} INFO - 
--------------------------------------------------------------------------------
[2022-05-13 07:28:40,982] {taskinstance.py:1377} INFO - Executing <Task(BashOperator): stop_consumer_twitter_data> on 2022-05-13 07:28:40.501231+00:00
[2022-05-13 07:28:40,985] {standard_task_runner.py:52} INFO - Started process 1470 to run task
[2022-05-13 07:28:40,988] {standard_task_runner.py:79} INFO - Running: ['***', 'tasks', 'run', 'stop_live_stream_Dag', 'stop_consumer_twitter_data', 'manual__2022-05-13T07:28:40.501231+00:00', '--job-id', '127', '--raw', '--subdir', 'DAGS_FOLDER/stop_live_stream_dags.py', '--cfg-path', '/tmp/tmp5j8ljtkz', '--error-file', '/tmp/tmpxe7fi9_7']
[2022-05-13 07:28:40,990] {standard_task_runner.py:80} INFO - Job 127: Subtask stop_consumer_twitter_data
[2022-05-13 07:28:41,038] {task_command.py:369} INFO - Running <TaskInstance: stop_live_stream_Dag.stop_consumer_twitter_data manual__2022-05-13T07:28:40.501231+00:00 [running]> on host 034a9584f865
[2022-05-13 07:28:41,887] {taskinstance.py:1571} INFO - Exporting the following env vars:
AIRFLOW_CTX_DAG_OWNER=Airflow
AIRFLOW_CTX_DAG_ID=stop_live_stream_Dag
AIRFLOW_CTX_TASK_ID=stop_consumer_twitter_data
AIRFLOW_CTX_EXECUTION_DATE=2022-05-13T07:28:40.501231+00:00
AIRFLOW_CTX_TRY_NUMBER=1
AIRFLOW_CTX_DAG_RUN_ID=manual__2022-05-13T07:28:40.501231+00:00
[2022-05-13 07:28:41,891] {subprocess.py:62} INFO - Tmp dir root location: 
 /tmp
[2022-05-13 07:28:41,894] {subprocess.py:74} INFO - Running command: ['bash', '-c', 'pkill -9 -f /opt/***/dags/consumer_tweets.py']
[2022-05-13 07:28:41,909] {subprocess.py:85} INFO - Output:
[2022-05-13 07:28:41,936] {subprocess.py:96} INFO - Command exited with return code 0
[2022-05-13 07:28:42,027] {taskinstance.py:1400} INFO - Marking task as SUCCESS. dag_id=stop_live_stream_Dag, task_id=stop_consumer_twitter_data, execution_date=20220513T072840, start_date=20220513T072840, end_date=20220513T072842
[2022-05-13 07:28:42,093] {local_task_job.py:156} INFO - Task exited with return code 0
[2022-05-13 07:28:42,146] {local_task_job.py:273} INFO - 0 downstream tasks scheduled from follow-on schedule check
