[2022-05-16 10:01:02,369] {taskinstance.py:1159} INFO - Dependencies all met for <TaskInstance: Collect_Data_Dag.get_data_src_donations scheduled__2022-05-12T18:00:00+00:00 [queued]>
[2022-05-16 10:01:02,391] {taskinstance.py:1159} INFO - Dependencies all met for <TaskInstance: Collect_Data_Dag.get_data_src_donations scheduled__2022-05-12T18:00:00+00:00 [queued]>
[2022-05-16 10:01:02,393] {taskinstance.py:1356} INFO - 
--------------------------------------------------------------------------------
[2022-05-16 10:01:02,394] {taskinstance.py:1357} INFO - Starting attempt 1 of 2
[2022-05-16 10:01:02,396] {taskinstance.py:1358} INFO - 
--------------------------------------------------------------------------------
[2022-05-16 10:01:02,441] {taskinstance.py:1377} INFO - Executing <Task(BashOperator): get_data_src_donations> on 2022-05-12 18:00:00+00:00
[2022-05-16 10:01:02,447] {standard_task_runner.py:52} INFO - Started process 430 to run task
[2022-05-16 10:01:02,452] {standard_task_runner.py:79} INFO - Running: ['***', 'tasks', 'run', 'Collect_Data_Dag', 'get_data_src_donations', 'scheduled__2022-05-12T18:00:00+00:00', '--job-id', '156', '--raw', '--subdir', 'DAGS_FOLDER/collect_data_dag.py', '--cfg-path', '/tmp/tmp2uxloxjm', '--error-file', '/tmp/tmp7cdumy6a']
[2022-05-16 10:01:02,454] {standard_task_runner.py:80} INFO - Job 156: Subtask get_data_src_donations
[2022-05-16 10:01:02,522] {task_command.py:369} INFO - Running <TaskInstance: Collect_Data_Dag.get_data_src_donations scheduled__2022-05-12T18:00:00+00:00 [running]> on host 6c2369487cbf
[2022-05-16 10:01:03,983] {taskinstance.py:1571} INFO - Exporting the following env vars:
AIRFLOW_CTX_DAG_OWNER=Airflow
AIRFLOW_CTX_DAG_ID=Collect_Data_Dag
AIRFLOW_CTX_TASK_ID=get_data_src_donations
AIRFLOW_CTX_EXECUTION_DATE=2022-05-12T18:00:00+00:00
AIRFLOW_CTX_TRY_NUMBER=1
AIRFLOW_CTX_DAG_RUN_ID=scheduled__2022-05-12T18:00:00+00:00
[2022-05-16 10:01:04,010] {subprocess.py:62} INFO - Tmp dir root location: 
 /tmp
[2022-05-16 10:01:04,018] {subprocess.py:74} INFO - Running command: ['bash', '-c', 'python3 /opt/***/dags/scripts/dag_data_source_api_6.py']
[2022-05-16 10:01:04,112] {subprocess.py:85} INFO - Output:
[2022-05-16 10:01:10,829] {subprocess.py:96} INFO - Command exited with return code 0
[2022-05-16 10:01:10,935] {taskinstance.py:1400} INFO - Marking task as SUCCESS. dag_id=Collect_Data_Dag, task_id=get_data_src_donations, execution_date=20220512T180000, start_date=20220516T100102, end_date=20220516T100110
[2022-05-16 10:01:11,035] {local_task_job.py:156} INFO - Task exited with return code 0
[2022-05-16 10:01:11,730] {local_task_job.py:273} INFO - 1 downstream tasks scheduled from follow-on schedule check
