[2022-05-13 07:28:40,986] {taskinstance.py:1159} INFO - Dependencies all met for <TaskInstance: stop_live_stream_Dag.stop_producer_twitter_data manual__2022-05-13T07:28:40.501231+00:00 [queued]>
[2022-05-13 07:28:40,993] {taskinstance.py:1159} INFO - Dependencies all met for <TaskInstance: stop_live_stream_Dag.stop_producer_twitter_data manual__2022-05-13T07:28:40.501231+00:00 [queued]>
[2022-05-13 07:28:40,994] {taskinstance.py:1356} INFO - 
--------------------------------------------------------------------------------
[2022-05-13 07:28:40,995] {taskinstance.py:1357} INFO - Starting attempt 1 of 2
[2022-05-13 07:28:40,995] {taskinstance.py:1358} INFO - 
--------------------------------------------------------------------------------
[2022-05-13 07:28:41,004] {taskinstance.py:1377} INFO - Executing <Task(BashOperator): stop_producer_twitter_data> on 2022-05-13 07:28:40.501231+00:00
[2022-05-13 07:28:41,008] {standard_task_runner.py:52} INFO - Started process 1471 to run task
[2022-05-13 07:28:41,010] {standard_task_runner.py:79} INFO - Running: ['***', 'tasks', 'run', 'stop_live_stream_Dag', 'stop_producer_twitter_data', 'manual__2022-05-13T07:28:40.501231+00:00', '--job-id', '126', '--raw', '--subdir', 'DAGS_FOLDER/stop_live_stream_dags.py', '--cfg-path', '/tmp/tmpwuk2qv0o', '--error-file', '/tmp/tmpda4_z72u']
[2022-05-13 07:28:41,012] {standard_task_runner.py:80} INFO - Job 126: Subtask stop_producer_twitter_data
[2022-05-13 07:28:41,061] {task_command.py:369} INFO - Running <TaskInstance: stop_live_stream_Dag.stop_producer_twitter_data manual__2022-05-13T07:28:40.501231+00:00 [running]> on host 034a9584f865
[2022-05-13 07:28:41,895] {taskinstance.py:1571} INFO - Exporting the following env vars:
AIRFLOW_CTX_DAG_OWNER=Airflow
AIRFLOW_CTX_DAG_ID=stop_live_stream_Dag
AIRFLOW_CTX_TASK_ID=stop_producer_twitter_data
AIRFLOW_CTX_EXECUTION_DATE=2022-05-13T07:28:40.501231+00:00
AIRFLOW_CTX_TRY_NUMBER=1
AIRFLOW_CTX_DAG_RUN_ID=manual__2022-05-13T07:28:40.501231+00:00
[2022-05-13 07:28:41,898] {subprocess.py:62} INFO - Tmp dir root location: 
 /tmp
[2022-05-13 07:28:41,901] {subprocess.py:74} INFO - Running command: ['bash', '-c', 'pkill -9 -f /opt/***/dags/producer_tweets.py']
[2022-05-13 07:28:41,917] {subprocess.py:85} INFO - Output:
[2022-05-13 07:28:41,936] {subprocess.py:96} INFO - Command exited with return code 0
[2022-05-13 07:28:42,007] {taskinstance.py:1400} INFO - Marking task as SUCCESS. dag_id=stop_live_stream_Dag, task_id=stop_producer_twitter_data, execution_date=20220513T072840, start_date=20220513T072840, end_date=20220513T072842
[2022-05-13 07:28:42,067] {local_task_job.py:156} INFO - Task exited with return code 0
[2022-05-13 07:28:42,118] {local_task_job.py:273} INFO - 0 downstream tasks scheduled from follow-on schedule check
