[2022-05-12 15:03:07,975] {taskinstance.py:1159} INFO - Dependencies all met for <TaskInstance: live_stream_Dag.consumer_twitter_data manual__2022-05-12T15:03:07.550913+00:00 [queued]>
[2022-05-12 15:03:07,981] {taskinstance.py:1159} INFO - Dependencies all met for <TaskInstance: live_stream_Dag.consumer_twitter_data manual__2022-05-12T15:03:07.550913+00:00 [queued]>
[2022-05-12 15:03:07,982] {taskinstance.py:1356} INFO - 
--------------------------------------------------------------------------------
[2022-05-12 15:03:07,983] {taskinstance.py:1357} INFO - Starting attempt 1 of 2
[2022-05-12 15:03:07,984] {taskinstance.py:1358} INFO - 
--------------------------------------------------------------------------------
[2022-05-12 15:03:07,993] {taskinstance.py:1377} INFO - Executing <Task(BashOperator): consumer_twitter_data> on 2022-05-12 15:03:07.550913+00:00
[2022-05-12 15:03:07,998] {standard_task_runner.py:52} INFO - Started process 2097 to run task
[2022-05-12 15:03:08,002] {standard_task_runner.py:79} INFO - Running: ['***', 'tasks', 'run', 'live_stream_Dag', 'consumer_twitter_data', 'manual__2022-05-12T15:03:07.550913+00:00', '--job-id', '81', '--raw', '--subdir', 'DAGS_FOLDER/live_stream_dag.py', '--cfg-path', '/tmp/tmpkf995c_z', '--error-file', '/tmp/tmpuogd8gdk']
[2022-05-12 15:03:08,005] {standard_task_runner.py:80} INFO - Job 81: Subtask consumer_twitter_data
[2022-05-12 15:03:08,073] {task_command.py:369} INFO - Running <TaskInstance: live_stream_Dag.consumer_twitter_data manual__2022-05-12T15:03:07.550913+00:00 [running]> on host 78a2fc18e687
[2022-05-12 15:03:08,297] {taskinstance.py:1571} INFO - Exporting the following env vars:
AIRFLOW_CTX_DAG_OWNER=Airflow
AIRFLOW_CTX_DAG_ID=live_stream_Dag
AIRFLOW_CTX_TASK_ID=consumer_twitter_data
AIRFLOW_CTX_EXECUTION_DATE=2022-05-12T15:03:07.550913+00:00
AIRFLOW_CTX_TRY_NUMBER=1
AIRFLOW_CTX_DAG_RUN_ID=manual__2022-05-12T15:03:07.550913+00:00
[2022-05-12 15:03:08,299] {subprocess.py:62} INFO - Tmp dir root location: 
 /tmp
[2022-05-12 15:03:08,300] {subprocess.py:74} INFO - Running command: ['bash', '-c', 'python3 /opt/***/dags/consumer_tweets.py']
[2022-05-12 15:03:08,307] {subprocess.py:85} INFO - Output:
[2022-05-12 15:03:09,432] {subprocess.py:92} INFO - WARNING: An illegal reflective access operation has occurred
[2022-05-12 15:03:09,434] {subprocess.py:92} INFO - WARNING: Illegal reflective access by org.apache.spark.unsafe.Platform (file:/home/***/.local/lib/python3.7/site-packages/pyspark/jars/spark-unsafe_2.12-3.2.1.jar) to constructor java.nio.DirectByteBuffer(long,int)
[2022-05-12 15:03:09,435] {subprocess.py:92} INFO - WARNING: Please consider reporting this to the maintainers of org.apache.spark.unsafe.Platform
[2022-05-12 15:03:09,436] {subprocess.py:92} INFO - WARNING: Use --illegal-access=warn to enable warnings of further illegal reflective access operations
[2022-05-12 15:03:09,437] {subprocess.py:92} INFO - WARNING: All illegal access operations will be denied in a future release
[2022-05-12 15:03:09,516] {subprocess.py:92} INFO - :: loading settings :: url = jar:file:/home/***/.local/lib/python3.7/site-packages/pyspark/jars/ivy-2.5.0.jar!/org/apache/ivy/core/settings/ivysettings.xml
[2022-05-12 15:03:09,565] {subprocess.py:92} INFO - Ivy Default Cache set to: /home/***/.ivy2/cache
[2022-05-12 15:03:09,567] {subprocess.py:92} INFO - The jars for the packages stored in: /home/***/.ivy2/jars
[2022-05-12 15:03:09,569] {subprocess.py:92} INFO - org.apache.spark#spark-streaming-kafka-0-10_2.12 added as a dependency
[2022-05-12 15:03:09,569] {subprocess.py:92} INFO - org.apache.spark#spark-sql-kafka-0-10_2.12 added as a dependency
[2022-05-12 15:03:09,570] {subprocess.py:92} INFO - org.mongodb.spark#mongo-spark-connector_2.12 added as a dependency
[2022-05-12 15:03:09,571] {subprocess.py:92} INFO - :: resolving dependencies :: org.apache.spark#spark-submit-parent-eca6fe4b-4da0-449b-8fd4-49bfd6470d33;1.0
[2022-05-12 15:03:09,572] {subprocess.py:92} INFO - 	confs: [default]
[2022-05-12 15:03:09,662] {subprocess.py:92} INFO - 	found org.apache.spark#spark-streaming-kafka-0-10_2.12;3.1.0 in central
[2022-05-12 15:03:09,694] {subprocess.py:92} INFO - 	found org.apache.spark#spark-token-provider-kafka-0-10_2.12;3.1.0 in central
[2022-05-12 15:03:09,708] {subprocess.py:92} INFO - 	found org.apache.kafka#kafka-clients;2.6.0 in central
[2022-05-12 15:03:09,720] {subprocess.py:92} INFO - 	found com.github.luben#zstd-jni;1.4.8-1 in central
[2022-05-12 15:03:09,734] {subprocess.py:92} INFO - 	found org.lz4#lz4-java;1.7.1 in central
[2022-05-12 15:03:09,744] {subprocess.py:92} INFO - 	found org.xerial.snappy#snappy-java;1.1.8.2 in central
[2022-05-12 15:03:09,753] {subprocess.py:92} INFO - 	found org.slf4j#slf4j-api;1.7.30 in central
[2022-05-12 15:03:09,761] {subprocess.py:92} INFO - 	found org.spark-project.spark#unused;1.0.0 in central
[2022-05-12 15:03:09,778] {subprocess.py:92} INFO - 	found org.apache.spark#spark-sql-kafka-0-10_2.12;3.1.0 in central
[2022-05-12 15:03:09,791] {subprocess.py:92} INFO - 	found org.apache.commons#commons-pool2;2.6.2 in central
[2022-05-12 15:03:09,801] {subprocess.py:92} INFO - 	found org.mongodb.spark#mongo-spark-connector_2.12;3.0.1 in central
[2022-05-12 15:03:09,808] {subprocess.py:92} INFO - 	found org.mongodb#mongodb-driver-sync;4.0.5 in central
[2022-05-12 15:03:09,814] {subprocess.py:92} INFO - 	found org.mongodb#bson;4.0.5 in central
[2022-05-12 15:03:09,820] {subprocess.py:92} INFO - 	found org.mongodb#mongodb-driver-core;4.0.5 in central
[2022-05-12 15:03:11,487] {subprocess.py:92} INFO - downloading https://repo1.maven.org/maven2/org/apache/kafka/kafka-clients/2.6.0/kafka-clients-2.6.0.jar ...
[2022-05-12 15:03:34,615] {subprocess.py:92} INFO - 	[SUCCESSFUL ] org.apache.kafka#kafka-clients;2.6.0!kafka-clients.jar (24773ms)
[2022-05-12 15:03:34,925] {subprocess.py:92} INFO - downloading https://repo1.maven.org/maven2/org/spark-project/spark/unused/1.0.0/unused-1.0.0.jar ...
[2022-05-12 15:03:35,286] {subprocess.py:92} INFO - 	[SUCCESSFUL ] org.spark-project.spark#unused;1.0.0!unused.jar (657ms)
[2022-05-12 15:03:35,618] {subprocess.py:92} INFO - downloading https://repo1.maven.org/maven2/com/github/luben/zstd-jni/1.4.8-1/zstd-jni-1.4.8-1.jar ...
[2022-05-12 15:04:08,782] {local_task_job.py:221} WARNING - State of this instance has been externally set to success. Terminating instance.
[2022-05-12 15:04:08,789] {process_utils.py:129} INFO - Sending Signals.SIGTERM to group 2097. PIDs of all processes in the group: [2100, 2106, 2097]
[2022-05-12 15:04:08,791] {process_utils.py:80} INFO - Sending the signal Signals.SIGTERM to group 2097
[2022-05-12 15:04:08,794] {taskinstance.py:1541} ERROR - Received SIGTERM. Terminating subprocesses.
[2022-05-12 15:04:08,799] {subprocess.py:103} INFO - Sending SIGTERM signal to process group
[2022-05-12 15:04:08,927] {process_utils.py:75} INFO - Process psutil.Process(pid=2097, status='terminated', exitcode=0, started='15:03:07') (2097) terminated with exit code 0
[2022-05-12 15:04:09,066] {process_utils.py:75} INFO - Process psutil.Process(pid=2106, status='terminated', started='15:03:08') (2106) terminated with exit code None
[2022-05-12 15:04:09,067] {process_utils.py:75} INFO - Process psutil.Process(pid=2100, status='terminated', started='15:03:07') (2100) terminated with exit code None
