[2022-05-16 10:00:56,969] {processor.py:153} INFO - Started process (PID=314) to work on /home/airflow/.local/lib/python3.7/site-packages/airflow/example_dags/example_branch_operator_decorator.py
[2022-05-16 10:00:56,970] {processor.py:641} INFO - Processing file /home/airflow/.local/lib/python3.7/site-packages/airflow/example_dags/example_branch_operator_decorator.py for tasks to queue
[2022-05-16 10:00:56,971] {logging_mixin.py:115} INFO - [2022-05-16 10:00:56,971] {dagbag.py:507} INFO - Filling up the DagBag from /home/airflow/.local/lib/python3.7/site-packages/airflow/example_dags/example_branch_operator_decorator.py
[2022-05-16 10:00:57,025] {processor.py:651} INFO - DAG(s) dict_keys(['example_branch_python_operator_decorator']) retrieved from /home/airflow/.local/lib/python3.7/site-packages/airflow/example_dags/example_branch_operator_decorator.py
[2022-05-16 10:00:57,184] {logging_mixin.py:115} INFO - [2022-05-16 10:00:57,183] {dag.py:2371} INFO - Sync 1 DAGs
[2022-05-16 10:00:57,233] {logging_mixin.py:115} INFO - [2022-05-16 10:00:57,233] {dag.py:2919} INFO - Setting next_dagrun for example_branch_python_operator_decorator to 2022-05-15T00:00:00+00:00, run_after=2022-05-16T00:00:00+00:00
[2022-05-16 10:00:57,269] {processor.py:161} INFO - Processing /home/airflow/.local/lib/python3.7/site-packages/airflow/example_dags/example_branch_operator_decorator.py took 0.312 seconds
[2022-05-16 10:01:27,838] {processor.py:153} INFO - Started process (PID=682) to work on /home/airflow/.local/lib/python3.7/site-packages/airflow/example_dags/example_branch_operator_decorator.py
[2022-05-16 10:01:27,842] {processor.py:641} INFO - Processing file /home/airflow/.local/lib/python3.7/site-packages/airflow/example_dags/example_branch_operator_decorator.py for tasks to queue
[2022-05-16 10:01:27,844] {logging_mixin.py:115} INFO - [2022-05-16 10:01:27,844] {dagbag.py:507} INFO - Filling up the DagBag from /home/airflow/.local/lib/python3.7/site-packages/airflow/example_dags/example_branch_operator_decorator.py
[2022-05-16 10:01:27,861] {processor.py:651} INFO - DAG(s) dict_keys(['example_branch_python_operator_decorator']) retrieved from /home/airflow/.local/lib/python3.7/site-packages/airflow/example_dags/example_branch_operator_decorator.py
[2022-05-16 10:01:27,901] {logging_mixin.py:115} INFO - [2022-05-16 10:01:27,901] {dag.py:2371} INFO - Sync 1 DAGs
[2022-05-16 10:01:27,926] {logging_mixin.py:115} INFO - [2022-05-16 10:01:27,926] {dag.py:2919} INFO - Setting next_dagrun for example_branch_python_operator_decorator to 2022-05-15T00:00:00+00:00, run_after=2022-05-16T00:00:00+00:00
[2022-05-16 10:01:27,939] {processor.py:161} INFO - Processing /home/airflow/.local/lib/python3.7/site-packages/airflow/example_dags/example_branch_operator_decorator.py took 0.103 seconds
[2022-05-16 10:01:58,260] {processor.py:153} INFO - Started process (PID=907) to work on /home/airflow/.local/lib/python3.7/site-packages/airflow/example_dags/example_branch_operator_decorator.py
[2022-05-16 10:01:58,261] {processor.py:641} INFO - Processing file /home/airflow/.local/lib/python3.7/site-packages/airflow/example_dags/example_branch_operator_decorator.py for tasks to queue
[2022-05-16 10:01:58,264] {logging_mixin.py:115} INFO - [2022-05-16 10:01:58,263] {dagbag.py:507} INFO - Filling up the DagBag from /home/airflow/.local/lib/python3.7/site-packages/airflow/example_dags/example_branch_operator_decorator.py
[2022-05-16 10:01:58,295] {processor.py:651} INFO - DAG(s) dict_keys(['example_branch_python_operator_decorator']) retrieved from /home/airflow/.local/lib/python3.7/site-packages/airflow/example_dags/example_branch_operator_decorator.py
[2022-05-16 10:01:58,341] {logging_mixin.py:115} INFO - [2022-05-16 10:01:58,341] {dag.py:2371} INFO - Sync 1 DAGs
[2022-05-16 10:01:58,366] {logging_mixin.py:115} INFO - [2022-05-16 10:01:58,366] {dag.py:2919} INFO - Setting next_dagrun for example_branch_python_operator_decorator to 2022-05-15T00:00:00+00:00, run_after=2022-05-16T00:00:00+00:00
[2022-05-16 10:01:58,389] {processor.py:161} INFO - Processing /home/airflow/.local/lib/python3.7/site-packages/airflow/example_dags/example_branch_operator_decorator.py took 0.132 seconds
[2022-05-16 10:02:28,461] {processor.py:153} INFO - Started process (PID=1120) to work on /home/airflow/.local/lib/python3.7/site-packages/airflow/example_dags/example_branch_operator_decorator.py
[2022-05-16 10:02:28,464] {processor.py:641} INFO - Processing file /home/airflow/.local/lib/python3.7/site-packages/airflow/example_dags/example_branch_operator_decorator.py for tasks to queue
[2022-05-16 10:02:28,465] {logging_mixin.py:115} INFO - [2022-05-16 10:02:28,465] {dagbag.py:507} INFO - Filling up the DagBag from /home/airflow/.local/lib/python3.7/site-packages/airflow/example_dags/example_branch_operator_decorator.py
[2022-05-16 10:02:28,480] {processor.py:651} INFO - DAG(s) dict_keys(['example_branch_python_operator_decorator']) retrieved from /home/airflow/.local/lib/python3.7/site-packages/airflow/example_dags/example_branch_operator_decorator.py
[2022-05-16 10:02:28,504] {logging_mixin.py:115} INFO - [2022-05-16 10:02:28,503] {dag.py:2371} INFO - Sync 1 DAGs
[2022-05-16 10:02:28,522] {logging_mixin.py:115} INFO - [2022-05-16 10:02:28,522] {dag.py:2919} INFO - Setting next_dagrun for example_branch_python_operator_decorator to 2022-05-15T00:00:00+00:00, run_after=2022-05-16T00:00:00+00:00
[2022-05-16 10:02:28,533] {processor.py:161} INFO - Processing /home/airflow/.local/lib/python3.7/site-packages/airflow/example_dags/example_branch_operator_decorator.py took 0.074 seconds
[2022-05-16 10:02:58,771] {processor.py:153} INFO - Started process (PID=1352) to work on /home/airflow/.local/lib/python3.7/site-packages/airflow/example_dags/example_branch_operator_decorator.py
[2022-05-16 10:02:58,772] {processor.py:641} INFO - Processing file /home/airflow/.local/lib/python3.7/site-packages/airflow/example_dags/example_branch_operator_decorator.py for tasks to queue
[2022-05-16 10:02:58,773] {logging_mixin.py:115} INFO - [2022-05-16 10:02:58,773] {dagbag.py:507} INFO - Filling up the DagBag from /home/airflow/.local/lib/python3.7/site-packages/airflow/example_dags/example_branch_operator_decorator.py
[2022-05-16 10:02:58,784] {processor.py:651} INFO - DAG(s) dict_keys(['example_branch_python_operator_decorator']) retrieved from /home/airflow/.local/lib/python3.7/site-packages/airflow/example_dags/example_branch_operator_decorator.py
[2022-05-16 10:02:58,801] {logging_mixin.py:115} INFO - [2022-05-16 10:02:58,801] {dag.py:2371} INFO - Sync 1 DAGs
[2022-05-16 10:02:58,813] {logging_mixin.py:115} INFO - [2022-05-16 10:02:58,813] {dag.py:2919} INFO - Setting next_dagrun for example_branch_python_operator_decorator to 2022-05-15T00:00:00+00:00, run_after=2022-05-16T00:00:00+00:00
[2022-05-16 10:02:58,820] {processor.py:161} INFO - Processing /home/airflow/.local/lib/python3.7/site-packages/airflow/example_dags/example_branch_operator_decorator.py took 0.051 seconds
[2022-05-16 10:03:29,600] {processor.py:153} INFO - Started process (PID=1573) to work on /home/airflow/.local/lib/python3.7/site-packages/airflow/example_dags/example_branch_operator_decorator.py
[2022-05-16 10:03:29,601] {processor.py:641} INFO - Processing file /home/airflow/.local/lib/python3.7/site-packages/airflow/example_dags/example_branch_operator_decorator.py for tasks to queue
[2022-05-16 10:03:29,602] {logging_mixin.py:115} INFO - [2022-05-16 10:03:29,602] {dagbag.py:507} INFO - Filling up the DagBag from /home/airflow/.local/lib/python3.7/site-packages/airflow/example_dags/example_branch_operator_decorator.py
[2022-05-16 10:03:29,615] {processor.py:651} INFO - DAG(s) dict_keys(['example_branch_python_operator_decorator']) retrieved from /home/airflow/.local/lib/python3.7/site-packages/airflow/example_dags/example_branch_operator_decorator.py
[2022-05-16 10:03:29,633] {logging_mixin.py:115} INFO - [2022-05-16 10:03:29,633] {dag.py:2371} INFO - Sync 1 DAGs
[2022-05-16 10:03:29,647] {logging_mixin.py:115} INFO - [2022-05-16 10:03:29,647] {dag.py:2919} INFO - Setting next_dagrun for example_branch_python_operator_decorator to 2022-05-15T00:00:00+00:00, run_after=2022-05-16T00:00:00+00:00
[2022-05-16 10:03:29,655] {processor.py:161} INFO - Processing /home/airflow/.local/lib/python3.7/site-packages/airflow/example_dags/example_branch_operator_decorator.py took 0.057 seconds
[2022-05-16 10:04:00,674] {processor.py:153} INFO - Started process (PID=1795) to work on /home/airflow/.local/lib/python3.7/site-packages/airflow/example_dags/example_branch_operator_decorator.py
[2022-05-16 10:04:00,676] {processor.py:641} INFO - Processing file /home/airflow/.local/lib/python3.7/site-packages/airflow/example_dags/example_branch_operator_decorator.py for tasks to queue
[2022-05-16 10:04:00,677] {logging_mixin.py:115} INFO - [2022-05-16 10:04:00,677] {dagbag.py:507} INFO - Filling up the DagBag from /home/airflow/.local/lib/python3.7/site-packages/airflow/example_dags/example_branch_operator_decorator.py
[2022-05-16 10:04:00,687] {processor.py:651} INFO - DAG(s) dict_keys(['example_branch_python_operator_decorator']) retrieved from /home/airflow/.local/lib/python3.7/site-packages/airflow/example_dags/example_branch_operator_decorator.py
[2022-05-16 10:04:00,703] {logging_mixin.py:115} INFO - [2022-05-16 10:04:00,703] {dag.py:2371} INFO - Sync 1 DAGs
[2022-05-16 10:04:00,715] {logging_mixin.py:115} INFO - [2022-05-16 10:04:00,715] {dag.py:2919} INFO - Setting next_dagrun for example_branch_python_operator_decorator to 2022-05-15T00:00:00+00:00, run_after=2022-05-16T00:00:00+00:00
[2022-05-16 10:04:00,721] {processor.py:161} INFO - Processing /home/airflow/.local/lib/python3.7/site-packages/airflow/example_dags/example_branch_operator_decorator.py took 0.049 seconds
[2022-05-16 10:04:31,314] {processor.py:153} INFO - Started process (PID=2021) to work on /home/airflow/.local/lib/python3.7/site-packages/airflow/example_dags/example_branch_operator_decorator.py
[2022-05-16 10:04:31,315] {processor.py:641} INFO - Processing file /home/airflow/.local/lib/python3.7/site-packages/airflow/example_dags/example_branch_operator_decorator.py for tasks to queue
[2022-05-16 10:04:31,316] {logging_mixin.py:115} INFO - [2022-05-16 10:04:31,316] {dagbag.py:507} INFO - Filling up the DagBag from /home/airflow/.local/lib/python3.7/site-packages/airflow/example_dags/example_branch_operator_decorator.py
[2022-05-16 10:04:31,326] {processor.py:651} INFO - DAG(s) dict_keys(['example_branch_python_operator_decorator']) retrieved from /home/airflow/.local/lib/python3.7/site-packages/airflow/example_dags/example_branch_operator_decorator.py
[2022-05-16 10:04:31,343] {logging_mixin.py:115} INFO - [2022-05-16 10:04:31,343] {dag.py:2371} INFO - Sync 1 DAGs
[2022-05-16 10:04:31,356] {logging_mixin.py:115} INFO - [2022-05-16 10:04:31,356] {dag.py:2919} INFO - Setting next_dagrun for example_branch_python_operator_decorator to 2022-05-15T00:00:00+00:00, run_after=2022-05-16T00:00:00+00:00
[2022-05-16 10:04:31,362] {processor.py:161} INFO - Processing /home/airflow/.local/lib/python3.7/site-packages/airflow/example_dags/example_branch_operator_decorator.py took 0.052 seconds
[2022-05-16 10:05:02,095] {processor.py:153} INFO - Started process (PID=2243) to work on /home/airflow/.local/lib/python3.7/site-packages/airflow/example_dags/example_branch_operator_decorator.py
[2022-05-16 10:05:02,096] {processor.py:641} INFO - Processing file /home/airflow/.local/lib/python3.7/site-packages/airflow/example_dags/example_branch_operator_decorator.py for tasks to queue
[2022-05-16 10:05:02,097] {logging_mixin.py:115} INFO - [2022-05-16 10:05:02,097] {dagbag.py:507} INFO - Filling up the DagBag from /home/airflow/.local/lib/python3.7/site-packages/airflow/example_dags/example_branch_operator_decorator.py
[2022-05-16 10:05:02,110] {processor.py:651} INFO - DAG(s) dict_keys(['example_branch_python_operator_decorator']) retrieved from /home/airflow/.local/lib/python3.7/site-packages/airflow/example_dags/example_branch_operator_decorator.py
[2022-05-16 10:05:02,130] {logging_mixin.py:115} INFO - [2022-05-16 10:05:02,130] {dag.py:2371} INFO - Sync 1 DAGs
[2022-05-16 10:05:02,145] {logging_mixin.py:115} INFO - [2022-05-16 10:05:02,145] {dag.py:2919} INFO - Setting next_dagrun for example_branch_python_operator_decorator to 2022-05-15T00:00:00+00:00, run_after=2022-05-16T00:00:00+00:00
[2022-05-16 10:05:02,154] {processor.py:161} INFO - Processing /home/airflow/.local/lib/python3.7/site-packages/airflow/example_dags/example_branch_operator_decorator.py took 0.062 seconds
[2022-05-16 10:05:32,916] {processor.py:153} INFO - Started process (PID=2578) to work on /home/airflow/.local/lib/python3.7/site-packages/airflow/example_dags/example_branch_operator_decorator.py
[2022-05-16 10:05:32,917] {processor.py:641} INFO - Processing file /home/airflow/.local/lib/python3.7/site-packages/airflow/example_dags/example_branch_operator_decorator.py for tasks to queue
[2022-05-16 10:05:32,918] {logging_mixin.py:115} INFO - [2022-05-16 10:05:32,918] {dagbag.py:507} INFO - Filling up the DagBag from /home/airflow/.local/lib/python3.7/site-packages/airflow/example_dags/example_branch_operator_decorator.py
[2022-05-16 10:05:32,929] {processor.py:651} INFO - DAG(s) dict_keys(['example_branch_python_operator_decorator']) retrieved from /home/airflow/.local/lib/python3.7/site-packages/airflow/example_dags/example_branch_operator_decorator.py
[2022-05-16 10:05:32,946] {logging_mixin.py:115} INFO - [2022-05-16 10:05:32,946] {dag.py:2371} INFO - Sync 1 DAGs
[2022-05-16 10:05:32,960] {logging_mixin.py:115} INFO - [2022-05-16 10:05:32,960] {dag.py:2919} INFO - Setting next_dagrun for example_branch_python_operator_decorator to 2022-05-15T00:00:00+00:00, run_after=2022-05-16T00:00:00+00:00
[2022-05-16 10:05:32,968] {processor.py:161} INFO - Processing /home/airflow/.local/lib/python3.7/site-packages/airflow/example_dags/example_branch_operator_decorator.py took 0.054 seconds
[2022-05-16 10:06:03,176] {processor.py:153} INFO - Started process (PID=2923) to work on /home/airflow/.local/lib/python3.7/site-packages/airflow/example_dags/example_branch_operator_decorator.py
[2022-05-16 10:06:03,178] {processor.py:641} INFO - Processing file /home/airflow/.local/lib/python3.7/site-packages/airflow/example_dags/example_branch_operator_decorator.py for tasks to queue
[2022-05-16 10:06:03,180] {logging_mixin.py:115} INFO - [2022-05-16 10:06:03,180] {dagbag.py:507} INFO - Filling up the DagBag from /home/airflow/.local/lib/python3.7/site-packages/airflow/example_dags/example_branch_operator_decorator.py
[2022-05-16 10:06:03,193] {processor.py:651} INFO - DAG(s) dict_keys(['example_branch_python_operator_decorator']) retrieved from /home/airflow/.local/lib/python3.7/site-packages/airflow/example_dags/example_branch_operator_decorator.py
[2022-05-16 10:06:03,214] {logging_mixin.py:115} INFO - [2022-05-16 10:06:03,213] {dag.py:2371} INFO - Sync 1 DAGs
[2022-05-16 10:06:03,227] {logging_mixin.py:115} INFO - [2022-05-16 10:06:03,227] {dag.py:2919} INFO - Setting next_dagrun for example_branch_python_operator_decorator to 2022-05-15T00:00:00+00:00, run_after=2022-05-16T00:00:00+00:00
[2022-05-16 10:06:03,235] {processor.py:161} INFO - Processing /home/airflow/.local/lib/python3.7/site-packages/airflow/example_dags/example_branch_operator_decorator.py took 0.061 seconds
[2022-05-16 10:06:34,015] {processor.py:153} INFO - Started process (PID=3145) to work on /home/airflow/.local/lib/python3.7/site-packages/airflow/example_dags/example_branch_operator_decorator.py
[2022-05-16 10:06:34,016] {processor.py:641} INFO - Processing file /home/airflow/.local/lib/python3.7/site-packages/airflow/example_dags/example_branch_operator_decorator.py for tasks to queue
[2022-05-16 10:06:34,017] {logging_mixin.py:115} INFO - [2022-05-16 10:06:34,017] {dagbag.py:507} INFO - Filling up the DagBag from /home/airflow/.local/lib/python3.7/site-packages/airflow/example_dags/example_branch_operator_decorator.py
[2022-05-16 10:06:34,027] {processor.py:651} INFO - DAG(s) dict_keys(['example_branch_python_operator_decorator']) retrieved from /home/airflow/.local/lib/python3.7/site-packages/airflow/example_dags/example_branch_operator_decorator.py
[2022-05-16 10:06:34,044] {logging_mixin.py:115} INFO - [2022-05-16 10:06:34,044] {dag.py:2371} INFO - Sync 1 DAGs
[2022-05-16 10:06:34,057] {logging_mixin.py:115} INFO - [2022-05-16 10:06:34,057] {dag.py:2919} INFO - Setting next_dagrun for example_branch_python_operator_decorator to 2022-05-15T00:00:00+00:00, run_after=2022-05-16T00:00:00+00:00
[2022-05-16 10:06:34,064] {processor.py:161} INFO - Processing /home/airflow/.local/lib/python3.7/site-packages/airflow/example_dags/example_branch_operator_decorator.py took 0.051 seconds
[2022-05-16 10:07:05,049] {processor.py:153} INFO - Started process (PID=3366) to work on /home/airflow/.local/lib/python3.7/site-packages/airflow/example_dags/example_branch_operator_decorator.py
[2022-05-16 10:07:05,050] {processor.py:641} INFO - Processing file /home/airflow/.local/lib/python3.7/site-packages/airflow/example_dags/example_branch_operator_decorator.py for tasks to queue
[2022-05-16 10:07:05,050] {logging_mixin.py:115} INFO - [2022-05-16 10:07:05,050] {dagbag.py:507} INFO - Filling up the DagBag from /home/airflow/.local/lib/python3.7/site-packages/airflow/example_dags/example_branch_operator_decorator.py
[2022-05-16 10:07:05,060] {processor.py:651} INFO - DAG(s) dict_keys(['example_branch_python_operator_decorator']) retrieved from /home/airflow/.local/lib/python3.7/site-packages/airflow/example_dags/example_branch_operator_decorator.py
[2022-05-16 10:07:05,077] {logging_mixin.py:115} INFO - [2022-05-16 10:07:05,076] {dag.py:2371} INFO - Sync 1 DAGs
[2022-05-16 10:07:05,089] {logging_mixin.py:115} INFO - [2022-05-16 10:07:05,089] {dag.py:2919} INFO - Setting next_dagrun for example_branch_python_operator_decorator to 2022-05-15T00:00:00+00:00, run_after=2022-05-16T00:00:00+00:00
[2022-05-16 10:07:05,096] {processor.py:161} INFO - Processing /home/airflow/.local/lib/python3.7/site-packages/airflow/example_dags/example_branch_operator_decorator.py took 0.049 seconds
