[2022-05-16 10:00:57,375] {processor.py:153} INFO - Started process (PID=325) to work on /home/airflow/.local/lib/python3.7/site-packages/airflow/example_dags/example_dag_decorator.py
[2022-05-16 10:00:57,377] {processor.py:641} INFO - Processing file /home/airflow/.local/lib/python3.7/site-packages/airflow/example_dags/example_dag_decorator.py for tasks to queue
[2022-05-16 10:00:57,379] {logging_mixin.py:115} INFO - [2022-05-16 10:00:57,379] {dagbag.py:507} INFO - Filling up the DagBag from /home/airflow/.local/lib/python3.7/site-packages/airflow/example_dags/example_dag_decorator.py
[2022-05-16 10:00:57,434] {processor.py:651} INFO - DAG(s) dict_keys(['example_dag_decorator']) retrieved from /home/airflow/.local/lib/python3.7/site-packages/airflow/example_dags/example_dag_decorator.py
[2022-05-16 10:00:57,651] {logging_mixin.py:115} INFO - [2022-05-16 10:00:57,651] {dag.py:2371} INFO - Sync 1 DAGs
[2022-05-16 10:00:57,703] {logging_mixin.py:115} INFO - [2022-05-16 10:00:57,703] {dag.py:2919} INFO - Setting next_dagrun for example_dag_decorator to None, run_after=None
[2022-05-16 10:00:57,723] {processor.py:161} INFO - Processing /home/airflow/.local/lib/python3.7/site-packages/airflow/example_dags/example_dag_decorator.py took 0.351 seconds
[2022-05-16 10:01:28,018] {processor.py:153} INFO - Started process (PID=694) to work on /home/airflow/.local/lib/python3.7/site-packages/airflow/example_dags/example_dag_decorator.py
[2022-05-16 10:01:28,020] {processor.py:641} INFO - Processing file /home/airflow/.local/lib/python3.7/site-packages/airflow/example_dags/example_dag_decorator.py for tasks to queue
[2022-05-16 10:01:28,021] {logging_mixin.py:115} INFO - [2022-05-16 10:01:28,021] {dagbag.py:507} INFO - Filling up the DagBag from /home/airflow/.local/lib/python3.7/site-packages/airflow/example_dags/example_dag_decorator.py
[2022-05-16 10:01:28,047] {processor.py:651} INFO - DAG(s) dict_keys(['example_dag_decorator']) retrieved from /home/airflow/.local/lib/python3.7/site-packages/airflow/example_dags/example_dag_decorator.py
[2022-05-16 10:01:28,110] {logging_mixin.py:115} INFO - [2022-05-16 10:01:28,110] {dag.py:2371} INFO - Sync 1 DAGs
[2022-05-16 10:01:28,138] {logging_mixin.py:115} INFO - [2022-05-16 10:01:28,138] {dag.py:2919} INFO - Setting next_dagrun for example_dag_decorator to None, run_after=None
[2022-05-16 10:01:28,159] {processor.py:161} INFO - Processing /home/airflow/.local/lib/python3.7/site-packages/airflow/example_dags/example_dag_decorator.py took 0.147 seconds
[2022-05-16 10:01:58,440] {processor.py:153} INFO - Started process (PID=917) to work on /home/airflow/.local/lib/python3.7/site-packages/airflow/example_dags/example_dag_decorator.py
[2022-05-16 10:01:58,443] {processor.py:641} INFO - Processing file /home/airflow/.local/lib/python3.7/site-packages/airflow/example_dags/example_dag_decorator.py for tasks to queue
[2022-05-16 10:01:58,445] {logging_mixin.py:115} INFO - [2022-05-16 10:01:58,445] {dagbag.py:507} INFO - Filling up the DagBag from /home/airflow/.local/lib/python3.7/site-packages/airflow/example_dags/example_dag_decorator.py
[2022-05-16 10:01:58,575] {processor.py:651} INFO - DAG(s) dict_keys(['example_dag_decorator']) retrieved from /home/airflow/.local/lib/python3.7/site-packages/airflow/example_dags/example_dag_decorator.py
[2022-05-16 10:01:58,699] {logging_mixin.py:115} INFO - [2022-05-16 10:01:58,699] {dag.py:2371} INFO - Sync 1 DAGs
[2022-05-16 10:01:58,748] {logging_mixin.py:115} INFO - [2022-05-16 10:01:58,748] {dag.py:2919} INFO - Setting next_dagrun for example_dag_decorator to None, run_after=None
[2022-05-16 10:01:58,776] {processor.py:161} INFO - Processing /home/airflow/.local/lib/python3.7/site-packages/airflow/example_dags/example_dag_decorator.py took 0.342 seconds
[2022-05-16 10:02:29,547] {processor.py:153} INFO - Started process (PID=1130) to work on /home/airflow/.local/lib/python3.7/site-packages/airflow/example_dags/example_dag_decorator.py
[2022-05-16 10:02:29,548] {processor.py:641} INFO - Processing file /home/airflow/.local/lib/python3.7/site-packages/airflow/example_dags/example_dag_decorator.py for tasks to queue
[2022-05-16 10:02:29,552] {logging_mixin.py:115} INFO - [2022-05-16 10:02:29,552] {dagbag.py:507} INFO - Filling up the DagBag from /home/airflow/.local/lib/python3.7/site-packages/airflow/example_dags/example_dag_decorator.py
[2022-05-16 10:02:29,575] {processor.py:651} INFO - DAG(s) dict_keys(['example_dag_decorator']) retrieved from /home/airflow/.local/lib/python3.7/site-packages/airflow/example_dags/example_dag_decorator.py
[2022-05-16 10:02:29,643] {logging_mixin.py:115} INFO - [2022-05-16 10:02:29,643] {dag.py:2371} INFO - Sync 1 DAGs
[2022-05-16 10:02:29,667] {logging_mixin.py:115} INFO - [2022-05-16 10:02:29,667] {dag.py:2919} INFO - Setting next_dagrun for example_dag_decorator to None, run_after=None
[2022-05-16 10:02:29,683] {processor.py:161} INFO - Processing /home/airflow/.local/lib/python3.7/site-packages/airflow/example_dags/example_dag_decorator.py took 0.140 seconds
[2022-05-16 10:02:59,821] {processor.py:153} INFO - Started process (PID=1361) to work on /home/airflow/.local/lib/python3.7/site-packages/airflow/example_dags/example_dag_decorator.py
[2022-05-16 10:02:59,823] {processor.py:641} INFO - Processing file /home/airflow/.local/lib/python3.7/site-packages/airflow/example_dags/example_dag_decorator.py for tasks to queue
[2022-05-16 10:02:59,824] {logging_mixin.py:115} INFO - [2022-05-16 10:02:59,824] {dagbag.py:507} INFO - Filling up the DagBag from /home/airflow/.local/lib/python3.7/site-packages/airflow/example_dags/example_dag_decorator.py
[2022-05-16 10:02:59,841] {processor.py:651} INFO - DAG(s) dict_keys(['example_dag_decorator']) retrieved from /home/airflow/.local/lib/python3.7/site-packages/airflow/example_dags/example_dag_decorator.py
[2022-05-16 10:02:59,878] {logging_mixin.py:115} INFO - [2022-05-16 10:02:59,878] {dag.py:2371} INFO - Sync 1 DAGs
[2022-05-16 10:02:59,891] {logging_mixin.py:115} INFO - [2022-05-16 10:02:59,891] {dag.py:2919} INFO - Setting next_dagrun for example_dag_decorator to None, run_after=None
[2022-05-16 10:02:59,908] {processor.py:161} INFO - Processing /home/airflow/.local/lib/python3.7/site-packages/airflow/example_dags/example_dag_decorator.py took 0.089 seconds
[2022-05-16 10:03:30,700] {processor.py:153} INFO - Started process (PID=1583) to work on /home/airflow/.local/lib/python3.7/site-packages/airflow/example_dags/example_dag_decorator.py
[2022-05-16 10:03:30,703] {processor.py:641} INFO - Processing file /home/airflow/.local/lib/python3.7/site-packages/airflow/example_dags/example_dag_decorator.py for tasks to queue
[2022-05-16 10:03:30,704] {logging_mixin.py:115} INFO - [2022-05-16 10:03:30,704] {dagbag.py:507} INFO - Filling up the DagBag from /home/airflow/.local/lib/python3.7/site-packages/airflow/example_dags/example_dag_decorator.py
[2022-05-16 10:03:30,728] {processor.py:651} INFO - DAG(s) dict_keys(['example_dag_decorator']) retrieved from /home/airflow/.local/lib/python3.7/site-packages/airflow/example_dags/example_dag_decorator.py
[2022-05-16 10:03:30,747] {logging_mixin.py:115} INFO - [2022-05-16 10:03:30,746] {dag.py:2371} INFO - Sync 1 DAGs
[2022-05-16 10:03:30,758] {logging_mixin.py:115} INFO - [2022-05-16 10:03:30,757] {dag.py:2919} INFO - Setting next_dagrun for example_dag_decorator to None, run_after=None
[2022-05-16 10:03:30,765] {processor.py:161} INFO - Processing /home/airflow/.local/lib/python3.7/site-packages/airflow/example_dags/example_dag_decorator.py took 0.069 seconds
[2022-05-16 10:04:01,712] {processor.py:153} INFO - Started process (PID=1803) to work on /home/airflow/.local/lib/python3.7/site-packages/airflow/example_dags/example_dag_decorator.py
[2022-05-16 10:04:01,715] {processor.py:641} INFO - Processing file /home/airflow/.local/lib/python3.7/site-packages/airflow/example_dags/example_dag_decorator.py for tasks to queue
[2022-05-16 10:04:01,717] {logging_mixin.py:115} INFO - [2022-05-16 10:04:01,717] {dagbag.py:507} INFO - Filling up the DagBag from /home/airflow/.local/lib/python3.7/site-packages/airflow/example_dags/example_dag_decorator.py
[2022-05-16 10:04:01,739] {processor.py:651} INFO - DAG(s) dict_keys(['example_dag_decorator']) retrieved from /home/airflow/.local/lib/python3.7/site-packages/airflow/example_dags/example_dag_decorator.py
[2022-05-16 10:04:01,778] {logging_mixin.py:115} INFO - [2022-05-16 10:04:01,778] {dag.py:2371} INFO - Sync 1 DAGs
[2022-05-16 10:04:01,791] {logging_mixin.py:115} INFO - [2022-05-16 10:04:01,791] {dag.py:2919} INFO - Setting next_dagrun for example_dag_decorator to None, run_after=None
[2022-05-16 10:04:01,800] {processor.py:161} INFO - Processing /home/airflow/.local/lib/python3.7/site-packages/airflow/example_dags/example_dag_decorator.py took 0.091 seconds
[2022-05-16 10:04:32,394] {processor.py:153} INFO - Started process (PID=2031) to work on /home/airflow/.local/lib/python3.7/site-packages/airflow/example_dags/example_dag_decorator.py
[2022-05-16 10:04:32,397] {processor.py:641} INFO - Processing file /home/airflow/.local/lib/python3.7/site-packages/airflow/example_dags/example_dag_decorator.py for tasks to queue
[2022-05-16 10:04:32,400] {logging_mixin.py:115} INFO - [2022-05-16 10:04:32,400] {dagbag.py:507} INFO - Filling up the DagBag from /home/airflow/.local/lib/python3.7/site-packages/airflow/example_dags/example_dag_decorator.py
[2022-05-16 10:04:32,422] {processor.py:651} INFO - DAG(s) dict_keys(['example_dag_decorator']) retrieved from /home/airflow/.local/lib/python3.7/site-packages/airflow/example_dags/example_dag_decorator.py
[2022-05-16 10:04:32,463] {logging_mixin.py:115} INFO - [2022-05-16 10:04:32,463] {dag.py:2371} INFO - Sync 1 DAGs
[2022-05-16 10:04:32,480] {logging_mixin.py:115} INFO - [2022-05-16 10:04:32,480] {dag.py:2919} INFO - Setting next_dagrun for example_dag_decorator to None, run_after=None
[2022-05-16 10:04:32,488] {processor.py:161} INFO - Processing /home/airflow/.local/lib/python3.7/site-packages/airflow/example_dags/example_dag_decorator.py took 0.100 seconds
[2022-05-16 10:05:03,178] {processor.py:153} INFO - Started process (PID=2253) to work on /home/airflow/.local/lib/python3.7/site-packages/airflow/example_dags/example_dag_decorator.py
[2022-05-16 10:05:03,179] {processor.py:641} INFO - Processing file /home/airflow/.local/lib/python3.7/site-packages/airflow/example_dags/example_dag_decorator.py for tasks to queue
[2022-05-16 10:05:03,182] {logging_mixin.py:115} INFO - [2022-05-16 10:05:03,182] {dagbag.py:507} INFO - Filling up the DagBag from /home/airflow/.local/lib/python3.7/site-packages/airflow/example_dags/example_dag_decorator.py
[2022-05-16 10:05:03,210] {processor.py:651} INFO - DAG(s) dict_keys(['example_dag_decorator']) retrieved from /home/airflow/.local/lib/python3.7/site-packages/airflow/example_dags/example_dag_decorator.py
[2022-05-16 10:05:03,262] {logging_mixin.py:115} INFO - [2022-05-16 10:05:03,262] {dag.py:2371} INFO - Sync 1 DAGs
[2022-05-16 10:05:03,277] {logging_mixin.py:115} INFO - [2022-05-16 10:05:03,277] {dag.py:2919} INFO - Setting next_dagrun for example_dag_decorator to None, run_after=None
[2022-05-16 10:05:03,287] {processor.py:161} INFO - Processing /home/airflow/.local/lib/python3.7/site-packages/airflow/example_dags/example_dag_decorator.py took 0.114 seconds
[2022-05-16 10:05:33,943] {processor.py:153} INFO - Started process (PID=2665) to work on /home/airflow/.local/lib/python3.7/site-packages/airflow/example_dags/example_dag_decorator.py
[2022-05-16 10:05:33,945] {processor.py:641} INFO - Processing file /home/airflow/.local/lib/python3.7/site-packages/airflow/example_dags/example_dag_decorator.py for tasks to queue
[2022-05-16 10:05:33,946] {logging_mixin.py:115} INFO - [2022-05-16 10:05:33,946] {dagbag.py:507} INFO - Filling up the DagBag from /home/airflow/.local/lib/python3.7/site-packages/airflow/example_dags/example_dag_decorator.py
[2022-05-16 10:05:33,963] {processor.py:651} INFO - DAG(s) dict_keys(['example_dag_decorator']) retrieved from /home/airflow/.local/lib/python3.7/site-packages/airflow/example_dags/example_dag_decorator.py
[2022-05-16 10:05:33,985] {logging_mixin.py:115} INFO - [2022-05-16 10:05:33,985] {dag.py:2371} INFO - Sync 1 DAGs
[2022-05-16 10:05:34,019] {logging_mixin.py:115} INFO - [2022-05-16 10:05:34,019] {dag.py:2919} INFO - Setting next_dagrun for example_dag_decorator to None, run_after=None
[2022-05-16 10:05:34,032] {processor.py:161} INFO - Processing /home/airflow/.local/lib/python3.7/site-packages/airflow/example_dags/example_dag_decorator.py took 0.092 seconds
[2022-05-16 10:06:04,230] {processor.py:153} INFO - Started process (PID=2933) to work on /home/airflow/.local/lib/python3.7/site-packages/airflow/example_dags/example_dag_decorator.py
[2022-05-16 10:06:04,232] {processor.py:641} INFO - Processing file /home/airflow/.local/lib/python3.7/site-packages/airflow/example_dags/example_dag_decorator.py for tasks to queue
[2022-05-16 10:06:04,234] {logging_mixin.py:115} INFO - [2022-05-16 10:06:04,234] {dagbag.py:507} INFO - Filling up the DagBag from /home/airflow/.local/lib/python3.7/site-packages/airflow/example_dags/example_dag_decorator.py
[2022-05-16 10:06:04,258] {processor.py:651} INFO - DAG(s) dict_keys(['example_dag_decorator']) retrieved from /home/airflow/.local/lib/python3.7/site-packages/airflow/example_dags/example_dag_decorator.py
[2022-05-16 10:06:04,307] {logging_mixin.py:115} INFO - [2022-05-16 10:06:04,307] {dag.py:2371} INFO - Sync 1 DAGs
[2022-05-16 10:06:04,319] {logging_mixin.py:115} INFO - [2022-05-16 10:06:04,319] {dag.py:2919} INFO - Setting next_dagrun for example_dag_decorator to None, run_after=None
[2022-05-16 10:06:04,328] {processor.py:161} INFO - Processing /home/airflow/.local/lib/python3.7/site-packages/airflow/example_dags/example_dag_decorator.py took 0.102 seconds
[2022-05-16 10:06:35,096] {processor.py:153} INFO - Started process (PID=3155) to work on /home/airflow/.local/lib/python3.7/site-packages/airflow/example_dags/example_dag_decorator.py
[2022-05-16 10:06:35,098] {processor.py:641} INFO - Processing file /home/airflow/.local/lib/python3.7/site-packages/airflow/example_dags/example_dag_decorator.py for tasks to queue
[2022-05-16 10:06:35,099] {logging_mixin.py:115} INFO - [2022-05-16 10:06:35,099] {dagbag.py:507} INFO - Filling up the DagBag from /home/airflow/.local/lib/python3.7/site-packages/airflow/example_dags/example_dag_decorator.py
[2022-05-16 10:06:35,119] {processor.py:651} INFO - DAG(s) dict_keys(['example_dag_decorator']) retrieved from /home/airflow/.local/lib/python3.7/site-packages/airflow/example_dags/example_dag_decorator.py
[2022-05-16 10:06:35,136] {logging_mixin.py:115} INFO - [2022-05-16 10:06:35,136] {dag.py:2371} INFO - Sync 1 DAGs
[2022-05-16 10:06:35,148] {logging_mixin.py:115} INFO - [2022-05-16 10:06:35,148] {dag.py:2919} INFO - Setting next_dagrun for example_dag_decorator to None, run_after=None
[2022-05-16 10:06:35,155] {processor.py:161} INFO - Processing /home/airflow/.local/lib/python3.7/site-packages/airflow/example_dags/example_dag_decorator.py took 0.063 seconds
[2022-05-16 10:07:06,068] {processor.py:153} INFO - Started process (PID=3374) to work on /home/airflow/.local/lib/python3.7/site-packages/airflow/example_dags/example_dag_decorator.py
[2022-05-16 10:07:06,069] {processor.py:641} INFO - Processing file /home/airflow/.local/lib/python3.7/site-packages/airflow/example_dags/example_dag_decorator.py for tasks to queue
[2022-05-16 10:07:06,071] {logging_mixin.py:115} INFO - [2022-05-16 10:07:06,071] {dagbag.py:507} INFO - Filling up the DagBag from /home/airflow/.local/lib/python3.7/site-packages/airflow/example_dags/example_dag_decorator.py
[2022-05-16 10:07:06,089] {processor.py:651} INFO - DAG(s) dict_keys(['example_dag_decorator']) retrieved from /home/airflow/.local/lib/python3.7/site-packages/airflow/example_dags/example_dag_decorator.py
[2022-05-16 10:07:06,108] {logging_mixin.py:115} INFO - [2022-05-16 10:07:06,108] {dag.py:2371} INFO - Sync 1 DAGs
[2022-05-16 10:07:06,121] {logging_mixin.py:115} INFO - [2022-05-16 10:07:06,121] {dag.py:2919} INFO - Setting next_dagrun for example_dag_decorator to None, run_after=None
[2022-05-16 10:07:06,129] {processor.py:161} INFO - Processing /home/airflow/.local/lib/python3.7/site-packages/airflow/example_dags/example_dag_decorator.py took 0.064 seconds
