[2022-05-16 10:00:55,905] {processor.py:153} INFO - Started process (PID=267) to work on /home/airflow/.local/lib/python3.7/site-packages/airflow/example_dags/example_local_kubernetes_executor.py
[2022-05-16 10:00:55,906] {processor.py:641} INFO - Processing file /home/airflow/.local/lib/python3.7/site-packages/airflow/example_dags/example_local_kubernetes_executor.py for tasks to queue
[2022-05-16 10:00:55,908] {logging_mixin.py:115} INFO - [2022-05-16 10:00:55,908] {dagbag.py:507} INFO - Filling up the DagBag from /home/airflow/.local/lib/python3.7/site-packages/airflow/example_dags/example_local_kubernetes_executor.py
[2022-05-16 10:00:55,980] {processor.py:651} INFO - DAG(s) dict_keys(['example_local_kubernetes_executor']) retrieved from /home/airflow/.local/lib/python3.7/site-packages/airflow/example_dags/example_local_kubernetes_executor.py
[2022-05-16 10:00:56,036] {logging_mixin.py:115} INFO - [2022-05-16 10:00:56,036] {dag.py:2371} INFO - Sync 1 DAGs
[2022-05-16 10:00:56,056] {logging_mixin.py:115} INFO - [2022-05-16 10:00:56,056] {dag.py:2919} INFO - Setting next_dagrun for example_local_kubernetes_executor to None, run_after=None
[2022-05-16 10:00:56,089] {processor.py:161} INFO - Processing /home/airflow/.local/lib/python3.7/site-packages/airflow/example_dags/example_local_kubernetes_executor.py took 0.186 seconds
[2022-05-16 10:01:26,446] {processor.py:153} INFO - Started process (PID=647) to work on /home/airflow/.local/lib/python3.7/site-packages/airflow/example_dags/example_local_kubernetes_executor.py
[2022-05-16 10:01:26,447] {processor.py:641} INFO - Processing file /home/airflow/.local/lib/python3.7/site-packages/airflow/example_dags/example_local_kubernetes_executor.py for tasks to queue
[2022-05-16 10:01:26,448] {logging_mixin.py:115} INFO - [2022-05-16 10:01:26,448] {dagbag.py:507} INFO - Filling up the DagBag from /home/airflow/.local/lib/python3.7/site-packages/airflow/example_dags/example_local_kubernetes_executor.py
[2022-05-16 10:01:26,463] {processor.py:651} INFO - DAG(s) dict_keys(['example_local_kubernetes_executor']) retrieved from /home/airflow/.local/lib/python3.7/site-packages/airflow/example_dags/example_local_kubernetes_executor.py
[2022-05-16 10:01:26,481] {logging_mixin.py:115} INFO - [2022-05-16 10:01:26,481] {dag.py:2371} INFO - Sync 1 DAGs
[2022-05-16 10:01:26,502] {logging_mixin.py:115} INFO - [2022-05-16 10:01:26,501] {dag.py:2919} INFO - Setting next_dagrun for example_local_kubernetes_executor to None, run_after=None
[2022-05-16 10:01:26,522] {processor.py:161} INFO - Processing /home/airflow/.local/lib/python3.7/site-packages/airflow/example_dags/example_local_kubernetes_executor.py took 0.078 seconds
[2022-05-16 10:01:57,450] {processor.py:153} INFO - Started process (PID=872) to work on /home/airflow/.local/lib/python3.7/site-packages/airflow/example_dags/example_local_kubernetes_executor.py
[2022-05-16 10:01:57,451] {processor.py:641} INFO - Processing file /home/airflow/.local/lib/python3.7/site-packages/airflow/example_dags/example_local_kubernetes_executor.py for tasks to queue
[2022-05-16 10:01:57,452] {logging_mixin.py:115} INFO - [2022-05-16 10:01:57,452] {dagbag.py:507} INFO - Filling up the DagBag from /home/airflow/.local/lib/python3.7/site-packages/airflow/example_dags/example_local_kubernetes_executor.py
[2022-05-16 10:01:57,473] {processor.py:651} INFO - DAG(s) dict_keys(['example_local_kubernetes_executor']) retrieved from /home/airflow/.local/lib/python3.7/site-packages/airflow/example_dags/example_local_kubernetes_executor.py
[2022-05-16 10:01:57,559] {logging_mixin.py:115} INFO - [2022-05-16 10:01:57,559] {dag.py:2371} INFO - Sync 1 DAGs
[2022-05-16 10:01:57,618] {logging_mixin.py:115} INFO - [2022-05-16 10:01:57,618] {dag.py:2919} INFO - Setting next_dagrun for example_local_kubernetes_executor to None, run_after=None
[2022-05-16 10:01:57,638] {processor.py:161} INFO - Processing /home/airflow/.local/lib/python3.7/site-packages/airflow/example_dags/example_local_kubernetes_executor.py took 0.190 seconds
[2022-05-16 10:02:28,021] {processor.py:153} INFO - Started process (PID=1085) to work on /home/airflow/.local/lib/python3.7/site-packages/airflow/example_dags/example_local_kubernetes_executor.py
[2022-05-16 10:02:28,023] {processor.py:641} INFO - Processing file /home/airflow/.local/lib/python3.7/site-packages/airflow/example_dags/example_local_kubernetes_executor.py for tasks to queue
[2022-05-16 10:02:28,026] {logging_mixin.py:115} INFO - [2022-05-16 10:02:28,026] {dagbag.py:507} INFO - Filling up the DagBag from /home/airflow/.local/lib/python3.7/site-packages/airflow/example_dags/example_local_kubernetes_executor.py
[2022-05-16 10:02:28,042] {processor.py:651} INFO - DAG(s) dict_keys(['example_local_kubernetes_executor']) retrieved from /home/airflow/.local/lib/python3.7/site-packages/airflow/example_dags/example_local_kubernetes_executor.py
[2022-05-16 10:02:28,070] {logging_mixin.py:115} INFO - [2022-05-16 10:02:28,069] {dag.py:2371} INFO - Sync 1 DAGs
[2022-05-16 10:02:28,088] {logging_mixin.py:115} INFO - [2022-05-16 10:02:28,088] {dag.py:2919} INFO - Setting next_dagrun for example_local_kubernetes_executor to None, run_after=None
[2022-05-16 10:02:28,100] {processor.py:161} INFO - Processing /home/airflow/.local/lib/python3.7/site-packages/airflow/example_dags/example_local_kubernetes_executor.py took 0.084 seconds
[2022-05-16 10:02:58,537] {processor.py:153} INFO - Started process (PID=1317) to work on /home/airflow/.local/lib/python3.7/site-packages/airflow/example_dags/example_local_kubernetes_executor.py
[2022-05-16 10:02:58,538] {processor.py:641} INFO - Processing file /home/airflow/.local/lib/python3.7/site-packages/airflow/example_dags/example_local_kubernetes_executor.py for tasks to queue
[2022-05-16 10:02:58,539] {logging_mixin.py:115} INFO - [2022-05-16 10:02:58,539] {dagbag.py:507} INFO - Filling up the DagBag from /home/airflow/.local/lib/python3.7/site-packages/airflow/example_dags/example_local_kubernetes_executor.py
[2022-05-16 10:02:58,551] {processor.py:651} INFO - DAG(s) dict_keys(['example_local_kubernetes_executor']) retrieved from /home/airflow/.local/lib/python3.7/site-packages/airflow/example_dags/example_local_kubernetes_executor.py
[2022-05-16 10:02:58,571] {logging_mixin.py:115} INFO - [2022-05-16 10:02:58,570] {dag.py:2371} INFO - Sync 1 DAGs
[2022-05-16 10:02:58,584] {logging_mixin.py:115} INFO - [2022-05-16 10:02:58,584] {dag.py:2919} INFO - Setting next_dagrun for example_local_kubernetes_executor to None, run_after=None
[2022-05-16 10:02:58,591] {processor.py:161} INFO - Processing /home/airflow/.local/lib/python3.7/site-packages/airflow/example_dags/example_local_kubernetes_executor.py took 0.056 seconds
[2022-05-16 10:03:29,350] {processor.py:153} INFO - Started process (PID=1538) to work on /home/airflow/.local/lib/python3.7/site-packages/airflow/example_dags/example_local_kubernetes_executor.py
[2022-05-16 10:03:29,351] {processor.py:641} INFO - Processing file /home/airflow/.local/lib/python3.7/site-packages/airflow/example_dags/example_local_kubernetes_executor.py for tasks to queue
[2022-05-16 10:03:29,352] {logging_mixin.py:115} INFO - [2022-05-16 10:03:29,352] {dagbag.py:507} INFO - Filling up the DagBag from /home/airflow/.local/lib/python3.7/site-packages/airflow/example_dags/example_local_kubernetes_executor.py
[2022-05-16 10:03:29,365] {processor.py:651} INFO - DAG(s) dict_keys(['example_local_kubernetes_executor']) retrieved from /home/airflow/.local/lib/python3.7/site-packages/airflow/example_dags/example_local_kubernetes_executor.py
[2022-05-16 10:03:29,384] {logging_mixin.py:115} INFO - [2022-05-16 10:03:29,384] {dag.py:2371} INFO - Sync 1 DAGs
[2022-05-16 10:03:29,396] {logging_mixin.py:115} INFO - [2022-05-16 10:03:29,396] {dag.py:2919} INFO - Setting next_dagrun for example_local_kubernetes_executor to None, run_after=None
[2022-05-16 10:03:29,404] {processor.py:161} INFO - Processing /home/airflow/.local/lib/python3.7/site-packages/airflow/example_dags/example_local_kubernetes_executor.py took 0.056 seconds
[2022-05-16 10:04:00,264] {processor.py:153} INFO - Started process (PID=1758) to work on /home/airflow/.local/lib/python3.7/site-packages/airflow/example_dags/example_local_kubernetes_executor.py
[2022-05-16 10:04:00,266] {processor.py:641} INFO - Processing file /home/airflow/.local/lib/python3.7/site-packages/airflow/example_dags/example_local_kubernetes_executor.py for tasks to queue
[2022-05-16 10:04:00,267] {logging_mixin.py:115} INFO - [2022-05-16 10:04:00,267] {dagbag.py:507} INFO - Filling up the DagBag from /home/airflow/.local/lib/python3.7/site-packages/airflow/example_dags/example_local_kubernetes_executor.py
[2022-05-16 10:04:00,277] {processor.py:651} INFO - DAG(s) dict_keys(['example_local_kubernetes_executor']) retrieved from /home/airflow/.local/lib/python3.7/site-packages/airflow/example_dags/example_local_kubernetes_executor.py
[2022-05-16 10:04:00,293] {logging_mixin.py:115} INFO - [2022-05-16 10:04:00,293] {dag.py:2371} INFO - Sync 1 DAGs
[2022-05-16 10:04:00,308] {logging_mixin.py:115} INFO - [2022-05-16 10:04:00,308] {dag.py:2919} INFO - Setting next_dagrun for example_local_kubernetes_executor to None, run_after=None
[2022-05-16 10:04:00,318] {processor.py:161} INFO - Processing /home/airflow/.local/lib/python3.7/site-packages/airflow/example_dags/example_local_kubernetes_executor.py took 0.056 seconds
[2022-05-16 10:04:31,079] {processor.py:153} INFO - Started process (PID=1986) to work on /home/airflow/.local/lib/python3.7/site-packages/airflow/example_dags/example_local_kubernetes_executor.py
[2022-05-16 10:04:31,080] {processor.py:641} INFO - Processing file /home/airflow/.local/lib/python3.7/site-packages/airflow/example_dags/example_local_kubernetes_executor.py for tasks to queue
[2022-05-16 10:04:31,081] {logging_mixin.py:115} INFO - [2022-05-16 10:04:31,081] {dagbag.py:507} INFO - Filling up the DagBag from /home/airflow/.local/lib/python3.7/site-packages/airflow/example_dags/example_local_kubernetes_executor.py
[2022-05-16 10:04:31,092] {processor.py:651} INFO - DAG(s) dict_keys(['example_local_kubernetes_executor']) retrieved from /home/airflow/.local/lib/python3.7/site-packages/airflow/example_dags/example_local_kubernetes_executor.py
[2022-05-16 10:04:31,111] {logging_mixin.py:115} INFO - [2022-05-16 10:04:31,111] {dag.py:2371} INFO - Sync 1 DAGs
[2022-05-16 10:04:31,123] {logging_mixin.py:115} INFO - [2022-05-16 10:04:31,123] {dag.py:2919} INFO - Setting next_dagrun for example_local_kubernetes_executor to None, run_after=None
[2022-05-16 10:04:31,130] {processor.py:161} INFO - Processing /home/airflow/.local/lib/python3.7/site-packages/airflow/example_dags/example_local_kubernetes_executor.py took 0.053 seconds
[2022-05-16 10:05:01,766] {processor.py:153} INFO - Started process (PID=2208) to work on /home/airflow/.local/lib/python3.7/site-packages/airflow/example_dags/example_local_kubernetes_executor.py
[2022-05-16 10:05:01,767] {processor.py:641} INFO - Processing file /home/airflow/.local/lib/python3.7/site-packages/airflow/example_dags/example_local_kubernetes_executor.py for tasks to queue
[2022-05-16 10:05:01,768] {logging_mixin.py:115} INFO - [2022-05-16 10:05:01,768] {dagbag.py:507} INFO - Filling up the DagBag from /home/airflow/.local/lib/python3.7/site-packages/airflow/example_dags/example_local_kubernetes_executor.py
[2022-05-16 10:05:01,783] {processor.py:651} INFO - DAG(s) dict_keys(['example_local_kubernetes_executor']) retrieved from /home/airflow/.local/lib/python3.7/site-packages/airflow/example_dags/example_local_kubernetes_executor.py
[2022-05-16 10:05:01,803] {logging_mixin.py:115} INFO - [2022-05-16 10:05:01,803] {dag.py:2371} INFO - Sync 1 DAGs
[2022-05-16 10:05:01,821] {logging_mixin.py:115} INFO - [2022-05-16 10:05:01,821] {dag.py:2919} INFO - Setting next_dagrun for example_local_kubernetes_executor to None, run_after=None
[2022-05-16 10:05:01,832] {processor.py:161} INFO - Processing /home/airflow/.local/lib/python3.7/site-packages/airflow/example_dags/example_local_kubernetes_executor.py took 0.068 seconds
[2022-05-16 10:05:32,590] {processor.py:153} INFO - Started process (PID=2509) to work on /home/airflow/.local/lib/python3.7/site-packages/airflow/example_dags/example_local_kubernetes_executor.py
[2022-05-16 10:05:32,592] {processor.py:641} INFO - Processing file /home/airflow/.local/lib/python3.7/site-packages/airflow/example_dags/example_local_kubernetes_executor.py for tasks to queue
[2022-05-16 10:05:32,593] {logging_mixin.py:115} INFO - [2022-05-16 10:05:32,593] {dagbag.py:507} INFO - Filling up the DagBag from /home/airflow/.local/lib/python3.7/site-packages/airflow/example_dags/example_local_kubernetes_executor.py
[2022-05-16 10:05:32,606] {processor.py:651} INFO - DAG(s) dict_keys(['example_local_kubernetes_executor']) retrieved from /home/airflow/.local/lib/python3.7/site-packages/airflow/example_dags/example_local_kubernetes_executor.py
[2022-05-16 10:05:32,624] {logging_mixin.py:115} INFO - [2022-05-16 10:05:32,624] {dag.py:2371} INFO - Sync 1 DAGs
[2022-05-16 10:05:32,637] {logging_mixin.py:115} INFO - [2022-05-16 10:05:32,637] {dag.py:2919} INFO - Setting next_dagrun for example_local_kubernetes_executor to None, run_after=None
[2022-05-16 10:05:32,652] {processor.py:161} INFO - Processing /home/airflow/.local/lib/python3.7/site-packages/airflow/example_dags/example_local_kubernetes_executor.py took 0.065 seconds
[2022-05-16 10:06:02,729] {processor.py:153} INFO - Started process (PID=2888) to work on /home/airflow/.local/lib/python3.7/site-packages/airflow/example_dags/example_local_kubernetes_executor.py
[2022-05-16 10:06:02,730] {processor.py:641} INFO - Processing file /home/airflow/.local/lib/python3.7/site-packages/airflow/example_dags/example_local_kubernetes_executor.py for tasks to queue
[2022-05-16 10:06:02,731] {logging_mixin.py:115} INFO - [2022-05-16 10:06:02,731] {dagbag.py:507} INFO - Filling up the DagBag from /home/airflow/.local/lib/python3.7/site-packages/airflow/example_dags/example_local_kubernetes_executor.py
[2022-05-16 10:06:02,741] {processor.py:651} INFO - DAG(s) dict_keys(['example_local_kubernetes_executor']) retrieved from /home/airflow/.local/lib/python3.7/site-packages/airflow/example_dags/example_local_kubernetes_executor.py
[2022-05-16 10:06:02,758] {logging_mixin.py:115} INFO - [2022-05-16 10:06:02,758] {dag.py:2371} INFO - Sync 1 DAGs
[2022-05-16 10:06:02,771] {logging_mixin.py:115} INFO - [2022-05-16 10:06:02,771] {dag.py:2919} INFO - Setting next_dagrun for example_local_kubernetes_executor to None, run_after=None
[2022-05-16 10:06:02,778] {processor.py:161} INFO - Processing /home/airflow/.local/lib/python3.7/site-packages/airflow/example_dags/example_local_kubernetes_executor.py took 0.052 seconds
[2022-05-16 10:06:33,778] {processor.py:153} INFO - Started process (PID=3110) to work on /home/airflow/.local/lib/python3.7/site-packages/airflow/example_dags/example_local_kubernetes_executor.py
[2022-05-16 10:06:33,779] {processor.py:641} INFO - Processing file /home/airflow/.local/lib/python3.7/site-packages/airflow/example_dags/example_local_kubernetes_executor.py for tasks to queue
[2022-05-16 10:06:33,780] {logging_mixin.py:115} INFO - [2022-05-16 10:06:33,780] {dagbag.py:507} INFO - Filling up the DagBag from /home/airflow/.local/lib/python3.7/site-packages/airflow/example_dags/example_local_kubernetes_executor.py
[2022-05-16 10:06:33,791] {processor.py:651} INFO - DAG(s) dict_keys(['example_local_kubernetes_executor']) retrieved from /home/airflow/.local/lib/python3.7/site-packages/airflow/example_dags/example_local_kubernetes_executor.py
[2022-05-16 10:06:33,807] {logging_mixin.py:115} INFO - [2022-05-16 10:06:33,806] {dag.py:2371} INFO - Sync 1 DAGs
[2022-05-16 10:06:33,819] {logging_mixin.py:115} INFO - [2022-05-16 10:06:33,819] {dag.py:2919} INFO - Setting next_dagrun for example_local_kubernetes_executor to None, run_after=None
[2022-05-16 10:06:33,827] {processor.py:161} INFO - Processing /home/airflow/.local/lib/python3.7/site-packages/airflow/example_dags/example_local_kubernetes_executor.py took 0.051 seconds
[2022-05-16 10:07:04,717] {processor.py:153} INFO - Started process (PID=3329) to work on /home/airflow/.local/lib/python3.7/site-packages/airflow/example_dags/example_local_kubernetes_executor.py
[2022-05-16 10:07:04,718] {processor.py:641} INFO - Processing file /home/airflow/.local/lib/python3.7/site-packages/airflow/example_dags/example_local_kubernetes_executor.py for tasks to queue
[2022-05-16 10:07:04,719] {logging_mixin.py:115} INFO - [2022-05-16 10:07:04,719] {dagbag.py:507} INFO - Filling up the DagBag from /home/airflow/.local/lib/python3.7/site-packages/airflow/example_dags/example_local_kubernetes_executor.py
[2022-05-16 10:07:04,731] {processor.py:651} INFO - DAG(s) dict_keys(['example_local_kubernetes_executor']) retrieved from /home/airflow/.local/lib/python3.7/site-packages/airflow/example_dags/example_local_kubernetes_executor.py
[2022-05-16 10:07:04,748] {logging_mixin.py:115} INFO - [2022-05-16 10:07:04,748] {dag.py:2371} INFO - Sync 1 DAGs
[2022-05-16 10:07:04,760] {logging_mixin.py:115} INFO - [2022-05-16 10:07:04,760] {dag.py:2919} INFO - Setting next_dagrun for example_local_kubernetes_executor to None, run_after=None
[2022-05-16 10:07:04,769] {processor.py:161} INFO - Processing /home/airflow/.local/lib/python3.7/site-packages/airflow/example_dags/example_local_kubernetes_executor.py took 0.054 seconds
