[2022-05-16 10:00:58,421] {processor.py:153} INFO - Started process (PID=364) to work on /home/airflow/.local/lib/python3.7/site-packages/airflow/example_dags/example_short_circuit_operator.py
[2022-05-16 10:00:58,425] {processor.py:641} INFO - Processing file /home/airflow/.local/lib/python3.7/site-packages/airflow/example_dags/example_short_circuit_operator.py for tasks to queue
[2022-05-16 10:00:58,430] {logging_mixin.py:115} INFO - [2022-05-16 10:00:58,430] {dagbag.py:507} INFO - Filling up the DagBag from /home/airflow/.local/lib/python3.7/site-packages/airflow/example_dags/example_short_circuit_operator.py
[2022-05-16 10:00:58,481] {processor.py:651} INFO - DAG(s) dict_keys(['example_short_circuit_operator']) retrieved from /home/airflow/.local/lib/python3.7/site-packages/airflow/example_dags/example_short_circuit_operator.py
[2022-05-16 10:00:58,620] {logging_mixin.py:115} INFO - [2022-05-16 10:00:58,620] {dag.py:2371} INFO - Sync 1 DAGs
[2022-05-16 10:00:58,719] {logging_mixin.py:115} INFO - [2022-05-16 10:00:58,719] {dag.py:2919} INFO - Setting next_dagrun for example_short_circuit_operator to 2022-05-15T10:00:58.718425+00:00, run_after=2022-05-16T10:00:58.718425+00:00
[2022-05-16 10:00:58,882] {processor.py:161} INFO - Processing /home/airflow/.local/lib/python3.7/site-packages/airflow/example_dags/example_short_circuit_operator.py took 0.485 seconds
[2022-05-16 10:01:29,449] {processor.py:153} INFO - Started process (PID=717) to work on /home/airflow/.local/lib/python3.7/site-packages/airflow/example_dags/example_short_circuit_operator.py
[2022-05-16 10:01:29,450] {processor.py:641} INFO - Processing file /home/airflow/.local/lib/python3.7/site-packages/airflow/example_dags/example_short_circuit_operator.py for tasks to queue
[2022-05-16 10:01:29,451] {logging_mixin.py:115} INFO - [2022-05-16 10:01:29,451] {dagbag.py:507} INFO - Filling up the DagBag from /home/airflow/.local/lib/python3.7/site-packages/airflow/example_dags/example_short_circuit_operator.py
[2022-05-16 10:01:29,460] {processor.py:651} INFO - DAG(s) dict_keys(['example_short_circuit_operator']) retrieved from /home/airflow/.local/lib/python3.7/site-packages/airflow/example_dags/example_short_circuit_operator.py
[2022-05-16 10:01:29,486] {logging_mixin.py:115} INFO - [2022-05-16 10:01:29,486] {dag.py:2371} INFO - Sync 1 DAGs
[2022-05-16 10:01:29,502] {logging_mixin.py:115} INFO - [2022-05-16 10:01:29,502] {dag.py:2919} INFO - Setting next_dagrun for example_short_circuit_operator to 2022-05-15T10:01:29.502492+00:00, run_after=2022-05-16T10:01:29.502492+00:00
[2022-05-16 10:01:29,513] {processor.py:161} INFO - Processing /home/airflow/.local/lib/python3.7/site-packages/airflow/example_dags/example_short_circuit_operator.py took 0.066 seconds
[2022-05-16 10:02:00,162] {processor.py:153} INFO - Started process (PID=941) to work on /home/airflow/.local/lib/python3.7/site-packages/airflow/example_dags/example_short_circuit_operator.py
[2022-05-16 10:02:00,163] {processor.py:641} INFO - Processing file /home/airflow/.local/lib/python3.7/site-packages/airflow/example_dags/example_short_circuit_operator.py for tasks to queue
[2022-05-16 10:02:00,164] {logging_mixin.py:115} INFO - [2022-05-16 10:02:00,164] {dagbag.py:507} INFO - Filling up the DagBag from /home/airflow/.local/lib/python3.7/site-packages/airflow/example_dags/example_short_circuit_operator.py
[2022-05-16 10:02:00,173] {processor.py:651} INFO - DAG(s) dict_keys(['example_short_circuit_operator']) retrieved from /home/airflow/.local/lib/python3.7/site-packages/airflow/example_dags/example_short_circuit_operator.py
[2022-05-16 10:02:00,194] {logging_mixin.py:115} INFO - [2022-05-16 10:02:00,194] {dag.py:2371} INFO - Sync 1 DAGs
[2022-05-16 10:02:00,211] {logging_mixin.py:115} INFO - [2022-05-16 10:02:00,211] {dag.py:2919} INFO - Setting next_dagrun for example_short_circuit_operator to 2022-05-15T10:02:00.211450+00:00, run_after=2022-05-16T10:02:00.211450+00:00
[2022-05-16 10:02:00,226] {processor.py:161} INFO - Processing /home/airflow/.local/lib/python3.7/site-packages/airflow/example_dags/example_short_circuit_operator.py took 0.067 seconds
[2022-05-16 10:02:30,983] {processor.py:153} INFO - Started process (PID=1166) to work on /home/airflow/.local/lib/python3.7/site-packages/airflow/example_dags/example_short_circuit_operator.py
[2022-05-16 10:02:30,988] {processor.py:641} INFO - Processing file /home/airflow/.local/lib/python3.7/site-packages/airflow/example_dags/example_short_circuit_operator.py for tasks to queue
[2022-05-16 10:02:30,990] {logging_mixin.py:115} INFO - [2022-05-16 10:02:30,990] {dagbag.py:507} INFO - Filling up the DagBag from /home/airflow/.local/lib/python3.7/site-packages/airflow/example_dags/example_short_circuit_operator.py
[2022-05-16 10:02:31,029] {processor.py:651} INFO - DAG(s) dict_keys(['example_short_circuit_operator']) retrieved from /home/airflow/.local/lib/python3.7/site-packages/airflow/example_dags/example_short_circuit_operator.py
[2022-05-16 10:02:31,081] {logging_mixin.py:115} INFO - [2022-05-16 10:02:31,080] {dag.py:2371} INFO - Sync 1 DAGs
[2022-05-16 10:02:31,117] {logging_mixin.py:115} INFO - [2022-05-16 10:02:31,117] {dag.py:2919} INFO - Setting next_dagrun for example_short_circuit_operator to 2022-05-15T10:02:31.116387+00:00, run_after=2022-05-16T10:02:31.116387+00:00
[2022-05-16 10:02:31,133] {processor.py:161} INFO - Processing /home/airflow/.local/lib/python3.7/site-packages/airflow/example_dags/example_short_circuit_operator.py took 0.156 seconds
[2022-05-16 10:03:02,079] {processor.py:153} INFO - Started process (PID=1387) to work on /home/airflow/.local/lib/python3.7/site-packages/airflow/example_dags/example_short_circuit_operator.py
[2022-05-16 10:03:02,081] {processor.py:641} INFO - Processing file /home/airflow/.local/lib/python3.7/site-packages/airflow/example_dags/example_short_circuit_operator.py for tasks to queue
[2022-05-16 10:03:02,082] {logging_mixin.py:115} INFO - [2022-05-16 10:03:02,082] {dagbag.py:507} INFO - Filling up the DagBag from /home/airflow/.local/lib/python3.7/site-packages/airflow/example_dags/example_short_circuit_operator.py
[2022-05-16 10:03:02,091] {processor.py:651} INFO - DAG(s) dict_keys(['example_short_circuit_operator']) retrieved from /home/airflow/.local/lib/python3.7/site-packages/airflow/example_dags/example_short_circuit_operator.py
[2022-05-16 10:03:02,113] {logging_mixin.py:115} INFO - [2022-05-16 10:03:02,113] {dag.py:2371} INFO - Sync 1 DAGs
[2022-05-16 10:03:02,126] {logging_mixin.py:115} INFO - [2022-05-16 10:03:02,126] {dag.py:2919} INFO - Setting next_dagrun for example_short_circuit_operator to 2022-05-15T10:03:02.125909+00:00, run_after=2022-05-16T10:03:02.125909+00:00
[2022-05-16 10:03:02,133] {processor.py:161} INFO - Processing /home/airflow/.local/lib/python3.7/site-packages/airflow/example_dags/example_short_circuit_operator.py took 0.058 seconds
[2022-05-16 10:03:33,013] {processor.py:153} INFO - Started process (PID=1608) to work on /home/airflow/.local/lib/python3.7/site-packages/airflow/example_dags/example_short_circuit_operator.py
[2022-05-16 10:03:33,015] {processor.py:641} INFO - Processing file /home/airflow/.local/lib/python3.7/site-packages/airflow/example_dags/example_short_circuit_operator.py for tasks to queue
[2022-05-16 10:03:33,016] {logging_mixin.py:115} INFO - [2022-05-16 10:03:33,016] {dagbag.py:507} INFO - Filling up the DagBag from /home/airflow/.local/lib/python3.7/site-packages/airflow/example_dags/example_short_circuit_operator.py
[2022-05-16 10:03:33,024] {processor.py:651} INFO - DAG(s) dict_keys(['example_short_circuit_operator']) retrieved from /home/airflow/.local/lib/python3.7/site-packages/airflow/example_dags/example_short_circuit_operator.py
[2022-05-16 10:03:33,057] {logging_mixin.py:115} INFO - [2022-05-16 10:03:33,057] {dag.py:2371} INFO - Sync 1 DAGs
[2022-05-16 10:03:33,071] {logging_mixin.py:115} INFO - [2022-05-16 10:03:33,071] {dag.py:2919} INFO - Setting next_dagrun for example_short_circuit_operator to 2022-05-15T10:03:33.071434+00:00, run_after=2022-05-16T10:03:33.071434+00:00
[2022-05-16 10:03:33,079] {processor.py:161} INFO - Processing /home/airflow/.local/lib/python3.7/site-packages/airflow/example_dags/example_short_circuit_operator.py took 0.070 seconds
[2022-05-16 10:04:03,937] {processor.py:153} INFO - Started process (PID=1828) to work on /home/airflow/.local/lib/python3.7/site-packages/airflow/example_dags/example_short_circuit_operator.py
[2022-05-16 10:04:03,938] {processor.py:641} INFO - Processing file /home/airflow/.local/lib/python3.7/site-packages/airflow/example_dags/example_short_circuit_operator.py for tasks to queue
[2022-05-16 10:04:03,939] {logging_mixin.py:115} INFO - [2022-05-16 10:04:03,939] {dagbag.py:507} INFO - Filling up the DagBag from /home/airflow/.local/lib/python3.7/site-packages/airflow/example_dags/example_short_circuit_operator.py
[2022-05-16 10:04:03,945] {processor.py:651} INFO - DAG(s) dict_keys(['example_short_circuit_operator']) retrieved from /home/airflow/.local/lib/python3.7/site-packages/airflow/example_dags/example_short_circuit_operator.py
[2022-05-16 10:04:03,965] {logging_mixin.py:115} INFO - [2022-05-16 10:04:03,965] {dag.py:2371} INFO - Sync 1 DAGs
[2022-05-16 10:04:03,992] {logging_mixin.py:115} INFO - [2022-05-16 10:04:03,992] {dag.py:2919} INFO - Setting next_dagrun for example_short_circuit_operator to 2022-05-15T10:04:03.992575+00:00, run_after=2022-05-16T10:04:03.992575+00:00
[2022-05-16 10:04:04,000] {processor.py:161} INFO - Processing /home/airflow/.local/lib/python3.7/site-packages/airflow/example_dags/example_short_circuit_operator.py took 0.066 seconds
[2022-05-16 10:04:34,621] {processor.py:153} INFO - Started process (PID=2056) to work on /home/airflow/.local/lib/python3.7/site-packages/airflow/example_dags/example_short_circuit_operator.py
[2022-05-16 10:04:34,623] {processor.py:641} INFO - Processing file /home/airflow/.local/lib/python3.7/site-packages/airflow/example_dags/example_short_circuit_operator.py for tasks to queue
[2022-05-16 10:04:34,624] {logging_mixin.py:115} INFO - [2022-05-16 10:04:34,624] {dagbag.py:507} INFO - Filling up the DagBag from /home/airflow/.local/lib/python3.7/site-packages/airflow/example_dags/example_short_circuit_operator.py
[2022-05-16 10:04:34,631] {processor.py:651} INFO - DAG(s) dict_keys(['example_short_circuit_operator']) retrieved from /home/airflow/.local/lib/python3.7/site-packages/airflow/example_dags/example_short_circuit_operator.py
[2022-05-16 10:04:34,649] {logging_mixin.py:115} INFO - [2022-05-16 10:04:34,649] {dag.py:2371} INFO - Sync 1 DAGs
[2022-05-16 10:04:34,663] {logging_mixin.py:115} INFO - [2022-05-16 10:04:34,663] {dag.py:2919} INFO - Setting next_dagrun for example_short_circuit_operator to 2022-05-15T10:04:34.662897+00:00, run_after=2022-05-16T10:04:34.662897+00:00
[2022-05-16 10:04:34,670] {processor.py:161} INFO - Processing /home/airflow/.local/lib/python3.7/site-packages/airflow/example_dags/example_short_circuit_operator.py took 0.052 seconds
[2022-05-16 10:05:05,486] {processor.py:153} INFO - Started process (PID=2278) to work on /home/airflow/.local/lib/python3.7/site-packages/airflow/example_dags/example_short_circuit_operator.py
[2022-05-16 10:05:05,497] {processor.py:641} INFO - Processing file /home/airflow/.local/lib/python3.7/site-packages/airflow/example_dags/example_short_circuit_operator.py for tasks to queue
[2022-05-16 10:05:05,498] {logging_mixin.py:115} INFO - [2022-05-16 10:05:05,498] {dagbag.py:507} INFO - Filling up the DagBag from /home/airflow/.local/lib/python3.7/site-packages/airflow/example_dags/example_short_circuit_operator.py
[2022-05-16 10:05:05,507] {processor.py:651} INFO - DAG(s) dict_keys(['example_short_circuit_operator']) retrieved from /home/airflow/.local/lib/python3.7/site-packages/airflow/example_dags/example_short_circuit_operator.py
[2022-05-16 10:05:05,530] {logging_mixin.py:115} INFO - [2022-05-16 10:05:05,530] {dag.py:2371} INFO - Sync 1 DAGs
[2022-05-16 10:05:05,543] {logging_mixin.py:115} INFO - [2022-05-16 10:05:05,543] {dag.py:2919} INFO - Setting next_dagrun for example_short_circuit_operator to 2022-05-15T10:05:05.543171+00:00, run_after=2022-05-16T10:05:05.543171+00:00
[2022-05-16 10:05:05,553] {processor.py:161} INFO - Processing /home/airflow/.local/lib/python3.7/site-packages/airflow/example_dags/example_short_circuit_operator.py took 0.071 seconds
[2022-05-16 10:05:36,265] {processor.py:153} INFO - Started process (PID=2727) to work on /home/airflow/.local/lib/python3.7/site-packages/airflow/example_dags/example_short_circuit_operator.py
[2022-05-16 10:05:36,266] {processor.py:641} INFO - Processing file /home/airflow/.local/lib/python3.7/site-packages/airflow/example_dags/example_short_circuit_operator.py for tasks to queue
[2022-05-16 10:05:36,267] {logging_mixin.py:115} INFO - [2022-05-16 10:05:36,267] {dagbag.py:507} INFO - Filling up the DagBag from /home/airflow/.local/lib/python3.7/site-packages/airflow/example_dags/example_short_circuit_operator.py
[2022-05-16 10:05:36,273] {processor.py:651} INFO - DAG(s) dict_keys(['example_short_circuit_operator']) retrieved from /home/airflow/.local/lib/python3.7/site-packages/airflow/example_dags/example_short_circuit_operator.py
[2022-05-16 10:05:36,291] {logging_mixin.py:115} INFO - [2022-05-16 10:05:36,291] {dag.py:2371} INFO - Sync 1 DAGs
[2022-05-16 10:05:36,305] {logging_mixin.py:115} INFO - [2022-05-16 10:05:36,305] {dag.py:2919} INFO - Setting next_dagrun for example_short_circuit_operator to 2022-05-15T10:05:36.304895+00:00, run_after=2022-05-16T10:05:36.304895+00:00
[2022-05-16 10:05:36,313] {processor.py:161} INFO - Processing /home/airflow/.local/lib/python3.7/site-packages/airflow/example_dags/example_short_circuit_operator.py took 0.050 seconds
[2022-05-16 10:06:06,461] {processor.py:153} INFO - Started process (PID=2970) to work on /home/airflow/.local/lib/python3.7/site-packages/airflow/example_dags/example_short_circuit_operator.py
[2022-05-16 10:06:06,462] {processor.py:641} INFO - Processing file /home/airflow/.local/lib/python3.7/site-packages/airflow/example_dags/example_short_circuit_operator.py for tasks to queue
[2022-05-16 10:06:06,467] {logging_mixin.py:115} INFO - [2022-05-16 10:06:06,467] {dagbag.py:507} INFO - Filling up the DagBag from /home/airflow/.local/lib/python3.7/site-packages/airflow/example_dags/example_short_circuit_operator.py
[2022-05-16 10:06:06,473] {processor.py:651} INFO - DAG(s) dict_keys(['example_short_circuit_operator']) retrieved from /home/airflow/.local/lib/python3.7/site-packages/airflow/example_dags/example_short_circuit_operator.py
[2022-05-16 10:06:06,500] {logging_mixin.py:115} INFO - [2022-05-16 10:06:06,500] {dag.py:2371} INFO - Sync 1 DAGs
[2022-05-16 10:06:06,519] {logging_mixin.py:115} INFO - [2022-05-16 10:06:06,519] {dag.py:2919} INFO - Setting next_dagrun for example_short_circuit_operator to 2022-05-15T10:06:06.519671+00:00, run_after=2022-05-16T10:06:06.519671+00:00
[2022-05-16 10:06:06,534] {processor.py:161} INFO - Processing /home/airflow/.local/lib/python3.7/site-packages/airflow/example_dags/example_short_circuit_operator.py took 0.075 seconds
[2022-05-16 10:06:37,360] {processor.py:153} INFO - Started process (PID=3180) to work on /home/airflow/.local/lib/python3.7/site-packages/airflow/example_dags/example_short_circuit_operator.py
[2022-05-16 10:06:37,362] {processor.py:641} INFO - Processing file /home/airflow/.local/lib/python3.7/site-packages/airflow/example_dags/example_short_circuit_operator.py for tasks to queue
[2022-05-16 10:06:37,363] {logging_mixin.py:115} INFO - [2022-05-16 10:06:37,363] {dagbag.py:507} INFO - Filling up the DagBag from /home/airflow/.local/lib/python3.7/site-packages/airflow/example_dags/example_short_circuit_operator.py
[2022-05-16 10:06:37,370] {processor.py:651} INFO - DAG(s) dict_keys(['example_short_circuit_operator']) retrieved from /home/airflow/.local/lib/python3.7/site-packages/airflow/example_dags/example_short_circuit_operator.py
[2022-05-16 10:06:37,387] {logging_mixin.py:115} INFO - [2022-05-16 10:06:37,387] {dag.py:2371} INFO - Sync 1 DAGs
[2022-05-16 10:06:37,400] {logging_mixin.py:115} INFO - [2022-05-16 10:06:37,400] {dag.py:2919} INFO - Setting next_dagrun for example_short_circuit_operator to 2022-05-15T10:06:37.399948+00:00, run_after=2022-05-16T10:06:37.399948+00:00
[2022-05-16 10:06:37,408] {processor.py:161} INFO - Processing /home/airflow/.local/lib/python3.7/site-packages/airflow/example_dags/example_short_circuit_operator.py took 0.050 seconds
[2022-05-16 10:07:08,414] {processor.py:153} INFO - Started process (PID=3399) to work on /home/airflow/.local/lib/python3.7/site-packages/airflow/example_dags/example_short_circuit_operator.py
[2022-05-16 10:07:08,416] {processor.py:641} INFO - Processing file /home/airflow/.local/lib/python3.7/site-packages/airflow/example_dags/example_short_circuit_operator.py for tasks to queue
[2022-05-16 10:07:08,417] {logging_mixin.py:115} INFO - [2022-05-16 10:07:08,417] {dagbag.py:507} INFO - Filling up the DagBag from /home/airflow/.local/lib/python3.7/site-packages/airflow/example_dags/example_short_circuit_operator.py
[2022-05-16 10:07:08,426] {processor.py:651} INFO - DAG(s) dict_keys(['example_short_circuit_operator']) retrieved from /home/airflow/.local/lib/python3.7/site-packages/airflow/example_dags/example_short_circuit_operator.py
[2022-05-16 10:07:08,447] {logging_mixin.py:115} INFO - [2022-05-16 10:07:08,447] {dag.py:2371} INFO - Sync 1 DAGs
[2022-05-16 10:07:08,459] {logging_mixin.py:115} INFO - [2022-05-16 10:07:08,459] {dag.py:2919} INFO - Setting next_dagrun for example_short_circuit_operator to 2022-05-15T10:07:08.459630+00:00, run_after=2022-05-16T10:07:08.459630+00:00
[2022-05-16 10:07:08,467] {processor.py:161} INFO - Processing /home/airflow/.local/lib/python3.7/site-packages/airflow/example_dags/example_short_circuit_operator.py took 0.056 seconds
