[2022-05-16 10:00:59,808] {processor.py:153} INFO - Started process (PID=394) to work on /home/airflow/.local/lib/python3.7/site-packages/airflow/example_dags/example_latest_only_with_trigger.py
[2022-05-16 10:00:59,810] {processor.py:641} INFO - Processing file /home/airflow/.local/lib/python3.7/site-packages/airflow/example_dags/example_latest_only_with_trigger.py for tasks to queue
[2022-05-16 10:00:59,811] {logging_mixin.py:115} INFO - [2022-05-16 10:00:59,811] {dagbag.py:507} INFO - Filling up the DagBag from /home/airflow/.local/lib/python3.7/site-packages/airflow/example_dags/example_latest_only_with_trigger.py
[2022-05-16 10:00:59,821] {processor.py:651} INFO - DAG(s) dict_keys(['latest_only_with_trigger']) retrieved from /home/airflow/.local/lib/python3.7/site-packages/airflow/example_dags/example_latest_only_with_trigger.py
[2022-05-16 10:00:59,906] {logging_mixin.py:115} INFO - [2022-05-16 10:00:59,906] {dag.py:2371} INFO - Sync 1 DAGs
[2022-05-16 10:00:59,952] {logging_mixin.py:115} INFO - [2022-05-16 10:00:59,951] {dag.py:2919} INFO - Setting next_dagrun for latest_only_with_trigger to 2022-05-16T06:00:59.951123+00:00, run_after=2022-05-16T10:00:59.951123+00:00
[2022-05-16 10:00:59,980] {processor.py:161} INFO - Processing /home/airflow/.local/lib/python3.7/site-packages/airflow/example_dags/example_latest_only_with_trigger.py took 0.174 seconds
[2022-05-16 10:01:30,927] {processor.py:153} INFO - Started process (PID=753) to work on /home/airflow/.local/lib/python3.7/site-packages/airflow/example_dags/example_latest_only_with_trigger.py
[2022-05-16 10:01:30,930] {processor.py:641} INFO - Processing file /home/airflow/.local/lib/python3.7/site-packages/airflow/example_dags/example_latest_only_with_trigger.py for tasks to queue
[2022-05-16 10:01:30,931] {logging_mixin.py:115} INFO - [2022-05-16 10:01:30,931] {dagbag.py:507} INFO - Filling up the DagBag from /home/airflow/.local/lib/python3.7/site-packages/airflow/example_dags/example_latest_only_with_trigger.py
[2022-05-16 10:01:30,942] {processor.py:651} INFO - DAG(s) dict_keys(['latest_only_with_trigger']) retrieved from /home/airflow/.local/lib/python3.7/site-packages/airflow/example_dags/example_latest_only_with_trigger.py
[2022-05-16 10:01:30,985] {logging_mixin.py:115} INFO - [2022-05-16 10:01:30,985] {dag.py:2371} INFO - Sync 1 DAGs
[2022-05-16 10:01:31,013] {logging_mixin.py:115} INFO - [2022-05-16 10:01:31,013] {dag.py:2919} INFO - Setting next_dagrun for latest_only_with_trigger to 2022-05-16T06:01:31.013261+00:00, run_after=2022-05-16T10:01:31.013261+00:00
[2022-05-16 10:01:31,062] {processor.py:161} INFO - Processing /home/airflow/.local/lib/python3.7/site-packages/airflow/example_dags/example_latest_only_with_trigger.py took 0.137 seconds
[2022-05-16 10:02:01,643] {processor.py:153} INFO - Started process (PID=975) to work on /home/airflow/.local/lib/python3.7/site-packages/airflow/example_dags/example_latest_only_with_trigger.py
[2022-05-16 10:02:01,645] {processor.py:641} INFO - Processing file /home/airflow/.local/lib/python3.7/site-packages/airflow/example_dags/example_latest_only_with_trigger.py for tasks to queue
[2022-05-16 10:02:01,647] {logging_mixin.py:115} INFO - [2022-05-16 10:02:01,647] {dagbag.py:507} INFO - Filling up the DagBag from /home/airflow/.local/lib/python3.7/site-packages/airflow/example_dags/example_latest_only_with_trigger.py
[2022-05-16 10:02:01,655] {processor.py:651} INFO - DAG(s) dict_keys(['latest_only_with_trigger']) retrieved from /home/airflow/.local/lib/python3.7/site-packages/airflow/example_dags/example_latest_only_with_trigger.py
[2022-05-16 10:02:01,692] {logging_mixin.py:115} INFO - [2022-05-16 10:02:01,692] {dag.py:2371} INFO - Sync 1 DAGs
[2022-05-16 10:02:01,737] {logging_mixin.py:115} INFO - [2022-05-16 10:02:01,737] {dag.py:2919} INFO - Setting next_dagrun for latest_only_with_trigger to 2022-05-16T06:02:01.737408+00:00, run_after=2022-05-16T10:02:01.737408+00:00
[2022-05-16 10:02:01,752] {processor.py:161} INFO - Processing /home/airflow/.local/lib/python3.7/site-packages/airflow/example_dags/example_latest_only_with_trigger.py took 0.112 seconds
[2022-05-16 10:02:32,620] {processor.py:153} INFO - Started process (PID=1200) to work on /home/airflow/.local/lib/python3.7/site-packages/airflow/example_dags/example_latest_only_with_trigger.py
[2022-05-16 10:02:32,623] {processor.py:641} INFO - Processing file /home/airflow/.local/lib/python3.7/site-packages/airflow/example_dags/example_latest_only_with_trigger.py for tasks to queue
[2022-05-16 10:02:32,625] {logging_mixin.py:115} INFO - [2022-05-16 10:02:32,625] {dagbag.py:507} INFO - Filling up the DagBag from /home/airflow/.local/lib/python3.7/site-packages/airflow/example_dags/example_latest_only_with_trigger.py
[2022-05-16 10:02:32,634] {processor.py:651} INFO - DAG(s) dict_keys(['latest_only_with_trigger']) retrieved from /home/airflow/.local/lib/python3.7/site-packages/airflow/example_dags/example_latest_only_with_trigger.py
[2022-05-16 10:02:32,662] {logging_mixin.py:115} INFO - [2022-05-16 10:02:32,662] {dag.py:2371} INFO - Sync 1 DAGs
[2022-05-16 10:02:32,682] {logging_mixin.py:115} INFO - [2022-05-16 10:02:32,682] {dag.py:2919} INFO - Setting next_dagrun for latest_only_with_trigger to 2022-05-16T06:02:32.682381+00:00, run_after=2022-05-16T10:02:32.682381+00:00
[2022-05-16 10:02:32,699] {processor.py:161} INFO - Processing /home/airflow/.local/lib/python3.7/site-packages/airflow/example_dags/example_latest_only_with_trigger.py took 0.086 seconds
[2022-05-16 10:03:03,412] {processor.py:153} INFO - Started process (PID=1430) to work on /home/airflow/.local/lib/python3.7/site-packages/airflow/example_dags/example_latest_only_with_trigger.py
[2022-05-16 10:03:03,414] {processor.py:641} INFO - Processing file /home/airflow/.local/lib/python3.7/site-packages/airflow/example_dags/example_latest_only_with_trigger.py for tasks to queue
[2022-05-16 10:03:03,416] {logging_mixin.py:115} INFO - [2022-05-16 10:03:03,416] {dagbag.py:507} INFO - Filling up the DagBag from /home/airflow/.local/lib/python3.7/site-packages/airflow/example_dags/example_latest_only_with_trigger.py
[2022-05-16 10:03:03,424] {processor.py:651} INFO - DAG(s) dict_keys(['latest_only_with_trigger']) retrieved from /home/airflow/.local/lib/python3.7/site-packages/airflow/example_dags/example_latest_only_with_trigger.py
[2022-05-16 10:03:03,449] {logging_mixin.py:115} INFO - [2022-05-16 10:03:03,449] {dag.py:2371} INFO - Sync 1 DAGs
[2022-05-16 10:03:03,470] {logging_mixin.py:115} INFO - [2022-05-16 10:03:03,470] {dag.py:2919} INFO - Setting next_dagrun for latest_only_with_trigger to 2022-05-16T06:03:03.470149+00:00, run_after=2022-05-16T10:03:03.470149+00:00
[2022-05-16 10:03:03,484] {processor.py:161} INFO - Processing /home/airflow/.local/lib/python3.7/site-packages/airflow/example_dags/example_latest_only_with_trigger.py took 0.075 seconds
[2022-05-16 10:03:34,372] {processor.py:153} INFO - Started process (PID=1640) to work on /home/airflow/.local/lib/python3.7/site-packages/airflow/example_dags/example_latest_only_with_trigger.py
[2022-05-16 10:03:34,374] {processor.py:641} INFO - Processing file /home/airflow/.local/lib/python3.7/site-packages/airflow/example_dags/example_latest_only_with_trigger.py for tasks to queue
[2022-05-16 10:03:34,377] {logging_mixin.py:115} INFO - [2022-05-16 10:03:34,377] {dagbag.py:507} INFO - Filling up the DagBag from /home/airflow/.local/lib/python3.7/site-packages/airflow/example_dags/example_latest_only_with_trigger.py
[2022-05-16 10:03:34,385] {processor.py:651} INFO - DAG(s) dict_keys(['latest_only_with_trigger']) retrieved from /home/airflow/.local/lib/python3.7/site-packages/airflow/example_dags/example_latest_only_with_trigger.py
[2022-05-16 10:03:34,410] {logging_mixin.py:115} INFO - [2022-05-16 10:03:34,410] {dag.py:2371} INFO - Sync 1 DAGs
[2022-05-16 10:03:34,424] {logging_mixin.py:115} INFO - [2022-05-16 10:03:34,424] {dag.py:2919} INFO - Setting next_dagrun for latest_only_with_trigger to 2022-05-16T06:03:34.424346+00:00, run_after=2022-05-16T10:03:34.424346+00:00
[2022-05-16 10:03:34,431] {processor.py:161} INFO - Processing /home/airflow/.local/lib/python3.7/site-packages/airflow/example_dags/example_latest_only_with_trigger.py took 0.064 seconds
[2022-05-16 10:04:05,259] {processor.py:153} INFO - Started process (PID=1860) to work on /home/airflow/.local/lib/python3.7/site-packages/airflow/example_dags/example_latest_only_with_trigger.py
[2022-05-16 10:04:05,261] {processor.py:641} INFO - Processing file /home/airflow/.local/lib/python3.7/site-packages/airflow/example_dags/example_latest_only_with_trigger.py for tasks to queue
[2022-05-16 10:04:05,262] {logging_mixin.py:115} INFO - [2022-05-16 10:04:05,262] {dagbag.py:507} INFO - Filling up the DagBag from /home/airflow/.local/lib/python3.7/site-packages/airflow/example_dags/example_latest_only_with_trigger.py
[2022-05-16 10:04:05,267] {processor.py:651} INFO - DAG(s) dict_keys(['latest_only_with_trigger']) retrieved from /home/airflow/.local/lib/python3.7/site-packages/airflow/example_dags/example_latest_only_with_trigger.py
[2022-05-16 10:04:05,284] {logging_mixin.py:115} INFO - [2022-05-16 10:04:05,284] {dag.py:2371} INFO - Sync 1 DAGs
[2022-05-16 10:04:05,296] {logging_mixin.py:115} INFO - [2022-05-16 10:04:05,296] {dag.py:2919} INFO - Setting next_dagrun for latest_only_with_trigger to 2022-05-16T06:04:05.295986+00:00, run_after=2022-05-16T10:04:05.295986+00:00
[2022-05-16 10:04:05,304] {processor.py:161} INFO - Processing /home/airflow/.local/lib/python3.7/site-packages/airflow/example_dags/example_latest_only_with_trigger.py took 0.049 seconds
[2022-05-16 10:04:35,945] {processor.py:153} INFO - Started process (PID=2088) to work on /home/airflow/.local/lib/python3.7/site-packages/airflow/example_dags/example_latest_only_with_trigger.py
[2022-05-16 10:04:35,947] {processor.py:641} INFO - Processing file /home/airflow/.local/lib/python3.7/site-packages/airflow/example_dags/example_latest_only_with_trigger.py for tasks to queue
[2022-05-16 10:04:35,948] {logging_mixin.py:115} INFO - [2022-05-16 10:04:35,948] {dagbag.py:507} INFO - Filling up the DagBag from /home/airflow/.local/lib/python3.7/site-packages/airflow/example_dags/example_latest_only_with_trigger.py
[2022-05-16 10:04:35,953] {processor.py:651} INFO - DAG(s) dict_keys(['latest_only_with_trigger']) retrieved from /home/airflow/.local/lib/python3.7/site-packages/airflow/example_dags/example_latest_only_with_trigger.py
[2022-05-16 10:04:35,974] {logging_mixin.py:115} INFO - [2022-05-16 10:04:35,974] {dag.py:2371} INFO - Sync 1 DAGs
[2022-05-16 10:04:35,988] {logging_mixin.py:115} INFO - [2022-05-16 10:04:35,988] {dag.py:2919} INFO - Setting next_dagrun for latest_only_with_trigger to 2022-05-16T06:04:35.988037+00:00, run_after=2022-05-16T10:04:35.988037+00:00
[2022-05-16 10:04:35,996] {processor.py:161} INFO - Processing /home/airflow/.local/lib/python3.7/site-packages/airflow/example_dags/example_latest_only_with_trigger.py took 0.054 seconds
[2022-05-16 10:05:06,765] {processor.py:153} INFO - Started process (PID=2310) to work on /home/airflow/.local/lib/python3.7/site-packages/airflow/example_dags/example_latest_only_with_trigger.py
[2022-05-16 10:05:06,767] {processor.py:641} INFO - Processing file /home/airflow/.local/lib/python3.7/site-packages/airflow/example_dags/example_latest_only_with_trigger.py for tasks to queue
[2022-05-16 10:05:06,768] {logging_mixin.py:115} INFO - [2022-05-16 10:05:06,768] {dagbag.py:507} INFO - Filling up the DagBag from /home/airflow/.local/lib/python3.7/site-packages/airflow/example_dags/example_latest_only_with_trigger.py
[2022-05-16 10:05:06,776] {processor.py:651} INFO - DAG(s) dict_keys(['latest_only_with_trigger']) retrieved from /home/airflow/.local/lib/python3.7/site-packages/airflow/example_dags/example_latest_only_with_trigger.py
[2022-05-16 10:05:06,795] {logging_mixin.py:115} INFO - [2022-05-16 10:05:06,794] {dag.py:2371} INFO - Sync 1 DAGs
[2022-05-16 10:05:06,809] {logging_mixin.py:115} INFO - [2022-05-16 10:05:06,808] {dag.py:2919} INFO - Setting next_dagrun for latest_only_with_trigger to 2022-05-16T06:05:06.808814+00:00, run_after=2022-05-16T10:05:06.808814+00:00
[2022-05-16 10:05:06,817] {processor.py:161} INFO - Processing /home/airflow/.local/lib/python3.7/site-packages/airflow/example_dags/example_latest_only_with_trigger.py took 0.054 seconds
[2022-05-16 10:05:37,639] {processor.py:153} INFO - Started process (PID=2759) to work on /home/airflow/.local/lib/python3.7/site-packages/airflow/example_dags/example_latest_only_with_trigger.py
[2022-05-16 10:05:37,640] {processor.py:641} INFO - Processing file /home/airflow/.local/lib/python3.7/site-packages/airflow/example_dags/example_latest_only_with_trigger.py for tasks to queue
[2022-05-16 10:05:37,641] {logging_mixin.py:115} INFO - [2022-05-16 10:05:37,641] {dagbag.py:507} INFO - Filling up the DagBag from /home/airflow/.local/lib/python3.7/site-packages/airflow/example_dags/example_latest_only_with_trigger.py
[2022-05-16 10:05:37,648] {processor.py:651} INFO - DAG(s) dict_keys(['latest_only_with_trigger']) retrieved from /home/airflow/.local/lib/python3.7/site-packages/airflow/example_dags/example_latest_only_with_trigger.py
[2022-05-16 10:05:37,666] {logging_mixin.py:115} INFO - [2022-05-16 10:05:37,666] {dag.py:2371} INFO - Sync 1 DAGs
[2022-05-16 10:05:37,689] {logging_mixin.py:115} INFO - [2022-05-16 10:05:37,689] {dag.py:2919} INFO - Setting next_dagrun for latest_only_with_trigger to 2022-05-16T06:05:37.689325+00:00, run_after=2022-05-16T10:05:37.689325+00:00
[2022-05-16 10:05:37,698] {processor.py:161} INFO - Processing /home/airflow/.local/lib/python3.7/site-packages/airflow/example_dags/example_latest_only_with_trigger.py took 0.062 seconds
[2022-05-16 10:06:07,832] {processor.py:153} INFO - Started process (PID=3002) to work on /home/airflow/.local/lib/python3.7/site-packages/airflow/example_dags/example_latest_only_with_trigger.py
[2022-05-16 10:06:07,835] {processor.py:641} INFO - Processing file /home/airflow/.local/lib/python3.7/site-packages/airflow/example_dags/example_latest_only_with_trigger.py for tasks to queue
[2022-05-16 10:06:07,837] {logging_mixin.py:115} INFO - [2022-05-16 10:06:07,837] {dagbag.py:507} INFO - Filling up the DagBag from /home/airflow/.local/lib/python3.7/site-packages/airflow/example_dags/example_latest_only_with_trigger.py
[2022-05-16 10:06:07,844] {processor.py:651} INFO - DAG(s) dict_keys(['latest_only_with_trigger']) retrieved from /home/airflow/.local/lib/python3.7/site-packages/airflow/example_dags/example_latest_only_with_trigger.py
[2022-05-16 10:06:07,866] {logging_mixin.py:115} INFO - [2022-05-16 10:06:07,866] {dag.py:2371} INFO - Sync 1 DAGs
[2022-05-16 10:06:07,881] {logging_mixin.py:115} INFO - [2022-05-16 10:06:07,881] {dag.py:2919} INFO - Setting next_dagrun for latest_only_with_trigger to 2022-05-16T06:06:07.880896+00:00, run_after=2022-05-16T10:06:07.880896+00:00
[2022-05-16 10:06:07,888] {processor.py:161} INFO - Processing /home/airflow/.local/lib/python3.7/site-packages/airflow/example_dags/example_latest_only_with_trigger.py took 0.060 seconds
[2022-05-16 10:06:38,655] {processor.py:153} INFO - Started process (PID=3220) to work on /home/airflow/.local/lib/python3.7/site-packages/airflow/example_dags/example_latest_only_with_trigger.py
[2022-05-16 10:06:38,657] {processor.py:641} INFO - Processing file /home/airflow/.local/lib/python3.7/site-packages/airflow/example_dags/example_latest_only_with_trigger.py for tasks to queue
[2022-05-16 10:06:38,658] {logging_mixin.py:115} INFO - [2022-05-16 10:06:38,658] {dagbag.py:507} INFO - Filling up the DagBag from /home/airflow/.local/lib/python3.7/site-packages/airflow/example_dags/example_latest_only_with_trigger.py
[2022-05-16 10:06:38,663] {processor.py:651} INFO - DAG(s) dict_keys(['latest_only_with_trigger']) retrieved from /home/airflow/.local/lib/python3.7/site-packages/airflow/example_dags/example_latest_only_with_trigger.py
[2022-05-16 10:06:38,684] {logging_mixin.py:115} INFO - [2022-05-16 10:06:38,684] {dag.py:2371} INFO - Sync 1 DAGs
[2022-05-16 10:06:38,701] {logging_mixin.py:115} INFO - [2022-05-16 10:06:38,701] {dag.py:2919} INFO - Setting next_dagrun for latest_only_with_trigger to 2022-05-16T06:06:38.700966+00:00, run_after=2022-05-16T10:06:38.700966+00:00
[2022-05-16 10:06:38,713] {processor.py:161} INFO - Processing /home/airflow/.local/lib/python3.7/site-packages/airflow/example_dags/example_latest_only_with_trigger.py took 0.060 seconds
[2022-05-16 10:07:08,759] {processor.py:153} INFO - Started process (PID=3431) to work on /home/airflow/.local/lib/python3.7/site-packages/airflow/example_dags/example_latest_only_with_trigger.py
[2022-05-16 10:07:08,760] {processor.py:641} INFO - Processing file /home/airflow/.local/lib/python3.7/site-packages/airflow/example_dags/example_latest_only_with_trigger.py for tasks to queue
[2022-05-16 10:07:08,761] {logging_mixin.py:115} INFO - [2022-05-16 10:07:08,761] {dagbag.py:507} INFO - Filling up the DagBag from /home/airflow/.local/lib/python3.7/site-packages/airflow/example_dags/example_latest_only_with_trigger.py
[2022-05-16 10:07:08,765] {processor.py:651} INFO - DAG(s) dict_keys(['latest_only_with_trigger']) retrieved from /home/airflow/.local/lib/python3.7/site-packages/airflow/example_dags/example_latest_only_with_trigger.py
[2022-05-16 10:07:08,780] {logging_mixin.py:115} INFO - [2022-05-16 10:07:08,780] {dag.py:2371} INFO - Sync 1 DAGs
[2022-05-16 10:07:08,793] {logging_mixin.py:115} INFO - [2022-05-16 10:07:08,793] {dag.py:2919} INFO - Setting next_dagrun for latest_only_with_trigger to 2022-05-16T06:07:08.793093+00:00, run_after=2022-05-16T10:07:08.793093+00:00
[2022-05-16 10:07:08,800] {processor.py:161} INFO - Processing /home/airflow/.local/lib/python3.7/site-packages/airflow/example_dags/example_latest_only_with_trigger.py took 0.043 seconds
