[2022-05-16 10:00:59,279] {processor.py:153} INFO - Started process (PID=379) to work on /home/airflow/.local/lib/python3.7/site-packages/airflow/example_dags/example_branch_labels.py
[2022-05-16 10:00:59,283] {processor.py:641} INFO - Processing file /home/airflow/.local/lib/python3.7/site-packages/airflow/example_dags/example_branch_labels.py for tasks to queue
[2022-05-16 10:00:59,289] {logging_mixin.py:115} INFO - [2022-05-16 10:00:59,289] {dagbag.py:507} INFO - Filling up the DagBag from /home/airflow/.local/lib/python3.7/site-packages/airflow/example_dags/example_branch_labels.py
[2022-05-16 10:00:59,330] {processor.py:651} INFO - DAG(s) dict_keys(['example_branch_labels']) retrieved from /home/airflow/.local/lib/python3.7/site-packages/airflow/example_dags/example_branch_labels.py
[2022-05-16 10:00:59,410] {logging_mixin.py:115} INFO - [2022-05-16 10:00:59,410] {dag.py:2371} INFO - Sync 1 DAGs
[2022-05-16 10:00:59,442] {logging_mixin.py:115} INFO - [2022-05-16 10:00:59,442] {dag.py:2919} INFO - Setting next_dagrun for example_branch_labels to 2022-05-15T00:00:00+00:00, run_after=2022-05-16T00:00:00+00:00
[2022-05-16 10:00:59,467] {processor.py:161} INFO - Processing /home/airflow/.local/lib/python3.7/site-packages/airflow/example_dags/example_branch_labels.py took 0.196 seconds
[2022-05-16 10:01:29,681] {processor.py:153} INFO - Started process (PID=736) to work on /home/airflow/.local/lib/python3.7/site-packages/airflow/example_dags/example_branch_labels.py
[2022-05-16 10:01:29,683] {processor.py:641} INFO - Processing file /home/airflow/.local/lib/python3.7/site-packages/airflow/example_dags/example_branch_labels.py for tasks to queue
[2022-05-16 10:01:29,685] {logging_mixin.py:115} INFO - [2022-05-16 10:01:29,685] {dagbag.py:507} INFO - Filling up the DagBag from /home/airflow/.local/lib/python3.7/site-packages/airflow/example_dags/example_branch_labels.py
[2022-05-16 10:01:29,690] {processor.py:651} INFO - DAG(s) dict_keys(['example_branch_labels']) retrieved from /home/airflow/.local/lib/python3.7/site-packages/airflow/example_dags/example_branch_labels.py
[2022-05-16 10:01:29,720] {logging_mixin.py:115} INFO - [2022-05-16 10:01:29,720] {dag.py:2371} INFO - Sync 1 DAGs
[2022-05-16 10:01:29,760] {logging_mixin.py:115} INFO - [2022-05-16 10:01:29,760] {dag.py:2919} INFO - Setting next_dagrun for example_branch_labels to 2022-05-15T00:00:00+00:00, run_after=2022-05-16T00:00:00+00:00
[2022-05-16 10:01:29,776] {processor.py:161} INFO - Processing /home/airflow/.local/lib/python3.7/site-packages/airflow/example_dags/example_branch_labels.py took 0.097 seconds
[2022-05-16 10:02:00,388] {processor.py:153} INFO - Started process (PID=958) to work on /home/airflow/.local/lib/python3.7/site-packages/airflow/example_dags/example_branch_labels.py
[2022-05-16 10:02:00,390] {processor.py:641} INFO - Processing file /home/airflow/.local/lib/python3.7/site-packages/airflow/example_dags/example_branch_labels.py for tasks to queue
[2022-05-16 10:02:00,393] {logging_mixin.py:115} INFO - [2022-05-16 10:02:00,392] {dagbag.py:507} INFO - Filling up the DagBag from /home/airflow/.local/lib/python3.7/site-packages/airflow/example_dags/example_branch_labels.py
[2022-05-16 10:02:00,399] {processor.py:651} INFO - DAG(s) dict_keys(['example_branch_labels']) retrieved from /home/airflow/.local/lib/python3.7/site-packages/airflow/example_dags/example_branch_labels.py
[2022-05-16 10:02:00,450] {logging_mixin.py:115} INFO - [2022-05-16 10:02:00,450] {dag.py:2371} INFO - Sync 1 DAGs
[2022-05-16 10:02:00,482] {logging_mixin.py:115} INFO - [2022-05-16 10:02:00,482] {dag.py:2919} INFO - Setting next_dagrun for example_branch_labels to 2022-05-15T00:00:00+00:00, run_after=2022-05-16T00:00:00+00:00
[2022-05-16 10:02:00,504] {processor.py:161} INFO - Processing /home/airflow/.local/lib/python3.7/site-packages/airflow/example_dags/example_branch_labels.py took 0.122 seconds
[2022-05-16 10:02:31,291] {processor.py:153} INFO - Started process (PID=1181) to work on /home/airflow/.local/lib/python3.7/site-packages/airflow/example_dags/example_branch_labels.py
[2022-05-16 10:02:31,294] {processor.py:641} INFO - Processing file /home/airflow/.local/lib/python3.7/site-packages/airflow/example_dags/example_branch_labels.py for tasks to queue
[2022-05-16 10:02:31,295] {logging_mixin.py:115} INFO - [2022-05-16 10:02:31,295] {dagbag.py:507} INFO - Filling up the DagBag from /home/airflow/.local/lib/python3.7/site-packages/airflow/example_dags/example_branch_labels.py
[2022-05-16 10:02:31,301] {processor.py:651} INFO - DAG(s) dict_keys(['example_branch_labels']) retrieved from /home/airflow/.local/lib/python3.7/site-packages/airflow/example_dags/example_branch_labels.py
[2022-05-16 10:02:31,333] {logging_mixin.py:115} INFO - [2022-05-16 10:02:31,332] {dag.py:2371} INFO - Sync 1 DAGs
[2022-05-16 10:02:31,370] {logging_mixin.py:115} INFO - [2022-05-16 10:02:31,370] {dag.py:2919} INFO - Setting next_dagrun for example_branch_labels to 2022-05-15T00:00:00+00:00, run_after=2022-05-16T00:00:00+00:00
[2022-05-16 10:02:31,383] {processor.py:161} INFO - Processing /home/airflow/.local/lib/python3.7/site-packages/airflow/example_dags/example_branch_labels.py took 0.094 seconds
[2022-05-16 10:03:02,236] {processor.py:153} INFO - Started process (PID=1402) to work on /home/airflow/.local/lib/python3.7/site-packages/airflow/example_dags/example_branch_labels.py
[2022-05-16 10:03:02,237] {processor.py:641} INFO - Processing file /home/airflow/.local/lib/python3.7/site-packages/airflow/example_dags/example_branch_labels.py for tasks to queue
[2022-05-16 10:03:02,238] {logging_mixin.py:115} INFO - [2022-05-16 10:03:02,238] {dagbag.py:507} INFO - Filling up the DagBag from /home/airflow/.local/lib/python3.7/site-packages/airflow/example_dags/example_branch_labels.py
[2022-05-16 10:03:02,242] {processor.py:651} INFO - DAG(s) dict_keys(['example_branch_labels']) retrieved from /home/airflow/.local/lib/python3.7/site-packages/airflow/example_dags/example_branch_labels.py
[2022-05-16 10:03:02,258] {logging_mixin.py:115} INFO - [2022-05-16 10:03:02,257] {dag.py:2371} INFO - Sync 1 DAGs
[2022-05-16 10:03:02,270] {logging_mixin.py:115} INFO - [2022-05-16 10:03:02,270] {dag.py:2919} INFO - Setting next_dagrun for example_branch_labels to 2022-05-15T00:00:00+00:00, run_after=2022-05-16T00:00:00+00:00
[2022-05-16 10:03:02,276] {processor.py:161} INFO - Processing /home/airflow/.local/lib/python3.7/site-packages/airflow/example_dags/example_branch_labels.py took 0.042 seconds
[2022-05-16 10:03:33,193] {processor.py:153} INFO - Started process (PID=1622) to work on /home/airflow/.local/lib/python3.7/site-packages/airflow/example_dags/example_branch_labels.py
[2022-05-16 10:03:33,195] {processor.py:641} INFO - Processing file /home/airflow/.local/lib/python3.7/site-packages/airflow/example_dags/example_branch_labels.py for tasks to queue
[2022-05-16 10:03:33,196] {logging_mixin.py:115} INFO - [2022-05-16 10:03:33,196] {dagbag.py:507} INFO - Filling up the DagBag from /home/airflow/.local/lib/python3.7/site-packages/airflow/example_dags/example_branch_labels.py
[2022-05-16 10:03:33,200] {processor.py:651} INFO - DAG(s) dict_keys(['example_branch_labels']) retrieved from /home/airflow/.local/lib/python3.7/site-packages/airflow/example_dags/example_branch_labels.py
[2022-05-16 10:03:33,217] {logging_mixin.py:115} INFO - [2022-05-16 10:03:33,217] {dag.py:2371} INFO - Sync 1 DAGs
[2022-05-16 10:03:33,232] {logging_mixin.py:115} INFO - [2022-05-16 10:03:33,231] {dag.py:2919} INFO - Setting next_dagrun for example_branch_labels to 2022-05-15T00:00:00+00:00, run_after=2022-05-16T00:00:00+00:00
[2022-05-16 10:03:33,238] {processor.py:161} INFO - Processing /home/airflow/.local/lib/python3.7/site-packages/airflow/example_dags/example_branch_labels.py took 0.047 seconds
[2022-05-16 10:04:04,104] {processor.py:153} INFO - Started process (PID=1843) to work on /home/airflow/.local/lib/python3.7/site-packages/airflow/example_dags/example_branch_labels.py
[2022-05-16 10:04:04,106] {processor.py:641} INFO - Processing file /home/airflow/.local/lib/python3.7/site-packages/airflow/example_dags/example_branch_labels.py for tasks to queue
[2022-05-16 10:04:04,107] {logging_mixin.py:115} INFO - [2022-05-16 10:04:04,107] {dagbag.py:507} INFO - Filling up the DagBag from /home/airflow/.local/lib/python3.7/site-packages/airflow/example_dags/example_branch_labels.py
[2022-05-16 10:04:04,111] {processor.py:651} INFO - DAG(s) dict_keys(['example_branch_labels']) retrieved from /home/airflow/.local/lib/python3.7/site-packages/airflow/example_dags/example_branch_labels.py
[2022-05-16 10:04:04,125] {logging_mixin.py:115} INFO - [2022-05-16 10:04:04,125] {dag.py:2371} INFO - Sync 1 DAGs
[2022-05-16 10:04:04,138] {logging_mixin.py:115} INFO - [2022-05-16 10:04:04,138] {dag.py:2919} INFO - Setting next_dagrun for example_branch_labels to 2022-05-15T00:00:00+00:00, run_after=2022-05-16T00:00:00+00:00
[2022-05-16 10:04:04,145] {processor.py:161} INFO - Processing /home/airflow/.local/lib/python3.7/site-packages/airflow/example_dags/example_branch_labels.py took 0.042 seconds
[2022-05-16 10:04:34,779] {processor.py:153} INFO - Started process (PID=2071) to work on /home/airflow/.local/lib/python3.7/site-packages/airflow/example_dags/example_branch_labels.py
[2022-05-16 10:04:34,780] {processor.py:641} INFO - Processing file /home/airflow/.local/lib/python3.7/site-packages/airflow/example_dags/example_branch_labels.py for tasks to queue
[2022-05-16 10:04:34,781] {logging_mixin.py:115} INFO - [2022-05-16 10:04:34,781] {dagbag.py:507} INFO - Filling up the DagBag from /home/airflow/.local/lib/python3.7/site-packages/airflow/example_dags/example_branch_labels.py
[2022-05-16 10:04:34,786] {processor.py:651} INFO - DAG(s) dict_keys(['example_branch_labels']) retrieved from /home/airflow/.local/lib/python3.7/site-packages/airflow/example_dags/example_branch_labels.py
[2022-05-16 10:04:34,814] {logging_mixin.py:115} INFO - [2022-05-16 10:04:34,813] {dag.py:2371} INFO - Sync 1 DAGs
[2022-05-16 10:04:34,828] {logging_mixin.py:115} INFO - [2022-05-16 10:04:34,828] {dag.py:2919} INFO - Setting next_dagrun for example_branch_labels to 2022-05-15T00:00:00+00:00, run_after=2022-05-16T00:00:00+00:00
[2022-05-16 10:04:34,837] {processor.py:161} INFO - Processing /home/airflow/.local/lib/python3.7/site-packages/airflow/example_dags/example_branch_labels.py took 0.061 seconds
[2022-05-16 10:05:05,635] {processor.py:153} INFO - Started process (PID=2293) to work on /home/airflow/.local/lib/python3.7/site-packages/airflow/example_dags/example_branch_labels.py
[2022-05-16 10:05:05,636] {processor.py:641} INFO - Processing file /home/airflow/.local/lib/python3.7/site-packages/airflow/example_dags/example_branch_labels.py for tasks to queue
[2022-05-16 10:05:05,637] {logging_mixin.py:115} INFO - [2022-05-16 10:05:05,637] {dagbag.py:507} INFO - Filling up the DagBag from /home/airflow/.local/lib/python3.7/site-packages/airflow/example_dags/example_branch_labels.py
[2022-05-16 10:05:05,642] {processor.py:651} INFO - DAG(s) dict_keys(['example_branch_labels']) retrieved from /home/airflow/.local/lib/python3.7/site-packages/airflow/example_dags/example_branch_labels.py
[2022-05-16 10:05:05,662] {logging_mixin.py:115} INFO - [2022-05-16 10:05:05,662] {dag.py:2371} INFO - Sync 1 DAGs
[2022-05-16 10:05:05,675] {logging_mixin.py:115} INFO - [2022-05-16 10:05:05,675] {dag.py:2919} INFO - Setting next_dagrun for example_branch_labels to 2022-05-15T00:00:00+00:00, run_after=2022-05-16T00:00:00+00:00
[2022-05-16 10:05:05,683] {processor.py:161} INFO - Processing /home/airflow/.local/lib/python3.7/site-packages/airflow/example_dags/example_branch_labels.py took 0.049 seconds
[2022-05-16 10:05:36,420] {processor.py:153} INFO - Started process (PID=2742) to work on /home/airflow/.local/lib/python3.7/site-packages/airflow/example_dags/example_branch_labels.py
[2022-05-16 10:05:36,421] {processor.py:641} INFO - Processing file /home/airflow/.local/lib/python3.7/site-packages/airflow/example_dags/example_branch_labels.py for tasks to queue
[2022-05-16 10:05:36,422] {logging_mixin.py:115} INFO - [2022-05-16 10:05:36,422] {dagbag.py:507} INFO - Filling up the DagBag from /home/airflow/.local/lib/python3.7/site-packages/airflow/example_dags/example_branch_labels.py
[2022-05-16 10:05:36,427] {processor.py:651} INFO - DAG(s) dict_keys(['example_branch_labels']) retrieved from /home/airflow/.local/lib/python3.7/site-packages/airflow/example_dags/example_branch_labels.py
[2022-05-16 10:05:36,456] {logging_mixin.py:115} INFO - [2022-05-16 10:05:36,456] {dag.py:2371} INFO - Sync 1 DAGs
[2022-05-16 10:05:36,474] {logging_mixin.py:115} INFO - [2022-05-16 10:05:36,474] {dag.py:2919} INFO - Setting next_dagrun for example_branch_labels to 2022-05-15T00:00:00+00:00, run_after=2022-05-16T00:00:00+00:00
[2022-05-16 10:05:36,485] {processor.py:161} INFO - Processing /home/airflow/.local/lib/python3.7/site-packages/airflow/example_dags/example_branch_labels.py took 0.067 seconds
[2022-05-16 10:06:06,685] {processor.py:153} INFO - Started process (PID=2985) to work on /home/airflow/.local/lib/python3.7/site-packages/airflow/example_dags/example_branch_labels.py
[2022-05-16 10:06:06,686] {processor.py:641} INFO - Processing file /home/airflow/.local/lib/python3.7/site-packages/airflow/example_dags/example_branch_labels.py for tasks to queue
[2022-05-16 10:06:06,687] {logging_mixin.py:115} INFO - [2022-05-16 10:06:06,687] {dagbag.py:507} INFO - Filling up the DagBag from /home/airflow/.local/lib/python3.7/site-packages/airflow/example_dags/example_branch_labels.py
[2022-05-16 10:06:06,691] {processor.py:651} INFO - DAG(s) dict_keys(['example_branch_labels']) retrieved from /home/airflow/.local/lib/python3.7/site-packages/airflow/example_dags/example_branch_labels.py
[2022-05-16 10:06:06,709] {logging_mixin.py:115} INFO - [2022-05-16 10:06:06,709] {dag.py:2371} INFO - Sync 1 DAGs
[2022-05-16 10:06:06,724] {logging_mixin.py:115} INFO - [2022-05-16 10:06:06,724] {dag.py:2919} INFO - Setting next_dagrun for example_branch_labels to 2022-05-15T00:00:00+00:00, run_after=2022-05-16T00:00:00+00:00
[2022-05-16 10:06:06,731] {processor.py:161} INFO - Processing /home/airflow/.local/lib/python3.7/site-packages/airflow/example_dags/example_branch_labels.py took 0.048 seconds
[2022-05-16 10:06:37,525] {processor.py:153} INFO - Started process (PID=3195) to work on /home/airflow/.local/lib/python3.7/site-packages/airflow/example_dags/example_branch_labels.py
[2022-05-16 10:06:37,526] {processor.py:641} INFO - Processing file /home/airflow/.local/lib/python3.7/site-packages/airflow/example_dags/example_branch_labels.py for tasks to queue
[2022-05-16 10:06:37,528] {logging_mixin.py:115} INFO - [2022-05-16 10:06:37,528] {dagbag.py:507} INFO - Filling up the DagBag from /home/airflow/.local/lib/python3.7/site-packages/airflow/example_dags/example_branch_labels.py
[2022-05-16 10:06:37,531] {processor.py:651} INFO - DAG(s) dict_keys(['example_branch_labels']) retrieved from /home/airflow/.local/lib/python3.7/site-packages/airflow/example_dags/example_branch_labels.py
[2022-05-16 10:06:37,547] {logging_mixin.py:115} INFO - [2022-05-16 10:06:37,547] {dag.py:2371} INFO - Sync 1 DAGs
[2022-05-16 10:06:37,558] {logging_mixin.py:115} INFO - [2022-05-16 10:06:37,558] {dag.py:2919} INFO - Setting next_dagrun for example_branch_labels to 2022-05-15T00:00:00+00:00, run_after=2022-05-16T00:00:00+00:00
[2022-05-16 10:06:37,565] {processor.py:161} INFO - Processing /home/airflow/.local/lib/python3.7/site-packages/airflow/example_dags/example_branch_labels.py took 0.042 seconds
[2022-05-16 10:07:08,551] {processor.py:153} INFO - Started process (PID=3414) to work on /home/airflow/.local/lib/python3.7/site-packages/airflow/example_dags/example_branch_labels.py
[2022-05-16 10:07:08,552] {processor.py:641} INFO - Processing file /home/airflow/.local/lib/python3.7/site-packages/airflow/example_dags/example_branch_labels.py for tasks to queue
[2022-05-16 10:07:08,553] {logging_mixin.py:115} INFO - [2022-05-16 10:07:08,553] {dagbag.py:507} INFO - Filling up the DagBag from /home/airflow/.local/lib/python3.7/site-packages/airflow/example_dags/example_branch_labels.py
[2022-05-16 10:07:08,557] {processor.py:651} INFO - DAG(s) dict_keys(['example_branch_labels']) retrieved from /home/airflow/.local/lib/python3.7/site-packages/airflow/example_dags/example_branch_labels.py
[2022-05-16 10:07:08,572] {logging_mixin.py:115} INFO - [2022-05-16 10:07:08,572] {dag.py:2371} INFO - Sync 1 DAGs
[2022-05-16 10:07:08,586] {logging_mixin.py:115} INFO - [2022-05-16 10:07:08,586] {dag.py:2919} INFO - Setting next_dagrun for example_branch_labels to 2022-05-15T00:00:00+00:00, run_after=2022-05-16T00:00:00+00:00
[2022-05-16 10:07:08,592] {processor.py:161} INFO - Processing /home/airflow/.local/lib/python3.7/site-packages/airflow/example_dags/example_branch_labels.py took 0.043 seconds
