[2022-05-16 10:00:53,291] {processor.py:153} INFO - Started process (PID=206) to work on /home/airflow/.local/lib/python3.7/site-packages/airflow/example_dags/example_xcomargs.py
[2022-05-16 10:00:53,297] {processor.py:641} INFO - Processing file /home/airflow/.local/lib/python3.7/site-packages/airflow/example_dags/example_xcomargs.py for tasks to queue
[2022-05-16 10:00:53,300] {logging_mixin.py:115} INFO - [2022-05-16 10:00:53,300] {dagbag.py:507} INFO - Filling up the DagBag from /home/airflow/.local/lib/python3.7/site-packages/airflow/example_dags/example_xcomargs.py
[2022-05-16 10:00:53,454] {processor.py:651} INFO - DAG(s) dict_keys(['example_xcom_args', 'example_xcom_args_with_operators']) retrieved from /home/airflow/.local/lib/python3.7/site-packages/airflow/example_dags/example_xcomargs.py
[2022-05-16 10:00:53,738] {logging_mixin.py:115} INFO - [2022-05-16 10:00:53,738] {dag.py:2371} INFO - Sync 2 DAGs
[2022-05-16 10:00:53,797] {logging_mixin.py:115} INFO - [2022-05-16 10:00:53,797] {dag.py:2919} INFO - Setting next_dagrun for example_xcom_args to None, run_after=None
[2022-05-16 10:00:53,803] {logging_mixin.py:115} INFO - [2022-05-16 10:00:53,803] {dag.py:2919} INFO - Setting next_dagrun for example_xcom_args_with_operators to None, run_after=None
[2022-05-16 10:00:53,897] {processor.py:161} INFO - Processing /home/airflow/.local/lib/python3.7/site-packages/airflow/example_dags/example_xcomargs.py took 0.629 seconds
[2022-05-16 10:01:24,007] {processor.py:153} INFO - Started process (PID=609) to work on /home/airflow/.local/lib/python3.7/site-packages/airflow/example_dags/example_xcomargs.py
[2022-05-16 10:01:24,010] {processor.py:641} INFO - Processing file /home/airflow/.local/lib/python3.7/site-packages/airflow/example_dags/example_xcomargs.py for tasks to queue
[2022-05-16 10:01:24,011] {logging_mixin.py:115} INFO - [2022-05-16 10:01:24,011] {dagbag.py:507} INFO - Filling up the DagBag from /home/airflow/.local/lib/python3.7/site-packages/airflow/example_dags/example_xcomargs.py
[2022-05-16 10:01:24,025] {processor.py:651} INFO - DAG(s) dict_keys(['example_xcom_args', 'example_xcom_args_with_operators']) retrieved from /home/airflow/.local/lib/python3.7/site-packages/airflow/example_dags/example_xcomargs.py
[2022-05-16 10:01:24,084] {logging_mixin.py:115} INFO - [2022-05-16 10:01:24,084] {dag.py:2371} INFO - Sync 2 DAGs
[2022-05-16 10:01:24,106] {logging_mixin.py:115} INFO - [2022-05-16 10:01:24,106] {dag.py:2919} INFO - Setting next_dagrun for example_xcom_args to None, run_after=None
[2022-05-16 10:01:24,108] {logging_mixin.py:115} INFO - [2022-05-16 10:01:24,108] {dag.py:2919} INFO - Setting next_dagrun for example_xcom_args_with_operators to None, run_after=None
[2022-05-16 10:01:24,129] {processor.py:161} INFO - Processing /home/airflow/.local/lib/python3.7/site-packages/airflow/example_dags/example_xcomargs.py took 0.124 seconds
[2022-05-16 10:01:54,776] {processor.py:153} INFO - Started process (PID=823) to work on /home/airflow/.local/lib/python3.7/site-packages/airflow/example_dags/example_xcomargs.py
[2022-05-16 10:01:54,778] {processor.py:641} INFO - Processing file /home/airflow/.local/lib/python3.7/site-packages/airflow/example_dags/example_xcomargs.py for tasks to queue
[2022-05-16 10:01:54,781] {logging_mixin.py:115} INFO - [2022-05-16 10:01:54,781] {dagbag.py:507} INFO - Filling up the DagBag from /home/airflow/.local/lib/python3.7/site-packages/airflow/example_dags/example_xcomargs.py
[2022-05-16 10:01:54,802] {processor.py:651} INFO - DAG(s) dict_keys(['example_xcom_args', 'example_xcom_args_with_operators']) retrieved from /home/airflow/.local/lib/python3.7/site-packages/airflow/example_dags/example_xcomargs.py
[2022-05-16 10:01:54,870] {logging_mixin.py:115} INFO - [2022-05-16 10:01:54,869] {dag.py:2371} INFO - Sync 2 DAGs
[2022-05-16 10:01:54,926] {logging_mixin.py:115} INFO - [2022-05-16 10:01:54,925] {dag.py:2919} INFO - Setting next_dagrun for example_xcom_args to None, run_after=None
[2022-05-16 10:01:54,928] {logging_mixin.py:115} INFO - [2022-05-16 10:01:54,928] {dag.py:2919} INFO - Setting next_dagrun for example_xcom_args_with_operators to None, run_after=None
[2022-05-16 10:01:54,946] {processor.py:161} INFO - Processing /home/airflow/.local/lib/python3.7/site-packages/airflow/example_dags/example_xcomargs.py took 0.173 seconds
[2022-05-16 10:02:25,418] {processor.py:153} INFO - Started process (PID=1045) to work on /home/airflow/.local/lib/python3.7/site-packages/airflow/example_dags/example_xcomargs.py
[2022-05-16 10:02:25,422] {processor.py:641} INFO - Processing file /home/airflow/.local/lib/python3.7/site-packages/airflow/example_dags/example_xcomargs.py for tasks to queue
[2022-05-16 10:02:25,424] {logging_mixin.py:115} INFO - [2022-05-16 10:02:25,424] {dagbag.py:507} INFO - Filling up the DagBag from /home/airflow/.local/lib/python3.7/site-packages/airflow/example_dags/example_xcomargs.py
[2022-05-16 10:02:25,455] {processor.py:651} INFO - DAG(s) dict_keys(['example_xcom_args', 'example_xcom_args_with_operators']) retrieved from /home/airflow/.local/lib/python3.7/site-packages/airflow/example_dags/example_xcomargs.py
[2022-05-16 10:02:25,602] {logging_mixin.py:115} INFO - [2022-05-16 10:02:25,602] {dag.py:2371} INFO - Sync 2 DAGs
[2022-05-16 10:02:25,624] {logging_mixin.py:115} INFO - [2022-05-16 10:02:25,624] {dag.py:2919} INFO - Setting next_dagrun for example_xcom_args to None, run_after=None
[2022-05-16 10:02:25,626] {logging_mixin.py:115} INFO - [2022-05-16 10:02:25,626] {dag.py:2919} INFO - Setting next_dagrun for example_xcom_args_with_operators to None, run_after=None
[2022-05-16 10:02:25,645] {processor.py:161} INFO - Processing /home/airflow/.local/lib/python3.7/site-packages/airflow/example_dags/example_xcomargs.py took 0.230 seconds
[2022-05-16 10:02:56,262] {processor.py:153} INFO - Started process (PID=1279) to work on /home/airflow/.local/lib/python3.7/site-packages/airflow/example_dags/example_xcomargs.py
[2022-05-16 10:02:56,264] {processor.py:641} INFO - Processing file /home/airflow/.local/lib/python3.7/site-packages/airflow/example_dags/example_xcomargs.py for tasks to queue
[2022-05-16 10:02:56,266] {logging_mixin.py:115} INFO - [2022-05-16 10:02:56,266] {dagbag.py:507} INFO - Filling up the DagBag from /home/airflow/.local/lib/python3.7/site-packages/airflow/example_dags/example_xcomargs.py
[2022-05-16 10:02:56,277] {processor.py:651} INFO - DAG(s) dict_keys(['example_xcom_args', 'example_xcom_args_with_operators']) retrieved from /home/airflow/.local/lib/python3.7/site-packages/airflow/example_dags/example_xcomargs.py
[2022-05-16 10:02:56,314] {logging_mixin.py:115} INFO - [2022-05-16 10:02:56,314] {dag.py:2371} INFO - Sync 2 DAGs
[2022-05-16 10:02:56,326] {logging_mixin.py:115} INFO - [2022-05-16 10:02:56,326] {dag.py:2919} INFO - Setting next_dagrun for example_xcom_args to None, run_after=None
[2022-05-16 10:02:56,328] {logging_mixin.py:115} INFO - [2022-05-16 10:02:56,328] {dag.py:2919} INFO - Setting next_dagrun for example_xcom_args_with_operators to None, run_after=None
[2022-05-16 10:02:56,336] {processor.py:161} INFO - Processing /home/airflow/.local/lib/python3.7/site-packages/airflow/example_dags/example_xcomargs.py took 0.076 seconds
[2022-05-16 10:03:27,007] {processor.py:153} INFO - Started process (PID=1498) to work on /home/airflow/.local/lib/python3.7/site-packages/airflow/example_dags/example_xcomargs.py
[2022-05-16 10:03:27,009] {processor.py:641} INFO - Processing file /home/airflow/.local/lib/python3.7/site-packages/airflow/example_dags/example_xcomargs.py for tasks to queue
[2022-05-16 10:03:27,009] {logging_mixin.py:115} INFO - [2022-05-16 10:03:27,009] {dagbag.py:507} INFO - Filling up the DagBag from /home/airflow/.local/lib/python3.7/site-packages/airflow/example_dags/example_xcomargs.py
[2022-05-16 10:03:27,021] {processor.py:651} INFO - DAG(s) dict_keys(['example_xcom_args', 'example_xcom_args_with_operators']) retrieved from /home/airflow/.local/lib/python3.7/site-packages/airflow/example_dags/example_xcomargs.py
[2022-05-16 10:03:27,058] {logging_mixin.py:115} INFO - [2022-05-16 10:03:27,058] {dag.py:2371} INFO - Sync 2 DAGs
[2022-05-16 10:03:27,070] {logging_mixin.py:115} INFO - [2022-05-16 10:03:27,070] {dag.py:2919} INFO - Setting next_dagrun for example_xcom_args to None, run_after=None
[2022-05-16 10:03:27,071] {logging_mixin.py:115} INFO - [2022-05-16 10:03:27,071] {dag.py:2919} INFO - Setting next_dagrun for example_xcom_args_with_operators to None, run_after=None
[2022-05-16 10:03:27,078] {processor.py:161} INFO - Processing /home/airflow/.local/lib/python3.7/site-packages/airflow/example_dags/example_xcomargs.py took 0.073 seconds
[2022-05-16 10:03:57,965] {processor.py:153} INFO - Started process (PID=1720) to work on /home/airflow/.local/lib/python3.7/site-packages/airflow/example_dags/example_xcomargs.py
[2022-05-16 10:03:57,967] {processor.py:641} INFO - Processing file /home/airflow/.local/lib/python3.7/site-packages/airflow/example_dags/example_xcomargs.py for tasks to queue
[2022-05-16 10:03:57,967] {logging_mixin.py:115} INFO - [2022-05-16 10:03:57,967] {dagbag.py:507} INFO - Filling up the DagBag from /home/airflow/.local/lib/python3.7/site-packages/airflow/example_dags/example_xcomargs.py
[2022-05-16 10:03:57,977] {processor.py:651} INFO - DAG(s) dict_keys(['example_xcom_args', 'example_xcom_args_with_operators']) retrieved from /home/airflow/.local/lib/python3.7/site-packages/airflow/example_dags/example_xcomargs.py
[2022-05-16 10:03:58,012] {logging_mixin.py:115} INFO - [2022-05-16 10:03:58,012] {dag.py:2371} INFO - Sync 2 DAGs
[2022-05-16 10:03:58,024] {logging_mixin.py:115} INFO - [2022-05-16 10:03:58,024] {dag.py:2919} INFO - Setting next_dagrun for example_xcom_args to None, run_after=None
[2022-05-16 10:03:58,025] {logging_mixin.py:115} INFO - [2022-05-16 10:03:58,025] {dag.py:2919} INFO - Setting next_dagrun for example_xcom_args_with_operators to None, run_after=None
[2022-05-16 10:03:58,032] {processor.py:161} INFO - Processing /home/airflow/.local/lib/python3.7/site-packages/airflow/example_dags/example_xcomargs.py took 0.069 seconds
[2022-05-16 10:04:28,849] {processor.py:153} INFO - Started process (PID=1933) to work on /home/airflow/.local/lib/python3.7/site-packages/airflow/example_dags/example_xcomargs.py
[2022-05-16 10:04:28,850] {processor.py:641} INFO - Processing file /home/airflow/.local/lib/python3.7/site-packages/airflow/example_dags/example_xcomargs.py for tasks to queue
[2022-05-16 10:04:28,851] {logging_mixin.py:115} INFO - [2022-05-16 10:04:28,851] {dagbag.py:507} INFO - Filling up the DagBag from /home/airflow/.local/lib/python3.7/site-packages/airflow/example_dags/example_xcomargs.py
[2022-05-16 10:04:28,861] {processor.py:651} INFO - DAG(s) dict_keys(['example_xcom_args', 'example_xcom_args_with_operators']) retrieved from /home/airflow/.local/lib/python3.7/site-packages/airflow/example_dags/example_xcomargs.py
[2022-05-16 10:04:28,895] {logging_mixin.py:115} INFO - [2022-05-16 10:04:28,895] {dag.py:2371} INFO - Sync 2 DAGs
[2022-05-16 10:04:28,906] {logging_mixin.py:115} INFO - [2022-05-16 10:04:28,906] {dag.py:2919} INFO - Setting next_dagrun for example_xcom_args to None, run_after=None
[2022-05-16 10:04:28,907] {logging_mixin.py:115} INFO - [2022-05-16 10:04:28,907] {dag.py:2919} INFO - Setting next_dagrun for example_xcom_args_with_operators to None, run_after=None
[2022-05-16 10:04:28,914] {processor.py:161} INFO - Processing /home/airflow/.local/lib/python3.7/site-packages/airflow/example_dags/example_xcomargs.py took 0.068 seconds
[2022-05-16 10:04:59,482] {processor.py:153} INFO - Started process (PID=2160) to work on /home/airflow/.local/lib/python3.7/site-packages/airflow/example_dags/example_xcomargs.py
[2022-05-16 10:04:59,483] {processor.py:641} INFO - Processing file /home/airflow/.local/lib/python3.7/site-packages/airflow/example_dags/example_xcomargs.py for tasks to queue
[2022-05-16 10:04:59,484] {logging_mixin.py:115} INFO - [2022-05-16 10:04:59,484] {dagbag.py:507} INFO - Filling up the DagBag from /home/airflow/.local/lib/python3.7/site-packages/airflow/example_dags/example_xcomargs.py
[2022-05-16 10:04:59,494] {processor.py:651} INFO - DAG(s) dict_keys(['example_xcom_args', 'example_xcom_args_with_operators']) retrieved from /home/airflow/.local/lib/python3.7/site-packages/airflow/example_dags/example_xcomargs.py
[2022-05-16 10:04:59,512] {logging_mixin.py:115} INFO - [2022-05-16 10:04:59,512] {dag.py:2371} INFO - Sync 2 DAGs
[2022-05-16 10:04:59,524] {logging_mixin.py:115} INFO - [2022-05-16 10:04:59,524] {dag.py:2919} INFO - Setting next_dagrun for example_xcom_args to None, run_after=None
[2022-05-16 10:04:59,525] {logging_mixin.py:115} INFO - [2022-05-16 10:04:59,525] {dag.py:2919} INFO - Setting next_dagrun for example_xcom_args_with_operators to None, run_after=None
[2022-05-16 10:04:59,532] {processor.py:161} INFO - Processing /home/airflow/.local/lib/python3.7/site-packages/airflow/example_dags/example_xcomargs.py took 0.052 seconds
[2022-05-16 10:05:30,247] {processor.py:153} INFO - Started process (PID=2433) to work on /home/airflow/.local/lib/python3.7/site-packages/airflow/example_dags/example_xcomargs.py
[2022-05-16 10:05:30,248] {processor.py:641} INFO - Processing file /home/airflow/.local/lib/python3.7/site-packages/airflow/example_dags/example_xcomargs.py for tasks to queue
[2022-05-16 10:05:30,249] {logging_mixin.py:115} INFO - [2022-05-16 10:05:30,249] {dagbag.py:507} INFO - Filling up the DagBag from /home/airflow/.local/lib/python3.7/site-packages/airflow/example_dags/example_xcomargs.py
[2022-05-16 10:05:30,261] {processor.py:651} INFO - DAG(s) dict_keys(['example_xcom_args', 'example_xcom_args_with_operators']) retrieved from /home/airflow/.local/lib/python3.7/site-packages/airflow/example_dags/example_xcomargs.py
[2022-05-16 10:05:30,279] {logging_mixin.py:115} INFO - [2022-05-16 10:05:30,279] {dag.py:2371} INFO - Sync 2 DAGs
[2022-05-16 10:05:30,293] {logging_mixin.py:115} INFO - [2022-05-16 10:05:30,293] {dag.py:2919} INFO - Setting next_dagrun for example_xcom_args to None, run_after=None
[2022-05-16 10:05:30,294] {logging_mixin.py:115} INFO - [2022-05-16 10:05:30,294] {dag.py:2919} INFO - Setting next_dagrun for example_xcom_args_with_operators to None, run_after=None
[2022-05-16 10:05:30,301] {processor.py:161} INFO - Processing /home/airflow/.local/lib/python3.7/site-packages/airflow/example_dags/example_xcomargs.py took 0.056 seconds
[2022-05-16 10:06:01,350] {processor.py:153} INFO - Started process (PID=2850) to work on /home/airflow/.local/lib/python3.7/site-packages/airflow/example_dags/example_xcomargs.py
[2022-05-16 10:06:01,352] {processor.py:641} INFO - Processing file /home/airflow/.local/lib/python3.7/site-packages/airflow/example_dags/example_xcomargs.py for tasks to queue
[2022-05-16 10:06:01,352] {logging_mixin.py:115} INFO - [2022-05-16 10:06:01,352] {dagbag.py:507} INFO - Filling up the DagBag from /home/airflow/.local/lib/python3.7/site-packages/airflow/example_dags/example_xcomargs.py
[2022-05-16 10:06:01,362] {processor.py:651} INFO - DAG(s) dict_keys(['example_xcom_args', 'example_xcom_args_with_operators']) retrieved from /home/airflow/.local/lib/python3.7/site-packages/airflow/example_dags/example_xcomargs.py
[2022-05-16 10:06:01,396] {logging_mixin.py:115} INFO - [2022-05-16 10:06:01,395] {dag.py:2371} INFO - Sync 2 DAGs
[2022-05-16 10:06:01,406] {logging_mixin.py:115} INFO - [2022-05-16 10:06:01,406] {dag.py:2919} INFO - Setting next_dagrun for example_xcom_args to None, run_after=None
[2022-05-16 10:06:01,407] {logging_mixin.py:115} INFO - [2022-05-16 10:06:01,407] {dag.py:2919} INFO - Setting next_dagrun for example_xcom_args_with_operators to None, run_after=None
[2022-05-16 10:06:01,415] {processor.py:161} INFO - Processing /home/airflow/.local/lib/python3.7/site-packages/airflow/example_dags/example_xcomargs.py took 0.067 seconds
[2022-05-16 10:06:32,461] {processor.py:153} INFO - Started process (PID=3072) to work on /home/airflow/.local/lib/python3.7/site-packages/airflow/example_dags/example_xcomargs.py
[2022-05-16 10:06:32,462] {processor.py:641} INFO - Processing file /home/airflow/.local/lib/python3.7/site-packages/airflow/example_dags/example_xcomargs.py for tasks to queue
[2022-05-16 10:06:32,463] {logging_mixin.py:115} INFO - [2022-05-16 10:06:32,463] {dagbag.py:507} INFO - Filling up the DagBag from /home/airflow/.local/lib/python3.7/site-packages/airflow/example_dags/example_xcomargs.py
[2022-05-16 10:06:32,475] {processor.py:651} INFO - DAG(s) dict_keys(['example_xcom_args', 'example_xcom_args_with_operators']) retrieved from /home/airflow/.local/lib/python3.7/site-packages/airflow/example_dags/example_xcomargs.py
[2022-05-16 10:06:32,512] {logging_mixin.py:115} INFO - [2022-05-16 10:06:32,512] {dag.py:2371} INFO - Sync 2 DAGs
[2022-05-16 10:06:32,526] {logging_mixin.py:115} INFO - [2022-05-16 10:06:32,526] {dag.py:2919} INFO - Setting next_dagrun for example_xcom_args to None, run_after=None
[2022-05-16 10:06:32,527] {logging_mixin.py:115} INFO - [2022-05-16 10:06:32,527] {dag.py:2919} INFO - Setting next_dagrun for example_xcom_args_with_operators to None, run_after=None
[2022-05-16 10:06:32,535] {processor.py:161} INFO - Processing /home/airflow/.local/lib/python3.7/site-packages/airflow/example_dags/example_xcomargs.py took 0.076 seconds
[2022-05-16 10:07:03,356] {processor.py:153} INFO - Started process (PID=3291) to work on /home/airflow/.local/lib/python3.7/site-packages/airflow/example_dags/example_xcomargs.py
[2022-05-16 10:07:03,358] {processor.py:641} INFO - Processing file /home/airflow/.local/lib/python3.7/site-packages/airflow/example_dags/example_xcomargs.py for tasks to queue
[2022-05-16 10:07:03,359] {logging_mixin.py:115} INFO - [2022-05-16 10:07:03,358] {dagbag.py:507} INFO - Filling up the DagBag from /home/airflow/.local/lib/python3.7/site-packages/airflow/example_dags/example_xcomargs.py
[2022-05-16 10:07:03,370] {processor.py:651} INFO - DAG(s) dict_keys(['example_xcom_args', 'example_xcom_args_with_operators']) retrieved from /home/airflow/.local/lib/python3.7/site-packages/airflow/example_dags/example_xcomargs.py
[2022-05-16 10:07:03,406] {logging_mixin.py:115} INFO - [2022-05-16 10:07:03,405] {dag.py:2371} INFO - Sync 2 DAGs
[2022-05-16 10:07:03,417] {logging_mixin.py:115} INFO - [2022-05-16 10:07:03,417] {dag.py:2919} INFO - Setting next_dagrun for example_xcom_args to None, run_after=None
[2022-05-16 10:07:03,418] {logging_mixin.py:115} INFO - [2022-05-16 10:07:03,418] {dag.py:2919} INFO - Setting next_dagrun for example_xcom_args_with_operators to None, run_after=None
[2022-05-16 10:07:03,425] {processor.py:161} INFO - Processing /home/airflow/.local/lib/python3.7/site-packages/airflow/example_dags/example_xcomargs.py took 0.071 seconds
