[2022-05-16 10:01:00,036] {processor.py:153} INFO - Started process (PID=404) to work on /home/airflow/.local/lib/python3.7/site-packages/airflow/example_dags/example_branch_operator.py
[2022-05-16 10:01:00,039] {processor.py:641} INFO - Processing file /home/airflow/.local/lib/python3.7/site-packages/airflow/example_dags/example_branch_operator.py for tasks to queue
[2022-05-16 10:01:00,040] {logging_mixin.py:115} INFO - [2022-05-16 10:01:00,040] {dagbag.py:507} INFO - Filling up the DagBag from /home/airflow/.local/lib/python3.7/site-packages/airflow/example_dags/example_branch_operator.py
[2022-05-16 10:01:00,055] {processor.py:651} INFO - DAG(s) dict_keys(['example_branch_operator']) retrieved from /home/airflow/.local/lib/python3.7/site-packages/airflow/example_dags/example_branch_operator.py
[2022-05-16 10:01:00,142] {logging_mixin.py:115} INFO - [2022-05-16 10:01:00,142] {dag.py:2371} INFO - Sync 1 DAGs
[2022-05-16 10:01:00,201] {logging_mixin.py:115} INFO - [2022-05-16 10:01:00,201] {dag.py:2919} INFO - Setting next_dagrun for example_branch_operator to 2022-05-15T00:00:00+00:00, run_after=2022-05-16T00:00:00+00:00
[2022-05-16 10:01:00,228] {processor.py:161} INFO - Processing /home/airflow/.local/lib/python3.7/site-packages/airflow/example_dags/example_branch_operator.py took 0.194 seconds
[2022-05-16 10:01:31,134] {processor.py:153} INFO - Started process (PID=761) to work on /home/airflow/.local/lib/python3.7/site-packages/airflow/example_dags/example_branch_operator.py
[2022-05-16 10:01:31,135] {processor.py:641} INFO - Processing file /home/airflow/.local/lib/python3.7/site-packages/airflow/example_dags/example_branch_operator.py for tasks to queue
[2022-05-16 10:01:31,136] {logging_mixin.py:115} INFO - [2022-05-16 10:01:31,136] {dagbag.py:507} INFO - Filling up the DagBag from /home/airflow/.local/lib/python3.7/site-packages/airflow/example_dags/example_branch_operator.py
[2022-05-16 10:01:31,152] {processor.py:651} INFO - DAG(s) dict_keys(['example_branch_operator']) retrieved from /home/airflow/.local/lib/python3.7/site-packages/airflow/example_dags/example_branch_operator.py
[2022-05-16 10:01:31,199] {logging_mixin.py:115} INFO - [2022-05-16 10:01:31,199] {dag.py:2371} INFO - Sync 1 DAGs
[2022-05-16 10:01:31,256] {logging_mixin.py:115} INFO - [2022-05-16 10:01:31,256] {dag.py:2919} INFO - Setting next_dagrun for example_branch_operator to 2022-05-15T00:00:00+00:00, run_after=2022-05-16T00:00:00+00:00
[2022-05-16 10:01:31,284] {processor.py:161} INFO - Processing /home/airflow/.local/lib/python3.7/site-packages/airflow/example_dags/example_branch_operator.py took 0.152 seconds
[2022-05-16 10:02:01,793] {processor.py:153} INFO - Started process (PID=985) to work on /home/airflow/.local/lib/python3.7/site-packages/airflow/example_dags/example_branch_operator.py
[2022-05-16 10:02:01,794] {processor.py:641} INFO - Processing file /home/airflow/.local/lib/python3.7/site-packages/airflow/example_dags/example_branch_operator.py for tasks to queue
[2022-05-16 10:02:01,795] {logging_mixin.py:115} INFO - [2022-05-16 10:02:01,795] {dagbag.py:507} INFO - Filling up the DagBag from /home/airflow/.local/lib/python3.7/site-packages/airflow/example_dags/example_branch_operator.py
[2022-05-16 10:02:01,803] {processor.py:651} INFO - DAG(s) dict_keys(['example_branch_operator']) retrieved from /home/airflow/.local/lib/python3.7/site-packages/airflow/example_dags/example_branch_operator.py
[2022-05-16 10:02:01,830] {logging_mixin.py:115} INFO - [2022-05-16 10:02:01,830] {dag.py:2371} INFO - Sync 1 DAGs
[2022-05-16 10:02:01,847] {logging_mixin.py:115} INFO - [2022-05-16 10:02:01,847] {dag.py:2919} INFO - Setting next_dagrun for example_branch_operator to 2022-05-15T00:00:00+00:00, run_after=2022-05-16T00:00:00+00:00
[2022-05-16 10:02:01,870] {processor.py:161} INFO - Processing /home/airflow/.local/lib/python3.7/site-packages/airflow/example_dags/example_branch_operator.py took 0.080 seconds
[2022-05-16 10:02:32,734] {processor.py:153} INFO - Started process (PID=1208) to work on /home/airflow/.local/lib/python3.7/site-packages/airflow/example_dags/example_branch_operator.py
[2022-05-16 10:02:32,736] {processor.py:641} INFO - Processing file /home/airflow/.local/lib/python3.7/site-packages/airflow/example_dags/example_branch_operator.py for tasks to queue
[2022-05-16 10:02:32,738] {logging_mixin.py:115} INFO - [2022-05-16 10:02:32,738] {dagbag.py:507} INFO - Filling up the DagBag from /home/airflow/.local/lib/python3.7/site-packages/airflow/example_dags/example_branch_operator.py
[2022-05-16 10:02:32,747] {processor.py:651} INFO - DAG(s) dict_keys(['example_branch_operator']) retrieved from /home/airflow/.local/lib/python3.7/site-packages/airflow/example_dags/example_branch_operator.py
[2022-05-16 10:02:32,771] {logging_mixin.py:115} INFO - [2022-05-16 10:02:32,771] {dag.py:2371} INFO - Sync 1 DAGs
[2022-05-16 10:02:32,802] {logging_mixin.py:115} INFO - [2022-05-16 10:02:32,802] {dag.py:2919} INFO - Setting next_dagrun for example_branch_operator to 2022-05-15T00:00:00+00:00, run_after=2022-05-16T00:00:00+00:00
[2022-05-16 10:02:32,813] {processor.py:161} INFO - Processing /home/airflow/.local/lib/python3.7/site-packages/airflow/example_dags/example_branch_operator.py took 0.081 seconds
[2022-05-16 10:03:03,530] {processor.py:153} INFO - Started process (PID=1438) to work on /home/airflow/.local/lib/python3.7/site-packages/airflow/example_dags/example_branch_operator.py
[2022-05-16 10:03:03,534] {processor.py:641} INFO - Processing file /home/airflow/.local/lib/python3.7/site-packages/airflow/example_dags/example_branch_operator.py for tasks to queue
[2022-05-16 10:03:03,539] {logging_mixin.py:115} INFO - [2022-05-16 10:03:03,539] {dagbag.py:507} INFO - Filling up the DagBag from /home/airflow/.local/lib/python3.7/site-packages/airflow/example_dags/example_branch_operator.py
[2022-05-16 10:03:03,554] {processor.py:651} INFO - DAG(s) dict_keys(['example_branch_operator']) retrieved from /home/airflow/.local/lib/python3.7/site-packages/airflow/example_dags/example_branch_operator.py
[2022-05-16 10:03:03,596] {logging_mixin.py:115} INFO - [2022-05-16 10:03:03,596] {dag.py:2371} INFO - Sync 1 DAGs
[2022-05-16 10:03:03,629] {logging_mixin.py:115} INFO - [2022-05-16 10:03:03,628] {dag.py:2919} INFO - Setting next_dagrun for example_branch_operator to 2022-05-15T00:00:00+00:00, run_after=2022-05-16T00:00:00+00:00
[2022-05-16 10:03:03,649] {processor.py:161} INFO - Processing /home/airflow/.local/lib/python3.7/site-packages/airflow/example_dags/example_branch_operator.py took 0.122 seconds
[2022-05-16 10:03:34,452] {processor.py:153} INFO - Started process (PID=1650) to work on /home/airflow/.local/lib/python3.7/site-packages/airflow/example_dags/example_branch_operator.py
[2022-05-16 10:03:34,453] {processor.py:641} INFO - Processing file /home/airflow/.local/lib/python3.7/site-packages/airflow/example_dags/example_branch_operator.py for tasks to queue
[2022-05-16 10:03:34,454] {logging_mixin.py:115} INFO - [2022-05-16 10:03:34,454] {dagbag.py:507} INFO - Filling up the DagBag from /home/airflow/.local/lib/python3.7/site-packages/airflow/example_dags/example_branch_operator.py
[2022-05-16 10:03:34,461] {processor.py:651} INFO - DAG(s) dict_keys(['example_branch_operator']) retrieved from /home/airflow/.local/lib/python3.7/site-packages/airflow/example_dags/example_branch_operator.py
[2022-05-16 10:03:34,478] {logging_mixin.py:115} INFO - [2022-05-16 10:03:34,478] {dag.py:2371} INFO - Sync 1 DAGs
[2022-05-16 10:03:34,494] {logging_mixin.py:115} INFO - [2022-05-16 10:03:34,494] {dag.py:2919} INFO - Setting next_dagrun for example_branch_operator to 2022-05-15T00:00:00+00:00, run_after=2022-05-16T00:00:00+00:00
[2022-05-16 10:03:34,501] {processor.py:161} INFO - Processing /home/airflow/.local/lib/python3.7/site-packages/airflow/example_dags/example_branch_operator.py took 0.051 seconds
[2022-05-16 10:04:05,325] {processor.py:153} INFO - Started process (PID=1870) to work on /home/airflow/.local/lib/python3.7/site-packages/airflow/example_dags/example_branch_operator.py
[2022-05-16 10:04:05,326] {processor.py:641} INFO - Processing file /home/airflow/.local/lib/python3.7/site-packages/airflow/example_dags/example_branch_operator.py for tasks to queue
[2022-05-16 10:04:05,327] {logging_mixin.py:115} INFO - [2022-05-16 10:04:05,327] {dagbag.py:507} INFO - Filling up the DagBag from /home/airflow/.local/lib/python3.7/site-packages/airflow/example_dags/example_branch_operator.py
[2022-05-16 10:04:05,334] {processor.py:651} INFO - DAG(s) dict_keys(['example_branch_operator']) retrieved from /home/airflow/.local/lib/python3.7/site-packages/airflow/example_dags/example_branch_operator.py
[2022-05-16 10:04:05,351] {logging_mixin.py:115} INFO - [2022-05-16 10:04:05,351] {dag.py:2371} INFO - Sync 1 DAGs
[2022-05-16 10:04:05,365] {logging_mixin.py:115} INFO - [2022-05-16 10:04:05,365] {dag.py:2919} INFO - Setting next_dagrun for example_branch_operator to 2022-05-15T00:00:00+00:00, run_after=2022-05-16T00:00:00+00:00
[2022-05-16 10:04:05,372] {processor.py:161} INFO - Processing /home/airflow/.local/lib/python3.7/site-packages/airflow/example_dags/example_branch_operator.py took 0.049 seconds
[2022-05-16 10:04:36,019] {processor.py:153} INFO - Started process (PID=2098) to work on /home/airflow/.local/lib/python3.7/site-packages/airflow/example_dags/example_branch_operator.py
[2022-05-16 10:04:36,020] {processor.py:641} INFO - Processing file /home/airflow/.local/lib/python3.7/site-packages/airflow/example_dags/example_branch_operator.py for tasks to queue
[2022-05-16 10:04:36,021] {logging_mixin.py:115} INFO - [2022-05-16 10:04:36,021] {dagbag.py:507} INFO - Filling up the DagBag from /home/airflow/.local/lib/python3.7/site-packages/airflow/example_dags/example_branch_operator.py
[2022-05-16 10:04:36,029] {processor.py:651} INFO - DAG(s) dict_keys(['example_branch_operator']) retrieved from /home/airflow/.local/lib/python3.7/site-packages/airflow/example_dags/example_branch_operator.py
[2022-05-16 10:04:36,048] {logging_mixin.py:115} INFO - [2022-05-16 10:04:36,048] {dag.py:2371} INFO - Sync 1 DAGs
[2022-05-16 10:04:36,064] {logging_mixin.py:115} INFO - [2022-05-16 10:04:36,064] {dag.py:2919} INFO - Setting next_dagrun for example_branch_operator to 2022-05-15T00:00:00+00:00, run_after=2022-05-16T00:00:00+00:00
[2022-05-16 10:04:36,071] {processor.py:161} INFO - Processing /home/airflow/.local/lib/python3.7/site-packages/airflow/example_dags/example_branch_operator.py took 0.055 seconds
[2022-05-16 10:05:06,837] {processor.py:153} INFO - Started process (PID=2320) to work on /home/airflow/.local/lib/python3.7/site-packages/airflow/example_dags/example_branch_operator.py
[2022-05-16 10:05:06,839] {processor.py:641} INFO - Processing file /home/airflow/.local/lib/python3.7/site-packages/airflow/example_dags/example_branch_operator.py for tasks to queue
[2022-05-16 10:05:06,841] {logging_mixin.py:115} INFO - [2022-05-16 10:05:06,840] {dagbag.py:507} INFO - Filling up the DagBag from /home/airflow/.local/lib/python3.7/site-packages/airflow/example_dags/example_branch_operator.py
[2022-05-16 10:05:06,848] {processor.py:651} INFO - DAG(s) dict_keys(['example_branch_operator']) retrieved from /home/airflow/.local/lib/python3.7/site-packages/airflow/example_dags/example_branch_operator.py
[2022-05-16 10:05:06,864] {logging_mixin.py:115} INFO - [2022-05-16 10:05:06,864] {dag.py:2371} INFO - Sync 1 DAGs
[2022-05-16 10:05:06,890] {logging_mixin.py:115} INFO - [2022-05-16 10:05:06,890] {dag.py:2919} INFO - Setting next_dagrun for example_branch_operator to 2022-05-15T00:00:00+00:00, run_after=2022-05-16T00:00:00+00:00
[2022-05-16 10:05:06,899] {processor.py:161} INFO - Processing /home/airflow/.local/lib/python3.7/site-packages/airflow/example_dags/example_branch_operator.py took 0.064 seconds
[2022-05-16 10:05:37,724] {processor.py:153} INFO - Started process (PID=2769) to work on /home/airflow/.local/lib/python3.7/site-packages/airflow/example_dags/example_branch_operator.py
[2022-05-16 10:05:37,726] {processor.py:641} INFO - Processing file /home/airflow/.local/lib/python3.7/site-packages/airflow/example_dags/example_branch_operator.py for tasks to queue
[2022-05-16 10:05:37,727] {logging_mixin.py:115} INFO - [2022-05-16 10:05:37,727] {dagbag.py:507} INFO - Filling up the DagBag from /home/airflow/.local/lib/python3.7/site-packages/airflow/example_dags/example_branch_operator.py
[2022-05-16 10:05:37,737] {processor.py:651} INFO - DAG(s) dict_keys(['example_branch_operator']) retrieved from /home/airflow/.local/lib/python3.7/site-packages/airflow/example_dags/example_branch_operator.py
[2022-05-16 10:05:37,765] {logging_mixin.py:115} INFO - [2022-05-16 10:05:37,765] {dag.py:2371} INFO - Sync 1 DAGs
[2022-05-16 10:05:37,787] {logging_mixin.py:115} INFO - [2022-05-16 10:05:37,787] {dag.py:2919} INFO - Setting next_dagrun for example_branch_operator to 2022-05-15T00:00:00+00:00, run_after=2022-05-16T00:00:00+00:00
[2022-05-16 10:05:37,798] {processor.py:161} INFO - Processing /home/airflow/.local/lib/python3.7/site-packages/airflow/example_dags/example_branch_operator.py took 0.076 seconds
[2022-05-16 10:06:07,926] {processor.py:153} INFO - Started process (PID=3015) to work on /home/airflow/.local/lib/python3.7/site-packages/airflow/example_dags/example_branch_operator.py
[2022-05-16 10:06:07,928] {processor.py:641} INFO - Processing file /home/airflow/.local/lib/python3.7/site-packages/airflow/example_dags/example_branch_operator.py for tasks to queue
[2022-05-16 10:06:07,929] {logging_mixin.py:115} INFO - [2022-05-16 10:06:07,928] {dagbag.py:507} INFO - Filling up the DagBag from /home/airflow/.local/lib/python3.7/site-packages/airflow/example_dags/example_branch_operator.py
[2022-05-16 10:06:07,936] {processor.py:651} INFO - DAG(s) dict_keys(['example_branch_operator']) retrieved from /home/airflow/.local/lib/python3.7/site-packages/airflow/example_dags/example_branch_operator.py
[2022-05-16 10:06:07,953] {logging_mixin.py:115} INFO - [2022-05-16 10:06:07,953] {dag.py:2371} INFO - Sync 1 DAGs
[2022-05-16 10:06:07,966] {logging_mixin.py:115} INFO - [2022-05-16 10:06:07,966] {dag.py:2919} INFO - Setting next_dagrun for example_branch_operator to 2022-05-15T00:00:00+00:00, run_after=2022-05-16T00:00:00+00:00
[2022-05-16 10:06:07,985] {processor.py:161} INFO - Processing /home/airflow/.local/lib/python3.7/site-packages/airflow/example_dags/example_branch_operator.py took 0.062 seconds
[2022-05-16 10:06:38,741] {processor.py:153} INFO - Started process (PID=3230) to work on /home/airflow/.local/lib/python3.7/site-packages/airflow/example_dags/example_branch_operator.py
[2022-05-16 10:06:38,743] {processor.py:641} INFO - Processing file /home/airflow/.local/lib/python3.7/site-packages/airflow/example_dags/example_branch_operator.py for tasks to queue
[2022-05-16 10:06:38,744] {logging_mixin.py:115} INFO - [2022-05-16 10:06:38,744] {dagbag.py:507} INFO - Filling up the DagBag from /home/airflow/.local/lib/python3.7/site-packages/airflow/example_dags/example_branch_operator.py
[2022-05-16 10:06:38,752] {processor.py:651} INFO - DAG(s) dict_keys(['example_branch_operator']) retrieved from /home/airflow/.local/lib/python3.7/site-packages/airflow/example_dags/example_branch_operator.py
[2022-05-16 10:06:38,777] {logging_mixin.py:115} INFO - [2022-05-16 10:06:38,777] {dag.py:2371} INFO - Sync 1 DAGs
[2022-05-16 10:06:38,794] {logging_mixin.py:115} INFO - [2022-05-16 10:06:38,794] {dag.py:2919} INFO - Setting next_dagrun for example_branch_operator to 2022-05-15T00:00:00+00:00, run_after=2022-05-16T00:00:00+00:00
[2022-05-16 10:06:38,803] {processor.py:161} INFO - Processing /home/airflow/.local/lib/python3.7/site-packages/airflow/example_dags/example_branch_operator.py took 0.064 seconds
[2022-05-16 10:07:08,830] {processor.py:153} INFO - Started process (PID=3441) to work on /home/airflow/.local/lib/python3.7/site-packages/airflow/example_dags/example_branch_operator.py
[2022-05-16 10:07:08,831] {processor.py:641} INFO - Processing file /home/airflow/.local/lib/python3.7/site-packages/airflow/example_dags/example_branch_operator.py for tasks to queue
[2022-05-16 10:07:08,832] {logging_mixin.py:115} INFO - [2022-05-16 10:07:08,832] {dagbag.py:507} INFO - Filling up the DagBag from /home/airflow/.local/lib/python3.7/site-packages/airflow/example_dags/example_branch_operator.py
[2022-05-16 10:07:08,838] {processor.py:651} INFO - DAG(s) dict_keys(['example_branch_operator']) retrieved from /home/airflow/.local/lib/python3.7/site-packages/airflow/example_dags/example_branch_operator.py
[2022-05-16 10:07:08,853] {logging_mixin.py:115} INFO - [2022-05-16 10:07:08,852] {dag.py:2371} INFO - Sync 1 DAGs
[2022-05-16 10:07:08,864] {logging_mixin.py:115} INFO - [2022-05-16 10:07:08,864] {dag.py:2919} INFO - Setting next_dagrun for example_branch_operator to 2022-05-15T00:00:00+00:00, run_after=2022-05-16T00:00:00+00:00
[2022-05-16 10:07:08,870] {processor.py:161} INFO - Processing /home/airflow/.local/lib/python3.7/site-packages/airflow/example_dags/example_branch_operator.py took 0.042 seconds
