[2022-05-16 10:00:59,401] {processor.py:153} INFO - Started process (PID=384) to work on /home/airflow/.local/lib/python3.7/site-packages/airflow/example_dags/example_subdag_operator.py
[2022-05-16 10:00:59,406] {processor.py:641} INFO - Processing file /home/airflow/.local/lib/python3.7/site-packages/airflow/example_dags/example_subdag_operator.py for tasks to queue
[2022-05-16 10:00:59,408] {logging_mixin.py:115} INFO - [2022-05-16 10:00:59,408] {dagbag.py:507} INFO - Filling up the DagBag from /home/airflow/.local/lib/python3.7/site-packages/airflow/example_dags/example_subdag_operator.py
[2022-05-16 10:00:59,456] {processor.py:651} INFO - DAG(s) dict_keys(['example_subdag_operator.section-1', 'example_subdag_operator.section-2', 'example_subdag_operator']) retrieved from /home/airflow/.local/lib/python3.7/site-packages/airflow/example_dags/example_subdag_operator.py
[2022-05-16 10:00:59,651] {logging_mixin.py:115} INFO - [2022-05-16 10:00:59,651] {dag.py:2371} INFO - Sync 3 DAGs
[2022-05-16 10:00:59,690] {logging_mixin.py:115} INFO - [2022-05-16 10:00:59,689] {dag.py:2919} INFO - Setting next_dagrun for example_subdag_operator to 2022-05-14T00:00:00+00:00, run_after=2022-05-14T00:00:00+00:00
[2022-05-16 10:00:59,698] {logging_mixin.py:115} INFO - [2022-05-16 10:00:59,698] {dag.py:2919} INFO - Setting next_dagrun for example_subdag_operator.section-1 to None, run_after=None
[2022-05-16 10:00:59,702] {logging_mixin.py:115} INFO - [2022-05-16 10:00:59,701] {dag.py:2919} INFO - Setting next_dagrun for example_subdag_operator.section-2 to None, run_after=None
[2022-05-16 10:00:59,720] {logging_mixin.py:115} INFO - [2022-05-16 10:00:59,720] {dag.py:2371} INFO - Sync 2 DAGs
[2022-05-16 10:00:59,724] {logging_mixin.py:115} INFO - [2022-05-16 10:00:59,724] {dag.py:2919} INFO - Setting next_dagrun for example_subdag_operator.section-1 to None, run_after=None
[2022-05-16 10:00:59,729] {logging_mixin.py:115} INFO - [2022-05-16 10:00:59,729] {dag.py:2919} INFO - Setting next_dagrun for example_subdag_operator.section-2 to None, run_after=None
[2022-05-16 10:00:59,739] {processor.py:161} INFO - Processing /home/airflow/.local/lib/python3.7/site-packages/airflow/example_dags/example_subdag_operator.py took 0.344 seconds
[2022-05-16 10:01:29,812] {processor.py:153} INFO - Started process (PID=743) to work on /home/airflow/.local/lib/python3.7/site-packages/airflow/example_dags/example_subdag_operator.py
[2022-05-16 10:01:29,813] {processor.py:641} INFO - Processing file /home/airflow/.local/lib/python3.7/site-packages/airflow/example_dags/example_subdag_operator.py for tasks to queue
[2022-05-16 10:01:29,815] {logging_mixin.py:115} INFO - [2022-05-16 10:01:29,815] {dagbag.py:507} INFO - Filling up the DagBag from /home/airflow/.local/lib/python3.7/site-packages/airflow/example_dags/example_subdag_operator.py
[2022-05-16 10:01:29,837] {processor.py:651} INFO - DAG(s) dict_keys(['example_subdag_operator.section-1', 'example_subdag_operator.section-2', 'example_subdag_operator']) retrieved from /home/airflow/.local/lib/python3.7/site-packages/airflow/example_dags/example_subdag_operator.py
[2022-05-16 10:01:29,861] {logging_mixin.py:115} INFO - [2022-05-16 10:01:29,860] {dag.py:2371} INFO - Sync 3 DAGs
[2022-05-16 10:01:29,895] {logging_mixin.py:115} INFO - [2022-05-16 10:01:29,895] {dag.py:2919} INFO - Setting next_dagrun for example_subdag_operator to 2022-05-14T00:00:00+00:00, run_after=2022-05-14T00:00:00+00:00
[2022-05-16 10:01:29,896] {logging_mixin.py:115} INFO - [2022-05-16 10:01:29,896] {dag.py:2919} INFO - Setting next_dagrun for example_subdag_operator.section-1 to None, run_after=None
[2022-05-16 10:01:29,897] {logging_mixin.py:115} INFO - [2022-05-16 10:01:29,897] {dag.py:2919} INFO - Setting next_dagrun for example_subdag_operator.section-2 to None, run_after=None
[2022-05-16 10:01:29,902] {logging_mixin.py:115} INFO - [2022-05-16 10:01:29,902] {dag.py:2371} INFO - Sync 2 DAGs
[2022-05-16 10:01:29,907] {logging_mixin.py:115} INFO - [2022-05-16 10:01:29,907] {dag.py:2919} INFO - Setting next_dagrun for example_subdag_operator.section-1 to None, run_after=None
[2022-05-16 10:01:29,909] {logging_mixin.py:115} INFO - [2022-05-16 10:01:29,909] {dag.py:2919} INFO - Setting next_dagrun for example_subdag_operator.section-2 to None, run_after=None
[2022-05-16 10:01:29,915] {processor.py:161} INFO - Processing /home/airflow/.local/lib/python3.7/site-packages/airflow/example_dags/example_subdag_operator.py took 0.106 seconds
[2022-05-16 10:02:00,439] {processor.py:153} INFO - Started process (PID=963) to work on /home/airflow/.local/lib/python3.7/site-packages/airflow/example_dags/example_subdag_operator.py
[2022-05-16 10:02:00,442] {processor.py:641} INFO - Processing file /home/airflow/.local/lib/python3.7/site-packages/airflow/example_dags/example_subdag_operator.py for tasks to queue
[2022-05-16 10:02:00,444] {logging_mixin.py:115} INFO - [2022-05-16 10:02:00,444] {dagbag.py:507} INFO - Filling up the DagBag from /home/airflow/.local/lib/python3.7/site-packages/airflow/example_dags/example_subdag_operator.py
[2022-05-16 10:02:00,479] {processor.py:651} INFO - DAG(s) dict_keys(['example_subdag_operator.section-1', 'example_subdag_operator.section-2', 'example_subdag_operator']) retrieved from /home/airflow/.local/lib/python3.7/site-packages/airflow/example_dags/example_subdag_operator.py
[2022-05-16 10:02:00,526] {logging_mixin.py:115} INFO - [2022-05-16 10:02:00,526] {dag.py:2371} INFO - Sync 3 DAGs
[2022-05-16 10:02:00,577] {logging_mixin.py:115} INFO - [2022-05-16 10:02:00,577] {dag.py:2919} INFO - Setting next_dagrun for example_subdag_operator to 2022-05-14T00:00:00+00:00, run_after=2022-05-14T00:00:00+00:00
[2022-05-16 10:02:00,578] {logging_mixin.py:115} INFO - [2022-05-16 10:02:00,578] {dag.py:2919} INFO - Setting next_dagrun for example_subdag_operator.section-1 to None, run_after=None
[2022-05-16 10:02:00,581] {logging_mixin.py:115} INFO - [2022-05-16 10:02:00,581] {dag.py:2919} INFO - Setting next_dagrun for example_subdag_operator.section-2 to None, run_after=None
[2022-05-16 10:02:00,587] {logging_mixin.py:115} INFO - [2022-05-16 10:02:00,587] {dag.py:2371} INFO - Sync 2 DAGs
[2022-05-16 10:02:00,593] {logging_mixin.py:115} INFO - [2022-05-16 10:02:00,593] {dag.py:2919} INFO - Setting next_dagrun for example_subdag_operator.section-1 to None, run_after=None
[2022-05-16 10:02:00,594] {logging_mixin.py:115} INFO - [2022-05-16 10:02:00,594] {dag.py:2919} INFO - Setting next_dagrun for example_subdag_operator.section-2 to None, run_after=None
[2022-05-16 10:02:00,602] {processor.py:161} INFO - Processing /home/airflow/.local/lib/python3.7/site-packages/airflow/example_dags/example_subdag_operator.py took 0.167 seconds
[2022-05-16 10:02:31,416] {processor.py:153} INFO - Started process (PID=1188) to work on /home/airflow/.local/lib/python3.7/site-packages/airflow/example_dags/example_subdag_operator.py
[2022-05-16 10:02:31,419] {processor.py:641} INFO - Processing file /home/airflow/.local/lib/python3.7/site-packages/airflow/example_dags/example_subdag_operator.py for tasks to queue
[2022-05-16 10:02:31,420] {logging_mixin.py:115} INFO - [2022-05-16 10:02:31,420] {dagbag.py:507} INFO - Filling up the DagBag from /home/airflow/.local/lib/python3.7/site-packages/airflow/example_dags/example_subdag_operator.py
[2022-05-16 10:02:31,456] {processor.py:651} INFO - DAG(s) dict_keys(['example_subdag_operator.section-1', 'example_subdag_operator.section-2', 'example_subdag_operator']) retrieved from /home/airflow/.local/lib/python3.7/site-packages/airflow/example_dags/example_subdag_operator.py
[2022-05-16 10:02:31,525] {logging_mixin.py:115} INFO - [2022-05-16 10:02:31,525] {dag.py:2371} INFO - Sync 3 DAGs
[2022-05-16 10:02:31,566] {logging_mixin.py:115} INFO - [2022-05-16 10:02:31,566] {dag.py:2919} INFO - Setting next_dagrun for example_subdag_operator to 2022-05-14T00:00:00+00:00, run_after=2022-05-14T00:00:00+00:00
[2022-05-16 10:02:31,569] {logging_mixin.py:115} INFO - [2022-05-16 10:02:31,568] {dag.py:2919} INFO - Setting next_dagrun for example_subdag_operator.section-1 to None, run_after=None
[2022-05-16 10:02:31,570] {logging_mixin.py:115} INFO - [2022-05-16 10:02:31,570] {dag.py:2919} INFO - Setting next_dagrun for example_subdag_operator.section-2 to None, run_after=None
[2022-05-16 10:02:31,585] {logging_mixin.py:115} INFO - [2022-05-16 10:02:31,585] {dag.py:2371} INFO - Sync 2 DAGs
[2022-05-16 10:02:31,592] {logging_mixin.py:115} INFO - [2022-05-16 10:02:31,592] {dag.py:2919} INFO - Setting next_dagrun for example_subdag_operator.section-1 to None, run_after=None
[2022-05-16 10:02:31,593] {logging_mixin.py:115} INFO - [2022-05-16 10:02:31,593] {dag.py:2919} INFO - Setting next_dagrun for example_subdag_operator.section-2 to None, run_after=None
[2022-05-16 10:02:31,603] {processor.py:161} INFO - Processing /home/airflow/.local/lib/python3.7/site-packages/airflow/example_dags/example_subdag_operator.py took 0.191 seconds
[2022-05-16 10:03:02,296] {processor.py:153} INFO - Started process (PID=1409) to work on /home/airflow/.local/lib/python3.7/site-packages/airflow/example_dags/example_subdag_operator.py
[2022-05-16 10:03:02,298] {processor.py:641} INFO - Processing file /home/airflow/.local/lib/python3.7/site-packages/airflow/example_dags/example_subdag_operator.py for tasks to queue
[2022-05-16 10:03:02,298] {logging_mixin.py:115} INFO - [2022-05-16 10:03:02,298] {dagbag.py:507} INFO - Filling up the DagBag from /home/airflow/.local/lib/python3.7/site-packages/airflow/example_dags/example_subdag_operator.py
[2022-05-16 10:03:02,312] {processor.py:651} INFO - DAG(s) dict_keys(['example_subdag_operator.section-1', 'example_subdag_operator.section-2', 'example_subdag_operator']) retrieved from /home/airflow/.local/lib/python3.7/site-packages/airflow/example_dags/example_subdag_operator.py
[2022-05-16 10:03:02,329] {logging_mixin.py:115} INFO - [2022-05-16 10:03:02,329] {dag.py:2371} INFO - Sync 3 DAGs
[2022-05-16 10:03:02,340] {logging_mixin.py:115} INFO - [2022-05-16 10:03:02,340] {dag.py:2919} INFO - Setting next_dagrun for example_subdag_operator to 2022-05-14T00:00:00+00:00, run_after=2022-05-14T00:00:00+00:00
[2022-05-16 10:03:02,341] {logging_mixin.py:115} INFO - [2022-05-16 10:03:02,341] {dag.py:2919} INFO - Setting next_dagrun for example_subdag_operator.section-1 to None, run_after=None
[2022-05-16 10:03:02,342] {logging_mixin.py:115} INFO - [2022-05-16 10:03:02,342] {dag.py:2919} INFO - Setting next_dagrun for example_subdag_operator.section-2 to None, run_after=None
[2022-05-16 10:03:02,346] {logging_mixin.py:115} INFO - [2022-05-16 10:03:02,346] {dag.py:2371} INFO - Sync 2 DAGs
[2022-05-16 10:03:02,349] {logging_mixin.py:115} INFO - [2022-05-16 10:03:02,349] {dag.py:2919} INFO - Setting next_dagrun for example_subdag_operator.section-1 to None, run_after=None
[2022-05-16 10:03:02,350] {logging_mixin.py:115} INFO - [2022-05-16 10:03:02,350] {dag.py:2919} INFO - Setting next_dagrun for example_subdag_operator.section-2 to None, run_after=None
[2022-05-16 10:03:02,354] {processor.py:161} INFO - Processing /home/airflow/.local/lib/python3.7/site-packages/airflow/example_dags/example_subdag_operator.py took 0.060 seconds
[2022-05-16 10:03:33,257] {processor.py:153} INFO - Started process (PID=1630) to work on /home/airflow/.local/lib/python3.7/site-packages/airflow/example_dags/example_subdag_operator.py
[2022-05-16 10:03:33,258] {processor.py:641} INFO - Processing file /home/airflow/.local/lib/python3.7/site-packages/airflow/example_dags/example_subdag_operator.py for tasks to queue
[2022-05-16 10:03:33,259] {logging_mixin.py:115} INFO - [2022-05-16 10:03:33,259] {dagbag.py:507} INFO - Filling up the DagBag from /home/airflow/.local/lib/python3.7/site-packages/airflow/example_dags/example_subdag_operator.py
[2022-05-16 10:03:33,275] {processor.py:651} INFO - DAG(s) dict_keys(['example_subdag_operator.section-1', 'example_subdag_operator.section-2', 'example_subdag_operator']) retrieved from /home/airflow/.local/lib/python3.7/site-packages/airflow/example_dags/example_subdag_operator.py
[2022-05-16 10:03:33,293] {logging_mixin.py:115} INFO - [2022-05-16 10:03:33,293] {dag.py:2371} INFO - Sync 3 DAGs
[2022-05-16 10:03:33,304] {logging_mixin.py:115} INFO - [2022-05-16 10:03:33,304] {dag.py:2919} INFO - Setting next_dagrun for example_subdag_operator to 2022-05-14T00:00:00+00:00, run_after=2022-05-14T00:00:00+00:00
[2022-05-16 10:03:33,306] {logging_mixin.py:115} INFO - [2022-05-16 10:03:33,306] {dag.py:2919} INFO - Setting next_dagrun for example_subdag_operator.section-1 to None, run_after=None
[2022-05-16 10:03:33,307] {logging_mixin.py:115} INFO - [2022-05-16 10:03:33,307] {dag.py:2919} INFO - Setting next_dagrun for example_subdag_operator.section-2 to None, run_after=None
[2022-05-16 10:03:33,310] {logging_mixin.py:115} INFO - [2022-05-16 10:03:33,310] {dag.py:2371} INFO - Sync 2 DAGs
[2022-05-16 10:03:33,313] {logging_mixin.py:115} INFO - [2022-05-16 10:03:33,313] {dag.py:2919} INFO - Setting next_dagrun for example_subdag_operator.section-1 to None, run_after=None
[2022-05-16 10:03:33,314] {logging_mixin.py:115} INFO - [2022-05-16 10:03:33,314] {dag.py:2919} INFO - Setting next_dagrun for example_subdag_operator.section-2 to None, run_after=None
[2022-05-16 10:03:33,319] {processor.py:161} INFO - Processing /home/airflow/.local/lib/python3.7/site-packages/airflow/example_dags/example_subdag_operator.py took 0.063 seconds
[2022-05-16 10:04:04,167] {processor.py:153} INFO - Started process (PID=1850) to work on /home/airflow/.local/lib/python3.7/site-packages/airflow/example_dags/example_subdag_operator.py
[2022-05-16 10:04:04,168] {processor.py:641} INFO - Processing file /home/airflow/.local/lib/python3.7/site-packages/airflow/example_dags/example_subdag_operator.py for tasks to queue
[2022-05-16 10:04:04,169] {logging_mixin.py:115} INFO - [2022-05-16 10:04:04,169] {dagbag.py:507} INFO - Filling up the DagBag from /home/airflow/.local/lib/python3.7/site-packages/airflow/example_dags/example_subdag_operator.py
[2022-05-16 10:04:04,185] {processor.py:651} INFO - DAG(s) dict_keys(['example_subdag_operator.section-1', 'example_subdag_operator.section-2', 'example_subdag_operator']) retrieved from /home/airflow/.local/lib/python3.7/site-packages/airflow/example_dags/example_subdag_operator.py
[2022-05-16 10:04:04,201] {logging_mixin.py:115} INFO - [2022-05-16 10:04:04,201] {dag.py:2371} INFO - Sync 3 DAGs
[2022-05-16 10:04:04,212] {logging_mixin.py:115} INFO - [2022-05-16 10:04:04,212] {dag.py:2919} INFO - Setting next_dagrun for example_subdag_operator to 2022-05-14T00:00:00+00:00, run_after=2022-05-14T00:00:00+00:00
[2022-05-16 10:04:04,213] {logging_mixin.py:115} INFO - [2022-05-16 10:04:04,213] {dag.py:2919} INFO - Setting next_dagrun for example_subdag_operator.section-1 to None, run_after=None
[2022-05-16 10:04:04,214] {logging_mixin.py:115} INFO - [2022-05-16 10:04:04,214] {dag.py:2919} INFO - Setting next_dagrun for example_subdag_operator.section-2 to None, run_after=None
[2022-05-16 10:04:04,218] {logging_mixin.py:115} INFO - [2022-05-16 10:04:04,218] {dag.py:2371} INFO - Sync 2 DAGs
[2022-05-16 10:04:04,222] {logging_mixin.py:115} INFO - [2022-05-16 10:04:04,222] {dag.py:2919} INFO - Setting next_dagrun for example_subdag_operator.section-1 to None, run_after=None
[2022-05-16 10:04:04,223] {logging_mixin.py:115} INFO - [2022-05-16 10:04:04,223] {dag.py:2919} INFO - Setting next_dagrun for example_subdag_operator.section-2 to None, run_after=None
[2022-05-16 10:04:04,227] {processor.py:161} INFO - Processing /home/airflow/.local/lib/python3.7/site-packages/airflow/example_dags/example_subdag_operator.py took 0.063 seconds
[2022-05-16 10:04:34,850] {processor.py:153} INFO - Started process (PID=2077) to work on /home/airflow/.local/lib/python3.7/site-packages/airflow/example_dags/example_subdag_operator.py
[2022-05-16 10:04:34,852] {processor.py:641} INFO - Processing file /home/airflow/.local/lib/python3.7/site-packages/airflow/example_dags/example_subdag_operator.py for tasks to queue
[2022-05-16 10:04:34,853] {logging_mixin.py:115} INFO - [2022-05-16 10:04:34,853] {dagbag.py:507} INFO - Filling up the DagBag from /home/airflow/.local/lib/python3.7/site-packages/airflow/example_dags/example_subdag_operator.py
[2022-05-16 10:04:34,872] {processor.py:651} INFO - DAG(s) dict_keys(['example_subdag_operator.section-1', 'example_subdag_operator.section-2', 'example_subdag_operator']) retrieved from /home/airflow/.local/lib/python3.7/site-packages/airflow/example_dags/example_subdag_operator.py
[2022-05-16 10:04:34,891] {logging_mixin.py:115} INFO - [2022-05-16 10:04:34,891] {dag.py:2371} INFO - Sync 3 DAGs
[2022-05-16 10:04:34,904] {logging_mixin.py:115} INFO - [2022-05-16 10:04:34,904] {dag.py:2919} INFO - Setting next_dagrun for example_subdag_operator to 2022-05-14T00:00:00+00:00, run_after=2022-05-14T00:00:00+00:00
[2022-05-16 10:04:34,905] {logging_mixin.py:115} INFO - [2022-05-16 10:04:34,905] {dag.py:2919} INFO - Setting next_dagrun for example_subdag_operator.section-1 to None, run_after=None
[2022-05-16 10:04:34,906] {logging_mixin.py:115} INFO - [2022-05-16 10:04:34,906] {dag.py:2919} INFO - Setting next_dagrun for example_subdag_operator.section-2 to None, run_after=None
[2022-05-16 10:04:34,911] {logging_mixin.py:115} INFO - [2022-05-16 10:04:34,911] {dag.py:2371} INFO - Sync 2 DAGs
[2022-05-16 10:04:34,915] {logging_mixin.py:115} INFO - [2022-05-16 10:04:34,915] {dag.py:2919} INFO - Setting next_dagrun for example_subdag_operator.section-1 to None, run_after=None
[2022-05-16 10:04:34,916] {logging_mixin.py:115} INFO - [2022-05-16 10:04:34,916] {dag.py:2919} INFO - Setting next_dagrun for example_subdag_operator.section-2 to None, run_after=None
[2022-05-16 10:04:34,921] {processor.py:161} INFO - Processing /home/airflow/.local/lib/python3.7/site-packages/airflow/example_dags/example_subdag_operator.py took 0.073 seconds
[2022-05-16 10:05:05,661] {processor.py:153} INFO - Started process (PID=2298) to work on /home/airflow/.local/lib/python3.7/site-packages/airflow/example_dags/example_subdag_operator.py
[2022-05-16 10:05:05,663] {processor.py:641} INFO - Processing file /home/airflow/.local/lib/python3.7/site-packages/airflow/example_dags/example_subdag_operator.py for tasks to queue
[2022-05-16 10:05:05,664] {logging_mixin.py:115} INFO - [2022-05-16 10:05:05,664] {dagbag.py:507} INFO - Filling up the DagBag from /home/airflow/.local/lib/python3.7/site-packages/airflow/example_dags/example_subdag_operator.py
[2022-05-16 10:05:05,679] {processor.py:651} INFO - DAG(s) dict_keys(['example_subdag_operator.section-1', 'example_subdag_operator.section-2', 'example_subdag_operator']) retrieved from /home/airflow/.local/lib/python3.7/site-packages/airflow/example_dags/example_subdag_operator.py
[2022-05-16 10:05:05,701] {logging_mixin.py:115} INFO - [2022-05-16 10:05:05,701] {dag.py:2371} INFO - Sync 3 DAGs
[2022-05-16 10:05:05,715] {logging_mixin.py:115} INFO - [2022-05-16 10:05:05,715] {dag.py:2919} INFO - Setting next_dagrun for example_subdag_operator to 2022-05-14T00:00:00+00:00, run_after=2022-05-14T00:00:00+00:00
[2022-05-16 10:05:05,716] {logging_mixin.py:115} INFO - [2022-05-16 10:05:05,716] {dag.py:2919} INFO - Setting next_dagrun for example_subdag_operator.section-1 to None, run_after=None
[2022-05-16 10:05:05,718] {logging_mixin.py:115} INFO - [2022-05-16 10:05:05,718] {dag.py:2919} INFO - Setting next_dagrun for example_subdag_operator.section-2 to None, run_after=None
[2022-05-16 10:05:05,722] {logging_mixin.py:115} INFO - [2022-05-16 10:05:05,722] {dag.py:2371} INFO - Sync 2 DAGs
[2022-05-16 10:05:05,726] {logging_mixin.py:115} INFO - [2022-05-16 10:05:05,726] {dag.py:2919} INFO - Setting next_dagrun for example_subdag_operator.section-1 to None, run_after=None
[2022-05-16 10:05:05,727] {logging_mixin.py:115} INFO - [2022-05-16 10:05:05,726] {dag.py:2919} INFO - Setting next_dagrun for example_subdag_operator.section-2 to None, run_after=None
[2022-05-16 10:05:05,731] {processor.py:161} INFO - Processing /home/airflow/.local/lib/python3.7/site-packages/airflow/example_dags/example_subdag_operator.py took 0.072 seconds
[2022-05-16 10:05:36,511] {processor.py:153} INFO - Started process (PID=2748) to work on /home/airflow/.local/lib/python3.7/site-packages/airflow/example_dags/example_subdag_operator.py
[2022-05-16 10:05:36,514] {processor.py:641} INFO - Processing file /home/airflow/.local/lib/python3.7/site-packages/airflow/example_dags/example_subdag_operator.py for tasks to queue
[2022-05-16 10:05:36,519] {logging_mixin.py:115} INFO - [2022-05-16 10:05:36,519] {dagbag.py:507} INFO - Filling up the DagBag from /home/airflow/.local/lib/python3.7/site-packages/airflow/example_dags/example_subdag_operator.py
[2022-05-16 10:05:36,546] {processor.py:651} INFO - DAG(s) dict_keys(['example_subdag_operator.section-1', 'example_subdag_operator.section-2', 'example_subdag_operator']) retrieved from /home/airflow/.local/lib/python3.7/site-packages/airflow/example_dags/example_subdag_operator.py
[2022-05-16 10:05:36,586] {logging_mixin.py:115} INFO - [2022-05-16 10:05:36,586] {dag.py:2371} INFO - Sync 3 DAGs
[2022-05-16 10:05:36,605] {logging_mixin.py:115} INFO - [2022-05-16 10:05:36,605] {dag.py:2919} INFO - Setting next_dagrun for example_subdag_operator to 2022-05-14T00:00:00+00:00, run_after=2022-05-14T00:00:00+00:00
[2022-05-16 10:05:36,607] {logging_mixin.py:115} INFO - [2022-05-16 10:05:36,607] {dag.py:2919} INFO - Setting next_dagrun for example_subdag_operator.section-1 to None, run_after=None
[2022-05-16 10:05:36,608] {logging_mixin.py:115} INFO - [2022-05-16 10:05:36,608] {dag.py:2919} INFO - Setting next_dagrun for example_subdag_operator.section-2 to None, run_after=None
[2022-05-16 10:05:36,614] {logging_mixin.py:115} INFO - [2022-05-16 10:05:36,614] {dag.py:2371} INFO - Sync 2 DAGs
[2022-05-16 10:05:36,622] {logging_mixin.py:115} INFO - [2022-05-16 10:05:36,622] {dag.py:2919} INFO - Setting next_dagrun for example_subdag_operator.section-1 to None, run_after=None
[2022-05-16 10:05:36,624] {logging_mixin.py:115} INFO - [2022-05-16 10:05:36,624] {dag.py:2919} INFO - Setting next_dagrun for example_subdag_operator.section-2 to None, run_after=None
[2022-05-16 10:05:36,630] {processor.py:161} INFO - Processing /home/airflow/.local/lib/python3.7/site-packages/airflow/example_dags/example_subdag_operator.py took 0.123 seconds
[2022-05-16 10:06:06,697] {processor.py:153} INFO - Started process (PID=2990) to work on /home/airflow/.local/lib/python3.7/site-packages/airflow/example_dags/example_subdag_operator.py
[2022-05-16 10:06:06,699] {processor.py:641} INFO - Processing file /home/airflow/.local/lib/python3.7/site-packages/airflow/example_dags/example_subdag_operator.py for tasks to queue
[2022-05-16 10:06:06,700] {logging_mixin.py:115} INFO - [2022-05-16 10:06:06,700] {dagbag.py:507} INFO - Filling up the DagBag from /home/airflow/.local/lib/python3.7/site-packages/airflow/example_dags/example_subdag_operator.py
[2022-05-16 10:06:06,717] {processor.py:651} INFO - DAG(s) dict_keys(['example_subdag_operator.section-1', 'example_subdag_operator.section-2', 'example_subdag_operator']) retrieved from /home/airflow/.local/lib/python3.7/site-packages/airflow/example_dags/example_subdag_operator.py
[2022-05-16 10:06:06,737] {logging_mixin.py:115} INFO - [2022-05-16 10:06:06,737] {dag.py:2371} INFO - Sync 3 DAGs
[2022-05-16 10:06:06,757] {logging_mixin.py:115} INFO - [2022-05-16 10:06:06,757] {dag.py:2919} INFO - Setting next_dagrun for example_subdag_operator to 2022-05-14T00:00:00+00:00, run_after=2022-05-14T00:00:00+00:00
[2022-05-16 10:06:06,758] {logging_mixin.py:115} INFO - [2022-05-16 10:06:06,758] {dag.py:2919} INFO - Setting next_dagrun for example_subdag_operator.section-1 to None, run_after=None
[2022-05-16 10:06:06,759] {logging_mixin.py:115} INFO - [2022-05-16 10:06:06,759] {dag.py:2919} INFO - Setting next_dagrun for example_subdag_operator.section-2 to None, run_after=None
[2022-05-16 10:06:06,765] {logging_mixin.py:115} INFO - [2022-05-16 10:06:06,765] {dag.py:2371} INFO - Sync 2 DAGs
[2022-05-16 10:06:06,769] {logging_mixin.py:115} INFO - [2022-05-16 10:06:06,769] {dag.py:2919} INFO - Setting next_dagrun for example_subdag_operator.section-1 to None, run_after=None
[2022-05-16 10:06:06,770] {logging_mixin.py:115} INFO - [2022-05-16 10:06:06,770] {dag.py:2919} INFO - Setting next_dagrun for example_subdag_operator.section-2 to None, run_after=None
[2022-05-16 10:06:06,774] {processor.py:161} INFO - Processing /home/airflow/.local/lib/python3.7/site-packages/airflow/example_dags/example_subdag_operator.py took 0.079 seconds
[2022-05-16 10:06:37,586] {processor.py:153} INFO - Started process (PID=3202) to work on /home/airflow/.local/lib/python3.7/site-packages/airflow/example_dags/example_subdag_operator.py
[2022-05-16 10:06:37,587] {processor.py:641} INFO - Processing file /home/airflow/.local/lib/python3.7/site-packages/airflow/example_dags/example_subdag_operator.py for tasks to queue
[2022-05-16 10:06:37,588] {logging_mixin.py:115} INFO - [2022-05-16 10:06:37,588] {dagbag.py:507} INFO - Filling up the DagBag from /home/airflow/.local/lib/python3.7/site-packages/airflow/example_dags/example_subdag_operator.py
[2022-05-16 10:06:37,604] {processor.py:651} INFO - DAG(s) dict_keys(['example_subdag_operator.section-1', 'example_subdag_operator.section-2', 'example_subdag_operator']) retrieved from /home/airflow/.local/lib/python3.7/site-packages/airflow/example_dags/example_subdag_operator.py
[2022-05-16 10:06:37,621] {logging_mixin.py:115} INFO - [2022-05-16 10:06:37,621] {dag.py:2371} INFO - Sync 3 DAGs
[2022-05-16 10:06:37,634] {logging_mixin.py:115} INFO - [2022-05-16 10:06:37,634] {dag.py:2919} INFO - Setting next_dagrun for example_subdag_operator to 2022-05-14T00:00:00+00:00, run_after=2022-05-14T00:00:00+00:00
[2022-05-16 10:06:37,635] {logging_mixin.py:115} INFO - [2022-05-16 10:06:37,635] {dag.py:2919} INFO - Setting next_dagrun for example_subdag_operator.section-1 to None, run_after=None
[2022-05-16 10:06:37,636] {logging_mixin.py:115} INFO - [2022-05-16 10:06:37,636] {dag.py:2919} INFO - Setting next_dagrun for example_subdag_operator.section-2 to None, run_after=None
[2022-05-16 10:06:37,640] {logging_mixin.py:115} INFO - [2022-05-16 10:06:37,640] {dag.py:2371} INFO - Sync 2 DAGs
[2022-05-16 10:06:37,644] {logging_mixin.py:115} INFO - [2022-05-16 10:06:37,644] {dag.py:2919} INFO - Setting next_dagrun for example_subdag_operator.section-1 to None, run_after=None
[2022-05-16 10:06:37,645] {logging_mixin.py:115} INFO - [2022-05-16 10:06:37,645] {dag.py:2919} INFO - Setting next_dagrun for example_subdag_operator.section-2 to None, run_after=None
[2022-05-16 10:06:37,648] {processor.py:161} INFO - Processing /home/airflow/.local/lib/python3.7/site-packages/airflow/example_dags/example_subdag_operator.py took 0.064 seconds
[2022-05-16 10:07:08,614] {processor.py:153} INFO - Started process (PID=3421) to work on /home/airflow/.local/lib/python3.7/site-packages/airflow/example_dags/example_subdag_operator.py
[2022-05-16 10:07:08,615] {processor.py:641} INFO - Processing file /home/airflow/.local/lib/python3.7/site-packages/airflow/example_dags/example_subdag_operator.py for tasks to queue
[2022-05-16 10:07:08,616] {logging_mixin.py:115} INFO - [2022-05-16 10:07:08,616] {dagbag.py:507} INFO - Filling up the DagBag from /home/airflow/.local/lib/python3.7/site-packages/airflow/example_dags/example_subdag_operator.py
[2022-05-16 10:07:08,632] {processor.py:651} INFO - DAG(s) dict_keys(['example_subdag_operator.section-1', 'example_subdag_operator.section-2', 'example_subdag_operator']) retrieved from /home/airflow/.local/lib/python3.7/site-packages/airflow/example_dags/example_subdag_operator.py
[2022-05-16 10:07:08,650] {logging_mixin.py:115} INFO - [2022-05-16 10:07:08,649] {dag.py:2371} INFO - Sync 3 DAGs
[2022-05-16 10:07:08,660] {logging_mixin.py:115} INFO - [2022-05-16 10:07:08,660] {dag.py:2919} INFO - Setting next_dagrun for example_subdag_operator to 2022-05-14T00:00:00+00:00, run_after=2022-05-14T00:00:00+00:00
[2022-05-16 10:07:08,661] {logging_mixin.py:115} INFO - [2022-05-16 10:07:08,661] {dag.py:2919} INFO - Setting next_dagrun for example_subdag_operator.section-1 to None, run_after=None
[2022-05-16 10:07:08,662] {logging_mixin.py:115} INFO - [2022-05-16 10:07:08,662] {dag.py:2919} INFO - Setting next_dagrun for example_subdag_operator.section-2 to None, run_after=None
[2022-05-16 10:07:08,666] {logging_mixin.py:115} INFO - [2022-05-16 10:07:08,666] {dag.py:2371} INFO - Sync 2 DAGs
[2022-05-16 10:07:08,670] {logging_mixin.py:115} INFO - [2022-05-16 10:07:08,670] {dag.py:2919} INFO - Setting next_dagrun for example_subdag_operator.section-1 to None, run_after=None
[2022-05-16 10:07:08,671] {logging_mixin.py:115} INFO - [2022-05-16 10:07:08,671] {dag.py:2919} INFO - Setting next_dagrun for example_subdag_operator.section-2 to None, run_after=None
[2022-05-16 10:07:08,675] {processor.py:161} INFO - Processing /home/airflow/.local/lib/python3.7/site-packages/airflow/example_dags/example_subdag_operator.py took 0.063 seconds
