[2022-05-16 10:00:54,923] {processor.py:153} INFO - Started process (PID=242) to work on /home/airflow/.local/lib/python3.7/site-packages/airflow/example_dags/example_sla_dag.py
[2022-05-16 10:00:54,932] {processor.py:641} INFO - Processing file /home/airflow/.local/lib/python3.7/site-packages/airflow/example_dags/example_sla_dag.py for tasks to queue
[2022-05-16 10:00:54,955] {logging_mixin.py:115} INFO - [2022-05-16 10:00:54,955] {dagbag.py:507} INFO - Filling up the DagBag from /home/airflow/.local/lib/python3.7/site-packages/airflow/example_dags/example_sla_dag.py
[2022-05-16 10:00:55,013] {processor.py:651} INFO - DAG(s) dict_keys(['example_sla_dag']) retrieved from /home/airflow/.local/lib/python3.7/site-packages/airflow/example_dags/example_sla_dag.py
[2022-05-16 10:00:55,119] {logging_mixin.py:115} INFO - [2022-05-16 10:00:55,119] {dag.py:2371} INFO - Sync 1 DAGs
[2022-05-16 10:00:55,195] {logging_mixin.py:115} INFO - [2022-05-16 10:00:55,195] {dag.py:2919} INFO - Setting next_dagrun for example_sla_dag to 2022-05-16T09:58:00+00:00, run_after=2022-05-16T10:00:00+00:00
[2022-05-16 10:00:55,232] {processor.py:161} INFO - Processing /home/airflow/.local/lib/python3.7/site-packages/airflow/example_dags/example_sla_dag.py took 0.312 seconds
[2022-05-16 10:01:26,153] {processor.py:153} INFO - Started process (PID=630) to work on /home/airflow/.local/lib/python3.7/site-packages/airflow/example_dags/example_sla_dag.py
[2022-05-16 10:01:26,155] {processor.py:641} INFO - Processing file /home/airflow/.local/lib/python3.7/site-packages/airflow/example_dags/example_sla_dag.py for tasks to queue
[2022-05-16 10:01:26,156] {logging_mixin.py:115} INFO - [2022-05-16 10:01:26,156] {dagbag.py:507} INFO - Filling up the DagBag from /home/airflow/.local/lib/python3.7/site-packages/airflow/example_dags/example_sla_dag.py
[2022-05-16 10:01:26,175] {processor.py:651} INFO - DAG(s) dict_keys(['example_sla_dag']) retrieved from /home/airflow/.local/lib/python3.7/site-packages/airflow/example_dags/example_sla_dag.py
[2022-05-16 10:01:26,201] {logging_mixin.py:115} INFO - [2022-05-16 10:01:26,200] {dag.py:2371} INFO - Sync 1 DAGs
[2022-05-16 10:01:26,227] {logging_mixin.py:115} INFO - [2022-05-16 10:01:26,227] {dag.py:2919} INFO - Setting next_dagrun for example_sla_dag to 2022-05-16T09:58:00+00:00, run_after=2022-05-16T10:00:00+00:00
[2022-05-16 10:01:26,245] {processor.py:161} INFO - Processing /home/airflow/.local/lib/python3.7/site-packages/airflow/example_dags/example_sla_dag.py took 0.100 seconds
[2022-05-16 10:01:57,100] {processor.py:153} INFO - Started process (PID=856) to work on /home/airflow/.local/lib/python3.7/site-packages/airflow/example_dags/example_sla_dag.py
[2022-05-16 10:01:57,102] {processor.py:641} INFO - Processing file /home/airflow/.local/lib/python3.7/site-packages/airflow/example_dags/example_sla_dag.py for tasks to queue
[2022-05-16 10:01:57,104] {logging_mixin.py:115} INFO - [2022-05-16 10:01:57,104] {dagbag.py:507} INFO - Filling up the DagBag from /home/airflow/.local/lib/python3.7/site-packages/airflow/example_dags/example_sla_dag.py
[2022-05-16 10:01:57,124] {processor.py:651} INFO - DAG(s) dict_keys(['example_sla_dag']) retrieved from /home/airflow/.local/lib/python3.7/site-packages/airflow/example_dags/example_sla_dag.py
[2022-05-16 10:01:57,155] {logging_mixin.py:115} INFO - [2022-05-16 10:01:57,154] {dag.py:2371} INFO - Sync 1 DAGs
[2022-05-16 10:01:57,196] {logging_mixin.py:115} INFO - [2022-05-16 10:01:57,196] {dag.py:2919} INFO - Setting next_dagrun for example_sla_dag to 2022-05-16T09:58:00+00:00, run_after=2022-05-16T10:00:00+00:00
[2022-05-16 10:01:57,214] {processor.py:161} INFO - Processing /home/airflow/.local/lib/python3.7/site-packages/airflow/example_dags/example_sla_dag.py took 0.118 seconds
[2022-05-16 10:02:27,774] {processor.py:153} INFO - Started process (PID=1070) to work on /home/airflow/.local/lib/python3.7/site-packages/airflow/example_dags/example_sla_dag.py
[2022-05-16 10:02:27,775] {processor.py:641} INFO - Processing file /home/airflow/.local/lib/python3.7/site-packages/airflow/example_dags/example_sla_dag.py for tasks to queue
[2022-05-16 10:02:27,778] {logging_mixin.py:115} INFO - [2022-05-16 10:02:27,778] {dagbag.py:507} INFO - Filling up the DagBag from /home/airflow/.local/lib/python3.7/site-packages/airflow/example_dags/example_sla_dag.py
[2022-05-16 10:02:27,797] {processor.py:651} INFO - DAG(s) dict_keys(['example_sla_dag']) retrieved from /home/airflow/.local/lib/python3.7/site-packages/airflow/example_dags/example_sla_dag.py
[2022-05-16 10:02:27,824] {logging_mixin.py:115} INFO - [2022-05-16 10:02:27,824] {dag.py:2371} INFO - Sync 1 DAGs
[2022-05-16 10:02:27,845] {logging_mixin.py:115} INFO - [2022-05-16 10:02:27,845] {dag.py:2919} INFO - Setting next_dagrun for example_sla_dag to 2022-05-16T10:00:00+00:00, run_after=2022-05-16T10:02:00+00:00
[2022-05-16 10:02:27,856] {processor.py:161} INFO - Processing /home/airflow/.local/lib/python3.7/site-packages/airflow/example_dags/example_sla_dag.py took 0.085 seconds
[2022-05-16 10:02:58,398] {processor.py:153} INFO - Started process (PID=1302) to work on /home/airflow/.local/lib/python3.7/site-packages/airflow/example_dags/example_sla_dag.py
[2022-05-16 10:02:58,399] {processor.py:641} INFO - Processing file /home/airflow/.local/lib/python3.7/site-packages/airflow/example_dags/example_sla_dag.py for tasks to queue
[2022-05-16 10:02:58,400] {logging_mixin.py:115} INFO - [2022-05-16 10:02:58,400] {dagbag.py:507} INFO - Filling up the DagBag from /home/airflow/.local/lib/python3.7/site-packages/airflow/example_dags/example_sla_dag.py
[2022-05-16 10:02:58,412] {processor.py:651} INFO - DAG(s) dict_keys(['example_sla_dag']) retrieved from /home/airflow/.local/lib/python3.7/site-packages/airflow/example_dags/example_sla_dag.py
[2022-05-16 10:02:58,429] {logging_mixin.py:115} INFO - [2022-05-16 10:02:58,429] {dag.py:2371} INFO - Sync 1 DAGs
[2022-05-16 10:02:58,443] {logging_mixin.py:115} INFO - [2022-05-16 10:02:58,443] {dag.py:2919} INFO - Setting next_dagrun for example_sla_dag to 2022-05-16T10:00:00+00:00, run_after=2022-05-16T10:02:00+00:00
[2022-05-16 10:02:58,450] {processor.py:161} INFO - Processing /home/airflow/.local/lib/python3.7/site-packages/airflow/example_dags/example_sla_dag.py took 0.055 seconds
[2022-05-16 10:03:29,196] {processor.py:153} INFO - Started process (PID=1523) to work on /home/airflow/.local/lib/python3.7/site-packages/airflow/example_dags/example_sla_dag.py
[2022-05-16 10:03:29,199] {processor.py:641} INFO - Processing file /home/airflow/.local/lib/python3.7/site-packages/airflow/example_dags/example_sla_dag.py for tasks to queue
[2022-05-16 10:03:29,201] {logging_mixin.py:115} INFO - [2022-05-16 10:03:29,201] {dagbag.py:507} INFO - Filling up the DagBag from /home/airflow/.local/lib/python3.7/site-packages/airflow/example_dags/example_sla_dag.py
[2022-05-16 10:03:29,215] {processor.py:651} INFO - DAG(s) dict_keys(['example_sla_dag']) retrieved from /home/airflow/.local/lib/python3.7/site-packages/airflow/example_dags/example_sla_dag.py
[2022-05-16 10:03:29,236] {logging_mixin.py:115} INFO - [2022-05-16 10:03:29,236] {dag.py:2371} INFO - Sync 1 DAGs
[2022-05-16 10:03:29,254] {logging_mixin.py:115} INFO - [2022-05-16 10:03:29,254] {dag.py:2919} INFO - Setting next_dagrun for example_sla_dag to 2022-05-16T10:00:00+00:00, run_after=2022-05-16T10:02:00+00:00
[2022-05-16 10:03:29,262] {processor.py:161} INFO - Processing /home/airflow/.local/lib/python3.7/site-packages/airflow/example_dags/example_sla_dag.py took 0.069 seconds
[2022-05-16 10:04:00,112] {processor.py:153} INFO - Started process (PID=1743) to work on /home/airflow/.local/lib/python3.7/site-packages/airflow/example_dags/example_sla_dag.py
[2022-05-16 10:04:00,115] {processor.py:641} INFO - Processing file /home/airflow/.local/lib/python3.7/site-packages/airflow/example_dags/example_sla_dag.py for tasks to queue
[2022-05-16 10:04:00,116] {logging_mixin.py:115} INFO - [2022-05-16 10:04:00,116] {dagbag.py:507} INFO - Filling up the DagBag from /home/airflow/.local/lib/python3.7/site-packages/airflow/example_dags/example_sla_dag.py
[2022-05-16 10:04:00,134] {processor.py:651} INFO - DAG(s) dict_keys(['example_sla_dag']) retrieved from /home/airflow/.local/lib/python3.7/site-packages/airflow/example_dags/example_sla_dag.py
[2022-05-16 10:04:00,155] {logging_mixin.py:115} INFO - [2022-05-16 10:04:00,155] {dag.py:2371} INFO - Sync 1 DAGs
[2022-05-16 10:04:00,170] {logging_mixin.py:115} INFO - [2022-05-16 10:04:00,170] {dag.py:2919} INFO - Setting next_dagrun for example_sla_dag to 2022-05-16T10:02:00+00:00, run_after=2022-05-16T10:04:00+00:00
[2022-05-16 10:04:00,178] {processor.py:161} INFO - Processing /home/airflow/.local/lib/python3.7/site-packages/airflow/example_dags/example_sla_dag.py took 0.070 seconds
[2022-05-16 10:04:30,941] {processor.py:153} INFO - Started process (PID=1971) to work on /home/airflow/.local/lib/python3.7/site-packages/airflow/example_dags/example_sla_dag.py
[2022-05-16 10:04:30,943] {processor.py:641} INFO - Processing file /home/airflow/.local/lib/python3.7/site-packages/airflow/example_dags/example_sla_dag.py for tasks to queue
[2022-05-16 10:04:30,943] {logging_mixin.py:115} INFO - [2022-05-16 10:04:30,943] {dagbag.py:507} INFO - Filling up the DagBag from /home/airflow/.local/lib/python3.7/site-packages/airflow/example_dags/example_sla_dag.py
[2022-05-16 10:04:30,954] {processor.py:651} INFO - DAG(s) dict_keys(['example_sla_dag']) retrieved from /home/airflow/.local/lib/python3.7/site-packages/airflow/example_dags/example_sla_dag.py
[2022-05-16 10:04:30,969] {logging_mixin.py:115} INFO - [2022-05-16 10:04:30,969] {dag.py:2371} INFO - Sync 1 DAGs
[2022-05-16 10:04:30,983] {logging_mixin.py:115} INFO - [2022-05-16 10:04:30,983] {dag.py:2919} INFO - Setting next_dagrun for example_sla_dag to 2022-05-16T10:02:00+00:00, run_after=2022-05-16T10:04:00+00:00
[2022-05-16 10:04:30,990] {processor.py:161} INFO - Processing /home/airflow/.local/lib/python3.7/site-packages/airflow/example_dags/example_sla_dag.py took 0.052 seconds
[2022-05-16 10:05:01,611] {processor.py:153} INFO - Started process (PID=2193) to work on /home/airflow/.local/lib/python3.7/site-packages/airflow/example_dags/example_sla_dag.py
[2022-05-16 10:05:01,613] {processor.py:641} INFO - Processing file /home/airflow/.local/lib/python3.7/site-packages/airflow/example_dags/example_sla_dag.py for tasks to queue
[2022-05-16 10:05:01,614] {logging_mixin.py:115} INFO - [2022-05-16 10:05:01,614] {dagbag.py:507} INFO - Filling up the DagBag from /home/airflow/.local/lib/python3.7/site-packages/airflow/example_dags/example_sla_dag.py
[2022-05-16 10:05:01,624] {processor.py:651} INFO - DAG(s) dict_keys(['example_sla_dag']) retrieved from /home/airflow/.local/lib/python3.7/site-packages/airflow/example_dags/example_sla_dag.py
[2022-05-16 10:05:01,640] {logging_mixin.py:115} INFO - [2022-05-16 10:05:01,640] {dag.py:2371} INFO - Sync 1 DAGs
[2022-05-16 10:05:01,656] {logging_mixin.py:115} INFO - [2022-05-16 10:05:01,656] {dag.py:2919} INFO - Setting next_dagrun for example_sla_dag to 2022-05-16T10:02:00+00:00, run_after=2022-05-16T10:04:00+00:00
[2022-05-16 10:05:01,666] {processor.py:161} INFO - Processing /home/airflow/.local/lib/python3.7/site-packages/airflow/example_dags/example_sla_dag.py took 0.057 seconds
[2022-05-16 10:05:32,415] {processor.py:153} INFO - Started process (PID=2486) to work on /home/airflow/.local/lib/python3.7/site-packages/airflow/example_dags/example_sla_dag.py
[2022-05-16 10:05:32,417] {processor.py:641} INFO - Processing file /home/airflow/.local/lib/python3.7/site-packages/airflow/example_dags/example_sla_dag.py for tasks to queue
[2022-05-16 10:05:32,418] {logging_mixin.py:115} INFO - [2022-05-16 10:05:32,418] {dagbag.py:507} INFO - Filling up the DagBag from /home/airflow/.local/lib/python3.7/site-packages/airflow/example_dags/example_sla_dag.py
[2022-05-16 10:05:32,433] {processor.py:651} INFO - DAG(s) dict_keys(['example_sla_dag']) retrieved from /home/airflow/.local/lib/python3.7/site-packages/airflow/example_dags/example_sla_dag.py
[2022-05-16 10:05:32,454] {logging_mixin.py:115} INFO - [2022-05-16 10:05:32,454] {dag.py:2371} INFO - Sync 1 DAGs
[2022-05-16 10:05:32,473] {logging_mixin.py:115} INFO - [2022-05-16 10:05:32,473] {dag.py:2919} INFO - Setting next_dagrun for example_sla_dag to 2022-05-16T10:02:00+00:00, run_after=2022-05-16T10:04:00+00:00
[2022-05-16 10:05:32,484] {processor.py:161} INFO - Processing /home/airflow/.local/lib/python3.7/site-packages/airflow/example_dags/example_sla_dag.py took 0.071 seconds
[2022-05-16 10:06:02,533] {processor.py:153} INFO - Started process (PID=2870) to work on /home/airflow/.local/lib/python3.7/site-packages/airflow/example_dags/example_sla_dag.py
[2022-05-16 10:06:02,538] {processor.py:641} INFO - Processing file /home/airflow/.local/lib/python3.7/site-packages/airflow/example_dags/example_sla_dag.py for tasks to queue
[2022-05-16 10:06:02,542] {logging_mixin.py:115} INFO - [2022-05-16 10:06:02,541] {dagbag.py:507} INFO - Filling up the DagBag from /home/airflow/.local/lib/python3.7/site-packages/airflow/example_dags/example_sla_dag.py
[2022-05-16 10:06:02,566] {processor.py:651} INFO - DAG(s) dict_keys(['example_sla_dag']) retrieved from /home/airflow/.local/lib/python3.7/site-packages/airflow/example_dags/example_sla_dag.py
[2022-05-16 10:06:02,602] {logging_mixin.py:115} INFO - [2022-05-16 10:06:02,602] {dag.py:2371} INFO - Sync 1 DAGs
[2022-05-16 10:06:02,625] {logging_mixin.py:115} INFO - [2022-05-16 10:06:02,624] {dag.py:2919} INFO - Setting next_dagrun for example_sla_dag to 2022-05-16T10:04:00+00:00, run_after=2022-05-16T10:06:00+00:00
[2022-05-16 10:06:02,637] {processor.py:161} INFO - Processing /home/airflow/.local/lib/python3.7/site-packages/airflow/example_dags/example_sla_dag.py took 0.108 seconds
[2022-05-16 10:06:33,633] {processor.py:153} INFO - Started process (PID=3095) to work on /home/airflow/.local/lib/python3.7/site-packages/airflow/example_dags/example_sla_dag.py
[2022-05-16 10:06:33,634] {processor.py:641} INFO - Processing file /home/airflow/.local/lib/python3.7/site-packages/airflow/example_dags/example_sla_dag.py for tasks to queue
[2022-05-16 10:06:33,635] {logging_mixin.py:115} INFO - [2022-05-16 10:06:33,635] {dagbag.py:507} INFO - Filling up the DagBag from /home/airflow/.local/lib/python3.7/site-packages/airflow/example_dags/example_sla_dag.py
[2022-05-16 10:06:33,649] {processor.py:651} INFO - DAG(s) dict_keys(['example_sla_dag']) retrieved from /home/airflow/.local/lib/python3.7/site-packages/airflow/example_dags/example_sla_dag.py
[2022-05-16 10:06:33,665] {logging_mixin.py:115} INFO - [2022-05-16 10:06:33,665] {dag.py:2371} INFO - Sync 1 DAGs
[2022-05-16 10:06:33,679] {logging_mixin.py:115} INFO - [2022-05-16 10:06:33,679] {dag.py:2919} INFO - Setting next_dagrun for example_sla_dag to 2022-05-16T10:04:00+00:00, run_after=2022-05-16T10:06:00+00:00
[2022-05-16 10:06:33,686] {processor.py:161} INFO - Processing /home/airflow/.local/lib/python3.7/site-packages/airflow/example_dags/example_sla_dag.py took 0.057 seconds
[2022-05-16 10:07:04,553] {processor.py:153} INFO - Started process (PID=3314) to work on /home/airflow/.local/lib/python3.7/site-packages/airflow/example_dags/example_sla_dag.py
[2022-05-16 10:07:04,555] {processor.py:641} INFO - Processing file /home/airflow/.local/lib/python3.7/site-packages/airflow/example_dags/example_sla_dag.py for tasks to queue
[2022-05-16 10:07:04,558] {logging_mixin.py:115} INFO - [2022-05-16 10:07:04,558] {dagbag.py:507} INFO - Filling up the DagBag from /home/airflow/.local/lib/python3.7/site-packages/airflow/example_dags/example_sla_dag.py
[2022-05-16 10:07:04,575] {processor.py:651} INFO - DAG(s) dict_keys(['example_sla_dag']) retrieved from /home/airflow/.local/lib/python3.7/site-packages/airflow/example_dags/example_sla_dag.py
[2022-05-16 10:07:04,598] {logging_mixin.py:115} INFO - [2022-05-16 10:07:04,598] {dag.py:2371} INFO - Sync 1 DAGs
[2022-05-16 10:07:04,615] {logging_mixin.py:115} INFO - [2022-05-16 10:07:04,615] {dag.py:2919} INFO - Setting next_dagrun for example_sla_dag to 2022-05-16T10:04:00+00:00, run_after=2022-05-16T10:06:00+00:00
[2022-05-16 10:07:04,622] {processor.py:161} INFO - Processing /home/airflow/.local/lib/python3.7/site-packages/airflow/example_dags/example_sla_dag.py took 0.072 seconds
