[2022-05-16 10:00:58,255] {processor.py:153} INFO - Started process (PID=359) to work on /home/airflow/.local/lib/python3.7/site-packages/airflow/example_dags/example_python_operator.py
[2022-05-16 10:00:58,261] {processor.py:641} INFO - Processing file /home/airflow/.local/lib/python3.7/site-packages/airflow/example_dags/example_python_operator.py for tasks to queue
[2022-05-16 10:00:58,271] {logging_mixin.py:115} INFO - [2022-05-16 10:00:58,271] {dagbag.py:507} INFO - Filling up the DagBag from /home/airflow/.local/lib/python3.7/site-packages/airflow/example_dags/example_python_operator.py
[2022-05-16 10:00:58,378] {processor.py:651} INFO - DAG(s) dict_keys(['example_python_operator']) retrieved from /home/airflow/.local/lib/python3.7/site-packages/airflow/example_dags/example_python_operator.py
[2022-05-16 10:00:58,482] {logging_mixin.py:115} INFO - [2022-05-16 10:00:58,482] {dag.py:2371} INFO - Sync 1 DAGs
[2022-05-16 10:00:58,614] {logging_mixin.py:115} INFO - [2022-05-16 10:00:58,614] {dag.py:2919} INFO - Setting next_dagrun for example_python_operator to None, run_after=None
[2022-05-16 10:00:58,637] {processor.py:161} INFO - Processing /home/airflow/.local/lib/python3.7/site-packages/airflow/example_dags/example_python_operator.py took 0.387 seconds
[2022-05-16 10:01:29,451] {processor.py:153} INFO - Started process (PID=716) to work on /home/airflow/.local/lib/python3.7/site-packages/airflow/example_dags/example_python_operator.py
[2022-05-16 10:01:29,453] {processor.py:641} INFO - Processing file /home/airflow/.local/lib/python3.7/site-packages/airflow/example_dags/example_python_operator.py for tasks to queue
[2022-05-16 10:01:29,456] {logging_mixin.py:115} INFO - [2022-05-16 10:01:29,456] {dagbag.py:507} INFO - Filling up the DagBag from /home/airflow/.local/lib/python3.7/site-packages/airflow/example_dags/example_python_operator.py
[2022-05-16 10:01:29,474] {processor.py:651} INFO - DAG(s) dict_keys(['example_python_operator']) retrieved from /home/airflow/.local/lib/python3.7/site-packages/airflow/example_dags/example_python_operator.py
[2022-05-16 10:01:29,500] {logging_mixin.py:115} INFO - [2022-05-16 10:01:29,500] {dag.py:2371} INFO - Sync 1 DAGs
[2022-05-16 10:01:29,517] {logging_mixin.py:115} INFO - [2022-05-16 10:01:29,517] {dag.py:2919} INFO - Setting next_dagrun for example_python_operator to None, run_after=None
[2022-05-16 10:01:29,529] {processor.py:161} INFO - Processing /home/airflow/.local/lib/python3.7/site-packages/airflow/example_dags/example_python_operator.py took 0.084 seconds
[2022-05-16 10:02:00,159] {processor.py:153} INFO - Started process (PID=940) to work on /home/airflow/.local/lib/python3.7/site-packages/airflow/example_dags/example_python_operator.py
[2022-05-16 10:02:00,161] {processor.py:641} INFO - Processing file /home/airflow/.local/lib/python3.7/site-packages/airflow/example_dags/example_python_operator.py for tasks to queue
[2022-05-16 10:02:00,162] {logging_mixin.py:115} INFO - [2022-05-16 10:02:00,162] {dagbag.py:507} INFO - Filling up the DagBag from /home/airflow/.local/lib/python3.7/site-packages/airflow/example_dags/example_python_operator.py
[2022-05-16 10:02:00,178] {processor.py:651} INFO - DAG(s) dict_keys(['example_python_operator']) retrieved from /home/airflow/.local/lib/python3.7/site-packages/airflow/example_dags/example_python_operator.py
[2022-05-16 10:02:00,208] {logging_mixin.py:115} INFO - [2022-05-16 10:02:00,208] {dag.py:2371} INFO - Sync 1 DAGs
[2022-05-16 10:02:00,236] {logging_mixin.py:115} INFO - [2022-05-16 10:02:00,236] {dag.py:2919} INFO - Setting next_dagrun for example_python_operator to None, run_after=None
[2022-05-16 10:02:00,253] {processor.py:161} INFO - Processing /home/airflow/.local/lib/python3.7/site-packages/airflow/example_dags/example_python_operator.py took 0.096 seconds
[2022-05-16 10:02:30,978] {processor.py:153} INFO - Started process (PID=1165) to work on /home/airflow/.local/lib/python3.7/site-packages/airflow/example_dags/example_python_operator.py
[2022-05-16 10:02:30,981] {processor.py:641} INFO - Processing file /home/airflow/.local/lib/python3.7/site-packages/airflow/example_dags/example_python_operator.py for tasks to queue
[2022-05-16 10:02:30,988] {logging_mixin.py:115} INFO - [2022-05-16 10:02:30,988] {dagbag.py:507} INFO - Filling up the DagBag from /home/airflow/.local/lib/python3.7/site-packages/airflow/example_dags/example_python_operator.py
[2022-05-16 10:02:31,037] {processor.py:651} INFO - DAG(s) dict_keys(['example_python_operator']) retrieved from /home/airflow/.local/lib/python3.7/site-packages/airflow/example_dags/example_python_operator.py
[2022-05-16 10:02:31,078] {logging_mixin.py:115} INFO - [2022-05-16 10:02:31,078] {dag.py:2371} INFO - Sync 1 DAGs
[2022-05-16 10:02:31,102] {logging_mixin.py:115} INFO - [2022-05-16 10:02:31,102] {dag.py:2919} INFO - Setting next_dagrun for example_python_operator to None, run_after=None
[2022-05-16 10:02:31,118] {processor.py:161} INFO - Processing /home/airflow/.local/lib/python3.7/site-packages/airflow/example_dags/example_python_operator.py took 0.145 seconds
[2022-05-16 10:03:02,072] {processor.py:153} INFO - Started process (PID=1384) to work on /home/airflow/.local/lib/python3.7/site-packages/airflow/example_dags/example_python_operator.py
[2022-05-16 10:03:02,076] {processor.py:641} INFO - Processing file /home/airflow/.local/lib/python3.7/site-packages/airflow/example_dags/example_python_operator.py for tasks to queue
[2022-05-16 10:03:02,078] {logging_mixin.py:115} INFO - [2022-05-16 10:03:02,078] {dagbag.py:507} INFO - Filling up the DagBag from /home/airflow/.local/lib/python3.7/site-packages/airflow/example_dags/example_python_operator.py
[2022-05-16 10:03:02,095] {processor.py:651} INFO - DAG(s) dict_keys(['example_python_operator']) retrieved from /home/airflow/.local/lib/python3.7/site-packages/airflow/example_dags/example_python_operator.py
[2022-05-16 10:03:02,113] {logging_mixin.py:115} INFO - [2022-05-16 10:03:02,113] {dag.py:2371} INFO - Sync 1 DAGs
[2022-05-16 10:03:02,126] {logging_mixin.py:115} INFO - [2022-05-16 10:03:02,126] {dag.py:2919} INFO - Setting next_dagrun for example_python_operator to None, run_after=None
[2022-05-16 10:03:02,133] {processor.py:161} INFO - Processing /home/airflow/.local/lib/python3.7/site-packages/airflow/example_dags/example_python_operator.py took 0.068 seconds
[2022-05-16 10:03:33,006] {processor.py:153} INFO - Started process (PID=1605) to work on /home/airflow/.local/lib/python3.7/site-packages/airflow/example_dags/example_python_operator.py
[2022-05-16 10:03:33,010] {processor.py:641} INFO - Processing file /home/airflow/.local/lib/python3.7/site-packages/airflow/example_dags/example_python_operator.py for tasks to queue
[2022-05-16 10:03:33,012] {logging_mixin.py:115} INFO - [2022-05-16 10:03:33,012] {dagbag.py:507} INFO - Filling up the DagBag from /home/airflow/.local/lib/python3.7/site-packages/airflow/example_dags/example_python_operator.py
[2022-05-16 10:03:33,030] {processor.py:651} INFO - DAG(s) dict_keys(['example_python_operator']) retrieved from /home/airflow/.local/lib/python3.7/site-packages/airflow/example_dags/example_python_operator.py
[2022-05-16 10:03:33,057] {logging_mixin.py:115} INFO - [2022-05-16 10:03:33,057] {dag.py:2371} INFO - Sync 1 DAGs
[2022-05-16 10:03:33,071] {logging_mixin.py:115} INFO - [2022-05-16 10:03:33,071] {dag.py:2919} INFO - Setting next_dagrun for example_python_operator to None, run_after=None
[2022-05-16 10:03:33,079] {processor.py:161} INFO - Processing /home/airflow/.local/lib/python3.7/site-packages/airflow/example_dags/example_python_operator.py took 0.077 seconds
[2022-05-16 10:04:03,931] {processor.py:153} INFO - Started process (PID=1825) to work on /home/airflow/.local/lib/python3.7/site-packages/airflow/example_dags/example_python_operator.py
[2022-05-16 10:04:03,933] {processor.py:641} INFO - Processing file /home/airflow/.local/lib/python3.7/site-packages/airflow/example_dags/example_python_operator.py for tasks to queue
[2022-05-16 10:04:03,934] {logging_mixin.py:115} INFO - [2022-05-16 10:04:03,934] {dagbag.py:507} INFO - Filling up the DagBag from /home/airflow/.local/lib/python3.7/site-packages/airflow/example_dags/example_python_operator.py
[2022-05-16 10:04:03,949] {processor.py:651} INFO - DAG(s) dict_keys(['example_python_operator']) retrieved from /home/airflow/.local/lib/python3.7/site-packages/airflow/example_dags/example_python_operator.py
[2022-05-16 10:04:03,977] {logging_mixin.py:115} INFO - [2022-05-16 10:04:03,977] {dag.py:2371} INFO - Sync 1 DAGs
[2022-05-16 10:04:03,996] {logging_mixin.py:115} INFO - [2022-05-16 10:04:03,995] {dag.py:2919} INFO - Setting next_dagrun for example_python_operator to None, run_after=None
[2022-05-16 10:04:04,002] {processor.py:161} INFO - Processing /home/airflow/.local/lib/python3.7/site-packages/airflow/example_dags/example_python_operator.py took 0.074 seconds
[2022-05-16 10:04:34,618] {processor.py:153} INFO - Started process (PID=2053) to work on /home/airflow/.local/lib/python3.7/site-packages/airflow/example_dags/example_python_operator.py
[2022-05-16 10:04:34,620] {processor.py:641} INFO - Processing file /home/airflow/.local/lib/python3.7/site-packages/airflow/example_dags/example_python_operator.py for tasks to queue
[2022-05-16 10:04:34,621] {logging_mixin.py:115} INFO - [2022-05-16 10:04:34,621] {dagbag.py:507} INFO - Filling up the DagBag from /home/airflow/.local/lib/python3.7/site-packages/airflow/example_dags/example_python_operator.py
[2022-05-16 10:04:34,634] {processor.py:651} INFO - DAG(s) dict_keys(['example_python_operator']) retrieved from /home/airflow/.local/lib/python3.7/site-packages/airflow/example_dags/example_python_operator.py
[2022-05-16 10:04:34,649] {logging_mixin.py:115} INFO - [2022-05-16 10:04:34,649] {dag.py:2371} INFO - Sync 1 DAGs
[2022-05-16 10:04:34,662] {logging_mixin.py:115} INFO - [2022-05-16 10:04:34,662] {dag.py:2919} INFO - Setting next_dagrun for example_python_operator to None, run_after=None
[2022-05-16 10:04:34,670] {processor.py:161} INFO - Processing /home/airflow/.local/lib/python3.7/site-packages/airflow/example_dags/example_python_operator.py took 0.054 seconds
[2022-05-16 10:05:05,478] {processor.py:153} INFO - Started process (PID=2275) to work on /home/airflow/.local/lib/python3.7/site-packages/airflow/example_dags/example_python_operator.py
[2022-05-16 10:05:05,497] {processor.py:641} INFO - Processing file /home/airflow/.local/lib/python3.7/site-packages/airflow/example_dags/example_python_operator.py for tasks to queue
[2022-05-16 10:05:05,498] {logging_mixin.py:115} INFO - [2022-05-16 10:05:05,498] {dagbag.py:507} INFO - Filling up the DagBag from /home/airflow/.local/lib/python3.7/site-packages/airflow/example_dags/example_python_operator.py
[2022-05-16 10:05:05,514] {processor.py:651} INFO - DAG(s) dict_keys(['example_python_operator']) retrieved from /home/airflow/.local/lib/python3.7/site-packages/airflow/example_dags/example_python_operator.py
[2022-05-16 10:05:05,532] {logging_mixin.py:115} INFO - [2022-05-16 10:05:05,532] {dag.py:2371} INFO - Sync 1 DAGs
[2022-05-16 10:05:05,545] {logging_mixin.py:115} INFO - [2022-05-16 10:05:05,545] {dag.py:2919} INFO - Setting next_dagrun for example_python_operator to None, run_after=None
[2022-05-16 10:05:05,553] {processor.py:161} INFO - Processing /home/airflow/.local/lib/python3.7/site-packages/airflow/example_dags/example_python_operator.py took 0.082 seconds
[2022-05-16 10:05:36,262] {processor.py:153} INFO - Started process (PID=2724) to work on /home/airflow/.local/lib/python3.7/site-packages/airflow/example_dags/example_python_operator.py
[2022-05-16 10:05:36,263] {processor.py:641} INFO - Processing file /home/airflow/.local/lib/python3.7/site-packages/airflow/example_dags/example_python_operator.py for tasks to queue
[2022-05-16 10:05:36,264] {logging_mixin.py:115} INFO - [2022-05-16 10:05:36,264] {dagbag.py:507} INFO - Filling up the DagBag from /home/airflow/.local/lib/python3.7/site-packages/airflow/example_dags/example_python_operator.py
[2022-05-16 10:05:36,276] {processor.py:651} INFO - DAG(s) dict_keys(['example_python_operator']) retrieved from /home/airflow/.local/lib/python3.7/site-packages/airflow/example_dags/example_python_operator.py
[2022-05-16 10:05:36,293] {logging_mixin.py:115} INFO - [2022-05-16 10:05:36,293] {dag.py:2371} INFO - Sync 1 DAGs
[2022-05-16 10:05:36,305] {logging_mixin.py:115} INFO - [2022-05-16 10:05:36,305] {dag.py:2919} INFO - Setting next_dagrun for example_python_operator to None, run_after=None
[2022-05-16 10:05:36,313] {processor.py:161} INFO - Processing /home/airflow/.local/lib/python3.7/site-packages/airflow/example_dags/example_python_operator.py took 0.053 seconds
[2022-05-16 10:06:06,459] {processor.py:153} INFO - Started process (PID=2967) to work on /home/airflow/.local/lib/python3.7/site-packages/airflow/example_dags/example_python_operator.py
[2022-05-16 10:06:06,460] {processor.py:641} INFO - Processing file /home/airflow/.local/lib/python3.7/site-packages/airflow/example_dags/example_python_operator.py for tasks to queue
[2022-05-16 10:06:06,461] {logging_mixin.py:115} INFO - [2022-05-16 10:06:06,461] {dagbag.py:507} INFO - Filling up the DagBag from /home/airflow/.local/lib/python3.7/site-packages/airflow/example_dags/example_python_operator.py
[2022-05-16 10:06:06,473] {processor.py:651} INFO - DAG(s) dict_keys(['example_python_operator']) retrieved from /home/airflow/.local/lib/python3.7/site-packages/airflow/example_dags/example_python_operator.py
[2022-05-16 10:06:06,506] {logging_mixin.py:115} INFO - [2022-05-16 10:06:06,506] {dag.py:2371} INFO - Sync 1 DAGs
[2022-05-16 10:06:06,526] {logging_mixin.py:115} INFO - [2022-05-16 10:06:06,526] {dag.py:2919} INFO - Setting next_dagrun for example_python_operator to None, run_after=None
[2022-05-16 10:06:06,541] {processor.py:161} INFO - Processing /home/airflow/.local/lib/python3.7/site-packages/airflow/example_dags/example_python_operator.py took 0.086 seconds
[2022-05-16 10:06:37,355] {processor.py:153} INFO - Started process (PID=3177) to work on /home/airflow/.local/lib/python3.7/site-packages/airflow/example_dags/example_python_operator.py
[2022-05-16 10:06:37,357] {processor.py:641} INFO - Processing file /home/airflow/.local/lib/python3.7/site-packages/airflow/example_dags/example_python_operator.py for tasks to queue
[2022-05-16 10:06:37,359] {logging_mixin.py:115} INFO - [2022-05-16 10:06:37,359] {dagbag.py:507} INFO - Filling up the DagBag from /home/airflow/.local/lib/python3.7/site-packages/airflow/example_dags/example_python_operator.py
[2022-05-16 10:06:37,372] {processor.py:651} INFO - DAG(s) dict_keys(['example_python_operator']) retrieved from /home/airflow/.local/lib/python3.7/site-packages/airflow/example_dags/example_python_operator.py
[2022-05-16 10:06:37,387] {logging_mixin.py:115} INFO - [2022-05-16 10:06:37,387] {dag.py:2371} INFO - Sync 1 DAGs
[2022-05-16 10:06:37,400] {logging_mixin.py:115} INFO - [2022-05-16 10:06:37,399] {dag.py:2919} INFO - Setting next_dagrun for example_python_operator to None, run_after=None
[2022-05-16 10:06:37,407] {processor.py:161} INFO - Processing /home/airflow/.local/lib/python3.7/site-packages/airflow/example_dags/example_python_operator.py took 0.056 seconds
[2022-05-16 10:07:08,405] {processor.py:153} INFO - Started process (PID=3396) to work on /home/airflow/.local/lib/python3.7/site-packages/airflow/example_dags/example_python_operator.py
[2022-05-16 10:07:08,408] {processor.py:641} INFO - Processing file /home/airflow/.local/lib/python3.7/site-packages/airflow/example_dags/example_python_operator.py for tasks to queue
[2022-05-16 10:07:08,410] {logging_mixin.py:115} INFO - [2022-05-16 10:07:08,410] {dagbag.py:507} INFO - Filling up the DagBag from /home/airflow/.local/lib/python3.7/site-packages/airflow/example_dags/example_python_operator.py
[2022-05-16 10:07:08,428] {processor.py:651} INFO - DAG(s) dict_keys(['example_python_operator']) retrieved from /home/airflow/.local/lib/python3.7/site-packages/airflow/example_dags/example_python_operator.py
[2022-05-16 10:07:08,447] {logging_mixin.py:115} INFO - [2022-05-16 10:07:08,446] {dag.py:2371} INFO - Sync 1 DAGs
[2022-05-16 10:07:08,459] {logging_mixin.py:115} INFO - [2022-05-16 10:07:08,459] {dag.py:2919} INFO - Setting next_dagrun for example_python_operator to None, run_after=None
[2022-05-16 10:07:08,467] {processor.py:161} INFO - Processing /home/airflow/.local/lib/python3.7/site-packages/airflow/example_dags/example_python_operator.py took 0.067 seconds
