[2022-05-16 10:00:56,548] {processor.py:153} INFO - Started process (PID=291) to work on /home/airflow/.local/lib/python3.7/site-packages/airflow/example_dags/example_nested_branch_dag.py
[2022-05-16 10:00:56,551] {processor.py:641} INFO - Processing file /home/airflow/.local/lib/python3.7/site-packages/airflow/example_dags/example_nested_branch_dag.py for tasks to queue
[2022-05-16 10:00:56,555] {logging_mixin.py:115} INFO - [2022-05-16 10:00:56,555] {dagbag.py:507} INFO - Filling up the DagBag from /home/airflow/.local/lib/python3.7/site-packages/airflow/example_dags/example_nested_branch_dag.py
[2022-05-16 10:00:56,602] {processor.py:651} INFO - DAG(s) dict_keys(['example_nested_branch_dag']) retrieved from /home/airflow/.local/lib/python3.7/site-packages/airflow/example_dags/example_nested_branch_dag.py
[2022-05-16 10:00:56,652] {logging_mixin.py:115} INFO - [2022-05-16 10:00:56,652] {dag.py:2371} INFO - Sync 1 DAGs
[2022-05-16 10:00:56,693] {logging_mixin.py:115} INFO - [2022-05-16 10:00:56,693] {dag.py:2919} INFO - Setting next_dagrun for example_nested_branch_dag to 2022-05-15T00:00:00+00:00, run_after=2022-05-16T00:00:00+00:00
[2022-05-16 10:00:56,723] {processor.py:161} INFO - Processing /home/airflow/.local/lib/python3.7/site-packages/airflow/example_dags/example_nested_branch_dag.py took 0.177 seconds
[2022-05-16 10:01:27,718] {processor.py:153} INFO - Started process (PID=669) to work on /home/airflow/.local/lib/python3.7/site-packages/airflow/example_dags/example_nested_branch_dag.py
[2022-05-16 10:01:27,720] {processor.py:641} INFO - Processing file /home/airflow/.local/lib/python3.7/site-packages/airflow/example_dags/example_nested_branch_dag.py for tasks to queue
[2022-05-16 10:01:27,722] {logging_mixin.py:115} INFO - [2022-05-16 10:01:27,722] {dagbag.py:507} INFO - Filling up the DagBag from /home/airflow/.local/lib/python3.7/site-packages/airflow/example_dags/example_nested_branch_dag.py
[2022-05-16 10:01:27,734] {processor.py:651} INFO - DAG(s) dict_keys(['example_nested_branch_dag']) retrieved from /home/airflow/.local/lib/python3.7/site-packages/airflow/example_dags/example_nested_branch_dag.py
[2022-05-16 10:01:27,759] {logging_mixin.py:115} INFO - [2022-05-16 10:01:27,759] {dag.py:2371} INFO - Sync 1 DAGs
[2022-05-16 10:01:27,779] {logging_mixin.py:115} INFO - [2022-05-16 10:01:27,779] {dag.py:2919} INFO - Setting next_dagrun for example_nested_branch_dag to 2022-05-15T00:00:00+00:00, run_after=2022-05-16T00:00:00+00:00
[2022-05-16 10:01:27,792] {processor.py:161} INFO - Processing /home/airflow/.local/lib/python3.7/site-packages/airflow/example_dags/example_nested_branch_dag.py took 0.076 seconds
[2022-05-16 10:01:58,000] {processor.py:153} INFO - Started process (PID=892) to work on /home/airflow/.local/lib/python3.7/site-packages/airflow/example_dags/example_nested_branch_dag.py
[2022-05-16 10:01:58,007] {processor.py:641} INFO - Processing file /home/airflow/.local/lib/python3.7/site-packages/airflow/example_dags/example_nested_branch_dag.py for tasks to queue
[2022-05-16 10:01:58,015] {logging_mixin.py:115} INFO - [2022-05-16 10:01:58,014] {dagbag.py:507} INFO - Filling up the DagBag from /home/airflow/.local/lib/python3.7/site-packages/airflow/example_dags/example_nested_branch_dag.py
[2022-05-16 10:01:58,064] {processor.py:651} INFO - DAG(s) dict_keys(['example_nested_branch_dag']) retrieved from /home/airflow/.local/lib/python3.7/site-packages/airflow/example_dags/example_nested_branch_dag.py
[2022-05-16 10:01:58,099] {logging_mixin.py:115} INFO - [2022-05-16 10:01:58,099] {dag.py:2371} INFO - Sync 1 DAGs
[2022-05-16 10:01:58,132] {logging_mixin.py:115} INFO - [2022-05-16 10:01:58,132] {dag.py:2919} INFO - Setting next_dagrun for example_nested_branch_dag to 2022-05-15T00:00:00+00:00, run_after=2022-05-16T00:00:00+00:00
[2022-05-16 10:01:58,149] {processor.py:161} INFO - Processing /home/airflow/.local/lib/python3.7/site-packages/airflow/example_dags/example_nested_branch_dag.py took 0.155 seconds
[2022-05-16 10:02:28,288] {processor.py:153} INFO - Started process (PID=1105) to work on /home/airflow/.local/lib/python3.7/site-packages/airflow/example_dags/example_nested_branch_dag.py
[2022-05-16 10:02:28,292] {processor.py:641} INFO - Processing file /home/airflow/.local/lib/python3.7/site-packages/airflow/example_dags/example_nested_branch_dag.py for tasks to queue
[2022-05-16 10:02:28,294] {logging_mixin.py:115} INFO - [2022-05-16 10:02:28,294] {dagbag.py:507} INFO - Filling up the DagBag from /home/airflow/.local/lib/python3.7/site-packages/airflow/example_dags/example_nested_branch_dag.py
[2022-05-16 10:02:28,305] {processor.py:651} INFO - DAG(s) dict_keys(['example_nested_branch_dag']) retrieved from /home/airflow/.local/lib/python3.7/site-packages/airflow/example_dags/example_nested_branch_dag.py
[2022-05-16 10:02:28,334] {logging_mixin.py:115} INFO - [2022-05-16 10:02:28,334] {dag.py:2371} INFO - Sync 1 DAGs
[2022-05-16 10:02:28,353] {logging_mixin.py:115} INFO - [2022-05-16 10:02:28,353] {dag.py:2919} INFO - Setting next_dagrun for example_nested_branch_dag to 2022-05-15T00:00:00+00:00, run_after=2022-05-16T00:00:00+00:00
[2022-05-16 10:02:28,365] {processor.py:161} INFO - Processing /home/airflow/.local/lib/python3.7/site-packages/airflow/example_dags/example_nested_branch_dag.py took 0.080 seconds
[2022-05-16 10:02:58,681] {processor.py:153} INFO - Started process (PID=1337) to work on /home/airflow/.local/lib/python3.7/site-packages/airflow/example_dags/example_nested_branch_dag.py
[2022-05-16 10:02:58,682] {processor.py:641} INFO - Processing file /home/airflow/.local/lib/python3.7/site-packages/airflow/example_dags/example_nested_branch_dag.py for tasks to queue
[2022-05-16 10:02:58,683] {logging_mixin.py:115} INFO - [2022-05-16 10:02:58,683] {dagbag.py:507} INFO - Filling up the DagBag from /home/airflow/.local/lib/python3.7/site-packages/airflow/example_dags/example_nested_branch_dag.py
[2022-05-16 10:02:58,690] {processor.py:651} INFO - DAG(s) dict_keys(['example_nested_branch_dag']) retrieved from /home/airflow/.local/lib/python3.7/site-packages/airflow/example_dags/example_nested_branch_dag.py
[2022-05-16 10:02:58,706] {logging_mixin.py:115} INFO - [2022-05-16 10:02:58,706] {dag.py:2371} INFO - Sync 1 DAGs
[2022-05-16 10:02:58,719] {logging_mixin.py:115} INFO - [2022-05-16 10:02:58,719] {dag.py:2919} INFO - Setting next_dagrun for example_nested_branch_dag to 2022-05-15T00:00:00+00:00, run_after=2022-05-16T00:00:00+00:00
[2022-05-16 10:02:58,727] {processor.py:161} INFO - Processing /home/airflow/.local/lib/python3.7/site-packages/airflow/example_dags/example_nested_branch_dag.py took 0.048 seconds
[2022-05-16 10:03:29,511] {processor.py:153} INFO - Started process (PID=1558) to work on /home/airflow/.local/lib/python3.7/site-packages/airflow/example_dags/example_nested_branch_dag.py
[2022-05-16 10:03:29,512] {processor.py:641} INFO - Processing file /home/airflow/.local/lib/python3.7/site-packages/airflow/example_dags/example_nested_branch_dag.py for tasks to queue
[2022-05-16 10:03:29,513] {logging_mixin.py:115} INFO - [2022-05-16 10:03:29,513] {dagbag.py:507} INFO - Filling up the DagBag from /home/airflow/.local/lib/python3.7/site-packages/airflow/example_dags/example_nested_branch_dag.py
[2022-05-16 10:03:29,522] {processor.py:651} INFO - DAG(s) dict_keys(['example_nested_branch_dag']) retrieved from /home/airflow/.local/lib/python3.7/site-packages/airflow/example_dags/example_nested_branch_dag.py
[2022-05-16 10:03:29,544] {logging_mixin.py:115} INFO - [2022-05-16 10:03:29,544] {dag.py:2371} INFO - Sync 1 DAGs
[2022-05-16 10:03:29,558] {logging_mixin.py:115} INFO - [2022-05-16 10:03:29,558] {dag.py:2919} INFO - Setting next_dagrun for example_nested_branch_dag to 2022-05-15T00:00:00+00:00, run_after=2022-05-16T00:00:00+00:00
[2022-05-16 10:03:29,566] {processor.py:161} INFO - Processing /home/airflow/.local/lib/python3.7/site-packages/airflow/example_dags/example_nested_branch_dag.py took 0.057 seconds
[2022-05-16 10:04:00,534] {processor.py:153} INFO - Started process (PID=1780) to work on /home/airflow/.local/lib/python3.7/site-packages/airflow/example_dags/example_nested_branch_dag.py
[2022-05-16 10:04:00,537] {processor.py:641} INFO - Processing file /home/airflow/.local/lib/python3.7/site-packages/airflow/example_dags/example_nested_branch_dag.py for tasks to queue
[2022-05-16 10:04:00,539] {logging_mixin.py:115} INFO - [2022-05-16 10:04:00,539] {dagbag.py:507} INFO - Filling up the DagBag from /home/airflow/.local/lib/python3.7/site-packages/airflow/example_dags/example_nested_branch_dag.py
[2022-05-16 10:04:00,547] {processor.py:651} INFO - DAG(s) dict_keys(['example_nested_branch_dag']) retrieved from /home/airflow/.local/lib/python3.7/site-packages/airflow/example_dags/example_nested_branch_dag.py
[2022-05-16 10:04:00,567] {logging_mixin.py:115} INFO - [2022-05-16 10:04:00,567] {dag.py:2371} INFO - Sync 1 DAGs
[2022-05-16 10:04:00,585] {logging_mixin.py:115} INFO - [2022-05-16 10:04:00,585] {dag.py:2919} INFO - Setting next_dagrun for example_nested_branch_dag to 2022-05-15T00:00:00+00:00, run_after=2022-05-16T00:00:00+00:00
[2022-05-16 10:04:00,593] {processor.py:161} INFO - Processing /home/airflow/.local/lib/python3.7/site-packages/airflow/example_dags/example_nested_branch_dag.py took 0.061 seconds
[2022-05-16 10:04:31,218] {processor.py:153} INFO - Started process (PID=2006) to work on /home/airflow/.local/lib/python3.7/site-packages/airflow/example_dags/example_nested_branch_dag.py
[2022-05-16 10:04:31,220] {processor.py:641} INFO - Processing file /home/airflow/.local/lib/python3.7/site-packages/airflow/example_dags/example_nested_branch_dag.py for tasks to queue
[2022-05-16 10:04:31,221] {logging_mixin.py:115} INFO - [2022-05-16 10:04:31,221] {dagbag.py:507} INFO - Filling up the DagBag from /home/airflow/.local/lib/python3.7/site-packages/airflow/example_dags/example_nested_branch_dag.py
[2022-05-16 10:04:31,227] {processor.py:651} INFO - DAG(s) dict_keys(['example_nested_branch_dag']) retrieved from /home/airflow/.local/lib/python3.7/site-packages/airflow/example_dags/example_nested_branch_dag.py
[2022-05-16 10:04:31,243] {logging_mixin.py:115} INFO - [2022-05-16 10:04:31,243] {dag.py:2371} INFO - Sync 1 DAGs
[2022-05-16 10:04:31,257] {logging_mixin.py:115} INFO - [2022-05-16 10:04:31,257] {dag.py:2919} INFO - Setting next_dagrun for example_nested_branch_dag to 2022-05-15T00:00:00+00:00, run_after=2022-05-16T00:00:00+00:00
[2022-05-16 10:04:31,264] {processor.py:161} INFO - Processing /home/airflow/.local/lib/python3.7/site-packages/airflow/example_dags/example_nested_branch_dag.py took 0.048 seconds
[2022-05-16 10:05:01,979] {processor.py:153} INFO - Started process (PID=2228) to work on /home/airflow/.local/lib/python3.7/site-packages/airflow/example_dags/example_nested_branch_dag.py
[2022-05-16 10:05:01,981] {processor.py:641} INFO - Processing file /home/airflow/.local/lib/python3.7/site-packages/airflow/example_dags/example_nested_branch_dag.py for tasks to queue
[2022-05-16 10:05:01,982] {logging_mixin.py:115} INFO - [2022-05-16 10:05:01,982] {dagbag.py:507} INFO - Filling up the DagBag from /home/airflow/.local/lib/python3.7/site-packages/airflow/example_dags/example_nested_branch_dag.py
[2022-05-16 10:05:01,989] {processor.py:651} INFO - DAG(s) dict_keys(['example_nested_branch_dag']) retrieved from /home/airflow/.local/lib/python3.7/site-packages/airflow/example_dags/example_nested_branch_dag.py
[2022-05-16 10:05:02,007] {logging_mixin.py:115} INFO - [2022-05-16 10:05:02,007] {dag.py:2371} INFO - Sync 1 DAGs
[2022-05-16 10:05:02,022] {logging_mixin.py:115} INFO - [2022-05-16 10:05:02,022] {dag.py:2919} INFO - Setting next_dagrun for example_nested_branch_dag to 2022-05-15T00:00:00+00:00, run_after=2022-05-16T00:00:00+00:00
[2022-05-16 10:05:02,030] {processor.py:161} INFO - Processing /home/airflow/.local/lib/python3.7/site-packages/airflow/example_dags/example_nested_branch_dag.py took 0.053 seconds
[2022-05-16 10:05:32,754] {processor.py:153} INFO - Started process (PID=2545) to work on /home/airflow/.local/lib/python3.7/site-packages/airflow/example_dags/example_nested_branch_dag.py
[2022-05-16 10:05:32,755] {processor.py:641} INFO - Processing file /home/airflow/.local/lib/python3.7/site-packages/airflow/example_dags/example_nested_branch_dag.py for tasks to queue
[2022-05-16 10:05:32,757] {logging_mixin.py:115} INFO - [2022-05-16 10:05:32,757] {dagbag.py:507} INFO - Filling up the DagBag from /home/airflow/.local/lib/python3.7/site-packages/airflow/example_dags/example_nested_branch_dag.py
[2022-05-16 10:05:32,765] {processor.py:651} INFO - DAG(s) dict_keys(['example_nested_branch_dag']) retrieved from /home/airflow/.local/lib/python3.7/site-packages/airflow/example_dags/example_nested_branch_dag.py
[2022-05-16 10:05:32,787] {logging_mixin.py:115} INFO - [2022-05-16 10:05:32,787] {dag.py:2371} INFO - Sync 1 DAGs
[2022-05-16 10:05:32,804] {logging_mixin.py:115} INFO - [2022-05-16 10:05:32,803] {dag.py:2919} INFO - Setting next_dagrun for example_nested_branch_dag to 2022-05-15T00:00:00+00:00, run_after=2022-05-16T00:00:00+00:00
[2022-05-16 10:05:32,813] {processor.py:161} INFO - Processing /home/airflow/.local/lib/python3.7/site-packages/airflow/example_dags/example_nested_branch_dag.py took 0.062 seconds
[2022-05-16 10:06:02,937] {processor.py:153} INFO - Started process (PID=2908) to work on /home/airflow/.local/lib/python3.7/site-packages/airflow/example_dags/example_nested_branch_dag.py
[2022-05-16 10:06:02,943] {processor.py:641} INFO - Processing file /home/airflow/.local/lib/python3.7/site-packages/airflow/example_dags/example_nested_branch_dag.py for tasks to queue
[2022-05-16 10:06:02,947] {logging_mixin.py:115} INFO - [2022-05-16 10:06:02,947] {dagbag.py:507} INFO - Filling up the DagBag from /home/airflow/.local/lib/python3.7/site-packages/airflow/example_dags/example_nested_branch_dag.py
[2022-05-16 10:06:02,957] {processor.py:651} INFO - DAG(s) dict_keys(['example_nested_branch_dag']) retrieved from /home/airflow/.local/lib/python3.7/site-packages/airflow/example_dags/example_nested_branch_dag.py
[2022-05-16 10:06:02,983] {logging_mixin.py:115} INFO - [2022-05-16 10:06:02,983] {dag.py:2371} INFO - Sync 1 DAGs
[2022-05-16 10:06:03,031] {logging_mixin.py:115} INFO - [2022-05-16 10:06:03,031] {dag.py:2919} INFO - Setting next_dagrun for example_nested_branch_dag to 2022-05-15T00:00:00+00:00, run_after=2022-05-16T00:00:00+00:00
[2022-05-16 10:06:03,054] {processor.py:161} INFO - Processing /home/airflow/.local/lib/python3.7/site-packages/airflow/example_dags/example_nested_branch_dag.py took 0.120 seconds
[2022-05-16 10:06:33,916] {processor.py:153} INFO - Started process (PID=3130) to work on /home/airflow/.local/lib/python3.7/site-packages/airflow/example_dags/example_nested_branch_dag.py
[2022-05-16 10:06:33,918] {processor.py:641} INFO - Processing file /home/airflow/.local/lib/python3.7/site-packages/airflow/example_dags/example_nested_branch_dag.py for tasks to queue
[2022-05-16 10:06:33,919] {logging_mixin.py:115} INFO - [2022-05-16 10:06:33,919] {dagbag.py:507} INFO - Filling up the DagBag from /home/airflow/.local/lib/python3.7/site-packages/airflow/example_dags/example_nested_branch_dag.py
[2022-05-16 10:06:33,925] {processor.py:651} INFO - DAG(s) dict_keys(['example_nested_branch_dag']) retrieved from /home/airflow/.local/lib/python3.7/site-packages/airflow/example_dags/example_nested_branch_dag.py
[2022-05-16 10:06:33,941] {logging_mixin.py:115} INFO - [2022-05-16 10:06:33,941] {dag.py:2371} INFO - Sync 1 DAGs
[2022-05-16 10:06:33,955] {logging_mixin.py:115} INFO - [2022-05-16 10:06:33,955] {dag.py:2919} INFO - Setting next_dagrun for example_nested_branch_dag to 2022-05-15T00:00:00+00:00, run_after=2022-05-16T00:00:00+00:00
[2022-05-16 10:06:33,961] {processor.py:161} INFO - Processing /home/airflow/.local/lib/python3.7/site-packages/airflow/example_dags/example_nested_branch_dag.py took 0.047 seconds
[2022-05-16 10:07:04,920] {processor.py:153} INFO - Started process (PID=3351) to work on /home/airflow/.local/lib/python3.7/site-packages/airflow/example_dags/example_nested_branch_dag.py
[2022-05-16 10:07:04,921] {processor.py:641} INFO - Processing file /home/airflow/.local/lib/python3.7/site-packages/airflow/example_dags/example_nested_branch_dag.py for tasks to queue
[2022-05-16 10:07:04,923] {logging_mixin.py:115} INFO - [2022-05-16 10:07:04,923] {dagbag.py:507} INFO - Filling up the DagBag from /home/airflow/.local/lib/python3.7/site-packages/airflow/example_dags/example_nested_branch_dag.py
[2022-05-16 10:07:04,929] {processor.py:651} INFO - DAG(s) dict_keys(['example_nested_branch_dag']) retrieved from /home/airflow/.local/lib/python3.7/site-packages/airflow/example_dags/example_nested_branch_dag.py
[2022-05-16 10:07:04,944] {logging_mixin.py:115} INFO - [2022-05-16 10:07:04,944] {dag.py:2371} INFO - Sync 1 DAGs
[2022-05-16 10:07:04,956] {logging_mixin.py:115} INFO - [2022-05-16 10:07:04,956] {dag.py:2919} INFO - Setting next_dagrun for example_nested_branch_dag to 2022-05-15T00:00:00+00:00, run_after=2022-05-16T00:00:00+00:00
[2022-05-16 10:07:04,962] {processor.py:161} INFO - Processing /home/airflow/.local/lib/python3.7/site-packages/airflow/example_dags/example_nested_branch_dag.py took 0.044 seconds
