[2022-05-16 10:00:59,571] {processor.py:153} INFO - Started process (PID=389) to work on /home/airflow/.local/lib/python3.7/site-packages/airflow/example_dags/example_bash_operator.py
[2022-05-16 10:00:59,578] {processor.py:641} INFO - Processing file /home/airflow/.local/lib/python3.7/site-packages/airflow/example_dags/example_bash_operator.py for tasks to queue
[2022-05-16 10:00:59,582] {logging_mixin.py:115} INFO - [2022-05-16 10:00:59,582] {dagbag.py:507} INFO - Filling up the DagBag from /home/airflow/.local/lib/python3.7/site-packages/airflow/example_dags/example_bash_operator.py
[2022-05-16 10:00:59,612] {processor.py:651} INFO - DAG(s) dict_keys(['example_bash_operator']) retrieved from /home/airflow/.local/lib/python3.7/site-packages/airflow/example_dags/example_bash_operator.py
[2022-05-16 10:00:59,689] {logging_mixin.py:115} INFO - [2022-05-16 10:00:59,689] {dag.py:2371} INFO - Sync 1 DAGs
[2022-05-16 10:00:59,725] {logging_mixin.py:115} INFO - [2022-05-16 10:00:59,725] {dag.py:2919} INFO - Setting next_dagrun for example_bash_operator to 2022-05-15T00:00:00+00:00, run_after=2022-05-16T00:00:00+00:00
[2022-05-16 10:00:59,765] {processor.py:161} INFO - Processing /home/airflow/.local/lib/python3.7/site-packages/airflow/example_dags/example_bash_operator.py took 0.203 seconds
[2022-05-16 10:01:29,814] {processor.py:153} INFO - Started process (PID=746) to work on /home/airflow/.local/lib/python3.7/site-packages/airflow/example_dags/example_bash_operator.py
[2022-05-16 10:01:29,816] {processor.py:641} INFO - Processing file /home/airflow/.local/lib/python3.7/site-packages/airflow/example_dags/example_bash_operator.py for tasks to queue
[2022-05-16 10:01:29,817] {logging_mixin.py:115} INFO - [2022-05-16 10:01:29,817] {dagbag.py:507} INFO - Filling up the DagBag from /home/airflow/.local/lib/python3.7/site-packages/airflow/example_dags/example_bash_operator.py
[2022-05-16 10:01:29,827] {processor.py:651} INFO - DAG(s) dict_keys(['example_bash_operator']) retrieved from /home/airflow/.local/lib/python3.7/site-packages/airflow/example_dags/example_bash_operator.py
[2022-05-16 10:01:29,849] {logging_mixin.py:115} INFO - [2022-05-16 10:01:29,849] {dag.py:2371} INFO - Sync 1 DAGs
[2022-05-16 10:01:29,869] {logging_mixin.py:115} INFO - [2022-05-16 10:01:29,869] {dag.py:2919} INFO - Setting next_dagrun for example_bash_operator to 2022-05-15T00:00:00+00:00, run_after=2022-05-16T00:00:00+00:00
[2022-05-16 10:01:29,879] {processor.py:161} INFO - Processing /home/airflow/.local/lib/python3.7/site-packages/airflow/example_dags/example_bash_operator.py took 0.067 seconds
[2022-05-16 10:02:00,565] {processor.py:153} INFO - Started process (PID=968) to work on /home/airflow/.local/lib/python3.7/site-packages/airflow/example_dags/example_bash_operator.py
[2022-05-16 10:02:00,566] {processor.py:641} INFO - Processing file /home/airflow/.local/lib/python3.7/site-packages/airflow/example_dags/example_bash_operator.py for tasks to queue
[2022-05-16 10:02:00,568] {logging_mixin.py:115} INFO - [2022-05-16 10:02:00,568] {dagbag.py:507} INFO - Filling up the DagBag from /home/airflow/.local/lib/python3.7/site-packages/airflow/example_dags/example_bash_operator.py
[2022-05-16 10:02:00,577] {processor.py:651} INFO - DAG(s) dict_keys(['example_bash_operator']) retrieved from /home/airflow/.local/lib/python3.7/site-packages/airflow/example_dags/example_bash_operator.py
[2022-05-16 10:02:00,608] {logging_mixin.py:115} INFO - [2022-05-16 10:02:00,608] {dag.py:2371} INFO - Sync 1 DAGs
[2022-05-16 10:02:00,628] {logging_mixin.py:115} INFO - [2022-05-16 10:02:00,628] {dag.py:2919} INFO - Setting next_dagrun for example_bash_operator to 2022-05-15T00:00:00+00:00, run_after=2022-05-16T00:00:00+00:00
[2022-05-16 10:02:00,640] {processor.py:161} INFO - Processing /home/airflow/.local/lib/python3.7/site-packages/airflow/example_dags/example_bash_operator.py took 0.077 seconds
[2022-05-16 10:02:31,471] {processor.py:153} INFO - Started process (PID=1193) to work on /home/airflow/.local/lib/python3.7/site-packages/airflow/example_dags/example_bash_operator.py
[2022-05-16 10:02:31,475] {processor.py:641} INFO - Processing file /home/airflow/.local/lib/python3.7/site-packages/airflow/example_dags/example_bash_operator.py for tasks to queue
[2022-05-16 10:02:31,477] {logging_mixin.py:115} INFO - [2022-05-16 10:02:31,477] {dagbag.py:507} INFO - Filling up the DagBag from /home/airflow/.local/lib/python3.7/site-packages/airflow/example_dags/example_bash_operator.py
[2022-05-16 10:02:31,490] {processor.py:651} INFO - DAG(s) dict_keys(['example_bash_operator']) retrieved from /home/airflow/.local/lib/python3.7/site-packages/airflow/example_dags/example_bash_operator.py
[2022-05-16 10:02:31,536] {logging_mixin.py:115} INFO - [2022-05-16 10:02:31,536] {dag.py:2371} INFO - Sync 1 DAGs
[2022-05-16 10:02:31,562] {logging_mixin.py:115} INFO - [2022-05-16 10:02:31,561] {dag.py:2919} INFO - Setting next_dagrun for example_bash_operator to 2022-05-15T00:00:00+00:00, run_after=2022-05-16T00:00:00+00:00
[2022-05-16 10:02:31,575] {processor.py:161} INFO - Processing /home/airflow/.local/lib/python3.7/site-packages/airflow/example_dags/example_bash_operator.py took 0.109 seconds
[2022-05-16 10:03:02,373] {processor.py:153} INFO - Started process (PID=1414) to work on /home/airflow/.local/lib/python3.7/site-packages/airflow/example_dags/example_bash_operator.py
[2022-05-16 10:03:02,374] {processor.py:641} INFO - Processing file /home/airflow/.local/lib/python3.7/site-packages/airflow/example_dags/example_bash_operator.py for tasks to queue
[2022-05-16 10:03:02,375] {logging_mixin.py:115} INFO - [2022-05-16 10:03:02,375] {dagbag.py:507} INFO - Filling up the DagBag from /home/airflow/.local/lib/python3.7/site-packages/airflow/example_dags/example_bash_operator.py
[2022-05-16 10:03:02,382] {processor.py:651} INFO - DAG(s) dict_keys(['example_bash_operator']) retrieved from /home/airflow/.local/lib/python3.7/site-packages/airflow/example_dags/example_bash_operator.py
[2022-05-16 10:03:02,397] {logging_mixin.py:115} INFO - [2022-05-16 10:03:02,397] {dag.py:2371} INFO - Sync 1 DAGs
[2022-05-16 10:03:02,409] {logging_mixin.py:115} INFO - [2022-05-16 10:03:02,409] {dag.py:2919} INFO - Setting next_dagrun for example_bash_operator to 2022-05-15T00:00:00+00:00, run_after=2022-05-16T00:00:00+00:00
[2022-05-16 10:03:02,416] {processor.py:161} INFO - Processing /home/airflow/.local/lib/python3.7/site-packages/airflow/example_dags/example_bash_operator.py took 0.044 seconds
[2022-05-16 10:03:33,338] {processor.py:153} INFO - Started process (PID=1635) to work on /home/airflow/.local/lib/python3.7/site-packages/airflow/example_dags/example_bash_operator.py
[2022-05-16 10:03:33,339] {processor.py:641} INFO - Processing file /home/airflow/.local/lib/python3.7/site-packages/airflow/example_dags/example_bash_operator.py for tasks to queue
[2022-05-16 10:03:33,340] {logging_mixin.py:115} INFO - [2022-05-16 10:03:33,340] {dagbag.py:507} INFO - Filling up the DagBag from /home/airflow/.local/lib/python3.7/site-packages/airflow/example_dags/example_bash_operator.py
[2022-05-16 10:03:33,348] {processor.py:651} INFO - DAG(s) dict_keys(['example_bash_operator']) retrieved from /home/airflow/.local/lib/python3.7/site-packages/airflow/example_dags/example_bash_operator.py
[2022-05-16 10:03:33,363] {logging_mixin.py:115} INFO - [2022-05-16 10:03:33,363] {dag.py:2371} INFO - Sync 1 DAGs
[2022-05-16 10:03:33,375] {logging_mixin.py:115} INFO - [2022-05-16 10:03:33,375] {dag.py:2919} INFO - Setting next_dagrun for example_bash_operator to 2022-05-15T00:00:00+00:00, run_after=2022-05-16T00:00:00+00:00
[2022-05-16 10:03:33,381] {processor.py:161} INFO - Processing /home/airflow/.local/lib/python3.7/site-packages/airflow/example_dags/example_bash_operator.py took 0.045 seconds
[2022-05-16 10:04:04,249] {processor.py:153} INFO - Started process (PID=1855) to work on /home/airflow/.local/lib/python3.7/site-packages/airflow/example_dags/example_bash_operator.py
[2022-05-16 10:04:04,250] {processor.py:641} INFO - Processing file /home/airflow/.local/lib/python3.7/site-packages/airflow/example_dags/example_bash_operator.py for tasks to queue
[2022-05-16 10:04:04,252] {logging_mixin.py:115} INFO - [2022-05-16 10:04:04,252] {dagbag.py:507} INFO - Filling up the DagBag from /home/airflow/.local/lib/python3.7/site-packages/airflow/example_dags/example_bash_operator.py
[2022-05-16 10:04:04,258] {processor.py:651} INFO - DAG(s) dict_keys(['example_bash_operator']) retrieved from /home/airflow/.local/lib/python3.7/site-packages/airflow/example_dags/example_bash_operator.py
[2022-05-16 10:04:04,274] {logging_mixin.py:115} INFO - [2022-05-16 10:04:04,274] {dag.py:2371} INFO - Sync 1 DAGs
[2022-05-16 10:04:04,286] {logging_mixin.py:115} INFO - [2022-05-16 10:04:04,286] {dag.py:2919} INFO - Setting next_dagrun for example_bash_operator to 2022-05-15T00:00:00+00:00, run_after=2022-05-16T00:00:00+00:00
[2022-05-16 10:04:04,292] {processor.py:161} INFO - Processing /home/airflow/.local/lib/python3.7/site-packages/airflow/example_dags/example_bash_operator.py took 0.045 seconds
[2022-05-16 10:04:34,864] {processor.py:153} INFO - Started process (PID=2081) to work on /home/airflow/.local/lib/python3.7/site-packages/airflow/example_dags/example_bash_operator.py
[2022-05-16 10:04:34,866] {processor.py:641} INFO - Processing file /home/airflow/.local/lib/python3.7/site-packages/airflow/example_dags/example_bash_operator.py for tasks to queue
[2022-05-16 10:04:34,867] {logging_mixin.py:115} INFO - [2022-05-16 10:04:34,867] {dagbag.py:507} INFO - Filling up the DagBag from /home/airflow/.local/lib/python3.7/site-packages/airflow/example_dags/example_bash_operator.py
[2022-05-16 10:04:34,874] {processor.py:651} INFO - DAG(s) dict_keys(['example_bash_operator']) retrieved from /home/airflow/.local/lib/python3.7/site-packages/airflow/example_dags/example_bash_operator.py
[2022-05-16 10:04:34,891] {logging_mixin.py:115} INFO - [2022-05-16 10:04:34,891] {dag.py:2371} INFO - Sync 1 DAGs
[2022-05-16 10:04:34,906] {logging_mixin.py:115} INFO - [2022-05-16 10:04:34,905] {dag.py:2919} INFO - Setting next_dagrun for example_bash_operator to 2022-05-15T00:00:00+00:00, run_after=2022-05-16T00:00:00+00:00
[2022-05-16 10:04:34,915] {processor.py:161} INFO - Processing /home/airflow/.local/lib/python3.7/site-packages/airflow/example_dags/example_bash_operator.py took 0.052 seconds
[2022-05-16 10:05:05,701] {processor.py:153} INFO - Started process (PID=2303) to work on /home/airflow/.local/lib/python3.7/site-packages/airflow/example_dags/example_bash_operator.py
[2022-05-16 10:05:05,702] {processor.py:641} INFO - Processing file /home/airflow/.local/lib/python3.7/site-packages/airflow/example_dags/example_bash_operator.py for tasks to queue
[2022-05-16 10:05:05,703] {logging_mixin.py:115} INFO - [2022-05-16 10:05:05,703] {dagbag.py:507} INFO - Filling up the DagBag from /home/airflow/.local/lib/python3.7/site-packages/airflow/example_dags/example_bash_operator.py
[2022-05-16 10:05:05,710] {processor.py:651} INFO - DAG(s) dict_keys(['example_bash_operator']) retrieved from /home/airflow/.local/lib/python3.7/site-packages/airflow/example_dags/example_bash_operator.py
[2022-05-16 10:05:05,727] {logging_mixin.py:115} INFO - [2022-05-16 10:05:05,727] {dag.py:2371} INFO - Sync 1 DAGs
[2022-05-16 10:05:05,742] {logging_mixin.py:115} INFO - [2022-05-16 10:05:05,742] {dag.py:2919} INFO - Setting next_dagrun for example_bash_operator to 2022-05-15T00:00:00+00:00, run_after=2022-05-16T00:00:00+00:00
[2022-05-16 10:05:05,748] {processor.py:161} INFO - Processing /home/airflow/.local/lib/python3.7/site-packages/airflow/example_dags/example_bash_operator.py took 0.049 seconds
[2022-05-16 10:05:36,527] {processor.py:153} INFO - Started process (PID=2752) to work on /home/airflow/.local/lib/python3.7/site-packages/airflow/example_dags/example_bash_operator.py
[2022-05-16 10:05:36,531] {processor.py:641} INFO - Processing file /home/airflow/.local/lib/python3.7/site-packages/airflow/example_dags/example_bash_operator.py for tasks to queue
[2022-05-16 10:05:36,534] {logging_mixin.py:115} INFO - [2022-05-16 10:05:36,533] {dagbag.py:507} INFO - Filling up the DagBag from /home/airflow/.local/lib/python3.7/site-packages/airflow/example_dags/example_bash_operator.py
[2022-05-16 10:05:36,544] {processor.py:651} INFO - DAG(s) dict_keys(['example_bash_operator']) retrieved from /home/airflow/.local/lib/python3.7/site-packages/airflow/example_dags/example_bash_operator.py
[2022-05-16 10:05:36,579] {logging_mixin.py:115} INFO - [2022-05-16 10:05:36,579] {dag.py:2371} INFO - Sync 1 DAGs
[2022-05-16 10:05:36,600] {logging_mixin.py:115} INFO - [2022-05-16 10:05:36,600] {dag.py:2919} INFO - Setting next_dagrun for example_bash_operator to 2022-05-15T00:00:00+00:00, run_after=2022-05-16T00:00:00+00:00
[2022-05-16 10:05:36,612] {processor.py:161} INFO - Processing /home/airflow/.local/lib/python3.7/site-packages/airflow/example_dags/example_bash_operator.py took 0.086 seconds
[2022-05-16 10:06:06,759] {processor.py:153} INFO - Started process (PID=2995) to work on /home/airflow/.local/lib/python3.7/site-packages/airflow/example_dags/example_bash_operator.py
[2022-05-16 10:06:06,760] {processor.py:641} INFO - Processing file /home/airflow/.local/lib/python3.7/site-packages/airflow/example_dags/example_bash_operator.py for tasks to queue
[2022-05-16 10:06:06,762] {logging_mixin.py:115} INFO - [2022-05-16 10:06:06,761] {dagbag.py:507} INFO - Filling up the DagBag from /home/airflow/.local/lib/python3.7/site-packages/airflow/example_dags/example_bash_operator.py
[2022-05-16 10:06:06,771] {processor.py:651} INFO - DAG(s) dict_keys(['example_bash_operator']) retrieved from /home/airflow/.local/lib/python3.7/site-packages/airflow/example_dags/example_bash_operator.py
[2022-05-16 10:06:06,788] {logging_mixin.py:115} INFO - [2022-05-16 10:06:06,788] {dag.py:2371} INFO - Sync 1 DAGs
[2022-05-16 10:06:06,801] {logging_mixin.py:115} INFO - [2022-05-16 10:06:06,801] {dag.py:2919} INFO - Setting next_dagrun for example_bash_operator to 2022-05-15T00:00:00+00:00, run_after=2022-05-16T00:00:00+00:00
[2022-05-16 10:06:06,811] {processor.py:161} INFO - Processing /home/airflow/.local/lib/python3.7/site-packages/airflow/example_dags/example_bash_operator.py took 0.057 seconds
[2022-05-16 10:06:37,586] {processor.py:153} INFO - Started process (PID=3205) to work on /home/airflow/.local/lib/python3.7/site-packages/airflow/example_dags/example_bash_operator.py
[2022-05-16 10:06:37,587] {processor.py:641} INFO - Processing file /home/airflow/.local/lib/python3.7/site-packages/airflow/example_dags/example_bash_operator.py for tasks to queue
[2022-05-16 10:06:37,588] {logging_mixin.py:115} INFO - [2022-05-16 10:06:37,588] {dagbag.py:507} INFO - Filling up the DagBag from /home/airflow/.local/lib/python3.7/site-packages/airflow/example_dags/example_bash_operator.py
[2022-05-16 10:06:37,595] {processor.py:651} INFO - DAG(s) dict_keys(['example_bash_operator']) retrieved from /home/airflow/.local/lib/python3.7/site-packages/airflow/example_dags/example_bash_operator.py
[2022-05-16 10:06:37,611] {logging_mixin.py:115} INFO - [2022-05-16 10:06:37,611] {dag.py:2371} INFO - Sync 1 DAGs
[2022-05-16 10:06:37,624] {logging_mixin.py:115} INFO - [2022-05-16 10:06:37,624] {dag.py:2919} INFO - Setting next_dagrun for example_bash_operator to 2022-05-15T00:00:00+00:00, run_after=2022-05-16T00:00:00+00:00
[2022-05-16 10:06:37,631] {processor.py:161} INFO - Processing /home/airflow/.local/lib/python3.7/site-packages/airflow/example_dags/example_bash_operator.py took 0.046 seconds
[2022-05-16 10:07:08,696] {processor.py:153} INFO - Started process (PID=3426) to work on /home/airflow/.local/lib/python3.7/site-packages/airflow/example_dags/example_bash_operator.py
[2022-05-16 10:07:08,697] {processor.py:641} INFO - Processing file /home/airflow/.local/lib/python3.7/site-packages/airflow/example_dags/example_bash_operator.py for tasks to queue
[2022-05-16 10:07:08,698] {logging_mixin.py:115} INFO - [2022-05-16 10:07:08,698] {dagbag.py:507} INFO - Filling up the DagBag from /home/airflow/.local/lib/python3.7/site-packages/airflow/example_dags/example_bash_operator.py
[2022-05-16 10:07:08,705] {processor.py:651} INFO - DAG(s) dict_keys(['example_bash_operator']) retrieved from /home/airflow/.local/lib/python3.7/site-packages/airflow/example_dags/example_bash_operator.py
[2022-05-16 10:07:08,722] {logging_mixin.py:115} INFO - [2022-05-16 10:07:08,722] {dag.py:2371} INFO - Sync 1 DAGs
[2022-05-16 10:07:08,734] {logging_mixin.py:115} INFO - [2022-05-16 10:07:08,734] {dag.py:2919} INFO - Setting next_dagrun for example_bash_operator to 2022-05-15T00:00:00+00:00, run_after=2022-05-16T00:00:00+00:00
[2022-05-16 10:07:08,740] {processor.py:161} INFO - Processing /home/airflow/.local/lib/python3.7/site-packages/airflow/example_dags/example_bash_operator.py took 0.047 seconds
