[2022-05-16 10:00:55,388] {processor.py:153} INFO - Started process (PID=255) to work on /home/airflow/.local/lib/python3.7/site-packages/airflow/example_dags/example_task_group.py
[2022-05-16 10:00:55,389] {processor.py:641} INFO - Processing file /home/airflow/.local/lib/python3.7/site-packages/airflow/example_dags/example_task_group.py for tasks to queue
[2022-05-16 10:00:55,391] {logging_mixin.py:115} INFO - [2022-05-16 10:00:55,390] {dagbag.py:507} INFO - Filling up the DagBag from /home/airflow/.local/lib/python3.7/site-packages/airflow/example_dags/example_task_group.py
[2022-05-16 10:00:55,401] {processor.py:651} INFO - DAG(s) dict_keys(['example_task_group']) retrieved from /home/airflow/.local/lib/python3.7/site-packages/airflow/example_dags/example_task_group.py
[2022-05-16 10:00:55,458] {logging_mixin.py:115} INFO - [2022-05-16 10:00:55,457] {dag.py:2371} INFO - Sync 1 DAGs
[2022-05-16 10:00:55,649] {logging_mixin.py:115} INFO - [2022-05-16 10:00:55,649] {dag.py:2919} INFO - Setting next_dagrun for example_task_group to 2022-05-15T10:00:55.649326+00:00, run_after=2022-05-16T10:00:55.649326+00:00
[2022-05-16 10:00:55,738] {processor.py:161} INFO - Processing /home/airflow/.local/lib/python3.7/site-packages/airflow/example_dags/example_task_group.py took 0.356 seconds
[2022-05-16 10:01:26,288] {processor.py:153} INFO - Started process (PID=638) to work on /home/airflow/.local/lib/python3.7/site-packages/airflow/example_dags/example_task_group.py
[2022-05-16 10:01:26,289] {processor.py:641} INFO - Processing file /home/airflow/.local/lib/python3.7/site-packages/airflow/example_dags/example_task_group.py for tasks to queue
[2022-05-16 10:01:26,290] {logging_mixin.py:115} INFO - [2022-05-16 10:01:26,290] {dagbag.py:507} INFO - Filling up the DagBag from /home/airflow/.local/lib/python3.7/site-packages/airflow/example_dags/example_task_group.py
[2022-05-16 10:01:26,326] {processor.py:651} INFO - DAG(s) dict_keys(['example_task_group']) retrieved from /home/airflow/.local/lib/python3.7/site-packages/airflow/example_dags/example_task_group.py
[2022-05-16 10:01:26,375] {logging_mixin.py:115} INFO - [2022-05-16 10:01:26,375] {dag.py:2371} INFO - Sync 1 DAGs
[2022-05-16 10:01:26,399] {logging_mixin.py:115} INFO - [2022-05-16 10:01:26,399] {dag.py:2919} INFO - Setting next_dagrun for example_task_group to 2022-05-15T10:01:26.399330+00:00, run_after=2022-05-16T10:01:26.399330+00:00
[2022-05-16 10:01:26,408] {processor.py:161} INFO - Processing /home/airflow/.local/lib/python3.7/site-packages/airflow/example_dags/example_task_group.py took 0.123 seconds
[2022-05-16 10:01:57,290] {processor.py:153} INFO - Started process (PID=862) to work on /home/airflow/.local/lib/python3.7/site-packages/airflow/example_dags/example_task_group.py
[2022-05-16 10:01:57,291] {processor.py:641} INFO - Processing file /home/airflow/.local/lib/python3.7/site-packages/airflow/example_dags/example_task_group.py for tasks to queue
[2022-05-16 10:01:57,293] {logging_mixin.py:115} INFO - [2022-05-16 10:01:57,293] {dagbag.py:507} INFO - Filling up the DagBag from /home/airflow/.local/lib/python3.7/site-packages/airflow/example_dags/example_task_group.py
[2022-05-16 10:01:57,302] {processor.py:651} INFO - DAG(s) dict_keys(['example_task_group']) retrieved from /home/airflow/.local/lib/python3.7/site-packages/airflow/example_dags/example_task_group.py
[2022-05-16 10:01:57,376] {logging_mixin.py:115} INFO - [2022-05-16 10:01:57,376] {dag.py:2371} INFO - Sync 1 DAGs
[2022-05-16 10:01:57,462] {logging_mixin.py:115} INFO - [2022-05-16 10:01:57,462] {dag.py:2919} INFO - Setting next_dagrun for example_task_group to 2022-05-15T10:01:57.462463+00:00, run_after=2022-05-16T10:01:57.462463+00:00
[2022-05-16 10:01:57,479] {processor.py:161} INFO - Processing /home/airflow/.local/lib/python3.7/site-packages/airflow/example_dags/example_task_group.py took 0.192 seconds
[2022-05-16 10:02:27,899] {processor.py:153} INFO - Started process (PID=1075) to work on /home/airflow/.local/lib/python3.7/site-packages/airflow/example_dags/example_task_group.py
[2022-05-16 10:02:27,900] {processor.py:641} INFO - Processing file /home/airflow/.local/lib/python3.7/site-packages/airflow/example_dags/example_task_group.py for tasks to queue
[2022-05-16 10:02:27,903] {logging_mixin.py:115} INFO - [2022-05-16 10:02:27,903] {dagbag.py:507} INFO - Filling up the DagBag from /home/airflow/.local/lib/python3.7/site-packages/airflow/example_dags/example_task_group.py
[2022-05-16 10:02:27,911] {processor.py:651} INFO - DAG(s) dict_keys(['example_task_group']) retrieved from /home/airflow/.local/lib/python3.7/site-packages/airflow/example_dags/example_task_group.py
[2022-05-16 10:02:27,941] {logging_mixin.py:115} INFO - [2022-05-16 10:02:27,941] {dag.py:2371} INFO - Sync 1 DAGs
[2022-05-16 10:02:27,962] {logging_mixin.py:115} INFO - [2022-05-16 10:02:27,961] {dag.py:2919} INFO - Setting next_dagrun for example_task_group to 2022-05-15T10:02:27.961563+00:00, run_after=2022-05-16T10:02:27.961563+00:00
[2022-05-16 10:02:27,974] {processor.py:161} INFO - Processing /home/airflow/.local/lib/python3.7/site-packages/airflow/example_dags/example_task_group.py took 0.078 seconds
[2022-05-16 10:02:58,470] {processor.py:153} INFO - Started process (PID=1307) to work on /home/airflow/.local/lib/python3.7/site-packages/airflow/example_dags/example_task_group.py
[2022-05-16 10:02:58,471] {processor.py:641} INFO - Processing file /home/airflow/.local/lib/python3.7/site-packages/airflow/example_dags/example_task_group.py for tasks to queue
[2022-05-16 10:02:58,472] {logging_mixin.py:115} INFO - [2022-05-16 10:02:58,472] {dagbag.py:507} INFO - Filling up the DagBag from /home/airflow/.local/lib/python3.7/site-packages/airflow/example_dags/example_task_group.py
[2022-05-16 10:02:58,477] {processor.py:651} INFO - DAG(s) dict_keys(['example_task_group']) retrieved from /home/airflow/.local/lib/python3.7/site-packages/airflow/example_dags/example_task_group.py
[2022-05-16 10:02:58,496] {logging_mixin.py:115} INFO - [2022-05-16 10:02:58,496] {dag.py:2371} INFO - Sync 1 DAGs
[2022-05-16 10:02:58,509] {logging_mixin.py:115} INFO - [2022-05-16 10:02:58,509] {dag.py:2919} INFO - Setting next_dagrun for example_task_group to 2022-05-15T10:02:58.509640+00:00, run_after=2022-05-16T10:02:58.509640+00:00
[2022-05-16 10:02:58,518] {processor.py:161} INFO - Processing /home/airflow/.local/lib/python3.7/site-packages/airflow/example_dags/example_task_group.py took 0.050 seconds
[2022-05-16 10:03:29,284] {processor.py:153} INFO - Started process (PID=1528) to work on /home/airflow/.local/lib/python3.7/site-packages/airflow/example_dags/example_task_group.py
[2022-05-16 10:03:29,285] {processor.py:641} INFO - Processing file /home/airflow/.local/lib/python3.7/site-packages/airflow/example_dags/example_task_group.py for tasks to queue
[2022-05-16 10:03:29,286] {logging_mixin.py:115} INFO - [2022-05-16 10:03:29,286] {dagbag.py:507} INFO - Filling up the DagBag from /home/airflow/.local/lib/python3.7/site-packages/airflow/example_dags/example_task_group.py
[2022-05-16 10:03:29,291] {processor.py:651} INFO - DAG(s) dict_keys(['example_task_group']) retrieved from /home/airflow/.local/lib/python3.7/site-packages/airflow/example_dags/example_task_group.py
[2022-05-16 10:03:29,309] {logging_mixin.py:115} INFO - [2022-05-16 10:03:29,309] {dag.py:2371} INFO - Sync 1 DAGs
[2022-05-16 10:03:29,321] {logging_mixin.py:115} INFO - [2022-05-16 10:03:29,321] {dag.py:2919} INFO - Setting next_dagrun for example_task_group to 2022-05-15T10:03:29.321590+00:00, run_after=2022-05-16T10:03:29.321590+00:00
[2022-05-16 10:03:29,330] {processor.py:161} INFO - Processing /home/airflow/.local/lib/python3.7/site-packages/airflow/example_dags/example_task_group.py took 0.049 seconds
[2022-05-16 10:04:00,199] {processor.py:153} INFO - Started process (PID=1750) to work on /home/airflow/.local/lib/python3.7/site-packages/airflow/example_dags/example_task_group.py
[2022-05-16 10:04:00,201] {processor.py:641} INFO - Processing file /home/airflow/.local/lib/python3.7/site-packages/airflow/example_dags/example_task_group.py for tasks to queue
[2022-05-16 10:04:00,202] {logging_mixin.py:115} INFO - [2022-05-16 10:04:00,202] {dagbag.py:507} INFO - Filling up the DagBag from /home/airflow/.local/lib/python3.7/site-packages/airflow/example_dags/example_task_group.py
[2022-05-16 10:04:00,207] {processor.py:651} INFO - DAG(s) dict_keys(['example_task_group']) retrieved from /home/airflow/.local/lib/python3.7/site-packages/airflow/example_dags/example_task_group.py
[2022-05-16 10:04:00,224] {logging_mixin.py:115} INFO - [2022-05-16 10:04:00,224] {dag.py:2371} INFO - Sync 1 DAGs
[2022-05-16 10:04:00,236] {logging_mixin.py:115} INFO - [2022-05-16 10:04:00,236] {dag.py:2919} INFO - Setting next_dagrun for example_task_group to 2022-05-15T10:04:00.235881+00:00, run_after=2022-05-16T10:04:00.235881+00:00
[2022-05-16 10:04:00,242] {processor.py:161} INFO - Processing /home/airflow/.local/lib/python3.7/site-packages/airflow/example_dags/example_task_group.py took 0.045 seconds
[2022-05-16 10:04:31,010] {processor.py:153} INFO - Started process (PID=1976) to work on /home/airflow/.local/lib/python3.7/site-packages/airflow/example_dags/example_task_group.py
[2022-05-16 10:04:31,011] {processor.py:641} INFO - Processing file /home/airflow/.local/lib/python3.7/site-packages/airflow/example_dags/example_task_group.py for tasks to queue
[2022-05-16 10:04:31,012] {logging_mixin.py:115} INFO - [2022-05-16 10:04:31,012] {dagbag.py:507} INFO - Filling up the DagBag from /home/airflow/.local/lib/python3.7/site-packages/airflow/example_dags/example_task_group.py
[2022-05-16 10:04:31,017] {processor.py:651} INFO - DAG(s) dict_keys(['example_task_group']) retrieved from /home/airflow/.local/lib/python3.7/site-packages/airflow/example_dags/example_task_group.py
[2022-05-16 10:04:31,038] {logging_mixin.py:115} INFO - [2022-05-16 10:04:31,038] {dag.py:2371} INFO - Sync 1 DAGs
[2022-05-16 10:04:31,051] {logging_mixin.py:115} INFO - [2022-05-16 10:04:31,051] {dag.py:2919} INFO - Setting next_dagrun for example_task_group to 2022-05-15T10:04:31.051094+00:00, run_after=2022-05-16T10:04:31.051094+00:00
[2022-05-16 10:04:31,059] {processor.py:161} INFO - Processing /home/airflow/.local/lib/python3.7/site-packages/airflow/example_dags/example_task_group.py took 0.051 seconds
[2022-05-16 10:05:01,689] {processor.py:153} INFO - Started process (PID=2198) to work on /home/airflow/.local/lib/python3.7/site-packages/airflow/example_dags/example_task_group.py
[2022-05-16 10:05:01,691] {processor.py:641} INFO - Processing file /home/airflow/.local/lib/python3.7/site-packages/airflow/example_dags/example_task_group.py for tasks to queue
[2022-05-16 10:05:01,692] {logging_mixin.py:115} INFO - [2022-05-16 10:05:01,692] {dagbag.py:507} INFO - Filling up the DagBag from /home/airflow/.local/lib/python3.7/site-packages/airflow/example_dags/example_task_group.py
[2022-05-16 10:05:01,699] {processor.py:651} INFO - DAG(s) dict_keys(['example_task_group']) retrieved from /home/airflow/.local/lib/python3.7/site-packages/airflow/example_dags/example_task_group.py
[2022-05-16 10:05:01,718] {logging_mixin.py:115} INFO - [2022-05-16 10:05:01,718] {dag.py:2371} INFO - Sync 1 DAGs
[2022-05-16 10:05:01,731] {logging_mixin.py:115} INFO - [2022-05-16 10:05:01,731] {dag.py:2919} INFO - Setting next_dagrun for example_task_group to 2022-05-15T10:05:01.731438+00:00, run_after=2022-05-16T10:05:01.731438+00:00
[2022-05-16 10:05:01,740] {processor.py:161} INFO - Processing /home/airflow/.local/lib/python3.7/site-packages/airflow/example_dags/example_task_group.py took 0.053 seconds
[2022-05-16 10:05:32,508] {processor.py:153} INFO - Started process (PID=2491) to work on /home/airflow/.local/lib/python3.7/site-packages/airflow/example_dags/example_task_group.py
[2022-05-16 10:05:32,512] {processor.py:641} INFO - Processing file /home/airflow/.local/lib/python3.7/site-packages/airflow/example_dags/example_task_group.py for tasks to queue
[2022-05-16 10:05:32,513] {logging_mixin.py:115} INFO - [2022-05-16 10:05:32,513] {dagbag.py:507} INFO - Filling up the DagBag from /home/airflow/.local/lib/python3.7/site-packages/airflow/example_dags/example_task_group.py
[2022-05-16 10:05:32,521] {processor.py:651} INFO - DAG(s) dict_keys(['example_task_group']) retrieved from /home/airflow/.local/lib/python3.7/site-packages/airflow/example_dags/example_task_group.py
[2022-05-16 10:05:32,541] {logging_mixin.py:115} INFO - [2022-05-16 10:05:32,541] {dag.py:2371} INFO - Sync 1 DAGs
[2022-05-16 10:05:32,555] {logging_mixin.py:115} INFO - [2022-05-16 10:05:32,555] {dag.py:2919} INFO - Setting next_dagrun for example_task_group to 2022-05-15T10:05:32.555344+00:00, run_after=2022-05-16T10:05:32.555344+00:00
[2022-05-16 10:05:32,566] {processor.py:161} INFO - Processing /home/airflow/.local/lib/python3.7/site-packages/airflow/example_dags/example_task_group.py took 0.061 seconds
[2022-05-16 10:06:02,659] {processor.py:153} INFO - Started process (PID=2878) to work on /home/airflow/.local/lib/python3.7/site-packages/airflow/example_dags/example_task_group.py
[2022-05-16 10:06:02,660] {processor.py:641} INFO - Processing file /home/airflow/.local/lib/python3.7/site-packages/airflow/example_dags/example_task_group.py for tasks to queue
[2022-05-16 10:06:02,661] {logging_mixin.py:115} INFO - [2022-05-16 10:06:02,661] {dagbag.py:507} INFO - Filling up the DagBag from /home/airflow/.local/lib/python3.7/site-packages/airflow/example_dags/example_task_group.py
[2022-05-16 10:06:02,666] {processor.py:651} INFO - DAG(s) dict_keys(['example_task_group']) retrieved from /home/airflow/.local/lib/python3.7/site-packages/airflow/example_dags/example_task_group.py
[2022-05-16 10:06:02,685] {logging_mixin.py:115} INFO - [2022-05-16 10:06:02,685] {dag.py:2371} INFO - Sync 1 DAGs
[2022-05-16 10:06:02,701] {logging_mixin.py:115} INFO - [2022-05-16 10:06:02,701] {dag.py:2919} INFO - Setting next_dagrun for example_task_group to 2022-05-15T10:06:02.700971+00:00, run_after=2022-05-16T10:06:02.700971+00:00
[2022-05-16 10:06:02,708] {processor.py:161} INFO - Processing /home/airflow/.local/lib/python3.7/site-packages/airflow/example_dags/example_task_group.py took 0.052 seconds
[2022-05-16 10:06:33,705] {processor.py:153} INFO - Started process (PID=3100) to work on /home/airflow/.local/lib/python3.7/site-packages/airflow/example_dags/example_task_group.py
[2022-05-16 10:06:33,707] {processor.py:641} INFO - Processing file /home/airflow/.local/lib/python3.7/site-packages/airflow/example_dags/example_task_group.py for tasks to queue
[2022-05-16 10:06:33,708] {logging_mixin.py:115} INFO - [2022-05-16 10:06:33,708] {dagbag.py:507} INFO - Filling up the DagBag from /home/airflow/.local/lib/python3.7/site-packages/airflow/example_dags/example_task_group.py
[2022-05-16 10:06:33,713] {processor.py:651} INFO - DAG(s) dict_keys(['example_task_group']) retrieved from /home/airflow/.local/lib/python3.7/site-packages/airflow/example_dags/example_task_group.py
[2022-05-16 10:06:33,735] {logging_mixin.py:115} INFO - [2022-05-16 10:06:33,735] {dag.py:2371} INFO - Sync 1 DAGs
[2022-05-16 10:06:33,749] {logging_mixin.py:115} INFO - [2022-05-16 10:06:33,749] {dag.py:2919} INFO - Setting next_dagrun for example_task_group to 2022-05-15T10:06:33.749226+00:00, run_after=2022-05-16T10:06:33.749226+00:00
[2022-05-16 10:06:33,757] {processor.py:161} INFO - Processing /home/airflow/.local/lib/python3.7/site-packages/airflow/example_dags/example_task_group.py took 0.054 seconds
[2022-05-16 10:07:04,647] {processor.py:153} INFO - Started process (PID=3321) to work on /home/airflow/.local/lib/python3.7/site-packages/airflow/example_dags/example_task_group.py
[2022-05-16 10:07:04,653] {processor.py:641} INFO - Processing file /home/airflow/.local/lib/python3.7/site-packages/airflow/example_dags/example_task_group.py for tasks to queue
[2022-05-16 10:07:04,655] {logging_mixin.py:115} INFO - [2022-05-16 10:07:04,654] {dagbag.py:507} INFO - Filling up the DagBag from /home/airflow/.local/lib/python3.7/site-packages/airflow/example_dags/example_task_group.py
[2022-05-16 10:07:04,660] {processor.py:651} INFO - DAG(s) dict_keys(['example_task_group']) retrieved from /home/airflow/.local/lib/python3.7/site-packages/airflow/example_dags/example_task_group.py
[2022-05-16 10:07:04,677] {logging_mixin.py:115} INFO - [2022-05-16 10:07:04,677] {dag.py:2371} INFO - Sync 1 DAGs
[2022-05-16 10:07:04,689] {logging_mixin.py:115} INFO - [2022-05-16 10:07:04,689] {dag.py:2919} INFO - Setting next_dagrun for example_task_group to 2022-05-15T10:07:04.689130+00:00, run_after=2022-05-16T10:07:04.689130+00:00
[2022-05-16 10:07:04,696] {processor.py:161} INFO - Processing /home/airflow/.local/lib/python3.7/site-packages/airflow/example_dags/example_task_group.py took 0.051 seconds
