[2022-05-16 10:00:56,576] {processor.py:153} INFO - Started process (PID=293) to work on /home/airflow/.local/lib/python3.7/site-packages/airflow/example_dags/example_skip_dag.py
[2022-05-16 10:00:56,580] {processor.py:641} INFO - Processing file /home/airflow/.local/lib/python3.7/site-packages/airflow/example_dags/example_skip_dag.py for tasks to queue
[2022-05-16 10:00:56,582] {logging_mixin.py:115} INFO - [2022-05-16 10:00:56,582] {dagbag.py:507} INFO - Filling up the DagBag from /home/airflow/.local/lib/python3.7/site-packages/airflow/example_dags/example_skip_dag.py
[2022-05-16 10:00:56,600] {processor.py:651} INFO - DAG(s) dict_keys(['example_skip_dag']) retrieved from /home/airflow/.local/lib/python3.7/site-packages/airflow/example_dags/example_skip_dag.py
[2022-05-16 10:00:56,672] {logging_mixin.py:115} INFO - [2022-05-16 10:00:56,672] {dag.py:2371} INFO - Sync 1 DAGs
[2022-05-16 10:00:56,745] {logging_mixin.py:115} INFO - [2022-05-16 10:00:56,745] {dag.py:2919} INFO - Setting next_dagrun for example_skip_dag to 2022-05-15T10:00:56.745343+00:00, run_after=2022-05-16T10:00:56.745343+00:00
[2022-05-16 10:00:56,793] {processor.py:161} INFO - Processing /home/airflow/.local/lib/python3.7/site-packages/airflow/example_dags/example_skip_dag.py took 0.221 seconds
[2022-05-16 10:01:27,719] {processor.py:153} INFO - Started process (PID=671) to work on /home/airflow/.local/lib/python3.7/site-packages/airflow/example_dags/example_skip_dag.py
[2022-05-16 10:01:27,721] {processor.py:641} INFO - Processing file /home/airflow/.local/lib/python3.7/site-packages/airflow/example_dags/example_skip_dag.py for tasks to queue
[2022-05-16 10:01:27,723] {logging_mixin.py:115} INFO - [2022-05-16 10:01:27,723] {dagbag.py:507} INFO - Filling up the DagBag from /home/airflow/.local/lib/python3.7/site-packages/airflow/example_dags/example_skip_dag.py
[2022-05-16 10:01:27,730] {processor.py:651} INFO - DAG(s) dict_keys(['example_skip_dag']) retrieved from /home/airflow/.local/lib/python3.7/site-packages/airflow/example_dags/example_skip_dag.py
[2022-05-16 10:01:27,773] {logging_mixin.py:115} INFO - [2022-05-16 10:01:27,773] {dag.py:2371} INFO - Sync 1 DAGs
[2022-05-16 10:01:27,790] {logging_mixin.py:115} INFO - [2022-05-16 10:01:27,790] {dag.py:2919} INFO - Setting next_dagrun for example_skip_dag to 2022-05-15T10:01:27.790097+00:00, run_after=2022-05-16T10:01:27.790097+00:00
[2022-05-16 10:01:27,802] {processor.py:161} INFO - Processing /home/airflow/.local/lib/python3.7/site-packages/airflow/example_dags/example_skip_dag.py took 0.087 seconds
[2022-05-16 10:01:58,148] {processor.py:153} INFO - Started process (PID=897) to work on /home/airflow/.local/lib/python3.7/site-packages/airflow/example_dags/example_skip_dag.py
[2022-05-16 10:01:58,149] {processor.py:641} INFO - Processing file /home/airflow/.local/lib/python3.7/site-packages/airflow/example_dags/example_skip_dag.py for tasks to queue
[2022-05-16 10:01:58,152] {logging_mixin.py:115} INFO - [2022-05-16 10:01:58,151] {dagbag.py:507} INFO - Filling up the DagBag from /home/airflow/.local/lib/python3.7/site-packages/airflow/example_dags/example_skip_dag.py
[2022-05-16 10:01:58,162] {processor.py:651} INFO - DAG(s) dict_keys(['example_skip_dag']) retrieved from /home/airflow/.local/lib/python3.7/site-packages/airflow/example_dags/example_skip_dag.py
[2022-05-16 10:01:58,204] {logging_mixin.py:115} INFO - [2022-05-16 10:01:58,204] {dag.py:2371} INFO - Sync 1 DAGs
[2022-05-16 10:01:58,220] {logging_mixin.py:115} INFO - [2022-05-16 10:01:58,220] {dag.py:2919} INFO - Setting next_dagrun for example_skip_dag to 2022-05-15T10:01:58.220456+00:00, run_after=2022-05-16T10:01:58.220456+00:00
[2022-05-16 10:01:58,230] {processor.py:161} INFO - Processing /home/airflow/.local/lib/python3.7/site-packages/airflow/example_dags/example_skip_dag.py took 0.088 seconds
[2022-05-16 10:02:28,354] {processor.py:153} INFO - Started process (PID=1110) to work on /home/airflow/.local/lib/python3.7/site-packages/airflow/example_dags/example_skip_dag.py
[2022-05-16 10:02:28,357] {processor.py:641} INFO - Processing file /home/airflow/.local/lib/python3.7/site-packages/airflow/example_dags/example_skip_dag.py for tasks to queue
[2022-05-16 10:02:28,360] {logging_mixin.py:115} INFO - [2022-05-16 10:02:28,359] {dagbag.py:507} INFO - Filling up the DagBag from /home/airflow/.local/lib/python3.7/site-packages/airflow/example_dags/example_skip_dag.py
[2022-05-16 10:02:28,372] {processor.py:651} INFO - DAG(s) dict_keys(['example_skip_dag']) retrieved from /home/airflow/.local/lib/python3.7/site-packages/airflow/example_dags/example_skip_dag.py
[2022-05-16 10:02:28,404] {logging_mixin.py:115} INFO - [2022-05-16 10:02:28,404] {dag.py:2371} INFO - Sync 1 DAGs
[2022-05-16 10:02:28,424] {logging_mixin.py:115} INFO - [2022-05-16 10:02:28,423] {dag.py:2919} INFO - Setting next_dagrun for example_skip_dag to 2022-05-15T10:02:28.423812+00:00, run_after=2022-05-16T10:02:28.423812+00:00
[2022-05-16 10:02:28,434] {processor.py:161} INFO - Processing /home/airflow/.local/lib/python3.7/site-packages/airflow/example_dags/example_skip_dag.py took 0.089 seconds
[2022-05-16 10:02:58,709] {processor.py:153} INFO - Started process (PID=1342) to work on /home/airflow/.local/lib/python3.7/site-packages/airflow/example_dags/example_skip_dag.py
[2022-05-16 10:02:58,711] {processor.py:641} INFO - Processing file /home/airflow/.local/lib/python3.7/site-packages/airflow/example_dags/example_skip_dag.py for tasks to queue
[2022-05-16 10:02:58,711] {logging_mixin.py:115} INFO - [2022-05-16 10:02:58,711] {dagbag.py:507} INFO - Filling up the DagBag from /home/airflow/.local/lib/python3.7/site-packages/airflow/example_dags/example_skip_dag.py
[2022-05-16 10:02:58,715] {processor.py:651} INFO - DAG(s) dict_keys(['example_skip_dag']) retrieved from /home/airflow/.local/lib/python3.7/site-packages/airflow/example_dags/example_skip_dag.py
[2022-05-16 10:02:58,732] {logging_mixin.py:115} INFO - [2022-05-16 10:02:58,732] {dag.py:2371} INFO - Sync 1 DAGs
[2022-05-16 10:02:58,746] {logging_mixin.py:115} INFO - [2022-05-16 10:02:58,746] {dag.py:2919} INFO - Setting next_dagrun for example_skip_dag to 2022-05-15T10:02:58.745928+00:00, run_after=2022-05-16T10:02:58.745928+00:00
[2022-05-16 10:02:58,753] {processor.py:161} INFO - Processing /home/airflow/.local/lib/python3.7/site-packages/airflow/example_dags/example_skip_dag.py took 0.045 seconds
[2022-05-16 10:03:29,529] {processor.py:153} INFO - Started process (PID=1563) to work on /home/airflow/.local/lib/python3.7/site-packages/airflow/example_dags/example_skip_dag.py
[2022-05-16 10:03:29,531] {processor.py:641} INFO - Processing file /home/airflow/.local/lib/python3.7/site-packages/airflow/example_dags/example_skip_dag.py for tasks to queue
[2022-05-16 10:03:29,531] {logging_mixin.py:115} INFO - [2022-05-16 10:03:29,531] {dagbag.py:507} INFO - Filling up the DagBag from /home/airflow/.local/lib/python3.7/site-packages/airflow/example_dags/example_skip_dag.py
[2022-05-16 10:03:29,536] {processor.py:651} INFO - DAG(s) dict_keys(['example_skip_dag']) retrieved from /home/airflow/.local/lib/python3.7/site-packages/airflow/example_dags/example_skip_dag.py
[2022-05-16 10:03:29,554] {logging_mixin.py:115} INFO - [2022-05-16 10:03:29,554] {dag.py:2371} INFO - Sync 1 DAGs
[2022-05-16 10:03:29,569] {logging_mixin.py:115} INFO - [2022-05-16 10:03:29,569] {dag.py:2919} INFO - Setting next_dagrun for example_skip_dag to 2022-05-15T10:03:29.569240+00:00, run_after=2022-05-16T10:03:29.569240+00:00
[2022-05-16 10:03:29,579] {processor.py:161} INFO - Processing /home/airflow/.local/lib/python3.7/site-packages/airflow/example_dags/example_skip_dag.py took 0.051 seconds
[2022-05-16 10:04:00,541] {processor.py:153} INFO - Started process (PID=1783) to work on /home/airflow/.local/lib/python3.7/site-packages/airflow/example_dags/example_skip_dag.py
[2022-05-16 10:04:00,543] {processor.py:641} INFO - Processing file /home/airflow/.local/lib/python3.7/site-packages/airflow/example_dags/example_skip_dag.py for tasks to queue
[2022-05-16 10:04:00,544] {logging_mixin.py:115} INFO - [2022-05-16 10:04:00,544] {dagbag.py:507} INFO - Filling up the DagBag from /home/airflow/.local/lib/python3.7/site-packages/airflow/example_dags/example_skip_dag.py
[2022-05-16 10:04:00,550] {processor.py:651} INFO - DAG(s) dict_keys(['example_skip_dag']) retrieved from /home/airflow/.local/lib/python3.7/site-packages/airflow/example_dags/example_skip_dag.py
[2022-05-16 10:04:00,571] {logging_mixin.py:115} INFO - [2022-05-16 10:04:00,571] {dag.py:2371} INFO - Sync 1 DAGs
[2022-05-16 10:04:00,585] {logging_mixin.py:115} INFO - [2022-05-16 10:04:00,585] {dag.py:2919} INFO - Setting next_dagrun for example_skip_dag to 2022-05-15T10:04:00.585493+00:00, run_after=2022-05-16T10:04:00.585493+00:00
[2022-05-16 10:04:00,593] {processor.py:161} INFO - Processing /home/airflow/.local/lib/python3.7/site-packages/airflow/example_dags/example_skip_dag.py took 0.055 seconds
[2022-05-16 10:04:31,250] {processor.py:153} INFO - Started process (PID=2011) to work on /home/airflow/.local/lib/python3.7/site-packages/airflow/example_dags/example_skip_dag.py
[2022-05-16 10:04:31,252] {processor.py:641} INFO - Processing file /home/airflow/.local/lib/python3.7/site-packages/airflow/example_dags/example_skip_dag.py for tasks to queue
[2022-05-16 10:04:31,253] {logging_mixin.py:115} INFO - [2022-05-16 10:04:31,253] {dagbag.py:507} INFO - Filling up the DagBag from /home/airflow/.local/lib/python3.7/site-packages/airflow/example_dags/example_skip_dag.py
[2022-05-16 10:04:31,257] {processor.py:651} INFO - DAG(s) dict_keys(['example_skip_dag']) retrieved from /home/airflow/.local/lib/python3.7/site-packages/airflow/example_dags/example_skip_dag.py
[2022-05-16 10:04:31,274] {logging_mixin.py:115} INFO - [2022-05-16 10:04:31,274] {dag.py:2371} INFO - Sync 1 DAGs
[2022-05-16 10:04:31,287] {logging_mixin.py:115} INFO - [2022-05-16 10:04:31,287] {dag.py:2919} INFO - Setting next_dagrun for example_skip_dag to 2022-05-15T10:04:31.286849+00:00, run_after=2022-05-16T10:04:31.286849+00:00
[2022-05-16 10:04:31,294] {processor.py:161} INFO - Processing /home/airflow/.local/lib/python3.7/site-packages/airflow/example_dags/example_skip_dag.py took 0.045 seconds
[2022-05-16 10:05:02,009] {processor.py:153} INFO - Started process (PID=2233) to work on /home/airflow/.local/lib/python3.7/site-packages/airflow/example_dags/example_skip_dag.py
[2022-05-16 10:05:02,010] {processor.py:641} INFO - Processing file /home/airflow/.local/lib/python3.7/site-packages/airflow/example_dags/example_skip_dag.py for tasks to queue
[2022-05-16 10:05:02,011] {logging_mixin.py:115} INFO - [2022-05-16 10:05:02,011] {dagbag.py:507} INFO - Filling up the DagBag from /home/airflow/.local/lib/python3.7/site-packages/airflow/example_dags/example_skip_dag.py
[2022-05-16 10:05:02,015] {processor.py:651} INFO - DAG(s) dict_keys(['example_skip_dag']) retrieved from /home/airflow/.local/lib/python3.7/site-packages/airflow/example_dags/example_skip_dag.py
[2022-05-16 10:05:02,038] {logging_mixin.py:115} INFO - [2022-05-16 10:05:02,038] {dag.py:2371} INFO - Sync 1 DAGs
[2022-05-16 10:05:02,055] {logging_mixin.py:115} INFO - [2022-05-16 10:05:02,055] {dag.py:2919} INFO - Setting next_dagrun for example_skip_dag to 2022-05-15T10:05:02.055303+00:00, run_after=2022-05-16T10:05:02.055303+00:00
[2022-05-16 10:05:02,065] {processor.py:161} INFO - Processing /home/airflow/.local/lib/python3.7/site-packages/airflow/example_dags/example_skip_dag.py took 0.059 seconds
[2022-05-16 10:05:32,802] {processor.py:153} INFO - Started process (PID=2562) to work on /home/airflow/.local/lib/python3.7/site-packages/airflow/example_dags/example_skip_dag.py
[2022-05-16 10:05:32,804] {processor.py:641} INFO - Processing file /home/airflow/.local/lib/python3.7/site-packages/airflow/example_dags/example_skip_dag.py for tasks to queue
[2022-05-16 10:05:32,805] {logging_mixin.py:115} INFO - [2022-05-16 10:05:32,805] {dagbag.py:507} INFO - Filling up the DagBag from /home/airflow/.local/lib/python3.7/site-packages/airflow/example_dags/example_skip_dag.py
[2022-05-16 10:05:32,809] {processor.py:651} INFO - DAG(s) dict_keys(['example_skip_dag']) retrieved from /home/airflow/.local/lib/python3.7/site-packages/airflow/example_dags/example_skip_dag.py
[2022-05-16 10:05:32,831] {logging_mixin.py:115} INFO - [2022-05-16 10:05:32,831] {dag.py:2371} INFO - Sync 1 DAGs
[2022-05-16 10:05:32,850] {logging_mixin.py:115} INFO - [2022-05-16 10:05:32,850] {dag.py:2919} INFO - Setting next_dagrun for example_skip_dag to 2022-05-15T10:05:32.849889+00:00, run_after=2022-05-16T10:05:32.849889+00:00
[2022-05-16 10:05:32,861] {processor.py:161} INFO - Processing /home/airflow/.local/lib/python3.7/site-packages/airflow/example_dags/example_skip_dag.py took 0.061 seconds
[2022-05-16 10:06:03,071] {processor.py:153} INFO - Started process (PID=2913) to work on /home/airflow/.local/lib/python3.7/site-packages/airflow/example_dags/example_skip_dag.py
[2022-05-16 10:06:03,074] {processor.py:641} INFO - Processing file /home/airflow/.local/lib/python3.7/site-packages/airflow/example_dags/example_skip_dag.py for tasks to queue
[2022-05-16 10:06:03,076] {logging_mixin.py:115} INFO - [2022-05-16 10:06:03,076] {dagbag.py:507} INFO - Filling up the DagBag from /home/airflow/.local/lib/python3.7/site-packages/airflow/example_dags/example_skip_dag.py
[2022-05-16 10:06:03,084] {processor.py:651} INFO - DAG(s) dict_keys(['example_skip_dag']) retrieved from /home/airflow/.local/lib/python3.7/site-packages/airflow/example_dags/example_skip_dag.py
[2022-05-16 10:06:03,112] {logging_mixin.py:115} INFO - [2022-05-16 10:06:03,112] {dag.py:2371} INFO - Sync 1 DAGs
[2022-05-16 10:06:03,131] {logging_mixin.py:115} INFO - [2022-05-16 10:06:03,131] {dag.py:2919} INFO - Setting next_dagrun for example_skip_dag to 2022-05-15T10:06:03.130522+00:00, run_after=2022-05-16T10:06:03.130522+00:00
[2022-05-16 10:06:03,142] {processor.py:161} INFO - Processing /home/airflow/.local/lib/python3.7/site-packages/airflow/example_dags/example_skip_dag.py took 0.074 seconds
[2022-05-16 10:06:33,951] {processor.py:153} INFO - Started process (PID=3135) to work on /home/airflow/.local/lib/python3.7/site-packages/airflow/example_dags/example_skip_dag.py
[2022-05-16 10:06:33,952] {processor.py:641} INFO - Processing file /home/airflow/.local/lib/python3.7/site-packages/airflow/example_dags/example_skip_dag.py for tasks to queue
[2022-05-16 10:06:33,953] {logging_mixin.py:115} INFO - [2022-05-16 10:06:33,953] {dagbag.py:507} INFO - Filling up the DagBag from /home/airflow/.local/lib/python3.7/site-packages/airflow/example_dags/example_skip_dag.py
[2022-05-16 10:06:33,958] {processor.py:651} INFO - DAG(s) dict_keys(['example_skip_dag']) retrieved from /home/airflow/.local/lib/python3.7/site-packages/airflow/example_dags/example_skip_dag.py
[2022-05-16 10:06:33,974] {logging_mixin.py:115} INFO - [2022-05-16 10:06:33,974] {dag.py:2371} INFO - Sync 1 DAGs
[2022-05-16 10:06:33,988] {logging_mixin.py:115} INFO - [2022-05-16 10:06:33,988] {dag.py:2919} INFO - Setting next_dagrun for example_skip_dag to 2022-05-15T10:06:33.987766+00:00, run_after=2022-05-16T10:06:33.987766+00:00
[2022-05-16 10:06:33,995] {processor.py:161} INFO - Processing /home/airflow/.local/lib/python3.7/site-packages/airflow/example_dags/example_skip_dag.py took 0.045 seconds
[2022-05-16 10:07:04,982] {processor.py:153} INFO - Started process (PID=3356) to work on /home/airflow/.local/lib/python3.7/site-packages/airflow/example_dags/example_skip_dag.py
[2022-05-16 10:07:04,983] {processor.py:641} INFO - Processing file /home/airflow/.local/lib/python3.7/site-packages/airflow/example_dags/example_skip_dag.py for tasks to queue
[2022-05-16 10:07:04,984] {logging_mixin.py:115} INFO - [2022-05-16 10:07:04,984] {dagbag.py:507} INFO - Filling up the DagBag from /home/airflow/.local/lib/python3.7/site-packages/airflow/example_dags/example_skip_dag.py
[2022-05-16 10:07:04,989] {processor.py:651} INFO - DAG(s) dict_keys(['example_skip_dag']) retrieved from /home/airflow/.local/lib/python3.7/site-packages/airflow/example_dags/example_skip_dag.py
[2022-05-16 10:07:05,007] {logging_mixin.py:115} INFO - [2022-05-16 10:07:05,007] {dag.py:2371} INFO - Sync 1 DAGs
[2022-05-16 10:07:05,019] {logging_mixin.py:115} INFO - [2022-05-16 10:07:05,019] {dag.py:2919} INFO - Setting next_dagrun for example_skip_dag to 2022-05-15T10:07:05.019426+00:00, run_after=2022-05-16T10:07:05.019426+00:00
[2022-05-16 10:07:05,027] {processor.py:161} INFO - Processing /home/airflow/.local/lib/python3.7/site-packages/airflow/example_dags/example_skip_dag.py took 0.047 seconds
