[2022-05-16 10:00:59,042] {processor.py:153} INFO - Started process (PID=374) to work on /home/airflow/.local/lib/python3.7/site-packages/airflow/example_dags/example_latest_only.py
[2022-05-16 10:00:59,060] {processor.py:641} INFO - Processing file /home/airflow/.local/lib/python3.7/site-packages/airflow/example_dags/example_latest_only.py for tasks to queue
[2022-05-16 10:00:59,066] {logging_mixin.py:115} INFO - [2022-05-16 10:00:59,066] {dagbag.py:507} INFO - Filling up the DagBag from /home/airflow/.local/lib/python3.7/site-packages/airflow/example_dags/example_latest_only.py
[2022-05-16 10:00:59,092] {processor.py:651} INFO - DAG(s) dict_keys(['latest_only']) retrieved from /home/airflow/.local/lib/python3.7/site-packages/airflow/example_dags/example_latest_only.py
[2022-05-16 10:00:59,149] {logging_mixin.py:115} INFO - [2022-05-16 10:00:59,149] {dag.py:2371} INFO - Sync 1 DAGs
[2022-05-16 10:00:59,184] {logging_mixin.py:115} INFO - [2022-05-16 10:00:59,184] {dag.py:2919} INFO - Setting next_dagrun for latest_only to 2022-05-16T06:00:59.183950+00:00, run_after=2022-05-16T10:00:59.183950+00:00
[2022-05-16 10:00:59,200] {processor.py:161} INFO - Processing /home/airflow/.local/lib/python3.7/site-packages/airflow/example_dags/example_latest_only.py took 0.205 seconds
[2022-05-16 10:01:29,582] {processor.py:153} INFO - Started process (PID=729) to work on /home/airflow/.local/lib/python3.7/site-packages/airflow/example_dags/example_latest_only.py
[2022-05-16 10:01:29,585] {processor.py:641} INFO - Processing file /home/airflow/.local/lib/python3.7/site-packages/airflow/example_dags/example_latest_only.py for tasks to queue
[2022-05-16 10:01:29,591] {logging_mixin.py:115} INFO - [2022-05-16 10:01:29,589] {dagbag.py:507} INFO - Filling up the DagBag from /home/airflow/.local/lib/python3.7/site-packages/airflow/example_dags/example_latest_only.py
[2022-05-16 10:01:29,604] {processor.py:651} INFO - DAG(s) dict_keys(['latest_only']) retrieved from /home/airflow/.local/lib/python3.7/site-packages/airflow/example_dags/example_latest_only.py
[2022-05-16 10:01:29,630] {logging_mixin.py:115} INFO - [2022-05-16 10:01:29,630] {dag.py:2371} INFO - Sync 1 DAGs
[2022-05-16 10:01:29,648] {logging_mixin.py:115} INFO - [2022-05-16 10:01:29,648] {dag.py:2919} INFO - Setting next_dagrun for latest_only to 2022-05-16T06:01:29.648633+00:00, run_after=2022-05-16T10:01:29.648633+00:00
[2022-05-16 10:01:29,663] {processor.py:161} INFO - Processing /home/airflow/.local/lib/python3.7/site-packages/airflow/example_dags/example_latest_only.py took 0.084 seconds
[2022-05-16 10:02:00,292] {processor.py:153} INFO - Started process (PID=953) to work on /home/airflow/.local/lib/python3.7/site-packages/airflow/example_dags/example_latest_only.py
[2022-05-16 10:02:00,294] {processor.py:641} INFO - Processing file /home/airflow/.local/lib/python3.7/site-packages/airflow/example_dags/example_latest_only.py for tasks to queue
[2022-05-16 10:02:00,296] {logging_mixin.py:115} INFO - [2022-05-16 10:02:00,296] {dagbag.py:507} INFO - Filling up the DagBag from /home/airflow/.local/lib/python3.7/site-packages/airflow/example_dags/example_latest_only.py
[2022-05-16 10:02:00,303] {processor.py:651} INFO - DAG(s) dict_keys(['latest_only']) retrieved from /home/airflow/.local/lib/python3.7/site-packages/airflow/example_dags/example_latest_only.py
[2022-05-16 10:02:00,325] {logging_mixin.py:115} INFO - [2022-05-16 10:02:00,325] {dag.py:2371} INFO - Sync 1 DAGs
[2022-05-16 10:02:00,342] {logging_mixin.py:115} INFO - [2022-05-16 10:02:00,342] {dag.py:2919} INFO - Setting next_dagrun for latest_only to 2022-05-16T06:02:00.341872+00:00, run_after=2022-05-16T10:02:00.341872+00:00
[2022-05-16 10:02:00,352] {processor.py:161} INFO - Processing /home/airflow/.local/lib/python3.7/site-packages/airflow/example_dags/example_latest_only.py took 0.063 seconds
[2022-05-16 10:02:31,288] {processor.py:153} INFO - Started process (PID=1180) to work on /home/airflow/.local/lib/python3.7/site-packages/airflow/example_dags/example_latest_only.py
[2022-05-16 10:02:31,289] {processor.py:641} INFO - Processing file /home/airflow/.local/lib/python3.7/site-packages/airflow/example_dags/example_latest_only.py for tasks to queue
[2022-05-16 10:02:31,291] {logging_mixin.py:115} INFO - [2022-05-16 10:02:31,291] {dagbag.py:507} INFO - Filling up the DagBag from /home/airflow/.local/lib/python3.7/site-packages/airflow/example_dags/example_latest_only.py
[2022-05-16 10:02:31,297] {processor.py:651} INFO - DAG(s) dict_keys(['latest_only']) retrieved from /home/airflow/.local/lib/python3.7/site-packages/airflow/example_dags/example_latest_only.py
[2022-05-16 10:02:31,337] {logging_mixin.py:115} INFO - [2022-05-16 10:02:31,337] {dag.py:2371} INFO - Sync 1 DAGs
[2022-05-16 10:02:31,402] {logging_mixin.py:115} INFO - [2022-05-16 10:02:31,402] {dag.py:2919} INFO - Setting next_dagrun for latest_only to 2022-05-16T06:02:31.402331+00:00, run_after=2022-05-16T10:02:31.402331+00:00
[2022-05-16 10:02:31,415] {processor.py:161} INFO - Processing /home/airflow/.local/lib/python3.7/site-packages/airflow/example_dags/example_latest_only.py took 0.130 seconds
[2022-05-16 10:03:02,234] {processor.py:153} INFO - Started process (PID=1399) to work on /home/airflow/.local/lib/python3.7/site-packages/airflow/example_dags/example_latest_only.py
[2022-05-16 10:03:02,235] {processor.py:641} INFO - Processing file /home/airflow/.local/lib/python3.7/site-packages/airflow/example_dags/example_latest_only.py for tasks to queue
[2022-05-16 10:03:02,236] {logging_mixin.py:115} INFO - [2022-05-16 10:03:02,236] {dagbag.py:507} INFO - Filling up the DagBag from /home/airflow/.local/lib/python3.7/site-packages/airflow/example_dags/example_latest_only.py
[2022-05-16 10:03:02,240] {processor.py:651} INFO - DAG(s) dict_keys(['latest_only']) retrieved from /home/airflow/.local/lib/python3.7/site-packages/airflow/example_dags/example_latest_only.py
[2022-05-16 10:03:02,255] {logging_mixin.py:115} INFO - [2022-05-16 10:03:02,255] {dag.py:2371} INFO - Sync 1 DAGs
[2022-05-16 10:03:02,268] {logging_mixin.py:115} INFO - [2022-05-16 10:03:02,268] {dag.py:2919} INFO - Setting next_dagrun for latest_only to 2022-05-16T06:03:02.268241+00:00, run_after=2022-05-16T10:03:02.268241+00:00
[2022-05-16 10:03:02,276] {processor.py:161} INFO - Processing /home/airflow/.local/lib/python3.7/site-packages/airflow/example_dags/example_latest_only.py took 0.044 seconds
[2022-05-16 10:03:33,193] {processor.py:153} INFO - Started process (PID=1620) to work on /home/airflow/.local/lib/python3.7/site-packages/airflow/example_dags/example_latest_only.py
[2022-05-16 10:03:33,195] {processor.py:641} INFO - Processing file /home/airflow/.local/lib/python3.7/site-packages/airflow/example_dags/example_latest_only.py for tasks to queue
[2022-05-16 10:03:33,196] {logging_mixin.py:115} INFO - [2022-05-16 10:03:33,196] {dagbag.py:507} INFO - Filling up the DagBag from /home/airflow/.local/lib/python3.7/site-packages/airflow/example_dags/example_latest_only.py
[2022-05-16 10:03:33,199] {processor.py:651} INFO - DAG(s) dict_keys(['latest_only']) retrieved from /home/airflow/.local/lib/python3.7/site-packages/airflow/example_dags/example_latest_only.py
[2022-05-16 10:03:33,217] {logging_mixin.py:115} INFO - [2022-05-16 10:03:33,217] {dag.py:2371} INFO - Sync 1 DAGs
[2022-05-16 10:03:33,230] {logging_mixin.py:115} INFO - [2022-05-16 10:03:33,230] {dag.py:2919} INFO - Setting next_dagrun for latest_only to 2022-05-16T06:03:33.230607+00:00, run_after=2022-05-16T10:03:33.230607+00:00
[2022-05-16 10:03:33,238] {processor.py:161} INFO - Processing /home/airflow/.local/lib/python3.7/site-packages/airflow/example_dags/example_latest_only.py took 0.047 seconds
[2022-05-16 10:04:04,102] {processor.py:153} INFO - Started process (PID=1840) to work on /home/airflow/.local/lib/python3.7/site-packages/airflow/example_dags/example_latest_only.py
[2022-05-16 10:04:04,103] {processor.py:641} INFO - Processing file /home/airflow/.local/lib/python3.7/site-packages/airflow/example_dags/example_latest_only.py for tasks to queue
[2022-05-16 10:04:04,104] {logging_mixin.py:115} INFO - [2022-05-16 10:04:04,104] {dagbag.py:507} INFO - Filling up the DagBag from /home/airflow/.local/lib/python3.7/site-packages/airflow/example_dags/example_latest_only.py
[2022-05-16 10:04:04,109] {processor.py:651} INFO - DAG(s) dict_keys(['latest_only']) retrieved from /home/airflow/.local/lib/python3.7/site-packages/airflow/example_dags/example_latest_only.py
[2022-05-16 10:04:04,125] {logging_mixin.py:115} INFO - [2022-05-16 10:04:04,125] {dag.py:2371} INFO - Sync 1 DAGs
[2022-05-16 10:04:04,138] {logging_mixin.py:115} INFO - [2022-05-16 10:04:04,137] {dag.py:2919} INFO - Setting next_dagrun for latest_only to 2022-05-16T06:04:04.137806+00:00, run_after=2022-05-16T10:04:04.137806+00:00
[2022-05-16 10:04:04,145] {processor.py:161} INFO - Processing /home/airflow/.local/lib/python3.7/site-packages/airflow/example_dags/example_latest_only.py took 0.045 seconds
[2022-05-16 10:04:34,774] {processor.py:153} INFO - Started process (PID=2068) to work on /home/airflow/.local/lib/python3.7/site-packages/airflow/example_dags/example_latest_only.py
[2022-05-16 10:04:34,777] {processor.py:641} INFO - Processing file /home/airflow/.local/lib/python3.7/site-packages/airflow/example_dags/example_latest_only.py for tasks to queue
[2022-05-16 10:04:34,778] {logging_mixin.py:115} INFO - [2022-05-16 10:04:34,778] {dagbag.py:507} INFO - Filling up the DagBag from /home/airflow/.local/lib/python3.7/site-packages/airflow/example_dags/example_latest_only.py
[2022-05-16 10:04:34,782] {processor.py:651} INFO - DAG(s) dict_keys(['latest_only']) retrieved from /home/airflow/.local/lib/python3.7/site-packages/airflow/example_dags/example_latest_only.py
[2022-05-16 10:04:34,805] {logging_mixin.py:115} INFO - [2022-05-16 10:04:34,805] {dag.py:2371} INFO - Sync 1 DAGs
[2022-05-16 10:04:34,820] {logging_mixin.py:115} INFO - [2022-05-16 10:04:34,820] {dag.py:2919} INFO - Setting next_dagrun for latest_only to 2022-05-16T06:04:34.820153+00:00, run_after=2022-05-16T10:04:34.820153+00:00
[2022-05-16 10:04:34,827] {processor.py:161} INFO - Processing /home/airflow/.local/lib/python3.7/site-packages/airflow/example_dags/example_latest_only.py took 0.055 seconds
[2022-05-16 10:05:05,575] {processor.py:153} INFO - Started process (PID=2288) to work on /home/airflow/.local/lib/python3.7/site-packages/airflow/example_dags/example_latest_only.py
[2022-05-16 10:05:05,576] {processor.py:641} INFO - Processing file /home/airflow/.local/lib/python3.7/site-packages/airflow/example_dags/example_latest_only.py for tasks to queue
[2022-05-16 10:05:05,577] {logging_mixin.py:115} INFO - [2022-05-16 10:05:05,577] {dagbag.py:507} INFO - Filling up the DagBag from /home/airflow/.local/lib/python3.7/site-packages/airflow/example_dags/example_latest_only.py
[2022-05-16 10:05:05,581] {processor.py:651} INFO - DAG(s) dict_keys(['latest_only']) retrieved from /home/airflow/.local/lib/python3.7/site-packages/airflow/example_dags/example_latest_only.py
[2022-05-16 10:05:05,597] {logging_mixin.py:115} INFO - [2022-05-16 10:05:05,597] {dag.py:2371} INFO - Sync 1 DAGs
[2022-05-16 10:05:05,609] {logging_mixin.py:115} INFO - [2022-05-16 10:05:05,609] {dag.py:2919} INFO - Setting next_dagrun for latest_only to 2022-05-16T06:05:05.609446+00:00, run_after=2022-05-16T10:05:05.609446+00:00
[2022-05-16 10:05:05,616] {processor.py:161} INFO - Processing /home/airflow/.local/lib/python3.7/site-packages/airflow/example_dags/example_latest_only.py took 0.043 seconds
[2022-05-16 10:05:36,415] {processor.py:153} INFO - Started process (PID=2739) to work on /home/airflow/.local/lib/python3.7/site-packages/airflow/example_dags/example_latest_only.py
[2022-05-16 10:05:36,416] {processor.py:641} INFO - Processing file /home/airflow/.local/lib/python3.7/site-packages/airflow/example_dags/example_latest_only.py for tasks to queue
[2022-05-16 10:05:36,417] {logging_mixin.py:115} INFO - [2022-05-16 10:05:36,417] {dagbag.py:507} INFO - Filling up the DagBag from /home/airflow/.local/lib/python3.7/site-packages/airflow/example_dags/example_latest_only.py
[2022-05-16 10:05:36,421] {processor.py:651} INFO - DAG(s) dict_keys(['latest_only']) retrieved from /home/airflow/.local/lib/python3.7/site-packages/airflow/example_dags/example_latest_only.py
[2022-05-16 10:05:36,440] {logging_mixin.py:115} INFO - [2022-05-16 10:05:36,440] {dag.py:2371} INFO - Sync 1 DAGs
[2022-05-16 10:05:36,466] {logging_mixin.py:115} INFO - [2022-05-16 10:05:36,465] {dag.py:2919} INFO - Setting next_dagrun for latest_only to 2022-05-16T06:05:36.465596+00:00, run_after=2022-05-16T10:05:36.465596+00:00
[2022-05-16 10:05:36,476] {processor.py:161} INFO - Processing /home/airflow/.local/lib/python3.7/site-packages/airflow/example_dags/example_latest_only.py took 0.063 seconds
[2022-05-16 10:06:06,588] {processor.py:153} INFO - Started process (PID=2980) to work on /home/airflow/.local/lib/python3.7/site-packages/airflow/example_dags/example_latest_only.py
[2022-05-16 10:06:06,589] {processor.py:641} INFO - Processing file /home/airflow/.local/lib/python3.7/site-packages/airflow/example_dags/example_latest_only.py for tasks to queue
[2022-05-16 10:06:06,591] {logging_mixin.py:115} INFO - [2022-05-16 10:06:06,591] {dagbag.py:507} INFO - Filling up the DagBag from /home/airflow/.local/lib/python3.7/site-packages/airflow/example_dags/example_latest_only.py
[2022-05-16 10:06:06,596] {processor.py:651} INFO - DAG(s) dict_keys(['latest_only']) retrieved from /home/airflow/.local/lib/python3.7/site-packages/airflow/example_dags/example_latest_only.py
[2022-05-16 10:06:06,621] {logging_mixin.py:115} INFO - [2022-05-16 10:06:06,621] {dag.py:2371} INFO - Sync 1 DAGs
[2022-05-16 10:06:06,644] {logging_mixin.py:115} INFO - [2022-05-16 10:06:06,644] {dag.py:2919} INFO - Setting next_dagrun for latest_only to 2022-05-16T06:06:06.644441+00:00, run_after=2022-05-16T10:06:06.644441+00:00
[2022-05-16 10:06:06,657] {processor.py:161} INFO - Processing /home/airflow/.local/lib/python3.7/site-packages/airflow/example_dags/example_latest_only.py took 0.072 seconds
[2022-05-16 10:06:37,523] {processor.py:153} INFO - Started process (PID=3192) to work on /home/airflow/.local/lib/python3.7/site-packages/airflow/example_dags/example_latest_only.py
[2022-05-16 10:06:37,524] {processor.py:641} INFO - Processing file /home/airflow/.local/lib/python3.7/site-packages/airflow/example_dags/example_latest_only.py for tasks to queue
[2022-05-16 10:06:37,525] {logging_mixin.py:115} INFO - [2022-05-16 10:06:37,525] {dagbag.py:507} INFO - Filling up the DagBag from /home/airflow/.local/lib/python3.7/site-packages/airflow/example_dags/example_latest_only.py
[2022-05-16 10:06:37,529] {processor.py:651} INFO - DAG(s) dict_keys(['latest_only']) retrieved from /home/airflow/.local/lib/python3.7/site-packages/airflow/example_dags/example_latest_only.py
[2022-05-16 10:06:37,545] {logging_mixin.py:115} INFO - [2022-05-16 10:06:37,545] {dag.py:2371} INFO - Sync 1 DAGs
[2022-05-16 10:06:37,557] {logging_mixin.py:115} INFO - [2022-05-16 10:06:37,557] {dag.py:2919} INFO - Setting next_dagrun for latest_only to 2022-05-16T06:06:37.557546+00:00, run_after=2022-05-16T10:06:37.557546+00:00
[2022-05-16 10:06:37,565] {processor.py:161} INFO - Processing /home/airflow/.local/lib/python3.7/site-packages/airflow/example_dags/example_latest_only.py took 0.044 seconds
[2022-05-16 10:07:08,548] {processor.py:153} INFO - Started process (PID=3411) to work on /home/airflow/.local/lib/python3.7/site-packages/airflow/example_dags/example_latest_only.py
[2022-05-16 10:07:08,550] {processor.py:641} INFO - Processing file /home/airflow/.local/lib/python3.7/site-packages/airflow/example_dags/example_latest_only.py for tasks to queue
[2022-05-16 10:07:08,551] {logging_mixin.py:115} INFO - [2022-05-16 10:07:08,551] {dagbag.py:507} INFO - Filling up the DagBag from /home/airflow/.local/lib/python3.7/site-packages/airflow/example_dags/example_latest_only.py
[2022-05-16 10:07:08,555] {processor.py:651} INFO - DAG(s) dict_keys(['latest_only']) retrieved from /home/airflow/.local/lib/python3.7/site-packages/airflow/example_dags/example_latest_only.py
[2022-05-16 10:07:08,572] {logging_mixin.py:115} INFO - [2022-05-16 10:07:08,572] {dag.py:2371} INFO - Sync 1 DAGs
[2022-05-16 10:07:08,585] {logging_mixin.py:115} INFO - [2022-05-16 10:07:08,585] {dag.py:2919} INFO - Setting next_dagrun for latest_only to 2022-05-16T06:07:08.585538+00:00, run_after=2022-05-16T10:07:08.585538+00:00
[2022-05-16 10:07:08,592] {processor.py:161} INFO - Processing /home/airflow/.local/lib/python3.7/site-packages/airflow/example_dags/example_latest_only.py took 0.046 seconds
