[2022-05-16 10:00:54,070] {processor.py:153} INFO - Started process (PID=223) to work on /home/airflow/.local/lib/python3.7/site-packages/airflow/example_dags/example_trigger_controller_dag.py
[2022-05-16 10:00:54,076] {processor.py:641} INFO - Processing file /home/airflow/.local/lib/python3.7/site-packages/airflow/example_dags/example_trigger_controller_dag.py for tasks to queue
[2022-05-16 10:00:54,081] {logging_mixin.py:115} INFO - [2022-05-16 10:00:54,080] {dagbag.py:507} INFO - Filling up the DagBag from /home/airflow/.local/lib/python3.7/site-packages/airflow/example_dags/example_trigger_controller_dag.py
[2022-05-16 10:00:54,119] {processor.py:651} INFO - DAG(s) dict_keys(['example_trigger_controller_dag']) retrieved from /home/airflow/.local/lib/python3.7/site-packages/airflow/example_dags/example_trigger_controller_dag.py
[2022-05-16 10:00:54,238] {logging_mixin.py:115} INFO - [2022-05-16 10:00:54,238] {dag.py:2371} INFO - Sync 1 DAGs
[2022-05-16 10:00:54,362] {logging_mixin.py:115} INFO - [2022-05-16 10:00:54,362] {dag.py:2919} INFO - Setting next_dagrun for example_trigger_controller_dag to 2021-01-01T00:00:00+00:00, run_after=2021-01-01T00:00:00+00:00
[2022-05-16 10:00:54,459] {processor.py:161} INFO - Processing /home/airflow/.local/lib/python3.7/site-packages/airflow/example_dags/example_trigger_controller_dag.py took 0.432 seconds
[2022-05-16 10:01:25,014] {processor.py:153} INFO - Started process (PID=616) to work on /home/airflow/.local/lib/python3.7/site-packages/airflow/example_dags/example_trigger_controller_dag.py
[2022-05-16 10:01:25,015] {processor.py:641} INFO - Processing file /home/airflow/.local/lib/python3.7/site-packages/airflow/example_dags/example_trigger_controller_dag.py for tasks to queue
[2022-05-16 10:01:25,016] {logging_mixin.py:115} INFO - [2022-05-16 10:01:25,016] {dagbag.py:507} INFO - Filling up the DagBag from /home/airflow/.local/lib/python3.7/site-packages/airflow/example_dags/example_trigger_controller_dag.py
[2022-05-16 10:01:25,020] {processor.py:651} INFO - DAG(s) dict_keys(['example_trigger_controller_dag']) retrieved from /home/airflow/.local/lib/python3.7/site-packages/airflow/example_dags/example_trigger_controller_dag.py
[2022-05-16 10:01:25,043] {logging_mixin.py:115} INFO - [2022-05-16 10:01:25,043] {dag.py:2371} INFO - Sync 1 DAGs
[2022-05-16 10:01:25,058] {logging_mixin.py:115} INFO - [2022-05-16 10:01:25,058] {dag.py:2919} INFO - Setting next_dagrun for example_trigger_controller_dag to 2021-01-01T00:00:00+00:00, run_after=2021-01-01T00:00:00+00:00
[2022-05-16 10:01:25,067] {processor.py:161} INFO - Processing /home/airflow/.local/lib/python3.7/site-packages/airflow/example_dags/example_trigger_controller_dag.py took 0.056 seconds
[2022-05-16 10:01:55,919] {processor.py:153} INFO - Started process (PID=832) to work on /home/airflow/.local/lib/python3.7/site-packages/airflow/example_dags/example_trigger_controller_dag.py
[2022-05-16 10:01:55,921] {processor.py:641} INFO - Processing file /home/airflow/.local/lib/python3.7/site-packages/airflow/example_dags/example_trigger_controller_dag.py for tasks to queue
[2022-05-16 10:01:55,923] {logging_mixin.py:115} INFO - [2022-05-16 10:01:55,923] {dagbag.py:507} INFO - Filling up the DagBag from /home/airflow/.local/lib/python3.7/site-packages/airflow/example_dags/example_trigger_controller_dag.py
[2022-05-16 10:01:55,927] {processor.py:651} INFO - DAG(s) dict_keys(['example_trigger_controller_dag']) retrieved from /home/airflow/.local/lib/python3.7/site-packages/airflow/example_dags/example_trigger_controller_dag.py
[2022-05-16 10:01:55,985] {logging_mixin.py:115} INFO - [2022-05-16 10:01:55,985] {dag.py:2371} INFO - Sync 1 DAGs
[2022-05-16 10:01:56,031] {logging_mixin.py:115} INFO - [2022-05-16 10:01:56,031] {dag.py:2919} INFO - Setting next_dagrun for example_trigger_controller_dag to 2021-01-01T00:00:00+00:00, run_after=2021-01-01T00:00:00+00:00
[2022-05-16 10:01:56,048] {processor.py:161} INFO - Processing /home/airflow/.local/lib/python3.7/site-packages/airflow/example_dags/example_trigger_controller_dag.py took 0.131 seconds
[2022-05-16 10:02:26,656] {processor.py:153} INFO - Started process (PID=1055) to work on /home/airflow/.local/lib/python3.7/site-packages/airflow/example_dags/example_trigger_controller_dag.py
[2022-05-16 10:02:26,659] {processor.py:641} INFO - Processing file /home/airflow/.local/lib/python3.7/site-packages/airflow/example_dags/example_trigger_controller_dag.py for tasks to queue
[2022-05-16 10:02:26,663] {logging_mixin.py:115} INFO - [2022-05-16 10:02:26,662] {dagbag.py:507} INFO - Filling up the DagBag from /home/airflow/.local/lib/python3.7/site-packages/airflow/example_dags/example_trigger_controller_dag.py
[2022-05-16 10:02:26,669] {processor.py:651} INFO - DAG(s) dict_keys(['example_trigger_controller_dag']) retrieved from /home/airflow/.local/lib/python3.7/site-packages/airflow/example_dags/example_trigger_controller_dag.py
[2022-05-16 10:02:26,702] {logging_mixin.py:115} INFO - [2022-05-16 10:02:26,702] {dag.py:2371} INFO - Sync 1 DAGs
[2022-05-16 10:02:26,720] {logging_mixin.py:115} INFO - [2022-05-16 10:02:26,720] {dag.py:2919} INFO - Setting next_dagrun for example_trigger_controller_dag to 2021-01-01T00:00:00+00:00, run_after=2021-01-01T00:00:00+00:00
[2022-05-16 10:02:26,731] {processor.py:161} INFO - Processing /home/airflow/.local/lib/python3.7/site-packages/airflow/example_dags/example_trigger_controller_dag.py took 0.082 seconds
[2022-05-16 10:02:57,298] {processor.py:153} INFO - Started process (PID=1287) to work on /home/airflow/.local/lib/python3.7/site-packages/airflow/example_dags/example_trigger_controller_dag.py
[2022-05-16 10:02:57,300] {processor.py:641} INFO - Processing file /home/airflow/.local/lib/python3.7/site-packages/airflow/example_dags/example_trigger_controller_dag.py for tasks to queue
[2022-05-16 10:02:57,302] {logging_mixin.py:115} INFO - [2022-05-16 10:02:57,302] {dagbag.py:507} INFO - Filling up the DagBag from /home/airflow/.local/lib/python3.7/site-packages/airflow/example_dags/example_trigger_controller_dag.py
[2022-05-16 10:02:57,307] {processor.py:651} INFO - DAG(s) dict_keys(['example_trigger_controller_dag']) retrieved from /home/airflow/.local/lib/python3.7/site-packages/airflow/example_dags/example_trigger_controller_dag.py
[2022-05-16 10:02:57,332] {logging_mixin.py:115} INFO - [2022-05-16 10:02:57,332] {dag.py:2371} INFO - Sync 1 DAGs
[2022-05-16 10:02:57,347] {logging_mixin.py:115} INFO - [2022-05-16 10:02:57,347] {dag.py:2919} INFO - Setting next_dagrun for example_trigger_controller_dag to 2021-01-01T00:00:00+00:00, run_after=2021-01-01T00:00:00+00:00
[2022-05-16 10:02:57,355] {processor.py:161} INFO - Processing /home/airflow/.local/lib/python3.7/site-packages/airflow/example_dags/example_trigger_controller_dag.py took 0.061 seconds
[2022-05-16 10:03:28,081] {processor.py:153} INFO - Started process (PID=1508) to work on /home/airflow/.local/lib/python3.7/site-packages/airflow/example_dags/example_trigger_controller_dag.py
[2022-05-16 10:03:28,083] {processor.py:641} INFO - Processing file /home/airflow/.local/lib/python3.7/site-packages/airflow/example_dags/example_trigger_controller_dag.py for tasks to queue
[2022-05-16 10:03:28,085] {logging_mixin.py:115} INFO - [2022-05-16 10:03:28,085] {dagbag.py:507} INFO - Filling up the DagBag from /home/airflow/.local/lib/python3.7/site-packages/airflow/example_dags/example_trigger_controller_dag.py
[2022-05-16 10:03:28,089] {processor.py:651} INFO - DAG(s) dict_keys(['example_trigger_controller_dag']) retrieved from /home/airflow/.local/lib/python3.7/site-packages/airflow/example_dags/example_trigger_controller_dag.py
[2022-05-16 10:03:28,114] {logging_mixin.py:115} INFO - [2022-05-16 10:03:28,114] {dag.py:2371} INFO - Sync 1 DAGs
[2022-05-16 10:03:28,129] {logging_mixin.py:115} INFO - [2022-05-16 10:03:28,128] {dag.py:2919} INFO - Setting next_dagrun for example_trigger_controller_dag to 2021-01-01T00:00:00+00:00, run_after=2021-01-01T00:00:00+00:00
[2022-05-16 10:03:28,137] {processor.py:161} INFO - Processing /home/airflow/.local/lib/python3.7/site-packages/airflow/example_dags/example_trigger_controller_dag.py took 0.060 seconds
[2022-05-16 10:03:58,997] {processor.py:153} INFO - Started process (PID=1728) to work on /home/airflow/.local/lib/python3.7/site-packages/airflow/example_dags/example_trigger_controller_dag.py
[2022-05-16 10:03:58,998] {processor.py:641} INFO - Processing file /home/airflow/.local/lib/python3.7/site-packages/airflow/example_dags/example_trigger_controller_dag.py for tasks to queue
[2022-05-16 10:03:59,000] {logging_mixin.py:115} INFO - [2022-05-16 10:03:59,000] {dagbag.py:507} INFO - Filling up the DagBag from /home/airflow/.local/lib/python3.7/site-packages/airflow/example_dags/example_trigger_controller_dag.py
[2022-05-16 10:03:59,003] {processor.py:651} INFO - DAG(s) dict_keys(['example_trigger_controller_dag']) retrieved from /home/airflow/.local/lib/python3.7/site-packages/airflow/example_dags/example_trigger_controller_dag.py
[2022-05-16 10:03:59,022] {logging_mixin.py:115} INFO - [2022-05-16 10:03:59,022] {dag.py:2371} INFO - Sync 1 DAGs
[2022-05-16 10:03:59,035] {logging_mixin.py:115} INFO - [2022-05-16 10:03:59,035] {dag.py:2919} INFO - Setting next_dagrun for example_trigger_controller_dag to 2021-01-01T00:00:00+00:00, run_after=2021-01-01T00:00:00+00:00
[2022-05-16 10:03:59,045] {processor.py:161} INFO - Processing /home/airflow/.local/lib/python3.7/site-packages/airflow/example_dags/example_trigger_controller_dag.py took 0.051 seconds
[2022-05-16 10:04:29,861] {processor.py:153} INFO - Started process (PID=1956) to work on /home/airflow/.local/lib/python3.7/site-packages/airflow/example_dags/example_trigger_controller_dag.py
[2022-05-16 10:04:29,862] {processor.py:641} INFO - Processing file /home/airflow/.local/lib/python3.7/site-packages/airflow/example_dags/example_trigger_controller_dag.py for tasks to queue
[2022-05-16 10:04:29,863] {logging_mixin.py:115} INFO - [2022-05-16 10:04:29,863] {dagbag.py:507} INFO - Filling up the DagBag from /home/airflow/.local/lib/python3.7/site-packages/airflow/example_dags/example_trigger_controller_dag.py
[2022-05-16 10:04:29,865] {processor.py:651} INFO - DAG(s) dict_keys(['example_trigger_controller_dag']) retrieved from /home/airflow/.local/lib/python3.7/site-packages/airflow/example_dags/example_trigger_controller_dag.py
[2022-05-16 10:04:29,881] {logging_mixin.py:115} INFO - [2022-05-16 10:04:29,881] {dag.py:2371} INFO - Sync 1 DAGs
[2022-05-16 10:04:29,893] {logging_mixin.py:115} INFO - [2022-05-16 10:04:29,893] {dag.py:2919} INFO - Setting next_dagrun for example_trigger_controller_dag to 2021-01-01T00:00:00+00:00, run_after=2021-01-01T00:00:00+00:00
[2022-05-16 10:04:29,900] {processor.py:161} INFO - Processing /home/airflow/.local/lib/python3.7/site-packages/airflow/example_dags/example_trigger_controller_dag.py took 0.041 seconds
[2022-05-16 10:05:00,532] {processor.py:153} INFO - Started process (PID=2168) to work on /home/airflow/.local/lib/python3.7/site-packages/airflow/example_dags/example_trigger_controller_dag.py
[2022-05-16 10:05:00,534] {processor.py:641} INFO - Processing file /home/airflow/.local/lib/python3.7/site-packages/airflow/example_dags/example_trigger_controller_dag.py for tasks to queue
[2022-05-16 10:05:00,536] {logging_mixin.py:115} INFO - [2022-05-16 10:05:00,536] {dagbag.py:507} INFO - Filling up the DagBag from /home/airflow/.local/lib/python3.7/site-packages/airflow/example_dags/example_trigger_controller_dag.py
[2022-05-16 10:05:00,540] {processor.py:651} INFO - DAG(s) dict_keys(['example_trigger_controller_dag']) retrieved from /home/airflow/.local/lib/python3.7/site-packages/airflow/example_dags/example_trigger_controller_dag.py
[2022-05-16 10:05:00,560] {logging_mixin.py:115} INFO - [2022-05-16 10:05:00,560] {dag.py:2371} INFO - Sync 1 DAGs
[2022-05-16 10:05:00,573] {logging_mixin.py:115} INFO - [2022-05-16 10:05:00,573] {dag.py:2919} INFO - Setting next_dagrun for example_trigger_controller_dag to 2021-01-01T00:00:00+00:00, run_after=2021-01-01T00:00:00+00:00
[2022-05-16 10:05:00,580] {processor.py:161} INFO - Processing /home/airflow/.local/lib/python3.7/site-packages/airflow/example_dags/example_trigger_controller_dag.py took 0.052 seconds
[2022-05-16 10:05:31,332] {processor.py:153} INFO - Started process (PID=2445) to work on /home/airflow/.local/lib/python3.7/site-packages/airflow/example_dags/example_trigger_controller_dag.py
[2022-05-16 10:05:31,334] {processor.py:641} INFO - Processing file /home/airflow/.local/lib/python3.7/site-packages/airflow/example_dags/example_trigger_controller_dag.py for tasks to queue
[2022-05-16 10:05:31,336] {logging_mixin.py:115} INFO - [2022-05-16 10:05:31,336] {dagbag.py:507} INFO - Filling up the DagBag from /home/airflow/.local/lib/python3.7/site-packages/airflow/example_dags/example_trigger_controller_dag.py
[2022-05-16 10:05:31,340] {processor.py:651} INFO - DAG(s) dict_keys(['example_trigger_controller_dag']) retrieved from /home/airflow/.local/lib/python3.7/site-packages/airflow/example_dags/example_trigger_controller_dag.py
[2022-05-16 10:05:31,361] {logging_mixin.py:115} INFO - [2022-05-16 10:05:31,361] {dag.py:2371} INFO - Sync 1 DAGs
[2022-05-16 10:05:31,375] {logging_mixin.py:115} INFO - [2022-05-16 10:05:31,375] {dag.py:2919} INFO - Setting next_dagrun for example_trigger_controller_dag to 2021-01-01T00:00:00+00:00, run_after=2021-01-01T00:00:00+00:00
[2022-05-16 10:05:31,383] {processor.py:161} INFO - Processing /home/airflow/.local/lib/python3.7/site-packages/airflow/example_dags/example_trigger_controller_dag.py took 0.053 seconds
[2022-05-16 10:06:01,440] {processor.py:153} INFO - Started process (PID=2858) to work on /home/airflow/.local/lib/python3.7/site-packages/airflow/example_dags/example_trigger_controller_dag.py
[2022-05-16 10:06:01,441] {processor.py:641} INFO - Processing file /home/airflow/.local/lib/python3.7/site-packages/airflow/example_dags/example_trigger_controller_dag.py for tasks to queue
[2022-05-16 10:06:01,442] {logging_mixin.py:115} INFO - [2022-05-16 10:06:01,441] {dagbag.py:507} INFO - Filling up the DagBag from /home/airflow/.local/lib/python3.7/site-packages/airflow/example_dags/example_trigger_controller_dag.py
[2022-05-16 10:06:01,444] {processor.py:651} INFO - DAG(s) dict_keys(['example_trigger_controller_dag']) retrieved from /home/airflow/.local/lib/python3.7/site-packages/airflow/example_dags/example_trigger_controller_dag.py
[2022-05-16 10:06:01,459] {logging_mixin.py:115} INFO - [2022-05-16 10:06:01,459] {dag.py:2371} INFO - Sync 1 DAGs
[2022-05-16 10:06:01,472] {logging_mixin.py:115} INFO - [2022-05-16 10:06:01,472] {dag.py:2919} INFO - Setting next_dagrun for example_trigger_controller_dag to 2021-01-01T00:00:00+00:00, run_after=2021-01-01T00:00:00+00:00
[2022-05-16 10:06:01,479] {processor.py:161} INFO - Processing /home/airflow/.local/lib/python3.7/site-packages/airflow/example_dags/example_trigger_controller_dag.py took 0.041 seconds
[2022-05-16 10:06:32,525] {processor.py:153} INFO - Started process (PID=3080) to work on /home/airflow/.local/lib/python3.7/site-packages/airflow/example_dags/example_trigger_controller_dag.py
[2022-05-16 10:06:32,527] {processor.py:641} INFO - Processing file /home/airflow/.local/lib/python3.7/site-packages/airflow/example_dags/example_trigger_controller_dag.py for tasks to queue
[2022-05-16 10:06:32,528] {logging_mixin.py:115} INFO - [2022-05-16 10:06:32,528] {dagbag.py:507} INFO - Filling up the DagBag from /home/airflow/.local/lib/python3.7/site-packages/airflow/example_dags/example_trigger_controller_dag.py
[2022-05-16 10:06:32,530] {processor.py:651} INFO - DAG(s) dict_keys(['example_trigger_controller_dag']) retrieved from /home/airflow/.local/lib/python3.7/site-packages/airflow/example_dags/example_trigger_controller_dag.py
[2022-05-16 10:06:32,547] {logging_mixin.py:115} INFO - [2022-05-16 10:06:32,547] {dag.py:2371} INFO - Sync 1 DAGs
[2022-05-16 10:06:32,560] {logging_mixin.py:115} INFO - [2022-05-16 10:06:32,560] {dag.py:2919} INFO - Setting next_dagrun for example_trigger_controller_dag to 2021-01-01T00:00:00+00:00, run_after=2021-01-01T00:00:00+00:00
[2022-05-16 10:06:32,567] {processor.py:161} INFO - Processing /home/airflow/.local/lib/python3.7/site-packages/airflow/example_dags/example_trigger_controller_dag.py took 0.044 seconds
[2022-05-16 10:07:03,451] {processor.py:153} INFO - Started process (PID=3299) to work on /home/airflow/.local/lib/python3.7/site-packages/airflow/example_dags/example_trigger_controller_dag.py
[2022-05-16 10:07:03,452] {processor.py:641} INFO - Processing file /home/airflow/.local/lib/python3.7/site-packages/airflow/example_dags/example_trigger_controller_dag.py for tasks to queue
[2022-05-16 10:07:03,453] {logging_mixin.py:115} INFO - [2022-05-16 10:07:03,453] {dagbag.py:507} INFO - Filling up the DagBag from /home/airflow/.local/lib/python3.7/site-packages/airflow/example_dags/example_trigger_controller_dag.py
[2022-05-16 10:07:03,455] {processor.py:651} INFO - DAG(s) dict_keys(['example_trigger_controller_dag']) retrieved from /home/airflow/.local/lib/python3.7/site-packages/airflow/example_dags/example_trigger_controller_dag.py
[2022-05-16 10:07:03,471] {logging_mixin.py:115} INFO - [2022-05-16 10:07:03,471] {dag.py:2371} INFO - Sync 1 DAGs
[2022-05-16 10:07:03,483] {logging_mixin.py:115} INFO - [2022-05-16 10:07:03,483] {dag.py:2919} INFO - Setting next_dagrun for example_trigger_controller_dag to 2021-01-01T00:00:00+00:00, run_after=2021-01-01T00:00:00+00:00
[2022-05-16 10:07:03,490] {processor.py:161} INFO - Processing /home/airflow/.local/lib/python3.7/site-packages/airflow/example_dags/example_trigger_controller_dag.py took 0.042 seconds
