[2022-05-16 10:00:57,526] {processor.py:153} INFO - Started process (PID=330) to work on /home/airflow/.local/lib/python3.7/site-packages/airflow/example_dags/example_task_group_decorator.py
[2022-05-16 10:00:57,528] {processor.py:641} INFO - Processing file /home/airflow/.local/lib/python3.7/site-packages/airflow/example_dags/example_task_group_decorator.py for tasks to queue
[2022-05-16 10:00:57,529] {logging_mixin.py:115} INFO - [2022-05-16 10:00:57,529] {dagbag.py:507} INFO - Filling up the DagBag from /home/airflow/.local/lib/python3.7/site-packages/airflow/example_dags/example_task_group_decorator.py
[2022-05-16 10:00:57,615] {processor.py:651} INFO - DAG(s) dict_keys(['example_task_group_decorator']) retrieved from /home/airflow/.local/lib/python3.7/site-packages/airflow/example_dags/example_task_group_decorator.py
[2022-05-16 10:00:57,815] {logging_mixin.py:115} INFO - [2022-05-16 10:00:57,815] {dag.py:2371} INFO - Sync 1 DAGs
[2022-05-16 10:00:57,882] {logging_mixin.py:115} INFO - [2022-05-16 10:00:57,882] {dag.py:2919} INFO - Setting next_dagrun for example_task_group_decorator to 2022-05-15T10:00:57.881587+00:00, run_after=2022-05-16T10:00:57.881587+00:00
[2022-05-16 10:00:57,917] {processor.py:161} INFO - Processing /home/airflow/.local/lib/python3.7/site-packages/airflow/example_dags/example_task_group_decorator.py took 0.394 seconds
[2022-05-16 10:01:28,100] {processor.py:153} INFO - Started process (PID=699) to work on /home/airflow/.local/lib/python3.7/site-packages/airflow/example_dags/example_task_group_decorator.py
[2022-05-16 10:01:28,102] {processor.py:641} INFO - Processing file /home/airflow/.local/lib/python3.7/site-packages/airflow/example_dags/example_task_group_decorator.py for tasks to queue
[2022-05-16 10:01:28,104] {logging_mixin.py:115} INFO - [2022-05-16 10:01:28,104] {dagbag.py:507} INFO - Filling up the DagBag from /home/airflow/.local/lib/python3.7/site-packages/airflow/example_dags/example_task_group_decorator.py
[2022-05-16 10:01:28,127] {processor.py:651} INFO - DAG(s) dict_keys(['example_task_group_decorator']) retrieved from /home/airflow/.local/lib/python3.7/site-packages/airflow/example_dags/example_task_group_decorator.py
[2022-05-16 10:01:28,209] {logging_mixin.py:115} INFO - [2022-05-16 10:01:28,209] {dag.py:2371} INFO - Sync 1 DAGs
[2022-05-16 10:01:28,230] {logging_mixin.py:115} INFO - [2022-05-16 10:01:28,230] {dag.py:2919} INFO - Setting next_dagrun for example_task_group_decorator to 2022-05-15T10:01:28.230095+00:00, run_after=2022-05-16T10:01:28.230095+00:00
[2022-05-16 10:01:28,254] {processor.py:161} INFO - Processing /home/airflow/.local/lib/python3.7/site-packages/airflow/example_dags/example_task_group_decorator.py took 0.159 seconds
[2022-05-16 10:01:58,634] {processor.py:153} INFO - Started process (PID=922) to work on /home/airflow/.local/lib/python3.7/site-packages/airflow/example_dags/example_task_group_decorator.py
[2022-05-16 10:01:58,645] {processor.py:641} INFO - Processing file /home/airflow/.local/lib/python3.7/site-packages/airflow/example_dags/example_task_group_decorator.py for tasks to queue
[2022-05-16 10:01:58,651] {logging_mixin.py:115} INFO - [2022-05-16 10:01:58,650] {dagbag.py:507} INFO - Filling up the DagBag from /home/airflow/.local/lib/python3.7/site-packages/airflow/example_dags/example_task_group_decorator.py
[2022-05-16 10:01:58,709] {processor.py:651} INFO - DAG(s) dict_keys(['example_task_group_decorator']) retrieved from /home/airflow/.local/lib/python3.7/site-packages/airflow/example_dags/example_task_group_decorator.py
[2022-05-16 10:01:58,843] {logging_mixin.py:115} INFO - [2022-05-16 10:01:58,843] {dag.py:2371} INFO - Sync 1 DAGs
[2022-05-16 10:01:58,865] {logging_mixin.py:115} INFO - [2022-05-16 10:01:58,865] {dag.py:2919} INFO - Setting next_dagrun for example_task_group_decorator to 2022-05-15T10:01:58.864952+00:00, run_after=2022-05-16T10:01:58.864952+00:00
[2022-05-16 10:01:58,895] {processor.py:161} INFO - Processing /home/airflow/.local/lib/python3.7/site-packages/airflow/example_dags/example_task_group_decorator.py took 0.274 seconds
[2022-05-16 10:02:29,689] {processor.py:153} INFO - Started process (PID=1135) to work on /home/airflow/.local/lib/python3.7/site-packages/airflow/example_dags/example_task_group_decorator.py
[2022-05-16 10:02:29,691] {processor.py:641} INFO - Processing file /home/airflow/.local/lib/python3.7/site-packages/airflow/example_dags/example_task_group_decorator.py for tasks to queue
[2022-05-16 10:02:29,693] {logging_mixin.py:115} INFO - [2022-05-16 10:02:29,692] {dagbag.py:507} INFO - Filling up the DagBag from /home/airflow/.local/lib/python3.7/site-packages/airflow/example_dags/example_task_group_decorator.py
[2022-05-16 10:02:29,718] {processor.py:651} INFO - DAG(s) dict_keys(['example_task_group_decorator']) retrieved from /home/airflow/.local/lib/python3.7/site-packages/airflow/example_dags/example_task_group_decorator.py
[2022-05-16 10:02:29,818] {logging_mixin.py:115} INFO - [2022-05-16 10:02:29,817] {dag.py:2371} INFO - Sync 1 DAGs
[2022-05-16 10:02:29,860] {logging_mixin.py:115} INFO - [2022-05-16 10:02:29,860] {dag.py:2919} INFO - Setting next_dagrun for example_task_group_decorator to 2022-05-15T10:02:29.860066+00:00, run_after=2022-05-16T10:02:29.860066+00:00
[2022-05-16 10:02:29,877] {processor.py:161} INFO - Processing /home/airflow/.local/lib/python3.7/site-packages/airflow/example_dags/example_task_group_decorator.py took 0.192 seconds
[2022-05-16 10:02:59,932] {processor.py:153} INFO - Started process (PID=1369) to work on /home/airflow/.local/lib/python3.7/site-packages/airflow/example_dags/example_task_group_decorator.py
[2022-05-16 10:02:59,934] {processor.py:641} INFO - Processing file /home/airflow/.local/lib/python3.7/site-packages/airflow/example_dags/example_task_group_decorator.py for tasks to queue
[2022-05-16 10:02:59,935] {logging_mixin.py:115} INFO - [2022-05-16 10:02:59,935] {dagbag.py:507} INFO - Filling up the DagBag from /home/airflow/.local/lib/python3.7/site-packages/airflow/example_dags/example_task_group_decorator.py
[2022-05-16 10:02:59,950] {processor.py:651} INFO - DAG(s) dict_keys(['example_task_group_decorator']) retrieved from /home/airflow/.local/lib/python3.7/site-packages/airflow/example_dags/example_task_group_decorator.py
[2022-05-16 10:02:59,985] {logging_mixin.py:115} INFO - [2022-05-16 10:02:59,985] {dag.py:2371} INFO - Sync 1 DAGs
[2022-05-16 10:02:59,996] {logging_mixin.py:115} INFO - [2022-05-16 10:02:59,996] {dag.py:2919} INFO - Setting next_dagrun for example_task_group_decorator to 2022-05-15T10:02:59.996510+00:00, run_after=2022-05-16T10:02:59.996510+00:00
[2022-05-16 10:03:00,005] {processor.py:161} INFO - Processing /home/airflow/.local/lib/python3.7/site-packages/airflow/example_dags/example_task_group_decorator.py took 0.075 seconds
[2022-05-16 10:03:30,784] {processor.py:153} INFO - Started process (PID=1590) to work on /home/airflow/.local/lib/python3.7/site-packages/airflow/example_dags/example_task_group_decorator.py
[2022-05-16 10:03:30,785] {processor.py:641} INFO - Processing file /home/airflow/.local/lib/python3.7/site-packages/airflow/example_dags/example_task_group_decorator.py for tasks to queue
[2022-05-16 10:03:30,786] {logging_mixin.py:115} INFO - [2022-05-16 10:03:30,786] {dagbag.py:507} INFO - Filling up the DagBag from /home/airflow/.local/lib/python3.7/site-packages/airflow/example_dags/example_task_group_decorator.py
[2022-05-16 10:03:30,798] {processor.py:651} INFO - DAG(s) dict_keys(['example_task_group_decorator']) retrieved from /home/airflow/.local/lib/python3.7/site-packages/airflow/example_dags/example_task_group_decorator.py
[2022-05-16 10:03:30,833] {logging_mixin.py:115} INFO - [2022-05-16 10:03:30,833] {dag.py:2371} INFO - Sync 1 DAGs
[2022-05-16 10:03:30,848] {logging_mixin.py:115} INFO - [2022-05-16 10:03:30,848] {dag.py:2919} INFO - Setting next_dagrun for example_task_group_decorator to 2022-05-15T10:03:30.847936+00:00, run_after=2022-05-16T10:03:30.847936+00:00
[2022-05-16 10:03:30,857] {processor.py:161} INFO - Processing /home/airflow/.local/lib/python3.7/site-packages/airflow/example_dags/example_task_group_decorator.py took 0.075 seconds
[2022-05-16 10:04:01,794] {processor.py:153} INFO - Started process (PID=1808) to work on /home/airflow/.local/lib/python3.7/site-packages/airflow/example_dags/example_task_group_decorator.py
[2022-05-16 10:04:01,796] {processor.py:641} INFO - Processing file /home/airflow/.local/lib/python3.7/site-packages/airflow/example_dags/example_task_group_decorator.py for tasks to queue
[2022-05-16 10:04:01,797] {logging_mixin.py:115} INFO - [2022-05-16 10:04:01,797] {dagbag.py:507} INFO - Filling up the DagBag from /home/airflow/.local/lib/python3.7/site-packages/airflow/example_dags/example_task_group_decorator.py
[2022-05-16 10:04:01,811] {processor.py:651} INFO - DAG(s) dict_keys(['example_task_group_decorator']) retrieved from /home/airflow/.local/lib/python3.7/site-packages/airflow/example_dags/example_task_group_decorator.py
[2022-05-16 10:04:01,831] {logging_mixin.py:115} INFO - [2022-05-16 10:04:01,831] {dag.py:2371} INFO - Sync 1 DAGs
[2022-05-16 10:04:01,843] {logging_mixin.py:115} INFO - [2022-05-16 10:04:01,843] {dag.py:2919} INFO - Setting next_dagrun for example_task_group_decorator to 2022-05-15T10:04:01.843497+00:00, run_after=2022-05-16T10:04:01.843497+00:00
[2022-05-16 10:04:01,850] {processor.py:161} INFO - Processing /home/airflow/.local/lib/python3.7/site-packages/airflow/example_dags/example_task_group_decorator.py took 0.059 seconds
[2022-05-16 10:04:32,476] {processor.py:153} INFO - Started process (PID=2036) to work on /home/airflow/.local/lib/python3.7/site-packages/airflow/example_dags/example_task_group_decorator.py
[2022-05-16 10:04:32,478] {processor.py:641} INFO - Processing file /home/airflow/.local/lib/python3.7/site-packages/airflow/example_dags/example_task_group_decorator.py for tasks to queue
[2022-05-16 10:04:32,479] {logging_mixin.py:115} INFO - [2022-05-16 10:04:32,479] {dagbag.py:507} INFO - Filling up the DagBag from /home/airflow/.local/lib/python3.7/site-packages/airflow/example_dags/example_task_group_decorator.py
[2022-05-16 10:04:32,493] {processor.py:651} INFO - DAG(s) dict_keys(['example_task_group_decorator']) retrieved from /home/airflow/.local/lib/python3.7/site-packages/airflow/example_dags/example_task_group_decorator.py
[2022-05-16 10:04:32,532] {logging_mixin.py:115} INFO - [2022-05-16 10:04:32,532] {dag.py:2371} INFO - Sync 1 DAGs
[2022-05-16 10:04:32,544] {logging_mixin.py:115} INFO - [2022-05-16 10:04:32,544] {dag.py:2919} INFO - Setting next_dagrun for example_task_group_decorator to 2022-05-15T10:04:32.544046+00:00, run_after=2022-05-16T10:04:32.544046+00:00
[2022-05-16 10:04:32,552] {processor.py:161} INFO - Processing /home/airflow/.local/lib/python3.7/site-packages/airflow/example_dags/example_task_group_decorator.py took 0.077 seconds
[2022-05-16 10:05:03,287] {processor.py:153} INFO - Started process (PID=2258) to work on /home/airflow/.local/lib/python3.7/site-packages/airflow/example_dags/example_task_group_decorator.py
[2022-05-16 10:05:03,288] {processor.py:641} INFO - Processing file /home/airflow/.local/lib/python3.7/site-packages/airflow/example_dags/example_task_group_decorator.py for tasks to queue
[2022-05-16 10:05:03,290] {logging_mixin.py:115} INFO - [2022-05-16 10:05:03,290] {dagbag.py:507} INFO - Filling up the DagBag from /home/airflow/.local/lib/python3.7/site-packages/airflow/example_dags/example_task_group_decorator.py
[2022-05-16 10:05:03,314] {processor.py:651} INFO - DAG(s) dict_keys(['example_task_group_decorator']) retrieved from /home/airflow/.local/lib/python3.7/site-packages/airflow/example_dags/example_task_group_decorator.py
[2022-05-16 10:05:03,338] {logging_mixin.py:115} INFO - [2022-05-16 10:05:03,338] {dag.py:2371} INFO - Sync 1 DAGs
[2022-05-16 10:05:03,352] {logging_mixin.py:115} INFO - [2022-05-16 10:05:03,352] {dag.py:2919} INFO - Setting next_dagrun for example_task_group_decorator to 2022-05-15T10:05:03.352602+00:00, run_after=2022-05-16T10:05:03.352602+00:00
[2022-05-16 10:05:03,364] {processor.py:161} INFO - Processing /home/airflow/.local/lib/python3.7/site-packages/airflow/example_dags/example_task_group_decorator.py took 0.079 seconds
[2022-05-16 10:05:34,070] {processor.py:153} INFO - Started process (PID=2672) to work on /home/airflow/.local/lib/python3.7/site-packages/airflow/example_dags/example_task_group_decorator.py
[2022-05-16 10:05:34,072] {processor.py:641} INFO - Processing file /home/airflow/.local/lib/python3.7/site-packages/airflow/example_dags/example_task_group_decorator.py for tasks to queue
[2022-05-16 10:05:34,074] {logging_mixin.py:115} INFO - [2022-05-16 10:05:34,074] {dagbag.py:507} INFO - Filling up the DagBag from /home/airflow/.local/lib/python3.7/site-packages/airflow/example_dags/example_task_group_decorator.py
[2022-05-16 10:05:34,100] {processor.py:651} INFO - DAG(s) dict_keys(['example_task_group_decorator']) retrieved from /home/airflow/.local/lib/python3.7/site-packages/airflow/example_dags/example_task_group_decorator.py
[2022-05-16 10:05:34,180] {logging_mixin.py:115} INFO - [2022-05-16 10:05:34,179] {dag.py:2371} INFO - Sync 1 DAGs
[2022-05-16 10:05:34,195] {logging_mixin.py:115} INFO - [2022-05-16 10:05:34,195] {dag.py:2919} INFO - Setting next_dagrun for example_task_group_decorator to 2022-05-15T10:05:34.195451+00:00, run_after=2022-05-16T10:05:34.195451+00:00
[2022-05-16 10:05:34,209] {processor.py:161} INFO - Processing /home/airflow/.local/lib/python3.7/site-packages/airflow/example_dags/example_task_group_decorator.py took 0.142 seconds
[2022-05-16 10:06:04,322] {processor.py:153} INFO - Started process (PID=2938) to work on /home/airflow/.local/lib/python3.7/site-packages/airflow/example_dags/example_task_group_decorator.py
[2022-05-16 10:06:04,324] {processor.py:641} INFO - Processing file /home/airflow/.local/lib/python3.7/site-packages/airflow/example_dags/example_task_group_decorator.py for tasks to queue
[2022-05-16 10:06:04,325] {logging_mixin.py:115} INFO - [2022-05-16 10:06:04,325] {dagbag.py:507} INFO - Filling up the DagBag from /home/airflow/.local/lib/python3.7/site-packages/airflow/example_dags/example_task_group_decorator.py
[2022-05-16 10:06:04,343] {processor.py:651} INFO - DAG(s) dict_keys(['example_task_group_decorator']) retrieved from /home/airflow/.local/lib/python3.7/site-packages/airflow/example_dags/example_task_group_decorator.py
[2022-05-16 10:06:04,385] {logging_mixin.py:115} INFO - [2022-05-16 10:06:04,385] {dag.py:2371} INFO - Sync 1 DAGs
[2022-05-16 10:06:04,398] {logging_mixin.py:115} INFO - [2022-05-16 10:06:04,398] {dag.py:2919} INFO - Setting next_dagrun for example_task_group_decorator to 2022-05-15T10:06:04.398516+00:00, run_after=2022-05-16T10:06:04.398516+00:00
[2022-05-16 10:06:04,411] {processor.py:161} INFO - Processing /home/airflow/.local/lib/python3.7/site-packages/airflow/example_dags/example_task_group_decorator.py took 0.090 seconds
[2022-05-16 10:06:35,174] {processor.py:153} INFO - Started process (PID=3162) to work on /home/airflow/.local/lib/python3.7/site-packages/airflow/example_dags/example_task_group_decorator.py
[2022-05-16 10:06:35,175] {processor.py:641} INFO - Processing file /home/airflow/.local/lib/python3.7/site-packages/airflow/example_dags/example_task_group_decorator.py for tasks to queue
[2022-05-16 10:06:35,176] {logging_mixin.py:115} INFO - [2022-05-16 10:06:35,176] {dagbag.py:507} INFO - Filling up the DagBag from /home/airflow/.local/lib/python3.7/site-packages/airflow/example_dags/example_task_group_decorator.py
[2022-05-16 10:06:35,188] {processor.py:651} INFO - DAG(s) dict_keys(['example_task_group_decorator']) retrieved from /home/airflow/.local/lib/python3.7/site-packages/airflow/example_dags/example_task_group_decorator.py
[2022-05-16 10:06:35,223] {logging_mixin.py:115} INFO - [2022-05-16 10:06:35,223] {dag.py:2371} INFO - Sync 1 DAGs
[2022-05-16 10:06:35,234] {logging_mixin.py:115} INFO - [2022-05-16 10:06:35,234] {dag.py:2919} INFO - Setting next_dagrun for example_task_group_decorator to 2022-05-15T10:06:35.234407+00:00, run_after=2022-05-16T10:06:35.234407+00:00
[2022-05-16 10:06:35,242] {processor.py:161} INFO - Processing /home/airflow/.local/lib/python3.7/site-packages/airflow/example_dags/example_task_group_decorator.py took 0.071 seconds
[2022-05-16 10:07:06,151] {processor.py:153} INFO - Started process (PID=3381) to work on /home/airflow/.local/lib/python3.7/site-packages/airflow/example_dags/example_task_group_decorator.py
[2022-05-16 10:07:06,152] {processor.py:641} INFO - Processing file /home/airflow/.local/lib/python3.7/site-packages/airflow/example_dags/example_task_group_decorator.py for tasks to queue
[2022-05-16 10:07:06,153] {logging_mixin.py:115} INFO - [2022-05-16 10:07:06,153] {dagbag.py:507} INFO - Filling up the DagBag from /home/airflow/.local/lib/python3.7/site-packages/airflow/example_dags/example_task_group_decorator.py
[2022-05-16 10:07:06,167] {processor.py:651} INFO - DAG(s) dict_keys(['example_task_group_decorator']) retrieved from /home/airflow/.local/lib/python3.7/site-packages/airflow/example_dags/example_task_group_decorator.py
[2022-05-16 10:07:06,217] {logging_mixin.py:115} INFO - [2022-05-16 10:07:06,217] {dag.py:2371} INFO - Sync 1 DAGs
[2022-05-16 10:07:06,231] {logging_mixin.py:115} INFO - [2022-05-16 10:07:06,231] {dag.py:2919} INFO - Setting next_dagrun for example_task_group_decorator to 2022-05-15T10:07:06.230840+00:00, run_after=2022-05-16T10:07:06.230840+00:00
[2022-05-16 10:07:06,240] {processor.py:161} INFO - Processing /home/airflow/.local/lib/python3.7/site-packages/airflow/example_dags/example_task_group_decorator.py took 0.092 seconds
