[2022-05-16 10:00:56,218] {processor.py:153} INFO - Started process (PID=277) to work on /home/airflow/.local/lib/python3.7/site-packages/airflow/example_dags/example_branch_python_dop_operator_3.py
[2022-05-16 10:00:56,221] {processor.py:641} INFO - Processing file /home/airflow/.local/lib/python3.7/site-packages/airflow/example_dags/example_branch_python_dop_operator_3.py for tasks to queue
[2022-05-16 10:00:56,222] {logging_mixin.py:115} INFO - [2022-05-16 10:00:56,222] {dagbag.py:507} INFO - Filling up the DagBag from /home/airflow/.local/lib/python3.7/site-packages/airflow/example_dags/example_branch_python_dop_operator_3.py
[2022-05-16 10:00:56,253] {processor.py:651} INFO - DAG(s) dict_keys(['example_branch_dop_operator_v3']) retrieved from /home/airflow/.local/lib/python3.7/site-packages/airflow/example_dags/example_branch_python_dop_operator_3.py
[2022-05-16 10:00:56,337] {logging_mixin.py:115} INFO - [2022-05-16 10:00:56,337] {dag.py:2371} INFO - Sync 1 DAGs
[2022-05-16 10:00:56,420] {logging_mixin.py:115} INFO - [2022-05-16 10:00:56,420] {dag.py:2919} INFO - Setting next_dagrun for example_branch_dop_operator_v3 to 2022-05-16T09:59:00+00:00, run_after=2022-05-16T10:00:00+00:00
[2022-05-16 10:00:56,458] {processor.py:161} INFO - Processing /home/airflow/.local/lib/python3.7/site-packages/airflow/example_dags/example_branch_python_dop_operator_3.py took 0.250 seconds
[2022-05-16 10:01:26,551] {processor.py:153} INFO - Started process (PID=657) to work on /home/airflow/.local/lib/python3.7/site-packages/airflow/example_dags/example_branch_python_dop_operator_3.py
[2022-05-16 10:01:26,553] {processor.py:641} INFO - Processing file /home/airflow/.local/lib/python3.7/site-packages/airflow/example_dags/example_branch_python_dop_operator_3.py for tasks to queue
[2022-05-16 10:01:26,554] {logging_mixin.py:115} INFO - [2022-05-16 10:01:26,554] {dagbag.py:507} INFO - Filling up the DagBag from /home/airflow/.local/lib/python3.7/site-packages/airflow/example_dags/example_branch_python_dop_operator_3.py
[2022-05-16 10:01:26,563] {processor.py:651} INFO - DAG(s) dict_keys(['example_branch_dop_operator_v3']) retrieved from /home/airflow/.local/lib/python3.7/site-packages/airflow/example_dags/example_branch_python_dop_operator_3.py
[2022-05-16 10:01:26,584] {logging_mixin.py:115} INFO - [2022-05-16 10:01:26,583] {dag.py:2371} INFO - Sync 1 DAGs
[2022-05-16 10:01:26,626] {logging_mixin.py:115} INFO - [2022-05-16 10:01:26,626] {dag.py:2919} INFO - Setting next_dagrun for example_branch_dop_operator_v3 to 2022-05-16T10:00:00+00:00, run_after=2022-05-16T10:01:00+00:00
[2022-05-16 10:01:26,654] {processor.py:161} INFO - Processing /home/airflow/.local/lib/python3.7/site-packages/airflow/example_dags/example_branch_python_dop_operator_3.py took 0.106 seconds
[2022-05-16 10:01:57,781] {processor.py:153} INFO - Started process (PID=882) to work on /home/airflow/.local/lib/python3.7/site-packages/airflow/example_dags/example_branch_python_dop_operator_3.py
[2022-05-16 10:01:57,783] {processor.py:641} INFO - Processing file /home/airflow/.local/lib/python3.7/site-packages/airflow/example_dags/example_branch_python_dop_operator_3.py for tasks to queue
[2022-05-16 10:01:57,787] {logging_mixin.py:115} INFO - [2022-05-16 10:01:57,787] {dagbag.py:507} INFO - Filling up the DagBag from /home/airflow/.local/lib/python3.7/site-packages/airflow/example_dags/example_branch_python_dop_operator_3.py
[2022-05-16 10:01:57,805] {processor.py:651} INFO - DAG(s) dict_keys(['example_branch_dop_operator_v3']) retrieved from /home/airflow/.local/lib/python3.7/site-packages/airflow/example_dags/example_branch_python_dop_operator_3.py
[2022-05-16 10:01:57,841] {logging_mixin.py:115} INFO - [2022-05-16 10:01:57,841] {dag.py:2371} INFO - Sync 1 DAGs
[2022-05-16 10:01:57,891] {logging_mixin.py:115} INFO - [2022-05-16 10:01:57,891] {dag.py:2919} INFO - Setting next_dagrun for example_branch_dop_operator_v3 to 2022-05-16T10:00:00+00:00, run_after=2022-05-16T10:01:00+00:00
[2022-05-16 10:01:57,911] {processor.py:161} INFO - Processing /home/airflow/.local/lib/python3.7/site-packages/airflow/example_dags/example_branch_python_dop_operator_3.py took 0.133 seconds
[2022-05-16 10:02:28,149] {processor.py:153} INFO - Started process (PID=1095) to work on /home/airflow/.local/lib/python3.7/site-packages/airflow/example_dags/example_branch_python_dop_operator_3.py
[2022-05-16 10:02:28,151] {processor.py:641} INFO - Processing file /home/airflow/.local/lib/python3.7/site-packages/airflow/example_dags/example_branch_python_dop_operator_3.py for tasks to queue
[2022-05-16 10:02:28,153] {logging_mixin.py:115} INFO - [2022-05-16 10:02:28,152] {dagbag.py:507} INFO - Filling up the DagBag from /home/airflow/.local/lib/python3.7/site-packages/airflow/example_dags/example_branch_python_dop_operator_3.py
[2022-05-16 10:02:28,162] {processor.py:651} INFO - DAG(s) dict_keys(['example_branch_dop_operator_v3']) retrieved from /home/airflow/.local/lib/python3.7/site-packages/airflow/example_dags/example_branch_python_dop_operator_3.py
[2022-05-16 10:02:28,193] {logging_mixin.py:115} INFO - [2022-05-16 10:02:28,193] {dag.py:2371} INFO - Sync 1 DAGs
[2022-05-16 10:02:28,212] {logging_mixin.py:115} INFO - [2022-05-16 10:02:28,212] {dag.py:2919} INFO - Setting next_dagrun for example_branch_dop_operator_v3 to 2022-05-16T10:01:00+00:00, run_after=2022-05-16T10:02:00+00:00
[2022-05-16 10:02:28,224] {processor.py:161} INFO - Processing /home/airflow/.local/lib/python3.7/site-packages/airflow/example_dags/example_branch_python_dop_operator_3.py took 0.078 seconds
[2022-05-16 10:02:58,611] {processor.py:153} INFO - Started process (PID=1327) to work on /home/airflow/.local/lib/python3.7/site-packages/airflow/example_dags/example_branch_python_dop_operator_3.py
[2022-05-16 10:02:58,613] {processor.py:641} INFO - Processing file /home/airflow/.local/lib/python3.7/site-packages/airflow/example_dags/example_branch_python_dop_operator_3.py for tasks to queue
[2022-05-16 10:02:58,614] {logging_mixin.py:115} INFO - [2022-05-16 10:02:58,614] {dagbag.py:507} INFO - Filling up the DagBag from /home/airflow/.local/lib/python3.7/site-packages/airflow/example_dags/example_branch_python_dop_operator_3.py
[2022-05-16 10:02:58,620] {processor.py:651} INFO - DAG(s) dict_keys(['example_branch_dop_operator_v3']) retrieved from /home/airflow/.local/lib/python3.7/site-packages/airflow/example_dags/example_branch_python_dop_operator_3.py
[2022-05-16 10:02:58,637] {logging_mixin.py:115} INFO - [2022-05-16 10:02:58,637] {dag.py:2371} INFO - Sync 1 DAGs
[2022-05-16 10:02:58,652] {logging_mixin.py:115} INFO - [2022-05-16 10:02:58,652] {dag.py:2919} INFO - Setting next_dagrun for example_branch_dop_operator_v3 to 2022-05-16T10:01:00+00:00, run_after=2022-05-16T10:02:00+00:00
[2022-05-16 10:02:58,659] {processor.py:161} INFO - Processing /home/airflow/.local/lib/python3.7/site-packages/airflow/example_dags/example_branch_python_dop_operator_3.py took 0.050 seconds
[2022-05-16 10:03:29,423] {processor.py:153} INFO - Started process (PID=1548) to work on /home/airflow/.local/lib/python3.7/site-packages/airflow/example_dags/example_branch_python_dop_operator_3.py
[2022-05-16 10:03:29,424] {processor.py:641} INFO - Processing file /home/airflow/.local/lib/python3.7/site-packages/airflow/example_dags/example_branch_python_dop_operator_3.py for tasks to queue
[2022-05-16 10:03:29,426] {logging_mixin.py:115} INFO - [2022-05-16 10:03:29,426] {dagbag.py:507} INFO - Filling up the DagBag from /home/airflow/.local/lib/python3.7/site-packages/airflow/example_dags/example_branch_python_dop_operator_3.py
[2022-05-16 10:03:29,433] {processor.py:651} INFO - DAG(s) dict_keys(['example_branch_dop_operator_v3']) retrieved from /home/airflow/.local/lib/python3.7/site-packages/airflow/example_dags/example_branch_python_dop_operator_3.py
[2022-05-16 10:03:29,461] {logging_mixin.py:115} INFO - [2022-05-16 10:03:29,461] {dag.py:2371} INFO - Sync 1 DAGs
[2022-05-16 10:03:29,477] {logging_mixin.py:115} INFO - [2022-05-16 10:03:29,477] {dag.py:2919} INFO - Setting next_dagrun for example_branch_dop_operator_v3 to 2022-05-16T10:02:00+00:00, run_after=2022-05-16T10:03:00+00:00
[2022-05-16 10:03:29,489] {processor.py:161} INFO - Processing /home/airflow/.local/lib/python3.7/site-packages/airflow/example_dags/example_branch_python_dop_operator_3.py took 0.068 seconds
[2022-05-16 10:04:00,435] {processor.py:153} INFO - Started process (PID=1770) to work on /home/airflow/.local/lib/python3.7/site-packages/airflow/example_dags/example_branch_python_dop_operator_3.py
[2022-05-16 10:04:00,437] {processor.py:641} INFO - Processing file /home/airflow/.local/lib/python3.7/site-packages/airflow/example_dags/example_branch_python_dop_operator_3.py for tasks to queue
[2022-05-16 10:04:00,438] {logging_mixin.py:115} INFO - [2022-05-16 10:04:00,438] {dagbag.py:507} INFO - Filling up the DagBag from /home/airflow/.local/lib/python3.7/site-packages/airflow/example_dags/example_branch_python_dop_operator_3.py
[2022-05-16 10:04:00,448] {processor.py:651} INFO - DAG(s) dict_keys(['example_branch_dop_operator_v3']) retrieved from /home/airflow/.local/lib/python3.7/site-packages/airflow/example_dags/example_branch_python_dop_operator_3.py
[2022-05-16 10:04:00,473] {logging_mixin.py:115} INFO - [2022-05-16 10:04:00,472] {dag.py:2371} INFO - Sync 1 DAGs
[2022-05-16 10:04:00,498] {logging_mixin.py:115} INFO - [2022-05-16 10:04:00,498] {dag.py:2919} INFO - Setting next_dagrun for example_branch_dop_operator_v3 to 2022-05-16T10:03:00+00:00, run_after=2022-05-16T10:04:00+00:00
[2022-05-16 10:04:00,510] {processor.py:161} INFO - Processing /home/airflow/.local/lib/python3.7/site-packages/airflow/example_dags/example_branch_python_dop_operator_3.py took 0.078 seconds
[2022-05-16 10:04:31,150] {processor.py:153} INFO - Started process (PID=1996) to work on /home/airflow/.local/lib/python3.7/site-packages/airflow/example_dags/example_branch_python_dop_operator_3.py
[2022-05-16 10:04:31,152] {processor.py:641} INFO - Processing file /home/airflow/.local/lib/python3.7/site-packages/airflow/example_dags/example_branch_python_dop_operator_3.py for tasks to queue
[2022-05-16 10:04:31,153] {logging_mixin.py:115} INFO - [2022-05-16 10:04:31,153] {dagbag.py:507} INFO - Filling up the DagBag from /home/airflow/.local/lib/python3.7/site-packages/airflow/example_dags/example_branch_python_dop_operator_3.py
[2022-05-16 10:04:31,159] {processor.py:651} INFO - DAG(s) dict_keys(['example_branch_dop_operator_v3']) retrieved from /home/airflow/.local/lib/python3.7/site-packages/airflow/example_dags/example_branch_python_dop_operator_3.py
[2022-05-16 10:04:31,176] {logging_mixin.py:115} INFO - [2022-05-16 10:04:31,176] {dag.py:2371} INFO - Sync 1 DAGs
[2022-05-16 10:04:31,192] {logging_mixin.py:115} INFO - [2022-05-16 10:04:31,192] {dag.py:2919} INFO - Setting next_dagrun for example_branch_dop_operator_v3 to 2022-05-16T10:03:00+00:00, run_after=2022-05-16T10:04:00+00:00
[2022-05-16 10:04:31,199] {processor.py:161} INFO - Processing /home/airflow/.local/lib/python3.7/site-packages/airflow/example_dags/example_branch_python_dop_operator_3.py took 0.050 seconds
[2022-05-16 10:05:01,869] {processor.py:153} INFO - Started process (PID=2218) to work on /home/airflow/.local/lib/python3.7/site-packages/airflow/example_dags/example_branch_python_dop_operator_3.py
[2022-05-16 10:05:01,872] {processor.py:641} INFO - Processing file /home/airflow/.local/lib/python3.7/site-packages/airflow/example_dags/example_branch_python_dop_operator_3.py for tasks to queue
[2022-05-16 10:05:01,873] {logging_mixin.py:115} INFO - [2022-05-16 10:05:01,873] {dagbag.py:507} INFO - Filling up the DagBag from /home/airflow/.local/lib/python3.7/site-packages/airflow/example_dags/example_branch_python_dop_operator_3.py
[2022-05-16 10:05:01,882] {processor.py:651} INFO - DAG(s) dict_keys(['example_branch_dop_operator_v3']) retrieved from /home/airflow/.local/lib/python3.7/site-packages/airflow/example_dags/example_branch_python_dop_operator_3.py
[2022-05-16 10:05:01,907] {logging_mixin.py:115} INFO - [2022-05-16 10:05:01,907] {dag.py:2371} INFO - Sync 1 DAGs
[2022-05-16 10:05:01,932] {logging_mixin.py:115} INFO - [2022-05-16 10:05:01,932] {dag.py:2919} INFO - Setting next_dagrun for example_branch_dop_operator_v3 to 2022-05-16T10:04:00+00:00, run_after=2022-05-16T10:05:00+00:00
[2022-05-16 10:05:01,941] {processor.py:161} INFO - Processing /home/airflow/.local/lib/python3.7/site-packages/airflow/example_dags/example_branch_python_dop_operator_3.py took 0.076 seconds
[2022-05-16 10:05:32,676] {processor.py:153} INFO - Started process (PID=2519) to work on /home/airflow/.local/lib/python3.7/site-packages/airflow/example_dags/example_branch_python_dop_operator_3.py
[2022-05-16 10:05:32,677] {processor.py:641} INFO - Processing file /home/airflow/.local/lib/python3.7/site-packages/airflow/example_dags/example_branch_python_dop_operator_3.py for tasks to queue
[2022-05-16 10:05:32,679] {logging_mixin.py:115} INFO - [2022-05-16 10:05:32,679] {dagbag.py:507} INFO - Filling up the DagBag from /home/airflow/.local/lib/python3.7/site-packages/airflow/example_dags/example_branch_python_dop_operator_3.py
[2022-05-16 10:05:32,685] {processor.py:651} INFO - DAG(s) dict_keys(['example_branch_dop_operator_v3']) retrieved from /home/airflow/.local/lib/python3.7/site-packages/airflow/example_dags/example_branch_python_dop_operator_3.py
[2022-05-16 10:05:32,703] {logging_mixin.py:115} INFO - [2022-05-16 10:05:32,703] {dag.py:2371} INFO - Sync 1 DAGs
[2022-05-16 10:05:32,720] {logging_mixin.py:115} INFO - [2022-05-16 10:05:32,720] {dag.py:2919} INFO - Setting next_dagrun for example_branch_dop_operator_v3 to 2022-05-16T10:04:00+00:00, run_after=2022-05-16T10:05:00+00:00
[2022-05-16 10:05:32,730] {processor.py:161} INFO - Processing /home/airflow/.local/lib/python3.7/site-packages/airflow/example_dags/example_branch_python_dop_operator_3.py took 0.056 seconds
[2022-05-16 10:06:02,797] {processor.py:153} INFO - Started process (PID=2898) to work on /home/airflow/.local/lib/python3.7/site-packages/airflow/example_dags/example_branch_python_dop_operator_3.py
[2022-05-16 10:06:02,799] {processor.py:641} INFO - Processing file /home/airflow/.local/lib/python3.7/site-packages/airflow/example_dags/example_branch_python_dop_operator_3.py for tasks to queue
[2022-05-16 10:06:02,800] {logging_mixin.py:115} INFO - [2022-05-16 10:06:02,800] {dagbag.py:507} INFO - Filling up the DagBag from /home/airflow/.local/lib/python3.7/site-packages/airflow/example_dags/example_branch_python_dop_operator_3.py
[2022-05-16 10:06:02,806] {processor.py:651} INFO - DAG(s) dict_keys(['example_branch_dop_operator_v3']) retrieved from /home/airflow/.local/lib/python3.7/site-packages/airflow/example_dags/example_branch_python_dop_operator_3.py
[2022-05-16 10:06:02,828] {logging_mixin.py:115} INFO - [2022-05-16 10:06:02,827] {dag.py:2371} INFO - Sync 1 DAGs
[2022-05-16 10:06:02,860] {logging_mixin.py:115} INFO - [2022-05-16 10:06:02,860] {dag.py:2919} INFO - Setting next_dagrun for example_branch_dop_operator_v3 to 2022-05-16T10:05:00+00:00, run_after=2022-05-16T10:06:00+00:00
[2022-05-16 10:06:02,881] {processor.py:161} INFO - Processing /home/airflow/.local/lib/python3.7/site-packages/airflow/example_dags/example_branch_python_dop_operator_3.py took 0.085 seconds
[2022-05-16 10:06:33,846] {processor.py:153} INFO - Started process (PID=3120) to work on /home/airflow/.local/lib/python3.7/site-packages/airflow/example_dags/example_branch_python_dop_operator_3.py
[2022-05-16 10:06:33,848] {processor.py:641} INFO - Processing file /home/airflow/.local/lib/python3.7/site-packages/airflow/example_dags/example_branch_python_dop_operator_3.py for tasks to queue
[2022-05-16 10:06:33,849] {logging_mixin.py:115} INFO - [2022-05-16 10:06:33,849] {dagbag.py:507} INFO - Filling up the DagBag from /home/airflow/.local/lib/python3.7/site-packages/airflow/example_dags/example_branch_python_dop_operator_3.py
[2022-05-16 10:06:33,855] {processor.py:651} INFO - DAG(s) dict_keys(['example_branch_dop_operator_v3']) retrieved from /home/airflow/.local/lib/python3.7/site-packages/airflow/example_dags/example_branch_python_dop_operator_3.py
[2022-05-16 10:06:33,872] {logging_mixin.py:115} INFO - [2022-05-16 10:06:33,872] {dag.py:2371} INFO - Sync 1 DAGs
[2022-05-16 10:06:33,889] {logging_mixin.py:115} INFO - [2022-05-16 10:06:33,889] {dag.py:2919} INFO - Setting next_dagrun for example_branch_dop_operator_v3 to 2022-05-16T10:05:00+00:00, run_after=2022-05-16T10:06:00+00:00
[2022-05-16 10:06:33,897] {processor.py:161} INFO - Processing /home/airflow/.local/lib/python3.7/site-packages/airflow/example_dags/example_branch_python_dop_operator_3.py took 0.053 seconds
[2022-05-16 10:07:04,855] {processor.py:153} INFO - Started process (PID=3341) to work on /home/airflow/.local/lib/python3.7/site-packages/airflow/example_dags/example_branch_python_dop_operator_3.py
[2022-05-16 10:07:04,856] {processor.py:641} INFO - Processing file /home/airflow/.local/lib/python3.7/site-packages/airflow/example_dags/example_branch_python_dop_operator_3.py for tasks to queue
[2022-05-16 10:07:04,857] {logging_mixin.py:115} INFO - [2022-05-16 10:07:04,857] {dagbag.py:507} INFO - Filling up the DagBag from /home/airflow/.local/lib/python3.7/site-packages/airflow/example_dags/example_branch_python_dop_operator_3.py
[2022-05-16 10:07:04,863] {processor.py:651} INFO - DAG(s) dict_keys(['example_branch_dop_operator_v3']) retrieved from /home/airflow/.local/lib/python3.7/site-packages/airflow/example_dags/example_branch_python_dop_operator_3.py
[2022-05-16 10:07:04,879] {logging_mixin.py:115} INFO - [2022-05-16 10:07:04,879] {dag.py:2371} INFO - Sync 1 DAGs
[2022-05-16 10:07:04,893] {logging_mixin.py:115} INFO - [2022-05-16 10:07:04,893] {dag.py:2919} INFO - Setting next_dagrun for example_branch_dop_operator_v3 to 2022-05-16T10:06:00+00:00, run_after=2022-05-16T10:07:00+00:00
[2022-05-16 10:07:04,900] {processor.py:161} INFO - Processing /home/airflow/.local/lib/python3.7/site-packages/airflow/example_dags/example_branch_python_dop_operator_3.py took 0.048 seconds
