[2022-05-16 10:00:54,264] {processor.py:153} INFO - Started process (PID=228) to work on /home/airflow/.local/lib/python3.7/site-packages/airflow/example_dags/example_branch_day_of_week_operator.py
[2022-05-16 10:00:54,267] {processor.py:641} INFO - Processing file /home/airflow/.local/lib/python3.7/site-packages/airflow/example_dags/example_branch_day_of_week_operator.py for tasks to queue
[2022-05-16 10:00:54,270] {logging_mixin.py:115} INFO - [2022-05-16 10:00:54,270] {dagbag.py:507} INFO - Filling up the DagBag from /home/airflow/.local/lib/python3.7/site-packages/airflow/example_dags/example_branch_day_of_week_operator.py
[2022-05-16 10:00:54,310] {processor.py:651} INFO - DAG(s) dict_keys(['example_weekday_branch_operator']) retrieved from /home/airflow/.local/lib/python3.7/site-packages/airflow/example_dags/example_branch_day_of_week_operator.py
[2022-05-16 10:00:54,494] {logging_mixin.py:115} INFO - [2022-05-16 10:00:54,494] {dag.py:2371} INFO - Sync 1 DAGs
[2022-05-16 10:00:54,715] {logging_mixin.py:115} INFO - [2022-05-16 10:00:54,715] {dag.py:2919} INFO - Setting next_dagrun for example_weekday_branch_operator to 2022-05-15T00:00:00+00:00, run_after=2022-05-16T00:00:00+00:00
[2022-05-16 10:00:54,813] {processor.py:161} INFO - Processing /home/airflow/.local/lib/python3.7/site-packages/airflow/example_dags/example_branch_day_of_week_operator.py took 0.556 seconds
[2022-05-16 10:01:25,114] {processor.py:153} INFO - Started process (PID=622) to work on /home/airflow/.local/lib/python3.7/site-packages/airflow/example_dags/example_branch_day_of_week_operator.py
[2022-05-16 10:01:25,116] {processor.py:641} INFO - Processing file /home/airflow/.local/lib/python3.7/site-packages/airflow/example_dags/example_branch_day_of_week_operator.py for tasks to queue
[2022-05-16 10:01:25,117] {logging_mixin.py:115} INFO - [2022-05-16 10:01:25,116] {dagbag.py:507} INFO - Filling up the DagBag from /home/airflow/.local/lib/python3.7/site-packages/airflow/example_dags/example_branch_day_of_week_operator.py
[2022-05-16 10:01:25,124] {processor.py:651} INFO - DAG(s) dict_keys(['example_weekday_branch_operator']) retrieved from /home/airflow/.local/lib/python3.7/site-packages/airflow/example_dags/example_branch_day_of_week_operator.py
[2022-05-16 10:01:25,148] {logging_mixin.py:115} INFO - [2022-05-16 10:01:25,148] {dag.py:2371} INFO - Sync 1 DAGs
[2022-05-16 10:01:25,173] {logging_mixin.py:115} INFO - [2022-05-16 10:01:25,173] {dag.py:2919} INFO - Setting next_dagrun for example_weekday_branch_operator to 2022-05-15T00:00:00+00:00, run_after=2022-05-16T00:00:00+00:00
[2022-05-16 10:01:25,186] {processor.py:161} INFO - Processing /home/airflow/.local/lib/python3.7/site-packages/airflow/example_dags/example_branch_day_of_week_operator.py took 0.077 seconds
[2022-05-16 10:01:56,034] {processor.py:153} INFO - Started process (PID=838) to work on /home/airflow/.local/lib/python3.7/site-packages/airflow/example_dags/example_branch_day_of_week_operator.py
[2022-05-16 10:01:56,036] {processor.py:641} INFO - Processing file /home/airflow/.local/lib/python3.7/site-packages/airflow/example_dags/example_branch_day_of_week_operator.py for tasks to queue
[2022-05-16 10:01:56,038] {logging_mixin.py:115} INFO - [2022-05-16 10:01:56,038] {dagbag.py:507} INFO - Filling up the DagBag from /home/airflow/.local/lib/python3.7/site-packages/airflow/example_dags/example_branch_day_of_week_operator.py
[2022-05-16 10:01:56,049] {processor.py:651} INFO - DAG(s) dict_keys(['example_weekday_branch_operator']) retrieved from /home/airflow/.local/lib/python3.7/site-packages/airflow/example_dags/example_branch_day_of_week_operator.py
[2022-05-16 10:01:56,074] {logging_mixin.py:115} INFO - [2022-05-16 10:01:56,074] {dag.py:2371} INFO - Sync 1 DAGs
[2022-05-16 10:01:56,090] {logging_mixin.py:115} INFO - [2022-05-16 10:01:56,090] {dag.py:2919} INFO - Setting next_dagrun for example_weekday_branch_operator to 2022-05-15T00:00:00+00:00, run_after=2022-05-16T00:00:00+00:00
[2022-05-16 10:01:56,099] {processor.py:161} INFO - Processing /home/airflow/.local/lib/python3.7/site-packages/airflow/example_dags/example_branch_day_of_week_operator.py took 0.069 seconds
[2022-05-16 10:02:26,759] {processor.py:153} INFO - Started process (PID=1062) to work on /home/airflow/.local/lib/python3.7/site-packages/airflow/example_dags/example_branch_day_of_week_operator.py
[2022-05-16 10:02:26,761] {processor.py:641} INFO - Processing file /home/airflow/.local/lib/python3.7/site-packages/airflow/example_dags/example_branch_day_of_week_operator.py for tasks to queue
[2022-05-16 10:02:26,762] {logging_mixin.py:115} INFO - [2022-05-16 10:02:26,762] {dagbag.py:507} INFO - Filling up the DagBag from /home/airflow/.local/lib/python3.7/site-packages/airflow/example_dags/example_branch_day_of_week_operator.py
[2022-05-16 10:02:26,769] {processor.py:651} INFO - DAG(s) dict_keys(['example_weekday_branch_operator']) retrieved from /home/airflow/.local/lib/python3.7/site-packages/airflow/example_dags/example_branch_day_of_week_operator.py
[2022-05-16 10:02:26,800] {logging_mixin.py:115} INFO - [2022-05-16 10:02:26,800] {dag.py:2371} INFO - Sync 1 DAGs
[2022-05-16 10:02:26,822] {logging_mixin.py:115} INFO - [2022-05-16 10:02:26,822] {dag.py:2919} INFO - Setting next_dagrun for example_weekday_branch_operator to 2022-05-15T00:00:00+00:00, run_after=2022-05-16T00:00:00+00:00
[2022-05-16 10:02:26,839] {processor.py:161} INFO - Processing /home/airflow/.local/lib/python3.7/site-packages/airflow/example_dags/example_branch_day_of_week_operator.py took 0.083 seconds
[2022-05-16 10:02:57,375] {processor.py:153} INFO - Started process (PID=1294) to work on /home/airflow/.local/lib/python3.7/site-packages/airflow/example_dags/example_branch_day_of_week_operator.py
[2022-05-16 10:02:57,377] {processor.py:641} INFO - Processing file /home/airflow/.local/lib/python3.7/site-packages/airflow/example_dags/example_branch_day_of_week_operator.py for tasks to queue
[2022-05-16 10:02:57,378] {logging_mixin.py:115} INFO - [2022-05-16 10:02:57,378] {dagbag.py:507} INFO - Filling up the DagBag from /home/airflow/.local/lib/python3.7/site-packages/airflow/example_dags/example_branch_day_of_week_operator.py
[2022-05-16 10:02:57,382] {processor.py:651} INFO - DAG(s) dict_keys(['example_weekday_branch_operator']) retrieved from /home/airflow/.local/lib/python3.7/site-packages/airflow/example_dags/example_branch_day_of_week_operator.py
[2022-05-16 10:02:57,398] {logging_mixin.py:115} INFO - [2022-05-16 10:02:57,398] {dag.py:2371} INFO - Sync 1 DAGs
[2022-05-16 10:02:57,410] {logging_mixin.py:115} INFO - [2022-05-16 10:02:57,410] {dag.py:2919} INFO - Setting next_dagrun for example_weekday_branch_operator to 2022-05-15T00:00:00+00:00, run_after=2022-05-16T00:00:00+00:00
[2022-05-16 10:02:57,417] {processor.py:161} INFO - Processing /home/airflow/.local/lib/python3.7/site-packages/airflow/example_dags/example_branch_day_of_week_operator.py took 0.044 seconds
[2022-05-16 10:03:28,159] {processor.py:153} INFO - Started process (PID=1515) to work on /home/airflow/.local/lib/python3.7/site-packages/airflow/example_dags/example_branch_day_of_week_operator.py
[2022-05-16 10:03:28,161] {processor.py:641} INFO - Processing file /home/airflow/.local/lib/python3.7/site-packages/airflow/example_dags/example_branch_day_of_week_operator.py for tasks to queue
[2022-05-16 10:03:28,162] {logging_mixin.py:115} INFO - [2022-05-16 10:03:28,162] {dagbag.py:507} INFO - Filling up the DagBag from /home/airflow/.local/lib/python3.7/site-packages/airflow/example_dags/example_branch_day_of_week_operator.py
[2022-05-16 10:03:28,167] {processor.py:651} INFO - DAG(s) dict_keys(['example_weekday_branch_operator']) retrieved from /home/airflow/.local/lib/python3.7/site-packages/airflow/example_dags/example_branch_day_of_week_operator.py
[2022-05-16 10:03:28,185] {logging_mixin.py:115} INFO - [2022-05-16 10:03:28,185] {dag.py:2371} INFO - Sync 1 DAGs
[2022-05-16 10:03:28,198] {logging_mixin.py:115} INFO - [2022-05-16 10:03:28,198] {dag.py:2919} INFO - Setting next_dagrun for example_weekday_branch_operator to 2022-05-15T00:00:00+00:00, run_after=2022-05-16T00:00:00+00:00
[2022-05-16 10:03:28,206] {processor.py:161} INFO - Processing /home/airflow/.local/lib/python3.7/site-packages/airflow/example_dags/example_branch_day_of_week_operator.py took 0.049 seconds
[2022-05-16 10:03:59,075] {processor.py:153} INFO - Started process (PID=1735) to work on /home/airflow/.local/lib/python3.7/site-packages/airflow/example_dags/example_branch_day_of_week_operator.py
[2022-05-16 10:03:59,076] {processor.py:641} INFO - Processing file /home/airflow/.local/lib/python3.7/site-packages/airflow/example_dags/example_branch_day_of_week_operator.py for tasks to queue
[2022-05-16 10:03:59,077] {logging_mixin.py:115} INFO - [2022-05-16 10:03:59,077] {dagbag.py:507} INFO - Filling up the DagBag from /home/airflow/.local/lib/python3.7/site-packages/airflow/example_dags/example_branch_day_of_week_operator.py
[2022-05-16 10:03:59,082] {processor.py:651} INFO - DAG(s) dict_keys(['example_weekday_branch_operator']) retrieved from /home/airflow/.local/lib/python3.7/site-packages/airflow/example_dags/example_branch_day_of_week_operator.py
[2022-05-16 10:03:59,099] {logging_mixin.py:115} INFO - [2022-05-16 10:03:59,099] {dag.py:2371} INFO - Sync 1 DAGs
[2022-05-16 10:03:59,112] {logging_mixin.py:115} INFO - [2022-05-16 10:03:59,112] {dag.py:2919} INFO - Setting next_dagrun for example_weekday_branch_operator to 2022-05-15T00:00:00+00:00, run_after=2022-05-16T00:00:00+00:00
[2022-05-16 10:03:59,119] {processor.py:161} INFO - Processing /home/airflow/.local/lib/python3.7/site-packages/airflow/example_dags/example_branch_day_of_week_operator.py took 0.046 seconds
[2022-05-16 10:04:29,920] {processor.py:153} INFO - Started process (PID=1963) to work on /home/airflow/.local/lib/python3.7/site-packages/airflow/example_dags/example_branch_day_of_week_operator.py
[2022-05-16 10:04:29,922] {processor.py:641} INFO - Processing file /home/airflow/.local/lib/python3.7/site-packages/airflow/example_dags/example_branch_day_of_week_operator.py for tasks to queue
[2022-05-16 10:04:29,923] {logging_mixin.py:115} INFO - [2022-05-16 10:04:29,923] {dagbag.py:507} INFO - Filling up the DagBag from /home/airflow/.local/lib/python3.7/site-packages/airflow/example_dags/example_branch_day_of_week_operator.py
[2022-05-16 10:04:29,929] {processor.py:651} INFO - DAG(s) dict_keys(['example_weekday_branch_operator']) retrieved from /home/airflow/.local/lib/python3.7/site-packages/airflow/example_dags/example_branch_day_of_week_operator.py
[2022-05-16 10:04:29,945] {logging_mixin.py:115} INFO - [2022-05-16 10:04:29,945] {dag.py:2371} INFO - Sync 1 DAGs
[2022-05-16 10:04:29,958] {logging_mixin.py:115} INFO - [2022-05-16 10:04:29,958] {dag.py:2919} INFO - Setting next_dagrun for example_weekday_branch_operator to 2022-05-15T00:00:00+00:00, run_after=2022-05-16T00:00:00+00:00
[2022-05-16 10:04:29,965] {processor.py:161} INFO - Processing /home/airflow/.local/lib/python3.7/site-packages/airflow/example_dags/example_branch_day_of_week_operator.py took 0.047 seconds
[2022-05-16 10:05:00,599] {processor.py:153} INFO - Started process (PID=2175) to work on /home/airflow/.local/lib/python3.7/site-packages/airflow/example_dags/example_branch_day_of_week_operator.py
[2022-05-16 10:05:00,601] {processor.py:641} INFO - Processing file /home/airflow/.local/lib/python3.7/site-packages/airflow/example_dags/example_branch_day_of_week_operator.py for tasks to queue
[2022-05-16 10:05:00,602] {logging_mixin.py:115} INFO - [2022-05-16 10:05:00,602] {dagbag.py:507} INFO - Filling up the DagBag from /home/airflow/.local/lib/python3.7/site-packages/airflow/example_dags/example_branch_day_of_week_operator.py
[2022-05-16 10:05:00,606] {processor.py:651} INFO - DAG(s) dict_keys(['example_weekday_branch_operator']) retrieved from /home/airflow/.local/lib/python3.7/site-packages/airflow/example_dags/example_branch_day_of_week_operator.py
[2022-05-16 10:05:00,622] {logging_mixin.py:115} INFO - [2022-05-16 10:05:00,621] {dag.py:2371} INFO - Sync 1 DAGs
[2022-05-16 10:05:00,634] {logging_mixin.py:115} INFO - [2022-05-16 10:05:00,634] {dag.py:2919} INFO - Setting next_dagrun for example_weekday_branch_operator to 2022-05-15T00:00:00+00:00, run_after=2022-05-16T00:00:00+00:00
[2022-05-16 10:05:00,641] {processor.py:161} INFO - Processing /home/airflow/.local/lib/python3.7/site-packages/airflow/example_dags/example_branch_day_of_week_operator.py took 0.044 seconds
[2022-05-16 10:05:31,399] {processor.py:153} INFO - Started process (PID=2452) to work on /home/airflow/.local/lib/python3.7/site-packages/airflow/example_dags/example_branch_day_of_week_operator.py
[2022-05-16 10:05:31,423] {processor.py:641} INFO - Processing file /home/airflow/.local/lib/python3.7/site-packages/airflow/example_dags/example_branch_day_of_week_operator.py for tasks to queue
[2022-05-16 10:05:31,424] {logging_mixin.py:115} INFO - [2022-05-16 10:05:31,424] {dagbag.py:507} INFO - Filling up the DagBag from /home/airflow/.local/lib/python3.7/site-packages/airflow/example_dags/example_branch_day_of_week_operator.py
[2022-05-16 10:05:31,429] {processor.py:651} INFO - DAG(s) dict_keys(['example_weekday_branch_operator']) retrieved from /home/airflow/.local/lib/python3.7/site-packages/airflow/example_dags/example_branch_day_of_week_operator.py
[2022-05-16 10:05:31,444] {logging_mixin.py:115} INFO - [2022-05-16 10:05:31,444] {dag.py:2371} INFO - Sync 1 DAGs
[2022-05-16 10:05:31,457] {logging_mixin.py:115} INFO - [2022-05-16 10:05:31,457] {dag.py:2919} INFO - Setting next_dagrun for example_weekday_branch_operator to 2022-05-15T00:00:00+00:00, run_after=2022-05-16T00:00:00+00:00
[2022-05-16 10:05:31,463] {processor.py:161} INFO - Processing /home/airflow/.local/lib/python3.7/site-packages/airflow/example_dags/example_branch_day_of_week_operator.py took 0.066 seconds
[2022-05-16 10:06:01,503] {processor.py:153} INFO - Started process (PID=2865) to work on /home/airflow/.local/lib/python3.7/site-packages/airflow/example_dags/example_branch_day_of_week_operator.py
[2022-05-16 10:06:01,504] {processor.py:641} INFO - Processing file /home/airflow/.local/lib/python3.7/site-packages/airflow/example_dags/example_branch_day_of_week_operator.py for tasks to queue
[2022-05-16 10:06:01,504] {logging_mixin.py:115} INFO - [2022-05-16 10:06:01,504] {dagbag.py:507} INFO - Filling up the DagBag from /home/airflow/.local/lib/python3.7/site-packages/airflow/example_dags/example_branch_day_of_week_operator.py
[2022-05-16 10:06:01,509] {processor.py:651} INFO - DAG(s) dict_keys(['example_weekday_branch_operator']) retrieved from /home/airflow/.local/lib/python3.7/site-packages/airflow/example_dags/example_branch_day_of_week_operator.py
[2022-05-16 10:06:01,524] {logging_mixin.py:115} INFO - [2022-05-16 10:06:01,524] {dag.py:2371} INFO - Sync 1 DAGs
[2022-05-16 10:06:01,536] {logging_mixin.py:115} INFO - [2022-05-16 10:06:01,536] {dag.py:2919} INFO - Setting next_dagrun for example_weekday_branch_operator to 2022-05-15T00:00:00+00:00, run_after=2022-05-16T00:00:00+00:00
[2022-05-16 10:06:01,542] {processor.py:161} INFO - Processing /home/airflow/.local/lib/python3.7/site-packages/airflow/example_dags/example_branch_day_of_week_operator.py took 0.041 seconds
[2022-05-16 10:06:32,553] {processor.py:153} INFO - Started process (PID=3085) to work on /home/airflow/.local/lib/python3.7/site-packages/airflow/example_dags/example_branch_day_of_week_operator.py
[2022-05-16 10:06:32,555] {processor.py:641} INFO - Processing file /home/airflow/.local/lib/python3.7/site-packages/airflow/example_dags/example_branch_day_of_week_operator.py for tasks to queue
[2022-05-16 10:06:32,556] {logging_mixin.py:115} INFO - [2022-05-16 10:06:32,556] {dagbag.py:507} INFO - Filling up the DagBag from /home/airflow/.local/lib/python3.7/site-packages/airflow/example_dags/example_branch_day_of_week_operator.py
[2022-05-16 10:06:32,561] {processor.py:651} INFO - DAG(s) dict_keys(['example_weekday_branch_operator']) retrieved from /home/airflow/.local/lib/python3.7/site-packages/airflow/example_dags/example_branch_day_of_week_operator.py
[2022-05-16 10:06:32,578] {logging_mixin.py:115} INFO - [2022-05-16 10:06:32,578] {dag.py:2371} INFO - Sync 1 DAGs
[2022-05-16 10:06:32,590] {logging_mixin.py:115} INFO - [2022-05-16 10:06:32,590] {dag.py:2919} INFO - Setting next_dagrun for example_weekday_branch_operator to 2022-05-15T00:00:00+00:00, run_after=2022-05-16T00:00:00+00:00
[2022-05-16 10:06:32,597] {processor.py:161} INFO - Processing /home/airflow/.local/lib/python3.7/site-packages/airflow/example_dags/example_branch_day_of_week_operator.py took 0.045 seconds
[2022-05-16 10:07:03,508] {processor.py:153} INFO - Started process (PID=3306) to work on /home/airflow/.local/lib/python3.7/site-packages/airflow/example_dags/example_branch_day_of_week_operator.py
[2022-05-16 10:07:03,509] {processor.py:641} INFO - Processing file /home/airflow/.local/lib/python3.7/site-packages/airflow/example_dags/example_branch_day_of_week_operator.py for tasks to queue
[2022-05-16 10:07:03,510] {logging_mixin.py:115} INFO - [2022-05-16 10:07:03,510] {dagbag.py:507} INFO - Filling up the DagBag from /home/airflow/.local/lib/python3.7/site-packages/airflow/example_dags/example_branch_day_of_week_operator.py
[2022-05-16 10:07:03,515] {processor.py:651} INFO - DAG(s) dict_keys(['example_weekday_branch_operator']) retrieved from /home/airflow/.local/lib/python3.7/site-packages/airflow/example_dags/example_branch_day_of_week_operator.py
[2022-05-16 10:07:03,530] {logging_mixin.py:115} INFO - [2022-05-16 10:07:03,530] {dag.py:2371} INFO - Sync 1 DAGs
[2022-05-16 10:07:03,542] {logging_mixin.py:115} INFO - [2022-05-16 10:07:03,542] {dag.py:2919} INFO - Setting next_dagrun for example_weekday_branch_operator to 2022-05-15T00:00:00+00:00, run_after=2022-05-16T00:00:00+00:00
[2022-05-16 10:07:03,550] {processor.py:161} INFO - Processing /home/airflow/.local/lib/python3.7/site-packages/airflow/example_dags/example_branch_day_of_week_operator.py took 0.043 seconds
