[2022-05-16 10:00:57,988] {processor.py:153} INFO - Started process (PID=354) to work on /home/airflow/.local/lib/python3.7/site-packages/airflow/example_dags/example_complex.py
[2022-05-16 10:00:57,994] {processor.py:641} INFO - Processing file /home/airflow/.local/lib/python3.7/site-packages/airflow/example_dags/example_complex.py for tasks to queue
[2022-05-16 10:00:57,995] {logging_mixin.py:115} INFO - [2022-05-16 10:00:57,995] {dagbag.py:507} INFO - Filling up the DagBag from /home/airflow/.local/lib/python3.7/site-packages/airflow/example_dags/example_complex.py
[2022-05-16 10:00:58,030] {processor.py:651} INFO - DAG(s) dict_keys(['example_complex']) retrieved from /home/airflow/.local/lib/python3.7/site-packages/airflow/example_dags/example_complex.py
[2022-05-16 10:00:58,118] {logging_mixin.py:115} INFO - [2022-05-16 10:00:58,118] {dag.py:2371} INFO - Sync 1 DAGs
[2022-05-16 10:00:58,221] {logging_mixin.py:115} INFO - [2022-05-16 10:00:58,221] {dag.py:2919} INFO - Setting next_dagrun for example_complex to None, run_after=None
[2022-05-16 10:00:58,262] {processor.py:161} INFO - Processing /home/airflow/.local/lib/python3.7/site-packages/airflow/example_dags/example_complex.py took 0.276 seconds
[2022-05-16 10:01:28,439] {processor.py:153} INFO - Started process (PID=711) to work on /home/airflow/.local/lib/python3.7/site-packages/airflow/example_dags/example_complex.py
[2022-05-16 10:01:28,440] {processor.py:641} INFO - Processing file /home/airflow/.local/lib/python3.7/site-packages/airflow/example_dags/example_complex.py for tasks to queue
[2022-05-16 10:01:28,441] {logging_mixin.py:115} INFO - [2022-05-16 10:01:28,441] {dagbag.py:507} INFO - Filling up the DagBag from /home/airflow/.local/lib/python3.7/site-packages/airflow/example_dags/example_complex.py
[2022-05-16 10:01:28,451] {processor.py:651} INFO - DAG(s) dict_keys(['example_complex']) retrieved from /home/airflow/.local/lib/python3.7/site-packages/airflow/example_dags/example_complex.py
[2022-05-16 10:01:28,477] {logging_mixin.py:115} INFO - [2022-05-16 10:01:28,477] {dag.py:2371} INFO - Sync 1 DAGs
[2022-05-16 10:01:28,554] {logging_mixin.py:115} INFO - [2022-05-16 10:01:28,554] {dag.py:2919} INFO - Setting next_dagrun for example_complex to None, run_after=None
[2022-05-16 10:01:28,586] {processor.py:161} INFO - Processing /home/airflow/.local/lib/python3.7/site-packages/airflow/example_dags/example_complex.py took 0.150 seconds
[2022-05-16 10:01:59,018] {processor.py:153} INFO - Started process (PID=933) to work on /home/airflow/.local/lib/python3.7/site-packages/airflow/example_dags/example_complex.py
[2022-05-16 10:01:59,024] {processor.py:641} INFO - Processing file /home/airflow/.local/lib/python3.7/site-packages/airflow/example_dags/example_complex.py for tasks to queue
[2022-05-16 10:01:59,026] {logging_mixin.py:115} INFO - [2022-05-16 10:01:59,026] {dagbag.py:507} INFO - Filling up the DagBag from /home/airflow/.local/lib/python3.7/site-packages/airflow/example_dags/example_complex.py
[2022-05-16 10:01:59,040] {processor.py:651} INFO - DAG(s) dict_keys(['example_complex']) retrieved from /home/airflow/.local/lib/python3.7/site-packages/airflow/example_dags/example_complex.py
[2022-05-16 10:01:59,081] {logging_mixin.py:115} INFO - [2022-05-16 10:01:59,081] {dag.py:2371} INFO - Sync 1 DAGs
[2022-05-16 10:01:59,117] {logging_mixin.py:115} INFO - [2022-05-16 10:01:59,117] {dag.py:2919} INFO - Setting next_dagrun for example_complex to None, run_after=None
[2022-05-16 10:01:59,133] {processor.py:161} INFO - Processing /home/airflow/.local/lib/python3.7/site-packages/airflow/example_dags/example_complex.py took 0.118 seconds
[2022-05-16 10:02:29,915] {processor.py:153} INFO - Started process (PID=1147) to work on /home/airflow/.local/lib/python3.7/site-packages/airflow/example_dags/example_complex.py
[2022-05-16 10:02:29,917] {processor.py:641} INFO - Processing file /home/airflow/.local/lib/python3.7/site-packages/airflow/example_dags/example_complex.py for tasks to queue
[2022-05-16 10:02:29,919] {logging_mixin.py:115} INFO - [2022-05-16 10:02:29,919] {dagbag.py:507} INFO - Filling up the DagBag from /home/airflow/.local/lib/python3.7/site-packages/airflow/example_dags/example_complex.py
[2022-05-16 10:02:29,930] {processor.py:651} INFO - DAG(s) dict_keys(['example_complex']) retrieved from /home/airflow/.local/lib/python3.7/site-packages/airflow/example_dags/example_complex.py
[2022-05-16 10:02:29,957] {logging_mixin.py:115} INFO - [2022-05-16 10:02:29,957] {dag.py:2371} INFO - Sync 1 DAGs
[2022-05-16 10:02:29,974] {logging_mixin.py:115} INFO - [2022-05-16 10:02:29,974] {dag.py:2919} INFO - Setting next_dagrun for example_complex to None, run_after=None
[2022-05-16 10:02:29,984] {processor.py:161} INFO - Processing /home/airflow/.local/lib/python3.7/site-packages/airflow/example_dags/example_complex.py took 0.071 seconds
[2022-05-16 10:03:00,025] {processor.py:153} INFO - Started process (PID=1379) to work on /home/airflow/.local/lib/python3.7/site-packages/airflow/example_dags/example_complex.py
[2022-05-16 10:03:00,027] {processor.py:641} INFO - Processing file /home/airflow/.local/lib/python3.7/site-packages/airflow/example_dags/example_complex.py for tasks to queue
[2022-05-16 10:03:00,028] {logging_mixin.py:115} INFO - [2022-05-16 10:03:00,028] {dagbag.py:507} INFO - Filling up the DagBag from /home/airflow/.local/lib/python3.7/site-packages/airflow/example_dags/example_complex.py
[2022-05-16 10:03:00,035] {processor.py:651} INFO - DAG(s) dict_keys(['example_complex']) retrieved from /home/airflow/.local/lib/python3.7/site-packages/airflow/example_dags/example_complex.py
[2022-05-16 10:03:00,055] {logging_mixin.py:115} INFO - [2022-05-16 10:03:00,055] {dag.py:2371} INFO - Sync 1 DAGs
[2022-05-16 10:03:00,067] {logging_mixin.py:115} INFO - [2022-05-16 10:03:00,067] {dag.py:2919} INFO - Setting next_dagrun for example_complex to None, run_after=None
[2022-05-16 10:03:00,074] {processor.py:161} INFO - Processing /home/airflow/.local/lib/python3.7/site-packages/airflow/example_dags/example_complex.py took 0.050 seconds
[2022-05-16 10:03:30,896] {processor.py:153} INFO - Started process (PID=1598) to work on /home/airflow/.local/lib/python3.7/site-packages/airflow/example_dags/example_complex.py
[2022-05-16 10:03:30,898] {processor.py:641} INFO - Processing file /home/airflow/.local/lib/python3.7/site-packages/airflow/example_dags/example_complex.py for tasks to queue
[2022-05-16 10:03:30,899] {logging_mixin.py:115} INFO - [2022-05-16 10:03:30,899] {dagbag.py:507} INFO - Filling up the DagBag from /home/airflow/.local/lib/python3.7/site-packages/airflow/example_dags/example_complex.py
[2022-05-16 10:03:30,909] {processor.py:651} INFO - DAG(s) dict_keys(['example_complex']) retrieved from /home/airflow/.local/lib/python3.7/site-packages/airflow/example_dags/example_complex.py
[2022-05-16 10:03:30,929] {logging_mixin.py:115} INFO - [2022-05-16 10:03:30,929] {dag.py:2371} INFO - Sync 1 DAGs
[2022-05-16 10:03:30,942] {logging_mixin.py:115} INFO - [2022-05-16 10:03:30,942] {dag.py:2919} INFO - Setting next_dagrun for example_complex to None, run_after=None
[2022-05-16 10:03:30,950] {processor.py:161} INFO - Processing /home/airflow/.local/lib/python3.7/site-packages/airflow/example_dags/example_complex.py took 0.056 seconds
[2022-05-16 10:04:01,873] {processor.py:153} INFO - Started process (PID=1818) to work on /home/airflow/.local/lib/python3.7/site-packages/airflow/example_dags/example_complex.py
[2022-05-16 10:04:01,874] {processor.py:641} INFO - Processing file /home/airflow/.local/lib/python3.7/site-packages/airflow/example_dags/example_complex.py for tasks to queue
[2022-05-16 10:04:01,875] {logging_mixin.py:115} INFO - [2022-05-16 10:04:01,875] {dagbag.py:507} INFO - Filling up the DagBag from /home/airflow/.local/lib/python3.7/site-packages/airflow/example_dags/example_complex.py
[2022-05-16 10:04:01,883] {processor.py:651} INFO - DAG(s) dict_keys(['example_complex']) retrieved from /home/airflow/.local/lib/python3.7/site-packages/airflow/example_dags/example_complex.py
[2022-05-16 10:04:01,902] {logging_mixin.py:115} INFO - [2022-05-16 10:04:01,902] {dag.py:2371} INFO - Sync 1 DAGs
[2022-05-16 10:04:01,913] {logging_mixin.py:115} INFO - [2022-05-16 10:04:01,913] {dag.py:2919} INFO - Setting next_dagrun for example_complex to None, run_after=None
[2022-05-16 10:04:01,920] {processor.py:161} INFO - Processing /home/airflow/.local/lib/python3.7/site-packages/airflow/example_dags/example_complex.py took 0.049 seconds
[2022-05-16 10:04:32,573] {processor.py:153} INFO - Started process (PID=2046) to work on /home/airflow/.local/lib/python3.7/site-packages/airflow/example_dags/example_complex.py
[2022-05-16 10:04:32,574] {processor.py:641} INFO - Processing file /home/airflow/.local/lib/python3.7/site-packages/airflow/example_dags/example_complex.py for tasks to queue
[2022-05-16 10:04:32,575] {logging_mixin.py:115} INFO - [2022-05-16 10:04:32,575] {dagbag.py:507} INFO - Filling up the DagBag from /home/airflow/.local/lib/python3.7/site-packages/airflow/example_dags/example_complex.py
[2022-05-16 10:04:32,584] {processor.py:651} INFO - DAG(s) dict_keys(['example_complex']) retrieved from /home/airflow/.local/lib/python3.7/site-packages/airflow/example_dags/example_complex.py
[2022-05-16 10:04:32,602] {logging_mixin.py:115} INFO - [2022-05-16 10:04:32,602] {dag.py:2371} INFO - Sync 1 DAGs
[2022-05-16 10:04:32,614] {logging_mixin.py:115} INFO - [2022-05-16 10:04:32,614] {dag.py:2919} INFO - Setting next_dagrun for example_complex to None, run_after=None
[2022-05-16 10:04:32,621] {processor.py:161} INFO - Processing /home/airflow/.local/lib/python3.7/site-packages/airflow/example_dags/example_complex.py took 0.051 seconds
[2022-05-16 10:05:03,393] {processor.py:153} INFO - Started process (PID=2268) to work on /home/airflow/.local/lib/python3.7/site-packages/airflow/example_dags/example_complex.py
[2022-05-16 10:05:03,394] {processor.py:641} INFO - Processing file /home/airflow/.local/lib/python3.7/site-packages/airflow/example_dags/example_complex.py for tasks to queue
[2022-05-16 10:05:03,396] {logging_mixin.py:115} INFO - [2022-05-16 10:05:03,396] {dagbag.py:507} INFO - Filling up the DagBag from /home/airflow/.local/lib/python3.7/site-packages/airflow/example_dags/example_complex.py
[2022-05-16 10:05:03,410] {processor.py:651} INFO - DAG(s) dict_keys(['example_complex']) retrieved from /home/airflow/.local/lib/python3.7/site-packages/airflow/example_dags/example_complex.py
[2022-05-16 10:05:03,433] {logging_mixin.py:115} INFO - [2022-05-16 10:05:03,433] {dag.py:2371} INFO - Sync 1 DAGs
[2022-05-16 10:05:03,446] {logging_mixin.py:115} INFO - [2022-05-16 10:05:03,446] {dag.py:2919} INFO - Setting next_dagrun for example_complex to None, run_after=None
[2022-05-16 10:05:03,454] {processor.py:161} INFO - Processing /home/airflow/.local/lib/python3.7/site-packages/airflow/example_dags/example_complex.py took 0.062 seconds
[2022-05-16 10:05:34,247] {processor.py:153} INFO - Started process (PID=2683) to work on /home/airflow/.local/lib/python3.7/site-packages/airflow/example_dags/example_complex.py
[2022-05-16 10:05:34,249] {processor.py:641} INFO - Processing file /home/airflow/.local/lib/python3.7/site-packages/airflow/example_dags/example_complex.py for tasks to queue
[2022-05-16 10:05:34,251] {logging_mixin.py:115} INFO - [2022-05-16 10:05:34,251] {dagbag.py:507} INFO - Filling up the DagBag from /home/airflow/.local/lib/python3.7/site-packages/airflow/example_dags/example_complex.py
[2022-05-16 10:05:34,274] {processor.py:651} INFO - DAG(s) dict_keys(['example_complex']) retrieved from /home/airflow/.local/lib/python3.7/site-packages/airflow/example_dags/example_complex.py
[2022-05-16 10:05:34,304] {logging_mixin.py:115} INFO - [2022-05-16 10:05:34,304] {dag.py:2371} INFO - Sync 1 DAGs
[2022-05-16 10:05:34,320] {logging_mixin.py:115} INFO - [2022-05-16 10:05:34,320] {dag.py:2919} INFO - Setting next_dagrun for example_complex to None, run_after=None
[2022-05-16 10:05:34,329] {processor.py:161} INFO - Processing /home/airflow/.local/lib/python3.7/site-packages/airflow/example_dags/example_complex.py took 0.084 seconds
[2022-05-16 10:06:04,434] {processor.py:153} INFO - Started process (PID=2948) to work on /home/airflow/.local/lib/python3.7/site-packages/airflow/example_dags/example_complex.py
[2022-05-16 10:06:04,436] {processor.py:641} INFO - Processing file /home/airflow/.local/lib/python3.7/site-packages/airflow/example_dags/example_complex.py for tasks to queue
[2022-05-16 10:06:04,436] {logging_mixin.py:115} INFO - [2022-05-16 10:06:04,436] {dagbag.py:507} INFO - Filling up the DagBag from /home/airflow/.local/lib/python3.7/site-packages/airflow/example_dags/example_complex.py
[2022-05-16 10:06:04,444] {processor.py:651} INFO - DAG(s) dict_keys(['example_complex']) retrieved from /home/airflow/.local/lib/python3.7/site-packages/airflow/example_dags/example_complex.py
[2022-05-16 10:06:04,465] {logging_mixin.py:115} INFO - [2022-05-16 10:06:04,464] {dag.py:2371} INFO - Sync 1 DAGs
[2022-05-16 10:06:04,476] {logging_mixin.py:115} INFO - [2022-05-16 10:06:04,476] {dag.py:2919} INFO - Setting next_dagrun for example_complex to None, run_after=None
[2022-05-16 10:06:04,490] {processor.py:161} INFO - Processing /home/airflow/.local/lib/python3.7/site-packages/airflow/example_dags/example_complex.py took 0.059 seconds
[2022-05-16 10:06:35,277] {processor.py:153} INFO - Started process (PID=3170) to work on /home/airflow/.local/lib/python3.7/site-packages/airflow/example_dags/example_complex.py
[2022-05-16 10:06:35,278] {processor.py:641} INFO - Processing file /home/airflow/.local/lib/python3.7/site-packages/airflow/example_dags/example_complex.py for tasks to queue
[2022-05-16 10:06:35,279] {logging_mixin.py:115} INFO - [2022-05-16 10:06:35,279] {dagbag.py:507} INFO - Filling up the DagBag from /home/airflow/.local/lib/python3.7/site-packages/airflow/example_dags/example_complex.py
[2022-05-16 10:06:35,287] {processor.py:651} INFO - DAG(s) dict_keys(['example_complex']) retrieved from /home/airflow/.local/lib/python3.7/site-packages/airflow/example_dags/example_complex.py
[2022-05-16 10:06:35,304] {logging_mixin.py:115} INFO - [2022-05-16 10:06:35,304] {dag.py:2371} INFO - Sync 1 DAGs
[2022-05-16 10:06:35,316] {logging_mixin.py:115} INFO - [2022-05-16 10:06:35,316] {dag.py:2919} INFO - Setting next_dagrun for example_complex to None, run_after=None
[2022-05-16 10:06:35,323] {processor.py:161} INFO - Processing /home/airflow/.local/lib/python3.7/site-packages/airflow/example_dags/example_complex.py took 0.048 seconds
[2022-05-16 10:07:06,272] {processor.py:153} INFO - Started process (PID=3389) to work on /home/airflow/.local/lib/python3.7/site-packages/airflow/example_dags/example_complex.py
[2022-05-16 10:07:06,274] {processor.py:641} INFO - Processing file /home/airflow/.local/lib/python3.7/site-packages/airflow/example_dags/example_complex.py for tasks to queue
[2022-05-16 10:07:06,275] {logging_mixin.py:115} INFO - [2022-05-16 10:07:06,275] {dagbag.py:507} INFO - Filling up the DagBag from /home/airflow/.local/lib/python3.7/site-packages/airflow/example_dags/example_complex.py
[2022-05-16 10:07:06,285] {processor.py:651} INFO - DAG(s) dict_keys(['example_complex']) retrieved from /home/airflow/.local/lib/python3.7/site-packages/airflow/example_dags/example_complex.py
[2022-05-16 10:07:06,306] {logging_mixin.py:115} INFO - [2022-05-16 10:07:06,306] {dag.py:2371} INFO - Sync 1 DAGs
[2022-05-16 10:07:06,321] {logging_mixin.py:115} INFO - [2022-05-16 10:07:06,321] {dag.py:2919} INFO - Setting next_dagrun for example_complex to None, run_after=None
[2022-05-16 10:07:06,333] {processor.py:161} INFO - Processing /home/airflow/.local/lib/python3.7/site-packages/airflow/example_dags/example_complex.py took 0.063 seconds
