[2022-05-16 10:00:53,812] {processor.py:153} INFO - Started process (PID=218) to work on /home/airflow/.local/lib/python3.7/site-packages/airflow/example_dags/tutorial.py
[2022-05-16 10:00:53,817] {processor.py:641} INFO - Processing file /home/airflow/.local/lib/python3.7/site-packages/airflow/example_dags/tutorial.py for tasks to queue
[2022-05-16 10:00:53,819] {logging_mixin.py:115} INFO - [2022-05-16 10:00:53,818] {dagbag.py:507} INFO - Filling up the DagBag from /home/airflow/.local/lib/python3.7/site-packages/airflow/example_dags/tutorial.py
[2022-05-16 10:00:53,885] {processor.py:651} INFO - DAG(s) dict_keys(['tutorial']) retrieved from /home/airflow/.local/lib/python3.7/site-packages/airflow/example_dags/tutorial.py
[2022-05-16 10:00:54,063] {logging_mixin.py:115} INFO - [2022-05-16 10:00:54,063] {dag.py:2371} INFO - Sync 1 DAGs
[2022-05-16 10:00:54,132] {logging_mixin.py:115} INFO - [2022-05-16 10:00:54,132] {dag.py:2919} INFO - Setting next_dagrun for tutorial to 2022-05-15T10:00:54.131718+00:00, run_after=2022-05-16T10:00:54.131718+00:00
[2022-05-16 10:00:54,161] {processor.py:161} INFO - Processing /home/airflow/.local/lib/python3.7/site-packages/airflow/example_dags/tutorial.py took 0.355 seconds
[2022-05-16 10:01:25,011] {processor.py:153} INFO - Started process (PID=614) to work on /home/airflow/.local/lib/python3.7/site-packages/airflow/example_dags/tutorial.py
[2022-05-16 10:01:25,013] {processor.py:641} INFO - Processing file /home/airflow/.local/lib/python3.7/site-packages/airflow/example_dags/tutorial.py for tasks to queue
[2022-05-16 10:01:25,014] {logging_mixin.py:115} INFO - [2022-05-16 10:01:25,014] {dagbag.py:507} INFO - Filling up the DagBag from /home/airflow/.local/lib/python3.7/site-packages/airflow/example_dags/tutorial.py
[2022-05-16 10:01:25,020] {processor.py:651} INFO - DAG(s) dict_keys(['tutorial']) retrieved from /home/airflow/.local/lib/python3.7/site-packages/airflow/example_dags/tutorial.py
[2022-05-16 10:01:25,043] {logging_mixin.py:115} INFO - [2022-05-16 10:01:25,043] {dag.py:2371} INFO - Sync 1 DAGs
[2022-05-16 10:01:25,076] {logging_mixin.py:115} INFO - [2022-05-16 10:01:25,076] {dag.py:2919} INFO - Setting next_dagrun for tutorial to 2022-05-15T10:01:25.076149+00:00, run_after=2022-05-16T10:01:25.076149+00:00
[2022-05-16 10:01:25,100] {processor.py:161} INFO - Processing /home/airflow/.local/lib/python3.7/site-packages/airflow/example_dags/tutorial.py took 0.092 seconds
[2022-05-16 10:01:55,920] {processor.py:153} INFO - Started process (PID=830) to work on /home/airflow/.local/lib/python3.7/site-packages/airflow/example_dags/tutorial.py
[2022-05-16 10:01:55,921] {processor.py:641} INFO - Processing file /home/airflow/.local/lib/python3.7/site-packages/airflow/example_dags/tutorial.py for tasks to queue
[2022-05-16 10:01:55,923] {logging_mixin.py:115} INFO - [2022-05-16 10:01:55,923] {dagbag.py:507} INFO - Filling up the DagBag from /home/airflow/.local/lib/python3.7/site-packages/airflow/example_dags/tutorial.py
[2022-05-16 10:01:55,929] {processor.py:651} INFO - DAG(s) dict_keys(['tutorial']) retrieved from /home/airflow/.local/lib/python3.7/site-packages/airflow/example_dags/tutorial.py
[2022-05-16 10:01:55,954] {logging_mixin.py:115} INFO - [2022-05-16 10:01:55,953] {dag.py:2371} INFO - Sync 1 DAGs
[2022-05-16 10:01:55,972] {logging_mixin.py:115} INFO - [2022-05-16 10:01:55,972] {dag.py:2919} INFO - Setting next_dagrun for tutorial to 2022-05-15T10:01:55.972301+00:00, run_after=2022-05-16T10:01:55.972301+00:00
[2022-05-16 10:01:55,986] {processor.py:161} INFO - Processing /home/airflow/.local/lib/python3.7/site-packages/airflow/example_dags/tutorial.py took 0.070 seconds
[2022-05-16 10:02:26,648] {processor.py:153} INFO - Started process (PID=1052) to work on /home/airflow/.local/lib/python3.7/site-packages/airflow/example_dags/tutorial.py
[2022-05-16 10:02:26,651] {processor.py:641} INFO - Processing file /home/airflow/.local/lib/python3.7/site-packages/airflow/example_dags/tutorial.py for tasks to queue
[2022-05-16 10:02:26,653] {logging_mixin.py:115} INFO - [2022-05-16 10:02:26,653] {dagbag.py:507} INFO - Filling up the DagBag from /home/airflow/.local/lib/python3.7/site-packages/airflow/example_dags/tutorial.py
[2022-05-16 10:02:26,661] {processor.py:651} INFO - DAG(s) dict_keys(['tutorial']) retrieved from /home/airflow/.local/lib/python3.7/site-packages/airflow/example_dags/tutorial.py
[2022-05-16 10:02:26,689] {logging_mixin.py:115} INFO - [2022-05-16 10:02:26,689] {dag.py:2371} INFO - Sync 1 DAGs
[2022-05-16 10:02:26,709] {logging_mixin.py:115} INFO - [2022-05-16 10:02:26,709] {dag.py:2919} INFO - Setting next_dagrun for tutorial to 2022-05-15T10:02:26.708757+00:00, run_after=2022-05-16T10:02:26.708757+00:00
[2022-05-16 10:02:26,722] {processor.py:161} INFO - Processing /home/airflow/.local/lib/python3.7/site-packages/airflow/example_dags/tutorial.py took 0.077 seconds
[2022-05-16 10:02:57,297] {processor.py:153} INFO - Started process (PID=1284) to work on /home/airflow/.local/lib/python3.7/site-packages/airflow/example_dags/tutorial.py
[2022-05-16 10:02:57,299] {processor.py:641} INFO - Processing file /home/airflow/.local/lib/python3.7/site-packages/airflow/example_dags/tutorial.py for tasks to queue
[2022-05-16 10:02:57,302] {logging_mixin.py:115} INFO - [2022-05-16 10:02:57,302] {dagbag.py:507} INFO - Filling up the DagBag from /home/airflow/.local/lib/python3.7/site-packages/airflow/example_dags/tutorial.py
[2022-05-16 10:02:57,311] {processor.py:651} INFO - DAG(s) dict_keys(['tutorial']) retrieved from /home/airflow/.local/lib/python3.7/site-packages/airflow/example_dags/tutorial.py
[2022-05-16 10:02:57,332] {logging_mixin.py:115} INFO - [2022-05-16 10:02:57,332] {dag.py:2371} INFO - Sync 1 DAGs
[2022-05-16 10:02:57,347] {logging_mixin.py:115} INFO - [2022-05-16 10:02:57,347] {dag.py:2919} INFO - Setting next_dagrun for tutorial to 2022-05-15T10:02:57.347369+00:00, run_after=2022-05-16T10:02:57.347369+00:00
[2022-05-16 10:02:57,355] {processor.py:161} INFO - Processing /home/airflow/.local/lib/python3.7/site-packages/airflow/example_dags/tutorial.py took 0.066 seconds
[2022-05-16 10:03:28,081] {processor.py:153} INFO - Started process (PID=1505) to work on /home/airflow/.local/lib/python3.7/site-packages/airflow/example_dags/tutorial.py
[2022-05-16 10:03:28,083] {processor.py:641} INFO - Processing file /home/airflow/.local/lib/python3.7/site-packages/airflow/example_dags/tutorial.py for tasks to queue
[2022-05-16 10:03:28,086] {logging_mixin.py:115} INFO - [2022-05-16 10:03:28,086] {dagbag.py:507} INFO - Filling up the DagBag from /home/airflow/.local/lib/python3.7/site-packages/airflow/example_dags/tutorial.py
[2022-05-16 10:03:28,093] {processor.py:651} INFO - DAG(s) dict_keys(['tutorial']) retrieved from /home/airflow/.local/lib/python3.7/site-packages/airflow/example_dags/tutorial.py
[2022-05-16 10:03:28,112] {logging_mixin.py:115} INFO - [2022-05-16 10:03:28,112] {dag.py:2371} INFO - Sync 1 DAGs
[2022-05-16 10:03:28,127] {logging_mixin.py:115} INFO - [2022-05-16 10:03:28,127] {dag.py:2919} INFO - Setting next_dagrun for tutorial to 2022-05-15T10:03:28.127082+00:00, run_after=2022-05-16T10:03:28.127082+00:00
[2022-05-16 10:03:28,138] {processor.py:161} INFO - Processing /home/airflow/.local/lib/python3.7/site-packages/airflow/example_dags/tutorial.py took 0.060 seconds
[2022-05-16 10:03:58,992] {processor.py:153} INFO - Started process (PID=1725) to work on /home/airflow/.local/lib/python3.7/site-packages/airflow/example_dags/tutorial.py
[2022-05-16 10:03:58,994] {processor.py:641} INFO - Processing file /home/airflow/.local/lib/python3.7/site-packages/airflow/example_dags/tutorial.py for tasks to queue
[2022-05-16 10:03:58,996] {logging_mixin.py:115} INFO - [2022-05-16 10:03:58,996] {dagbag.py:507} INFO - Filling up the DagBag from /home/airflow/.local/lib/python3.7/site-packages/airflow/example_dags/tutorial.py
[2022-05-16 10:03:59,003] {processor.py:651} INFO - DAG(s) dict_keys(['tutorial']) retrieved from /home/airflow/.local/lib/python3.7/site-packages/airflow/example_dags/tutorial.py
[2022-05-16 10:03:59,022] {logging_mixin.py:115} INFO - [2022-05-16 10:03:59,022] {dag.py:2371} INFO - Sync 1 DAGs
[2022-05-16 10:03:59,036] {logging_mixin.py:115} INFO - [2022-05-16 10:03:59,035] {dag.py:2919} INFO - Setting next_dagrun for tutorial to 2022-05-15T10:03:59.035654+00:00, run_after=2022-05-16T10:03:59.035654+00:00
[2022-05-16 10:03:59,045] {processor.py:161} INFO - Processing /home/airflow/.local/lib/python3.7/site-packages/airflow/example_dags/tutorial.py took 0.056 seconds
[2022-05-16 10:04:29,859] {processor.py:153} INFO - Started process (PID=1953) to work on /home/airflow/.local/lib/python3.7/site-packages/airflow/example_dags/tutorial.py
[2022-05-16 10:04:29,860] {processor.py:641} INFO - Processing file /home/airflow/.local/lib/python3.7/site-packages/airflow/example_dags/tutorial.py for tasks to queue
[2022-05-16 10:04:29,861] {logging_mixin.py:115} INFO - [2022-05-16 10:04:29,861] {dagbag.py:507} INFO - Filling up the DagBag from /home/airflow/.local/lib/python3.7/site-packages/airflow/example_dags/tutorial.py
[2022-05-16 10:04:29,866] {processor.py:651} INFO - DAG(s) dict_keys(['tutorial']) retrieved from /home/airflow/.local/lib/python3.7/site-packages/airflow/example_dags/tutorial.py
[2022-05-16 10:04:29,881] {logging_mixin.py:115} INFO - [2022-05-16 10:04:29,881] {dag.py:2371} INFO - Sync 1 DAGs
[2022-05-16 10:04:29,893] {logging_mixin.py:115} INFO - [2022-05-16 10:04:29,893] {dag.py:2919} INFO - Setting next_dagrun for tutorial to 2022-05-15T10:04:29.893452+00:00, run_after=2022-05-16T10:04:29.893452+00:00
[2022-05-16 10:04:29,900] {processor.py:161} INFO - Processing /home/airflow/.local/lib/python3.7/site-packages/airflow/example_dags/tutorial.py took 0.043 seconds
[2022-05-16 10:05:00,524] {processor.py:153} INFO - Started process (PID=2165) to work on /home/airflow/.local/lib/python3.7/site-packages/airflow/example_dags/tutorial.py
[2022-05-16 10:05:00,527] {processor.py:641} INFO - Processing file /home/airflow/.local/lib/python3.7/site-packages/airflow/example_dags/tutorial.py for tasks to queue
[2022-05-16 10:05:00,529] {logging_mixin.py:115} INFO - [2022-05-16 10:05:00,529] {dagbag.py:507} INFO - Filling up the DagBag from /home/airflow/.local/lib/python3.7/site-packages/airflow/example_dags/tutorial.py
[2022-05-16 10:05:00,537] {processor.py:651} INFO - DAG(s) dict_keys(['tutorial']) retrieved from /home/airflow/.local/lib/python3.7/site-packages/airflow/example_dags/tutorial.py
[2022-05-16 10:05:00,559] {logging_mixin.py:115} INFO - [2022-05-16 10:05:00,559] {dag.py:2371} INFO - Sync 1 DAGs
[2022-05-16 10:05:00,573] {logging_mixin.py:115} INFO - [2022-05-16 10:05:00,573] {dag.py:2919} INFO - Setting next_dagrun for tutorial to 2022-05-15T10:05:00.573279+00:00, run_after=2022-05-16T10:05:00.573279+00:00
[2022-05-16 10:05:00,580] {processor.py:161} INFO - Processing /home/airflow/.local/lib/python3.7/site-packages/airflow/example_dags/tutorial.py took 0.063 seconds
[2022-05-16 10:05:31,324] {processor.py:153} INFO - Started process (PID=2442) to work on /home/airflow/.local/lib/python3.7/site-packages/airflow/example_dags/tutorial.py
[2022-05-16 10:05:31,326] {processor.py:641} INFO - Processing file /home/airflow/.local/lib/python3.7/site-packages/airflow/example_dags/tutorial.py for tasks to queue
[2022-05-16 10:05:31,328] {logging_mixin.py:115} INFO - [2022-05-16 10:05:31,328] {dagbag.py:507} INFO - Filling up the DagBag from /home/airflow/.local/lib/python3.7/site-packages/airflow/example_dags/tutorial.py
[2022-05-16 10:05:31,335] {processor.py:651} INFO - DAG(s) dict_keys(['tutorial']) retrieved from /home/airflow/.local/lib/python3.7/site-packages/airflow/example_dags/tutorial.py
[2022-05-16 10:05:31,355] {logging_mixin.py:115} INFO - [2022-05-16 10:05:31,355] {dag.py:2371} INFO - Sync 1 DAGs
[2022-05-16 10:05:31,369] {logging_mixin.py:115} INFO - [2022-05-16 10:05:31,369] {dag.py:2919} INFO - Setting next_dagrun for tutorial to 2022-05-15T10:05:31.368905+00:00, run_after=2022-05-16T10:05:31.368905+00:00
[2022-05-16 10:05:31,376] {processor.py:161} INFO - Processing /home/airflow/.local/lib/python3.7/site-packages/airflow/example_dags/tutorial.py took 0.056 seconds
[2022-05-16 10:06:01,436] {processor.py:153} INFO - Started process (PID=2855) to work on /home/airflow/.local/lib/python3.7/site-packages/airflow/example_dags/tutorial.py
[2022-05-16 10:06:01,438] {processor.py:641} INFO - Processing file /home/airflow/.local/lib/python3.7/site-packages/airflow/example_dags/tutorial.py for tasks to queue
[2022-05-16 10:06:01,439] {logging_mixin.py:115} INFO - [2022-05-16 10:06:01,439] {dagbag.py:507} INFO - Filling up the DagBag from /home/airflow/.local/lib/python3.7/site-packages/airflow/example_dags/tutorial.py
[2022-05-16 10:06:01,445] {processor.py:651} INFO - DAG(s) dict_keys(['tutorial']) retrieved from /home/airflow/.local/lib/python3.7/site-packages/airflow/example_dags/tutorial.py
[2022-05-16 10:06:01,459] {logging_mixin.py:115} INFO - [2022-05-16 10:06:01,459] {dag.py:2371} INFO - Sync 1 DAGs
[2022-05-16 10:06:01,472] {logging_mixin.py:115} INFO - [2022-05-16 10:06:01,472] {dag.py:2919} INFO - Setting next_dagrun for tutorial to 2022-05-15T10:06:01.472356+00:00, run_after=2022-05-16T10:06:01.472356+00:00
[2022-05-16 10:06:01,479] {processor.py:161} INFO - Processing /home/airflow/.local/lib/python3.7/site-packages/airflow/example_dags/tutorial.py took 0.045 seconds
[2022-05-16 10:06:32,465] {processor.py:153} INFO - Started process (PID=3075) to work on /home/airflow/.local/lib/python3.7/site-packages/airflow/example_dags/tutorial.py
[2022-05-16 10:06:32,466] {processor.py:641} INFO - Processing file /home/airflow/.local/lib/python3.7/site-packages/airflow/example_dags/tutorial.py for tasks to queue
[2022-05-16 10:06:32,467] {logging_mixin.py:115} INFO - [2022-05-16 10:06:32,467] {dagbag.py:507} INFO - Filling up the DagBag from /home/airflow/.local/lib/python3.7/site-packages/airflow/example_dags/tutorial.py
[2022-05-16 10:06:32,471] {processor.py:651} INFO - DAG(s) dict_keys(['tutorial']) retrieved from /home/airflow/.local/lib/python3.7/site-packages/airflow/example_dags/tutorial.py
[2022-05-16 10:06:32,487] {logging_mixin.py:115} INFO - [2022-05-16 10:06:32,486] {dag.py:2371} INFO - Sync 1 DAGs
[2022-05-16 10:06:32,499] {logging_mixin.py:115} INFO - [2022-05-16 10:06:32,499] {dag.py:2919} INFO - Setting next_dagrun for tutorial to 2022-05-15T10:06:32.499056+00:00, run_after=2022-05-16T10:06:32.499056+00:00
[2022-05-16 10:06:32,506] {processor.py:161} INFO - Processing /home/airflow/.local/lib/python3.7/site-packages/airflow/example_dags/tutorial.py took 0.045 seconds
[2022-05-16 10:07:03,444] {processor.py:153} INFO - Started process (PID=3296) to work on /home/airflow/.local/lib/python3.7/site-packages/airflow/example_dags/tutorial.py
[2022-05-16 10:07:03,445] {processor.py:641} INFO - Processing file /home/airflow/.local/lib/python3.7/site-packages/airflow/example_dags/tutorial.py for tasks to queue
[2022-05-16 10:07:03,446] {logging_mixin.py:115} INFO - [2022-05-16 10:07:03,446] {dagbag.py:507} INFO - Filling up the DagBag from /home/airflow/.local/lib/python3.7/site-packages/airflow/example_dags/tutorial.py
[2022-05-16 10:07:03,451] {processor.py:651} INFO - DAG(s) dict_keys(['tutorial']) retrieved from /home/airflow/.local/lib/python3.7/site-packages/airflow/example_dags/tutorial.py
[2022-05-16 10:07:03,468] {logging_mixin.py:115} INFO - [2022-05-16 10:07:03,468] {dag.py:2371} INFO - Sync 1 DAGs
[2022-05-16 10:07:03,480] {logging_mixin.py:115} INFO - [2022-05-16 10:07:03,480] {dag.py:2919} INFO - Setting next_dagrun for tutorial to 2022-05-15T10:07:03.480273+00:00, run_after=2022-05-16T10:07:03.480273+00:00
[2022-05-16 10:07:03,487] {processor.py:161} INFO - Processing /home/airflow/.local/lib/python3.7/site-packages/airflow/example_dags/tutorial.py took 0.045 seconds
