[2022-05-13 03:38:57,406] {processor.py:153} INFO - Started process (PID=216) to work on /home/airflow/.local/lib/python3.7/site-packages/airflow/example_dags/example_sla_dag.py
[2022-05-13 03:38:57,409] {processor.py:641} INFO - Processing file /home/airflow/.local/lib/python3.7/site-packages/airflow/example_dags/example_sla_dag.py for tasks to queue
[2022-05-13 03:38:57,414] {logging_mixin.py:115} INFO - [2022-05-13 03:38:57,414] {dagbag.py:507} INFO - Filling up the DagBag from /home/airflow/.local/lib/python3.7/site-packages/airflow/example_dags/example_sla_dag.py
[2022-05-13 03:38:57,462] {processor.py:651} INFO - DAG(s) dict_keys(['example_sla_dag']) retrieved from /home/airflow/.local/lib/python3.7/site-packages/airflow/example_dags/example_sla_dag.py
[2022-05-13 03:38:57,489] {logging_mixin.py:115} INFO - [2022-05-13 03:38:57,489] {dag.py:2371} INFO - Sync 1 DAGs
[2022-05-13 03:38:57,512] {logging_mixin.py:115} INFO - [2022-05-13 03:38:57,512] {dag.py:2919} INFO - Setting next_dagrun for example_sla_dag to 2022-05-13T03:36:00+00:00, run_after=2022-05-13T03:38:00+00:00
[2022-05-13 03:38:57,524] {processor.py:161} INFO - Processing /home/airflow/.local/lib/python3.7/site-packages/airflow/example_dags/example_sla_dag.py took 0.122 seconds
[2022-05-13 03:39:28,017] {processor.py:153} INFO - Started process (PID=496) to work on /home/airflow/.local/lib/python3.7/site-packages/airflow/example_dags/example_sla_dag.py
[2022-05-13 03:39:28,018] {processor.py:641} INFO - Processing file /home/airflow/.local/lib/python3.7/site-packages/airflow/example_dags/example_sla_dag.py for tasks to queue
[2022-05-13 03:39:28,018] {logging_mixin.py:115} INFO - [2022-05-13 03:39:28,018] {dagbag.py:507} INFO - Filling up the DagBag from /home/airflow/.local/lib/python3.7/site-packages/airflow/example_dags/example_sla_dag.py
[2022-05-13 03:39:28,028] {processor.py:651} INFO - DAG(s) dict_keys(['example_sla_dag']) retrieved from /home/airflow/.local/lib/python3.7/site-packages/airflow/example_dags/example_sla_dag.py
[2022-05-13 03:39:28,047] {logging_mixin.py:115} INFO - [2022-05-13 03:39:28,047] {dag.py:2371} INFO - Sync 1 DAGs
[2022-05-13 03:39:28,069] {logging_mixin.py:115} INFO - [2022-05-13 03:39:28,069] {dag.py:2919} INFO - Setting next_dagrun for example_sla_dag to 2022-05-13T03:36:00+00:00, run_after=2022-05-13T03:38:00+00:00
[2022-05-13 03:39:28,088] {processor.py:161} INFO - Processing /home/airflow/.local/lib/python3.7/site-packages/airflow/example_dags/example_sla_dag.py took 0.074 seconds
[2022-05-13 03:39:58,214] {processor.py:153} INFO - Started process (PID=883) to work on /home/airflow/.local/lib/python3.7/site-packages/airflow/example_dags/example_sla_dag.py
[2022-05-13 03:39:58,215] {processor.py:641} INFO - Processing file /home/airflow/.local/lib/python3.7/site-packages/airflow/example_dags/example_sla_dag.py for tasks to queue
[2022-05-13 03:39:58,216] {logging_mixin.py:115} INFO - [2022-05-13 03:39:58,216] {dagbag.py:507} INFO - Filling up the DagBag from /home/airflow/.local/lib/python3.7/site-packages/airflow/example_dags/example_sla_dag.py
[2022-05-13 03:39:58,227] {processor.py:651} INFO - DAG(s) dict_keys(['example_sla_dag']) retrieved from /home/airflow/.local/lib/python3.7/site-packages/airflow/example_dags/example_sla_dag.py
[2022-05-13 03:39:58,244] {logging_mixin.py:115} INFO - [2022-05-13 03:39:58,244] {dag.py:2371} INFO - Sync 1 DAGs
[2022-05-13 03:39:58,258] {logging_mixin.py:115} INFO - [2022-05-13 03:39:58,258] {dag.py:2919} INFO - Setting next_dagrun for example_sla_dag to 2022-05-13T03:36:00+00:00, run_after=2022-05-13T03:38:00+00:00
[2022-05-13 03:39:58,264] {processor.py:161} INFO - Processing /home/airflow/.local/lib/python3.7/site-packages/airflow/example_dags/example_sla_dag.py took 0.052 seconds
[2022-05-13 03:40:29,276] {processor.py:153} INFO - Started process (PID=1103) to work on /home/airflow/.local/lib/python3.7/site-packages/airflow/example_dags/example_sla_dag.py
[2022-05-13 03:40:29,277] {processor.py:641} INFO - Processing file /home/airflow/.local/lib/python3.7/site-packages/airflow/example_dags/example_sla_dag.py for tasks to queue
[2022-05-13 03:40:29,279] {logging_mixin.py:115} INFO - [2022-05-13 03:40:29,279] {dagbag.py:507} INFO - Filling up the DagBag from /home/airflow/.local/lib/python3.7/site-packages/airflow/example_dags/example_sla_dag.py
[2022-05-13 03:40:29,290] {processor.py:651} INFO - DAG(s) dict_keys(['example_sla_dag']) retrieved from /home/airflow/.local/lib/python3.7/site-packages/airflow/example_dags/example_sla_dag.py
[2022-05-13 03:40:29,317] {logging_mixin.py:115} INFO - [2022-05-13 03:40:29,317] {dag.py:2371} INFO - Sync 1 DAGs
[2022-05-13 03:40:29,348] {logging_mixin.py:115} INFO - [2022-05-13 03:40:29,348] {dag.py:2919} INFO - Setting next_dagrun for example_sla_dag to 2022-05-13T03:38:00+00:00, run_after=2022-05-13T03:40:00+00:00
[2022-05-13 03:40:29,405] {processor.py:161} INFO - Processing /home/airflow/.local/lib/python3.7/site-packages/airflow/example_dags/example_sla_dag.py took 0.131 seconds
[2022-05-13 03:40:59,445] {processor.py:153} INFO - Started process (PID=1524) to work on /home/airflow/.local/lib/python3.7/site-packages/airflow/example_dags/example_sla_dag.py
[2022-05-13 03:40:59,447] {processor.py:641} INFO - Processing file /home/airflow/.local/lib/python3.7/site-packages/airflow/example_dags/example_sla_dag.py for tasks to queue
[2022-05-13 03:40:59,447] {logging_mixin.py:115} INFO - [2022-05-13 03:40:59,447] {dagbag.py:507} INFO - Filling up the DagBag from /home/airflow/.local/lib/python3.7/site-packages/airflow/example_dags/example_sla_dag.py
[2022-05-13 03:40:59,458] {processor.py:651} INFO - DAG(s) dict_keys(['example_sla_dag']) retrieved from /home/airflow/.local/lib/python3.7/site-packages/airflow/example_dags/example_sla_dag.py
[2022-05-13 03:40:59,474] {logging_mixin.py:115} INFO - [2022-05-13 03:40:59,474] {dag.py:2371} INFO - Sync 1 DAGs
[2022-05-13 03:40:59,487] {logging_mixin.py:115} INFO - [2022-05-13 03:40:59,487] {dag.py:2919} INFO - Setting next_dagrun for example_sla_dag to 2022-05-13T03:38:00+00:00, run_after=2022-05-13T03:40:00+00:00
[2022-05-13 03:40:59,494] {processor.py:161} INFO - Processing /home/airflow/.local/lib/python3.7/site-packages/airflow/example_dags/example_sla_dag.py took 0.051 seconds
[2022-05-13 03:41:29,553] {processor.py:153} INFO - Started process (PID=1739) to work on /home/airflow/.local/lib/python3.7/site-packages/airflow/example_dags/example_sla_dag.py
[2022-05-13 03:41:29,555] {processor.py:641} INFO - Processing file /home/airflow/.local/lib/python3.7/site-packages/airflow/example_dags/example_sla_dag.py for tasks to queue
[2022-05-13 03:41:29,556] {logging_mixin.py:115} INFO - [2022-05-13 03:41:29,556] {dagbag.py:507} INFO - Filling up the DagBag from /home/airflow/.local/lib/python3.7/site-packages/airflow/example_dags/example_sla_dag.py
[2022-05-13 03:41:29,567] {processor.py:651} INFO - DAG(s) dict_keys(['example_sla_dag']) retrieved from /home/airflow/.local/lib/python3.7/site-packages/airflow/example_dags/example_sla_dag.py
[2022-05-13 03:41:29,583] {logging_mixin.py:115} INFO - [2022-05-13 03:41:29,583] {dag.py:2371} INFO - Sync 1 DAGs
[2022-05-13 03:41:29,596] {logging_mixin.py:115} INFO - [2022-05-13 03:41:29,596] {dag.py:2919} INFO - Setting next_dagrun for example_sla_dag to 2022-05-13T03:38:00+00:00, run_after=2022-05-13T03:40:00+00:00
[2022-05-13 03:41:29,634] {processor.py:161} INFO - Processing /home/airflow/.local/lib/python3.7/site-packages/airflow/example_dags/example_sla_dag.py took 0.083 seconds
[2022-05-13 03:42:00,623] {processor.py:153} INFO - Started process (PID=1980) to work on /home/airflow/.local/lib/python3.7/site-packages/airflow/example_dags/example_sla_dag.py
[2022-05-13 03:42:00,624] {processor.py:641} INFO - Processing file /home/airflow/.local/lib/python3.7/site-packages/airflow/example_dags/example_sla_dag.py for tasks to queue
[2022-05-13 03:42:00,625] {logging_mixin.py:115} INFO - [2022-05-13 03:42:00,625] {dagbag.py:507} INFO - Filling up the DagBag from /home/airflow/.local/lib/python3.7/site-packages/airflow/example_dags/example_sla_dag.py
[2022-05-13 03:42:00,636] {processor.py:651} INFO - DAG(s) dict_keys(['example_sla_dag']) retrieved from /home/airflow/.local/lib/python3.7/site-packages/airflow/example_dags/example_sla_dag.py
[2022-05-13 03:42:00,654] {logging_mixin.py:115} INFO - [2022-05-13 03:42:00,654] {dag.py:2371} INFO - Sync 1 DAGs
[2022-05-13 03:42:00,670] {logging_mixin.py:115} INFO - [2022-05-13 03:42:00,670] {dag.py:2919} INFO - Setting next_dagrun for example_sla_dag to 2022-05-13T03:40:00+00:00, run_after=2022-05-13T03:42:00+00:00
[2022-05-13 03:42:00,678] {processor.py:161} INFO - Processing /home/airflow/.local/lib/python3.7/site-packages/airflow/example_dags/example_sla_dag.py took 0.058 seconds
[2022-05-13 03:42:31,628] {processor.py:153} INFO - Started process (PID=2195) to work on /home/airflow/.local/lib/python3.7/site-packages/airflow/example_dags/example_sla_dag.py
[2022-05-13 03:42:31,629] {processor.py:641} INFO - Processing file /home/airflow/.local/lib/python3.7/site-packages/airflow/example_dags/example_sla_dag.py for tasks to queue
[2022-05-13 03:42:31,630] {logging_mixin.py:115} INFO - [2022-05-13 03:42:31,630] {dagbag.py:507} INFO - Filling up the DagBag from /home/airflow/.local/lib/python3.7/site-packages/airflow/example_dags/example_sla_dag.py
[2022-05-13 03:42:31,641] {processor.py:651} INFO - DAG(s) dict_keys(['example_sla_dag']) retrieved from /home/airflow/.local/lib/python3.7/site-packages/airflow/example_dags/example_sla_dag.py
[2022-05-13 03:42:31,658] {logging_mixin.py:115} INFO - [2022-05-13 03:42:31,658] {dag.py:2371} INFO - Sync 1 DAGs
[2022-05-13 03:42:31,673] {logging_mixin.py:115} INFO - [2022-05-13 03:42:31,673] {dag.py:2919} INFO - Setting next_dagrun for example_sla_dag to 2022-05-13T03:40:00+00:00, run_after=2022-05-13T03:42:00+00:00
[2022-05-13 03:42:31,681] {processor.py:161} INFO - Processing /home/airflow/.local/lib/python3.7/site-packages/airflow/example_dags/example_sla_dag.py took 0.055 seconds
