[2022-05-13 03:38:59,217] {processor.py:153} INFO - Started process (PID=385) to work on /home/airflow/.local/lib/python3.7/site-packages/airflow/example_dags/example_trigger_target_dag.py
[2022-05-13 03:38:59,219] {processor.py:641} INFO - Processing file /home/airflow/.local/lib/python3.7/site-packages/airflow/example_dags/example_trigger_target_dag.py for tasks to queue
[2022-05-13 03:38:59,221] {logging_mixin.py:115} INFO - [2022-05-13 03:38:59,221] {dagbag.py:507} INFO - Filling up the DagBag from /home/airflow/.local/lib/python3.7/site-packages/airflow/example_dags/example_trigger_target_dag.py
[2022-05-13 03:38:59,238] {processor.py:651} INFO - DAG(s) dict_keys(['example_trigger_target_dag']) retrieved from /home/airflow/.local/lib/python3.7/site-packages/airflow/example_dags/example_trigger_target_dag.py
[2022-05-13 03:38:59,268] {logging_mixin.py:115} INFO - [2022-05-13 03:38:59,268] {dag.py:2371} INFO - Sync 1 DAGs
[2022-05-13 03:38:59,290] {logging_mixin.py:115} INFO - [2022-05-13 03:38:59,290] {dag.py:2919} INFO - Setting next_dagrun for example_trigger_target_dag to None, run_after=None
[2022-05-13 03:38:59,301] {processor.py:161} INFO - Processing /home/airflow/.local/lib/python3.7/site-packages/airflow/example_dags/example_trigger_target_dag.py took 0.089 seconds
[2022-05-13 03:39:29,426] {processor.py:153} INFO - Started process (PID=616) to work on /home/airflow/.local/lib/python3.7/site-packages/airflow/example_dags/example_trigger_target_dag.py
[2022-05-13 03:39:29,427] {processor.py:641} INFO - Processing file /home/airflow/.local/lib/python3.7/site-packages/airflow/example_dags/example_trigger_target_dag.py for tasks to queue
[2022-05-13 03:39:29,428] {logging_mixin.py:115} INFO - [2022-05-13 03:39:29,428] {dagbag.py:507} INFO - Filling up the DagBag from /home/airflow/.local/lib/python3.7/site-packages/airflow/example_dags/example_trigger_target_dag.py
[2022-05-13 03:39:29,438] {processor.py:651} INFO - DAG(s) dict_keys(['example_trigger_target_dag']) retrieved from /home/airflow/.local/lib/python3.7/site-packages/airflow/example_dags/example_trigger_target_dag.py
[2022-05-13 03:39:29,455] {logging_mixin.py:115} INFO - [2022-05-13 03:39:29,455] {dag.py:2371} INFO - Sync 1 DAGs
[2022-05-13 03:39:29,474] {logging_mixin.py:115} INFO - [2022-05-13 03:39:29,474] {dag.py:2919} INFO - Setting next_dagrun for example_trigger_target_dag to None, run_after=None
[2022-05-13 03:39:29,481] {processor.py:161} INFO - Processing /home/airflow/.local/lib/python3.7/site-packages/airflow/example_dags/example_trigger_target_dag.py took 0.057 seconds
[2022-05-13 03:40:00,226] {processor.py:153} INFO - Started process (PID=1003) to work on /home/airflow/.local/lib/python3.7/site-packages/airflow/example_dags/example_trigger_target_dag.py
[2022-05-13 03:40:00,227] {processor.py:641} INFO - Processing file /home/airflow/.local/lib/python3.7/site-packages/airflow/example_dags/example_trigger_target_dag.py for tasks to queue
[2022-05-13 03:40:00,228] {logging_mixin.py:115} INFO - [2022-05-13 03:40:00,228] {dagbag.py:507} INFO - Filling up the DagBag from /home/airflow/.local/lib/python3.7/site-packages/airflow/example_dags/example_trigger_target_dag.py
[2022-05-13 03:40:00,238] {processor.py:651} INFO - DAG(s) dict_keys(['example_trigger_target_dag']) retrieved from /home/airflow/.local/lib/python3.7/site-packages/airflow/example_dags/example_trigger_target_dag.py
[2022-05-13 03:40:00,254] {logging_mixin.py:115} INFO - [2022-05-13 03:40:00,254] {dag.py:2371} INFO - Sync 1 DAGs
[2022-05-13 03:40:00,268] {logging_mixin.py:115} INFO - [2022-05-13 03:40:00,268] {dag.py:2919} INFO - Setting next_dagrun for example_trigger_target_dag to None, run_after=None
[2022-05-13 03:40:00,276] {processor.py:161} INFO - Processing /home/airflow/.local/lib/python3.7/site-packages/airflow/example_dags/example_trigger_target_dag.py took 0.053 seconds
[2022-05-13 03:40:30,443] {processor.py:153} INFO - Started process (PID=1223) to work on /home/airflow/.local/lib/python3.7/site-packages/airflow/example_dags/example_trigger_target_dag.py
[2022-05-13 03:40:30,445] {processor.py:641} INFO - Processing file /home/airflow/.local/lib/python3.7/site-packages/airflow/example_dags/example_trigger_target_dag.py for tasks to queue
[2022-05-13 03:40:30,447] {logging_mixin.py:115} INFO - [2022-05-13 03:40:30,447] {dagbag.py:507} INFO - Filling up the DagBag from /home/airflow/.local/lib/python3.7/site-packages/airflow/example_dags/example_trigger_target_dag.py
[2022-05-13 03:40:30,458] {processor.py:651} INFO - DAG(s) dict_keys(['example_trigger_target_dag']) retrieved from /home/airflow/.local/lib/python3.7/site-packages/airflow/example_dags/example_trigger_target_dag.py
[2022-05-13 03:40:30,478] {logging_mixin.py:115} INFO - [2022-05-13 03:40:30,478] {dag.py:2371} INFO - Sync 1 DAGs
[2022-05-13 03:40:30,497] {logging_mixin.py:115} INFO - [2022-05-13 03:40:30,497] {dag.py:2919} INFO - Setting next_dagrun for example_trigger_target_dag to None, run_after=None
[2022-05-13 03:40:30,518] {processor.py:161} INFO - Processing /home/airflow/.local/lib/python3.7/site-packages/airflow/example_dags/example_trigger_target_dag.py took 0.077 seconds
[2022-05-13 03:41:00,650] {processor.py:153} INFO - Started process (PID=1647) to work on /home/airflow/.local/lib/python3.7/site-packages/airflow/example_dags/example_trigger_target_dag.py
[2022-05-13 03:41:00,652] {processor.py:641} INFO - Processing file /home/airflow/.local/lib/python3.7/site-packages/airflow/example_dags/example_trigger_target_dag.py for tasks to queue
[2022-05-13 03:41:00,660] {logging_mixin.py:115} INFO - [2022-05-13 03:41:00,660] {dagbag.py:507} INFO - Filling up the DagBag from /home/airflow/.local/lib/python3.7/site-packages/airflow/example_dags/example_trigger_target_dag.py
[2022-05-13 03:41:00,691] {processor.py:651} INFO - DAG(s) dict_keys(['example_trigger_target_dag']) retrieved from /home/airflow/.local/lib/python3.7/site-packages/airflow/example_dags/example_trigger_target_dag.py
[2022-05-13 03:41:00,741] {logging_mixin.py:115} INFO - [2022-05-13 03:41:00,741] {dag.py:2371} INFO - Sync 1 DAGs
[2022-05-13 03:41:00,780] {logging_mixin.py:115} INFO - [2022-05-13 03:41:00,780] {dag.py:2919} INFO - Setting next_dagrun for example_trigger_target_dag to None, run_after=None
[2022-05-13 03:41:00,790] {processor.py:161} INFO - Processing /home/airflow/.local/lib/python3.7/site-packages/airflow/example_dags/example_trigger_target_dag.py took 0.143 seconds
[2022-05-13 03:41:30,856] {processor.py:153} INFO - Started process (PID=1866) to work on /home/airflow/.local/lib/python3.7/site-packages/airflow/example_dags/example_trigger_target_dag.py
[2022-05-13 03:41:30,857] {processor.py:641} INFO - Processing file /home/airflow/.local/lib/python3.7/site-packages/airflow/example_dags/example_trigger_target_dag.py for tasks to queue
[2022-05-13 03:41:30,858] {logging_mixin.py:115} INFO - [2022-05-13 03:41:30,858] {dagbag.py:507} INFO - Filling up the DagBag from /home/airflow/.local/lib/python3.7/site-packages/airflow/example_dags/example_trigger_target_dag.py
[2022-05-13 03:41:30,868] {processor.py:651} INFO - DAG(s) dict_keys(['example_trigger_target_dag']) retrieved from /home/airflow/.local/lib/python3.7/site-packages/airflow/example_dags/example_trigger_target_dag.py
[2022-05-13 03:41:30,884] {logging_mixin.py:115} INFO - [2022-05-13 03:41:30,884] {dag.py:2371} INFO - Sync 1 DAGs
[2022-05-13 03:41:30,897] {logging_mixin.py:115} INFO - [2022-05-13 03:41:30,897] {dag.py:2919} INFO - Setting next_dagrun for example_trigger_target_dag to None, run_after=None
[2022-05-13 03:41:30,904] {processor.py:161} INFO - Processing /home/airflow/.local/lib/python3.7/site-packages/airflow/example_dags/example_trigger_target_dag.py took 0.051 seconds
[2022-05-13 03:42:01,809] {processor.py:153} INFO - Started process (PID=2100) to work on /home/airflow/.local/lib/python3.7/site-packages/airflow/example_dags/example_trigger_target_dag.py
[2022-05-13 03:42:01,810] {processor.py:641} INFO - Processing file /home/airflow/.local/lib/python3.7/site-packages/airflow/example_dags/example_trigger_target_dag.py for tasks to queue
[2022-05-13 03:42:01,812] {logging_mixin.py:115} INFO - [2022-05-13 03:42:01,812] {dagbag.py:507} INFO - Filling up the DagBag from /home/airflow/.local/lib/python3.7/site-packages/airflow/example_dags/example_trigger_target_dag.py
[2022-05-13 03:42:01,826] {processor.py:651} INFO - DAG(s) dict_keys(['example_trigger_target_dag']) retrieved from /home/airflow/.local/lib/python3.7/site-packages/airflow/example_dags/example_trigger_target_dag.py
[2022-05-13 03:42:01,847] {logging_mixin.py:115} INFO - [2022-05-13 03:42:01,847] {dag.py:2371} INFO - Sync 1 DAGs
[2022-05-13 03:42:01,859] {logging_mixin.py:115} INFO - [2022-05-13 03:42:01,859] {dag.py:2919} INFO - Setting next_dagrun for example_trigger_target_dag to None, run_after=None
[2022-05-13 03:42:01,867] {processor.py:161} INFO - Processing /home/airflow/.local/lib/python3.7/site-packages/airflow/example_dags/example_trigger_target_dag.py took 0.061 seconds
[2022-05-13 03:42:32,606] {processor.py:153} INFO - Started process (PID=2315) to work on /home/airflow/.local/lib/python3.7/site-packages/airflow/example_dags/example_trigger_target_dag.py
[2022-05-13 03:42:32,608] {processor.py:641} INFO - Processing file /home/airflow/.local/lib/python3.7/site-packages/airflow/example_dags/example_trigger_target_dag.py for tasks to queue
[2022-05-13 03:42:32,609] {logging_mixin.py:115} INFO - [2022-05-13 03:42:32,609] {dagbag.py:507} INFO - Filling up the DagBag from /home/airflow/.local/lib/python3.7/site-packages/airflow/example_dags/example_trigger_target_dag.py
[2022-05-13 03:42:32,619] {processor.py:651} INFO - DAG(s) dict_keys(['example_trigger_target_dag']) retrieved from /home/airflow/.local/lib/python3.7/site-packages/airflow/example_dags/example_trigger_target_dag.py
[2022-05-13 03:42:32,636] {logging_mixin.py:115} INFO - [2022-05-13 03:42:32,636] {dag.py:2371} INFO - Sync 1 DAGs
[2022-05-13 03:42:32,653] {logging_mixin.py:115} INFO - [2022-05-13 03:42:32,653] {dag.py:2919} INFO - Setting next_dagrun for example_trigger_target_dag to None, run_after=None
[2022-05-13 03:42:32,660] {processor.py:161} INFO - Processing /home/airflow/.local/lib/python3.7/site-packages/airflow/example_dags/example_trigger_target_dag.py took 0.056 seconds
