[2022-05-13 03:38:59,178] {processor.py:153} INFO - Started process (PID=380) to work on /home/airflow/.local/lib/python3.7/site-packages/airflow/example_dags/example_latest_only_with_trigger.py
[2022-05-13 03:38:59,179] {processor.py:641} INFO - Processing file /home/airflow/.local/lib/python3.7/site-packages/airflow/example_dags/example_latest_only_with_trigger.py for tasks to queue
[2022-05-13 03:38:59,180] {logging_mixin.py:115} INFO - [2022-05-13 03:38:59,180] {dagbag.py:507} INFO - Filling up the DagBag from /home/airflow/.local/lib/python3.7/site-packages/airflow/example_dags/example_latest_only_with_trigger.py
[2022-05-13 03:38:59,188] {processor.py:651} INFO - DAG(s) dict_keys(['latest_only_with_trigger']) retrieved from /home/airflow/.local/lib/python3.7/site-packages/airflow/example_dags/example_latest_only_with_trigger.py
[2022-05-13 03:38:59,212] {logging_mixin.py:115} INFO - [2022-05-13 03:38:59,212] {dag.py:2371} INFO - Sync 1 DAGs
[2022-05-13 03:38:59,240] {logging_mixin.py:115} INFO - [2022-05-13 03:38:59,240] {dag.py:2919} INFO - Setting next_dagrun for latest_only_with_trigger to 2022-05-12T23:38:59.240025+00:00, run_after=2022-05-13T03:38:59.240025+00:00
[2022-05-13 03:38:59,256] {processor.py:161} INFO - Processing /home/airflow/.local/lib/python3.7/site-packages/airflow/example_dags/example_latest_only_with_trigger.py took 0.080 seconds
[2022-05-13 03:39:29,399] {processor.py:153} INFO - Started process (PID=611) to work on /home/airflow/.local/lib/python3.7/site-packages/airflow/example_dags/example_latest_only_with_trigger.py
[2022-05-13 03:39:29,401] {processor.py:641} INFO - Processing file /home/airflow/.local/lib/python3.7/site-packages/airflow/example_dags/example_latest_only_with_trigger.py for tasks to queue
[2022-05-13 03:39:29,402] {logging_mixin.py:115} INFO - [2022-05-13 03:39:29,402] {dagbag.py:507} INFO - Filling up the DagBag from /home/airflow/.local/lib/python3.7/site-packages/airflow/example_dags/example_latest_only_with_trigger.py
[2022-05-13 03:39:29,406] {processor.py:651} INFO - DAG(s) dict_keys(['latest_only_with_trigger']) retrieved from /home/airflow/.local/lib/python3.7/site-packages/airflow/example_dags/example_latest_only_with_trigger.py
[2022-05-13 03:39:29,426] {logging_mixin.py:115} INFO - [2022-05-13 03:39:29,426] {dag.py:2371} INFO - Sync 1 DAGs
[2022-05-13 03:39:29,439] {logging_mixin.py:115} INFO - [2022-05-13 03:39:29,439] {dag.py:2919} INFO - Setting next_dagrun for latest_only_with_trigger to 2022-05-12T23:39:29.439655+00:00, run_after=2022-05-13T03:39:29.439655+00:00
[2022-05-13 03:39:29,447] {processor.py:161} INFO - Processing /home/airflow/.local/lib/python3.7/site-packages/airflow/example_dags/example_latest_only_with_trigger.py took 0.050 seconds
[2022-05-13 03:40:00,204] {processor.py:153} INFO - Started process (PID=998) to work on /home/airflow/.local/lib/python3.7/site-packages/airflow/example_dags/example_latest_only_with_trigger.py
[2022-05-13 03:40:00,206] {processor.py:641} INFO - Processing file /home/airflow/.local/lib/python3.7/site-packages/airflow/example_dags/example_latest_only_with_trigger.py for tasks to queue
[2022-05-13 03:40:00,207] {logging_mixin.py:115} INFO - [2022-05-13 03:40:00,207] {dagbag.py:507} INFO - Filling up the DagBag from /home/airflow/.local/lib/python3.7/site-packages/airflow/example_dags/example_latest_only_with_trigger.py
[2022-05-13 03:40:00,211] {processor.py:651} INFO - DAG(s) dict_keys(['latest_only_with_trigger']) retrieved from /home/airflow/.local/lib/python3.7/site-packages/airflow/example_dags/example_latest_only_with_trigger.py
[2022-05-13 03:40:00,228] {logging_mixin.py:115} INFO - [2022-05-13 03:40:00,228] {dag.py:2371} INFO - Sync 1 DAGs
[2022-05-13 03:40:00,242] {logging_mixin.py:115} INFO - [2022-05-13 03:40:00,242] {dag.py:2919} INFO - Setting next_dagrun for latest_only_with_trigger to 2022-05-12T23:40:00.242187+00:00, run_after=2022-05-13T03:40:00.242187+00:00
[2022-05-13 03:40:00,250] {processor.py:161} INFO - Processing /home/airflow/.local/lib/python3.7/site-packages/airflow/example_dags/example_latest_only_with_trigger.py took 0.048 seconds
[2022-05-13 03:40:30,398] {processor.py:153} INFO - Started process (PID=1218) to work on /home/airflow/.local/lib/python3.7/site-packages/airflow/example_dags/example_latest_only_with_trigger.py
[2022-05-13 03:40:30,400] {processor.py:641} INFO - Processing file /home/airflow/.local/lib/python3.7/site-packages/airflow/example_dags/example_latest_only_with_trigger.py for tasks to queue
[2022-05-13 03:40:30,401] {logging_mixin.py:115} INFO - [2022-05-13 03:40:30,401] {dagbag.py:507} INFO - Filling up the DagBag from /home/airflow/.local/lib/python3.7/site-packages/airflow/example_dags/example_latest_only_with_trigger.py
[2022-05-13 03:40:30,405] {processor.py:651} INFO - DAG(s) dict_keys(['latest_only_with_trigger']) retrieved from /home/airflow/.local/lib/python3.7/site-packages/airflow/example_dags/example_latest_only_with_trigger.py
[2022-05-13 03:40:30,423] {logging_mixin.py:115} INFO - [2022-05-13 03:40:30,423] {dag.py:2371} INFO - Sync 1 DAGs
[2022-05-13 03:40:30,438] {logging_mixin.py:115} INFO - [2022-05-13 03:40:30,438] {dag.py:2919} INFO - Setting next_dagrun for latest_only_with_trigger to 2022-05-12T23:40:30.438580+00:00, run_after=2022-05-13T03:40:30.438580+00:00
[2022-05-13 03:40:30,447] {processor.py:161} INFO - Processing /home/airflow/.local/lib/python3.7/site-packages/airflow/example_dags/example_latest_only_with_trigger.py took 0.051 seconds
[2022-05-13 03:41:00,601] {processor.py:153} INFO - Started process (PID=1642) to work on /home/airflow/.local/lib/python3.7/site-packages/airflow/example_dags/example_latest_only_with_trigger.py
[2022-05-13 03:41:00,602] {processor.py:641} INFO - Processing file /home/airflow/.local/lib/python3.7/site-packages/airflow/example_dags/example_latest_only_with_trigger.py for tasks to queue
[2022-05-13 03:41:00,605] {logging_mixin.py:115} INFO - [2022-05-13 03:41:00,605] {dagbag.py:507} INFO - Filling up the DagBag from /home/airflow/.local/lib/python3.7/site-packages/airflow/example_dags/example_latest_only_with_trigger.py
[2022-05-13 03:41:00,610] {processor.py:651} INFO - DAG(s) dict_keys(['latest_only_with_trigger']) retrieved from /home/airflow/.local/lib/python3.7/site-packages/airflow/example_dags/example_latest_only_with_trigger.py
[2022-05-13 03:41:00,627] {logging_mixin.py:115} INFO - [2022-05-13 03:41:00,627] {dag.py:2371} INFO - Sync 1 DAGs
[2022-05-13 03:41:00,647] {logging_mixin.py:115} INFO - [2022-05-13 03:41:00,647] {dag.py:2919} INFO - Setting next_dagrun for latest_only_with_trigger to 2022-05-12T23:41:00.647557+00:00, run_after=2022-05-13T03:41:00.647557+00:00
[2022-05-13 03:41:00,668] {processor.py:161} INFO - Processing /home/airflow/.local/lib/python3.7/site-packages/airflow/example_dags/example_latest_only_with_trigger.py took 0.070 seconds
[2022-05-13 03:41:30,792] {processor.py:153} INFO - Started process (PID=1861) to work on /home/airflow/.local/lib/python3.7/site-packages/airflow/example_dags/example_latest_only_with_trigger.py
[2022-05-13 03:41:30,792] {processor.py:641} INFO - Processing file /home/airflow/.local/lib/python3.7/site-packages/airflow/example_dags/example_latest_only_with_trigger.py for tasks to queue
[2022-05-13 03:41:30,794] {logging_mixin.py:115} INFO - [2022-05-13 03:41:30,794] {dagbag.py:507} INFO - Filling up the DagBag from /home/airflow/.local/lib/python3.7/site-packages/airflow/example_dags/example_latest_only_with_trigger.py
[2022-05-13 03:41:30,798] {processor.py:651} INFO - DAG(s) dict_keys(['latest_only_with_trigger']) retrieved from /home/airflow/.local/lib/python3.7/site-packages/airflow/example_dags/example_latest_only_with_trigger.py
[2022-05-13 03:41:30,815] {logging_mixin.py:115} INFO - [2022-05-13 03:41:30,815] {dag.py:2371} INFO - Sync 1 DAGs
[2022-05-13 03:41:30,827] {logging_mixin.py:115} INFO - [2022-05-13 03:41:30,827] {dag.py:2919} INFO - Setting next_dagrun for latest_only_with_trigger to 2022-05-12T23:41:30.827070+00:00, run_after=2022-05-13T03:41:30.827070+00:00
[2022-05-13 03:41:30,835] {processor.py:161} INFO - Processing /home/airflow/.local/lib/python3.7/site-packages/airflow/example_dags/example_latest_only_with_trigger.py took 0.046 seconds
[2022-05-13 03:42:01,802] {processor.py:153} INFO - Started process (PID=2097) to work on /home/airflow/.local/lib/python3.7/site-packages/airflow/example_dags/example_latest_only_with_trigger.py
[2022-05-13 03:42:01,805] {processor.py:641} INFO - Processing file /home/airflow/.local/lib/python3.7/site-packages/airflow/example_dags/example_latest_only_with_trigger.py for tasks to queue
[2022-05-13 03:42:01,807] {logging_mixin.py:115} INFO - [2022-05-13 03:42:01,807] {dagbag.py:507} INFO - Filling up the DagBag from /home/airflow/.local/lib/python3.7/site-packages/airflow/example_dags/example_latest_only_with_trigger.py
[2022-05-13 03:42:01,816] {processor.py:651} INFO - DAG(s) dict_keys(['latest_only_with_trigger']) retrieved from /home/airflow/.local/lib/python3.7/site-packages/airflow/example_dags/example_latest_only_with_trigger.py
[2022-05-13 03:42:01,839] {logging_mixin.py:115} INFO - [2022-05-13 03:42:01,839] {dag.py:2371} INFO - Sync 1 DAGs
[2022-05-13 03:42:01,855] {logging_mixin.py:115} INFO - [2022-05-13 03:42:01,855] {dag.py:2919} INFO - Setting next_dagrun for latest_only_with_trigger to 2022-05-12T23:42:01.855149+00:00, run_after=2022-05-13T03:42:01.855149+00:00
[2022-05-13 03:42:01,863] {processor.py:161} INFO - Processing /home/airflow/.local/lib/python3.7/site-packages/airflow/example_dags/example_latest_only_with_trigger.py took 0.064 seconds
[2022-05-13 03:42:32,582] {processor.py:153} INFO - Started process (PID=2310) to work on /home/airflow/.local/lib/python3.7/site-packages/airflow/example_dags/example_latest_only_with_trigger.py
[2022-05-13 03:42:32,588] {processor.py:641} INFO - Processing file /home/airflow/.local/lib/python3.7/site-packages/airflow/example_dags/example_latest_only_with_trigger.py for tasks to queue
[2022-05-13 03:42:32,589] {logging_mixin.py:115} INFO - [2022-05-13 03:42:32,589] {dagbag.py:507} INFO - Filling up the DagBag from /home/airflow/.local/lib/python3.7/site-packages/airflow/example_dags/example_latest_only_with_trigger.py
[2022-05-13 03:42:32,594] {processor.py:651} INFO - DAG(s) dict_keys(['latest_only_with_trigger']) retrieved from /home/airflow/.local/lib/python3.7/site-packages/airflow/example_dags/example_latest_only_with_trigger.py
[2022-05-13 03:42:32,613] {logging_mixin.py:115} INFO - [2022-05-13 03:42:32,613] {dag.py:2371} INFO - Sync 1 DAGs
[2022-05-13 03:42:32,626] {logging_mixin.py:115} INFO - [2022-05-13 03:42:32,626] {dag.py:2919} INFO - Setting next_dagrun for latest_only_with_trigger to 2022-05-12T23:42:32.626349+00:00, run_after=2022-05-13T03:42:32.626349+00:00
[2022-05-13 03:42:32,635] {processor.py:161} INFO - Processing /home/airflow/.local/lib/python3.7/site-packages/airflow/example_dags/example_latest_only_with_trigger.py took 0.055 seconds
[2022-05-13 03:59:31,520] {processor.py:153} INFO - Started process (PID=325) to work on /home/airflow/.local/lib/python3.7/site-packages/airflow/example_dags/example_latest_only_with_trigger.py
[2022-05-13 03:59:31,521] {processor.py:641} INFO - Processing file /home/airflow/.local/lib/python3.7/site-packages/airflow/example_dags/example_latest_only_with_trigger.py for tasks to queue
[2022-05-13 03:59:31,522] {logging_mixin.py:115} INFO - [2022-05-13 03:59:31,522] {dagbag.py:507} INFO - Filling up the DagBag from /home/airflow/.local/lib/python3.7/site-packages/airflow/example_dags/example_latest_only_with_trigger.py
[2022-05-13 03:59:31,527] {processor.py:651} INFO - DAG(s) dict_keys(['latest_only_with_trigger']) retrieved from /home/airflow/.local/lib/python3.7/site-packages/airflow/example_dags/example_latest_only_with_trigger.py
[2022-05-13 03:59:31,544] {logging_mixin.py:115} INFO - [2022-05-13 03:59:31,543] {dag.py:2371} INFO - Sync 1 DAGs
[2022-05-13 03:59:31,559] {logging_mixin.py:115} INFO - [2022-05-13 03:59:31,559] {dag.py:2919} INFO - Setting next_dagrun for latest_only_with_trigger to 2022-05-12T23:59:31.559314+00:00, run_after=2022-05-13T03:59:31.559314+00:00
[2022-05-13 03:59:31,567] {processor.py:161} INFO - Processing /home/airflow/.local/lib/python3.7/site-packages/airflow/example_dags/example_latest_only_with_trigger.py took 0.049 seconds
[2022-05-13 04:00:02,452] {processor.py:153} INFO - Started process (PID=542) to work on /home/airflow/.local/lib/python3.7/site-packages/airflow/example_dags/example_latest_only_with_trigger.py
[2022-05-13 04:00:02,453] {processor.py:641} INFO - Processing file /home/airflow/.local/lib/python3.7/site-packages/airflow/example_dags/example_latest_only_with_trigger.py for tasks to queue
[2022-05-13 04:00:02,454] {logging_mixin.py:115} INFO - [2022-05-13 04:00:02,454] {dagbag.py:507} INFO - Filling up the DagBag from /home/airflow/.local/lib/python3.7/site-packages/airflow/example_dags/example_latest_only_with_trigger.py
[2022-05-13 04:00:02,458] {processor.py:651} INFO - DAG(s) dict_keys(['latest_only_with_trigger']) retrieved from /home/airflow/.local/lib/python3.7/site-packages/airflow/example_dags/example_latest_only_with_trigger.py
[2022-05-13 04:00:02,476] {logging_mixin.py:115} INFO - [2022-05-13 04:00:02,476] {dag.py:2371} INFO - Sync 1 DAGs
[2022-05-13 04:00:02,492] {logging_mixin.py:115} INFO - [2022-05-13 04:00:02,492] {dag.py:2919} INFO - Setting next_dagrun for latest_only_with_trigger to 2022-05-13T00:00:02.492676+00:00, run_after=2022-05-13T04:00:02.492676+00:00
[2022-05-13 04:00:02,500] {processor.py:161} INFO - Processing /home/airflow/.local/lib/python3.7/site-packages/airflow/example_dags/example_latest_only_with_trigger.py took 0.052 seconds
[2022-05-13 04:00:33,411] {processor.py:153} INFO - Started process (PID=832) to work on /home/airflow/.local/lib/python3.7/site-packages/airflow/example_dags/example_latest_only_with_trigger.py
[2022-05-13 04:00:33,412] {processor.py:641} INFO - Processing file /home/airflow/.local/lib/python3.7/site-packages/airflow/example_dags/example_latest_only_with_trigger.py for tasks to queue
[2022-05-13 04:00:33,413] {logging_mixin.py:115} INFO - [2022-05-13 04:00:33,413] {dagbag.py:507} INFO - Filling up the DagBag from /home/airflow/.local/lib/python3.7/site-packages/airflow/example_dags/example_latest_only_with_trigger.py
[2022-05-13 04:00:33,417] {processor.py:651} INFO - DAG(s) dict_keys(['latest_only_with_trigger']) retrieved from /home/airflow/.local/lib/python3.7/site-packages/airflow/example_dags/example_latest_only_with_trigger.py
[2022-05-13 04:00:33,434] {logging_mixin.py:115} INFO - [2022-05-13 04:00:33,434] {dag.py:2371} INFO - Sync 1 DAGs
[2022-05-13 04:00:33,446] {logging_mixin.py:115} INFO - [2022-05-13 04:00:33,446] {dag.py:2919} INFO - Setting next_dagrun for latest_only_with_trigger to 2022-05-13T00:00:33.446585+00:00, run_after=2022-05-13T04:00:33.446585+00:00
[2022-05-13 04:00:33,453] {processor.py:161} INFO - Processing /home/airflow/.local/lib/python3.7/site-packages/airflow/example_dags/example_latest_only_with_trigger.py took 0.045 seconds
[2022-05-13 04:01:04,230] {processor.py:153} INFO - Started process (PID=1114) to work on /home/airflow/.local/lib/python3.7/site-packages/airflow/example_dags/example_latest_only_with_trigger.py
[2022-05-13 04:01:04,231] {processor.py:641} INFO - Processing file /home/airflow/.local/lib/python3.7/site-packages/airflow/example_dags/example_latest_only_with_trigger.py for tasks to queue
[2022-05-13 04:01:04,232] {logging_mixin.py:115} INFO - [2022-05-13 04:01:04,232] {dagbag.py:507} INFO - Filling up the DagBag from /home/airflow/.local/lib/python3.7/site-packages/airflow/example_dags/example_latest_only_with_trigger.py
[2022-05-13 04:01:04,237] {processor.py:651} INFO - DAG(s) dict_keys(['latest_only_with_trigger']) retrieved from /home/airflow/.local/lib/python3.7/site-packages/airflow/example_dags/example_latest_only_with_trigger.py
[2022-05-13 04:01:04,255] {logging_mixin.py:115} INFO - [2022-05-13 04:01:04,254] {dag.py:2371} INFO - Sync 1 DAGs
[2022-05-13 04:01:04,267] {logging_mixin.py:115} INFO - [2022-05-13 04:01:04,267] {dag.py:2919} INFO - Setting next_dagrun for latest_only_with_trigger to 2022-05-13T00:01:04.267724+00:00, run_after=2022-05-13T04:01:04.267724+00:00
[2022-05-13 04:01:04,275] {processor.py:161} INFO - Processing /home/airflow/.local/lib/python3.7/site-packages/airflow/example_dags/example_latest_only_with_trigger.py took 0.047 seconds
[2022-05-13 04:01:35,784] {processor.py:153} INFO - Started process (PID=1777) to work on /home/airflow/.local/lib/python3.7/site-packages/airflow/example_dags/example_latest_only_with_trigger.py
[2022-05-13 04:01:35,785] {processor.py:641} INFO - Processing file /home/airflow/.local/lib/python3.7/site-packages/airflow/example_dags/example_latest_only_with_trigger.py for tasks to queue
[2022-05-13 04:01:35,786] {logging_mixin.py:115} INFO - [2022-05-13 04:01:35,786] {dagbag.py:507} INFO - Filling up the DagBag from /home/airflow/.local/lib/python3.7/site-packages/airflow/example_dags/example_latest_only_with_trigger.py
[2022-05-13 04:01:35,791] {processor.py:651} INFO - DAG(s) dict_keys(['latest_only_with_trigger']) retrieved from /home/airflow/.local/lib/python3.7/site-packages/airflow/example_dags/example_latest_only_with_trigger.py
[2022-05-13 04:01:35,809] {logging_mixin.py:115} INFO - [2022-05-13 04:01:35,809] {dag.py:2371} INFO - Sync 1 DAGs
[2022-05-13 04:01:35,824] {logging_mixin.py:115} INFO - [2022-05-13 04:01:35,823] {dag.py:2919} INFO - Setting next_dagrun for latest_only_with_trigger to 2022-05-13T00:01:35.823812+00:00, run_after=2022-05-13T04:01:35.823812+00:00
[2022-05-13 04:01:35,832] {processor.py:161} INFO - Processing /home/airflow/.local/lib/python3.7/site-packages/airflow/example_dags/example_latest_only_with_trigger.py took 0.050 seconds
[2022-05-13 04:02:06,803] {processor.py:153} INFO - Started process (PID=2003) to work on /home/airflow/.local/lib/python3.7/site-packages/airflow/example_dags/example_latest_only_with_trigger.py
[2022-05-13 04:02:06,804] {processor.py:641} INFO - Processing file /home/airflow/.local/lib/python3.7/site-packages/airflow/example_dags/example_latest_only_with_trigger.py for tasks to queue
[2022-05-13 04:02:06,805] {logging_mixin.py:115} INFO - [2022-05-13 04:02:06,805] {dagbag.py:507} INFO - Filling up the DagBag from /home/airflow/.local/lib/python3.7/site-packages/airflow/example_dags/example_latest_only_with_trigger.py
[2022-05-13 04:02:06,809] {processor.py:651} INFO - DAG(s) dict_keys(['latest_only_with_trigger']) retrieved from /home/airflow/.local/lib/python3.7/site-packages/airflow/example_dags/example_latest_only_with_trigger.py
[2022-05-13 04:02:06,828] {logging_mixin.py:115} INFO - [2022-05-13 04:02:06,827] {dag.py:2371} INFO - Sync 1 DAGs
[2022-05-13 04:02:06,842] {logging_mixin.py:115} INFO - [2022-05-13 04:02:06,841] {dag.py:2919} INFO - Setting next_dagrun for latest_only_with_trigger to 2022-05-13T00:02:06.841682+00:00, run_after=2022-05-13T04:02:06.841682+00:00
[2022-05-13 04:02:06,851] {processor.py:161} INFO - Processing /home/airflow/.local/lib/python3.7/site-packages/airflow/example_dags/example_latest_only_with_trigger.py took 0.051 seconds
[2022-05-13 04:02:37,373] {processor.py:153} INFO - Started process (PID=2276) to work on /home/airflow/.local/lib/python3.7/site-packages/airflow/example_dags/example_latest_only_with_trigger.py
[2022-05-13 04:02:37,374] {processor.py:641} INFO - Processing file /home/airflow/.local/lib/python3.7/site-packages/airflow/example_dags/example_latest_only_with_trigger.py for tasks to queue
[2022-05-13 04:02:37,375] {logging_mixin.py:115} INFO - [2022-05-13 04:02:37,375] {dagbag.py:507} INFO - Filling up the DagBag from /home/airflow/.local/lib/python3.7/site-packages/airflow/example_dags/example_latest_only_with_trigger.py
[2022-05-13 04:02:37,380] {processor.py:651} INFO - DAG(s) dict_keys(['latest_only_with_trigger']) retrieved from /home/airflow/.local/lib/python3.7/site-packages/airflow/example_dags/example_latest_only_with_trigger.py
[2022-05-13 04:02:37,416] {logging_mixin.py:115} INFO - [2022-05-13 04:02:37,416] {dag.py:2371} INFO - Sync 1 DAGs
[2022-05-13 04:02:37,435] {logging_mixin.py:115} INFO - [2022-05-13 04:02:37,435] {dag.py:2919} INFO - Setting next_dagrun for latest_only_with_trigger to 2022-05-13T00:02:37.434940+00:00, run_after=2022-05-13T04:02:37.434940+00:00
[2022-05-13 04:02:37,445] {processor.py:161} INFO - Processing /home/airflow/.local/lib/python3.7/site-packages/airflow/example_dags/example_latest_only_with_trigger.py took 0.075 seconds
[2022-05-13 04:03:07,544] {processor.py:153} INFO - Started process (PID=2660) to work on /home/airflow/.local/lib/python3.7/site-packages/airflow/example_dags/example_latest_only_with_trigger.py
[2022-05-13 04:03:07,545] {processor.py:641} INFO - Processing file /home/airflow/.local/lib/python3.7/site-packages/airflow/example_dags/example_latest_only_with_trigger.py for tasks to queue
[2022-05-13 04:03:07,546] {logging_mixin.py:115} INFO - [2022-05-13 04:03:07,546] {dagbag.py:507} INFO - Filling up the DagBag from /home/airflow/.local/lib/python3.7/site-packages/airflow/example_dags/example_latest_only_with_trigger.py
[2022-05-13 04:03:07,550] {processor.py:651} INFO - DAG(s) dict_keys(['latest_only_with_trigger']) retrieved from /home/airflow/.local/lib/python3.7/site-packages/airflow/example_dags/example_latest_only_with_trigger.py
[2022-05-13 04:03:07,568] {logging_mixin.py:115} INFO - [2022-05-13 04:03:07,568] {dag.py:2371} INFO - Sync 1 DAGs
[2022-05-13 04:03:07,583] {logging_mixin.py:115} INFO - [2022-05-13 04:03:07,583] {dag.py:2919} INFO - Setting next_dagrun for latest_only_with_trigger to 2022-05-13T00:03:07.582914+00:00, run_after=2022-05-13T04:03:07.582914+00:00
[2022-05-13 04:03:07,590] {processor.py:161} INFO - Processing /home/airflow/.local/lib/python3.7/site-packages/airflow/example_dags/example_latest_only_with_trigger.py took 0.048 seconds
[2022-05-13 04:03:38,431] {processor.py:153} INFO - Started process (PID=2895) to work on /home/airflow/.local/lib/python3.7/site-packages/airflow/example_dags/example_latest_only_with_trigger.py
[2022-05-13 04:03:38,432] {processor.py:641} INFO - Processing file /home/airflow/.local/lib/python3.7/site-packages/airflow/example_dags/example_latest_only_with_trigger.py for tasks to queue
[2022-05-13 04:03:38,437] {logging_mixin.py:115} INFO - [2022-05-13 04:03:38,437] {dagbag.py:507} INFO - Filling up the DagBag from /home/airflow/.local/lib/python3.7/site-packages/airflow/example_dags/example_latest_only_with_trigger.py
[2022-05-13 04:03:38,442] {processor.py:651} INFO - DAG(s) dict_keys(['latest_only_with_trigger']) retrieved from /home/airflow/.local/lib/python3.7/site-packages/airflow/example_dags/example_latest_only_with_trigger.py
[2022-05-13 04:03:38,464] {logging_mixin.py:115} INFO - [2022-05-13 04:03:38,464] {dag.py:2371} INFO - Sync 1 DAGs
[2022-05-13 04:03:38,480] {logging_mixin.py:115} INFO - [2022-05-13 04:03:38,480] {dag.py:2919} INFO - Setting next_dagrun for latest_only_with_trigger to 2022-05-13T00:03:38.480192+00:00, run_after=2022-05-13T04:03:38.480192+00:00
[2022-05-13 04:03:38,491] {processor.py:161} INFO - Processing /home/airflow/.local/lib/python3.7/site-packages/airflow/example_dags/example_latest_only_with_trigger.py took 0.062 seconds
