[2022-05-13 03:38:58,164] {processor.py:153} INFO - Started process (PID=281) to work on /home/airflow/.local/lib/python3.7/site-packages/airflow/example_dags/example_skip_dag.py
[2022-05-13 03:38:58,167] {processor.py:641} INFO - Processing file /home/airflow/.local/lib/python3.7/site-packages/airflow/example_dags/example_skip_dag.py for tasks to queue
[2022-05-13 03:38:58,170] {logging_mixin.py:115} INFO - [2022-05-13 03:38:58,170] {dagbag.py:507} INFO - Filling up the DagBag from /home/airflow/.local/lib/python3.7/site-packages/airflow/example_dags/example_skip_dag.py
[2022-05-13 03:38:58,198] {processor.py:651} INFO - DAG(s) dict_keys(['example_skip_dag']) retrieved from /home/airflow/.local/lib/python3.7/site-packages/airflow/example_dags/example_skip_dag.py
[2022-05-13 03:38:58,236] {logging_mixin.py:115} INFO - [2022-05-13 03:38:58,236] {dag.py:2371} INFO - Sync 1 DAGs
[2022-05-13 03:38:58,259] {logging_mixin.py:115} INFO - [2022-05-13 03:38:58,259] {dag.py:2919} INFO - Setting next_dagrun for example_skip_dag to 2022-05-12T03:38:58.258989+00:00, run_after=2022-05-13T03:38:58.258989+00:00
[2022-05-13 03:38:58,271] {processor.py:161} INFO - Processing /home/airflow/.local/lib/python3.7/site-packages/airflow/example_dags/example_skip_dag.py took 0.110 seconds
[2022-05-13 03:39:28,568] {processor.py:153} INFO - Started process (PID=536) to work on /home/airflow/.local/lib/python3.7/site-packages/airflow/example_dags/example_skip_dag.py
[2022-05-13 03:39:28,569] {processor.py:641} INFO - Processing file /home/airflow/.local/lib/python3.7/site-packages/airflow/example_dags/example_skip_dag.py for tasks to queue
[2022-05-13 03:39:28,570] {logging_mixin.py:115} INFO - [2022-05-13 03:39:28,570] {dagbag.py:507} INFO - Filling up the DagBag from /home/airflow/.local/lib/python3.7/site-packages/airflow/example_dags/example_skip_dag.py
[2022-05-13 03:39:28,574] {processor.py:651} INFO - DAG(s) dict_keys(['example_skip_dag']) retrieved from /home/airflow/.local/lib/python3.7/site-packages/airflow/example_dags/example_skip_dag.py
[2022-05-13 03:39:28,597] {logging_mixin.py:115} INFO - [2022-05-13 03:39:28,597] {dag.py:2371} INFO - Sync 1 DAGs
[2022-05-13 03:39:28,616] {logging_mixin.py:115} INFO - [2022-05-13 03:39:28,615] {dag.py:2919} INFO - Setting next_dagrun for example_skip_dag to 2022-05-12T03:39:28.615832+00:00, run_after=2022-05-13T03:39:28.615832+00:00
[2022-05-13 03:39:28,624] {processor.py:161} INFO - Processing /home/airflow/.local/lib/python3.7/site-packages/airflow/example_dags/example_skip_dag.py took 0.058 seconds
[2022-05-13 03:39:59,518] {processor.py:153} INFO - Started process (PID=923) to work on /home/airflow/.local/lib/python3.7/site-packages/airflow/example_dags/example_skip_dag.py
[2022-05-13 03:39:59,519] {processor.py:641} INFO - Processing file /home/airflow/.local/lib/python3.7/site-packages/airflow/example_dags/example_skip_dag.py for tasks to queue
[2022-05-13 03:39:59,520] {logging_mixin.py:115} INFO - [2022-05-13 03:39:59,520] {dagbag.py:507} INFO - Filling up the DagBag from /home/airflow/.local/lib/python3.7/site-packages/airflow/example_dags/example_skip_dag.py
[2022-05-13 03:39:59,524] {processor.py:651} INFO - DAG(s) dict_keys(['example_skip_dag']) retrieved from /home/airflow/.local/lib/python3.7/site-packages/airflow/example_dags/example_skip_dag.py
[2022-05-13 03:39:59,542] {logging_mixin.py:115} INFO - [2022-05-13 03:39:59,542] {dag.py:2371} INFO - Sync 1 DAGs
[2022-05-13 03:39:59,556] {logging_mixin.py:115} INFO - [2022-05-13 03:39:59,556] {dag.py:2919} INFO - Setting next_dagrun for example_skip_dag to 2022-05-12T03:39:59.556533+00:00, run_after=2022-05-13T03:39:59.556533+00:00
[2022-05-13 03:39:59,567] {processor.py:161} INFO - Processing /home/airflow/.local/lib/python3.7/site-packages/airflow/example_dags/example_skip_dag.py took 0.051 seconds
[2022-05-13 03:40:29,741] {processor.py:153} INFO - Started process (PID=1143) to work on /home/airflow/.local/lib/python3.7/site-packages/airflow/example_dags/example_skip_dag.py
[2022-05-13 03:40:29,742] {processor.py:641} INFO - Processing file /home/airflow/.local/lib/python3.7/site-packages/airflow/example_dags/example_skip_dag.py for tasks to queue
[2022-05-13 03:40:29,743] {logging_mixin.py:115} INFO - [2022-05-13 03:40:29,743] {dagbag.py:507} INFO - Filling up the DagBag from /home/airflow/.local/lib/python3.7/site-packages/airflow/example_dags/example_skip_dag.py
[2022-05-13 03:40:29,747] {processor.py:651} INFO - DAG(s) dict_keys(['example_skip_dag']) retrieved from /home/airflow/.local/lib/python3.7/site-packages/airflow/example_dags/example_skip_dag.py
[2022-05-13 03:40:29,766] {logging_mixin.py:115} INFO - [2022-05-13 03:40:29,765] {dag.py:2371} INFO - Sync 1 DAGs
[2022-05-13 03:40:29,784] {logging_mixin.py:115} INFO - [2022-05-13 03:40:29,784] {dag.py:2919} INFO - Setting next_dagrun for example_skip_dag to 2022-05-12T03:40:29.784312+00:00, run_after=2022-05-13T03:40:29.784312+00:00
[2022-05-13 03:40:29,792] {processor.py:161} INFO - Processing /home/airflow/.local/lib/python3.7/site-packages/airflow/example_dags/example_skip_dag.py took 0.053 seconds
[2022-05-13 03:40:59,926] {processor.py:153} INFO - Started process (PID=1567) to work on /home/airflow/.local/lib/python3.7/site-packages/airflow/example_dags/example_skip_dag.py
[2022-05-13 03:40:59,928] {processor.py:641} INFO - Processing file /home/airflow/.local/lib/python3.7/site-packages/airflow/example_dags/example_skip_dag.py for tasks to queue
[2022-05-13 03:40:59,929] {logging_mixin.py:115} INFO - [2022-05-13 03:40:59,929] {dagbag.py:507} INFO - Filling up the DagBag from /home/airflow/.local/lib/python3.7/site-packages/airflow/example_dags/example_skip_dag.py
[2022-05-13 03:40:59,933] {processor.py:651} INFO - DAG(s) dict_keys(['example_skip_dag']) retrieved from /home/airflow/.local/lib/python3.7/site-packages/airflow/example_dags/example_skip_dag.py
[2022-05-13 03:40:59,954] {logging_mixin.py:115} INFO - [2022-05-13 03:40:59,954] {dag.py:2371} INFO - Sync 1 DAGs
[2022-05-13 03:40:59,967] {logging_mixin.py:115} INFO - [2022-05-13 03:40:59,967] {dag.py:2919} INFO - Setting next_dagrun for example_skip_dag to 2022-05-12T03:40:59.967511+00:00, run_after=2022-05-13T03:40:59.967511+00:00
[2022-05-13 03:40:59,989] {processor.py:161} INFO - Processing /home/airflow/.local/lib/python3.7/site-packages/airflow/example_dags/example_skip_dag.py took 0.065 seconds
[2022-05-13 03:41:30,053] {processor.py:153} INFO - Started process (PID=1784) to work on /home/airflow/.local/lib/python3.7/site-packages/airflow/example_dags/example_skip_dag.py
[2022-05-13 03:41:30,054] {processor.py:641} INFO - Processing file /home/airflow/.local/lib/python3.7/site-packages/airflow/example_dags/example_skip_dag.py for tasks to queue
[2022-05-13 03:41:30,055] {logging_mixin.py:115} INFO - [2022-05-13 03:41:30,055] {dagbag.py:507} INFO - Filling up the DagBag from /home/airflow/.local/lib/python3.7/site-packages/airflow/example_dags/example_skip_dag.py
[2022-05-13 03:41:30,059] {processor.py:651} INFO - DAG(s) dict_keys(['example_skip_dag']) retrieved from /home/airflow/.local/lib/python3.7/site-packages/airflow/example_dags/example_skip_dag.py
[2022-05-13 03:41:30,076] {logging_mixin.py:115} INFO - [2022-05-13 03:41:30,076] {dag.py:2371} INFO - Sync 1 DAGs
[2022-05-13 03:41:30,091] {logging_mixin.py:115} INFO - [2022-05-13 03:41:30,091] {dag.py:2919} INFO - Setting next_dagrun for example_skip_dag to 2022-05-12T03:41:30.090939+00:00, run_after=2022-05-13T03:41:30.090939+00:00
[2022-05-13 03:41:30,098] {processor.py:161} INFO - Processing /home/airflow/.local/lib/python3.7/site-packages/airflow/example_dags/example_skip_dag.py took 0.047 seconds
[2022-05-13 03:42:00,952] {processor.py:153} INFO - Started process (PID=2020) to work on /home/airflow/.local/lib/python3.7/site-packages/airflow/example_dags/example_skip_dag.py
[2022-05-13 03:42:00,954] {processor.py:641} INFO - Processing file /home/airflow/.local/lib/python3.7/site-packages/airflow/example_dags/example_skip_dag.py for tasks to queue
[2022-05-13 03:42:00,955] {logging_mixin.py:115} INFO - [2022-05-13 03:42:00,955] {dagbag.py:507} INFO - Filling up the DagBag from /home/airflow/.local/lib/python3.7/site-packages/airflow/example_dags/example_skip_dag.py
[2022-05-13 03:42:00,961] {processor.py:651} INFO - DAG(s) dict_keys(['example_skip_dag']) retrieved from /home/airflow/.local/lib/python3.7/site-packages/airflow/example_dags/example_skip_dag.py
[2022-05-13 03:42:00,985] {logging_mixin.py:115} INFO - [2022-05-13 03:42:00,985] {dag.py:2371} INFO - Sync 1 DAGs
[2022-05-13 03:42:01,005] {logging_mixin.py:115} INFO - [2022-05-13 03:42:01,005] {dag.py:2919} INFO - Setting next_dagrun for example_skip_dag to 2022-05-12T03:42:01.005067+00:00, run_after=2022-05-13T03:42:01.005067+00:00
[2022-05-13 03:42:01,018] {processor.py:161} INFO - Processing /home/airflow/.local/lib/python3.7/site-packages/airflow/example_dags/example_skip_dag.py took 0.068 seconds
[2022-05-13 03:42:31,929] {processor.py:153} INFO - Started process (PID=2235) to work on /home/airflow/.local/lib/python3.7/site-packages/airflow/example_dags/example_skip_dag.py
[2022-05-13 03:42:31,930] {processor.py:641} INFO - Processing file /home/airflow/.local/lib/python3.7/site-packages/airflow/example_dags/example_skip_dag.py for tasks to queue
[2022-05-13 03:42:31,931] {logging_mixin.py:115} INFO - [2022-05-13 03:42:31,931] {dagbag.py:507} INFO - Filling up the DagBag from /home/airflow/.local/lib/python3.7/site-packages/airflow/example_dags/example_skip_dag.py
[2022-05-13 03:42:31,935] {processor.py:651} INFO - DAG(s) dict_keys(['example_skip_dag']) retrieved from /home/airflow/.local/lib/python3.7/site-packages/airflow/example_dags/example_skip_dag.py
[2022-05-13 03:42:31,953] {logging_mixin.py:115} INFO - [2022-05-13 03:42:31,953] {dag.py:2371} INFO - Sync 1 DAGs
[2022-05-13 03:42:31,968] {logging_mixin.py:115} INFO - [2022-05-13 03:42:31,968] {dag.py:2919} INFO - Setting next_dagrun for example_skip_dag to 2022-05-12T03:42:31.968122+00:00, run_after=2022-05-13T03:42:31.968122+00:00
[2022-05-13 03:42:31,976] {processor.py:161} INFO - Processing /home/airflow/.local/lib/python3.7/site-packages/airflow/example_dags/example_skip_dag.py took 0.049 seconds
