[2022-05-13 03:38:59,080] {processor.py:153} INFO - Started process (PID=375) to work on /home/airflow/.local/lib/python3.7/site-packages/airflow/example_dags/example_bash_operator.py
[2022-05-13 03:38:59,081] {processor.py:641} INFO - Processing file /home/airflow/.local/lib/python3.7/site-packages/airflow/example_dags/example_bash_operator.py for tasks to queue
[2022-05-13 03:38:59,083] {logging_mixin.py:115} INFO - [2022-05-13 03:38:59,083] {dagbag.py:507} INFO - Filling up the DagBag from /home/airflow/.local/lib/python3.7/site-packages/airflow/example_dags/example_bash_operator.py
[2022-05-13 03:38:59,092] {processor.py:651} INFO - DAG(s) dict_keys(['example_bash_operator']) retrieved from /home/airflow/.local/lib/python3.7/site-packages/airflow/example_dags/example_bash_operator.py
[2022-05-13 03:38:59,114] {logging_mixin.py:115} INFO - [2022-05-13 03:38:59,114] {dag.py:2371} INFO - Sync 1 DAGs
[2022-05-13 03:38:59,134] {logging_mixin.py:115} INFO - [2022-05-13 03:38:59,134] {dag.py:2919} INFO - Setting next_dagrun for example_bash_operator to 2022-05-12T00:00:00+00:00, run_after=2022-05-13T00:00:00+00:00
[2022-05-13 03:38:59,147] {processor.py:161} INFO - Processing /home/airflow/.local/lib/python3.7/site-packages/airflow/example_dags/example_bash_operator.py took 0.069 seconds
[2022-05-13 03:39:29,331] {processor.py:153} INFO - Started process (PID=606) to work on /home/airflow/.local/lib/python3.7/site-packages/airflow/example_dags/example_bash_operator.py
[2022-05-13 03:39:29,332] {processor.py:641} INFO - Processing file /home/airflow/.local/lib/python3.7/site-packages/airflow/example_dags/example_bash_operator.py for tasks to queue
[2022-05-13 03:39:29,333] {logging_mixin.py:115} INFO - [2022-05-13 03:39:29,333] {dagbag.py:507} INFO - Filling up the DagBag from /home/airflow/.local/lib/python3.7/site-packages/airflow/example_dags/example_bash_operator.py
[2022-05-13 03:39:29,341] {processor.py:651} INFO - DAG(s) dict_keys(['example_bash_operator']) retrieved from /home/airflow/.local/lib/python3.7/site-packages/airflow/example_dags/example_bash_operator.py
[2022-05-13 03:39:29,357] {logging_mixin.py:115} INFO - [2022-05-13 03:39:29,357] {dag.py:2371} INFO - Sync 1 DAGs
[2022-05-13 03:39:29,370] {logging_mixin.py:115} INFO - [2022-05-13 03:39:29,370] {dag.py:2919} INFO - Setting next_dagrun for example_bash_operator to 2022-05-12T00:00:00+00:00, run_after=2022-05-13T00:00:00+00:00
[2022-05-13 03:39:29,377] {processor.py:161} INFO - Processing /home/airflow/.local/lib/python3.7/site-packages/airflow/example_dags/example_bash_operator.py took 0.048 seconds
[2022-05-13 03:40:00,131] {processor.py:153} INFO - Started process (PID=993) to work on /home/airflow/.local/lib/python3.7/site-packages/airflow/example_dags/example_bash_operator.py
[2022-05-13 03:40:00,133] {processor.py:641} INFO - Processing file /home/airflow/.local/lib/python3.7/site-packages/airflow/example_dags/example_bash_operator.py for tasks to queue
[2022-05-13 03:40:00,136] {logging_mixin.py:115} INFO - [2022-05-13 03:40:00,136] {dagbag.py:507} INFO - Filling up the DagBag from /home/airflow/.local/lib/python3.7/site-packages/airflow/example_dags/example_bash_operator.py
[2022-05-13 03:40:00,146] {processor.py:651} INFO - DAG(s) dict_keys(['example_bash_operator']) retrieved from /home/airflow/.local/lib/python3.7/site-packages/airflow/example_dags/example_bash_operator.py
[2022-05-13 03:40:00,162] {logging_mixin.py:115} INFO - [2022-05-13 03:40:00,162] {dag.py:2371} INFO - Sync 1 DAGs
[2022-05-13 03:40:00,175] {logging_mixin.py:115} INFO - [2022-05-13 03:40:00,175] {dag.py:2919} INFO - Setting next_dagrun for example_bash_operator to 2022-05-12T00:00:00+00:00, run_after=2022-05-13T00:00:00+00:00
[2022-05-13 03:40:00,183] {processor.py:161} INFO - Processing /home/airflow/.local/lib/python3.7/site-packages/airflow/example_dags/example_bash_operator.py took 0.055 seconds
[2022-05-13 03:40:30,368] {processor.py:153} INFO - Started process (PID=1213) to work on /home/airflow/.local/lib/python3.7/site-packages/airflow/example_dags/example_bash_operator.py
[2022-05-13 03:40:30,371] {processor.py:641} INFO - Processing file /home/airflow/.local/lib/python3.7/site-packages/airflow/example_dags/example_bash_operator.py for tasks to queue
[2022-05-13 03:40:30,372] {logging_mixin.py:115} INFO - [2022-05-13 03:40:30,372] {dagbag.py:507} INFO - Filling up the DagBag from /home/airflow/.local/lib/python3.7/site-packages/airflow/example_dags/example_bash_operator.py
[2022-05-13 03:40:30,379] {processor.py:651} INFO - DAG(s) dict_keys(['example_bash_operator']) retrieved from /home/airflow/.local/lib/python3.7/site-packages/airflow/example_dags/example_bash_operator.py
[2022-05-13 03:40:30,397] {logging_mixin.py:115} INFO - [2022-05-13 03:40:30,397] {dag.py:2371} INFO - Sync 1 DAGs
[2022-05-13 03:40:30,411] {logging_mixin.py:115} INFO - [2022-05-13 03:40:30,411] {dag.py:2919} INFO - Setting next_dagrun for example_bash_operator to 2022-05-12T00:00:00+00:00, run_after=2022-05-13T00:00:00+00:00
[2022-05-13 03:40:30,419] {processor.py:161} INFO - Processing /home/airflow/.local/lib/python3.7/site-packages/airflow/example_dags/example_bash_operator.py took 0.053 seconds
[2022-05-13 03:41:00,557] {processor.py:153} INFO - Started process (PID=1637) to work on /home/airflow/.local/lib/python3.7/site-packages/airflow/example_dags/example_bash_operator.py
[2022-05-13 03:41:00,558] {processor.py:641} INFO - Processing file /home/airflow/.local/lib/python3.7/site-packages/airflow/example_dags/example_bash_operator.py for tasks to queue
[2022-05-13 03:41:00,559] {logging_mixin.py:115} INFO - [2022-05-13 03:41:00,559] {dagbag.py:507} INFO - Filling up the DagBag from /home/airflow/.local/lib/python3.7/site-packages/airflow/example_dags/example_bash_operator.py
[2022-05-13 03:41:00,567] {processor.py:651} INFO - DAG(s) dict_keys(['example_bash_operator']) retrieved from /home/airflow/.local/lib/python3.7/site-packages/airflow/example_dags/example_bash_operator.py
[2022-05-13 03:41:00,585] {logging_mixin.py:115} INFO - [2022-05-13 03:41:00,585] {dag.py:2371} INFO - Sync 1 DAGs
[2022-05-13 03:41:00,602] {logging_mixin.py:115} INFO - [2022-05-13 03:41:00,602] {dag.py:2919} INFO - Setting next_dagrun for example_bash_operator to 2022-05-12T00:00:00+00:00, run_after=2022-05-13T00:00:00+00:00
[2022-05-13 03:41:00,611] {processor.py:161} INFO - Processing /home/airflow/.local/lib/python3.7/site-packages/airflow/example_dags/example_bash_operator.py took 0.056 seconds
[2022-05-13 03:41:30,725] {processor.py:153} INFO - Started process (PID=1854) to work on /home/airflow/.local/lib/python3.7/site-packages/airflow/example_dags/example_bash_operator.py
[2022-05-13 03:41:30,727] {processor.py:641} INFO - Processing file /home/airflow/.local/lib/python3.7/site-packages/airflow/example_dags/example_bash_operator.py for tasks to queue
[2022-05-13 03:41:30,728] {logging_mixin.py:115} INFO - [2022-05-13 03:41:30,728] {dagbag.py:507} INFO - Filling up the DagBag from /home/airflow/.local/lib/python3.7/site-packages/airflow/example_dags/example_bash_operator.py
[2022-05-13 03:41:30,735] {processor.py:651} INFO - DAG(s) dict_keys(['example_bash_operator']) retrieved from /home/airflow/.local/lib/python3.7/site-packages/airflow/example_dags/example_bash_operator.py
[2022-05-13 03:41:30,751] {logging_mixin.py:115} INFO - [2022-05-13 03:41:30,751] {dag.py:2371} INFO - Sync 1 DAGs
[2022-05-13 03:41:30,765] {logging_mixin.py:115} INFO - [2022-05-13 03:41:30,765] {dag.py:2919} INFO - Setting next_dagrun for example_bash_operator to 2022-05-12T00:00:00+00:00, run_after=2022-05-13T00:00:00+00:00
[2022-05-13 03:41:30,772] {processor.py:161} INFO - Processing /home/airflow/.local/lib/python3.7/site-packages/airflow/example_dags/example_bash_operator.py took 0.049 seconds
[2022-05-13 03:42:01,605] {processor.py:153} INFO - Started process (PID=2090) to work on /home/airflow/.local/lib/python3.7/site-packages/airflow/example_dags/example_bash_operator.py
[2022-05-13 03:42:01,607] {processor.py:641} INFO - Processing file /home/airflow/.local/lib/python3.7/site-packages/airflow/example_dags/example_bash_operator.py for tasks to queue
[2022-05-13 03:42:01,627] {logging_mixin.py:115} INFO - [2022-05-13 03:42:01,627] {dagbag.py:507} INFO - Filling up the DagBag from /home/airflow/.local/lib/python3.7/site-packages/airflow/example_dags/example_bash_operator.py
[2022-05-13 03:42:01,637] {processor.py:651} INFO - DAG(s) dict_keys(['example_bash_operator']) retrieved from /home/airflow/.local/lib/python3.7/site-packages/airflow/example_dags/example_bash_operator.py
[2022-05-13 03:42:01,690] {logging_mixin.py:115} INFO - [2022-05-13 03:42:01,690] {dag.py:2371} INFO - Sync 1 DAGs
[2022-05-13 03:42:01,727] {logging_mixin.py:115} INFO - [2022-05-13 03:42:01,727] {dag.py:2919} INFO - Setting next_dagrun for example_bash_operator to 2022-05-12T00:00:00+00:00, run_after=2022-05-13T00:00:00+00:00
[2022-05-13 03:42:01,753] {processor.py:161} INFO - Processing /home/airflow/.local/lib/python3.7/site-packages/airflow/example_dags/example_bash_operator.py took 0.151 seconds
[2022-05-13 03:42:32,532] {processor.py:153} INFO - Started process (PID=2305) to work on /home/airflow/.local/lib/python3.7/site-packages/airflow/example_dags/example_bash_operator.py
[2022-05-13 03:42:32,533] {processor.py:641} INFO - Processing file /home/airflow/.local/lib/python3.7/site-packages/airflow/example_dags/example_bash_operator.py for tasks to queue
[2022-05-13 03:42:32,534] {logging_mixin.py:115} INFO - [2022-05-13 03:42:32,534] {dagbag.py:507} INFO - Filling up the DagBag from /home/airflow/.local/lib/python3.7/site-packages/airflow/example_dags/example_bash_operator.py
[2022-05-13 03:42:32,542] {processor.py:651} INFO - DAG(s) dict_keys(['example_bash_operator']) retrieved from /home/airflow/.local/lib/python3.7/site-packages/airflow/example_dags/example_bash_operator.py
[2022-05-13 03:42:32,559] {logging_mixin.py:115} INFO - [2022-05-13 03:42:32,559] {dag.py:2371} INFO - Sync 1 DAGs
[2022-05-13 03:42:32,573] {logging_mixin.py:115} INFO - [2022-05-13 03:42:32,573] {dag.py:2919} INFO - Setting next_dagrun for example_bash_operator to 2022-05-12T00:00:00+00:00, run_after=2022-05-13T00:00:00+00:00
[2022-05-13 03:42:32,581] {processor.py:161} INFO - Processing /home/airflow/.local/lib/python3.7/site-packages/airflow/example_dags/example_bash_operator.py took 0.052 seconds
