[2022-05-13 03:38:58,799] {processor.py:153} INFO - Started process (PID=348) to work on /home/airflow/.local/lib/python3.7/site-packages/airflow/example_dags/example_short_circuit_operator.py
[2022-05-13 03:38:58,801] {processor.py:641} INFO - Processing file /home/airflow/.local/lib/python3.7/site-packages/airflow/example_dags/example_short_circuit_operator.py for tasks to queue
[2022-05-13 03:38:58,802] {logging_mixin.py:115} INFO - [2022-05-13 03:38:58,802] {dagbag.py:507} INFO - Filling up the DagBag from /home/airflow/.local/lib/python3.7/site-packages/airflow/example_dags/example_short_circuit_operator.py
[2022-05-13 03:38:58,809] {processor.py:651} INFO - DAG(s) dict_keys(['example_short_circuit_operator']) retrieved from /home/airflow/.local/lib/python3.7/site-packages/airflow/example_dags/example_short_circuit_operator.py
[2022-05-13 03:38:58,849] {logging_mixin.py:115} INFO - [2022-05-13 03:38:58,848] {dag.py:2371} INFO - Sync 1 DAGs
[2022-05-13 03:38:58,864] {logging_mixin.py:115} INFO - [2022-05-13 03:38:58,864] {dag.py:2919} INFO - Setting next_dagrun for example_short_circuit_operator to 2022-05-12T03:38:58.863966+00:00, run_after=2022-05-13T03:38:58.863966+00:00
[2022-05-13 03:38:58,878] {processor.py:161} INFO - Processing /home/airflow/.local/lib/python3.7/site-packages/airflow/example_dags/example_short_circuit_operator.py took 0.082 seconds
[2022-05-13 03:39:29,015] {processor.py:153} INFO - Started process (PID=581) to work on /home/airflow/.local/lib/python3.7/site-packages/airflow/example_dags/example_short_circuit_operator.py
[2022-05-13 03:39:29,016] {processor.py:641} INFO - Processing file /home/airflow/.local/lib/python3.7/site-packages/airflow/example_dags/example_short_circuit_operator.py for tasks to queue
[2022-05-13 03:39:29,017] {logging_mixin.py:115} INFO - [2022-05-13 03:39:29,017] {dagbag.py:507} INFO - Filling up the DagBag from /home/airflow/.local/lib/python3.7/site-packages/airflow/example_dags/example_short_circuit_operator.py
[2022-05-13 03:39:29,023] {processor.py:651} INFO - DAG(s) dict_keys(['example_short_circuit_operator']) retrieved from /home/airflow/.local/lib/python3.7/site-packages/airflow/example_dags/example_short_circuit_operator.py
[2022-05-13 03:39:29,041] {logging_mixin.py:115} INFO - [2022-05-13 03:39:29,040] {dag.py:2371} INFO - Sync 1 DAGs
[2022-05-13 03:39:29,054] {logging_mixin.py:115} INFO - [2022-05-13 03:39:29,054] {dag.py:2919} INFO - Setting next_dagrun for example_short_circuit_operator to 2022-05-12T03:39:29.054260+00:00, run_after=2022-05-13T03:39:29.054260+00:00
[2022-05-13 03:39:29,063] {processor.py:161} INFO - Processing /home/airflow/.local/lib/python3.7/site-packages/airflow/example_dags/example_short_circuit_operator.py took 0.050 seconds
[2022-05-13 03:39:59,891] {processor.py:153} INFO - Started process (PID=968) to work on /home/airflow/.local/lib/python3.7/site-packages/airflow/example_dags/example_short_circuit_operator.py
[2022-05-13 03:39:59,892] {processor.py:641} INFO - Processing file /home/airflow/.local/lib/python3.7/site-packages/airflow/example_dags/example_short_circuit_operator.py for tasks to queue
[2022-05-13 03:39:59,893] {logging_mixin.py:115} INFO - [2022-05-13 03:39:59,893] {dagbag.py:507} INFO - Filling up the DagBag from /home/airflow/.local/lib/python3.7/site-packages/airflow/example_dags/example_short_circuit_operator.py
[2022-05-13 03:39:59,899] {processor.py:651} INFO - DAG(s) dict_keys(['example_short_circuit_operator']) retrieved from /home/airflow/.local/lib/python3.7/site-packages/airflow/example_dags/example_short_circuit_operator.py
[2022-05-13 03:39:59,915] {logging_mixin.py:115} INFO - [2022-05-13 03:39:59,915] {dag.py:2371} INFO - Sync 1 DAGs
[2022-05-13 03:39:59,929] {logging_mixin.py:115} INFO - [2022-05-13 03:39:59,928] {dag.py:2919} INFO - Setting next_dagrun for example_short_circuit_operator to 2022-05-12T03:39:59.928806+00:00, run_after=2022-05-13T03:39:59.928806+00:00
[2022-05-13 03:39:59,937] {processor.py:161} INFO - Processing /home/airflow/.local/lib/python3.7/site-packages/airflow/example_dags/example_short_circuit_operator.py took 0.049 seconds
[2022-05-13 03:40:30,155] {processor.py:153} INFO - Started process (PID=1188) to work on /home/airflow/.local/lib/python3.7/site-packages/airflow/example_dags/example_short_circuit_operator.py
[2022-05-13 03:40:30,156] {processor.py:641} INFO - Processing file /home/airflow/.local/lib/python3.7/site-packages/airflow/example_dags/example_short_circuit_operator.py for tasks to queue
[2022-05-13 03:40:30,157] {logging_mixin.py:115} INFO - [2022-05-13 03:40:30,157] {dagbag.py:507} INFO - Filling up the DagBag from /home/airflow/.local/lib/python3.7/site-packages/airflow/example_dags/example_short_circuit_operator.py
[2022-05-13 03:40:30,163] {processor.py:651} INFO - DAG(s) dict_keys(['example_short_circuit_operator']) retrieved from /home/airflow/.local/lib/python3.7/site-packages/airflow/example_dags/example_short_circuit_operator.py
[2022-05-13 03:40:30,182] {logging_mixin.py:115} INFO - [2022-05-13 03:40:30,182] {dag.py:2371} INFO - Sync 1 DAGs
[2022-05-13 03:40:30,195] {logging_mixin.py:115} INFO - [2022-05-13 03:40:30,194] {dag.py:2919} INFO - Setting next_dagrun for example_short_circuit_operator to 2022-05-12T03:40:30.194758+00:00, run_after=2022-05-13T03:40:30.194758+00:00
[2022-05-13 03:40:30,203] {processor.py:161} INFO - Processing /home/airflow/.local/lib/python3.7/site-packages/airflow/example_dags/example_short_circuit_operator.py took 0.050 seconds
[2022-05-13 03:41:00,343] {processor.py:153} INFO - Started process (PID=1612) to work on /home/airflow/.local/lib/python3.7/site-packages/airflow/example_dags/example_short_circuit_operator.py
[2022-05-13 03:41:00,344] {processor.py:641} INFO - Processing file /home/airflow/.local/lib/python3.7/site-packages/airflow/example_dags/example_short_circuit_operator.py for tasks to queue
[2022-05-13 03:41:00,345] {logging_mixin.py:115} INFO - [2022-05-13 03:41:00,345] {dagbag.py:507} INFO - Filling up the DagBag from /home/airflow/.local/lib/python3.7/site-packages/airflow/example_dags/example_short_circuit_operator.py
[2022-05-13 03:41:00,352] {processor.py:651} INFO - DAG(s) dict_keys(['example_short_circuit_operator']) retrieved from /home/airflow/.local/lib/python3.7/site-packages/airflow/example_dags/example_short_circuit_operator.py
[2022-05-13 03:41:00,370] {logging_mixin.py:115} INFO - [2022-05-13 03:41:00,370] {dag.py:2371} INFO - Sync 1 DAGs
[2022-05-13 03:41:00,387] {logging_mixin.py:115} INFO - [2022-05-13 03:41:00,387] {dag.py:2919} INFO - Setting next_dagrun for example_short_circuit_operator to 2022-05-12T03:41:00.387102+00:00, run_after=2022-05-13T03:41:00.387102+00:00
[2022-05-13 03:41:00,399] {processor.py:161} INFO - Processing /home/airflow/.local/lib/python3.7/site-packages/airflow/example_dags/example_short_circuit_operator.py took 0.058 seconds
[2022-05-13 03:41:30,505] {processor.py:153} INFO - Started process (PID=1831) to work on /home/airflow/.local/lib/python3.7/site-packages/airflow/example_dags/example_short_circuit_operator.py
[2022-05-13 03:41:30,507] {processor.py:641} INFO - Processing file /home/airflow/.local/lib/python3.7/site-packages/airflow/example_dags/example_short_circuit_operator.py for tasks to queue
[2022-05-13 03:41:30,507] {logging_mixin.py:115} INFO - [2022-05-13 03:41:30,507] {dagbag.py:507} INFO - Filling up the DagBag from /home/airflow/.local/lib/python3.7/site-packages/airflow/example_dags/example_short_circuit_operator.py
[2022-05-13 03:41:30,513] {processor.py:651} INFO - DAG(s) dict_keys(['example_short_circuit_operator']) retrieved from /home/airflow/.local/lib/python3.7/site-packages/airflow/example_dags/example_short_circuit_operator.py
[2022-05-13 03:41:30,531] {logging_mixin.py:115} INFO - [2022-05-13 03:41:30,531] {dag.py:2371} INFO - Sync 1 DAGs
[2022-05-13 03:41:30,543] {logging_mixin.py:115} INFO - [2022-05-13 03:41:30,543] {dag.py:2919} INFO - Setting next_dagrun for example_short_circuit_operator to 2022-05-12T03:41:30.542976+00:00, run_after=2022-05-13T03:41:30.542976+00:00
[2022-05-13 03:41:30,549] {processor.py:161} INFO - Processing /home/airflow/.local/lib/python3.7/site-packages/airflow/example_dags/example_short_circuit_operator.py took 0.046 seconds
[2022-05-13 03:42:01,344] {processor.py:153} INFO - Started process (PID=2065) to work on /home/airflow/.local/lib/python3.7/site-packages/airflow/example_dags/example_short_circuit_operator.py
[2022-05-13 03:42:01,355] {processor.py:641} INFO - Processing file /home/airflow/.local/lib/python3.7/site-packages/airflow/example_dags/example_short_circuit_operator.py for tasks to queue
[2022-05-13 03:42:01,357] {logging_mixin.py:115} INFO - [2022-05-13 03:42:01,357] {dagbag.py:507} INFO - Filling up the DagBag from /home/airflow/.local/lib/python3.7/site-packages/airflow/example_dags/example_short_circuit_operator.py
[2022-05-13 03:42:01,364] {processor.py:651} INFO - DAG(s) dict_keys(['example_short_circuit_operator']) retrieved from /home/airflow/.local/lib/python3.7/site-packages/airflow/example_dags/example_short_circuit_operator.py
[2022-05-13 03:42:01,383] {logging_mixin.py:115} INFO - [2022-05-13 03:42:01,383] {dag.py:2371} INFO - Sync 1 DAGs
[2022-05-13 03:42:01,396] {logging_mixin.py:115} INFO - [2022-05-13 03:42:01,396] {dag.py:2919} INFO - Setting next_dagrun for example_short_circuit_operator to 2022-05-12T03:42:01.396041+00:00, run_after=2022-05-13T03:42:01.396041+00:00
[2022-05-13 03:42:01,419] {processor.py:161} INFO - Processing /home/airflow/.local/lib/python3.7/site-packages/airflow/example_dags/example_short_circuit_operator.py took 0.077 seconds
[2022-05-13 03:42:32,286] {processor.py:153} INFO - Started process (PID=2280) to work on /home/airflow/.local/lib/python3.7/site-packages/airflow/example_dags/example_short_circuit_operator.py
[2022-05-13 03:42:32,288] {processor.py:641} INFO - Processing file /home/airflow/.local/lib/python3.7/site-packages/airflow/example_dags/example_short_circuit_operator.py for tasks to queue
[2022-05-13 03:42:32,289] {logging_mixin.py:115} INFO - [2022-05-13 03:42:32,289] {dagbag.py:507} INFO - Filling up the DagBag from /home/airflow/.local/lib/python3.7/site-packages/airflow/example_dags/example_short_circuit_operator.py
[2022-05-13 03:42:32,295] {processor.py:651} INFO - DAG(s) dict_keys(['example_short_circuit_operator']) retrieved from /home/airflow/.local/lib/python3.7/site-packages/airflow/example_dags/example_short_circuit_operator.py
[2022-05-13 03:42:32,317] {logging_mixin.py:115} INFO - [2022-05-13 03:42:32,317] {dag.py:2371} INFO - Sync 1 DAGs
[2022-05-13 03:42:32,332] {logging_mixin.py:115} INFO - [2022-05-13 03:42:32,332] {dag.py:2919} INFO - Setting next_dagrun for example_short_circuit_operator to 2022-05-12T03:42:32.332581+00:00, run_after=2022-05-13T03:42:32.332581+00:00
[2022-05-13 03:42:32,342] {processor.py:161} INFO - Processing /home/airflow/.local/lib/python3.7/site-packages/airflow/example_dags/example_short_circuit_operator.py took 0.059 seconds
