[2022-05-13 03:38:58,938] {processor.py:153} INFO - Started process (PID=360) to work on /home/airflow/.local/lib/python3.7/site-packages/airflow/example_dags/example_latest_only.py
[2022-05-13 03:38:58,940] {processor.py:641} INFO - Processing file /home/airflow/.local/lib/python3.7/site-packages/airflow/example_dags/example_latest_only.py for tasks to queue
[2022-05-13 03:38:58,943] {logging_mixin.py:115} INFO - [2022-05-13 03:38:58,943] {dagbag.py:507} INFO - Filling up the DagBag from /home/airflow/.local/lib/python3.7/site-packages/airflow/example_dags/example_latest_only.py
[2022-05-13 03:38:58,948] {processor.py:651} INFO - DAG(s) dict_keys(['latest_only']) retrieved from /home/airflow/.local/lib/python3.7/site-packages/airflow/example_dags/example_latest_only.py
[2022-05-13 03:38:58,993] {logging_mixin.py:115} INFO - [2022-05-13 03:38:58,993] {dag.py:2371} INFO - Sync 1 DAGs
[2022-05-13 03:38:59,015] {logging_mixin.py:115} INFO - [2022-05-13 03:38:59,015] {dag.py:2919} INFO - Setting next_dagrun for latest_only to 2022-05-12T23:38:59.015546+00:00, run_after=2022-05-13T03:38:59.015546+00:00
[2022-05-13 03:38:59,029] {processor.py:161} INFO - Processing /home/airflow/.local/lib/python3.7/site-packages/airflow/example_dags/example_latest_only.py took 0.093 seconds
[2022-05-13 03:39:29,103] {processor.py:153} INFO - Started process (PID=591) to work on /home/airflow/.local/lib/python3.7/site-packages/airflow/example_dags/example_latest_only.py
[2022-05-13 03:39:29,119] {processor.py:641} INFO - Processing file /home/airflow/.local/lib/python3.7/site-packages/airflow/example_dags/example_latest_only.py for tasks to queue
[2022-05-13 03:39:29,121] {logging_mixin.py:115} INFO - [2022-05-13 03:39:29,121] {dagbag.py:507} INFO - Filling up the DagBag from /home/airflow/.local/lib/python3.7/site-packages/airflow/example_dags/example_latest_only.py
[2022-05-13 03:39:29,141] {processor.py:651} INFO - DAG(s) dict_keys(['latest_only']) retrieved from /home/airflow/.local/lib/python3.7/site-packages/airflow/example_dags/example_latest_only.py
[2022-05-13 03:39:29,157] {logging_mixin.py:115} INFO - [2022-05-13 03:39:29,157] {dag.py:2371} INFO - Sync 1 DAGs
[2022-05-13 03:39:29,174] {logging_mixin.py:115} INFO - [2022-05-13 03:39:29,174] {dag.py:2919} INFO - Setting next_dagrun for latest_only to 2022-05-12T23:39:29.174645+00:00, run_after=2022-05-13T03:39:29.174645+00:00
[2022-05-13 03:39:29,220] {processor.py:161} INFO - Processing /home/airflow/.local/lib/python3.7/site-packages/airflow/example_dags/example_latest_only.py took 0.119 seconds
[2022-05-13 03:39:59,959] {processor.py:153} INFO - Started process (PID=978) to work on /home/airflow/.local/lib/python3.7/site-packages/airflow/example_dags/example_latest_only.py
[2022-05-13 03:39:59,961] {processor.py:641} INFO - Processing file /home/airflow/.local/lib/python3.7/site-packages/airflow/example_dags/example_latest_only.py for tasks to queue
[2022-05-13 03:39:59,962] {logging_mixin.py:115} INFO - [2022-05-13 03:39:59,962] {dagbag.py:507} INFO - Filling up the DagBag from /home/airflow/.local/lib/python3.7/site-packages/airflow/example_dags/example_latest_only.py
[2022-05-13 03:39:59,966] {processor.py:651} INFO - DAG(s) dict_keys(['latest_only']) retrieved from /home/airflow/.local/lib/python3.7/site-packages/airflow/example_dags/example_latest_only.py
[2022-05-13 03:39:59,985] {logging_mixin.py:115} INFO - [2022-05-13 03:39:59,985] {dag.py:2371} INFO - Sync 1 DAGs
[2022-05-13 03:40:00,017] {logging_mixin.py:115} INFO - [2022-05-13 03:40:00,017] {dag.py:2919} INFO - Setting next_dagrun for latest_only to 2022-05-12T23:40:00.017341+00:00, run_after=2022-05-13T03:40:00.017341+00:00
[2022-05-13 03:40:00,024] {processor.py:161} INFO - Processing /home/airflow/.local/lib/python3.7/site-packages/airflow/example_dags/example_latest_only.py took 0.067 seconds
[2022-05-13 03:40:30,226] {processor.py:153} INFO - Started process (PID=1198) to work on /home/airflow/.local/lib/python3.7/site-packages/airflow/example_dags/example_latest_only.py
[2022-05-13 03:40:30,228] {processor.py:641} INFO - Processing file /home/airflow/.local/lib/python3.7/site-packages/airflow/example_dags/example_latest_only.py for tasks to queue
[2022-05-13 03:40:30,231] {logging_mixin.py:115} INFO - [2022-05-13 03:40:30,231] {dagbag.py:507} INFO - Filling up the DagBag from /home/airflow/.local/lib/python3.7/site-packages/airflow/example_dags/example_latest_only.py
[2022-05-13 03:40:30,235] {processor.py:651} INFO - DAG(s) dict_keys(['latest_only']) retrieved from /home/airflow/.local/lib/python3.7/site-packages/airflow/example_dags/example_latest_only.py
[2022-05-13 03:40:30,256] {logging_mixin.py:115} INFO - [2022-05-13 03:40:30,256] {dag.py:2371} INFO - Sync 1 DAGs
[2022-05-13 03:40:30,268] {logging_mixin.py:115} INFO - [2022-05-13 03:40:30,268] {dag.py:2919} INFO - Setting next_dagrun for latest_only to 2022-05-12T23:40:30.268708+00:00, run_after=2022-05-13T03:40:30.268708+00:00
[2022-05-13 03:40:30,276] {processor.py:161} INFO - Processing /home/airflow/.local/lib/python3.7/site-packages/airflow/example_dags/example_latest_only.py took 0.052 seconds
[2022-05-13 03:41:00,422] {processor.py:153} INFO - Started process (PID=1622) to work on /home/airflow/.local/lib/python3.7/site-packages/airflow/example_dags/example_latest_only.py
[2022-05-13 03:41:00,423] {processor.py:641} INFO - Processing file /home/airflow/.local/lib/python3.7/site-packages/airflow/example_dags/example_latest_only.py for tasks to queue
[2022-05-13 03:41:00,424] {logging_mixin.py:115} INFO - [2022-05-13 03:41:00,424] {dagbag.py:507} INFO - Filling up the DagBag from /home/airflow/.local/lib/python3.7/site-packages/airflow/example_dags/example_latest_only.py
[2022-05-13 03:41:00,429] {processor.py:651} INFO - DAG(s) dict_keys(['latest_only']) retrieved from /home/airflow/.local/lib/python3.7/site-packages/airflow/example_dags/example_latest_only.py
[2022-05-13 03:41:00,446] {logging_mixin.py:115} INFO - [2022-05-13 03:41:00,446] {dag.py:2371} INFO - Sync 1 DAGs
[2022-05-13 03:41:00,461] {logging_mixin.py:115} INFO - [2022-05-13 03:41:00,461] {dag.py:2919} INFO - Setting next_dagrun for latest_only to 2022-05-12T23:41:00.461026+00:00, run_after=2022-05-13T03:41:00.461026+00:00
[2022-05-13 03:41:00,468] {processor.py:161} INFO - Processing /home/airflow/.local/lib/python3.7/site-packages/airflow/example_dags/example_latest_only.py took 0.049 seconds
[2022-05-13 03:41:30,569] {processor.py:153} INFO - Started process (PID=1836) to work on /home/airflow/.local/lib/python3.7/site-packages/airflow/example_dags/example_latest_only.py
[2022-05-13 03:41:30,571] {processor.py:641} INFO - Processing file /home/airflow/.local/lib/python3.7/site-packages/airflow/example_dags/example_latest_only.py for tasks to queue
[2022-05-13 03:41:30,572] {logging_mixin.py:115} INFO - [2022-05-13 03:41:30,571] {dagbag.py:507} INFO - Filling up the DagBag from /home/airflow/.local/lib/python3.7/site-packages/airflow/example_dags/example_latest_only.py
[2022-05-13 03:41:30,575] {processor.py:651} INFO - DAG(s) dict_keys(['latest_only']) retrieved from /home/airflow/.local/lib/python3.7/site-packages/airflow/example_dags/example_latest_only.py
[2022-05-13 03:41:30,591] {logging_mixin.py:115} INFO - [2022-05-13 03:41:30,591] {dag.py:2371} INFO - Sync 1 DAGs
[2022-05-13 03:41:30,604] {logging_mixin.py:115} INFO - [2022-05-13 03:41:30,604] {dag.py:2919} INFO - Setting next_dagrun for latest_only to 2022-05-12T23:41:30.604129+00:00, run_after=2022-05-13T03:41:30.604129+00:00
[2022-05-13 03:41:30,613] {processor.py:161} INFO - Processing /home/airflow/.local/lib/python3.7/site-packages/airflow/example_dags/example_latest_only.py took 0.046 seconds
[2022-05-13 03:42:01,445] {processor.py:153} INFO - Started process (PID=2075) to work on /home/airflow/.local/lib/python3.7/site-packages/airflow/example_dags/example_latest_only.py
[2022-05-13 03:42:01,447] {processor.py:641} INFO - Processing file /home/airflow/.local/lib/python3.7/site-packages/airflow/example_dags/example_latest_only.py for tasks to queue
[2022-05-13 03:42:01,448] {logging_mixin.py:115} INFO - [2022-05-13 03:42:01,448] {dagbag.py:507} INFO - Filling up the DagBag from /home/airflow/.local/lib/python3.7/site-packages/airflow/example_dags/example_latest_only.py
[2022-05-13 03:42:01,456] {processor.py:651} INFO - DAG(s) dict_keys(['latest_only']) retrieved from /home/airflow/.local/lib/python3.7/site-packages/airflow/example_dags/example_latest_only.py
[2022-05-13 03:42:01,477] {logging_mixin.py:115} INFO - [2022-05-13 03:42:01,476] {dag.py:2371} INFO - Sync 1 DAGs
[2022-05-13 03:42:01,491] {logging_mixin.py:115} INFO - [2022-05-13 03:42:01,491] {dag.py:2919} INFO - Setting next_dagrun for latest_only to 2022-05-12T23:42:01.491721+00:00, run_after=2022-05-13T03:42:01.491721+00:00
[2022-05-13 03:42:01,500] {processor.py:161} INFO - Processing /home/airflow/.local/lib/python3.7/site-packages/airflow/example_dags/example_latest_only.py took 0.058 seconds
[2022-05-13 03:42:32,382] {processor.py:153} INFO - Started process (PID=2290) to work on /home/airflow/.local/lib/python3.7/site-packages/airflow/example_dags/example_latest_only.py
[2022-05-13 03:42:32,384] {processor.py:641} INFO - Processing file /home/airflow/.local/lib/python3.7/site-packages/airflow/example_dags/example_latest_only.py for tasks to queue
[2022-05-13 03:42:32,385] {logging_mixin.py:115} INFO - [2022-05-13 03:42:32,385] {dagbag.py:507} INFO - Filling up the DagBag from /home/airflow/.local/lib/python3.7/site-packages/airflow/example_dags/example_latest_only.py
[2022-05-13 03:42:32,389] {processor.py:651} INFO - DAG(s) dict_keys(['latest_only']) retrieved from /home/airflow/.local/lib/python3.7/site-packages/airflow/example_dags/example_latest_only.py
[2022-05-13 03:42:32,408] {logging_mixin.py:115} INFO - [2022-05-13 03:42:32,408] {dag.py:2371} INFO - Sync 1 DAGs
[2022-05-13 03:42:32,421] {logging_mixin.py:115} INFO - [2022-05-13 03:42:32,421] {dag.py:2919} INFO - Setting next_dagrun for latest_only to 2022-05-12T23:42:32.421332+00:00, run_after=2022-05-13T03:42:32.421332+00:00
[2022-05-13 03:42:32,429] {processor.py:161} INFO - Processing /home/airflow/.local/lib/python3.7/site-packages/airflow/example_dags/example_latest_only.py took 0.049 seconds
[2022-05-13 03:59:31,342] {processor.py:153} INFO - Started process (PID=305) to work on /home/airflow/.local/lib/python3.7/site-packages/airflow/example_dags/example_latest_only.py
[2022-05-13 03:59:31,343] {processor.py:641} INFO - Processing file /home/airflow/.local/lib/python3.7/site-packages/airflow/example_dags/example_latest_only.py for tasks to queue
[2022-05-13 03:59:31,345] {logging_mixin.py:115} INFO - [2022-05-13 03:59:31,344] {dagbag.py:507} INFO - Filling up the DagBag from /home/airflow/.local/lib/python3.7/site-packages/airflow/example_dags/example_latest_only.py
[2022-05-13 03:59:31,350] {processor.py:651} INFO - DAG(s) dict_keys(['latest_only']) retrieved from /home/airflow/.local/lib/python3.7/site-packages/airflow/example_dags/example_latest_only.py
[2022-05-13 03:59:31,367] {logging_mixin.py:115} INFO - [2022-05-13 03:59:31,367] {dag.py:2371} INFO - Sync 1 DAGs
[2022-05-13 03:59:31,386] {logging_mixin.py:115} INFO - [2022-05-13 03:59:31,386] {dag.py:2919} INFO - Setting next_dagrun for latest_only to 2022-05-12T23:59:31.386044+00:00, run_after=2022-05-13T03:59:31.386044+00:00
[2022-05-13 03:59:31,395] {processor.py:161} INFO - Processing /home/airflow/.local/lib/python3.7/site-packages/airflow/example_dags/example_latest_only.py took 0.055 seconds
[2022-05-13 04:00:02,251] {processor.py:153} INFO - Started process (PID=522) to work on /home/airflow/.local/lib/python3.7/site-packages/airflow/example_dags/example_latest_only.py
[2022-05-13 04:00:02,253] {processor.py:641} INFO - Processing file /home/airflow/.local/lib/python3.7/site-packages/airflow/example_dags/example_latest_only.py for tasks to queue
[2022-05-13 04:00:02,254] {logging_mixin.py:115} INFO - [2022-05-13 04:00:02,254] {dagbag.py:507} INFO - Filling up the DagBag from /home/airflow/.local/lib/python3.7/site-packages/airflow/example_dags/example_latest_only.py
[2022-05-13 04:00:02,258] {processor.py:651} INFO - DAG(s) dict_keys(['latest_only']) retrieved from /home/airflow/.local/lib/python3.7/site-packages/airflow/example_dags/example_latest_only.py
[2022-05-13 04:00:02,278] {logging_mixin.py:115} INFO - [2022-05-13 04:00:02,278] {dag.py:2371} INFO - Sync 1 DAGs
[2022-05-13 04:00:02,292] {logging_mixin.py:115} INFO - [2022-05-13 04:00:02,292] {dag.py:2919} INFO - Setting next_dagrun for latest_only to 2022-05-13T00:00:02.292709+00:00, run_after=2022-05-13T04:00:02.292709+00:00
[2022-05-13 04:00:02,301] {processor.py:161} INFO - Processing /home/airflow/.local/lib/python3.7/site-packages/airflow/example_dags/example_latest_only.py took 0.052 seconds
[2022-05-13 04:00:33,231] {processor.py:153} INFO - Started process (PID=812) to work on /home/airflow/.local/lib/python3.7/site-packages/airflow/example_dags/example_latest_only.py
[2022-05-13 04:00:33,232] {processor.py:641} INFO - Processing file /home/airflow/.local/lib/python3.7/site-packages/airflow/example_dags/example_latest_only.py for tasks to queue
[2022-05-13 04:00:33,232] {logging_mixin.py:115} INFO - [2022-05-13 04:00:33,232] {dagbag.py:507} INFO - Filling up the DagBag from /home/airflow/.local/lib/python3.7/site-packages/airflow/example_dags/example_latest_only.py
[2022-05-13 04:00:33,236] {processor.py:651} INFO - DAG(s) dict_keys(['latest_only']) retrieved from /home/airflow/.local/lib/python3.7/site-packages/airflow/example_dags/example_latest_only.py
[2022-05-13 04:00:33,253] {logging_mixin.py:115} INFO - [2022-05-13 04:00:33,253] {dag.py:2371} INFO - Sync 1 DAGs
[2022-05-13 04:00:33,265] {logging_mixin.py:115} INFO - [2022-05-13 04:00:33,265] {dag.py:2919} INFO - Setting next_dagrun for latest_only to 2022-05-13T00:00:33.265115+00:00, run_after=2022-05-13T04:00:33.265115+00:00
[2022-05-13 04:00:33,272] {processor.py:161} INFO - Processing /home/airflow/.local/lib/python3.7/site-packages/airflow/example_dags/example_latest_only.py took 0.045 seconds
[2022-05-13 04:01:04,061] {processor.py:153} INFO - Started process (PID=1094) to work on /home/airflow/.local/lib/python3.7/site-packages/airflow/example_dags/example_latest_only.py
[2022-05-13 04:01:04,062] {processor.py:641} INFO - Processing file /home/airflow/.local/lib/python3.7/site-packages/airflow/example_dags/example_latest_only.py for tasks to queue
[2022-05-13 04:01:04,063] {logging_mixin.py:115} INFO - [2022-05-13 04:01:04,063] {dagbag.py:507} INFO - Filling up the DagBag from /home/airflow/.local/lib/python3.7/site-packages/airflow/example_dags/example_latest_only.py
[2022-05-13 04:01:04,067] {processor.py:651} INFO - DAG(s) dict_keys(['latest_only']) retrieved from /home/airflow/.local/lib/python3.7/site-packages/airflow/example_dags/example_latest_only.py
[2022-05-13 04:01:04,086] {logging_mixin.py:115} INFO - [2022-05-13 04:01:04,086] {dag.py:2371} INFO - Sync 1 DAGs
[2022-05-13 04:01:04,102] {logging_mixin.py:115} INFO - [2022-05-13 04:01:04,102] {dag.py:2919} INFO - Setting next_dagrun for latest_only to 2022-05-13T00:01:04.101966+00:00, run_after=2022-05-13T04:01:04.101966+00:00
[2022-05-13 04:01:04,110] {processor.py:161} INFO - Processing /home/airflow/.local/lib/python3.7/site-packages/airflow/example_dags/example_latest_only.py took 0.051 seconds
[2022-05-13 04:01:35,607] {processor.py:153} INFO - Started process (PID=1757) to work on /home/airflow/.local/lib/python3.7/site-packages/airflow/example_dags/example_latest_only.py
[2022-05-13 04:01:35,609] {processor.py:641} INFO - Processing file /home/airflow/.local/lib/python3.7/site-packages/airflow/example_dags/example_latest_only.py for tasks to queue
[2022-05-13 04:01:35,610] {logging_mixin.py:115} INFO - [2022-05-13 04:01:35,610] {dagbag.py:507} INFO - Filling up the DagBag from /home/airflow/.local/lib/python3.7/site-packages/airflow/example_dags/example_latest_only.py
[2022-05-13 04:01:35,614] {processor.py:651} INFO - DAG(s) dict_keys(['latest_only']) retrieved from /home/airflow/.local/lib/python3.7/site-packages/airflow/example_dags/example_latest_only.py
[2022-05-13 04:01:35,632] {logging_mixin.py:115} INFO - [2022-05-13 04:01:35,632] {dag.py:2371} INFO - Sync 1 DAGs
[2022-05-13 04:01:35,646] {logging_mixin.py:115} INFO - [2022-05-13 04:01:35,646] {dag.py:2919} INFO - Setting next_dagrun for latest_only to 2022-05-13T00:01:35.645971+00:00, run_after=2022-05-13T04:01:35.645971+00:00
[2022-05-13 04:01:35,653] {processor.py:161} INFO - Processing /home/airflow/.local/lib/python3.7/site-packages/airflow/example_dags/example_latest_only.py took 0.048 seconds
[2022-05-13 04:02:06,558] {processor.py:153} INFO - Started process (PID=1983) to work on /home/airflow/.local/lib/python3.7/site-packages/airflow/example_dags/example_latest_only.py
[2022-05-13 04:02:06,559] {processor.py:641} INFO - Processing file /home/airflow/.local/lib/python3.7/site-packages/airflow/example_dags/example_latest_only.py for tasks to queue
[2022-05-13 04:02:06,560] {logging_mixin.py:115} INFO - [2022-05-13 04:02:06,560] {dagbag.py:507} INFO - Filling up the DagBag from /home/airflow/.local/lib/python3.7/site-packages/airflow/example_dags/example_latest_only.py
[2022-05-13 04:02:06,565] {processor.py:651} INFO - DAG(s) dict_keys(['latest_only']) retrieved from /home/airflow/.local/lib/python3.7/site-packages/airflow/example_dags/example_latest_only.py
[2022-05-13 04:02:06,590] {logging_mixin.py:115} INFO - [2022-05-13 04:02:06,589] {dag.py:2371} INFO - Sync 1 DAGs
[2022-05-13 04:02:06,610] {logging_mixin.py:115} INFO - [2022-05-13 04:02:06,610] {dag.py:2919} INFO - Setting next_dagrun for latest_only to 2022-05-13T00:02:06.609849+00:00, run_after=2022-05-13T04:02:06.609849+00:00
[2022-05-13 04:02:06,620] {processor.py:161} INFO - Processing /home/airflow/.local/lib/python3.7/site-packages/airflow/example_dags/example_latest_only.py took 0.064 seconds
[2022-05-13 04:02:37,137] {processor.py:153} INFO - Started process (PID=2251) to work on /home/airflow/.local/lib/python3.7/site-packages/airflow/example_dags/example_latest_only.py
[2022-05-13 04:02:37,138] {processor.py:641} INFO - Processing file /home/airflow/.local/lib/python3.7/site-packages/airflow/example_dags/example_latest_only.py for tasks to queue
[2022-05-13 04:02:37,139] {logging_mixin.py:115} INFO - [2022-05-13 04:02:37,139] {dagbag.py:507} INFO - Filling up the DagBag from /home/airflow/.local/lib/python3.7/site-packages/airflow/example_dags/example_latest_only.py
[2022-05-13 04:02:37,144] {processor.py:651} INFO - DAG(s) dict_keys(['latest_only']) retrieved from /home/airflow/.local/lib/python3.7/site-packages/airflow/example_dags/example_latest_only.py
[2022-05-13 04:02:37,173] {logging_mixin.py:115} INFO - [2022-05-13 04:02:37,172] {dag.py:2371} INFO - Sync 1 DAGs
[2022-05-13 04:02:37,188] {logging_mixin.py:115} INFO - [2022-05-13 04:02:37,188] {dag.py:2919} INFO - Setting next_dagrun for latest_only to 2022-05-13T00:02:37.188564+00:00, run_after=2022-05-13T04:02:37.188564+00:00
[2022-05-13 04:02:37,200] {processor.py:161} INFO - Processing /home/airflow/.local/lib/python3.7/site-packages/airflow/example_dags/example_latest_only.py took 0.065 seconds
[2022-05-13 04:03:07,307] {processor.py:153} INFO - Started process (PID=2640) to work on /home/airflow/.local/lib/python3.7/site-packages/airflow/example_dags/example_latest_only.py
[2022-05-13 04:03:07,308] {processor.py:641} INFO - Processing file /home/airflow/.local/lib/python3.7/site-packages/airflow/example_dags/example_latest_only.py for tasks to queue
[2022-05-13 04:03:07,310] {logging_mixin.py:115} INFO - [2022-05-13 04:03:07,309] {dagbag.py:507} INFO - Filling up the DagBag from /home/airflow/.local/lib/python3.7/site-packages/airflow/example_dags/example_latest_only.py
[2022-05-13 04:03:07,314] {processor.py:651} INFO - DAG(s) dict_keys(['latest_only']) retrieved from /home/airflow/.local/lib/python3.7/site-packages/airflow/example_dags/example_latest_only.py
[2022-05-13 04:03:07,334] {logging_mixin.py:115} INFO - [2022-05-13 04:03:07,334] {dag.py:2371} INFO - Sync 1 DAGs
[2022-05-13 04:03:07,348] {logging_mixin.py:115} INFO - [2022-05-13 04:03:07,348] {dag.py:2919} INFO - Setting next_dagrun for latest_only to 2022-05-13T00:03:07.348562+00:00, run_after=2022-05-13T04:03:07.348562+00:00
[2022-05-13 04:03:07,357] {processor.py:161} INFO - Processing /home/airflow/.local/lib/python3.7/site-packages/airflow/example_dags/example_latest_only.py took 0.052 seconds
[2022-05-13 04:03:38,273] {processor.py:153} INFO - Started process (PID=2878) to work on /home/airflow/.local/lib/python3.7/site-packages/airflow/example_dags/example_latest_only.py
[2022-05-13 04:03:38,274] {processor.py:641} INFO - Processing file /home/airflow/.local/lib/python3.7/site-packages/airflow/example_dags/example_latest_only.py for tasks to queue
[2022-05-13 04:03:38,275] {logging_mixin.py:115} INFO - [2022-05-13 04:03:38,275] {dagbag.py:507} INFO - Filling up the DagBag from /home/airflow/.local/lib/python3.7/site-packages/airflow/example_dags/example_latest_only.py
[2022-05-13 04:03:38,279] {processor.py:651} INFO - DAG(s) dict_keys(['latest_only']) retrieved from /home/airflow/.local/lib/python3.7/site-packages/airflow/example_dags/example_latest_only.py
[2022-05-13 04:03:38,296] {logging_mixin.py:115} INFO - [2022-05-13 04:03:38,296] {dag.py:2371} INFO - Sync 1 DAGs
[2022-05-13 04:03:38,309] {logging_mixin.py:115} INFO - [2022-05-13 04:03:38,309] {dag.py:2919} INFO - Setting next_dagrun for latest_only to 2022-05-13T00:03:38.309102+00:00, run_after=2022-05-13T04:03:38.309102+00:00
[2022-05-13 04:03:38,316] {processor.py:161} INFO - Processing /home/airflow/.local/lib/python3.7/site-packages/airflow/example_dags/example_latest_only.py took 0.046 seconds
[2022-05-13 06:14:13,230] {processor.py:153} INFO - Started process (PID=303) to work on /home/airflow/.local/lib/python3.7/site-packages/airflow/example_dags/example_latest_only.py
[2022-05-13 06:14:13,232] {processor.py:641} INFO - Processing file /home/airflow/.local/lib/python3.7/site-packages/airflow/example_dags/example_latest_only.py for tasks to queue
[2022-05-13 06:14:13,233] {logging_mixin.py:115} INFO - [2022-05-13 06:14:13,233] {dagbag.py:507} INFO - Filling up the DagBag from /home/airflow/.local/lib/python3.7/site-packages/airflow/example_dags/example_latest_only.py
[2022-05-13 06:14:13,238] {processor.py:651} INFO - DAG(s) dict_keys(['latest_only']) retrieved from /home/airflow/.local/lib/python3.7/site-packages/airflow/example_dags/example_latest_only.py
[2022-05-13 06:14:13,255] {logging_mixin.py:115} INFO - [2022-05-13 06:14:13,255] {dag.py:2371} INFO - Sync 1 DAGs
[2022-05-13 06:14:13,270] {logging_mixin.py:115} INFO - [2022-05-13 06:14:13,270] {dag.py:2919} INFO - Setting next_dagrun for latest_only to 2022-05-13T02:14:13.269924+00:00, run_after=2022-05-13T06:14:13.269924+00:00
[2022-05-13 06:14:13,278] {processor.py:161} INFO - Processing /home/airflow/.local/lib/python3.7/site-packages/airflow/example_dags/example_latest_only.py took 0.050 seconds
[2022-05-13 06:14:44,095] {processor.py:153} INFO - Started process (PID=585) to work on /home/airflow/.local/lib/python3.7/site-packages/airflow/example_dags/example_latest_only.py
[2022-05-13 06:14:44,096] {processor.py:641} INFO - Processing file /home/airflow/.local/lib/python3.7/site-packages/airflow/example_dags/example_latest_only.py for tasks to queue
[2022-05-13 06:14:44,097] {logging_mixin.py:115} INFO - [2022-05-13 06:14:44,097] {dagbag.py:507} INFO - Filling up the DagBag from /home/airflow/.local/lib/python3.7/site-packages/airflow/example_dags/example_latest_only.py
[2022-05-13 06:14:44,101] {processor.py:651} INFO - DAG(s) dict_keys(['latest_only']) retrieved from /home/airflow/.local/lib/python3.7/site-packages/airflow/example_dags/example_latest_only.py
[2022-05-13 06:14:44,121] {logging_mixin.py:115} INFO - [2022-05-13 06:14:44,121] {dag.py:2371} INFO - Sync 1 DAGs
[2022-05-13 06:14:44,137] {logging_mixin.py:115} INFO - [2022-05-13 06:14:44,137] {dag.py:2919} INFO - Setting next_dagrun for latest_only to 2022-05-13T02:14:44.137218+00:00, run_after=2022-05-13T06:14:44.137218+00:00
[2022-05-13 06:14:44,164] {processor.py:161} INFO - Processing /home/airflow/.local/lib/python3.7/site-packages/airflow/example_dags/example_latest_only.py took 0.071 seconds
[2022-05-13 06:15:15,156] {processor.py:153} INFO - Started process (PID=805) to work on /home/airflow/.local/lib/python3.7/site-packages/airflow/example_dags/example_latest_only.py
[2022-05-13 06:15:15,158] {processor.py:641} INFO - Processing file /home/airflow/.local/lib/python3.7/site-packages/airflow/example_dags/example_latest_only.py for tasks to queue
[2022-05-13 06:15:15,159] {logging_mixin.py:115} INFO - [2022-05-13 06:15:15,158] {dagbag.py:507} INFO - Filling up the DagBag from /home/airflow/.local/lib/python3.7/site-packages/airflow/example_dags/example_latest_only.py
[2022-05-13 06:15:15,162] {processor.py:651} INFO - DAG(s) dict_keys(['latest_only']) retrieved from /home/airflow/.local/lib/python3.7/site-packages/airflow/example_dags/example_latest_only.py
[2022-05-13 06:15:15,180] {logging_mixin.py:115} INFO - [2022-05-13 06:15:15,180] {dag.py:2371} INFO - Sync 1 DAGs
[2022-05-13 06:15:15,193] {logging_mixin.py:115} INFO - [2022-05-13 06:15:15,193] {dag.py:2919} INFO - Setting next_dagrun for latest_only to 2022-05-13T02:15:15.193041+00:00, run_after=2022-05-13T06:15:15.193041+00:00
[2022-05-13 06:15:15,200] {processor.py:161} INFO - Processing /home/airflow/.local/lib/python3.7/site-packages/airflow/example_dags/example_latest_only.py took 0.047 seconds
[2022-05-13 06:15:45,944] {processor.py:153} INFO - Started process (PID=1189) to work on /home/airflow/.local/lib/python3.7/site-packages/airflow/example_dags/example_latest_only.py
[2022-05-13 06:15:45,946] {processor.py:641} INFO - Processing file /home/airflow/.local/lib/python3.7/site-packages/airflow/example_dags/example_latest_only.py for tasks to queue
[2022-05-13 06:15:45,946] {logging_mixin.py:115} INFO - [2022-05-13 06:15:45,946] {dagbag.py:507} INFO - Filling up the DagBag from /home/airflow/.local/lib/python3.7/site-packages/airflow/example_dags/example_latest_only.py
[2022-05-13 06:15:45,950] {processor.py:651} INFO - DAG(s) dict_keys(['latest_only']) retrieved from /home/airflow/.local/lib/python3.7/site-packages/airflow/example_dags/example_latest_only.py
[2022-05-13 06:15:45,966] {logging_mixin.py:115} INFO - [2022-05-13 06:15:45,966] {dag.py:2371} INFO - Sync 1 DAGs
[2022-05-13 06:15:45,979] {logging_mixin.py:115} INFO - [2022-05-13 06:15:45,979] {dag.py:2919} INFO - Setting next_dagrun for latest_only to 2022-05-13T02:15:45.979484+00:00, run_after=2022-05-13T06:15:45.979484+00:00
[2022-05-13 06:15:45,987] {processor.py:161} INFO - Processing /home/airflow/.local/lib/python3.7/site-packages/airflow/example_dags/example_latest_only.py took 0.045 seconds
[2022-05-13 06:16:17,236] {processor.py:153} INFO - Started process (PID=1428) to work on /home/airflow/.local/lib/python3.7/site-packages/airflow/example_dags/example_latest_only.py
[2022-05-13 06:16:17,238] {processor.py:641} INFO - Processing file /home/airflow/.local/lib/python3.7/site-packages/airflow/example_dags/example_latest_only.py for tasks to queue
[2022-05-13 06:16:17,239] {logging_mixin.py:115} INFO - [2022-05-13 06:16:17,239] {dagbag.py:507} INFO - Filling up the DagBag from /home/airflow/.local/lib/python3.7/site-packages/airflow/example_dags/example_latest_only.py
[2022-05-13 06:16:17,244] {processor.py:651} INFO - DAG(s) dict_keys(['latest_only']) retrieved from /home/airflow/.local/lib/python3.7/site-packages/airflow/example_dags/example_latest_only.py
[2022-05-13 06:16:17,260] {logging_mixin.py:115} INFO - [2022-05-13 06:16:17,260] {dag.py:2371} INFO - Sync 1 DAGs
[2022-05-13 06:16:17,275] {logging_mixin.py:115} INFO - [2022-05-13 06:16:17,275] {dag.py:2919} INFO - Setting next_dagrun for latest_only to 2022-05-13T02:16:17.275553+00:00, run_after=2022-05-13T06:16:17.275553+00:00
[2022-05-13 06:16:17,284] {processor.py:161} INFO - Processing /home/airflow/.local/lib/python3.7/site-packages/airflow/example_dags/example_latest_only.py took 0.049 seconds
[2022-05-13 07:26:25,736] {processor.py:153} INFO - Started process (PID=304) to work on /home/airflow/.local/lib/python3.7/site-packages/airflow/example_dags/example_latest_only.py
[2022-05-13 07:26:25,737] {processor.py:641} INFO - Processing file /home/airflow/.local/lib/python3.7/site-packages/airflow/example_dags/example_latest_only.py for tasks to queue
[2022-05-13 07:26:25,739] {logging_mixin.py:115} INFO - [2022-05-13 07:26:25,739] {dagbag.py:507} INFO - Filling up the DagBag from /home/airflow/.local/lib/python3.7/site-packages/airflow/example_dags/example_latest_only.py
[2022-05-13 07:26:25,743] {processor.py:651} INFO - DAG(s) dict_keys(['latest_only']) retrieved from /home/airflow/.local/lib/python3.7/site-packages/airflow/example_dags/example_latest_only.py
[2022-05-13 07:26:25,759] {logging_mixin.py:115} INFO - [2022-05-13 07:26:25,759] {dag.py:2371} INFO - Sync 1 DAGs
[2022-05-13 07:26:25,777] {logging_mixin.py:115} INFO - [2022-05-13 07:26:25,777] {dag.py:2919} INFO - Setting next_dagrun for latest_only to 2022-05-13T03:26:25.776893+00:00, run_after=2022-05-13T07:26:25.776893+00:00
[2022-05-13 07:26:25,785] {processor.py:161} INFO - Processing /home/airflow/.local/lib/python3.7/site-packages/airflow/example_dags/example_latest_only.py took 0.051 seconds
[2022-05-13 07:26:56,475] {processor.py:153} INFO - Started process (PID=520) to work on /home/airflow/.local/lib/python3.7/site-packages/airflow/example_dags/example_latest_only.py
[2022-05-13 07:26:56,477] {processor.py:641} INFO - Processing file /home/airflow/.local/lib/python3.7/site-packages/airflow/example_dags/example_latest_only.py for tasks to queue
[2022-05-13 07:26:56,478] {logging_mixin.py:115} INFO - [2022-05-13 07:26:56,478] {dagbag.py:507} INFO - Filling up the DagBag from /home/airflow/.local/lib/python3.7/site-packages/airflow/example_dags/example_latest_only.py
[2022-05-13 07:26:56,482] {processor.py:651} INFO - DAG(s) dict_keys(['latest_only']) retrieved from /home/airflow/.local/lib/python3.7/site-packages/airflow/example_dags/example_latest_only.py
[2022-05-13 07:26:56,497] {logging_mixin.py:115} INFO - [2022-05-13 07:26:56,497] {dag.py:2371} INFO - Sync 1 DAGs
[2022-05-13 07:26:56,510] {logging_mixin.py:115} INFO - [2022-05-13 07:26:56,510] {dag.py:2919} INFO - Setting next_dagrun for latest_only to 2022-05-13T03:26:56.509956+00:00, run_after=2022-05-13T07:26:56.509956+00:00
[2022-05-13 07:26:56,517] {processor.py:161} INFO - Processing /home/airflow/.local/lib/python3.7/site-packages/airflow/example_dags/example_latest_only.py took 0.044 seconds
[2022-05-13 07:27:27,887] {processor.py:153} INFO - Started process (PID=789) to work on /home/airflow/.local/lib/python3.7/site-packages/airflow/example_dags/example_latest_only.py
[2022-05-13 07:27:27,889] {processor.py:641} INFO - Processing file /home/airflow/.local/lib/python3.7/site-packages/airflow/example_dags/example_latest_only.py for tasks to queue
[2022-05-13 07:27:27,892] {logging_mixin.py:115} INFO - [2022-05-13 07:27:27,892] {dagbag.py:507} INFO - Filling up the DagBag from /home/airflow/.local/lib/python3.7/site-packages/airflow/example_dags/example_latest_only.py
[2022-05-13 07:27:27,897] {processor.py:651} INFO - DAG(s) dict_keys(['latest_only']) retrieved from /home/airflow/.local/lib/python3.7/site-packages/airflow/example_dags/example_latest_only.py
[2022-05-13 07:27:27,918] {logging_mixin.py:115} INFO - [2022-05-13 07:27:27,918] {dag.py:2371} INFO - Sync 1 DAGs
[2022-05-13 07:27:27,941] {logging_mixin.py:115} INFO - [2022-05-13 07:27:27,941] {dag.py:2919} INFO - Setting next_dagrun for latest_only to 2022-05-13T03:27:27.941454+00:00, run_after=2022-05-13T07:27:27.941454+00:00
[2022-05-13 07:27:27,960] {processor.py:161} INFO - Processing /home/airflow/.local/lib/python3.7/site-packages/airflow/example_dags/example_latest_only.py took 0.075 seconds
[2022-05-13 07:27:58,861] {processor.py:153} INFO - Started process (PID=1024) to work on /home/airflow/.local/lib/python3.7/site-packages/airflow/example_dags/example_latest_only.py
[2022-05-13 07:27:58,862] {processor.py:641} INFO - Processing file /home/airflow/.local/lib/python3.7/site-packages/airflow/example_dags/example_latest_only.py for tasks to queue
[2022-05-13 07:27:58,864] {logging_mixin.py:115} INFO - [2022-05-13 07:27:58,864] {dagbag.py:507} INFO - Filling up the DagBag from /home/airflow/.local/lib/python3.7/site-packages/airflow/example_dags/example_latest_only.py
[2022-05-13 07:27:58,870] {processor.py:651} INFO - DAG(s) dict_keys(['latest_only']) retrieved from /home/airflow/.local/lib/python3.7/site-packages/airflow/example_dags/example_latest_only.py
[2022-05-13 07:27:58,888] {logging_mixin.py:115} INFO - [2022-05-13 07:27:58,888] {dag.py:2371} INFO - Sync 1 DAGs
[2022-05-13 07:27:58,904] {logging_mixin.py:115} INFO - [2022-05-13 07:27:58,904] {dag.py:2919} INFO - Setting next_dagrun for latest_only to 2022-05-13T03:27:58.904571+00:00, run_after=2022-05-13T07:27:58.904571+00:00
[2022-05-13 07:27:58,913] {processor.py:161} INFO - Processing /home/airflow/.local/lib/python3.7/site-packages/airflow/example_dags/example_latest_only.py took 0.054 seconds
[2022-05-13 07:28:29,798] {processor.py:153} INFO - Started process (PID=1413) to work on /home/airflow/.local/lib/python3.7/site-packages/airflow/example_dags/example_latest_only.py
[2022-05-13 07:28:29,800] {processor.py:641} INFO - Processing file /home/airflow/.local/lib/python3.7/site-packages/airflow/example_dags/example_latest_only.py for tasks to queue
[2022-05-13 07:28:29,801] {logging_mixin.py:115} INFO - [2022-05-13 07:28:29,801] {dagbag.py:507} INFO - Filling up the DagBag from /home/airflow/.local/lib/python3.7/site-packages/airflow/example_dags/example_latest_only.py
[2022-05-13 07:28:29,806] {processor.py:651} INFO - DAG(s) dict_keys(['latest_only']) retrieved from /home/airflow/.local/lib/python3.7/site-packages/airflow/example_dags/example_latest_only.py
[2022-05-13 07:28:29,826] {logging_mixin.py:115} INFO - [2022-05-13 07:28:29,826] {dag.py:2371} INFO - Sync 1 DAGs
[2022-05-13 07:28:29,843] {logging_mixin.py:115} INFO - [2022-05-13 07:28:29,843] {dag.py:2919} INFO - Setting next_dagrun for latest_only to 2022-05-13T03:28:29.843594+00:00, run_after=2022-05-13T07:28:29.843594+00:00
[2022-05-13 07:28:29,853] {processor.py:161} INFO - Processing /home/airflow/.local/lib/python3.7/site-packages/airflow/example_dags/example_latest_only.py took 0.057 seconds
[2022-05-13 07:29:00,718] {processor.py:153} INFO - Started process (PID=1867) to work on /home/airflow/.local/lib/python3.7/site-packages/airflow/example_dags/example_latest_only.py
[2022-05-13 07:29:00,719] {processor.py:641} INFO - Processing file /home/airflow/.local/lib/python3.7/site-packages/airflow/example_dags/example_latest_only.py for tasks to queue
[2022-05-13 07:29:00,720] {logging_mixin.py:115} INFO - [2022-05-13 07:29:00,720] {dagbag.py:507} INFO - Filling up the DagBag from /home/airflow/.local/lib/python3.7/site-packages/airflow/example_dags/example_latest_only.py
[2022-05-13 07:29:00,725] {processor.py:651} INFO - DAG(s) dict_keys(['latest_only']) retrieved from /home/airflow/.local/lib/python3.7/site-packages/airflow/example_dags/example_latest_only.py
[2022-05-13 07:29:00,743] {logging_mixin.py:115} INFO - [2022-05-13 07:29:00,743] {dag.py:2371} INFO - Sync 1 DAGs
[2022-05-13 07:29:00,759] {logging_mixin.py:115} INFO - [2022-05-13 07:29:00,759] {dag.py:2919} INFO - Setting next_dagrun for latest_only to 2022-05-13T03:29:00.759585+00:00, run_after=2022-05-13T07:29:00.759585+00:00
[2022-05-13 07:29:00,768] {processor.py:161} INFO - Processing /home/airflow/.local/lib/python3.7/site-packages/airflow/example_dags/example_latest_only.py took 0.052 seconds
[2022-05-13 07:29:31,373] {processor.py:153} INFO - Started process (PID=2087) to work on /home/airflow/.local/lib/python3.7/site-packages/airflow/example_dags/example_latest_only.py
[2022-05-13 07:29:31,374] {processor.py:641} INFO - Processing file /home/airflow/.local/lib/python3.7/site-packages/airflow/example_dags/example_latest_only.py for tasks to queue
[2022-05-13 07:29:31,375] {logging_mixin.py:115} INFO - [2022-05-13 07:29:31,375] {dagbag.py:507} INFO - Filling up the DagBag from /home/airflow/.local/lib/python3.7/site-packages/airflow/example_dags/example_latest_only.py
[2022-05-13 07:29:31,379] {processor.py:651} INFO - DAG(s) dict_keys(['latest_only']) retrieved from /home/airflow/.local/lib/python3.7/site-packages/airflow/example_dags/example_latest_only.py
[2022-05-13 07:29:31,396] {logging_mixin.py:115} INFO - [2022-05-13 07:29:31,396] {dag.py:2371} INFO - Sync 1 DAGs
[2022-05-13 07:29:31,409] {logging_mixin.py:115} INFO - [2022-05-13 07:29:31,409] {dag.py:2919} INFO - Setting next_dagrun for latest_only to 2022-05-13T03:29:31.409125+00:00, run_after=2022-05-13T07:29:31.409125+00:00
[2022-05-13 07:29:31,416] {processor.py:161} INFO - Processing /home/airflow/.local/lib/python3.7/site-packages/airflow/example_dags/example_latest_only.py took 0.046 seconds
[2022-05-13 07:30:02,197] {processor.py:153} INFO - Started process (PID=2300) to work on /home/airflow/.local/lib/python3.7/site-packages/airflow/example_dags/example_latest_only.py
[2022-05-13 07:30:02,199] {processor.py:641} INFO - Processing file /home/airflow/.local/lib/python3.7/site-packages/airflow/example_dags/example_latest_only.py for tasks to queue
[2022-05-13 07:30:02,200] {logging_mixin.py:115} INFO - [2022-05-13 07:30:02,200] {dagbag.py:507} INFO - Filling up the DagBag from /home/airflow/.local/lib/python3.7/site-packages/airflow/example_dags/example_latest_only.py
[2022-05-13 07:30:02,204] {processor.py:651} INFO - DAG(s) dict_keys(['latest_only']) retrieved from /home/airflow/.local/lib/python3.7/site-packages/airflow/example_dags/example_latest_only.py
[2022-05-13 07:30:02,224] {logging_mixin.py:115} INFO - [2022-05-13 07:30:02,224] {dag.py:2371} INFO - Sync 1 DAGs
[2022-05-13 07:30:02,238] {logging_mixin.py:115} INFO - [2022-05-13 07:30:02,238] {dag.py:2919} INFO - Setting next_dagrun for latest_only to 2022-05-13T03:30:02.238252+00:00, run_after=2022-05-13T07:30:02.238252+00:00
[2022-05-13 07:30:02,247] {processor.py:161} INFO - Processing /home/airflow/.local/lib/python3.7/site-packages/airflow/example_dags/example_latest_only.py took 0.051 seconds
[2022-05-13 07:30:32,982] {processor.py:153} INFO - Started process (PID=2536) to work on /home/airflow/.local/lib/python3.7/site-packages/airflow/example_dags/example_latest_only.py
[2022-05-13 07:30:32,983] {processor.py:641} INFO - Processing file /home/airflow/.local/lib/python3.7/site-packages/airflow/example_dags/example_latest_only.py for tasks to queue
[2022-05-13 07:30:32,984] {logging_mixin.py:115} INFO - [2022-05-13 07:30:32,984] {dagbag.py:507} INFO - Filling up the DagBag from /home/airflow/.local/lib/python3.7/site-packages/airflow/example_dags/example_latest_only.py
[2022-05-13 07:30:32,988] {processor.py:651} INFO - DAG(s) dict_keys(['latest_only']) retrieved from /home/airflow/.local/lib/python3.7/site-packages/airflow/example_dags/example_latest_only.py
[2022-05-13 07:30:33,006] {logging_mixin.py:115} INFO - [2022-05-13 07:30:33,006] {dag.py:2371} INFO - Sync 1 DAGs
[2022-05-13 07:30:33,021] {logging_mixin.py:115} INFO - [2022-05-13 07:30:33,021] {dag.py:2919} INFO - Setting next_dagrun for latest_only to 2022-05-13T03:30:33.021255+00:00, run_after=2022-05-13T07:30:33.021255+00:00
[2022-05-13 07:30:33,032] {processor.py:161} INFO - Processing /home/airflow/.local/lib/python3.7/site-packages/airflow/example_dags/example_latest_only.py took 0.052 seconds
[2022-05-13 07:31:03,724] {processor.py:153} INFO - Started process (PID=2753) to work on /home/airflow/.local/lib/python3.7/site-packages/airflow/example_dags/example_latest_only.py
[2022-05-13 07:31:03,725] {processor.py:641} INFO - Processing file /home/airflow/.local/lib/python3.7/site-packages/airflow/example_dags/example_latest_only.py for tasks to queue
[2022-05-13 07:31:03,726] {logging_mixin.py:115} INFO - [2022-05-13 07:31:03,726] {dagbag.py:507} INFO - Filling up the DagBag from /home/airflow/.local/lib/python3.7/site-packages/airflow/example_dags/example_latest_only.py
[2022-05-13 07:31:03,732] {processor.py:651} INFO - DAG(s) dict_keys(['latest_only']) retrieved from /home/airflow/.local/lib/python3.7/site-packages/airflow/example_dags/example_latest_only.py
[2022-05-13 07:31:03,749] {logging_mixin.py:115} INFO - [2022-05-13 07:31:03,749] {dag.py:2371} INFO - Sync 1 DAGs
[2022-05-13 07:31:03,762] {logging_mixin.py:115} INFO - [2022-05-13 07:31:03,761] {dag.py:2919} INFO - Setting next_dagrun for latest_only to 2022-05-13T03:31:03.761769+00:00, run_after=2022-05-13T07:31:03.761769+00:00
[2022-05-13 07:31:03,769] {processor.py:161} INFO - Processing /home/airflow/.local/lib/python3.7/site-packages/airflow/example_dags/example_latest_only.py took 0.049 seconds
[2022-05-13 07:31:34,425] {processor.py:153} INFO - Started process (PID=2968) to work on /home/airflow/.local/lib/python3.7/site-packages/airflow/example_dags/example_latest_only.py
[2022-05-13 07:31:34,426] {processor.py:641} INFO - Processing file /home/airflow/.local/lib/python3.7/site-packages/airflow/example_dags/example_latest_only.py for tasks to queue
[2022-05-13 07:31:34,427] {logging_mixin.py:115} INFO - [2022-05-13 07:31:34,427] {dagbag.py:507} INFO - Filling up the DagBag from /home/airflow/.local/lib/python3.7/site-packages/airflow/example_dags/example_latest_only.py
[2022-05-13 07:31:34,432] {processor.py:651} INFO - DAG(s) dict_keys(['latest_only']) retrieved from /home/airflow/.local/lib/python3.7/site-packages/airflow/example_dags/example_latest_only.py
[2022-05-13 07:31:34,449] {logging_mixin.py:115} INFO - [2022-05-13 07:31:34,449] {dag.py:2371} INFO - Sync 1 DAGs
[2022-05-13 07:31:34,462] {logging_mixin.py:115} INFO - [2022-05-13 07:31:34,462] {dag.py:2919} INFO - Setting next_dagrun for latest_only to 2022-05-13T03:31:34.461915+00:00, run_after=2022-05-13T07:31:34.461915+00:00
[2022-05-13 07:31:34,469] {processor.py:161} INFO - Processing /home/airflow/.local/lib/python3.7/site-packages/airflow/example_dags/example_latest_only.py took 0.046 seconds
[2022-05-13 07:32:05,174] {processor.py:153} INFO - Started process (PID=3183) to work on /home/airflow/.local/lib/python3.7/site-packages/airflow/example_dags/example_latest_only.py
[2022-05-13 07:32:05,176] {processor.py:641} INFO - Processing file /home/airflow/.local/lib/python3.7/site-packages/airflow/example_dags/example_latest_only.py for tasks to queue
[2022-05-13 07:32:05,177] {logging_mixin.py:115} INFO - [2022-05-13 07:32:05,177] {dagbag.py:507} INFO - Filling up the DagBag from /home/airflow/.local/lib/python3.7/site-packages/airflow/example_dags/example_latest_only.py
[2022-05-13 07:32:05,181] {processor.py:651} INFO - DAG(s) dict_keys(['latest_only']) retrieved from /home/airflow/.local/lib/python3.7/site-packages/airflow/example_dags/example_latest_only.py
[2022-05-13 07:32:05,197] {logging_mixin.py:115} INFO - [2022-05-13 07:32:05,197] {dag.py:2371} INFO - Sync 1 DAGs
[2022-05-13 07:32:05,210] {logging_mixin.py:115} INFO - [2022-05-13 07:32:05,210] {dag.py:2919} INFO - Setting next_dagrun for latest_only to 2022-05-13T03:32:05.210353+00:00, run_after=2022-05-13T07:32:05.210353+00:00
[2022-05-13 07:32:05,218] {processor.py:161} INFO - Processing /home/airflow/.local/lib/python3.7/site-packages/airflow/example_dags/example_latest_only.py took 0.046 seconds
[2022-05-13 07:32:35,863] {processor.py:153} INFO - Started process (PID=3386) to work on /home/airflow/.local/lib/python3.7/site-packages/airflow/example_dags/example_latest_only.py
[2022-05-13 07:32:35,864] {processor.py:641} INFO - Processing file /home/airflow/.local/lib/python3.7/site-packages/airflow/example_dags/example_latest_only.py for tasks to queue
[2022-05-13 07:32:35,865] {logging_mixin.py:115} INFO - [2022-05-13 07:32:35,865] {dagbag.py:507} INFO - Filling up the DagBag from /home/airflow/.local/lib/python3.7/site-packages/airflow/example_dags/example_latest_only.py
[2022-05-13 07:32:35,869] {processor.py:651} INFO - DAG(s) dict_keys(['latest_only']) retrieved from /home/airflow/.local/lib/python3.7/site-packages/airflow/example_dags/example_latest_only.py
[2022-05-13 07:32:35,888] {logging_mixin.py:115} INFO - [2022-05-13 07:32:35,888] {dag.py:2371} INFO - Sync 1 DAGs
[2022-05-13 07:32:35,903] {logging_mixin.py:115} INFO - [2022-05-13 07:32:35,903] {dag.py:2919} INFO - Setting next_dagrun for latest_only to 2022-05-13T03:32:35.903742+00:00, run_after=2022-05-13T07:32:35.903742+00:00
[2022-05-13 07:32:35,916] {processor.py:161} INFO - Processing /home/airflow/.local/lib/python3.7/site-packages/airflow/example_dags/example_latest_only.py took 0.055 seconds
[2022-05-13 07:33:06,589] {processor.py:153} INFO - Started process (PID=3602) to work on /home/airflow/.local/lib/python3.7/site-packages/airflow/example_dags/example_latest_only.py
[2022-05-13 07:33:06,590] {processor.py:641} INFO - Processing file /home/airflow/.local/lib/python3.7/site-packages/airflow/example_dags/example_latest_only.py for tasks to queue
[2022-05-13 07:33:06,591] {logging_mixin.py:115} INFO - [2022-05-13 07:33:06,591] {dagbag.py:507} INFO - Filling up the DagBag from /home/airflow/.local/lib/python3.7/site-packages/airflow/example_dags/example_latest_only.py
[2022-05-13 07:33:06,595] {processor.py:651} INFO - DAG(s) dict_keys(['latest_only']) retrieved from /home/airflow/.local/lib/python3.7/site-packages/airflow/example_dags/example_latest_only.py
[2022-05-13 07:33:06,612] {logging_mixin.py:115} INFO - [2022-05-13 07:33:06,612] {dag.py:2371} INFO - Sync 1 DAGs
[2022-05-13 07:33:06,625] {logging_mixin.py:115} INFO - [2022-05-13 07:33:06,625] {dag.py:2919} INFO - Setting next_dagrun for latest_only to 2022-05-13T03:33:06.625334+00:00, run_after=2022-05-13T07:33:06.625334+00:00
[2022-05-13 07:33:06,632] {processor.py:161} INFO - Processing /home/airflow/.local/lib/python3.7/site-packages/airflow/example_dags/example_latest_only.py took 0.045 seconds
[2022-05-13 07:33:37,253] {processor.py:153} INFO - Started process (PID=3819) to work on /home/airflow/.local/lib/python3.7/site-packages/airflow/example_dags/example_latest_only.py
[2022-05-13 07:33:37,254] {processor.py:641} INFO - Processing file /home/airflow/.local/lib/python3.7/site-packages/airflow/example_dags/example_latest_only.py for tasks to queue
[2022-05-13 07:33:37,255] {logging_mixin.py:115} INFO - [2022-05-13 07:33:37,255] {dagbag.py:507} INFO - Filling up the DagBag from /home/airflow/.local/lib/python3.7/site-packages/airflow/example_dags/example_latest_only.py
[2022-05-13 07:33:37,259] {processor.py:651} INFO - DAG(s) dict_keys(['latest_only']) retrieved from /home/airflow/.local/lib/python3.7/site-packages/airflow/example_dags/example_latest_only.py
[2022-05-13 07:33:37,273] {logging_mixin.py:115} INFO - [2022-05-13 07:33:37,273] {dag.py:2371} INFO - Sync 1 DAGs
[2022-05-13 07:33:37,286] {logging_mixin.py:115} INFO - [2022-05-13 07:33:37,286] {dag.py:2919} INFO - Setting next_dagrun for latest_only to 2022-05-13T03:33:37.286126+00:00, run_after=2022-05-13T07:33:37.286126+00:00
[2022-05-13 07:33:37,293] {processor.py:161} INFO - Processing /home/airflow/.local/lib/python3.7/site-packages/airflow/example_dags/example_latest_only.py took 0.042 seconds
[2022-05-13 07:34:07,486] {processor.py:153} INFO - Started process (PID=4036) to work on /home/airflow/.local/lib/python3.7/site-packages/airflow/example_dags/example_latest_only.py
[2022-05-13 07:34:07,487] {processor.py:641} INFO - Processing file /home/airflow/.local/lib/python3.7/site-packages/airflow/example_dags/example_latest_only.py for tasks to queue
[2022-05-13 07:34:07,489] {logging_mixin.py:115} INFO - [2022-05-13 07:34:07,489] {dagbag.py:507} INFO - Filling up the DagBag from /home/airflow/.local/lib/python3.7/site-packages/airflow/example_dags/example_latest_only.py
[2022-05-13 07:34:07,493] {processor.py:651} INFO - DAG(s) dict_keys(['latest_only']) retrieved from /home/airflow/.local/lib/python3.7/site-packages/airflow/example_dags/example_latest_only.py
[2022-05-13 07:34:07,511] {logging_mixin.py:115} INFO - [2022-05-13 07:34:07,511] {dag.py:2371} INFO - Sync 1 DAGs
[2022-05-13 07:34:07,526] {logging_mixin.py:115} INFO - [2022-05-13 07:34:07,526] {dag.py:2919} INFO - Setting next_dagrun for latest_only to 2022-05-13T03:34:07.525694+00:00, run_after=2022-05-13T07:34:07.525694+00:00
[2022-05-13 07:34:07,535] {processor.py:161} INFO - Processing /home/airflow/.local/lib/python3.7/site-packages/airflow/example_dags/example_latest_only.py took 0.051 seconds
[2022-05-13 07:34:38,226] {processor.py:153} INFO - Started process (PID=4251) to work on /home/airflow/.local/lib/python3.7/site-packages/airflow/example_dags/example_latest_only.py
[2022-05-13 07:34:38,227] {processor.py:641} INFO - Processing file /home/airflow/.local/lib/python3.7/site-packages/airflow/example_dags/example_latest_only.py for tasks to queue
[2022-05-13 07:34:38,228] {logging_mixin.py:115} INFO - [2022-05-13 07:34:38,228] {dagbag.py:507} INFO - Filling up the DagBag from /home/airflow/.local/lib/python3.7/site-packages/airflow/example_dags/example_latest_only.py
[2022-05-13 07:34:38,232] {processor.py:651} INFO - DAG(s) dict_keys(['latest_only']) retrieved from /home/airflow/.local/lib/python3.7/site-packages/airflow/example_dags/example_latest_only.py
[2022-05-13 07:34:38,249] {logging_mixin.py:115} INFO - [2022-05-13 07:34:38,249] {dag.py:2371} INFO - Sync 1 DAGs
[2022-05-13 07:34:38,262] {logging_mixin.py:115} INFO - [2022-05-13 07:34:38,261] {dag.py:2919} INFO - Setting next_dagrun for latest_only to 2022-05-13T03:34:38.261793+00:00, run_after=2022-05-13T07:34:38.261793+00:00
[2022-05-13 07:34:38,269] {processor.py:161} INFO - Processing /home/airflow/.local/lib/python3.7/site-packages/airflow/example_dags/example_latest_only.py took 0.046 seconds
[2022-05-13 07:35:08,970] {processor.py:153} INFO - Started process (PID=4467) to work on /home/airflow/.local/lib/python3.7/site-packages/airflow/example_dags/example_latest_only.py
[2022-05-13 07:35:08,972] {processor.py:641} INFO - Processing file /home/airflow/.local/lib/python3.7/site-packages/airflow/example_dags/example_latest_only.py for tasks to queue
[2022-05-13 07:35:08,973] {logging_mixin.py:115} INFO - [2022-05-13 07:35:08,973] {dagbag.py:507} INFO - Filling up the DagBag from /home/airflow/.local/lib/python3.7/site-packages/airflow/example_dags/example_latest_only.py
[2022-05-13 07:35:08,977] {processor.py:651} INFO - DAG(s) dict_keys(['latest_only']) retrieved from /home/airflow/.local/lib/python3.7/site-packages/airflow/example_dags/example_latest_only.py
[2022-05-13 07:35:08,993] {logging_mixin.py:115} INFO - [2022-05-13 07:35:08,993] {dag.py:2371} INFO - Sync 1 DAGs
[2022-05-13 07:35:09,006] {logging_mixin.py:115} INFO - [2022-05-13 07:35:09,006] {dag.py:2919} INFO - Setting next_dagrun for latest_only to 2022-05-13T03:35:09.006225+00:00, run_after=2022-05-13T07:35:09.006225+00:00
[2022-05-13 07:35:09,014] {processor.py:161} INFO - Processing /home/airflow/.local/lib/python3.7/site-packages/airflow/example_dags/example_latest_only.py took 0.046 seconds
[2022-05-13 07:35:39,745] {processor.py:153} INFO - Started process (PID=4683) to work on /home/airflow/.local/lib/python3.7/site-packages/airflow/example_dags/example_latest_only.py
[2022-05-13 07:35:39,747] {processor.py:641} INFO - Processing file /home/airflow/.local/lib/python3.7/site-packages/airflow/example_dags/example_latest_only.py for tasks to queue
[2022-05-13 07:35:39,747] {logging_mixin.py:115} INFO - [2022-05-13 07:35:39,747] {dagbag.py:507} INFO - Filling up the DagBag from /home/airflow/.local/lib/python3.7/site-packages/airflow/example_dags/example_latest_only.py
[2022-05-13 07:35:39,751] {processor.py:651} INFO - DAG(s) dict_keys(['latest_only']) retrieved from /home/airflow/.local/lib/python3.7/site-packages/airflow/example_dags/example_latest_only.py
[2022-05-13 07:35:39,767] {logging_mixin.py:115} INFO - [2022-05-13 07:35:39,767] {dag.py:2371} INFO - Sync 1 DAGs
[2022-05-13 07:35:39,780] {logging_mixin.py:115} INFO - [2022-05-13 07:35:39,780] {dag.py:2919} INFO - Setting next_dagrun for latest_only to 2022-05-13T03:35:39.779951+00:00, run_after=2022-05-13T07:35:39.779951+00:00
[2022-05-13 07:35:39,788] {processor.py:161} INFO - Processing /home/airflow/.local/lib/python3.7/site-packages/airflow/example_dags/example_latest_only.py took 0.044 seconds
[2022-05-13 07:36:10,492] {processor.py:153} INFO - Started process (PID=4897) to work on /home/airflow/.local/lib/python3.7/site-packages/airflow/example_dags/example_latest_only.py
[2022-05-13 07:36:10,493] {processor.py:641} INFO - Processing file /home/airflow/.local/lib/python3.7/site-packages/airflow/example_dags/example_latest_only.py for tasks to queue
[2022-05-13 07:36:10,495] {logging_mixin.py:115} INFO - [2022-05-13 07:36:10,495] {dagbag.py:507} INFO - Filling up the DagBag from /home/airflow/.local/lib/python3.7/site-packages/airflow/example_dags/example_latest_only.py
[2022-05-13 07:36:10,499] {processor.py:651} INFO - DAG(s) dict_keys(['latest_only']) retrieved from /home/airflow/.local/lib/python3.7/site-packages/airflow/example_dags/example_latest_only.py
[2022-05-13 07:36:10,516] {logging_mixin.py:115} INFO - [2022-05-13 07:36:10,516] {dag.py:2371} INFO - Sync 1 DAGs
[2022-05-13 07:36:10,531] {logging_mixin.py:115} INFO - [2022-05-13 07:36:10,531] {dag.py:2919} INFO - Setting next_dagrun for latest_only to 2022-05-13T03:36:10.531128+00:00, run_after=2022-05-13T07:36:10.531128+00:00
[2022-05-13 07:36:10,539] {processor.py:161} INFO - Processing /home/airflow/.local/lib/python3.7/site-packages/airflow/example_dags/example_latest_only.py took 0.049 seconds
[2022-05-13 07:36:41,328] {processor.py:153} INFO - Started process (PID=5105) to work on /home/airflow/.local/lib/python3.7/site-packages/airflow/example_dags/example_latest_only.py
[2022-05-13 07:36:41,330] {processor.py:641} INFO - Processing file /home/airflow/.local/lib/python3.7/site-packages/airflow/example_dags/example_latest_only.py for tasks to queue
[2022-05-13 07:36:41,330] {logging_mixin.py:115} INFO - [2022-05-13 07:36:41,330] {dagbag.py:507} INFO - Filling up the DagBag from /home/airflow/.local/lib/python3.7/site-packages/airflow/example_dags/example_latest_only.py
[2022-05-13 07:36:41,334] {processor.py:651} INFO - DAG(s) dict_keys(['latest_only']) retrieved from /home/airflow/.local/lib/python3.7/site-packages/airflow/example_dags/example_latest_only.py
[2022-05-13 07:36:41,350] {logging_mixin.py:115} INFO - [2022-05-13 07:36:41,350] {dag.py:2371} INFO - Sync 1 DAGs
[2022-05-13 07:36:41,364] {logging_mixin.py:115} INFO - [2022-05-13 07:36:41,364] {dag.py:2919} INFO - Setting next_dagrun for latest_only to 2022-05-13T03:36:41.364584+00:00, run_after=2022-05-13T07:36:41.364584+00:00
[2022-05-13 07:36:41,372] {processor.py:161} INFO - Processing /home/airflow/.local/lib/python3.7/site-packages/airflow/example_dags/example_latest_only.py took 0.046 seconds
[2022-05-13 07:37:12,052] {processor.py:153} INFO - Started process (PID=5319) to work on /home/airflow/.local/lib/python3.7/site-packages/airflow/example_dags/example_latest_only.py
[2022-05-13 07:37:12,053] {processor.py:641} INFO - Processing file /home/airflow/.local/lib/python3.7/site-packages/airflow/example_dags/example_latest_only.py for tasks to queue
[2022-05-13 07:37:12,054] {logging_mixin.py:115} INFO - [2022-05-13 07:37:12,054] {dagbag.py:507} INFO - Filling up the DagBag from /home/airflow/.local/lib/python3.7/site-packages/airflow/example_dags/example_latest_only.py
[2022-05-13 07:37:12,058] {processor.py:651} INFO - DAG(s) dict_keys(['latest_only']) retrieved from /home/airflow/.local/lib/python3.7/site-packages/airflow/example_dags/example_latest_only.py
[2022-05-13 07:37:12,076] {logging_mixin.py:115} INFO - [2022-05-13 07:37:12,076] {dag.py:2371} INFO - Sync 1 DAGs
[2022-05-13 07:37:12,090] {logging_mixin.py:115} INFO - [2022-05-13 07:37:12,090] {dag.py:2919} INFO - Setting next_dagrun for latest_only to 2022-05-13T03:37:12.090393+00:00, run_after=2022-05-13T07:37:12.090393+00:00
[2022-05-13 07:37:12,098] {processor.py:161} INFO - Processing /home/airflow/.local/lib/python3.7/site-packages/airflow/example_dags/example_latest_only.py took 0.047 seconds
[2022-05-13 09:38:05,200] {processor.py:153} INFO - Started process (PID=306) to work on /home/airflow/.local/lib/python3.7/site-packages/airflow/example_dags/example_latest_only.py
[2022-05-13 09:38:05,202] {processor.py:641} INFO - Processing file /home/airflow/.local/lib/python3.7/site-packages/airflow/example_dags/example_latest_only.py for tasks to queue
[2022-05-13 09:38:05,203] {logging_mixin.py:115} INFO - [2022-05-13 09:38:05,203] {dagbag.py:507} INFO - Filling up the DagBag from /home/airflow/.local/lib/python3.7/site-packages/airflow/example_dags/example_latest_only.py
[2022-05-13 09:38:05,209] {processor.py:651} INFO - DAG(s) dict_keys(['latest_only']) retrieved from /home/airflow/.local/lib/python3.7/site-packages/airflow/example_dags/example_latest_only.py
[2022-05-13 09:38:05,225] {logging_mixin.py:115} INFO - [2022-05-13 09:38:05,225] {dag.py:2371} INFO - Sync 1 DAGs
[2022-05-13 09:38:05,239] {logging_mixin.py:115} INFO - [2022-05-13 09:38:05,239] {dag.py:2919} INFO - Setting next_dagrun for latest_only to 2022-05-13T05:38:05.238874+00:00, run_after=2022-05-13T09:38:05.238874+00:00
[2022-05-13 09:38:05,247] {processor.py:161} INFO - Processing /home/airflow/.local/lib/python3.7/site-packages/airflow/example_dags/example_latest_only.py took 0.048 seconds
[2022-05-13 09:38:35,987] {processor.py:153} INFO - Started process (PID=523) to work on /home/airflow/.local/lib/python3.7/site-packages/airflow/example_dags/example_latest_only.py
[2022-05-13 09:38:35,989] {processor.py:641} INFO - Processing file /home/airflow/.local/lib/python3.7/site-packages/airflow/example_dags/example_latest_only.py for tasks to queue
[2022-05-13 09:38:35,990] {logging_mixin.py:115} INFO - [2022-05-13 09:38:35,990] {dagbag.py:507} INFO - Filling up the DagBag from /home/airflow/.local/lib/python3.7/site-packages/airflow/example_dags/example_latest_only.py
[2022-05-13 09:38:35,994] {processor.py:651} INFO - DAG(s) dict_keys(['latest_only']) retrieved from /home/airflow/.local/lib/python3.7/site-packages/airflow/example_dags/example_latest_only.py
[2022-05-13 09:38:36,010] {logging_mixin.py:115} INFO - [2022-05-13 09:38:36,010] {dag.py:2371} INFO - Sync 1 DAGs
[2022-05-13 09:38:36,023] {logging_mixin.py:115} INFO - [2022-05-13 09:38:36,023] {dag.py:2919} INFO - Setting next_dagrun for latest_only to 2022-05-13T05:38:36.023096+00:00, run_after=2022-05-13T09:38:36.023096+00:00
[2022-05-13 09:38:36,031] {processor.py:161} INFO - Processing /home/airflow/.local/lib/python3.7/site-packages/airflow/example_dags/example_latest_only.py took 0.045 seconds
[2022-05-13 09:39:06,776] {processor.py:153} INFO - Started process (PID=738) to work on /home/airflow/.local/lib/python3.7/site-packages/airflow/example_dags/example_latest_only.py
[2022-05-13 09:39:06,777] {processor.py:641} INFO - Processing file /home/airflow/.local/lib/python3.7/site-packages/airflow/example_dags/example_latest_only.py for tasks to queue
[2022-05-13 09:39:06,778] {logging_mixin.py:115} INFO - [2022-05-13 09:39:06,778] {dagbag.py:507} INFO - Filling up the DagBag from /home/airflow/.local/lib/python3.7/site-packages/airflow/example_dags/example_latest_only.py
[2022-05-13 09:39:06,782] {processor.py:651} INFO - DAG(s) dict_keys(['latest_only']) retrieved from /home/airflow/.local/lib/python3.7/site-packages/airflow/example_dags/example_latest_only.py
[2022-05-13 09:39:06,798] {logging_mixin.py:115} INFO - [2022-05-13 09:39:06,798] {dag.py:2371} INFO - Sync 1 DAGs
[2022-05-13 09:39:06,810] {logging_mixin.py:115} INFO - [2022-05-13 09:39:06,810] {dag.py:2919} INFO - Setting next_dagrun for latest_only to 2022-05-13T05:39:06.810782+00:00, run_after=2022-05-13T09:39:06.810782+00:00
[2022-05-13 09:39:06,818] {processor.py:161} INFO - Processing /home/airflow/.local/lib/python3.7/site-packages/airflow/example_dags/example_latest_only.py took 0.044 seconds
[2022-05-13 09:39:37,689] {processor.py:153} INFO - Started process (PID=953) to work on /home/airflow/.local/lib/python3.7/site-packages/airflow/example_dags/example_latest_only.py
[2022-05-13 09:39:37,691] {processor.py:641} INFO - Processing file /home/airflow/.local/lib/python3.7/site-packages/airflow/example_dags/example_latest_only.py for tasks to queue
[2022-05-13 09:39:37,691] {logging_mixin.py:115} INFO - [2022-05-13 09:39:37,691] {dagbag.py:507} INFO - Filling up the DagBag from /home/airflow/.local/lib/python3.7/site-packages/airflow/example_dags/example_latest_only.py
[2022-05-13 09:39:37,695] {processor.py:651} INFO - DAG(s) dict_keys(['latest_only']) retrieved from /home/airflow/.local/lib/python3.7/site-packages/airflow/example_dags/example_latest_only.py
[2022-05-13 09:39:37,713] {logging_mixin.py:115} INFO - [2022-05-13 09:39:37,713] {dag.py:2371} INFO - Sync 1 DAGs
[2022-05-13 09:39:37,726] {logging_mixin.py:115} INFO - [2022-05-13 09:39:37,726] {dag.py:2919} INFO - Setting next_dagrun for latest_only to 2022-05-13T05:39:37.726403+00:00, run_after=2022-05-13T09:39:37.726403+00:00
[2022-05-13 09:39:37,734] {processor.py:161} INFO - Processing /home/airflow/.local/lib/python3.7/site-packages/airflow/example_dags/example_latest_only.py took 0.047 seconds
[2022-05-13 09:40:08,603] {processor.py:153} INFO - Started process (PID=1172) to work on /home/airflow/.local/lib/python3.7/site-packages/airflow/example_dags/example_latest_only.py
[2022-05-13 09:40:08,604] {processor.py:641} INFO - Processing file /home/airflow/.local/lib/python3.7/site-packages/airflow/example_dags/example_latest_only.py for tasks to queue
[2022-05-13 09:40:08,605] {logging_mixin.py:115} INFO - [2022-05-13 09:40:08,605] {dagbag.py:507} INFO - Filling up the DagBag from /home/airflow/.local/lib/python3.7/site-packages/airflow/example_dags/example_latest_only.py
[2022-05-13 09:40:08,609] {processor.py:651} INFO - DAG(s) dict_keys(['latest_only']) retrieved from /home/airflow/.local/lib/python3.7/site-packages/airflow/example_dags/example_latest_only.py
[2022-05-13 09:40:08,625] {logging_mixin.py:115} INFO - [2022-05-13 09:40:08,625] {dag.py:2371} INFO - Sync 1 DAGs
[2022-05-13 09:40:08,638] {logging_mixin.py:115} INFO - [2022-05-13 09:40:08,638] {dag.py:2919} INFO - Setting next_dagrun for latest_only to 2022-05-13T05:40:08.638158+00:00, run_after=2022-05-13T09:40:08.638158+00:00
[2022-05-13 09:40:08,645] {processor.py:161} INFO - Processing /home/airflow/.local/lib/python3.7/site-packages/airflow/example_dags/example_latest_only.py took 0.044 seconds
[2022-05-13 09:40:39,471] {processor.py:153} INFO - Started process (PID=1377) to work on /home/airflow/.local/lib/python3.7/site-packages/airflow/example_dags/example_latest_only.py
[2022-05-13 09:40:39,472] {processor.py:641} INFO - Processing file /home/airflow/.local/lib/python3.7/site-packages/airflow/example_dags/example_latest_only.py for tasks to queue
[2022-05-13 09:40:39,473] {logging_mixin.py:115} INFO - [2022-05-13 09:40:39,473] {dagbag.py:507} INFO - Filling up the DagBag from /home/airflow/.local/lib/python3.7/site-packages/airflow/example_dags/example_latest_only.py
[2022-05-13 09:40:39,477] {processor.py:651} INFO - DAG(s) dict_keys(['latest_only']) retrieved from /home/airflow/.local/lib/python3.7/site-packages/airflow/example_dags/example_latest_only.py
[2022-05-13 09:40:39,494] {logging_mixin.py:115} INFO - [2022-05-13 09:40:39,494] {dag.py:2371} INFO - Sync 1 DAGs
[2022-05-13 09:40:39,507] {logging_mixin.py:115} INFO - [2022-05-13 09:40:39,507] {dag.py:2919} INFO - Setting next_dagrun for latest_only to 2022-05-13T05:40:39.507602+00:00, run_after=2022-05-13T09:40:39.507602+00:00
[2022-05-13 09:40:39,515] {processor.py:161} INFO - Processing /home/airflow/.local/lib/python3.7/site-packages/airflow/example_dags/example_latest_only.py took 0.046 seconds
[2022-05-13 09:41:10,310] {processor.py:153} INFO - Started process (PID=1593) to work on /home/airflow/.local/lib/python3.7/site-packages/airflow/example_dags/example_latest_only.py
[2022-05-13 09:41:10,311] {processor.py:641} INFO - Processing file /home/airflow/.local/lib/python3.7/site-packages/airflow/example_dags/example_latest_only.py for tasks to queue
[2022-05-13 09:41:10,312] {logging_mixin.py:115} INFO - [2022-05-13 09:41:10,312] {dagbag.py:507} INFO - Filling up the DagBag from /home/airflow/.local/lib/python3.7/site-packages/airflow/example_dags/example_latest_only.py
[2022-05-13 09:41:10,316] {processor.py:651} INFO - DAG(s) dict_keys(['latest_only']) retrieved from /home/airflow/.local/lib/python3.7/site-packages/airflow/example_dags/example_latest_only.py
[2022-05-13 09:41:10,333] {logging_mixin.py:115} INFO - [2022-05-13 09:41:10,333] {dag.py:2371} INFO - Sync 1 DAGs
[2022-05-13 09:41:10,348] {logging_mixin.py:115} INFO - [2022-05-13 09:41:10,348] {dag.py:2919} INFO - Setting next_dagrun for latest_only to 2022-05-13T05:41:10.347854+00:00, run_after=2022-05-13T09:41:10.347854+00:00
[2022-05-13 09:41:10,357] {processor.py:161} INFO - Processing /home/airflow/.local/lib/python3.7/site-packages/airflow/example_dags/example_latest_only.py took 0.049 seconds
[2022-05-13 09:41:41,104] {processor.py:153} INFO - Started process (PID=1806) to work on /home/airflow/.local/lib/python3.7/site-packages/airflow/example_dags/example_latest_only.py
[2022-05-13 09:41:41,106] {processor.py:641} INFO - Processing file /home/airflow/.local/lib/python3.7/site-packages/airflow/example_dags/example_latest_only.py for tasks to queue
[2022-05-13 09:41:41,107] {logging_mixin.py:115} INFO - [2022-05-13 09:41:41,107] {dagbag.py:507} INFO - Filling up the DagBag from /home/airflow/.local/lib/python3.7/site-packages/airflow/example_dags/example_latest_only.py
[2022-05-13 09:41:41,110] {processor.py:651} INFO - DAG(s) dict_keys(['latest_only']) retrieved from /home/airflow/.local/lib/python3.7/site-packages/airflow/example_dags/example_latest_only.py
[2022-05-13 09:41:41,126] {logging_mixin.py:115} INFO - [2022-05-13 09:41:41,126] {dag.py:2371} INFO - Sync 1 DAGs
[2022-05-13 09:41:41,139] {logging_mixin.py:115} INFO - [2022-05-13 09:41:41,139] {dag.py:2919} INFO - Setting next_dagrun for latest_only to 2022-05-13T05:41:41.139005+00:00, run_after=2022-05-13T09:41:41.139005+00:00
[2022-05-13 09:41:41,146] {processor.py:161} INFO - Processing /home/airflow/.local/lib/python3.7/site-packages/airflow/example_dags/example_latest_only.py took 0.044 seconds
[2022-05-13 09:42:11,914] {processor.py:153} INFO - Started process (PID=2021) to work on /home/airflow/.local/lib/python3.7/site-packages/airflow/example_dags/example_latest_only.py
[2022-05-13 09:42:11,915] {processor.py:641} INFO - Processing file /home/airflow/.local/lib/python3.7/site-packages/airflow/example_dags/example_latest_only.py for tasks to queue
[2022-05-13 09:42:11,916] {logging_mixin.py:115} INFO - [2022-05-13 09:42:11,916] {dagbag.py:507} INFO - Filling up the DagBag from /home/airflow/.local/lib/python3.7/site-packages/airflow/example_dags/example_latest_only.py
[2022-05-13 09:42:11,920] {processor.py:651} INFO - DAG(s) dict_keys(['latest_only']) retrieved from /home/airflow/.local/lib/python3.7/site-packages/airflow/example_dags/example_latest_only.py
[2022-05-13 09:42:11,938] {logging_mixin.py:115} INFO - [2022-05-13 09:42:11,938] {dag.py:2371} INFO - Sync 1 DAGs
[2022-05-13 09:42:11,952] {logging_mixin.py:115} INFO - [2022-05-13 09:42:11,952] {dag.py:2919} INFO - Setting next_dagrun for latest_only to 2022-05-13T05:42:11.952427+00:00, run_after=2022-05-13T09:42:11.952427+00:00
[2022-05-13 09:42:11,960] {processor.py:161} INFO - Processing /home/airflow/.local/lib/python3.7/site-packages/airflow/example_dags/example_latest_only.py took 0.048 seconds
[2022-05-13 09:42:42,718] {processor.py:153} INFO - Started process (PID=2238) to work on /home/airflow/.local/lib/python3.7/site-packages/airflow/example_dags/example_latest_only.py
[2022-05-13 09:42:42,719] {processor.py:641} INFO - Processing file /home/airflow/.local/lib/python3.7/site-packages/airflow/example_dags/example_latest_only.py for tasks to queue
[2022-05-13 09:42:42,720] {logging_mixin.py:115} INFO - [2022-05-13 09:42:42,720] {dagbag.py:507} INFO - Filling up the DagBag from /home/airflow/.local/lib/python3.7/site-packages/airflow/example_dags/example_latest_only.py
[2022-05-13 09:42:42,723] {processor.py:651} INFO - DAG(s) dict_keys(['latest_only']) retrieved from /home/airflow/.local/lib/python3.7/site-packages/airflow/example_dags/example_latest_only.py
[2022-05-13 09:42:42,740] {logging_mixin.py:115} INFO - [2022-05-13 09:42:42,740] {dag.py:2371} INFO - Sync 1 DAGs
[2022-05-13 09:42:42,753] {logging_mixin.py:115} INFO - [2022-05-13 09:42:42,753] {dag.py:2919} INFO - Setting next_dagrun for latest_only to 2022-05-13T05:42:42.752915+00:00, run_after=2022-05-13T09:42:42.752915+00:00
[2022-05-13 09:42:42,760] {processor.py:161} INFO - Processing /home/airflow/.local/lib/python3.7/site-packages/airflow/example_dags/example_latest_only.py took 0.045 seconds
[2022-05-13 09:43:13,624] {processor.py:153} INFO - Started process (PID=2450) to work on /home/airflow/.local/lib/python3.7/site-packages/airflow/example_dags/example_latest_only.py
[2022-05-13 09:43:13,625] {processor.py:641} INFO - Processing file /home/airflow/.local/lib/python3.7/site-packages/airflow/example_dags/example_latest_only.py for tasks to queue
[2022-05-13 09:43:13,627] {logging_mixin.py:115} INFO - [2022-05-13 09:43:13,627] {dagbag.py:507} INFO - Filling up the DagBag from /home/airflow/.local/lib/python3.7/site-packages/airflow/example_dags/example_latest_only.py
[2022-05-13 09:43:13,631] {processor.py:651} INFO - DAG(s) dict_keys(['latest_only']) retrieved from /home/airflow/.local/lib/python3.7/site-packages/airflow/example_dags/example_latest_only.py
[2022-05-13 09:43:13,646] {logging_mixin.py:115} INFO - [2022-05-13 09:43:13,646] {dag.py:2371} INFO - Sync 1 DAGs
[2022-05-13 09:43:13,659] {logging_mixin.py:115} INFO - [2022-05-13 09:43:13,659] {dag.py:2919} INFO - Setting next_dagrun for latest_only to 2022-05-13T05:43:13.659069+00:00, run_after=2022-05-13T09:43:13.659069+00:00
[2022-05-13 09:43:13,666] {processor.py:161} INFO - Processing /home/airflow/.local/lib/python3.7/site-packages/airflow/example_dags/example_latest_only.py took 0.045 seconds
[2022-05-13 09:43:44,392] {processor.py:153} INFO - Started process (PID=2666) to work on /home/airflow/.local/lib/python3.7/site-packages/airflow/example_dags/example_latest_only.py
[2022-05-13 09:43:44,393] {processor.py:641} INFO - Processing file /home/airflow/.local/lib/python3.7/site-packages/airflow/example_dags/example_latest_only.py for tasks to queue
[2022-05-13 09:43:44,394] {logging_mixin.py:115} INFO - [2022-05-13 09:43:44,394] {dagbag.py:507} INFO - Filling up the DagBag from /home/airflow/.local/lib/python3.7/site-packages/airflow/example_dags/example_latest_only.py
[2022-05-13 09:43:44,398] {processor.py:651} INFO - DAG(s) dict_keys(['latest_only']) retrieved from /home/airflow/.local/lib/python3.7/site-packages/airflow/example_dags/example_latest_only.py
[2022-05-13 09:43:44,414] {logging_mixin.py:115} INFO - [2022-05-13 09:43:44,414] {dag.py:2371} INFO - Sync 1 DAGs
[2022-05-13 09:43:44,435] {logging_mixin.py:115} INFO - [2022-05-13 09:43:44,435] {dag.py:2919} INFO - Setting next_dagrun for latest_only to 2022-05-13T05:43:44.435392+00:00, run_after=2022-05-13T09:43:44.435392+00:00
[2022-05-13 09:43:44,442] {processor.py:161} INFO - Processing /home/airflow/.local/lib/python3.7/site-packages/airflow/example_dags/example_latest_only.py took 0.052 seconds
[2022-05-13 09:44:15,164] {processor.py:153} INFO - Started process (PID=2879) to work on /home/airflow/.local/lib/python3.7/site-packages/airflow/example_dags/example_latest_only.py
[2022-05-13 09:44:15,166] {processor.py:641} INFO - Processing file /home/airflow/.local/lib/python3.7/site-packages/airflow/example_dags/example_latest_only.py for tasks to queue
[2022-05-13 09:44:15,167] {logging_mixin.py:115} INFO - [2022-05-13 09:44:15,167] {dagbag.py:507} INFO - Filling up the DagBag from /home/airflow/.local/lib/python3.7/site-packages/airflow/example_dags/example_latest_only.py
[2022-05-13 09:44:15,173] {processor.py:651} INFO - DAG(s) dict_keys(['latest_only']) retrieved from /home/airflow/.local/lib/python3.7/site-packages/airflow/example_dags/example_latest_only.py
[2022-05-13 09:44:15,192] {logging_mixin.py:115} INFO - [2022-05-13 09:44:15,192] {dag.py:2371} INFO - Sync 1 DAGs
[2022-05-13 09:44:15,207] {logging_mixin.py:115} INFO - [2022-05-13 09:44:15,207] {dag.py:2919} INFO - Setting next_dagrun for latest_only to 2022-05-13T05:44:15.207366+00:00, run_after=2022-05-13T09:44:15.207366+00:00
[2022-05-13 09:44:15,217] {processor.py:161} INFO - Processing /home/airflow/.local/lib/python3.7/site-packages/airflow/example_dags/example_latest_only.py took 0.055 seconds
[2022-05-13 09:44:46,018] {processor.py:153} INFO - Started process (PID=3086) to work on /home/airflow/.local/lib/python3.7/site-packages/airflow/example_dags/example_latest_only.py
[2022-05-13 09:44:46,019] {processor.py:641} INFO - Processing file /home/airflow/.local/lib/python3.7/site-packages/airflow/example_dags/example_latest_only.py for tasks to queue
[2022-05-13 09:44:46,020] {logging_mixin.py:115} INFO - [2022-05-13 09:44:46,020] {dagbag.py:507} INFO - Filling up the DagBag from /home/airflow/.local/lib/python3.7/site-packages/airflow/example_dags/example_latest_only.py
[2022-05-13 09:44:46,024] {processor.py:651} INFO - DAG(s) dict_keys(['latest_only']) retrieved from /home/airflow/.local/lib/python3.7/site-packages/airflow/example_dags/example_latest_only.py
[2022-05-13 09:44:46,041] {logging_mixin.py:115} INFO - [2022-05-13 09:44:46,041] {dag.py:2371} INFO - Sync 1 DAGs
[2022-05-13 09:44:46,054] {logging_mixin.py:115} INFO - [2022-05-13 09:44:46,054] {dag.py:2919} INFO - Setting next_dagrun for latest_only to 2022-05-13T05:44:46.054741+00:00, run_after=2022-05-13T09:44:46.054741+00:00
[2022-05-13 09:44:46,062] {processor.py:161} INFO - Processing /home/airflow/.local/lib/python3.7/site-packages/airflow/example_dags/example_latest_only.py took 0.046 seconds
[2022-05-13 09:45:16,819] {processor.py:153} INFO - Started process (PID=3304) to work on /home/airflow/.local/lib/python3.7/site-packages/airflow/example_dags/example_latest_only.py
[2022-05-13 09:45:16,821] {processor.py:641} INFO - Processing file /home/airflow/.local/lib/python3.7/site-packages/airflow/example_dags/example_latest_only.py for tasks to queue
[2022-05-13 09:45:16,822] {logging_mixin.py:115} INFO - [2022-05-13 09:45:16,822] {dagbag.py:507} INFO - Filling up the DagBag from /home/airflow/.local/lib/python3.7/site-packages/airflow/example_dags/example_latest_only.py
[2022-05-13 09:45:16,825] {processor.py:651} INFO - DAG(s) dict_keys(['latest_only']) retrieved from /home/airflow/.local/lib/python3.7/site-packages/airflow/example_dags/example_latest_only.py
[2022-05-13 09:45:16,849] {logging_mixin.py:115} INFO - [2022-05-13 09:45:16,849] {dag.py:2371} INFO - Sync 1 DAGs
[2022-05-13 09:45:16,864] {logging_mixin.py:115} INFO - [2022-05-13 09:45:16,864] {dag.py:2919} INFO - Setting next_dagrun for latest_only to 2022-05-13T05:45:16.864166+00:00, run_after=2022-05-13T09:45:16.864166+00:00
[2022-05-13 09:45:16,876] {processor.py:161} INFO - Processing /home/airflow/.local/lib/python3.7/site-packages/airflow/example_dags/example_latest_only.py took 0.059 seconds
[2022-05-13 09:45:47,744] {processor.py:153} INFO - Started process (PID=3519) to work on /home/airflow/.local/lib/python3.7/site-packages/airflow/example_dags/example_latest_only.py
[2022-05-13 09:45:47,745] {processor.py:641} INFO - Processing file /home/airflow/.local/lib/python3.7/site-packages/airflow/example_dags/example_latest_only.py for tasks to queue
[2022-05-13 09:45:47,746] {logging_mixin.py:115} INFO - [2022-05-13 09:45:47,746] {dagbag.py:507} INFO - Filling up the DagBag from /home/airflow/.local/lib/python3.7/site-packages/airflow/example_dags/example_latest_only.py
[2022-05-13 09:45:47,750] {processor.py:651} INFO - DAG(s) dict_keys(['latest_only']) retrieved from /home/airflow/.local/lib/python3.7/site-packages/airflow/example_dags/example_latest_only.py
[2022-05-13 09:45:47,765] {logging_mixin.py:115} INFO - [2022-05-13 09:45:47,765] {dag.py:2371} INFO - Sync 1 DAGs
[2022-05-13 09:45:47,777] {logging_mixin.py:115} INFO - [2022-05-13 09:45:47,777] {dag.py:2919} INFO - Setting next_dagrun for latest_only to 2022-05-13T05:45:47.777753+00:00, run_after=2022-05-13T09:45:47.777753+00:00
[2022-05-13 09:45:47,785] {processor.py:161} INFO - Processing /home/airflow/.local/lib/python3.7/site-packages/airflow/example_dags/example_latest_only.py took 0.043 seconds
