[2022-05-13 03:38:58,394] {processor.py:153} INFO - Started process (PID=317) to work on /home/airflow/.local/lib/python3.7/site-packages/airflow/example_dags/example_external_task_marker_dag.py
[2022-05-13 03:38:58,396] {processor.py:641} INFO - Processing file /home/airflow/.local/lib/python3.7/site-packages/airflow/example_dags/example_external_task_marker_dag.py for tasks to queue
[2022-05-13 03:38:58,398] {logging_mixin.py:115} INFO - [2022-05-13 03:38:58,397] {dagbag.py:507} INFO - Filling up the DagBag from /home/airflow/.local/lib/python3.7/site-packages/airflow/example_dags/example_external_task_marker_dag.py
[2022-05-13 03:38:58,402] {processor.py:651} INFO - DAG(s) dict_keys(['example_external_task_marker_parent', 'example_external_task_marker_child']) retrieved from /home/airflow/.local/lib/python3.7/site-packages/airflow/example_dags/example_external_task_marker_dag.py
[2022-05-13 03:38:58,438] {logging_mixin.py:115} INFO - [2022-05-13 03:38:58,438] {dag.py:2371} INFO - Sync 2 DAGs
[2022-05-13 03:38:58,469] {logging_mixin.py:115} INFO - [2022-05-13 03:38:58,469] {dag.py:2919} INFO - Setting next_dagrun for example_external_task_marker_child to None, run_after=None
[2022-05-13 03:38:58,472] {logging_mixin.py:115} INFO - [2022-05-13 03:38:58,472] {dag.py:2919} INFO - Setting next_dagrun for example_external_task_marker_parent to None, run_after=None
[2022-05-13 03:38:58,488] {processor.py:161} INFO - Processing /home/airflow/.local/lib/python3.7/site-packages/airflow/example_dags/example_external_task_marker_dag.py took 0.096 seconds
[2022-05-13 03:39:28,705] {processor.py:153} INFO - Started process (PID=551) to work on /home/airflow/.local/lib/python3.7/site-packages/airflow/example_dags/example_external_task_marker_dag.py
[2022-05-13 03:39:28,707] {processor.py:641} INFO - Processing file /home/airflow/.local/lib/python3.7/site-packages/airflow/example_dags/example_external_task_marker_dag.py for tasks to queue
[2022-05-13 03:39:28,709] {logging_mixin.py:115} INFO - [2022-05-13 03:39:28,708] {dagbag.py:507} INFO - Filling up the DagBag from /home/airflow/.local/lib/python3.7/site-packages/airflow/example_dags/example_external_task_marker_dag.py
[2022-05-13 03:39:28,716] {processor.py:651} INFO - DAG(s) dict_keys(['example_external_task_marker_parent', 'example_external_task_marker_child']) retrieved from /home/airflow/.local/lib/python3.7/site-packages/airflow/example_dags/example_external_task_marker_dag.py
[2022-05-13 03:39:28,751] {logging_mixin.py:115} INFO - [2022-05-13 03:39:28,751] {dag.py:2371} INFO - Sync 2 DAGs
[2022-05-13 03:39:28,771] {logging_mixin.py:115} INFO - [2022-05-13 03:39:28,771] {dag.py:2919} INFO - Setting next_dagrun for example_external_task_marker_child to None, run_after=None
[2022-05-13 03:39:28,772] {logging_mixin.py:115} INFO - [2022-05-13 03:39:28,772] {dag.py:2919} INFO - Setting next_dagrun for example_external_task_marker_parent to None, run_after=None
[2022-05-13 03:39:28,786] {processor.py:161} INFO - Processing /home/airflow/.local/lib/python3.7/site-packages/airflow/example_dags/example_external_task_marker_dag.py took 0.084 seconds
[2022-05-13 03:39:59,637] {processor.py:153} INFO - Started process (PID=938) to work on /home/airflow/.local/lib/python3.7/site-packages/airflow/example_dags/example_external_task_marker_dag.py
[2022-05-13 03:39:59,638] {processor.py:641} INFO - Processing file /home/airflow/.local/lib/python3.7/site-packages/airflow/example_dags/example_external_task_marker_dag.py for tasks to queue
[2022-05-13 03:39:59,639] {logging_mixin.py:115} INFO - [2022-05-13 03:39:59,639] {dagbag.py:507} INFO - Filling up the DagBag from /home/airflow/.local/lib/python3.7/site-packages/airflow/example_dags/example_external_task_marker_dag.py
[2022-05-13 03:39:59,644] {processor.py:651} INFO - DAG(s) dict_keys(['example_external_task_marker_parent', 'example_external_task_marker_child']) retrieved from /home/airflow/.local/lib/python3.7/site-packages/airflow/example_dags/example_external_task_marker_dag.py
[2022-05-13 03:39:59,673] {logging_mixin.py:115} INFO - [2022-05-13 03:39:59,673] {dag.py:2371} INFO - Sync 2 DAGs
[2022-05-13 03:39:59,686] {logging_mixin.py:115} INFO - [2022-05-13 03:39:59,686] {dag.py:2919} INFO - Setting next_dagrun for example_external_task_marker_child to None, run_after=None
[2022-05-13 03:39:59,687] {logging_mixin.py:115} INFO - [2022-05-13 03:39:59,687] {dag.py:2919} INFO - Setting next_dagrun for example_external_task_marker_parent to None, run_after=None
[2022-05-13 03:39:59,694] {processor.py:161} INFO - Processing /home/airflow/.local/lib/python3.7/site-packages/airflow/example_dags/example_external_task_marker_dag.py took 0.059 seconds
[2022-05-13 03:40:29,854] {processor.py:153} INFO - Started process (PID=1158) to work on /home/airflow/.local/lib/python3.7/site-packages/airflow/example_dags/example_external_task_marker_dag.py
[2022-05-13 03:40:29,855] {processor.py:641} INFO - Processing file /home/airflow/.local/lib/python3.7/site-packages/airflow/example_dags/example_external_task_marker_dag.py for tasks to queue
[2022-05-13 03:40:29,856] {logging_mixin.py:115} INFO - [2022-05-13 03:40:29,856] {dagbag.py:507} INFO - Filling up the DagBag from /home/airflow/.local/lib/python3.7/site-packages/airflow/example_dags/example_external_task_marker_dag.py
[2022-05-13 03:40:29,859] {processor.py:651} INFO - DAG(s) dict_keys(['example_external_task_marker_parent', 'example_external_task_marker_child']) retrieved from /home/airflow/.local/lib/python3.7/site-packages/airflow/example_dags/example_external_task_marker_dag.py
[2022-05-13 03:40:29,890] {logging_mixin.py:115} INFO - [2022-05-13 03:40:29,890] {dag.py:2371} INFO - Sync 2 DAGs
[2022-05-13 03:40:29,904] {logging_mixin.py:115} INFO - [2022-05-13 03:40:29,904] {dag.py:2919} INFO - Setting next_dagrun for example_external_task_marker_child to None, run_after=None
[2022-05-13 03:40:29,905] {logging_mixin.py:115} INFO - [2022-05-13 03:40:29,905] {dag.py:2919} INFO - Setting next_dagrun for example_external_task_marker_parent to None, run_after=None
[2022-05-13 03:40:29,913] {processor.py:161} INFO - Processing /home/airflow/.local/lib/python3.7/site-packages/airflow/example_dags/example_external_task_marker_dag.py took 0.061 seconds
[2022-05-13 03:41:00,027] {processor.py:153} INFO - Started process (PID=1582) to work on /home/airflow/.local/lib/python3.7/site-packages/airflow/example_dags/example_external_task_marker_dag.py
[2022-05-13 03:41:00,030] {processor.py:641} INFO - Processing file /home/airflow/.local/lib/python3.7/site-packages/airflow/example_dags/example_external_task_marker_dag.py for tasks to queue
[2022-05-13 03:41:00,032] {logging_mixin.py:115} INFO - [2022-05-13 03:41:00,031] {dagbag.py:507} INFO - Filling up the DagBag from /home/airflow/.local/lib/python3.7/site-packages/airflow/example_dags/example_external_task_marker_dag.py
[2022-05-13 03:41:00,037] {processor.py:651} INFO - DAG(s) dict_keys(['example_external_task_marker_parent', 'example_external_task_marker_child']) retrieved from /home/airflow/.local/lib/python3.7/site-packages/airflow/example_dags/example_external_task_marker_dag.py
[2022-05-13 03:41:00,071] {logging_mixin.py:115} INFO - [2022-05-13 03:41:00,071] {dag.py:2371} INFO - Sync 2 DAGs
[2022-05-13 03:41:00,085] {logging_mixin.py:115} INFO - [2022-05-13 03:41:00,085] {dag.py:2919} INFO - Setting next_dagrun for example_external_task_marker_child to None, run_after=None
[2022-05-13 03:41:00,086] {logging_mixin.py:115} INFO - [2022-05-13 03:41:00,086] {dag.py:2919} INFO - Setting next_dagrun for example_external_task_marker_parent to None, run_after=None
[2022-05-13 03:41:00,096] {processor.py:161} INFO - Processing /home/airflow/.local/lib/python3.7/site-packages/airflow/example_dags/example_external_task_marker_dag.py took 0.072 seconds
[2022-05-13 03:41:30,161] {processor.py:153} INFO - Started process (PID=1799) to work on /home/airflow/.local/lib/python3.7/site-packages/airflow/example_dags/example_external_task_marker_dag.py
[2022-05-13 03:41:30,162] {processor.py:641} INFO - Processing file /home/airflow/.local/lib/python3.7/site-packages/airflow/example_dags/example_external_task_marker_dag.py for tasks to queue
[2022-05-13 03:41:30,163] {logging_mixin.py:115} INFO - [2022-05-13 03:41:30,163] {dagbag.py:507} INFO - Filling up the DagBag from /home/airflow/.local/lib/python3.7/site-packages/airflow/example_dags/example_external_task_marker_dag.py
[2022-05-13 03:41:30,166] {processor.py:651} INFO - DAG(s) dict_keys(['example_external_task_marker_parent', 'example_external_task_marker_child']) retrieved from /home/airflow/.local/lib/python3.7/site-packages/airflow/example_dags/example_external_task_marker_dag.py
[2022-05-13 03:41:30,193] {logging_mixin.py:115} INFO - [2022-05-13 03:41:30,193] {dag.py:2371} INFO - Sync 2 DAGs
[2022-05-13 03:41:30,204] {logging_mixin.py:115} INFO - [2022-05-13 03:41:30,204] {dag.py:2919} INFO - Setting next_dagrun for example_external_task_marker_child to None, run_after=None
[2022-05-13 03:41:30,205] {logging_mixin.py:115} INFO - [2022-05-13 03:41:30,205] {dag.py:2919} INFO - Setting next_dagrun for example_external_task_marker_parent to None, run_after=None
[2022-05-13 03:41:30,212] {processor.py:161} INFO - Processing /home/airflow/.local/lib/python3.7/site-packages/airflow/example_dags/example_external_task_marker_dag.py took 0.053 seconds
[2022-05-13 03:42:01,084] {processor.py:153} INFO - Started process (PID=2035) to work on /home/airflow/.local/lib/python3.7/site-packages/airflow/example_dags/example_external_task_marker_dag.py
[2022-05-13 03:42:01,085] {processor.py:641} INFO - Processing file /home/airflow/.local/lib/python3.7/site-packages/airflow/example_dags/example_external_task_marker_dag.py for tasks to queue
[2022-05-13 03:42:01,086] {logging_mixin.py:115} INFO - [2022-05-13 03:42:01,086] {dagbag.py:507} INFO - Filling up the DagBag from /home/airflow/.local/lib/python3.7/site-packages/airflow/example_dags/example_external_task_marker_dag.py
[2022-05-13 03:42:01,089] {processor.py:651} INFO - DAG(s) dict_keys(['example_external_task_marker_parent', 'example_external_task_marker_child']) retrieved from /home/airflow/.local/lib/python3.7/site-packages/airflow/example_dags/example_external_task_marker_dag.py
[2022-05-13 03:42:01,115] {logging_mixin.py:115} INFO - [2022-05-13 03:42:01,115] {dag.py:2371} INFO - Sync 2 DAGs
[2022-05-13 03:42:01,132] {logging_mixin.py:115} INFO - [2022-05-13 03:42:01,132] {dag.py:2919} INFO - Setting next_dagrun for example_external_task_marker_child to None, run_after=None
[2022-05-13 03:42:01,133] {logging_mixin.py:115} INFO - [2022-05-13 03:42:01,133] {dag.py:2919} INFO - Setting next_dagrun for example_external_task_marker_parent to None, run_after=None
[2022-05-13 03:42:01,140] {processor.py:161} INFO - Processing /home/airflow/.local/lib/python3.7/site-packages/airflow/example_dags/example_external_task_marker_dag.py took 0.058 seconds
[2022-05-13 03:42:32,020] {processor.py:153} INFO - Started process (PID=2250) to work on /home/airflow/.local/lib/python3.7/site-packages/airflow/example_dags/example_external_task_marker_dag.py
[2022-05-13 03:42:32,021] {processor.py:641} INFO - Processing file /home/airflow/.local/lib/python3.7/site-packages/airflow/example_dags/example_external_task_marker_dag.py for tasks to queue
[2022-05-13 03:42:32,023] {logging_mixin.py:115} INFO - [2022-05-13 03:42:32,023] {dagbag.py:507} INFO - Filling up the DagBag from /home/airflow/.local/lib/python3.7/site-packages/airflow/example_dags/example_external_task_marker_dag.py
[2022-05-13 03:42:32,026] {processor.py:651} INFO - DAG(s) dict_keys(['example_external_task_marker_parent', 'example_external_task_marker_child']) retrieved from /home/airflow/.local/lib/python3.7/site-packages/airflow/example_dags/example_external_task_marker_dag.py
[2022-05-13 03:42:32,052] {logging_mixin.py:115} INFO - [2022-05-13 03:42:32,052] {dag.py:2371} INFO - Sync 2 DAGs
[2022-05-13 03:42:32,065] {logging_mixin.py:115} INFO - [2022-05-13 03:42:32,065] {dag.py:2919} INFO - Setting next_dagrun for example_external_task_marker_child to None, run_after=None
[2022-05-13 03:42:32,066] {logging_mixin.py:115} INFO - [2022-05-13 03:42:32,066] {dag.py:2919} INFO - Setting next_dagrun for example_external_task_marker_parent to None, run_after=None
[2022-05-13 03:42:32,078] {processor.py:161} INFO - Processing /home/airflow/.local/lib/python3.7/site-packages/airflow/example_dags/example_external_task_marker_dag.py took 0.060 seconds
[2022-05-13 03:59:30,888] {processor.py:153} INFO - Started process (PID=265) to work on /home/airflow/.local/lib/python3.7/site-packages/airflow/example_dags/example_external_task_marker_dag.py
[2022-05-13 03:59:30,891] {processor.py:641} INFO - Processing file /home/airflow/.local/lib/python3.7/site-packages/airflow/example_dags/example_external_task_marker_dag.py for tasks to queue
[2022-05-13 03:59:30,893] {logging_mixin.py:115} INFO - [2022-05-13 03:59:30,893] {dagbag.py:507} INFO - Filling up the DagBag from /home/airflow/.local/lib/python3.7/site-packages/airflow/example_dags/example_external_task_marker_dag.py
[2022-05-13 03:59:30,897] {processor.py:651} INFO - DAG(s) dict_keys(['example_external_task_marker_parent', 'example_external_task_marker_child']) retrieved from /home/airflow/.local/lib/python3.7/site-packages/airflow/example_dags/example_external_task_marker_dag.py
[2022-05-13 03:59:30,947] {logging_mixin.py:115} INFO - [2022-05-13 03:59:30,947] {dag.py:2371} INFO - Sync 2 DAGs
[2022-05-13 03:59:30,965] {logging_mixin.py:115} INFO - [2022-05-13 03:59:30,965] {dag.py:2919} INFO - Setting next_dagrun for example_external_task_marker_child to None, run_after=None
[2022-05-13 03:59:30,966] {logging_mixin.py:115} INFO - [2022-05-13 03:59:30,966] {dag.py:2919} INFO - Setting next_dagrun for example_external_task_marker_parent to None, run_after=None
[2022-05-13 03:59:30,976] {processor.py:161} INFO - Processing /home/airflow/.local/lib/python3.7/site-packages/airflow/example_dags/example_external_task_marker_dag.py took 0.091 seconds
[2022-05-13 04:00:01,888] {processor.py:153} INFO - Started process (PID=482) to work on /home/airflow/.local/lib/python3.7/site-packages/airflow/example_dags/example_external_task_marker_dag.py
[2022-05-13 04:00:01,889] {processor.py:641} INFO - Processing file /home/airflow/.local/lib/python3.7/site-packages/airflow/example_dags/example_external_task_marker_dag.py for tasks to queue
[2022-05-13 04:00:01,900] {logging_mixin.py:115} INFO - [2022-05-13 04:00:01,900] {dagbag.py:507} INFO - Filling up the DagBag from /home/airflow/.local/lib/python3.7/site-packages/airflow/example_dags/example_external_task_marker_dag.py
[2022-05-13 04:00:01,904] {processor.py:651} INFO - DAG(s) dict_keys(['example_external_task_marker_parent', 'example_external_task_marker_child']) retrieved from /home/airflow/.local/lib/python3.7/site-packages/airflow/example_dags/example_external_task_marker_dag.py
[2022-05-13 04:00:01,937] {logging_mixin.py:115} INFO - [2022-05-13 04:00:01,937] {dag.py:2371} INFO - Sync 2 DAGs
[2022-05-13 04:00:01,950] {logging_mixin.py:115} INFO - [2022-05-13 04:00:01,950] {dag.py:2919} INFO - Setting next_dagrun for example_external_task_marker_child to None, run_after=None
[2022-05-13 04:00:01,951] {logging_mixin.py:115} INFO - [2022-05-13 04:00:01,951] {dag.py:2919} INFO - Setting next_dagrun for example_external_task_marker_parent to None, run_after=None
[2022-05-13 04:00:01,959] {processor.py:161} INFO - Processing /home/airflow/.local/lib/python3.7/site-packages/airflow/example_dags/example_external_task_marker_dag.py took 0.072 seconds
[2022-05-13 04:00:32,847] {processor.py:153} INFO - Started process (PID=774) to work on /home/airflow/.local/lib/python3.7/site-packages/airflow/example_dags/example_external_task_marker_dag.py
[2022-05-13 04:00:32,848] {processor.py:641} INFO - Processing file /home/airflow/.local/lib/python3.7/site-packages/airflow/example_dags/example_external_task_marker_dag.py for tasks to queue
[2022-05-13 04:00:32,849] {logging_mixin.py:115} INFO - [2022-05-13 04:00:32,849] {dagbag.py:507} INFO - Filling up the DagBag from /home/airflow/.local/lib/python3.7/site-packages/airflow/example_dags/example_external_task_marker_dag.py
[2022-05-13 04:00:32,853] {processor.py:651} INFO - DAG(s) dict_keys(['example_external_task_marker_parent', 'example_external_task_marker_child']) retrieved from /home/airflow/.local/lib/python3.7/site-packages/airflow/example_dags/example_external_task_marker_dag.py
[2022-05-13 04:00:32,879] {logging_mixin.py:115} INFO - [2022-05-13 04:00:32,879] {dag.py:2371} INFO - Sync 2 DAGs
[2022-05-13 04:00:32,891] {logging_mixin.py:115} INFO - [2022-05-13 04:00:32,891] {dag.py:2919} INFO - Setting next_dagrun for example_external_task_marker_child to None, run_after=None
[2022-05-13 04:00:32,892] {logging_mixin.py:115} INFO - [2022-05-13 04:00:32,892] {dag.py:2919} INFO - Setting next_dagrun for example_external_task_marker_parent to None, run_after=None
[2022-05-13 04:00:32,899] {processor.py:161} INFO - Processing /home/airflow/.local/lib/python3.7/site-packages/airflow/example_dags/example_external_task_marker_dag.py took 0.054 seconds
[2022-05-13 04:01:03,605] {processor.py:153} INFO - Started process (PID=1054) to work on /home/airflow/.local/lib/python3.7/site-packages/airflow/example_dags/example_external_task_marker_dag.py
[2022-05-13 04:01:03,606] {processor.py:641} INFO - Processing file /home/airflow/.local/lib/python3.7/site-packages/airflow/example_dags/example_external_task_marker_dag.py for tasks to queue
[2022-05-13 04:01:03,607] {logging_mixin.py:115} INFO - [2022-05-13 04:01:03,607] {dagbag.py:507} INFO - Filling up the DagBag from /home/airflow/.local/lib/python3.7/site-packages/airflow/example_dags/example_external_task_marker_dag.py
[2022-05-13 04:01:03,610] {processor.py:651} INFO - DAG(s) dict_keys(['example_external_task_marker_parent', 'example_external_task_marker_child']) retrieved from /home/airflow/.local/lib/python3.7/site-packages/airflow/example_dags/example_external_task_marker_dag.py
[2022-05-13 04:01:03,637] {logging_mixin.py:115} INFO - [2022-05-13 04:01:03,637] {dag.py:2371} INFO - Sync 2 DAGs
[2022-05-13 04:01:03,651] {logging_mixin.py:115} INFO - [2022-05-13 04:01:03,651] {dag.py:2919} INFO - Setting next_dagrun for example_external_task_marker_child to None, run_after=None
[2022-05-13 04:01:03,652] {logging_mixin.py:115} INFO - [2022-05-13 04:01:03,652] {dag.py:2919} INFO - Setting next_dagrun for example_external_task_marker_parent to None, run_after=None
[2022-05-13 04:01:03,660] {processor.py:161} INFO - Processing /home/airflow/.local/lib/python3.7/site-packages/airflow/example_dags/example_external_task_marker_dag.py took 0.057 seconds
[2022-05-13 04:01:35,198] {processor.py:153} INFO - Started process (PID=1717) to work on /home/airflow/.local/lib/python3.7/site-packages/airflow/example_dags/example_external_task_marker_dag.py
[2022-05-13 04:01:35,199] {processor.py:641} INFO - Processing file /home/airflow/.local/lib/python3.7/site-packages/airflow/example_dags/example_external_task_marker_dag.py for tasks to queue
[2022-05-13 04:01:35,200] {logging_mixin.py:115} INFO - [2022-05-13 04:01:35,200] {dagbag.py:507} INFO - Filling up the DagBag from /home/airflow/.local/lib/python3.7/site-packages/airflow/example_dags/example_external_task_marker_dag.py
[2022-05-13 04:01:35,205] {processor.py:651} INFO - DAG(s) dict_keys(['example_external_task_marker_parent', 'example_external_task_marker_child']) retrieved from /home/airflow/.local/lib/python3.7/site-packages/airflow/example_dags/example_external_task_marker_dag.py
[2022-05-13 04:01:35,240] {logging_mixin.py:115} INFO - [2022-05-13 04:01:35,240] {dag.py:2371} INFO - Sync 2 DAGs
[2022-05-13 04:01:35,252] {logging_mixin.py:115} INFO - [2022-05-13 04:01:35,252] {dag.py:2919} INFO - Setting next_dagrun for example_external_task_marker_child to None, run_after=None
[2022-05-13 04:01:35,253] {logging_mixin.py:115} INFO - [2022-05-13 04:01:35,253] {dag.py:2919} INFO - Setting next_dagrun for example_external_task_marker_parent to None, run_after=None
[2022-05-13 04:01:35,261] {processor.py:161} INFO - Processing /home/airflow/.local/lib/python3.7/site-packages/airflow/example_dags/example_external_task_marker_dag.py took 0.066 seconds
[2022-05-13 04:02:06,125] {processor.py:153} INFO - Started process (PID=1943) to work on /home/airflow/.local/lib/python3.7/site-packages/airflow/example_dags/example_external_task_marker_dag.py
[2022-05-13 04:02:06,128] {processor.py:641} INFO - Processing file /home/airflow/.local/lib/python3.7/site-packages/airflow/example_dags/example_external_task_marker_dag.py for tasks to queue
[2022-05-13 04:02:06,130] {logging_mixin.py:115} INFO - [2022-05-13 04:02:06,130] {dagbag.py:507} INFO - Filling up the DagBag from /home/airflow/.local/lib/python3.7/site-packages/airflow/example_dags/example_external_task_marker_dag.py
[2022-05-13 04:02:06,133] {processor.py:651} INFO - DAG(s) dict_keys(['example_external_task_marker_parent', 'example_external_task_marker_child']) retrieved from /home/airflow/.local/lib/python3.7/site-packages/airflow/example_dags/example_external_task_marker_dag.py
[2022-05-13 04:02:06,161] {logging_mixin.py:115} INFO - [2022-05-13 04:02:06,161] {dag.py:2371} INFO - Sync 2 DAGs
[2022-05-13 04:02:06,175] {logging_mixin.py:115} INFO - [2022-05-13 04:02:06,174] {dag.py:2919} INFO - Setting next_dagrun for example_external_task_marker_child to None, run_after=None
[2022-05-13 04:02:06,176] {logging_mixin.py:115} INFO - [2022-05-13 04:02:06,176] {dag.py:2919} INFO - Setting next_dagrun for example_external_task_marker_parent to None, run_after=None
[2022-05-13 04:02:06,183] {processor.py:161} INFO - Processing /home/airflow/.local/lib/python3.7/site-packages/airflow/example_dags/example_external_task_marker_dag.py took 0.060 seconds
[2022-05-13 04:02:36,374] {processor.py:153} INFO - Started process (PID=2211) to work on /home/airflow/.local/lib/python3.7/site-packages/airflow/example_dags/example_external_task_marker_dag.py
[2022-05-13 04:02:36,376] {processor.py:641} INFO - Processing file /home/airflow/.local/lib/python3.7/site-packages/airflow/example_dags/example_external_task_marker_dag.py for tasks to queue
[2022-05-13 04:02:36,377] {logging_mixin.py:115} INFO - [2022-05-13 04:02:36,377] {dagbag.py:507} INFO - Filling up the DagBag from /home/airflow/.local/lib/python3.7/site-packages/airflow/example_dags/example_external_task_marker_dag.py
[2022-05-13 04:02:36,381] {processor.py:651} INFO - DAG(s) dict_keys(['example_external_task_marker_parent', 'example_external_task_marker_child']) retrieved from /home/airflow/.local/lib/python3.7/site-packages/airflow/example_dags/example_external_task_marker_dag.py
[2022-05-13 04:02:36,417] {logging_mixin.py:115} INFO - [2022-05-13 04:02:36,417] {dag.py:2371} INFO - Sync 2 DAGs
[2022-05-13 04:02:36,433] {logging_mixin.py:115} INFO - [2022-05-13 04:02:36,433] {dag.py:2919} INFO - Setting next_dagrun for example_external_task_marker_child to None, run_after=None
[2022-05-13 04:02:36,435] {logging_mixin.py:115} INFO - [2022-05-13 04:02:36,435] {dag.py:2919} INFO - Setting next_dagrun for example_external_task_marker_parent to None, run_after=None
[2022-05-13 04:02:36,444] {processor.py:161} INFO - Processing /home/airflow/.local/lib/python3.7/site-packages/airflow/example_dags/example_external_task_marker_dag.py took 0.074 seconds
[2022-05-13 04:03:06,727] {processor.py:153} INFO - Started process (PID=2598) to work on /home/airflow/.local/lib/python3.7/site-packages/airflow/example_dags/example_external_task_marker_dag.py
[2022-05-13 04:03:06,728] {processor.py:641} INFO - Processing file /home/airflow/.local/lib/python3.7/site-packages/airflow/example_dags/example_external_task_marker_dag.py for tasks to queue
[2022-05-13 04:03:06,729] {logging_mixin.py:115} INFO - [2022-05-13 04:03:06,729] {dagbag.py:507} INFO - Filling up the DagBag from /home/airflow/.local/lib/python3.7/site-packages/airflow/example_dags/example_external_task_marker_dag.py
[2022-05-13 04:03:06,732] {processor.py:651} INFO - DAG(s) dict_keys(['example_external_task_marker_parent', 'example_external_task_marker_child']) retrieved from /home/airflow/.local/lib/python3.7/site-packages/airflow/example_dags/example_external_task_marker_dag.py
[2022-05-13 04:03:06,758] {logging_mixin.py:115} INFO - [2022-05-13 04:03:06,758] {dag.py:2371} INFO - Sync 2 DAGs
[2022-05-13 04:03:06,778] {logging_mixin.py:115} INFO - [2022-05-13 04:03:06,778] {dag.py:2919} INFO - Setting next_dagrun for example_external_task_marker_child to None, run_after=None
[2022-05-13 04:03:06,779] {logging_mixin.py:115} INFO - [2022-05-13 04:03:06,779] {dag.py:2919} INFO - Setting next_dagrun for example_external_task_marker_parent to None, run_after=None
[2022-05-13 04:03:06,788] {processor.py:161} INFO - Processing /home/airflow/.local/lib/python3.7/site-packages/airflow/example_dags/example_external_task_marker_dag.py took 0.063 seconds
[2022-05-13 04:03:37,826] {processor.py:153} INFO - Started process (PID=2836) to work on /home/airflow/.local/lib/python3.7/site-packages/airflow/example_dags/example_external_task_marker_dag.py
[2022-05-13 04:03:37,827] {processor.py:641} INFO - Processing file /home/airflow/.local/lib/python3.7/site-packages/airflow/example_dags/example_external_task_marker_dag.py for tasks to queue
[2022-05-13 04:03:37,828] {logging_mixin.py:115} INFO - [2022-05-13 04:03:37,828] {dagbag.py:507} INFO - Filling up the DagBag from /home/airflow/.local/lib/python3.7/site-packages/airflow/example_dags/example_external_task_marker_dag.py
[2022-05-13 04:03:37,831] {processor.py:651} INFO - DAG(s) dict_keys(['example_external_task_marker_parent', 'example_external_task_marker_child']) retrieved from /home/airflow/.local/lib/python3.7/site-packages/airflow/example_dags/example_external_task_marker_dag.py
[2022-05-13 04:03:37,862] {logging_mixin.py:115} INFO - [2022-05-13 04:03:37,862] {dag.py:2371} INFO - Sync 2 DAGs
[2022-05-13 04:03:37,876] {logging_mixin.py:115} INFO - [2022-05-13 04:03:37,876] {dag.py:2919} INFO - Setting next_dagrun for example_external_task_marker_child to None, run_after=None
[2022-05-13 04:03:37,876] {logging_mixin.py:115} INFO - [2022-05-13 04:03:37,876] {dag.py:2919} INFO - Setting next_dagrun for example_external_task_marker_parent to None, run_after=None
[2022-05-13 04:03:37,887] {processor.py:161} INFO - Processing /home/airflow/.local/lib/python3.7/site-packages/airflow/example_dags/example_external_task_marker_dag.py took 0.063 seconds
[2022-05-13 06:14:12,789] {processor.py:153} INFO - Started process (PID=263) to work on /home/airflow/.local/lib/python3.7/site-packages/airflow/example_dags/example_external_task_marker_dag.py
[2022-05-13 06:14:12,790] {processor.py:641} INFO - Processing file /home/airflow/.local/lib/python3.7/site-packages/airflow/example_dags/example_external_task_marker_dag.py for tasks to queue
[2022-05-13 06:14:12,791] {logging_mixin.py:115} INFO - [2022-05-13 06:14:12,791] {dagbag.py:507} INFO - Filling up the DagBag from /home/airflow/.local/lib/python3.7/site-packages/airflow/example_dags/example_external_task_marker_dag.py
[2022-05-13 06:14:12,795] {processor.py:651} INFO - DAG(s) dict_keys(['example_external_task_marker_parent', 'example_external_task_marker_child']) retrieved from /home/airflow/.local/lib/python3.7/site-packages/airflow/example_dags/example_external_task_marker_dag.py
[2022-05-13 06:14:12,825] {logging_mixin.py:115} INFO - [2022-05-13 06:14:12,825] {dag.py:2371} INFO - Sync 2 DAGs
[2022-05-13 06:14:12,840] {logging_mixin.py:115} INFO - [2022-05-13 06:14:12,840] {dag.py:2919} INFO - Setting next_dagrun for example_external_task_marker_child to None, run_after=None
[2022-05-13 06:14:12,841] {logging_mixin.py:115} INFO - [2022-05-13 06:14:12,841] {dag.py:2919} INFO - Setting next_dagrun for example_external_task_marker_parent to None, run_after=None
[2022-05-13 06:14:12,849] {processor.py:161} INFO - Processing /home/airflow/.local/lib/python3.7/site-packages/airflow/example_dags/example_external_task_marker_dag.py took 0.062 seconds
[2022-05-13 06:14:43,653] {processor.py:153} INFO - Started process (PID=547) to work on /home/airflow/.local/lib/python3.7/site-packages/airflow/example_dags/example_external_task_marker_dag.py
[2022-05-13 06:14:43,654] {processor.py:641} INFO - Processing file /home/airflow/.local/lib/python3.7/site-packages/airflow/example_dags/example_external_task_marker_dag.py for tasks to queue
[2022-05-13 06:14:43,656] {logging_mixin.py:115} INFO - [2022-05-13 06:14:43,656] {dagbag.py:507} INFO - Filling up the DagBag from /home/airflow/.local/lib/python3.7/site-packages/airflow/example_dags/example_external_task_marker_dag.py
[2022-05-13 06:14:43,658] {processor.py:651} INFO - DAG(s) dict_keys(['example_external_task_marker_parent', 'example_external_task_marker_child']) retrieved from /home/airflow/.local/lib/python3.7/site-packages/airflow/example_dags/example_external_task_marker_dag.py
[2022-05-13 06:14:43,682] {logging_mixin.py:115} INFO - [2022-05-13 06:14:43,682] {dag.py:2371} INFO - Sync 2 DAGs
[2022-05-13 06:14:43,694] {logging_mixin.py:115} INFO - [2022-05-13 06:14:43,694] {dag.py:2919} INFO - Setting next_dagrun for example_external_task_marker_child to None, run_after=None
[2022-05-13 06:14:43,695] {logging_mixin.py:115} INFO - [2022-05-13 06:14:43,695] {dag.py:2919} INFO - Setting next_dagrun for example_external_task_marker_parent to None, run_after=None
[2022-05-13 06:14:43,701] {processor.py:161} INFO - Processing /home/airflow/.local/lib/python3.7/site-packages/airflow/example_dags/example_external_task_marker_dag.py took 0.050 seconds
[2022-05-13 06:15:14,730] {processor.py:153} INFO - Started process (PID=765) to work on /home/airflow/.local/lib/python3.7/site-packages/airflow/example_dags/example_external_task_marker_dag.py
[2022-05-13 06:15:14,731] {processor.py:641} INFO - Processing file /home/airflow/.local/lib/python3.7/site-packages/airflow/example_dags/example_external_task_marker_dag.py for tasks to queue
[2022-05-13 06:15:14,732] {logging_mixin.py:115} INFO - [2022-05-13 06:15:14,732] {dagbag.py:507} INFO - Filling up the DagBag from /home/airflow/.local/lib/python3.7/site-packages/airflow/example_dags/example_external_task_marker_dag.py
[2022-05-13 06:15:14,735] {processor.py:651} INFO - DAG(s) dict_keys(['example_external_task_marker_parent', 'example_external_task_marker_child']) retrieved from /home/airflow/.local/lib/python3.7/site-packages/airflow/example_dags/example_external_task_marker_dag.py
[2022-05-13 06:15:14,763] {logging_mixin.py:115} INFO - [2022-05-13 06:15:14,763] {dag.py:2371} INFO - Sync 2 DAGs
[2022-05-13 06:15:14,778] {logging_mixin.py:115} INFO - [2022-05-13 06:15:14,778] {dag.py:2919} INFO - Setting next_dagrun for example_external_task_marker_child to None, run_after=None
[2022-05-13 06:15:14,779] {logging_mixin.py:115} INFO - [2022-05-13 06:15:14,779] {dag.py:2919} INFO - Setting next_dagrun for example_external_task_marker_parent to None, run_after=None
[2022-05-13 06:15:14,787] {processor.py:161} INFO - Processing /home/airflow/.local/lib/python3.7/site-packages/airflow/example_dags/example_external_task_marker_dag.py took 0.060 seconds
[2022-05-13 06:15:45,572] {processor.py:153} INFO - Started process (PID=1149) to work on /home/airflow/.local/lib/python3.7/site-packages/airflow/example_dags/example_external_task_marker_dag.py
[2022-05-13 06:15:45,573] {processor.py:641} INFO - Processing file /home/airflow/.local/lib/python3.7/site-packages/airflow/example_dags/example_external_task_marker_dag.py for tasks to queue
[2022-05-13 06:15:45,574] {logging_mixin.py:115} INFO - [2022-05-13 06:15:45,574] {dagbag.py:507} INFO - Filling up the DagBag from /home/airflow/.local/lib/python3.7/site-packages/airflow/example_dags/example_external_task_marker_dag.py
[2022-05-13 06:15:45,578] {processor.py:651} INFO - DAG(s) dict_keys(['example_external_task_marker_parent', 'example_external_task_marker_child']) retrieved from /home/airflow/.local/lib/python3.7/site-packages/airflow/example_dags/example_external_task_marker_dag.py
[2022-05-13 06:15:45,605] {logging_mixin.py:115} INFO - [2022-05-13 06:15:45,605] {dag.py:2371} INFO - Sync 2 DAGs
[2022-05-13 06:15:45,621] {logging_mixin.py:115} INFO - [2022-05-13 06:15:45,621] {dag.py:2919} INFO - Setting next_dagrun for example_external_task_marker_child to None, run_after=None
[2022-05-13 06:15:45,622] {logging_mixin.py:115} INFO - [2022-05-13 06:15:45,622] {dag.py:2919} INFO - Setting next_dagrun for example_external_task_marker_parent to None, run_after=None
[2022-05-13 06:15:45,631] {processor.py:161} INFO - Processing /home/airflow/.local/lib/python3.7/site-packages/airflow/example_dags/example_external_task_marker_dag.py took 0.061 seconds
[2022-05-13 06:16:16,830] {processor.py:153} INFO - Started process (PID=1390) to work on /home/airflow/.local/lib/python3.7/site-packages/airflow/example_dags/example_external_task_marker_dag.py
[2022-05-13 06:16:16,835] {processor.py:641} INFO - Processing file /home/airflow/.local/lib/python3.7/site-packages/airflow/example_dags/example_external_task_marker_dag.py for tasks to queue
[2022-05-13 06:16:16,837] {logging_mixin.py:115} INFO - [2022-05-13 06:16:16,836] {dagbag.py:507} INFO - Filling up the DagBag from /home/airflow/.local/lib/python3.7/site-packages/airflow/example_dags/example_external_task_marker_dag.py
[2022-05-13 06:16:16,846] {processor.py:651} INFO - DAG(s) dict_keys(['example_external_task_marker_parent', 'example_external_task_marker_child']) retrieved from /home/airflow/.local/lib/python3.7/site-packages/airflow/example_dags/example_external_task_marker_dag.py
[2022-05-13 06:16:16,883] {logging_mixin.py:115} INFO - [2022-05-13 06:16:16,883] {dag.py:2371} INFO - Sync 2 DAGs
[2022-05-13 06:16:16,901] {logging_mixin.py:115} INFO - [2022-05-13 06:16:16,901] {dag.py:2919} INFO - Setting next_dagrun for example_external_task_marker_child to None, run_after=None
[2022-05-13 06:16:16,903] {logging_mixin.py:115} INFO - [2022-05-13 06:16:16,903] {dag.py:2919} INFO - Setting next_dagrun for example_external_task_marker_parent to None, run_after=None
[2022-05-13 06:16:16,911] {processor.py:161} INFO - Processing /home/airflow/.local/lib/python3.7/site-packages/airflow/example_dags/example_external_task_marker_dag.py took 0.082 seconds
[2022-05-13 07:26:25,364] {processor.py:153} INFO - Started process (PID=264) to work on /home/airflow/.local/lib/python3.7/site-packages/airflow/example_dags/example_external_task_marker_dag.py
[2022-05-13 07:26:25,366] {processor.py:641} INFO - Processing file /home/airflow/.local/lib/python3.7/site-packages/airflow/example_dags/example_external_task_marker_dag.py for tasks to queue
[2022-05-13 07:26:25,367] {logging_mixin.py:115} INFO - [2022-05-13 07:26:25,367] {dagbag.py:507} INFO - Filling up the DagBag from /home/airflow/.local/lib/python3.7/site-packages/airflow/example_dags/example_external_task_marker_dag.py
[2022-05-13 07:26:25,371] {processor.py:651} INFO - DAG(s) dict_keys(['example_external_task_marker_parent', 'example_external_task_marker_child']) retrieved from /home/airflow/.local/lib/python3.7/site-packages/airflow/example_dags/example_external_task_marker_dag.py
[2022-05-13 07:26:25,399] {logging_mixin.py:115} INFO - [2022-05-13 07:26:25,398] {dag.py:2371} INFO - Sync 2 DAGs
[2022-05-13 07:26:25,412] {logging_mixin.py:115} INFO - [2022-05-13 07:26:25,412] {dag.py:2919} INFO - Setting next_dagrun for example_external_task_marker_child to None, run_after=None
[2022-05-13 07:26:25,413] {logging_mixin.py:115} INFO - [2022-05-13 07:26:25,413] {dag.py:2919} INFO - Setting next_dagrun for example_external_task_marker_parent to None, run_after=None
[2022-05-13 07:26:25,422] {processor.py:161} INFO - Processing /home/airflow/.local/lib/python3.7/site-packages/airflow/example_dags/example_external_task_marker_dag.py took 0.059 seconds
[2022-05-13 07:26:56,140] {processor.py:153} INFO - Started process (PID=480) to work on /home/airflow/.local/lib/python3.7/site-packages/airflow/example_dags/example_external_task_marker_dag.py
[2022-05-13 07:26:56,141] {processor.py:641} INFO - Processing file /home/airflow/.local/lib/python3.7/site-packages/airflow/example_dags/example_external_task_marker_dag.py for tasks to queue
[2022-05-13 07:26:56,142] {logging_mixin.py:115} INFO - [2022-05-13 07:26:56,142] {dagbag.py:507} INFO - Filling up the DagBag from /home/airflow/.local/lib/python3.7/site-packages/airflow/example_dags/example_external_task_marker_dag.py
[2022-05-13 07:26:56,145] {processor.py:651} INFO - DAG(s) dict_keys(['example_external_task_marker_parent', 'example_external_task_marker_child']) retrieved from /home/airflow/.local/lib/python3.7/site-packages/airflow/example_dags/example_external_task_marker_dag.py
[2022-05-13 07:26:56,171] {logging_mixin.py:115} INFO - [2022-05-13 07:26:56,171] {dag.py:2371} INFO - Sync 2 DAGs
[2022-05-13 07:26:56,190] {logging_mixin.py:115} INFO - [2022-05-13 07:26:56,190] {dag.py:2919} INFO - Setting next_dagrun for example_external_task_marker_child to None, run_after=None
[2022-05-13 07:26:56,191] {logging_mixin.py:115} INFO - [2022-05-13 07:26:56,191] {dag.py:2919} INFO - Setting next_dagrun for example_external_task_marker_parent to None, run_after=None
[2022-05-13 07:26:56,198] {processor.py:161} INFO - Processing /home/airflow/.local/lib/python3.7/site-packages/airflow/example_dags/example_external_task_marker_dag.py took 0.060 seconds
[2022-05-13 07:27:27,419] {processor.py:153} INFO - Started process (PID=751) to work on /home/airflow/.local/lib/python3.7/site-packages/airflow/example_dags/example_external_task_marker_dag.py
[2022-05-13 07:27:27,420] {processor.py:641} INFO - Processing file /home/airflow/.local/lib/python3.7/site-packages/airflow/example_dags/example_external_task_marker_dag.py for tasks to queue
[2022-05-13 07:27:27,422] {logging_mixin.py:115} INFO - [2022-05-13 07:27:27,422] {dagbag.py:507} INFO - Filling up the DagBag from /home/airflow/.local/lib/python3.7/site-packages/airflow/example_dags/example_external_task_marker_dag.py
[2022-05-13 07:27:27,427] {processor.py:651} INFO - DAG(s) dict_keys(['example_external_task_marker_parent', 'example_external_task_marker_child']) retrieved from /home/airflow/.local/lib/python3.7/site-packages/airflow/example_dags/example_external_task_marker_dag.py
[2022-05-13 07:27:27,460] {logging_mixin.py:115} INFO - [2022-05-13 07:27:27,460] {dag.py:2371} INFO - Sync 2 DAGs
[2022-05-13 07:27:27,474] {logging_mixin.py:115} INFO - [2022-05-13 07:27:27,474] {dag.py:2919} INFO - Setting next_dagrun for example_external_task_marker_child to None, run_after=None
[2022-05-13 07:27:27,475] {logging_mixin.py:115} INFO - [2022-05-13 07:27:27,475] {dag.py:2919} INFO - Setting next_dagrun for example_external_task_marker_parent to None, run_after=None
[2022-05-13 07:27:27,490] {processor.py:161} INFO - Processing /home/airflow/.local/lib/python3.7/site-packages/airflow/example_dags/example_external_task_marker_dag.py took 0.074 seconds
[2022-05-13 07:27:58,409] {processor.py:153} INFO - Started process (PID=986) to work on /home/airflow/.local/lib/python3.7/site-packages/airflow/example_dags/example_external_task_marker_dag.py
[2022-05-13 07:27:58,410] {processor.py:641} INFO - Processing file /home/airflow/.local/lib/python3.7/site-packages/airflow/example_dags/example_external_task_marker_dag.py for tasks to queue
[2022-05-13 07:27:58,411] {logging_mixin.py:115} INFO - [2022-05-13 07:27:58,411] {dagbag.py:507} INFO - Filling up the DagBag from /home/airflow/.local/lib/python3.7/site-packages/airflow/example_dags/example_external_task_marker_dag.py
[2022-05-13 07:27:58,414] {processor.py:651} INFO - DAG(s) dict_keys(['example_external_task_marker_parent', 'example_external_task_marker_child']) retrieved from /home/airflow/.local/lib/python3.7/site-packages/airflow/example_dags/example_external_task_marker_dag.py
[2022-05-13 07:27:58,442] {logging_mixin.py:115} INFO - [2022-05-13 07:27:58,442] {dag.py:2371} INFO - Sync 2 DAGs
[2022-05-13 07:27:58,454] {logging_mixin.py:115} INFO - [2022-05-13 07:27:58,454] {dag.py:2919} INFO - Setting next_dagrun for example_external_task_marker_child to None, run_after=None
[2022-05-13 07:27:58,455] {logging_mixin.py:115} INFO - [2022-05-13 07:27:58,455] {dag.py:2919} INFO - Setting next_dagrun for example_external_task_marker_parent to None, run_after=None
[2022-05-13 07:27:58,462] {processor.py:161} INFO - Processing /home/airflow/.local/lib/python3.7/site-packages/airflow/example_dags/example_external_task_marker_dag.py took 0.056 seconds
[2022-05-13 07:28:28,685] {processor.py:153} INFO - Started process (PID=1373) to work on /home/airflow/.local/lib/python3.7/site-packages/airflow/example_dags/example_external_task_marker_dag.py
[2022-05-13 07:28:28,699] {processor.py:641} INFO - Processing file /home/airflow/.local/lib/python3.7/site-packages/airflow/example_dags/example_external_task_marker_dag.py for tasks to queue
[2022-05-13 07:28:28,715] {logging_mixin.py:115} INFO - [2022-05-13 07:28:28,708] {dagbag.py:507} INFO - Filling up the DagBag from /home/airflow/.local/lib/python3.7/site-packages/airflow/example_dags/example_external_task_marker_dag.py
[2022-05-13 07:28:28,749] {processor.py:651} INFO - DAG(s) dict_keys(['example_external_task_marker_parent', 'example_external_task_marker_child']) retrieved from /home/airflow/.local/lib/python3.7/site-packages/airflow/example_dags/example_external_task_marker_dag.py
[2022-05-13 07:28:28,875] {logging_mixin.py:115} INFO - [2022-05-13 07:28:28,875] {dag.py:2371} INFO - Sync 2 DAGs
[2022-05-13 07:28:28,949] {logging_mixin.py:115} INFO - [2022-05-13 07:28:28,948] {dag.py:2919} INFO - Setting next_dagrun for example_external_task_marker_child to None, run_after=None
[2022-05-13 07:28:28,959] {logging_mixin.py:115} INFO - [2022-05-13 07:28:28,959] {dag.py:2919} INFO - Setting next_dagrun for example_external_task_marker_parent to None, run_after=None
[2022-05-13 07:28:29,041] {processor.py:161} INFO - Processing /home/airflow/.local/lib/python3.7/site-packages/airflow/example_dags/example_external_task_marker_dag.py took 0.395 seconds
[2022-05-13 07:28:59,226] {processor.py:153} INFO - Started process (PID=1830) to work on /home/airflow/.local/lib/python3.7/site-packages/airflow/example_dags/example_external_task_marker_dag.py
[2022-05-13 07:28:59,227] {processor.py:641} INFO - Processing file /home/airflow/.local/lib/python3.7/site-packages/airflow/example_dags/example_external_task_marker_dag.py for tasks to queue
[2022-05-13 07:28:59,228] {logging_mixin.py:115} INFO - [2022-05-13 07:28:59,228] {dagbag.py:507} INFO - Filling up the DagBag from /home/airflow/.local/lib/python3.7/site-packages/airflow/example_dags/example_external_task_marker_dag.py
[2022-05-13 07:28:59,232] {processor.py:651} INFO - DAG(s) dict_keys(['example_external_task_marker_parent', 'example_external_task_marker_child']) retrieved from /home/airflow/.local/lib/python3.7/site-packages/airflow/example_dags/example_external_task_marker_dag.py
[2022-05-13 07:28:59,260] {logging_mixin.py:115} INFO - [2022-05-13 07:28:59,260] {dag.py:2371} INFO - Sync 2 DAGs
[2022-05-13 07:28:59,273] {logging_mixin.py:115} INFO - [2022-05-13 07:28:59,273] {dag.py:2919} INFO - Setting next_dagrun for example_external_task_marker_child to None, run_after=None
[2022-05-13 07:28:59,275] {logging_mixin.py:115} INFO - [2022-05-13 07:28:59,275] {dag.py:2919} INFO - Setting next_dagrun for example_external_task_marker_parent to None, run_after=None
[2022-05-13 07:28:59,285] {processor.py:161} INFO - Processing /home/airflow/.local/lib/python3.7/site-packages/airflow/example_dags/example_external_task_marker_dag.py took 0.061 seconds
[2022-05-13 07:29:30,050] {processor.py:153} INFO - Started process (PID=2045) to work on /home/airflow/.local/lib/python3.7/site-packages/airflow/example_dags/example_external_task_marker_dag.py
[2022-05-13 07:29:30,051] {processor.py:641} INFO - Processing file /home/airflow/.local/lib/python3.7/site-packages/airflow/example_dags/example_external_task_marker_dag.py for tasks to queue
[2022-05-13 07:29:30,052] {logging_mixin.py:115} INFO - [2022-05-13 07:29:30,052] {dagbag.py:507} INFO - Filling up the DagBag from /home/airflow/.local/lib/python3.7/site-packages/airflow/example_dags/example_external_task_marker_dag.py
[2022-05-13 07:29:30,055] {processor.py:651} INFO - DAG(s) dict_keys(['example_external_task_marker_parent', 'example_external_task_marker_child']) retrieved from /home/airflow/.local/lib/python3.7/site-packages/airflow/example_dags/example_external_task_marker_dag.py
[2022-05-13 07:29:30,081] {logging_mixin.py:115} INFO - [2022-05-13 07:29:30,081] {dag.py:2371} INFO - Sync 2 DAGs
[2022-05-13 07:29:30,094] {logging_mixin.py:115} INFO - [2022-05-13 07:29:30,093] {dag.py:2919} INFO - Setting next_dagrun for example_external_task_marker_child to None, run_after=None
[2022-05-13 07:29:30,095] {logging_mixin.py:115} INFO - [2022-05-13 07:29:30,095] {dag.py:2919} INFO - Setting next_dagrun for example_external_task_marker_parent to None, run_after=None
[2022-05-13 07:29:30,102] {processor.py:161} INFO - Processing /home/airflow/.local/lib/python3.7/site-packages/airflow/example_dags/example_external_task_marker_dag.py took 0.055 seconds
[2022-05-13 07:30:00,788] {processor.py:153} INFO - Started process (PID=2260) to work on /home/airflow/.local/lib/python3.7/site-packages/airflow/example_dags/example_external_task_marker_dag.py
[2022-05-13 07:30:00,789] {processor.py:641} INFO - Processing file /home/airflow/.local/lib/python3.7/site-packages/airflow/example_dags/example_external_task_marker_dag.py for tasks to queue
[2022-05-13 07:30:00,790] {logging_mixin.py:115} INFO - [2022-05-13 07:30:00,790] {dagbag.py:507} INFO - Filling up the DagBag from /home/airflow/.local/lib/python3.7/site-packages/airflow/example_dags/example_external_task_marker_dag.py
[2022-05-13 07:30:00,794] {processor.py:651} INFO - DAG(s) dict_keys(['example_external_task_marker_parent', 'example_external_task_marker_child']) retrieved from /home/airflow/.local/lib/python3.7/site-packages/airflow/example_dags/example_external_task_marker_dag.py
[2022-05-13 07:30:00,821] {logging_mixin.py:115} INFO - [2022-05-13 07:30:00,821] {dag.py:2371} INFO - Sync 2 DAGs
[2022-05-13 07:30:00,834] {logging_mixin.py:115} INFO - [2022-05-13 07:30:00,834] {dag.py:2919} INFO - Setting next_dagrun for example_external_task_marker_child to None, run_after=None
[2022-05-13 07:30:00,835] {logging_mixin.py:115} INFO - [2022-05-13 07:30:00,835] {dag.py:2919} INFO - Setting next_dagrun for example_external_task_marker_parent to None, run_after=None
[2022-05-13 07:30:00,844] {processor.py:161} INFO - Processing /home/airflow/.local/lib/python3.7/site-packages/airflow/example_dags/example_external_task_marker_dag.py took 0.058 seconds
[2022-05-13 07:30:31,604] {processor.py:153} INFO - Started process (PID=2496) to work on /home/airflow/.local/lib/python3.7/site-packages/airflow/example_dags/example_external_task_marker_dag.py
[2022-05-13 07:30:31,606] {processor.py:641} INFO - Processing file /home/airflow/.local/lib/python3.7/site-packages/airflow/example_dags/example_external_task_marker_dag.py for tasks to queue
[2022-05-13 07:30:31,607] {logging_mixin.py:115} INFO - [2022-05-13 07:30:31,607] {dagbag.py:507} INFO - Filling up the DagBag from /home/airflow/.local/lib/python3.7/site-packages/airflow/example_dags/example_external_task_marker_dag.py
[2022-05-13 07:30:31,610] {processor.py:651} INFO - DAG(s) dict_keys(['example_external_task_marker_parent', 'example_external_task_marker_child']) retrieved from /home/airflow/.local/lib/python3.7/site-packages/airflow/example_dags/example_external_task_marker_dag.py
[2022-05-13 07:30:31,637] {logging_mixin.py:115} INFO - [2022-05-13 07:30:31,637] {dag.py:2371} INFO - Sync 2 DAGs
[2022-05-13 07:30:31,650] {logging_mixin.py:115} INFO - [2022-05-13 07:30:31,650] {dag.py:2919} INFO - Setting next_dagrun for example_external_task_marker_child to None, run_after=None
[2022-05-13 07:30:31,651] {logging_mixin.py:115} INFO - [2022-05-13 07:30:31,651] {dag.py:2919} INFO - Setting next_dagrun for example_external_task_marker_parent to None, run_after=None
[2022-05-13 07:30:31,660] {processor.py:161} INFO - Processing /home/airflow/.local/lib/python3.7/site-packages/airflow/example_dags/example_external_task_marker_dag.py took 0.057 seconds
[2022-05-13 07:31:02,233] {processor.py:153} INFO - Started process (PID=2711) to work on /home/airflow/.local/lib/python3.7/site-packages/airflow/example_dags/example_external_task_marker_dag.py
[2022-05-13 07:31:02,234] {processor.py:641} INFO - Processing file /home/airflow/.local/lib/python3.7/site-packages/airflow/example_dags/example_external_task_marker_dag.py for tasks to queue
[2022-05-13 07:31:02,235] {logging_mixin.py:115} INFO - [2022-05-13 07:31:02,235] {dagbag.py:507} INFO - Filling up the DagBag from /home/airflow/.local/lib/python3.7/site-packages/airflow/example_dags/example_external_task_marker_dag.py
[2022-05-13 07:31:02,239] {processor.py:651} INFO - DAG(s) dict_keys(['example_external_task_marker_parent', 'example_external_task_marker_child']) retrieved from /home/airflow/.local/lib/python3.7/site-packages/airflow/example_dags/example_external_task_marker_dag.py
[2022-05-13 07:31:02,266] {logging_mixin.py:115} INFO - [2022-05-13 07:31:02,266] {dag.py:2371} INFO - Sync 2 DAGs
[2022-05-13 07:31:02,279] {logging_mixin.py:115} INFO - [2022-05-13 07:31:02,279] {dag.py:2919} INFO - Setting next_dagrun for example_external_task_marker_child to None, run_after=None
[2022-05-13 07:31:02,280] {logging_mixin.py:115} INFO - [2022-05-13 07:31:02,280] {dag.py:2919} INFO - Setting next_dagrun for example_external_task_marker_parent to None, run_after=None
[2022-05-13 07:31:02,288] {processor.py:161} INFO - Processing /home/airflow/.local/lib/python3.7/site-packages/airflow/example_dags/example_external_task_marker_dag.py took 0.057 seconds
[2022-05-13 07:31:32,989] {processor.py:153} INFO - Started process (PID=2926) to work on /home/airflow/.local/lib/python3.7/site-packages/airflow/example_dags/example_external_task_marker_dag.py
[2022-05-13 07:31:32,990] {processor.py:641} INFO - Processing file /home/airflow/.local/lib/python3.7/site-packages/airflow/example_dags/example_external_task_marker_dag.py for tasks to queue
[2022-05-13 07:31:32,991] {logging_mixin.py:115} INFO - [2022-05-13 07:31:32,991] {dagbag.py:507} INFO - Filling up the DagBag from /home/airflow/.local/lib/python3.7/site-packages/airflow/example_dags/example_external_task_marker_dag.py
[2022-05-13 07:31:32,994] {processor.py:651} INFO - DAG(s) dict_keys(['example_external_task_marker_parent', 'example_external_task_marker_child']) retrieved from /home/airflow/.local/lib/python3.7/site-packages/airflow/example_dags/example_external_task_marker_dag.py
[2022-05-13 07:31:33,021] {logging_mixin.py:115} INFO - [2022-05-13 07:31:33,021] {dag.py:2371} INFO - Sync 2 DAGs
[2022-05-13 07:31:33,035] {logging_mixin.py:115} INFO - [2022-05-13 07:31:33,035] {dag.py:2919} INFO - Setting next_dagrun for example_external_task_marker_child to None, run_after=None
[2022-05-13 07:31:33,036] {logging_mixin.py:115} INFO - [2022-05-13 07:31:33,036] {dag.py:2919} INFO - Setting next_dagrun for example_external_task_marker_parent to None, run_after=None
[2022-05-13 07:31:33,043] {processor.py:161} INFO - Processing /home/airflow/.local/lib/python3.7/site-packages/airflow/example_dags/example_external_task_marker_dag.py took 0.057 seconds
[2022-05-13 07:32:03,738] {processor.py:153} INFO - Started process (PID=3131) to work on /home/airflow/.local/lib/python3.7/site-packages/airflow/example_dags/example_external_task_marker_dag.py
[2022-05-13 07:32:03,740] {processor.py:641} INFO - Processing file /home/airflow/.local/lib/python3.7/site-packages/airflow/example_dags/example_external_task_marker_dag.py for tasks to queue
[2022-05-13 07:32:03,741] {logging_mixin.py:115} INFO - [2022-05-13 07:32:03,741] {dagbag.py:507} INFO - Filling up the DagBag from /home/airflow/.local/lib/python3.7/site-packages/airflow/example_dags/example_external_task_marker_dag.py
[2022-05-13 07:32:03,746] {processor.py:651} INFO - DAG(s) dict_keys(['example_external_task_marker_parent', 'example_external_task_marker_child']) retrieved from /home/airflow/.local/lib/python3.7/site-packages/airflow/example_dags/example_external_task_marker_dag.py
[2022-05-13 07:32:03,781] {logging_mixin.py:115} INFO - [2022-05-13 07:32:03,781] {dag.py:2371} INFO - Sync 2 DAGs
[2022-05-13 07:32:03,801] {logging_mixin.py:115} INFO - [2022-05-13 07:32:03,800] {dag.py:2919} INFO - Setting next_dagrun for example_external_task_marker_child to None, run_after=None
[2022-05-13 07:32:03,802] {logging_mixin.py:115} INFO - [2022-05-13 07:32:03,802] {dag.py:2919} INFO - Setting next_dagrun for example_external_task_marker_parent to None, run_after=None
[2022-05-13 07:32:03,816] {processor.py:161} INFO - Processing /home/airflow/.local/lib/python3.7/site-packages/airflow/example_dags/example_external_task_marker_dag.py took 0.081 seconds
[2022-05-13 07:32:34,598] {processor.py:153} INFO - Started process (PID=3348) to work on /home/airflow/.local/lib/python3.7/site-packages/airflow/example_dags/example_external_task_marker_dag.py
[2022-05-13 07:32:34,599] {processor.py:641} INFO - Processing file /home/airflow/.local/lib/python3.7/site-packages/airflow/example_dags/example_external_task_marker_dag.py for tasks to queue
[2022-05-13 07:32:34,600] {logging_mixin.py:115} INFO - [2022-05-13 07:32:34,600] {dagbag.py:507} INFO - Filling up the DagBag from /home/airflow/.local/lib/python3.7/site-packages/airflow/example_dags/example_external_task_marker_dag.py
[2022-05-13 07:32:34,604] {processor.py:651} INFO - DAG(s) dict_keys(['example_external_task_marker_parent', 'example_external_task_marker_child']) retrieved from /home/airflow/.local/lib/python3.7/site-packages/airflow/example_dags/example_external_task_marker_dag.py
[2022-05-13 07:32:34,630] {logging_mixin.py:115} INFO - [2022-05-13 07:32:34,630] {dag.py:2371} INFO - Sync 2 DAGs
[2022-05-13 07:32:34,642] {logging_mixin.py:115} INFO - [2022-05-13 07:32:34,642] {dag.py:2919} INFO - Setting next_dagrun for example_external_task_marker_child to None, run_after=None
[2022-05-13 07:32:34,644] {logging_mixin.py:115} INFO - [2022-05-13 07:32:34,644] {dag.py:2919} INFO - Setting next_dagrun for example_external_task_marker_parent to None, run_after=None
[2022-05-13 07:32:34,650] {processor.py:161} INFO - Processing /home/airflow/.local/lib/python3.7/site-packages/airflow/example_dags/example_external_task_marker_dag.py took 0.054 seconds
[2022-05-13 07:33:05,218] {processor.py:153} INFO - Started process (PID=3562) to work on /home/airflow/.local/lib/python3.7/site-packages/airflow/example_dags/example_external_task_marker_dag.py
[2022-05-13 07:33:05,220] {processor.py:641} INFO - Processing file /home/airflow/.local/lib/python3.7/site-packages/airflow/example_dags/example_external_task_marker_dag.py for tasks to queue
[2022-05-13 07:33:05,222] {logging_mixin.py:115} INFO - [2022-05-13 07:33:05,222] {dagbag.py:507} INFO - Filling up the DagBag from /home/airflow/.local/lib/python3.7/site-packages/airflow/example_dags/example_external_task_marker_dag.py
[2022-05-13 07:33:05,227] {processor.py:651} INFO - DAG(s) dict_keys(['example_external_task_marker_parent', 'example_external_task_marker_child']) retrieved from /home/airflow/.local/lib/python3.7/site-packages/airflow/example_dags/example_external_task_marker_dag.py
[2022-05-13 07:33:05,261] {logging_mixin.py:115} INFO - [2022-05-13 07:33:05,261] {dag.py:2371} INFO - Sync 2 DAGs
[2022-05-13 07:33:05,280] {logging_mixin.py:115} INFO - [2022-05-13 07:33:05,280] {dag.py:2919} INFO - Setting next_dagrun for example_external_task_marker_child to None, run_after=None
[2022-05-13 07:33:05,281] {logging_mixin.py:115} INFO - [2022-05-13 07:33:05,281] {dag.py:2919} INFO - Setting next_dagrun for example_external_task_marker_parent to None, run_after=None
[2022-05-13 07:33:05,290] {processor.py:161} INFO - Processing /home/airflow/.local/lib/python3.7/site-packages/airflow/example_dags/example_external_task_marker_dag.py took 0.074 seconds
[2022-05-13 07:33:35,885] {processor.py:153} INFO - Started process (PID=3779) to work on /home/airflow/.local/lib/python3.7/site-packages/airflow/example_dags/example_external_task_marker_dag.py
[2022-05-13 07:33:35,887] {processor.py:641} INFO - Processing file /home/airflow/.local/lib/python3.7/site-packages/airflow/example_dags/example_external_task_marker_dag.py for tasks to queue
[2022-05-13 07:33:35,887] {logging_mixin.py:115} INFO - [2022-05-13 07:33:35,887] {dagbag.py:507} INFO - Filling up the DagBag from /home/airflow/.local/lib/python3.7/site-packages/airflow/example_dags/example_external_task_marker_dag.py
[2022-05-13 07:33:35,891] {processor.py:651} INFO - DAG(s) dict_keys(['example_external_task_marker_parent', 'example_external_task_marker_child']) retrieved from /home/airflow/.local/lib/python3.7/site-packages/airflow/example_dags/example_external_task_marker_dag.py
[2022-05-13 07:33:35,918] {logging_mixin.py:115} INFO - [2022-05-13 07:33:35,918] {dag.py:2371} INFO - Sync 2 DAGs
[2022-05-13 07:33:35,930] {logging_mixin.py:115} INFO - [2022-05-13 07:33:35,930] {dag.py:2919} INFO - Setting next_dagrun for example_external_task_marker_child to None, run_after=None
[2022-05-13 07:33:35,931] {logging_mixin.py:115} INFO - [2022-05-13 07:33:35,931] {dag.py:2919} INFO - Setting next_dagrun for example_external_task_marker_parent to None, run_after=None
[2022-05-13 07:33:35,939] {processor.py:161} INFO - Processing /home/airflow/.local/lib/python3.7/site-packages/airflow/example_dags/example_external_task_marker_dag.py took 0.056 seconds
[2022-05-13 07:34:06,946] {processor.py:153} INFO - Started process (PID=3996) to work on /home/airflow/.local/lib/python3.7/site-packages/airflow/example_dags/example_external_task_marker_dag.py
[2022-05-13 07:34:06,949] {processor.py:641} INFO - Processing file /home/airflow/.local/lib/python3.7/site-packages/airflow/example_dags/example_external_task_marker_dag.py for tasks to queue
[2022-05-13 07:34:06,952] {logging_mixin.py:115} INFO - [2022-05-13 07:34:06,952] {dagbag.py:507} INFO - Filling up the DagBag from /home/airflow/.local/lib/python3.7/site-packages/airflow/example_dags/example_external_task_marker_dag.py
[2022-05-13 07:34:06,957] {processor.py:651} INFO - DAG(s) dict_keys(['example_external_task_marker_parent', 'example_external_task_marker_child']) retrieved from /home/airflow/.local/lib/python3.7/site-packages/airflow/example_dags/example_external_task_marker_dag.py
[2022-05-13 07:34:06,996] {logging_mixin.py:115} INFO - [2022-05-13 07:34:06,996] {dag.py:2371} INFO - Sync 2 DAGs
[2022-05-13 07:34:07,011] {logging_mixin.py:115} INFO - [2022-05-13 07:34:07,011] {dag.py:2919} INFO - Setting next_dagrun for example_external_task_marker_child to None, run_after=None
[2022-05-13 07:34:07,013] {logging_mixin.py:115} INFO - [2022-05-13 07:34:07,012] {dag.py:2919} INFO - Setting next_dagrun for example_external_task_marker_parent to None, run_after=None
[2022-05-13 07:34:07,024] {processor.py:161} INFO - Processing /home/airflow/.local/lib/python3.7/site-packages/airflow/example_dags/example_external_task_marker_dag.py took 0.082 seconds
[2022-05-13 07:34:37,910] {processor.py:153} INFO - Started process (PID=4213) to work on /home/airflow/.local/lib/python3.7/site-packages/airflow/example_dags/example_external_task_marker_dag.py
[2022-05-13 07:34:37,911] {processor.py:641} INFO - Processing file /home/airflow/.local/lib/python3.7/site-packages/airflow/example_dags/example_external_task_marker_dag.py for tasks to queue
[2022-05-13 07:34:37,912] {logging_mixin.py:115} INFO - [2022-05-13 07:34:37,912] {dagbag.py:507} INFO - Filling up the DagBag from /home/airflow/.local/lib/python3.7/site-packages/airflow/example_dags/example_external_task_marker_dag.py
[2022-05-13 07:34:37,915] {processor.py:651} INFO - DAG(s) dict_keys(['example_external_task_marker_parent', 'example_external_task_marker_child']) retrieved from /home/airflow/.local/lib/python3.7/site-packages/airflow/example_dags/example_external_task_marker_dag.py
[2022-05-13 07:34:37,941] {logging_mixin.py:115} INFO - [2022-05-13 07:34:37,941] {dag.py:2371} INFO - Sync 2 DAGs
[2022-05-13 07:34:37,954] {logging_mixin.py:115} INFO - [2022-05-13 07:34:37,954] {dag.py:2919} INFO - Setting next_dagrun for example_external_task_marker_child to None, run_after=None
[2022-05-13 07:34:37,955] {logging_mixin.py:115} INFO - [2022-05-13 07:34:37,955] {dag.py:2919} INFO - Setting next_dagrun for example_external_task_marker_parent to None, run_after=None
[2022-05-13 07:34:37,962] {processor.py:161} INFO - Processing /home/airflow/.local/lib/python3.7/site-packages/airflow/example_dags/example_external_task_marker_dag.py took 0.055 seconds
[2022-05-13 07:35:08,614] {processor.py:153} INFO - Started process (PID=4427) to work on /home/airflow/.local/lib/python3.7/site-packages/airflow/example_dags/example_external_task_marker_dag.py
[2022-05-13 07:35:08,617] {processor.py:641} INFO - Processing file /home/airflow/.local/lib/python3.7/site-packages/airflow/example_dags/example_external_task_marker_dag.py for tasks to queue
[2022-05-13 07:35:08,618] {logging_mixin.py:115} INFO - [2022-05-13 07:35:08,618] {dagbag.py:507} INFO - Filling up the DagBag from /home/airflow/.local/lib/python3.7/site-packages/airflow/example_dags/example_external_task_marker_dag.py
[2022-05-13 07:35:08,622] {processor.py:651} INFO - DAG(s) dict_keys(['example_external_task_marker_parent', 'example_external_task_marker_child']) retrieved from /home/airflow/.local/lib/python3.7/site-packages/airflow/example_dags/example_external_task_marker_dag.py
[2022-05-13 07:35:08,654] {logging_mixin.py:115} INFO - [2022-05-13 07:35:08,654] {dag.py:2371} INFO - Sync 2 DAGs
[2022-05-13 07:35:08,668] {logging_mixin.py:115} INFO - [2022-05-13 07:35:08,668] {dag.py:2919} INFO - Setting next_dagrun for example_external_task_marker_child to None, run_after=None
[2022-05-13 07:35:08,670] {logging_mixin.py:115} INFO - [2022-05-13 07:35:08,670] {dag.py:2919} INFO - Setting next_dagrun for example_external_task_marker_parent to None, run_after=None
[2022-05-13 07:35:08,678] {processor.py:161} INFO - Processing /home/airflow/.local/lib/python3.7/site-packages/airflow/example_dags/example_external_task_marker_dag.py took 0.065 seconds
[2022-05-13 07:35:39,415] {processor.py:153} INFO - Started process (PID=4643) to work on /home/airflow/.local/lib/python3.7/site-packages/airflow/example_dags/example_external_task_marker_dag.py
[2022-05-13 07:35:39,416] {processor.py:641} INFO - Processing file /home/airflow/.local/lib/python3.7/site-packages/airflow/example_dags/example_external_task_marker_dag.py for tasks to queue
[2022-05-13 07:35:39,417] {logging_mixin.py:115} INFO - [2022-05-13 07:35:39,417] {dagbag.py:507} INFO - Filling up the DagBag from /home/airflow/.local/lib/python3.7/site-packages/airflow/example_dags/example_external_task_marker_dag.py
[2022-05-13 07:35:39,420] {processor.py:651} INFO - DAG(s) dict_keys(['example_external_task_marker_parent', 'example_external_task_marker_child']) retrieved from /home/airflow/.local/lib/python3.7/site-packages/airflow/example_dags/example_external_task_marker_dag.py
[2022-05-13 07:35:39,446] {logging_mixin.py:115} INFO - [2022-05-13 07:35:39,446] {dag.py:2371} INFO - Sync 2 DAGs
[2022-05-13 07:35:39,460] {logging_mixin.py:115} INFO - [2022-05-13 07:35:39,460] {dag.py:2919} INFO - Setting next_dagrun for example_external_task_marker_child to None, run_after=None
[2022-05-13 07:35:39,461] {logging_mixin.py:115} INFO - [2022-05-13 07:35:39,461] {dag.py:2919} INFO - Setting next_dagrun for example_external_task_marker_parent to None, run_after=None
[2022-05-13 07:35:39,469] {processor.py:161} INFO - Processing /home/airflow/.local/lib/python3.7/site-packages/airflow/example_dags/example_external_task_marker_dag.py took 0.056 seconds
[2022-05-13 07:36:10,158] {processor.py:153} INFO - Started process (PID=4850) to work on /home/airflow/.local/lib/python3.7/site-packages/airflow/example_dags/example_external_task_marker_dag.py
[2022-05-13 07:36:10,160] {processor.py:641} INFO - Processing file /home/airflow/.local/lib/python3.7/site-packages/airflow/example_dags/example_external_task_marker_dag.py for tasks to queue
[2022-05-13 07:36:10,160] {logging_mixin.py:115} INFO - [2022-05-13 07:36:10,160] {dagbag.py:507} INFO - Filling up the DagBag from /home/airflow/.local/lib/python3.7/site-packages/airflow/example_dags/example_external_task_marker_dag.py
[2022-05-13 07:36:10,165] {processor.py:651} INFO - DAG(s) dict_keys(['example_external_task_marker_parent', 'example_external_task_marker_child']) retrieved from /home/airflow/.local/lib/python3.7/site-packages/airflow/example_dags/example_external_task_marker_dag.py
[2022-05-13 07:36:10,192] {logging_mixin.py:115} INFO - [2022-05-13 07:36:10,192] {dag.py:2371} INFO - Sync 2 DAGs
[2022-05-13 07:36:10,205] {logging_mixin.py:115} INFO - [2022-05-13 07:36:10,205] {dag.py:2919} INFO - Setting next_dagrun for example_external_task_marker_child to None, run_after=None
[2022-05-13 07:36:10,207] {logging_mixin.py:115} INFO - [2022-05-13 07:36:10,207] {dag.py:2919} INFO - Setting next_dagrun for example_external_task_marker_parent to None, run_after=None
[2022-05-13 07:36:10,214] {processor.py:161} INFO - Processing /home/airflow/.local/lib/python3.7/site-packages/airflow/example_dags/example_external_task_marker_dag.py took 0.058 seconds
[2022-05-13 07:36:41,009] {processor.py:153} INFO - Started process (PID=5067) to work on /home/airflow/.local/lib/python3.7/site-packages/airflow/example_dags/example_external_task_marker_dag.py
[2022-05-13 07:36:41,011] {processor.py:641} INFO - Processing file /home/airflow/.local/lib/python3.7/site-packages/airflow/example_dags/example_external_task_marker_dag.py for tasks to queue
[2022-05-13 07:36:41,012] {logging_mixin.py:115} INFO - [2022-05-13 07:36:41,012] {dagbag.py:507} INFO - Filling up the DagBag from /home/airflow/.local/lib/python3.7/site-packages/airflow/example_dags/example_external_task_marker_dag.py
[2022-05-13 07:36:41,015] {processor.py:651} INFO - DAG(s) dict_keys(['example_external_task_marker_parent', 'example_external_task_marker_child']) retrieved from /home/airflow/.local/lib/python3.7/site-packages/airflow/example_dags/example_external_task_marker_dag.py
[2022-05-13 07:36:41,041] {logging_mixin.py:115} INFO - [2022-05-13 07:36:41,041] {dag.py:2371} INFO - Sync 2 DAGs
[2022-05-13 07:36:41,055] {logging_mixin.py:115} INFO - [2022-05-13 07:36:41,055] {dag.py:2919} INFO - Setting next_dagrun for example_external_task_marker_child to None, run_after=None
[2022-05-13 07:36:41,056] {logging_mixin.py:115} INFO - [2022-05-13 07:36:41,056] {dag.py:2919} INFO - Setting next_dagrun for example_external_task_marker_parent to None, run_after=None
[2022-05-13 07:36:41,063] {processor.py:161} INFO - Processing /home/airflow/.local/lib/python3.7/site-packages/airflow/example_dags/example_external_task_marker_dag.py took 0.056 seconds
[2022-05-13 07:37:11,738] {processor.py:153} INFO - Started process (PID=5281) to work on /home/airflow/.local/lib/python3.7/site-packages/airflow/example_dags/example_external_task_marker_dag.py
[2022-05-13 07:37:11,740] {processor.py:641} INFO - Processing file /home/airflow/.local/lib/python3.7/site-packages/airflow/example_dags/example_external_task_marker_dag.py for tasks to queue
[2022-05-13 07:37:11,740] {logging_mixin.py:115} INFO - [2022-05-13 07:37:11,740] {dagbag.py:507} INFO - Filling up the DagBag from /home/airflow/.local/lib/python3.7/site-packages/airflow/example_dags/example_external_task_marker_dag.py
[2022-05-13 07:37:11,744] {processor.py:651} INFO - DAG(s) dict_keys(['example_external_task_marker_parent', 'example_external_task_marker_child']) retrieved from /home/airflow/.local/lib/python3.7/site-packages/airflow/example_dags/example_external_task_marker_dag.py
[2022-05-13 07:37:11,769] {logging_mixin.py:115} INFO - [2022-05-13 07:37:11,769] {dag.py:2371} INFO - Sync 2 DAGs
[2022-05-13 07:37:11,781] {logging_mixin.py:115} INFO - [2022-05-13 07:37:11,781] {dag.py:2919} INFO - Setting next_dagrun for example_external_task_marker_child to None, run_after=None
[2022-05-13 07:37:11,782] {logging_mixin.py:115} INFO - [2022-05-13 07:37:11,782] {dag.py:2919} INFO - Setting next_dagrun for example_external_task_marker_parent to None, run_after=None
[2022-05-13 07:37:11,789] {processor.py:161} INFO - Processing /home/airflow/.local/lib/python3.7/site-packages/airflow/example_dags/example_external_task_marker_dag.py took 0.053 seconds
