[2022-05-13 03:38:57,586] {processor.py:153} INFO - Started process (PID=221) to work on /home/airflow/.local/lib/python3.7/site-packages/airflow/example_dags/example_task_group.py
[2022-05-13 03:38:57,590] {processor.py:641} INFO - Processing file /home/airflow/.local/lib/python3.7/site-packages/airflow/example_dags/example_task_group.py for tasks to queue
[2022-05-13 03:38:57,592] {logging_mixin.py:115} INFO - [2022-05-13 03:38:57,592] {dagbag.py:507} INFO - Filling up the DagBag from /home/airflow/.local/lib/python3.7/site-packages/airflow/example_dags/example_task_group.py
[2022-05-13 03:38:57,615] {processor.py:651} INFO - DAG(s) dict_keys(['example_task_group']) retrieved from /home/airflow/.local/lib/python3.7/site-packages/airflow/example_dags/example_task_group.py
[2022-05-13 03:38:57,639] {logging_mixin.py:115} INFO - [2022-05-13 03:38:57,639] {dag.py:2371} INFO - Sync 1 DAGs
[2022-05-13 03:38:57,662] {logging_mixin.py:115} INFO - [2022-05-13 03:38:57,662] {dag.py:2919} INFO - Setting next_dagrun for example_task_group to 2022-05-12T03:38:57.661971+00:00, run_after=2022-05-13T03:38:57.661971+00:00
[2022-05-13 03:38:57,673] {processor.py:161} INFO - Processing /home/airflow/.local/lib/python3.7/site-packages/airflow/example_dags/example_task_group.py took 0.095 seconds
[2022-05-13 03:39:28,091] {processor.py:153} INFO - Started process (PID=501) to work on /home/airflow/.local/lib/python3.7/site-packages/airflow/example_dags/example_task_group.py
[2022-05-13 03:39:28,095] {processor.py:641} INFO - Processing file /home/airflow/.local/lib/python3.7/site-packages/airflow/example_dags/example_task_group.py for tasks to queue
[2022-05-13 03:39:28,097] {logging_mixin.py:115} INFO - [2022-05-13 03:39:28,097] {dagbag.py:507} INFO - Filling up the DagBag from /home/airflow/.local/lib/python3.7/site-packages/airflow/example_dags/example_task_group.py
[2022-05-13 03:39:28,108] {processor.py:651} INFO - DAG(s) dict_keys(['example_task_group']) retrieved from /home/airflow/.local/lib/python3.7/site-packages/airflow/example_dags/example_task_group.py
[2022-05-13 03:39:28,146] {logging_mixin.py:115} INFO - [2022-05-13 03:39:28,146] {dag.py:2371} INFO - Sync 1 DAGs
[2022-05-13 03:39:28,177] {logging_mixin.py:115} INFO - [2022-05-13 03:39:28,177] {dag.py:2919} INFO - Setting next_dagrun for example_task_group to 2022-05-12T03:39:28.176669+00:00, run_after=2022-05-13T03:39:28.176669+00:00
[2022-05-13 03:39:28,230] {processor.py:161} INFO - Processing /home/airflow/.local/lib/python3.7/site-packages/airflow/example_dags/example_task_group.py took 0.145 seconds
[2022-05-13 03:39:59,258] {processor.py:153} INFO - Started process (PID=890) to work on /home/airflow/.local/lib/python3.7/site-packages/airflow/example_dags/example_task_group.py
[2022-05-13 03:39:59,262] {processor.py:641} INFO - Processing file /home/airflow/.local/lib/python3.7/site-packages/airflow/example_dags/example_task_group.py for tasks to queue
[2022-05-13 03:39:59,264] {logging_mixin.py:115} INFO - [2022-05-13 03:39:59,264] {dagbag.py:507} INFO - Filling up the DagBag from /home/airflow/.local/lib/python3.7/site-packages/airflow/example_dags/example_task_group.py
[2022-05-13 03:39:59,273] {processor.py:651} INFO - DAG(s) dict_keys(['example_task_group']) retrieved from /home/airflow/.local/lib/python3.7/site-packages/airflow/example_dags/example_task_group.py
[2022-05-13 03:39:59,294] {logging_mixin.py:115} INFO - [2022-05-13 03:39:59,294] {dag.py:2371} INFO - Sync 1 DAGs
[2022-05-13 03:39:59,308] {logging_mixin.py:115} INFO - [2022-05-13 03:39:59,308] {dag.py:2919} INFO - Setting next_dagrun for example_task_group to 2022-05-12T03:39:59.308316+00:00, run_after=2022-05-13T03:39:59.308316+00:00
[2022-05-13 03:39:59,316] {processor.py:161} INFO - Processing /home/airflow/.local/lib/python3.7/site-packages/airflow/example_dags/example_task_group.py took 0.066 seconds
[2022-05-13 03:40:29,430] {processor.py:153} INFO - Started process (PID=1108) to work on /home/airflow/.local/lib/python3.7/site-packages/airflow/example_dags/example_task_group.py
[2022-05-13 03:40:29,442] {processor.py:641} INFO - Processing file /home/airflow/.local/lib/python3.7/site-packages/airflow/example_dags/example_task_group.py for tasks to queue
[2022-05-13 03:40:29,447] {logging_mixin.py:115} INFO - [2022-05-13 03:40:29,446] {dagbag.py:507} INFO - Filling up the DagBag from /home/airflow/.local/lib/python3.7/site-packages/airflow/example_dags/example_task_group.py
[2022-05-13 03:40:29,454] {processor.py:651} INFO - DAG(s) dict_keys(['example_task_group']) retrieved from /home/airflow/.local/lib/python3.7/site-packages/airflow/example_dags/example_task_group.py
[2022-05-13 03:40:29,477] {logging_mixin.py:115} INFO - [2022-05-13 03:40:29,477] {dag.py:2371} INFO - Sync 1 DAGs
[2022-05-13 03:40:29,500] {logging_mixin.py:115} INFO - [2022-05-13 03:40:29,500] {dag.py:2919} INFO - Setting next_dagrun for example_task_group to 2022-05-12T03:40:29.500002+00:00, run_after=2022-05-13T03:40:29.500002+00:00
[2022-05-13 03:40:29,511] {processor.py:161} INFO - Processing /home/airflow/.local/lib/python3.7/site-packages/airflow/example_dags/example_task_group.py took 0.083 seconds
[2022-05-13 03:40:59,603] {processor.py:153} INFO - Started process (PID=1534) to work on /home/airflow/.local/lib/python3.7/site-packages/airflow/example_dags/example_task_group.py
[2022-05-13 03:40:59,604] {processor.py:641} INFO - Processing file /home/airflow/.local/lib/python3.7/site-packages/airflow/example_dags/example_task_group.py for tasks to queue
[2022-05-13 03:40:59,605] {logging_mixin.py:115} INFO - [2022-05-13 03:40:59,605] {dagbag.py:507} INFO - Filling up the DagBag from /home/airflow/.local/lib/python3.7/site-packages/airflow/example_dags/example_task_group.py
[2022-05-13 03:40:59,611] {processor.py:651} INFO - DAG(s) dict_keys(['example_task_group']) retrieved from /home/airflow/.local/lib/python3.7/site-packages/airflow/example_dags/example_task_group.py
[2022-05-13 03:40:59,628] {logging_mixin.py:115} INFO - [2022-05-13 03:40:59,628] {dag.py:2371} INFO - Sync 1 DAGs
[2022-05-13 03:40:59,642] {logging_mixin.py:115} INFO - [2022-05-13 03:40:59,642] {dag.py:2919} INFO - Setting next_dagrun for example_task_group to 2022-05-12T03:40:59.641935+00:00, run_after=2022-05-13T03:40:59.641935+00:00
[2022-05-13 03:40:59,650] {processor.py:161} INFO - Processing /home/airflow/.local/lib/python3.7/site-packages/airflow/example_dags/example_task_group.py took 0.049 seconds
[2022-05-13 03:41:29,795] {processor.py:153} INFO - Started process (PID=1751) to work on /home/airflow/.local/lib/python3.7/site-packages/airflow/example_dags/example_task_group.py
[2022-05-13 03:41:29,796] {processor.py:641} INFO - Processing file /home/airflow/.local/lib/python3.7/site-packages/airflow/example_dags/example_task_group.py for tasks to queue
[2022-05-13 03:41:29,797] {logging_mixin.py:115} INFO - [2022-05-13 03:41:29,797] {dagbag.py:507} INFO - Filling up the DagBag from /home/airflow/.local/lib/python3.7/site-packages/airflow/example_dags/example_task_group.py
[2022-05-13 03:41:29,802] {processor.py:651} INFO - DAG(s) dict_keys(['example_task_group']) retrieved from /home/airflow/.local/lib/python3.7/site-packages/airflow/example_dags/example_task_group.py
[2022-05-13 03:41:29,819] {logging_mixin.py:115} INFO - [2022-05-13 03:41:29,819] {dag.py:2371} INFO - Sync 1 DAGs
[2022-05-13 03:41:29,831] {logging_mixin.py:115} INFO - [2022-05-13 03:41:29,831] {dag.py:2919} INFO - Setting next_dagrun for example_task_group to 2022-05-12T03:41:29.831563+00:00, run_after=2022-05-13T03:41:29.831563+00:00
[2022-05-13 03:41:29,839] {processor.py:161} INFO - Processing /home/airflow/.local/lib/python3.7/site-packages/airflow/example_dags/example_task_group.py took 0.046 seconds
[2022-05-13 03:42:00,676] {processor.py:153} INFO - Started process (PID=1985) to work on /home/airflow/.local/lib/python3.7/site-packages/airflow/example_dags/example_task_group.py
[2022-05-13 03:42:00,677] {processor.py:641} INFO - Processing file /home/airflow/.local/lib/python3.7/site-packages/airflow/example_dags/example_task_group.py for tasks to queue
[2022-05-13 03:42:00,679] {logging_mixin.py:115} INFO - [2022-05-13 03:42:00,678] {dagbag.py:507} INFO - Filling up the DagBag from /home/airflow/.local/lib/python3.7/site-packages/airflow/example_dags/example_task_group.py
[2022-05-13 03:42:00,684] {processor.py:651} INFO - DAG(s) dict_keys(['example_task_group']) retrieved from /home/airflow/.local/lib/python3.7/site-packages/airflow/example_dags/example_task_group.py
[2022-05-13 03:42:00,702] {logging_mixin.py:115} INFO - [2022-05-13 03:42:00,702] {dag.py:2371} INFO - Sync 1 DAGs
[2022-05-13 03:42:00,716] {logging_mixin.py:115} INFO - [2022-05-13 03:42:00,716] {dag.py:2919} INFO - Setting next_dagrun for example_task_group to 2022-05-12T03:42:00.715909+00:00, run_after=2022-05-13T03:42:00.715909+00:00
[2022-05-13 03:42:00,724] {processor.py:161} INFO - Processing /home/airflow/.local/lib/python3.7/site-packages/airflow/example_dags/example_task_group.py took 0.050 seconds
[2022-05-13 03:42:31,657] {processor.py:153} INFO - Started process (PID=2200) to work on /home/airflow/.local/lib/python3.7/site-packages/airflow/example_dags/example_task_group.py
[2022-05-13 03:42:31,658] {processor.py:641} INFO - Processing file /home/airflow/.local/lib/python3.7/site-packages/airflow/example_dags/example_task_group.py for tasks to queue
[2022-05-13 03:42:31,659] {logging_mixin.py:115} INFO - [2022-05-13 03:42:31,659] {dagbag.py:507} INFO - Filling up the DagBag from /home/airflow/.local/lib/python3.7/site-packages/airflow/example_dags/example_task_group.py
[2022-05-13 03:42:31,664] {processor.py:651} INFO - DAG(s) dict_keys(['example_task_group']) retrieved from /home/airflow/.local/lib/python3.7/site-packages/airflow/example_dags/example_task_group.py
[2022-05-13 03:42:31,681] {logging_mixin.py:115} INFO - [2022-05-13 03:42:31,681] {dag.py:2371} INFO - Sync 1 DAGs
[2022-05-13 03:42:31,694] {logging_mixin.py:115} INFO - [2022-05-13 03:42:31,694] {dag.py:2919} INFO - Setting next_dagrun for example_task_group to 2022-05-12T03:42:31.694623+00:00, run_after=2022-05-13T03:42:31.694623+00:00
[2022-05-13 03:42:31,703] {processor.py:161} INFO - Processing /home/airflow/.local/lib/python3.7/site-packages/airflow/example_dags/example_task_group.py took 0.048 seconds
