[2022-05-13 03:38:58,722] {processor.py:153} INFO - Started process (PID=343) to work on /home/airflow/.local/lib/python3.7/site-packages/airflow/example_dags/example_python_operator.py
[2022-05-13 03:38:58,723] {processor.py:641} INFO - Processing file /home/airflow/.local/lib/python3.7/site-packages/airflow/example_dags/example_python_operator.py for tasks to queue
[2022-05-13 03:38:58,725] {logging_mixin.py:115} INFO - [2022-05-13 03:38:58,725] {dagbag.py:507} INFO - Filling up the DagBag from /home/airflow/.local/lib/python3.7/site-packages/airflow/example_dags/example_python_operator.py
[2022-05-13 03:38:58,739] {processor.py:651} INFO - DAG(s) dict_keys(['example_python_operator']) retrieved from /home/airflow/.local/lib/python3.7/site-packages/airflow/example_dags/example_python_operator.py
[2022-05-13 03:38:58,762] {logging_mixin.py:115} INFO - [2022-05-13 03:38:58,762] {dag.py:2371} INFO - Sync 1 DAGs
[2022-05-13 03:38:58,787] {logging_mixin.py:115} INFO - [2022-05-13 03:38:58,787] {dag.py:2919} INFO - Setting next_dagrun for example_python_operator to None, run_after=None
[2022-05-13 03:38:58,800] {processor.py:161} INFO - Processing /home/airflow/.local/lib/python3.7/site-packages/airflow/example_dags/example_python_operator.py took 0.081 seconds
[2022-05-13 03:39:28,988] {processor.py:153} INFO - Started process (PID=576) to work on /home/airflow/.local/lib/python3.7/site-packages/airflow/example_dags/example_python_operator.py
[2022-05-13 03:39:28,989] {processor.py:641} INFO - Processing file /home/airflow/.local/lib/python3.7/site-packages/airflow/example_dags/example_python_operator.py for tasks to queue
[2022-05-13 03:39:28,991] {logging_mixin.py:115} INFO - [2022-05-13 03:39:28,991] {dagbag.py:507} INFO - Filling up the DagBag from /home/airflow/.local/lib/python3.7/site-packages/airflow/example_dags/example_python_operator.py
[2022-05-13 03:39:29,003] {processor.py:651} INFO - DAG(s) dict_keys(['example_python_operator']) retrieved from /home/airflow/.local/lib/python3.7/site-packages/airflow/example_dags/example_python_operator.py
[2022-05-13 03:39:29,023] {logging_mixin.py:115} INFO - [2022-05-13 03:39:29,023] {dag.py:2371} INFO - Sync 1 DAGs
[2022-05-13 03:39:29,035] {logging_mixin.py:115} INFO - [2022-05-13 03:39:29,035] {dag.py:2919} INFO - Setting next_dagrun for example_python_operator to None, run_after=None
[2022-05-13 03:39:29,042] {processor.py:161} INFO - Processing /home/airflow/.local/lib/python3.7/site-packages/airflow/example_dags/example_python_operator.py took 0.057 seconds
[2022-05-13 03:39:59,873] {processor.py:153} INFO - Started process (PID=963) to work on /home/airflow/.local/lib/python3.7/site-packages/airflow/example_dags/example_python_operator.py
[2022-05-13 03:39:59,874] {processor.py:641} INFO - Processing file /home/airflow/.local/lib/python3.7/site-packages/airflow/example_dags/example_python_operator.py for tasks to queue
[2022-05-13 03:39:59,875] {logging_mixin.py:115} INFO - [2022-05-13 03:39:59,875] {dagbag.py:507} INFO - Filling up the DagBag from /home/airflow/.local/lib/python3.7/site-packages/airflow/example_dags/example_python_operator.py
[2022-05-13 03:39:59,886] {processor.py:651} INFO - DAG(s) dict_keys(['example_python_operator']) retrieved from /home/airflow/.local/lib/python3.7/site-packages/airflow/example_dags/example_python_operator.py
[2022-05-13 03:39:59,905] {logging_mixin.py:115} INFO - [2022-05-13 03:39:59,905] {dag.py:2371} INFO - Sync 1 DAGs
[2022-05-13 03:39:59,919] {logging_mixin.py:115} INFO - [2022-05-13 03:39:59,919] {dag.py:2919} INFO - Setting next_dagrun for example_python_operator to None, run_after=None
[2022-05-13 03:39:59,926] {processor.py:161} INFO - Processing /home/airflow/.local/lib/python3.7/site-packages/airflow/example_dags/example_python_operator.py took 0.055 seconds
[2022-05-13 03:40:30,135] {processor.py:153} INFO - Started process (PID=1183) to work on /home/airflow/.local/lib/python3.7/site-packages/airflow/example_dags/example_python_operator.py
[2022-05-13 03:40:30,136] {processor.py:641} INFO - Processing file /home/airflow/.local/lib/python3.7/site-packages/airflow/example_dags/example_python_operator.py for tasks to queue
[2022-05-13 03:40:30,137] {logging_mixin.py:115} INFO - [2022-05-13 03:40:30,137] {dagbag.py:507} INFO - Filling up the DagBag from /home/airflow/.local/lib/python3.7/site-packages/airflow/example_dags/example_python_operator.py
[2022-05-13 03:40:30,149] {processor.py:651} INFO - DAG(s) dict_keys(['example_python_operator']) retrieved from /home/airflow/.local/lib/python3.7/site-packages/airflow/example_dags/example_python_operator.py
[2022-05-13 03:40:30,168] {logging_mixin.py:115} INFO - [2022-05-13 03:40:30,167] {dag.py:2371} INFO - Sync 1 DAGs
[2022-05-13 03:40:30,180] {logging_mixin.py:115} INFO - [2022-05-13 03:40:30,180] {dag.py:2919} INFO - Setting next_dagrun for example_python_operator to None, run_after=None
[2022-05-13 03:40:30,188] {processor.py:161} INFO - Processing /home/airflow/.local/lib/python3.7/site-packages/airflow/example_dags/example_python_operator.py took 0.055 seconds
[2022-05-13 03:41:00,317] {processor.py:153} INFO - Started process (PID=1607) to work on /home/airflow/.local/lib/python3.7/site-packages/airflow/example_dags/example_python_operator.py
[2022-05-13 03:41:00,320] {processor.py:641} INFO - Processing file /home/airflow/.local/lib/python3.7/site-packages/airflow/example_dags/example_python_operator.py for tasks to queue
[2022-05-13 03:41:00,322] {logging_mixin.py:115} INFO - [2022-05-13 03:41:00,321] {dagbag.py:507} INFO - Filling up the DagBag from /home/airflow/.local/lib/python3.7/site-packages/airflow/example_dags/example_python_operator.py
[2022-05-13 03:41:00,336] {processor.py:651} INFO - DAG(s) dict_keys(['example_python_operator']) retrieved from /home/airflow/.local/lib/python3.7/site-packages/airflow/example_dags/example_python_operator.py
[2022-05-13 03:41:00,354] {logging_mixin.py:115} INFO - [2022-05-13 03:41:00,354] {dag.py:2371} INFO - Sync 1 DAGs
[2022-05-13 03:41:00,367] {logging_mixin.py:115} INFO - [2022-05-13 03:41:00,367] {dag.py:2919} INFO - Setting next_dagrun for example_python_operator to None, run_after=None
[2022-05-13 03:41:00,375] {processor.py:161} INFO - Processing /home/airflow/.local/lib/python3.7/site-packages/airflow/example_dags/example_python_operator.py took 0.060 seconds
[2022-05-13 03:41:30,436] {processor.py:153} INFO - Started process (PID=1824) to work on /home/airflow/.local/lib/python3.7/site-packages/airflow/example_dags/example_python_operator.py
[2022-05-13 03:41:30,438] {processor.py:641} INFO - Processing file /home/airflow/.local/lib/python3.7/site-packages/airflow/example_dags/example_python_operator.py for tasks to queue
[2022-05-13 03:41:30,439] {logging_mixin.py:115} INFO - [2022-05-13 03:41:30,439] {dagbag.py:507} INFO - Filling up the DagBag from /home/airflow/.local/lib/python3.7/site-packages/airflow/example_dags/example_python_operator.py
[2022-05-13 03:41:30,450] {processor.py:651} INFO - DAG(s) dict_keys(['example_python_operator']) retrieved from /home/airflow/.local/lib/python3.7/site-packages/airflow/example_dags/example_python_operator.py
[2022-05-13 03:41:30,467] {logging_mixin.py:115} INFO - [2022-05-13 03:41:30,467] {dag.py:2371} INFO - Sync 1 DAGs
[2022-05-13 03:41:30,479] {logging_mixin.py:115} INFO - [2022-05-13 03:41:30,479] {dag.py:2919} INFO - Setting next_dagrun for example_python_operator to None, run_after=None
[2022-05-13 03:41:30,488] {processor.py:161} INFO - Processing /home/airflow/.local/lib/python3.7/site-packages/airflow/example_dags/example_python_operator.py took 0.053 seconds
[2022-05-13 03:42:01,331] {processor.py:153} INFO - Started process (PID=2060) to work on /home/airflow/.local/lib/python3.7/site-packages/airflow/example_dags/example_python_operator.py
[2022-05-13 03:42:01,332] {processor.py:641} INFO - Processing file /home/airflow/.local/lib/python3.7/site-packages/airflow/example_dags/example_python_operator.py for tasks to queue
[2022-05-13 03:42:01,333] {logging_mixin.py:115} INFO - [2022-05-13 03:42:01,333] {dagbag.py:507} INFO - Filling up the DagBag from /home/airflow/.local/lib/python3.7/site-packages/airflow/example_dags/example_python_operator.py
[2022-05-13 03:42:01,345] {processor.py:651} INFO - DAG(s) dict_keys(['example_python_operator']) retrieved from /home/airflow/.local/lib/python3.7/site-packages/airflow/example_dags/example_python_operator.py
[2022-05-13 03:42:01,373] {logging_mixin.py:115} INFO - [2022-05-13 03:42:01,373] {dag.py:2371} INFO - Sync 1 DAGs
[2022-05-13 03:42:01,387] {logging_mixin.py:115} INFO - [2022-05-13 03:42:01,387] {dag.py:2919} INFO - Setting next_dagrun for example_python_operator to None, run_after=None
[2022-05-13 03:42:01,394] {processor.py:161} INFO - Processing /home/airflow/.local/lib/python3.7/site-packages/airflow/example_dags/example_python_operator.py took 0.066 seconds
[2022-05-13 03:42:32,279] {processor.py:153} INFO - Started process (PID=2277) to work on /home/airflow/.local/lib/python3.7/site-packages/airflow/example_dags/example_python_operator.py
[2022-05-13 03:42:32,280] {processor.py:641} INFO - Processing file /home/airflow/.local/lib/python3.7/site-packages/airflow/example_dags/example_python_operator.py for tasks to queue
[2022-05-13 03:42:32,282] {logging_mixin.py:115} INFO - [2022-05-13 03:42:32,282] {dagbag.py:507} INFO - Filling up the DagBag from /home/airflow/.local/lib/python3.7/site-packages/airflow/example_dags/example_python_operator.py
[2022-05-13 03:42:32,294] {processor.py:651} INFO - DAG(s) dict_keys(['example_python_operator']) retrieved from /home/airflow/.local/lib/python3.7/site-packages/airflow/example_dags/example_python_operator.py
[2022-05-13 03:42:32,315] {logging_mixin.py:115} INFO - [2022-05-13 03:42:32,315] {dag.py:2371} INFO - Sync 1 DAGs
[2022-05-13 03:42:32,332] {logging_mixin.py:115} INFO - [2022-05-13 03:42:32,332] {dag.py:2919} INFO - Setting next_dagrun for example_python_operator to None, run_after=None
[2022-05-13 03:42:32,343] {processor.py:161} INFO - Processing /home/airflow/.local/lib/python3.7/site-packages/airflow/example_dags/example_python_operator.py took 0.066 seconds
[2022-05-13 03:59:31,210] {processor.py:153} INFO - Started process (PID=290) to work on /home/airflow/.local/lib/python3.7/site-packages/airflow/example_dags/example_python_operator.py
[2022-05-13 03:59:31,212] {processor.py:641} INFO - Processing file /home/airflow/.local/lib/python3.7/site-packages/airflow/example_dags/example_python_operator.py for tasks to queue
[2022-05-13 03:59:31,213] {logging_mixin.py:115} INFO - [2022-05-13 03:59:31,213] {dagbag.py:507} INFO - Filling up the DagBag from /home/airflow/.local/lib/python3.7/site-packages/airflow/example_dags/example_python_operator.py
[2022-05-13 03:59:31,227] {processor.py:651} INFO - DAG(s) dict_keys(['example_python_operator']) retrieved from /home/airflow/.local/lib/python3.7/site-packages/airflow/example_dags/example_python_operator.py
[2022-05-13 03:59:31,247] {logging_mixin.py:115} INFO - [2022-05-13 03:59:31,247] {dag.py:2371} INFO - Sync 1 DAGs
[2022-05-13 03:59:31,262] {logging_mixin.py:115} INFO - [2022-05-13 03:59:31,262] {dag.py:2919} INFO - Setting next_dagrun for example_python_operator to None, run_after=None
[2022-05-13 03:59:31,272] {processor.py:161} INFO - Processing /home/airflow/.local/lib/python3.7/site-packages/airflow/example_dags/example_python_operator.py took 0.064 seconds
[2022-05-13 04:00:02,165] {processor.py:153} INFO - Started process (PID=509) to work on /home/airflow/.local/lib/python3.7/site-packages/airflow/example_dags/example_python_operator.py
[2022-05-13 04:00:02,166] {processor.py:641} INFO - Processing file /home/airflow/.local/lib/python3.7/site-packages/airflow/example_dags/example_python_operator.py for tasks to queue
[2022-05-13 04:00:02,167] {logging_mixin.py:115} INFO - [2022-05-13 04:00:02,167] {dagbag.py:507} INFO - Filling up the DagBag from /home/airflow/.local/lib/python3.7/site-packages/airflow/example_dags/example_python_operator.py
[2022-05-13 04:00:02,178] {processor.py:651} INFO - DAG(s) dict_keys(['example_python_operator']) retrieved from /home/airflow/.local/lib/python3.7/site-packages/airflow/example_dags/example_python_operator.py
[2022-05-13 04:00:02,196] {logging_mixin.py:115} INFO - [2022-05-13 04:00:02,196] {dag.py:2371} INFO - Sync 1 DAGs
[2022-05-13 04:00:02,210] {logging_mixin.py:115} INFO - [2022-05-13 04:00:02,210] {dag.py:2919} INFO - Setting next_dagrun for example_python_operator to None, run_after=None
[2022-05-13 04:00:02,218] {processor.py:161} INFO - Processing /home/airflow/.local/lib/python3.7/site-packages/airflow/example_dags/example_python_operator.py took 0.055 seconds
[2022-05-13 04:00:33,064] {processor.py:153} INFO - Started process (PID=797) to work on /home/airflow/.local/lib/python3.7/site-packages/airflow/example_dags/example_python_operator.py
[2022-05-13 04:00:33,065] {processor.py:641} INFO - Processing file /home/airflow/.local/lib/python3.7/site-packages/airflow/example_dags/example_python_operator.py for tasks to queue
[2022-05-13 04:00:33,066] {logging_mixin.py:115} INFO - [2022-05-13 04:00:33,066] {dagbag.py:507} INFO - Filling up the DagBag from /home/airflow/.local/lib/python3.7/site-packages/airflow/example_dags/example_python_operator.py
[2022-05-13 04:00:33,079] {processor.py:651} INFO - DAG(s) dict_keys(['example_python_operator']) retrieved from /home/airflow/.local/lib/python3.7/site-packages/airflow/example_dags/example_python_operator.py
[2022-05-13 04:00:33,095] {logging_mixin.py:115} INFO - [2022-05-13 04:00:33,095] {dag.py:2371} INFO - Sync 1 DAGs
[2022-05-13 04:00:33,112] {logging_mixin.py:115} INFO - [2022-05-13 04:00:33,112] {dag.py:2919} INFO - Setting next_dagrun for example_python_operator to None, run_after=None
[2022-05-13 04:00:33,120] {processor.py:161} INFO - Processing /home/airflow/.local/lib/python3.7/site-packages/airflow/example_dags/example_python_operator.py took 0.058 seconds
[2022-05-13 04:01:03,857] {processor.py:153} INFO - Started process (PID=1081) to work on /home/airflow/.local/lib/python3.7/site-packages/airflow/example_dags/example_python_operator.py
[2022-05-13 04:01:03,859] {processor.py:641} INFO - Processing file /home/airflow/.local/lib/python3.7/site-packages/airflow/example_dags/example_python_operator.py for tasks to queue
[2022-05-13 04:01:03,878] {logging_mixin.py:115} INFO - [2022-05-13 04:01:03,878] {dagbag.py:507} INFO - Filling up the DagBag from /home/airflow/.local/lib/python3.7/site-packages/airflow/example_dags/example_python_operator.py
[2022-05-13 04:01:03,903] {processor.py:651} INFO - DAG(s) dict_keys(['example_python_operator']) retrieved from /home/airflow/.local/lib/python3.7/site-packages/airflow/example_dags/example_python_operator.py
[2022-05-13 04:01:03,920] {logging_mixin.py:115} INFO - [2022-05-13 04:01:03,920] {dag.py:2371} INFO - Sync 1 DAGs
[2022-05-13 04:01:03,936] {logging_mixin.py:115} INFO - [2022-05-13 04:01:03,936] {dag.py:2919} INFO - Setting next_dagrun for example_python_operator to None, run_after=None
[2022-05-13 04:01:03,945] {processor.py:161} INFO - Processing /home/airflow/.local/lib/python3.7/site-packages/airflow/example_dags/example_python_operator.py took 0.090 seconds
[2022-05-13 04:01:35,502] {processor.py:153} INFO - Started process (PID=1742) to work on /home/airflow/.local/lib/python3.7/site-packages/airflow/example_dags/example_python_operator.py
[2022-05-13 04:01:35,503] {processor.py:641} INFO - Processing file /home/airflow/.local/lib/python3.7/site-packages/airflow/example_dags/example_python_operator.py for tasks to queue
[2022-05-13 04:01:35,505] {logging_mixin.py:115} INFO - [2022-05-13 04:01:35,505] {dagbag.py:507} INFO - Filling up the DagBag from /home/airflow/.local/lib/python3.7/site-packages/airflow/example_dags/example_python_operator.py
[2022-05-13 04:01:35,518] {processor.py:651} INFO - DAG(s) dict_keys(['example_python_operator']) retrieved from /home/airflow/.local/lib/python3.7/site-packages/airflow/example_dags/example_python_operator.py
[2022-05-13 04:01:35,540] {logging_mixin.py:115} INFO - [2022-05-13 04:01:35,540] {dag.py:2371} INFO - Sync 1 DAGs
[2022-05-13 04:01:35,554] {logging_mixin.py:115} INFO - [2022-05-13 04:01:35,554] {dag.py:2919} INFO - Setting next_dagrun for example_python_operator to None, run_after=None
[2022-05-13 04:01:35,563] {processor.py:161} INFO - Processing /home/airflow/.local/lib/python3.7/site-packages/airflow/example_dags/example_python_operator.py took 0.063 seconds
[2022-05-13 04:02:06,384] {processor.py:153} INFO - Started process (PID=1970) to work on /home/airflow/.local/lib/python3.7/site-packages/airflow/example_dags/example_python_operator.py
[2022-05-13 04:02:06,385] {processor.py:641} INFO - Processing file /home/airflow/.local/lib/python3.7/site-packages/airflow/example_dags/example_python_operator.py for tasks to queue
[2022-05-13 04:02:06,386] {logging_mixin.py:115} INFO - [2022-05-13 04:02:06,386] {dagbag.py:507} INFO - Filling up the DagBag from /home/airflow/.local/lib/python3.7/site-packages/airflow/example_dags/example_python_operator.py
[2022-05-13 04:02:06,396] {processor.py:651} INFO - DAG(s) dict_keys(['example_python_operator']) retrieved from /home/airflow/.local/lib/python3.7/site-packages/airflow/example_dags/example_python_operator.py
[2022-05-13 04:02:06,412] {logging_mixin.py:115} INFO - [2022-05-13 04:02:06,412] {dag.py:2371} INFO - Sync 1 DAGs
[2022-05-13 04:02:06,424] {logging_mixin.py:115} INFO - [2022-05-13 04:02:06,424] {dag.py:2919} INFO - Setting next_dagrun for example_python_operator to None, run_after=None
[2022-05-13 04:02:06,431] {processor.py:161} INFO - Processing /home/airflow/.local/lib/python3.7/site-packages/airflow/example_dags/example_python_operator.py took 0.049 seconds
[2022-05-13 04:02:36,907] {processor.py:153} INFO - Started process (PID=2238) to work on /home/airflow/.local/lib/python3.7/site-packages/airflow/example_dags/example_python_operator.py
[2022-05-13 04:02:36,908] {processor.py:641} INFO - Processing file /home/airflow/.local/lib/python3.7/site-packages/airflow/example_dags/example_python_operator.py for tasks to queue
[2022-05-13 04:02:36,910] {logging_mixin.py:115} INFO - [2022-05-13 04:02:36,910] {dagbag.py:507} INFO - Filling up the DagBag from /home/airflow/.local/lib/python3.7/site-packages/airflow/example_dags/example_python_operator.py
[2022-05-13 04:02:36,922] {processor.py:651} INFO - DAG(s) dict_keys(['example_python_operator']) retrieved from /home/airflow/.local/lib/python3.7/site-packages/airflow/example_dags/example_python_operator.py
[2022-05-13 04:02:36,940] {logging_mixin.py:115} INFO - [2022-05-13 04:02:36,940] {dag.py:2371} INFO - Sync 1 DAGs
[2022-05-13 04:02:36,954] {logging_mixin.py:115} INFO - [2022-05-13 04:02:36,954] {dag.py:2919} INFO - Setting next_dagrun for example_python_operator to None, run_after=None
[2022-05-13 04:02:36,968] {processor.py:161} INFO - Processing /home/airflow/.local/lib/python3.7/site-packages/airflow/example_dags/example_python_operator.py took 0.064 seconds
[2022-05-13 04:03:07,056] {processor.py:153} INFO - Started process (PID=2625) to work on /home/airflow/.local/lib/python3.7/site-packages/airflow/example_dags/example_python_operator.py
[2022-05-13 04:03:07,058] {processor.py:641} INFO - Processing file /home/airflow/.local/lib/python3.7/site-packages/airflow/example_dags/example_python_operator.py for tasks to queue
[2022-05-13 04:03:07,059] {logging_mixin.py:115} INFO - [2022-05-13 04:03:07,059] {dagbag.py:507} INFO - Filling up the DagBag from /home/airflow/.local/lib/python3.7/site-packages/airflow/example_dags/example_python_operator.py
[2022-05-13 04:03:07,070] {processor.py:651} INFO - DAG(s) dict_keys(['example_python_operator']) retrieved from /home/airflow/.local/lib/python3.7/site-packages/airflow/example_dags/example_python_operator.py
[2022-05-13 04:03:07,087] {logging_mixin.py:115} INFO - [2022-05-13 04:03:07,087] {dag.py:2371} INFO - Sync 1 DAGs
[2022-05-13 04:03:07,105] {logging_mixin.py:115} INFO - [2022-05-13 04:03:07,105] {dag.py:2919} INFO - Setting next_dagrun for example_python_operator to None, run_after=None
[2022-05-13 04:03:07,114] {processor.py:161} INFO - Processing /home/airflow/.local/lib/python3.7/site-packages/airflow/example_dags/example_python_operator.py took 0.060 seconds
[2022-05-13 04:03:38,097] {processor.py:153} INFO - Started process (PID=2861) to work on /home/airflow/.local/lib/python3.7/site-packages/airflow/example_dags/example_python_operator.py
[2022-05-13 04:03:38,099] {processor.py:641} INFO - Processing file /home/airflow/.local/lib/python3.7/site-packages/airflow/example_dags/example_python_operator.py for tasks to queue
[2022-05-13 04:03:38,100] {logging_mixin.py:115} INFO - [2022-05-13 04:03:38,100] {dagbag.py:507} INFO - Filling up the DagBag from /home/airflow/.local/lib/python3.7/site-packages/airflow/example_dags/example_python_operator.py
[2022-05-13 04:03:38,112] {processor.py:651} INFO - DAG(s) dict_keys(['example_python_operator']) retrieved from /home/airflow/.local/lib/python3.7/site-packages/airflow/example_dags/example_python_operator.py
[2022-05-13 04:03:38,130] {logging_mixin.py:115} INFO - [2022-05-13 04:03:38,130] {dag.py:2371} INFO - Sync 1 DAGs
[2022-05-13 04:03:38,144] {logging_mixin.py:115} INFO - [2022-05-13 04:03:38,143] {dag.py:2919} INFO - Setting next_dagrun for example_python_operator to None, run_after=None
[2022-05-13 04:03:38,152] {processor.py:161} INFO - Processing /home/airflow/.local/lib/python3.7/site-packages/airflow/example_dags/example_python_operator.py took 0.057 seconds
[2022-05-13 06:14:13,069] {processor.py:153} INFO - Started process (PID=290) to work on /home/airflow/.local/lib/python3.7/site-packages/airflow/example_dags/example_python_operator.py
[2022-05-13 06:14:13,071] {processor.py:641} INFO - Processing file /home/airflow/.local/lib/python3.7/site-packages/airflow/example_dags/example_python_operator.py for tasks to queue
[2022-05-13 06:14:13,072] {logging_mixin.py:115} INFO - [2022-05-13 06:14:13,072] {dagbag.py:507} INFO - Filling up the DagBag from /home/airflow/.local/lib/python3.7/site-packages/airflow/example_dags/example_python_operator.py
[2022-05-13 06:14:13,084] {processor.py:651} INFO - DAG(s) dict_keys(['example_python_operator']) retrieved from /home/airflow/.local/lib/python3.7/site-packages/airflow/example_dags/example_python_operator.py
[2022-05-13 06:14:13,102] {logging_mixin.py:115} INFO - [2022-05-13 06:14:13,102] {dag.py:2371} INFO - Sync 1 DAGs
[2022-05-13 06:14:13,116] {logging_mixin.py:115} INFO - [2022-05-13 06:14:13,116] {dag.py:2919} INFO - Setting next_dagrun for example_python_operator to None, run_after=None
[2022-05-13 06:14:13,125] {processor.py:161} INFO - Processing /home/airflow/.local/lib/python3.7/site-packages/airflow/example_dags/example_python_operator.py took 0.058 seconds
[2022-05-13 06:14:43,941] {processor.py:153} INFO - Started process (PID=570) to work on /home/airflow/.local/lib/python3.7/site-packages/airflow/example_dags/example_python_operator.py
[2022-05-13 06:14:43,942] {processor.py:641} INFO - Processing file /home/airflow/.local/lib/python3.7/site-packages/airflow/example_dags/example_python_operator.py for tasks to queue
[2022-05-13 06:14:43,943] {logging_mixin.py:115} INFO - [2022-05-13 06:14:43,943] {dagbag.py:507} INFO - Filling up the DagBag from /home/airflow/.local/lib/python3.7/site-packages/airflow/example_dags/example_python_operator.py
[2022-05-13 06:14:43,956] {processor.py:651} INFO - DAG(s) dict_keys(['example_python_operator']) retrieved from /home/airflow/.local/lib/python3.7/site-packages/airflow/example_dags/example_python_operator.py
[2022-05-13 06:14:43,973] {logging_mixin.py:115} INFO - [2022-05-13 06:14:43,972] {dag.py:2371} INFO - Sync 1 DAGs
[2022-05-13 06:14:43,985] {logging_mixin.py:115} INFO - [2022-05-13 06:14:43,985] {dag.py:2919} INFO - Setting next_dagrun for example_python_operator to None, run_after=None
[2022-05-13 06:14:43,997] {processor.py:161} INFO - Processing /home/airflow/.local/lib/python3.7/site-packages/airflow/example_dags/example_python_operator.py took 0.058 seconds
[2022-05-13 06:15:15,002] {processor.py:153} INFO - Started process (PID=792) to work on /home/airflow/.local/lib/python3.7/site-packages/airflow/example_dags/example_python_operator.py
[2022-05-13 06:15:15,003] {processor.py:641} INFO - Processing file /home/airflow/.local/lib/python3.7/site-packages/airflow/example_dags/example_python_operator.py for tasks to queue
[2022-05-13 06:15:15,005] {logging_mixin.py:115} INFO - [2022-05-13 06:15:15,005] {dagbag.py:507} INFO - Filling up the DagBag from /home/airflow/.local/lib/python3.7/site-packages/airflow/example_dags/example_python_operator.py
[2022-05-13 06:15:15,016] {processor.py:651} INFO - DAG(s) dict_keys(['example_python_operator']) retrieved from /home/airflow/.local/lib/python3.7/site-packages/airflow/example_dags/example_python_operator.py
[2022-05-13 06:15:15,033] {logging_mixin.py:115} INFO - [2022-05-13 06:15:15,033] {dag.py:2371} INFO - Sync 1 DAGs
[2022-05-13 06:15:15,046] {logging_mixin.py:115} INFO - [2022-05-13 06:15:15,046] {dag.py:2919} INFO - Setting next_dagrun for example_python_operator to None, run_after=None
[2022-05-13 06:15:15,053] {processor.py:161} INFO - Processing /home/airflow/.local/lib/python3.7/site-packages/airflow/example_dags/example_python_operator.py took 0.054 seconds
[2022-05-13 06:15:45,853] {processor.py:153} INFO - Started process (PID=1174) to work on /home/airflow/.local/lib/python3.7/site-packages/airflow/example_dags/example_python_operator.py
[2022-05-13 06:15:45,854] {processor.py:641} INFO - Processing file /home/airflow/.local/lib/python3.7/site-packages/airflow/example_dags/example_python_operator.py for tasks to queue
[2022-05-13 06:15:45,855] {logging_mixin.py:115} INFO - [2022-05-13 06:15:45,855] {dagbag.py:507} INFO - Filling up the DagBag from /home/airflow/.local/lib/python3.7/site-packages/airflow/example_dags/example_python_operator.py
[2022-05-13 06:15:45,866] {processor.py:651} INFO - DAG(s) dict_keys(['example_python_operator']) retrieved from /home/airflow/.local/lib/python3.7/site-packages/airflow/example_dags/example_python_operator.py
[2022-05-13 06:15:45,884] {logging_mixin.py:115} INFO - [2022-05-13 06:15:45,884] {dag.py:2371} INFO - Sync 1 DAGs
[2022-05-13 06:15:45,898] {logging_mixin.py:115} INFO - [2022-05-13 06:15:45,898] {dag.py:2919} INFO - Setting next_dagrun for example_python_operator to None, run_after=None
[2022-05-13 06:15:45,906] {processor.py:161} INFO - Processing /home/airflow/.local/lib/python3.7/site-packages/airflow/example_dags/example_python_operator.py took 0.055 seconds
[2022-05-13 06:16:17,120] {processor.py:153} INFO - Started process (PID=1413) to work on /home/airflow/.local/lib/python3.7/site-packages/airflow/example_dags/example_python_operator.py
[2022-05-13 06:16:17,122] {processor.py:641} INFO - Processing file /home/airflow/.local/lib/python3.7/site-packages/airflow/example_dags/example_python_operator.py for tasks to queue
[2022-05-13 06:16:17,123] {logging_mixin.py:115} INFO - [2022-05-13 06:16:17,123] {dagbag.py:507} INFO - Filling up the DagBag from /home/airflow/.local/lib/python3.7/site-packages/airflow/example_dags/example_python_operator.py
[2022-05-13 06:16:17,135] {processor.py:651} INFO - DAG(s) dict_keys(['example_python_operator']) retrieved from /home/airflow/.local/lib/python3.7/site-packages/airflow/example_dags/example_python_operator.py
[2022-05-13 06:16:17,154] {logging_mixin.py:115} INFO - [2022-05-13 06:16:17,154] {dag.py:2371} INFO - Sync 1 DAGs
[2022-05-13 06:16:17,171] {logging_mixin.py:115} INFO - [2022-05-13 06:16:17,171] {dag.py:2919} INFO - Setting next_dagrun for example_python_operator to None, run_after=None
[2022-05-13 06:16:17,179] {processor.py:161} INFO - Processing /home/airflow/.local/lib/python3.7/site-packages/airflow/example_dags/example_python_operator.py took 0.062 seconds
[2022-05-13 07:26:25,627] {processor.py:153} INFO - Started process (PID=289) to work on /home/airflow/.local/lib/python3.7/site-packages/airflow/example_dags/example_python_operator.py
[2022-05-13 07:26:25,629] {processor.py:641} INFO - Processing file /home/airflow/.local/lib/python3.7/site-packages/airflow/example_dags/example_python_operator.py for tasks to queue
[2022-05-13 07:26:25,630] {logging_mixin.py:115} INFO - [2022-05-13 07:26:25,630] {dagbag.py:507} INFO - Filling up the DagBag from /home/airflow/.local/lib/python3.7/site-packages/airflow/example_dags/example_python_operator.py
[2022-05-13 07:26:25,642] {processor.py:651} INFO - DAG(s) dict_keys(['example_python_operator']) retrieved from /home/airflow/.local/lib/python3.7/site-packages/airflow/example_dags/example_python_operator.py
[2022-05-13 07:26:25,660] {logging_mixin.py:115} INFO - [2022-05-13 07:26:25,660] {dag.py:2371} INFO - Sync 1 DAGs
[2022-05-13 07:26:25,674] {logging_mixin.py:115} INFO - [2022-05-13 07:26:25,674] {dag.py:2919} INFO - Setting next_dagrun for example_python_operator to None, run_after=None
[2022-05-13 07:26:25,682] {processor.py:161} INFO - Processing /home/airflow/.local/lib/python3.7/site-packages/airflow/example_dags/example_python_operator.py took 0.057 seconds
[2022-05-13 07:26:56,379] {processor.py:153} INFO - Started process (PID=505) to work on /home/airflow/.local/lib/python3.7/site-packages/airflow/example_dags/example_python_operator.py
[2022-05-13 07:26:56,381] {processor.py:641} INFO - Processing file /home/airflow/.local/lib/python3.7/site-packages/airflow/example_dags/example_python_operator.py for tasks to queue
[2022-05-13 07:26:56,382] {logging_mixin.py:115} INFO - [2022-05-13 07:26:56,382] {dagbag.py:507} INFO - Filling up the DagBag from /home/airflow/.local/lib/python3.7/site-packages/airflow/example_dags/example_python_operator.py
[2022-05-13 07:26:56,395] {processor.py:651} INFO - DAG(s) dict_keys(['example_python_operator']) retrieved from /home/airflow/.local/lib/python3.7/site-packages/airflow/example_dags/example_python_operator.py
[2022-05-13 07:26:56,414] {logging_mixin.py:115} INFO - [2022-05-13 07:26:56,414] {dag.py:2371} INFO - Sync 1 DAGs
[2022-05-13 07:26:56,426] {logging_mixin.py:115} INFO - [2022-05-13 07:26:56,426] {dag.py:2919} INFO - Setting next_dagrun for example_python_operator to None, run_after=None
[2022-05-13 07:26:56,434] {processor.py:161} INFO - Processing /home/airflow/.local/lib/python3.7/site-packages/airflow/example_dags/example_python_operator.py took 0.057 seconds
[2022-05-13 07:27:27,715] {processor.py:153} INFO - Started process (PID=774) to work on /home/airflow/.local/lib/python3.7/site-packages/airflow/example_dags/example_python_operator.py
[2022-05-13 07:27:27,717] {processor.py:641} INFO - Processing file /home/airflow/.local/lib/python3.7/site-packages/airflow/example_dags/example_python_operator.py for tasks to queue
[2022-05-13 07:27:27,718] {logging_mixin.py:115} INFO - [2022-05-13 07:27:27,718] {dagbag.py:507} INFO - Filling up the DagBag from /home/airflow/.local/lib/python3.7/site-packages/airflow/example_dags/example_python_operator.py
[2022-05-13 07:27:27,730] {processor.py:651} INFO - DAG(s) dict_keys(['example_python_operator']) retrieved from /home/airflow/.local/lib/python3.7/site-packages/airflow/example_dags/example_python_operator.py
[2022-05-13 07:27:27,754] {logging_mixin.py:115} INFO - [2022-05-13 07:27:27,754] {dag.py:2371} INFO - Sync 1 DAGs
[2022-05-13 07:27:27,768] {logging_mixin.py:115} INFO - [2022-05-13 07:27:27,768] {dag.py:2919} INFO - Setting next_dagrun for example_python_operator to None, run_after=None
[2022-05-13 07:27:27,778] {processor.py:161} INFO - Processing /home/airflow/.local/lib/python3.7/site-packages/airflow/example_dags/example_python_operator.py took 0.065 seconds
[2022-05-13 07:27:58,701] {processor.py:153} INFO - Started process (PID=1009) to work on /home/airflow/.local/lib/python3.7/site-packages/airflow/example_dags/example_python_operator.py
[2022-05-13 07:27:58,702] {processor.py:641} INFO - Processing file /home/airflow/.local/lib/python3.7/site-packages/airflow/example_dags/example_python_operator.py for tasks to queue
[2022-05-13 07:27:58,703] {logging_mixin.py:115} INFO - [2022-05-13 07:27:58,703] {dagbag.py:507} INFO - Filling up the DagBag from /home/airflow/.local/lib/python3.7/site-packages/airflow/example_dags/example_python_operator.py
[2022-05-13 07:27:58,715] {processor.py:651} INFO - DAG(s) dict_keys(['example_python_operator']) retrieved from /home/airflow/.local/lib/python3.7/site-packages/airflow/example_dags/example_python_operator.py
[2022-05-13 07:27:58,735] {logging_mixin.py:115} INFO - [2022-05-13 07:27:58,735] {dag.py:2371} INFO - Sync 1 DAGs
[2022-05-13 07:27:58,750] {logging_mixin.py:115} INFO - [2022-05-13 07:27:58,750] {dag.py:2919} INFO - Setting next_dagrun for example_python_operator to None, run_after=None
[2022-05-13 07:27:58,764] {processor.py:161} INFO - Processing /home/airflow/.local/lib/python3.7/site-packages/airflow/example_dags/example_python_operator.py took 0.066 seconds
[2022-05-13 07:28:29,535] {processor.py:153} INFO - Started process (PID=1398) to work on /home/airflow/.local/lib/python3.7/site-packages/airflow/example_dags/example_python_operator.py
[2022-05-13 07:28:29,537] {processor.py:641} INFO - Processing file /home/airflow/.local/lib/python3.7/site-packages/airflow/example_dags/example_python_operator.py for tasks to queue
[2022-05-13 07:28:29,538] {logging_mixin.py:115} INFO - [2022-05-13 07:28:29,537] {dagbag.py:507} INFO - Filling up the DagBag from /home/airflow/.local/lib/python3.7/site-packages/airflow/example_dags/example_python_operator.py
[2022-05-13 07:28:29,559] {processor.py:651} INFO - DAG(s) dict_keys(['example_python_operator']) retrieved from /home/airflow/.local/lib/python3.7/site-packages/airflow/example_dags/example_python_operator.py
[2022-05-13 07:28:29,585] {logging_mixin.py:115} INFO - [2022-05-13 07:28:29,585] {dag.py:2371} INFO - Sync 1 DAGs
[2022-05-13 07:28:29,607] {logging_mixin.py:115} INFO - [2022-05-13 07:28:29,607] {dag.py:2919} INFO - Setting next_dagrun for example_python_operator to None, run_after=None
[2022-05-13 07:28:29,620] {processor.py:161} INFO - Processing /home/airflow/.local/lib/python3.7/site-packages/airflow/example_dags/example_python_operator.py took 0.087 seconds
[2022-05-13 07:29:00,539] {processor.py:153} INFO - Started process (PID=1852) to work on /home/airflow/.local/lib/python3.7/site-packages/airflow/example_dags/example_python_operator.py
[2022-05-13 07:29:00,541] {processor.py:641} INFO - Processing file /home/airflow/.local/lib/python3.7/site-packages/airflow/example_dags/example_python_operator.py for tasks to queue
[2022-05-13 07:29:00,542] {logging_mixin.py:115} INFO - [2022-05-13 07:29:00,542] {dagbag.py:507} INFO - Filling up the DagBag from /home/airflow/.local/lib/python3.7/site-packages/airflow/example_dags/example_python_operator.py
[2022-05-13 07:29:00,553] {processor.py:651} INFO - DAG(s) dict_keys(['example_python_operator']) retrieved from /home/airflow/.local/lib/python3.7/site-packages/airflow/example_dags/example_python_operator.py
[2022-05-13 07:29:00,573] {logging_mixin.py:115} INFO - [2022-05-13 07:29:00,572] {dag.py:2371} INFO - Sync 1 DAGs
[2022-05-13 07:29:00,586] {logging_mixin.py:115} INFO - [2022-05-13 07:29:00,586] {dag.py:2919} INFO - Setting next_dagrun for example_python_operator to None, run_after=None
[2022-05-13 07:29:00,596] {processor.py:161} INFO - Processing /home/airflow/.local/lib/python3.7/site-packages/airflow/example_dags/example_python_operator.py took 0.059 seconds
[2022-05-13 07:29:31,233] {processor.py:153} INFO - Started process (PID=2072) to work on /home/airflow/.local/lib/python3.7/site-packages/airflow/example_dags/example_python_operator.py
[2022-05-13 07:29:31,234] {processor.py:641} INFO - Processing file /home/airflow/.local/lib/python3.7/site-packages/airflow/example_dags/example_python_operator.py for tasks to queue
[2022-05-13 07:29:31,235] {logging_mixin.py:115} INFO - [2022-05-13 07:29:31,235] {dagbag.py:507} INFO - Filling up the DagBag from /home/airflow/.local/lib/python3.7/site-packages/airflow/example_dags/example_python_operator.py
[2022-05-13 07:29:31,246] {processor.py:651} INFO - DAG(s) dict_keys(['example_python_operator']) retrieved from /home/airflow/.local/lib/python3.7/site-packages/airflow/example_dags/example_python_operator.py
[2022-05-13 07:29:31,261] {logging_mixin.py:115} INFO - [2022-05-13 07:29:31,261] {dag.py:2371} INFO - Sync 1 DAGs
[2022-05-13 07:29:31,274] {logging_mixin.py:115} INFO - [2022-05-13 07:29:31,274] {dag.py:2919} INFO - Setting next_dagrun for example_python_operator to None, run_after=None
[2022-05-13 07:29:31,282] {processor.py:161} INFO - Processing /home/airflow/.local/lib/python3.7/site-packages/airflow/example_dags/example_python_operator.py took 0.050 seconds
[2022-05-13 07:30:02,029] {processor.py:153} INFO - Started process (PID=2285) to work on /home/airflow/.local/lib/python3.7/site-packages/airflow/example_dags/example_python_operator.py
[2022-05-13 07:30:02,030] {processor.py:641} INFO - Processing file /home/airflow/.local/lib/python3.7/site-packages/airflow/example_dags/example_python_operator.py for tasks to queue
[2022-05-13 07:30:02,031] {logging_mixin.py:115} INFO - [2022-05-13 07:30:02,031] {dagbag.py:507} INFO - Filling up the DagBag from /home/airflow/.local/lib/python3.7/site-packages/airflow/example_dags/example_python_operator.py
[2022-05-13 07:30:02,041] {processor.py:651} INFO - DAG(s) dict_keys(['example_python_operator']) retrieved from /home/airflow/.local/lib/python3.7/site-packages/airflow/example_dags/example_python_operator.py
[2022-05-13 07:30:02,058] {logging_mixin.py:115} INFO - [2022-05-13 07:30:02,058] {dag.py:2371} INFO - Sync 1 DAGs
[2022-05-13 07:30:02,075] {logging_mixin.py:115} INFO - [2022-05-13 07:30:02,075] {dag.py:2919} INFO - Setting next_dagrun for example_python_operator to None, run_after=None
[2022-05-13 07:30:02,083] {processor.py:161} INFO - Processing /home/airflow/.local/lib/python3.7/site-packages/airflow/example_dags/example_python_operator.py took 0.057 seconds
[2022-05-13 07:30:32,838] {processor.py:153} INFO - Started process (PID=2521) to work on /home/airflow/.local/lib/python3.7/site-packages/airflow/example_dags/example_python_operator.py
[2022-05-13 07:30:32,840] {processor.py:641} INFO - Processing file /home/airflow/.local/lib/python3.7/site-packages/airflow/example_dags/example_python_operator.py for tasks to queue
[2022-05-13 07:30:32,840] {logging_mixin.py:115} INFO - [2022-05-13 07:30:32,840] {dagbag.py:507} INFO - Filling up the DagBag from /home/airflow/.local/lib/python3.7/site-packages/airflow/example_dags/example_python_operator.py
[2022-05-13 07:30:32,851] {processor.py:651} INFO - DAG(s) dict_keys(['example_python_operator']) retrieved from /home/airflow/.local/lib/python3.7/site-packages/airflow/example_dags/example_python_operator.py
[2022-05-13 07:30:32,869] {logging_mixin.py:115} INFO - [2022-05-13 07:30:32,869] {dag.py:2371} INFO - Sync 1 DAGs
[2022-05-13 07:30:32,884] {logging_mixin.py:115} INFO - [2022-05-13 07:30:32,884] {dag.py:2919} INFO - Setting next_dagrun for example_python_operator to None, run_after=None
[2022-05-13 07:30:32,895] {processor.py:161} INFO - Processing /home/airflow/.local/lib/python3.7/site-packages/airflow/example_dags/example_python_operator.py took 0.059 seconds
[2022-05-13 07:31:03,519] {processor.py:153} INFO - Started process (PID=2738) to work on /home/airflow/.local/lib/python3.7/site-packages/airflow/example_dags/example_python_operator.py
[2022-05-13 07:31:03,520] {processor.py:641} INFO - Processing file /home/airflow/.local/lib/python3.7/site-packages/airflow/example_dags/example_python_operator.py for tasks to queue
[2022-05-13 07:31:03,521] {logging_mixin.py:115} INFO - [2022-05-13 07:31:03,521] {dagbag.py:507} INFO - Filling up the DagBag from /home/airflow/.local/lib/python3.7/site-packages/airflow/example_dags/example_python_operator.py
[2022-05-13 07:31:03,533] {processor.py:651} INFO - DAG(s) dict_keys(['example_python_operator']) retrieved from /home/airflow/.local/lib/python3.7/site-packages/airflow/example_dags/example_python_operator.py
[2022-05-13 07:31:03,549] {logging_mixin.py:115} INFO - [2022-05-13 07:31:03,549] {dag.py:2371} INFO - Sync 1 DAGs
[2022-05-13 07:31:03,562] {logging_mixin.py:115} INFO - [2022-05-13 07:31:03,562] {dag.py:2919} INFO - Setting next_dagrun for example_python_operator to None, run_after=None
[2022-05-13 07:31:03,570] {processor.py:161} INFO - Processing /home/airflow/.local/lib/python3.7/site-packages/airflow/example_dags/example_python_operator.py took 0.053 seconds
[2022-05-13 07:31:34,271] {processor.py:153} INFO - Started process (PID=2953) to work on /home/airflow/.local/lib/python3.7/site-packages/airflow/example_dags/example_python_operator.py
[2022-05-13 07:31:34,273] {processor.py:641} INFO - Processing file /home/airflow/.local/lib/python3.7/site-packages/airflow/example_dags/example_python_operator.py for tasks to queue
[2022-05-13 07:31:34,275] {logging_mixin.py:115} INFO - [2022-05-13 07:31:34,275] {dagbag.py:507} INFO - Filling up the DagBag from /home/airflow/.local/lib/python3.7/site-packages/airflow/example_dags/example_python_operator.py
[2022-05-13 07:31:34,285] {processor.py:651} INFO - DAG(s) dict_keys(['example_python_operator']) retrieved from /home/airflow/.local/lib/python3.7/site-packages/airflow/example_dags/example_python_operator.py
[2022-05-13 07:31:34,302] {logging_mixin.py:115} INFO - [2022-05-13 07:31:34,301] {dag.py:2371} INFO - Sync 1 DAGs
[2022-05-13 07:31:34,315] {logging_mixin.py:115} INFO - [2022-05-13 07:31:34,315] {dag.py:2919} INFO - Setting next_dagrun for example_python_operator to None, run_after=None
[2022-05-13 07:31:34,323] {processor.py:161} INFO - Processing /home/airflow/.local/lib/python3.7/site-packages/airflow/example_dags/example_python_operator.py took 0.055 seconds
[2022-05-13 07:32:05,023] {processor.py:153} INFO - Started process (PID=3168) to work on /home/airflow/.local/lib/python3.7/site-packages/airflow/example_dags/example_python_operator.py
[2022-05-13 07:32:05,024] {processor.py:641} INFO - Processing file /home/airflow/.local/lib/python3.7/site-packages/airflow/example_dags/example_python_operator.py for tasks to queue
[2022-05-13 07:32:05,026] {logging_mixin.py:115} INFO - [2022-05-13 07:32:05,026] {dagbag.py:507} INFO - Filling up the DagBag from /home/airflow/.local/lib/python3.7/site-packages/airflow/example_dags/example_python_operator.py
[2022-05-13 07:32:05,036] {processor.py:651} INFO - DAG(s) dict_keys(['example_python_operator']) retrieved from /home/airflow/.local/lib/python3.7/site-packages/airflow/example_dags/example_python_operator.py
[2022-05-13 07:32:05,052] {logging_mixin.py:115} INFO - [2022-05-13 07:32:05,052] {dag.py:2371} INFO - Sync 1 DAGs
[2022-05-13 07:32:05,064] {logging_mixin.py:115} INFO - [2022-05-13 07:32:05,064] {dag.py:2919} INFO - Setting next_dagrun for example_python_operator to None, run_after=None
[2022-05-13 07:32:05,071] {processor.py:161} INFO - Processing /home/airflow/.local/lib/python3.7/site-packages/airflow/example_dags/example_python_operator.py took 0.052 seconds
[2022-05-13 07:32:35,726] {processor.py:153} INFO - Started process (PID=3371) to work on /home/airflow/.local/lib/python3.7/site-packages/airflow/example_dags/example_python_operator.py
[2022-05-13 07:32:35,728] {processor.py:641} INFO - Processing file /home/airflow/.local/lib/python3.7/site-packages/airflow/example_dags/example_python_operator.py for tasks to queue
[2022-05-13 07:32:35,729] {logging_mixin.py:115} INFO - [2022-05-13 07:32:35,729] {dagbag.py:507} INFO - Filling up the DagBag from /home/airflow/.local/lib/python3.7/site-packages/airflow/example_dags/example_python_operator.py
[2022-05-13 07:32:35,740] {processor.py:651} INFO - DAG(s) dict_keys(['example_python_operator']) retrieved from /home/airflow/.local/lib/python3.7/site-packages/airflow/example_dags/example_python_operator.py
[2022-05-13 07:32:35,757] {logging_mixin.py:115} INFO - [2022-05-13 07:32:35,757] {dag.py:2371} INFO - Sync 1 DAGs
[2022-05-13 07:32:35,770] {logging_mixin.py:115} INFO - [2022-05-13 07:32:35,770] {dag.py:2919} INFO - Setting next_dagrun for example_python_operator to None, run_after=None
[2022-05-13 07:32:35,777] {processor.py:161} INFO - Processing /home/airflow/.local/lib/python3.7/site-packages/airflow/example_dags/example_python_operator.py took 0.053 seconds
[2022-05-13 07:33:06,454] {processor.py:153} INFO - Started process (PID=3587) to work on /home/airflow/.local/lib/python3.7/site-packages/airflow/example_dags/example_python_operator.py
[2022-05-13 07:33:06,455] {processor.py:641} INFO - Processing file /home/airflow/.local/lib/python3.7/site-packages/airflow/example_dags/example_python_operator.py for tasks to queue
[2022-05-13 07:33:06,456] {logging_mixin.py:115} INFO - [2022-05-13 07:33:06,456] {dagbag.py:507} INFO - Filling up the DagBag from /home/airflow/.local/lib/python3.7/site-packages/airflow/example_dags/example_python_operator.py
[2022-05-13 07:33:06,466] {processor.py:651} INFO - DAG(s) dict_keys(['example_python_operator']) retrieved from /home/airflow/.local/lib/python3.7/site-packages/airflow/example_dags/example_python_operator.py
[2022-05-13 07:33:06,482] {logging_mixin.py:115} INFO - [2022-05-13 07:33:06,482] {dag.py:2371} INFO - Sync 1 DAGs
[2022-05-13 07:33:06,494] {logging_mixin.py:115} INFO - [2022-05-13 07:33:06,494] {dag.py:2919} INFO - Setting next_dagrun for example_python_operator to None, run_after=None
[2022-05-13 07:33:06,502] {processor.py:161} INFO - Processing /home/airflow/.local/lib/python3.7/site-packages/airflow/example_dags/example_python_operator.py took 0.050 seconds
[2022-05-13 07:33:37,170] {processor.py:153} INFO - Started process (PID=3806) to work on /home/airflow/.local/lib/python3.7/site-packages/airflow/example_dags/example_python_operator.py
[2022-05-13 07:33:37,172] {processor.py:641} INFO - Processing file /home/airflow/.local/lib/python3.7/site-packages/airflow/example_dags/example_python_operator.py for tasks to queue
[2022-05-13 07:33:37,173] {logging_mixin.py:115} INFO - [2022-05-13 07:33:37,173] {dagbag.py:507} INFO - Filling up the DagBag from /home/airflow/.local/lib/python3.7/site-packages/airflow/example_dags/example_python_operator.py
[2022-05-13 07:33:37,183] {processor.py:651} INFO - DAG(s) dict_keys(['example_python_operator']) retrieved from /home/airflow/.local/lib/python3.7/site-packages/airflow/example_dags/example_python_operator.py
[2022-05-13 07:33:37,201] {logging_mixin.py:115} INFO - [2022-05-13 07:33:37,201] {dag.py:2371} INFO - Sync 1 DAGs
[2022-05-13 07:33:37,214] {logging_mixin.py:115} INFO - [2022-05-13 07:33:37,214] {dag.py:2919} INFO - Setting next_dagrun for example_python_operator to None, run_after=None
[2022-05-13 07:33:37,221] {processor.py:161} INFO - Processing /home/airflow/.local/lib/python3.7/site-packages/airflow/example_dags/example_python_operator.py took 0.054 seconds
[2022-05-13 07:34:07,329] {processor.py:153} INFO - Started process (PID=4021) to work on /home/airflow/.local/lib/python3.7/site-packages/airflow/example_dags/example_python_operator.py
[2022-05-13 07:34:07,332] {processor.py:641} INFO - Processing file /home/airflow/.local/lib/python3.7/site-packages/airflow/example_dags/example_python_operator.py for tasks to queue
[2022-05-13 07:34:07,333] {logging_mixin.py:115} INFO - [2022-05-13 07:34:07,333] {dagbag.py:507} INFO - Filling up the DagBag from /home/airflow/.local/lib/python3.7/site-packages/airflow/example_dags/example_python_operator.py
[2022-05-13 07:34:07,349] {processor.py:651} INFO - DAG(s) dict_keys(['example_python_operator']) retrieved from /home/airflow/.local/lib/python3.7/site-packages/airflow/example_dags/example_python_operator.py
[2022-05-13 07:34:07,373] {logging_mixin.py:115} INFO - [2022-05-13 07:34:07,373] {dag.py:2371} INFO - Sync 1 DAGs
[2022-05-13 07:34:07,387] {logging_mixin.py:115} INFO - [2022-05-13 07:34:07,387] {dag.py:2919} INFO - Setting next_dagrun for example_python_operator to None, run_after=None
[2022-05-13 07:34:07,402] {processor.py:161} INFO - Processing /home/airflow/.local/lib/python3.7/site-packages/airflow/example_dags/example_python_operator.py took 0.075 seconds
[2022-05-13 07:34:38,102] {processor.py:153} INFO - Started process (PID=4236) to work on /home/airflow/.local/lib/python3.7/site-packages/airflow/example_dags/example_python_operator.py
[2022-05-13 07:34:38,104] {processor.py:641} INFO - Processing file /home/airflow/.local/lib/python3.7/site-packages/airflow/example_dags/example_python_operator.py for tasks to queue
[2022-05-13 07:34:38,104] {logging_mixin.py:115} INFO - [2022-05-13 07:34:38,104] {dagbag.py:507} INFO - Filling up the DagBag from /home/airflow/.local/lib/python3.7/site-packages/airflow/example_dags/example_python_operator.py
[2022-05-13 07:34:38,116] {processor.py:651} INFO - DAG(s) dict_keys(['example_python_operator']) retrieved from /home/airflow/.local/lib/python3.7/site-packages/airflow/example_dags/example_python_operator.py
[2022-05-13 07:34:38,132] {logging_mixin.py:115} INFO - [2022-05-13 07:34:38,132] {dag.py:2371} INFO - Sync 1 DAGs
[2022-05-13 07:34:38,146] {logging_mixin.py:115} INFO - [2022-05-13 07:34:38,146] {dag.py:2919} INFO - Setting next_dagrun for example_python_operator to None, run_after=None
[2022-05-13 07:34:38,154] {processor.py:161} INFO - Processing /home/airflow/.local/lib/python3.7/site-packages/airflow/example_dags/example_python_operator.py took 0.054 seconds
[2022-05-13 07:35:08,865] {processor.py:153} INFO - Started process (PID=4452) to work on /home/airflow/.local/lib/python3.7/site-packages/airflow/example_dags/example_python_operator.py
[2022-05-13 07:35:08,868] {processor.py:641} INFO - Processing file /home/airflow/.local/lib/python3.7/site-packages/airflow/example_dags/example_python_operator.py for tasks to queue
[2022-05-13 07:35:08,870] {logging_mixin.py:115} INFO - [2022-05-13 07:35:08,869] {dagbag.py:507} INFO - Filling up the DagBag from /home/airflow/.local/lib/python3.7/site-packages/airflow/example_dags/example_python_operator.py
[2022-05-13 07:35:08,881] {processor.py:651} INFO - DAG(s) dict_keys(['example_python_operator']) retrieved from /home/airflow/.local/lib/python3.7/site-packages/airflow/example_dags/example_python_operator.py
[2022-05-13 07:35:08,904] {logging_mixin.py:115} INFO - [2022-05-13 07:35:08,904] {dag.py:2371} INFO - Sync 1 DAGs
[2022-05-13 07:35:08,920] {logging_mixin.py:115} INFO - [2022-05-13 07:35:08,919] {dag.py:2919} INFO - Setting next_dagrun for example_python_operator to None, run_after=None
[2022-05-13 07:35:08,928] {processor.py:161} INFO - Processing /home/airflow/.local/lib/python3.7/site-packages/airflow/example_dags/example_python_operator.py took 0.065 seconds
[2022-05-13 07:35:39,650] {processor.py:153} INFO - Started process (PID=4670) to work on /home/airflow/.local/lib/python3.7/site-packages/airflow/example_dags/example_python_operator.py
[2022-05-13 07:35:39,651] {processor.py:641} INFO - Processing file /home/airflow/.local/lib/python3.7/site-packages/airflow/example_dags/example_python_operator.py for tasks to queue
[2022-05-13 07:35:39,652] {logging_mixin.py:115} INFO - [2022-05-13 07:35:39,652] {dagbag.py:507} INFO - Filling up the DagBag from /home/airflow/.local/lib/python3.7/site-packages/airflow/example_dags/example_python_operator.py
[2022-05-13 07:35:39,665] {processor.py:651} INFO - DAG(s) dict_keys(['example_python_operator']) retrieved from /home/airflow/.local/lib/python3.7/site-packages/airflow/example_dags/example_python_operator.py
[2022-05-13 07:35:39,691] {logging_mixin.py:115} INFO - [2022-05-13 07:35:39,690] {dag.py:2371} INFO - Sync 1 DAGs
[2022-05-13 07:35:39,704] {logging_mixin.py:115} INFO - [2022-05-13 07:35:39,704] {dag.py:2919} INFO - Setting next_dagrun for example_python_operator to None, run_after=None
[2022-05-13 07:35:39,711] {processor.py:161} INFO - Processing /home/airflow/.local/lib/python3.7/site-packages/airflow/example_dags/example_python_operator.py took 0.063 seconds
[2022-05-13 07:36:10,357] {processor.py:153} INFO - Started process (PID=4873) to work on /home/airflow/.local/lib/python3.7/site-packages/airflow/example_dags/example_python_operator.py
[2022-05-13 07:36:10,358] {processor.py:641} INFO - Processing file /home/airflow/.local/lib/python3.7/site-packages/airflow/example_dags/example_python_operator.py for tasks to queue
[2022-05-13 07:36:10,359] {logging_mixin.py:115} INFO - [2022-05-13 07:36:10,359] {dagbag.py:507} INFO - Filling up the DagBag from /home/airflow/.local/lib/python3.7/site-packages/airflow/example_dags/example_python_operator.py
[2022-05-13 07:36:10,370] {processor.py:651} INFO - DAG(s) dict_keys(['example_python_operator']) retrieved from /home/airflow/.local/lib/python3.7/site-packages/airflow/example_dags/example_python_operator.py
[2022-05-13 07:36:10,386] {logging_mixin.py:115} INFO - [2022-05-13 07:36:10,386] {dag.py:2371} INFO - Sync 1 DAGs
[2022-05-13 07:36:10,401] {logging_mixin.py:115} INFO - [2022-05-13 07:36:10,401] {dag.py:2919} INFO - Setting next_dagrun for example_python_operator to None, run_after=None
[2022-05-13 07:36:10,409] {processor.py:161} INFO - Processing /home/airflow/.local/lib/python3.7/site-packages/airflow/example_dags/example_python_operator.py took 0.054 seconds
[2022-05-13 07:36:41,202] {processor.py:153} INFO - Started process (PID=5090) to work on /home/airflow/.local/lib/python3.7/site-packages/airflow/example_dags/example_python_operator.py
[2022-05-13 07:36:41,203] {processor.py:641} INFO - Processing file /home/airflow/.local/lib/python3.7/site-packages/airflow/example_dags/example_python_operator.py for tasks to queue
[2022-05-13 07:36:41,204] {logging_mixin.py:115} INFO - [2022-05-13 07:36:41,204] {dagbag.py:507} INFO - Filling up the DagBag from /home/airflow/.local/lib/python3.7/site-packages/airflow/example_dags/example_python_operator.py
[2022-05-13 07:36:41,215] {processor.py:651} INFO - DAG(s) dict_keys(['example_python_operator']) retrieved from /home/airflow/.local/lib/python3.7/site-packages/airflow/example_dags/example_python_operator.py
[2022-05-13 07:36:41,230] {logging_mixin.py:115} INFO - [2022-05-13 07:36:41,230] {dag.py:2371} INFO - Sync 1 DAGs
[2022-05-13 07:36:41,245] {logging_mixin.py:115} INFO - [2022-05-13 07:36:41,245] {dag.py:2919} INFO - Setting next_dagrun for example_python_operator to None, run_after=None
[2022-05-13 07:36:41,254] {processor.py:161} INFO - Processing /home/airflow/.local/lib/python3.7/site-packages/airflow/example_dags/example_python_operator.py took 0.054 seconds
[2022-05-13 07:37:11,940] {processor.py:153} INFO - Started process (PID=5304) to work on /home/airflow/.local/lib/python3.7/site-packages/airflow/example_dags/example_python_operator.py
[2022-05-13 07:37:11,941] {processor.py:641} INFO - Processing file /home/airflow/.local/lib/python3.7/site-packages/airflow/example_dags/example_python_operator.py for tasks to queue
[2022-05-13 07:37:11,942] {logging_mixin.py:115} INFO - [2022-05-13 07:37:11,942] {dagbag.py:507} INFO - Filling up the DagBag from /home/airflow/.local/lib/python3.7/site-packages/airflow/example_dags/example_python_operator.py
[2022-05-13 07:37:11,952] {processor.py:651} INFO - DAG(s) dict_keys(['example_python_operator']) retrieved from /home/airflow/.local/lib/python3.7/site-packages/airflow/example_dags/example_python_operator.py
[2022-05-13 07:37:11,968] {logging_mixin.py:115} INFO - [2022-05-13 07:37:11,968] {dag.py:2371} INFO - Sync 1 DAGs
[2022-05-13 07:37:11,982] {logging_mixin.py:115} INFO - [2022-05-13 07:37:11,982] {dag.py:2919} INFO - Setting next_dagrun for example_python_operator to None, run_after=None
[2022-05-13 07:37:11,989] {processor.py:161} INFO - Processing /home/airflow/.local/lib/python3.7/site-packages/airflow/example_dags/example_python_operator.py took 0.051 seconds
[2022-05-13 09:38:05,091] {processor.py:153} INFO - Started process (PID=291) to work on /home/airflow/.local/lib/python3.7/site-packages/airflow/example_dags/example_python_operator.py
[2022-05-13 09:38:05,092] {processor.py:641} INFO - Processing file /home/airflow/.local/lib/python3.7/site-packages/airflow/example_dags/example_python_operator.py for tasks to queue
[2022-05-13 09:38:05,094] {logging_mixin.py:115} INFO - [2022-05-13 09:38:05,094] {dagbag.py:507} INFO - Filling up the DagBag from /home/airflow/.local/lib/python3.7/site-packages/airflow/example_dags/example_python_operator.py
[2022-05-13 09:38:05,107] {processor.py:651} INFO - DAG(s) dict_keys(['example_python_operator']) retrieved from /home/airflow/.local/lib/python3.7/site-packages/airflow/example_dags/example_python_operator.py
[2022-05-13 09:38:05,128] {logging_mixin.py:115} INFO - [2022-05-13 09:38:05,128] {dag.py:2371} INFO - Sync 1 DAGs
[2022-05-13 09:38:05,141] {logging_mixin.py:115} INFO - [2022-05-13 09:38:05,141] {dag.py:2919} INFO - Setting next_dagrun for example_python_operator to None, run_after=None
[2022-05-13 09:38:05,151] {processor.py:161} INFO - Processing /home/airflow/.local/lib/python3.7/site-packages/airflow/example_dags/example_python_operator.py took 0.063 seconds
[2022-05-13 09:38:35,870] {processor.py:153} INFO - Started process (PID=508) to work on /home/airflow/.local/lib/python3.7/site-packages/airflow/example_dags/example_python_operator.py
[2022-05-13 09:38:35,872] {processor.py:641} INFO - Processing file /home/airflow/.local/lib/python3.7/site-packages/airflow/example_dags/example_python_operator.py for tasks to queue
[2022-05-13 09:38:35,872] {logging_mixin.py:115} INFO - [2022-05-13 09:38:35,872] {dagbag.py:507} INFO - Filling up the DagBag from /home/airflow/.local/lib/python3.7/site-packages/airflow/example_dags/example_python_operator.py
[2022-05-13 09:38:35,883] {processor.py:651} INFO - DAG(s) dict_keys(['example_python_operator']) retrieved from /home/airflow/.local/lib/python3.7/site-packages/airflow/example_dags/example_python_operator.py
[2022-05-13 09:38:35,902] {logging_mixin.py:115} INFO - [2022-05-13 09:38:35,902] {dag.py:2371} INFO - Sync 1 DAGs
[2022-05-13 09:38:35,916] {logging_mixin.py:115} INFO - [2022-05-13 09:38:35,916] {dag.py:2919} INFO - Setting next_dagrun for example_python_operator to None, run_after=None
[2022-05-13 09:38:35,924] {processor.py:161} INFO - Processing /home/airflow/.local/lib/python3.7/site-packages/airflow/example_dags/example_python_operator.py took 0.056 seconds
[2022-05-13 09:39:06,638] {processor.py:153} INFO - Started process (PID=723) to work on /home/airflow/.local/lib/python3.7/site-packages/airflow/example_dags/example_python_operator.py
[2022-05-13 09:39:06,639] {processor.py:641} INFO - Processing file /home/airflow/.local/lib/python3.7/site-packages/airflow/example_dags/example_python_operator.py for tasks to queue
[2022-05-13 09:39:06,640] {logging_mixin.py:115} INFO - [2022-05-13 09:39:06,640] {dagbag.py:507} INFO - Filling up the DagBag from /home/airflow/.local/lib/python3.7/site-packages/airflow/example_dags/example_python_operator.py
[2022-05-13 09:39:06,650] {processor.py:651} INFO - DAG(s) dict_keys(['example_python_operator']) retrieved from /home/airflow/.local/lib/python3.7/site-packages/airflow/example_dags/example_python_operator.py
[2022-05-13 09:39:06,665] {logging_mixin.py:115} INFO - [2022-05-13 09:39:06,665] {dag.py:2371} INFO - Sync 1 DAGs
[2022-05-13 09:39:06,677] {logging_mixin.py:115} INFO - [2022-05-13 09:39:06,677] {dag.py:2919} INFO - Setting next_dagrun for example_python_operator to None, run_after=None
[2022-05-13 09:39:06,685] {processor.py:161} INFO - Processing /home/airflow/.local/lib/python3.7/site-packages/airflow/example_dags/example_python_operator.py took 0.049 seconds
[2022-05-13 09:39:37,551] {processor.py:153} INFO - Started process (PID=938) to work on /home/airflow/.local/lib/python3.7/site-packages/airflow/example_dags/example_python_operator.py
[2022-05-13 09:39:37,552] {processor.py:641} INFO - Processing file /home/airflow/.local/lib/python3.7/site-packages/airflow/example_dags/example_python_operator.py for tasks to queue
[2022-05-13 09:39:37,553] {logging_mixin.py:115} INFO - [2022-05-13 09:39:37,553] {dagbag.py:507} INFO - Filling up the DagBag from /home/airflow/.local/lib/python3.7/site-packages/airflow/example_dags/example_python_operator.py
[2022-05-13 09:39:37,563] {processor.py:651} INFO - DAG(s) dict_keys(['example_python_operator']) retrieved from /home/airflow/.local/lib/python3.7/site-packages/airflow/example_dags/example_python_operator.py
[2022-05-13 09:39:37,579] {logging_mixin.py:115} INFO - [2022-05-13 09:39:37,579] {dag.py:2371} INFO - Sync 1 DAGs
[2022-05-13 09:39:37,592] {logging_mixin.py:115} INFO - [2022-05-13 09:39:37,592] {dag.py:2919} INFO - Setting next_dagrun for example_python_operator to None, run_after=None
[2022-05-13 09:39:37,600] {processor.py:161} INFO - Processing /home/airflow/.local/lib/python3.7/site-packages/airflow/example_dags/example_python_operator.py took 0.051 seconds
[2022-05-13 09:40:08,438] {processor.py:153} INFO - Started process (PID=1157) to work on /home/airflow/.local/lib/python3.7/site-packages/airflow/example_dags/example_python_operator.py
[2022-05-13 09:40:08,440] {processor.py:641} INFO - Processing file /home/airflow/.local/lib/python3.7/site-packages/airflow/example_dags/example_python_operator.py for tasks to queue
[2022-05-13 09:40:08,441] {logging_mixin.py:115} INFO - [2022-05-13 09:40:08,441] {dagbag.py:507} INFO - Filling up the DagBag from /home/airflow/.local/lib/python3.7/site-packages/airflow/example_dags/example_python_operator.py
[2022-05-13 09:40:08,451] {processor.py:651} INFO - DAG(s) dict_keys(['example_python_operator']) retrieved from /home/airflow/.local/lib/python3.7/site-packages/airflow/example_dags/example_python_operator.py
[2022-05-13 09:40:08,467] {logging_mixin.py:115} INFO - [2022-05-13 09:40:08,467] {dag.py:2371} INFO - Sync 1 DAGs
[2022-05-13 09:40:08,479] {logging_mixin.py:115} INFO - [2022-05-13 09:40:08,479] {dag.py:2919} INFO - Setting next_dagrun for example_python_operator to None, run_after=None
[2022-05-13 09:40:08,486] {processor.py:161} INFO - Processing /home/airflow/.local/lib/python3.7/site-packages/airflow/example_dags/example_python_operator.py took 0.050 seconds
[2022-05-13 09:40:39,290] {processor.py:153} INFO - Started process (PID=1362) to work on /home/airflow/.local/lib/python3.7/site-packages/airflow/example_dags/example_python_operator.py
[2022-05-13 09:40:39,291] {processor.py:641} INFO - Processing file /home/airflow/.local/lib/python3.7/site-packages/airflow/example_dags/example_python_operator.py for tasks to queue
[2022-05-13 09:40:39,292] {logging_mixin.py:115} INFO - [2022-05-13 09:40:39,292] {dagbag.py:507} INFO - Filling up the DagBag from /home/airflow/.local/lib/python3.7/site-packages/airflow/example_dags/example_python_operator.py
[2022-05-13 09:40:39,305] {processor.py:651} INFO - DAG(s) dict_keys(['example_python_operator']) retrieved from /home/airflow/.local/lib/python3.7/site-packages/airflow/example_dags/example_python_operator.py
[2022-05-13 09:40:39,319] {logging_mixin.py:115} INFO - [2022-05-13 09:40:39,319] {dag.py:2371} INFO - Sync 1 DAGs
[2022-05-13 09:40:39,332] {logging_mixin.py:115} INFO - [2022-05-13 09:40:39,332] {dag.py:2919} INFO - Setting next_dagrun for example_python_operator to None, run_after=None
[2022-05-13 09:40:39,340] {processor.py:161} INFO - Processing /home/airflow/.local/lib/python3.7/site-packages/airflow/example_dags/example_python_operator.py took 0.052 seconds
[2022-05-13 09:41:10,145] {processor.py:153} INFO - Started process (PID=1578) to work on /home/airflow/.local/lib/python3.7/site-packages/airflow/example_dags/example_python_operator.py
[2022-05-13 09:41:10,146] {processor.py:641} INFO - Processing file /home/airflow/.local/lib/python3.7/site-packages/airflow/example_dags/example_python_operator.py for tasks to queue
[2022-05-13 09:41:10,147] {logging_mixin.py:115} INFO - [2022-05-13 09:41:10,147] {dagbag.py:507} INFO - Filling up the DagBag from /home/airflow/.local/lib/python3.7/site-packages/airflow/example_dags/example_python_operator.py
[2022-05-13 09:41:10,158] {processor.py:651} INFO - DAG(s) dict_keys(['example_python_operator']) retrieved from /home/airflow/.local/lib/python3.7/site-packages/airflow/example_dags/example_python_operator.py
[2022-05-13 09:41:10,174] {logging_mixin.py:115} INFO - [2022-05-13 09:41:10,174] {dag.py:2371} INFO - Sync 1 DAGs
[2022-05-13 09:41:10,187] {logging_mixin.py:115} INFO - [2022-05-13 09:41:10,187] {dag.py:2919} INFO - Setting next_dagrun for example_python_operator to None, run_after=None
[2022-05-13 09:41:10,194] {processor.py:161} INFO - Processing /home/airflow/.local/lib/python3.7/site-packages/airflow/example_dags/example_python_operator.py took 0.051 seconds
[2022-05-13 09:41:41,007] {processor.py:153} INFO - Started process (PID=1791) to work on /home/airflow/.local/lib/python3.7/site-packages/airflow/example_dags/example_python_operator.py
[2022-05-13 09:41:41,008] {processor.py:641} INFO - Processing file /home/airflow/.local/lib/python3.7/site-packages/airflow/example_dags/example_python_operator.py for tasks to queue
[2022-05-13 09:41:41,009] {logging_mixin.py:115} INFO - [2022-05-13 09:41:41,009] {dagbag.py:507} INFO - Filling up the DagBag from /home/airflow/.local/lib/python3.7/site-packages/airflow/example_dags/example_python_operator.py
[2022-05-13 09:41:41,020] {processor.py:651} INFO - DAG(s) dict_keys(['example_python_operator']) retrieved from /home/airflow/.local/lib/python3.7/site-packages/airflow/example_dags/example_python_operator.py
[2022-05-13 09:41:41,037] {logging_mixin.py:115} INFO - [2022-05-13 09:41:41,037] {dag.py:2371} INFO - Sync 1 DAGs
[2022-05-13 09:41:41,050] {logging_mixin.py:115} INFO - [2022-05-13 09:41:41,050] {dag.py:2919} INFO - Setting next_dagrun for example_python_operator to None, run_after=None
[2022-05-13 09:41:41,058] {processor.py:161} INFO - Processing /home/airflow/.local/lib/python3.7/site-packages/airflow/example_dags/example_python_operator.py took 0.053 seconds
[2022-05-13 09:42:11,784] {processor.py:153} INFO - Started process (PID=2006) to work on /home/airflow/.local/lib/python3.7/site-packages/airflow/example_dags/example_python_operator.py
[2022-05-13 09:42:11,785] {processor.py:641} INFO - Processing file /home/airflow/.local/lib/python3.7/site-packages/airflow/example_dags/example_python_operator.py for tasks to queue
[2022-05-13 09:42:11,786] {logging_mixin.py:115} INFO - [2022-05-13 09:42:11,786] {dagbag.py:507} INFO - Filling up the DagBag from /home/airflow/.local/lib/python3.7/site-packages/airflow/example_dags/example_python_operator.py
[2022-05-13 09:42:11,796] {processor.py:651} INFO - DAG(s) dict_keys(['example_python_operator']) retrieved from /home/airflow/.local/lib/python3.7/site-packages/airflow/example_dags/example_python_operator.py
[2022-05-13 09:42:11,811] {logging_mixin.py:115} INFO - [2022-05-13 09:42:11,811] {dag.py:2371} INFO - Sync 1 DAGs
[2022-05-13 09:42:11,823] {logging_mixin.py:115} INFO - [2022-05-13 09:42:11,823] {dag.py:2919} INFO - Setting next_dagrun for example_python_operator to None, run_after=None
[2022-05-13 09:42:11,831] {processor.py:161} INFO - Processing /home/airflow/.local/lib/python3.7/site-packages/airflow/example_dags/example_python_operator.py took 0.049 seconds
[2022-05-13 09:42:42,576] {processor.py:153} INFO - Started process (PID=2223) to work on /home/airflow/.local/lib/python3.7/site-packages/airflow/example_dags/example_python_operator.py
[2022-05-13 09:42:42,577] {processor.py:641} INFO - Processing file /home/airflow/.local/lib/python3.7/site-packages/airflow/example_dags/example_python_operator.py for tasks to queue
[2022-05-13 09:42:42,578] {logging_mixin.py:115} INFO - [2022-05-13 09:42:42,578] {dagbag.py:507} INFO - Filling up the DagBag from /home/airflow/.local/lib/python3.7/site-packages/airflow/example_dags/example_python_operator.py
[2022-05-13 09:42:42,588] {processor.py:651} INFO - DAG(s) dict_keys(['example_python_operator']) retrieved from /home/airflow/.local/lib/python3.7/site-packages/airflow/example_dags/example_python_operator.py
[2022-05-13 09:42:42,602] {logging_mixin.py:115} INFO - [2022-05-13 09:42:42,602] {dag.py:2371} INFO - Sync 1 DAGs
[2022-05-13 09:42:42,614] {logging_mixin.py:115} INFO - [2022-05-13 09:42:42,614] {dag.py:2919} INFO - Setting next_dagrun for example_python_operator to None, run_after=None
[2022-05-13 09:42:42,621] {processor.py:161} INFO - Processing /home/airflow/.local/lib/python3.7/site-packages/airflow/example_dags/example_python_operator.py took 0.048 seconds
[2022-05-13 09:43:13,477] {processor.py:153} INFO - Started process (PID=2435) to work on /home/airflow/.local/lib/python3.7/site-packages/airflow/example_dags/example_python_operator.py
[2022-05-13 09:43:13,478] {processor.py:641} INFO - Processing file /home/airflow/.local/lib/python3.7/site-packages/airflow/example_dags/example_python_operator.py for tasks to queue
[2022-05-13 09:43:13,478] {logging_mixin.py:115} INFO - [2022-05-13 09:43:13,478] {dagbag.py:507} INFO - Filling up the DagBag from /home/airflow/.local/lib/python3.7/site-packages/airflow/example_dags/example_python_operator.py
[2022-05-13 09:43:13,489] {processor.py:651} INFO - DAG(s) dict_keys(['example_python_operator']) retrieved from /home/airflow/.local/lib/python3.7/site-packages/airflow/example_dags/example_python_operator.py
[2022-05-13 09:43:13,504] {logging_mixin.py:115} INFO - [2022-05-13 09:43:13,504] {dag.py:2371} INFO - Sync 1 DAGs
[2022-05-13 09:43:13,518] {logging_mixin.py:115} INFO - [2022-05-13 09:43:13,518] {dag.py:2919} INFO - Setting next_dagrun for example_python_operator to None, run_after=None
[2022-05-13 09:43:13,525] {processor.py:161} INFO - Processing /home/airflow/.local/lib/python3.7/site-packages/airflow/example_dags/example_python_operator.py took 0.050 seconds
[2022-05-13 09:43:44,284] {processor.py:153} INFO - Started process (PID=2651) to work on /home/airflow/.local/lib/python3.7/site-packages/airflow/example_dags/example_python_operator.py
[2022-05-13 09:43:44,285] {processor.py:641} INFO - Processing file /home/airflow/.local/lib/python3.7/site-packages/airflow/example_dags/example_python_operator.py for tasks to queue
[2022-05-13 09:43:44,287] {logging_mixin.py:115} INFO - [2022-05-13 09:43:44,287] {dagbag.py:507} INFO - Filling up the DagBag from /home/airflow/.local/lib/python3.7/site-packages/airflow/example_dags/example_python_operator.py
[2022-05-13 09:43:44,298] {processor.py:651} INFO - DAG(s) dict_keys(['example_python_operator']) retrieved from /home/airflow/.local/lib/python3.7/site-packages/airflow/example_dags/example_python_operator.py
[2022-05-13 09:43:44,315] {logging_mixin.py:115} INFO - [2022-05-13 09:43:44,315] {dag.py:2371} INFO - Sync 1 DAGs
[2022-05-13 09:43:44,328] {logging_mixin.py:115} INFO - [2022-05-13 09:43:44,328] {dag.py:2919} INFO - Setting next_dagrun for example_python_operator to None, run_after=None
[2022-05-13 09:43:44,336] {processor.py:161} INFO - Processing /home/airflow/.local/lib/python3.7/site-packages/airflow/example_dags/example_python_operator.py took 0.055 seconds
[2022-05-13 09:44:15,064] {processor.py:153} INFO - Started process (PID=2864) to work on /home/airflow/.local/lib/python3.7/site-packages/airflow/example_dags/example_python_operator.py
[2022-05-13 09:44:15,065] {processor.py:641} INFO - Processing file /home/airflow/.local/lib/python3.7/site-packages/airflow/example_dags/example_python_operator.py for tasks to queue
[2022-05-13 09:44:15,066] {logging_mixin.py:115} INFO - [2022-05-13 09:44:15,066] {dagbag.py:507} INFO - Filling up the DagBag from /home/airflow/.local/lib/python3.7/site-packages/airflow/example_dags/example_python_operator.py
[2022-05-13 09:44:15,078] {processor.py:651} INFO - DAG(s) dict_keys(['example_python_operator']) retrieved from /home/airflow/.local/lib/python3.7/site-packages/airflow/example_dags/example_python_operator.py
[2022-05-13 09:44:15,101] {logging_mixin.py:115} INFO - [2022-05-13 09:44:15,101] {dag.py:2371} INFO - Sync 1 DAGs
[2022-05-13 09:44:15,115] {logging_mixin.py:115} INFO - [2022-05-13 09:44:15,115] {dag.py:2919} INFO - Setting next_dagrun for example_python_operator to None, run_after=None
[2022-05-13 09:44:15,124] {processor.py:161} INFO - Processing /home/airflow/.local/lib/python3.7/site-packages/airflow/example_dags/example_python_operator.py took 0.061 seconds
[2022-05-13 09:44:45,886] {processor.py:153} INFO - Started process (PID=3071) to work on /home/airflow/.local/lib/python3.7/site-packages/airflow/example_dags/example_python_operator.py
[2022-05-13 09:44:45,887] {processor.py:641} INFO - Processing file /home/airflow/.local/lib/python3.7/site-packages/airflow/example_dags/example_python_operator.py for tasks to queue
[2022-05-13 09:44:45,887] {logging_mixin.py:115} INFO - [2022-05-13 09:44:45,887] {dagbag.py:507} INFO - Filling up the DagBag from /home/airflow/.local/lib/python3.7/site-packages/airflow/example_dags/example_python_operator.py
[2022-05-13 09:44:45,899] {processor.py:651} INFO - DAG(s) dict_keys(['example_python_operator']) retrieved from /home/airflow/.local/lib/python3.7/site-packages/airflow/example_dags/example_python_operator.py
[2022-05-13 09:44:45,918] {logging_mixin.py:115} INFO - [2022-05-13 09:44:45,918] {dag.py:2371} INFO - Sync 1 DAGs
[2022-05-13 09:44:45,934] {logging_mixin.py:115} INFO - [2022-05-13 09:44:45,934] {dag.py:2919} INFO - Setting next_dagrun for example_python_operator to None, run_after=None
[2022-05-13 09:44:45,942] {processor.py:161} INFO - Processing /home/airflow/.local/lib/python3.7/site-packages/airflow/example_dags/example_python_operator.py took 0.059 seconds
[2022-05-13 09:45:16,682] {processor.py:153} INFO - Started process (PID=3289) to work on /home/airflow/.local/lib/python3.7/site-packages/airflow/example_dags/example_python_operator.py
[2022-05-13 09:45:16,683] {processor.py:641} INFO - Processing file /home/airflow/.local/lib/python3.7/site-packages/airflow/example_dags/example_python_operator.py for tasks to queue
[2022-05-13 09:45:16,684] {logging_mixin.py:115} INFO - [2022-05-13 09:45:16,684] {dagbag.py:507} INFO - Filling up the DagBag from /home/airflow/.local/lib/python3.7/site-packages/airflow/example_dags/example_python_operator.py
[2022-05-13 09:45:16,694] {processor.py:651} INFO - DAG(s) dict_keys(['example_python_operator']) retrieved from /home/airflow/.local/lib/python3.7/site-packages/airflow/example_dags/example_python_operator.py
[2022-05-13 09:45:16,710] {logging_mixin.py:115} INFO - [2022-05-13 09:45:16,710] {dag.py:2371} INFO - Sync 1 DAGs
[2022-05-13 09:45:16,722] {logging_mixin.py:115} INFO - [2022-05-13 09:45:16,722] {dag.py:2919} INFO - Setting next_dagrun for example_python_operator to None, run_after=None
[2022-05-13 09:45:16,729] {processor.py:161} INFO - Processing /home/airflow/.local/lib/python3.7/site-packages/airflow/example_dags/example_python_operator.py took 0.049 seconds
[2022-05-13 09:45:47,651] {processor.py:153} INFO - Started process (PID=3504) to work on /home/airflow/.local/lib/python3.7/site-packages/airflow/example_dags/example_python_operator.py
[2022-05-13 09:45:47,652] {processor.py:641} INFO - Processing file /home/airflow/.local/lib/python3.7/site-packages/airflow/example_dags/example_python_operator.py for tasks to queue
[2022-05-13 09:45:47,653] {logging_mixin.py:115} INFO - [2022-05-13 09:45:47,653] {dagbag.py:507} INFO - Filling up the DagBag from /home/airflow/.local/lib/python3.7/site-packages/airflow/example_dags/example_python_operator.py
[2022-05-13 09:45:47,664] {processor.py:651} INFO - DAG(s) dict_keys(['example_python_operator']) retrieved from /home/airflow/.local/lib/python3.7/site-packages/airflow/example_dags/example_python_operator.py
[2022-05-13 09:45:47,682] {logging_mixin.py:115} INFO - [2022-05-13 09:45:47,682] {dag.py:2371} INFO - Sync 1 DAGs
[2022-05-13 09:45:47,694] {logging_mixin.py:115} INFO - [2022-05-13 09:45:47,694] {dag.py:2919} INFO - Setting next_dagrun for example_python_operator to None, run_after=None
[2022-05-13 09:45:47,701] {processor.py:161} INFO - Processing /home/airflow/.local/lib/python3.7/site-packages/airflow/example_dags/example_python_operator.py took 0.052 seconds
