[2022-05-13 03:38:57,277] {processor.py:153} INFO - Started process (PID=204) to work on /home/airflow/.local/lib/python3.7/site-packages/airflow/example_dags/example_branch_day_of_week_operator.py
[2022-05-13 03:38:57,278] {processor.py:641} INFO - Processing file /home/airflow/.local/lib/python3.7/site-packages/airflow/example_dags/example_branch_day_of_week_operator.py for tasks to queue
[2022-05-13 03:38:57,279] {logging_mixin.py:115} INFO - [2022-05-13 03:38:57,279] {dagbag.py:507} INFO - Filling up the DagBag from /home/airflow/.local/lib/python3.7/site-packages/airflow/example_dags/example_branch_day_of_week_operator.py
[2022-05-13 03:38:57,286] {processor.py:651} INFO - DAG(s) dict_keys(['example_weekday_branch_operator']) retrieved from /home/airflow/.local/lib/python3.7/site-packages/airflow/example_dags/example_branch_day_of_week_operator.py
[2022-05-13 03:38:57,313] {logging_mixin.py:115} INFO - [2022-05-13 03:38:57,313] {dag.py:2371} INFO - Sync 1 DAGs
[2022-05-13 03:38:57,336] {logging_mixin.py:115} INFO - [2022-05-13 03:38:57,336] {dag.py:2919} INFO - Setting next_dagrun for example_weekday_branch_operator to 2022-05-12T00:00:00+00:00, run_after=2022-05-13T00:00:00+00:00
[2022-05-13 03:38:57,354] {processor.py:161} INFO - Processing /home/airflow/.local/lib/python3.7/site-packages/airflow/example_dags/example_branch_day_of_week_operator.py took 0.080 seconds
[2022-05-13 03:39:27,954] {processor.py:153} INFO - Started process (PID=486) to work on /home/airflow/.local/lib/python3.7/site-packages/airflow/example_dags/example_branch_day_of_week_operator.py
[2022-05-13 03:39:27,956] {processor.py:641} INFO - Processing file /home/airflow/.local/lib/python3.7/site-packages/airflow/example_dags/example_branch_day_of_week_operator.py for tasks to queue
[2022-05-13 03:39:27,957] {logging_mixin.py:115} INFO - [2022-05-13 03:39:27,957] {dagbag.py:507} INFO - Filling up the DagBag from /home/airflow/.local/lib/python3.7/site-packages/airflow/example_dags/example_branch_day_of_week_operator.py
[2022-05-13 03:39:27,962] {processor.py:651} INFO - DAG(s) dict_keys(['example_weekday_branch_operator']) retrieved from /home/airflow/.local/lib/python3.7/site-packages/airflow/example_dags/example_branch_day_of_week_operator.py
[2022-05-13 03:39:27,979] {logging_mixin.py:115} INFO - [2022-05-13 03:39:27,979] {dag.py:2371} INFO - Sync 1 DAGs
[2022-05-13 03:39:27,991] {logging_mixin.py:115} INFO - [2022-05-13 03:39:27,991] {dag.py:2919} INFO - Setting next_dagrun for example_weekday_branch_operator to 2022-05-12T00:00:00+00:00, run_after=2022-05-13T00:00:00+00:00
[2022-05-13 03:39:27,998] {processor.py:161} INFO - Processing /home/airflow/.local/lib/python3.7/site-packages/airflow/example_dags/example_branch_day_of_week_operator.py took 0.046 seconds
[2022-05-13 03:39:58,136] {processor.py:153} INFO - Started process (PID=873) to work on /home/airflow/.local/lib/python3.7/site-packages/airflow/example_dags/example_branch_day_of_week_operator.py
[2022-05-13 03:39:58,137] {processor.py:641} INFO - Processing file /home/airflow/.local/lib/python3.7/site-packages/airflow/example_dags/example_branch_day_of_week_operator.py for tasks to queue
[2022-05-13 03:39:58,138] {logging_mixin.py:115} INFO - [2022-05-13 03:39:58,138] {dagbag.py:507} INFO - Filling up the DagBag from /home/airflow/.local/lib/python3.7/site-packages/airflow/example_dags/example_branch_day_of_week_operator.py
[2022-05-13 03:39:58,145] {processor.py:651} INFO - DAG(s) dict_keys(['example_weekday_branch_operator']) retrieved from /home/airflow/.local/lib/python3.7/site-packages/airflow/example_dags/example_branch_day_of_week_operator.py
[2022-05-13 03:39:58,162] {logging_mixin.py:115} INFO - [2022-05-13 03:39:58,162] {dag.py:2371} INFO - Sync 1 DAGs
[2022-05-13 03:39:58,177] {logging_mixin.py:115} INFO - [2022-05-13 03:39:58,177] {dag.py:2919} INFO - Setting next_dagrun for example_weekday_branch_operator to 2022-05-12T00:00:00+00:00, run_after=2022-05-13T00:00:00+00:00
[2022-05-13 03:39:58,185] {processor.py:161} INFO - Processing /home/airflow/.local/lib/python3.7/site-packages/airflow/example_dags/example_branch_day_of_week_operator.py took 0.051 seconds
[2022-05-13 03:40:29,196] {processor.py:153} INFO - Started process (PID=1095) to work on /home/airflow/.local/lib/python3.7/site-packages/airflow/example_dags/example_branch_day_of_week_operator.py
[2022-05-13 03:40:29,198] {processor.py:641} INFO - Processing file /home/airflow/.local/lib/python3.7/site-packages/airflow/example_dags/example_branch_day_of_week_operator.py for tasks to queue
[2022-05-13 03:40:29,199] {logging_mixin.py:115} INFO - [2022-05-13 03:40:29,199] {dagbag.py:507} INFO - Filling up the DagBag from /home/airflow/.local/lib/python3.7/site-packages/airflow/example_dags/example_branch_day_of_week_operator.py
[2022-05-13 03:40:29,204] {processor.py:651} INFO - DAG(s) dict_keys(['example_weekday_branch_operator']) retrieved from /home/airflow/.local/lib/python3.7/site-packages/airflow/example_dags/example_branch_day_of_week_operator.py
[2022-05-13 03:40:29,229] {logging_mixin.py:115} INFO - [2022-05-13 03:40:29,229] {dag.py:2371} INFO - Sync 1 DAGs
[2022-05-13 03:40:29,245] {logging_mixin.py:115} INFO - [2022-05-13 03:40:29,245] {dag.py:2919} INFO - Setting next_dagrun for example_weekday_branch_operator to 2022-05-12T00:00:00+00:00, run_after=2022-05-13T00:00:00+00:00
[2022-05-13 03:40:29,252] {processor.py:161} INFO - Processing /home/airflow/.local/lib/python3.7/site-packages/airflow/example_dags/example_branch_day_of_week_operator.py took 0.058 seconds
[2022-05-13 03:40:59,376] {processor.py:153} INFO - Started process (PID=1517) to work on /home/airflow/.local/lib/python3.7/site-packages/airflow/example_dags/example_branch_day_of_week_operator.py
[2022-05-13 03:40:59,378] {processor.py:641} INFO - Processing file /home/airflow/.local/lib/python3.7/site-packages/airflow/example_dags/example_branch_day_of_week_operator.py for tasks to queue
[2022-05-13 03:40:59,379] {logging_mixin.py:115} INFO - [2022-05-13 03:40:59,379] {dagbag.py:507} INFO - Filling up the DagBag from /home/airflow/.local/lib/python3.7/site-packages/airflow/example_dags/example_branch_day_of_week_operator.py
[2022-05-13 03:40:59,387] {processor.py:651} INFO - DAG(s) dict_keys(['example_weekday_branch_operator']) retrieved from /home/airflow/.local/lib/python3.7/site-packages/airflow/example_dags/example_branch_day_of_week_operator.py
[2022-05-13 03:40:59,404] {logging_mixin.py:115} INFO - [2022-05-13 03:40:59,404] {dag.py:2371} INFO - Sync 1 DAGs
[2022-05-13 03:40:59,416] {logging_mixin.py:115} INFO - [2022-05-13 03:40:59,416] {dag.py:2919} INFO - Setting next_dagrun for example_weekday_branch_operator to 2022-05-12T00:00:00+00:00, run_after=2022-05-13T00:00:00+00:00
[2022-05-13 03:40:59,423] {processor.py:161} INFO - Processing /home/airflow/.local/lib/python3.7/site-packages/airflow/example_dags/example_branch_day_of_week_operator.py took 0.050 seconds
[2022-05-13 03:41:29,515] {processor.py:153} INFO - Started process (PID=1734) to work on /home/airflow/.local/lib/python3.7/site-packages/airflow/example_dags/example_branch_day_of_week_operator.py
[2022-05-13 03:41:29,516] {processor.py:641} INFO - Processing file /home/airflow/.local/lib/python3.7/site-packages/airflow/example_dags/example_branch_day_of_week_operator.py for tasks to queue
[2022-05-13 03:41:29,517] {logging_mixin.py:115} INFO - [2022-05-13 03:41:29,517] {dagbag.py:507} INFO - Filling up the DagBag from /home/airflow/.local/lib/python3.7/site-packages/airflow/example_dags/example_branch_day_of_week_operator.py
[2022-05-13 03:41:29,523] {processor.py:651} INFO - DAG(s) dict_keys(['example_weekday_branch_operator']) retrieved from /home/airflow/.local/lib/python3.7/site-packages/airflow/example_dags/example_branch_day_of_week_operator.py
[2022-05-13 03:41:29,539] {logging_mixin.py:115} INFO - [2022-05-13 03:41:29,539] {dag.py:2371} INFO - Sync 1 DAGs
[2022-05-13 03:41:29,554] {logging_mixin.py:115} INFO - [2022-05-13 03:41:29,554] {dag.py:2919} INFO - Setting next_dagrun for example_weekday_branch_operator to 2022-05-12T00:00:00+00:00, run_after=2022-05-13T00:00:00+00:00
[2022-05-13 03:41:29,561] {processor.py:161} INFO - Processing /home/airflow/.local/lib/python3.7/site-packages/airflow/example_dags/example_branch_day_of_week_operator.py took 0.048 seconds
[2022-05-13 03:42:00,555] {processor.py:153} INFO - Started process (PID=1970) to work on /home/airflow/.local/lib/python3.7/site-packages/airflow/example_dags/example_branch_day_of_week_operator.py
[2022-05-13 03:42:00,556] {processor.py:641} INFO - Processing file /home/airflow/.local/lib/python3.7/site-packages/airflow/example_dags/example_branch_day_of_week_operator.py for tasks to queue
[2022-05-13 03:42:00,557] {logging_mixin.py:115} INFO - [2022-05-13 03:42:00,557] {dagbag.py:507} INFO - Filling up the DagBag from /home/airflow/.local/lib/python3.7/site-packages/airflow/example_dags/example_branch_day_of_week_operator.py
[2022-05-13 03:42:00,563] {processor.py:651} INFO - DAG(s) dict_keys(['example_weekday_branch_operator']) retrieved from /home/airflow/.local/lib/python3.7/site-packages/airflow/example_dags/example_branch_day_of_week_operator.py
[2022-05-13 03:42:00,580] {logging_mixin.py:115} INFO - [2022-05-13 03:42:00,580] {dag.py:2371} INFO - Sync 1 DAGs
[2022-05-13 03:42:00,594] {logging_mixin.py:115} INFO - [2022-05-13 03:42:00,594] {dag.py:2919} INFO - Setting next_dagrun for example_weekday_branch_operator to 2022-05-12T00:00:00+00:00, run_after=2022-05-13T00:00:00+00:00
[2022-05-13 03:42:00,602] {processor.py:161} INFO - Processing /home/airflow/.local/lib/python3.7/site-packages/airflow/example_dags/example_branch_day_of_week_operator.py took 0.049 seconds
[2022-05-13 03:42:31,561] {processor.py:153} INFO - Started process (PID=2187) to work on /home/airflow/.local/lib/python3.7/site-packages/airflow/example_dags/example_branch_day_of_week_operator.py
[2022-05-13 03:42:31,562] {processor.py:641} INFO - Processing file /home/airflow/.local/lib/python3.7/site-packages/airflow/example_dags/example_branch_day_of_week_operator.py for tasks to queue
[2022-05-13 03:42:31,564] {logging_mixin.py:115} INFO - [2022-05-13 03:42:31,564] {dagbag.py:507} INFO - Filling up the DagBag from /home/airflow/.local/lib/python3.7/site-packages/airflow/example_dags/example_branch_day_of_week_operator.py
[2022-05-13 03:42:31,569] {processor.py:651} INFO - DAG(s) dict_keys(['example_weekday_branch_operator']) retrieved from /home/airflow/.local/lib/python3.7/site-packages/airflow/example_dags/example_branch_day_of_week_operator.py
[2022-05-13 03:42:31,586] {logging_mixin.py:115} INFO - [2022-05-13 03:42:31,586] {dag.py:2371} INFO - Sync 1 DAGs
[2022-05-13 03:42:31,600] {logging_mixin.py:115} INFO - [2022-05-13 03:42:31,600] {dag.py:2919} INFO - Setting next_dagrun for example_weekday_branch_operator to 2022-05-12T00:00:00+00:00, run_after=2022-05-13T00:00:00+00:00
[2022-05-13 03:42:31,607] {processor.py:161} INFO - Processing /home/airflow/.local/lib/python3.7/site-packages/airflow/example_dags/example_branch_day_of_week_operator.py took 0.050 seconds
[2022-05-13 03:59:30,173] {processor.py:153} INFO - Started process (PID=200) to work on /home/airflow/.local/lib/python3.7/site-packages/airflow/example_dags/example_branch_day_of_week_operator.py
[2022-05-13 03:59:30,175] {processor.py:641} INFO - Processing file /home/airflow/.local/lib/python3.7/site-packages/airflow/example_dags/example_branch_day_of_week_operator.py for tasks to queue
[2022-05-13 03:59:30,176] {logging_mixin.py:115} INFO - [2022-05-13 03:59:30,176] {dagbag.py:507} INFO - Filling up the DagBag from /home/airflow/.local/lib/python3.7/site-packages/airflow/example_dags/example_branch_day_of_week_operator.py
[2022-05-13 03:59:30,185] {processor.py:651} INFO - DAG(s) dict_keys(['example_weekday_branch_operator']) retrieved from /home/airflow/.local/lib/python3.7/site-packages/airflow/example_dags/example_branch_day_of_week_operator.py
[2022-05-13 03:59:30,203] {logging_mixin.py:115} INFO - [2022-05-13 03:59:30,203] {dag.py:2371} INFO - Sync 1 DAGs
[2022-05-13 03:59:30,222] {logging_mixin.py:115} INFO - [2022-05-13 03:59:30,222] {dag.py:2919} INFO - Setting next_dagrun for example_weekday_branch_operator to 2022-05-12T00:00:00+00:00, run_after=2022-05-13T00:00:00+00:00
[2022-05-13 03:59:30,234] {processor.py:161} INFO - Processing /home/airflow/.local/lib/python3.7/site-packages/airflow/example_dags/example_branch_day_of_week_operator.py took 0.063 seconds
[2022-05-13 04:00:01,319] {processor.py:153} INFO - Started process (PID=417) to work on /home/airflow/.local/lib/python3.7/site-packages/airflow/example_dags/example_branch_day_of_week_operator.py
[2022-05-13 04:00:01,320] {processor.py:641} INFO - Processing file /home/airflow/.local/lib/python3.7/site-packages/airflow/example_dags/example_branch_day_of_week_operator.py for tasks to queue
[2022-05-13 04:00:01,321] {logging_mixin.py:115} INFO - [2022-05-13 04:00:01,321] {dagbag.py:507} INFO - Filling up the DagBag from /home/airflow/.local/lib/python3.7/site-packages/airflow/example_dags/example_branch_day_of_week_operator.py
[2022-05-13 04:00:01,328] {processor.py:651} INFO - DAG(s) dict_keys(['example_weekday_branch_operator']) retrieved from /home/airflow/.local/lib/python3.7/site-packages/airflow/example_dags/example_branch_day_of_week_operator.py
[2022-05-13 04:00:01,345] {logging_mixin.py:115} INFO - [2022-05-13 04:00:01,345] {dag.py:2371} INFO - Sync 1 DAGs
[2022-05-13 04:00:01,358] {logging_mixin.py:115} INFO - [2022-05-13 04:00:01,358] {dag.py:2919} INFO - Setting next_dagrun for example_weekday_branch_operator to 2022-05-12T00:00:00+00:00, run_after=2022-05-13T00:00:00+00:00
[2022-05-13 04:00:01,365] {processor.py:161} INFO - Processing /home/airflow/.local/lib/python3.7/site-packages/airflow/example_dags/example_branch_day_of_week_operator.py took 0.050 seconds
[2022-05-13 04:00:32,233] {processor.py:153} INFO - Started process (PID=705) to work on /home/airflow/.local/lib/python3.7/site-packages/airflow/example_dags/example_branch_day_of_week_operator.py
[2022-05-13 04:00:32,234] {processor.py:641} INFO - Processing file /home/airflow/.local/lib/python3.7/site-packages/airflow/example_dags/example_branch_day_of_week_operator.py for tasks to queue
[2022-05-13 04:00:32,235] {logging_mixin.py:115} INFO - [2022-05-13 04:00:32,235] {dagbag.py:507} INFO - Filling up the DagBag from /home/airflow/.local/lib/python3.7/site-packages/airflow/example_dags/example_branch_day_of_week_operator.py
[2022-05-13 04:00:32,241] {processor.py:651} INFO - DAG(s) dict_keys(['example_weekday_branch_operator']) retrieved from /home/airflow/.local/lib/python3.7/site-packages/airflow/example_dags/example_branch_day_of_week_operator.py
[2022-05-13 04:00:32,257] {logging_mixin.py:115} INFO - [2022-05-13 04:00:32,257] {dag.py:2371} INFO - Sync 1 DAGs
[2022-05-13 04:00:32,274] {logging_mixin.py:115} INFO - [2022-05-13 04:00:32,274] {dag.py:2919} INFO - Setting next_dagrun for example_weekday_branch_operator to 2022-05-12T00:00:00+00:00, run_after=2022-05-13T00:00:00+00:00
[2022-05-13 04:00:32,283] {processor.py:161} INFO - Processing /home/airflow/.local/lib/python3.7/site-packages/airflow/example_dags/example_branch_day_of_week_operator.py took 0.052 seconds
[2022-05-13 04:01:03,107] {processor.py:153} INFO - Started process (PID=989) to work on /home/airflow/.local/lib/python3.7/site-packages/airflow/example_dags/example_branch_day_of_week_operator.py
[2022-05-13 04:01:03,108] {processor.py:641} INFO - Processing file /home/airflow/.local/lib/python3.7/site-packages/airflow/example_dags/example_branch_day_of_week_operator.py for tasks to queue
[2022-05-13 04:01:03,109] {logging_mixin.py:115} INFO - [2022-05-13 04:01:03,109] {dagbag.py:507} INFO - Filling up the DagBag from /home/airflow/.local/lib/python3.7/site-packages/airflow/example_dags/example_branch_day_of_week_operator.py
[2022-05-13 04:01:03,114] {processor.py:651} INFO - DAG(s) dict_keys(['example_weekday_branch_operator']) retrieved from /home/airflow/.local/lib/python3.7/site-packages/airflow/example_dags/example_branch_day_of_week_operator.py
[2022-05-13 04:01:03,131] {logging_mixin.py:115} INFO - [2022-05-13 04:01:03,131] {dag.py:2371} INFO - Sync 1 DAGs
[2022-05-13 04:01:03,145] {logging_mixin.py:115} INFO - [2022-05-13 04:01:03,145] {dag.py:2919} INFO - Setting next_dagrun for example_weekday_branch_operator to 2022-05-12T00:00:00+00:00, run_after=2022-05-13T00:00:00+00:00
[2022-05-13 04:01:03,154] {processor.py:161} INFO - Processing /home/airflow/.local/lib/python3.7/site-packages/airflow/example_dags/example_branch_day_of_week_operator.py took 0.049 seconds
[2022-05-13 04:01:34,348] {processor.py:153} INFO - Started process (PID=1652) to work on /home/airflow/.local/lib/python3.7/site-packages/airflow/example_dags/example_branch_day_of_week_operator.py
[2022-05-13 04:01:34,349] {processor.py:641} INFO - Processing file /home/airflow/.local/lib/python3.7/site-packages/airflow/example_dags/example_branch_day_of_week_operator.py for tasks to queue
[2022-05-13 04:01:34,350] {logging_mixin.py:115} INFO - [2022-05-13 04:01:34,350] {dagbag.py:507} INFO - Filling up the DagBag from /home/airflow/.local/lib/python3.7/site-packages/airflow/example_dags/example_branch_day_of_week_operator.py
[2022-05-13 04:01:34,360] {processor.py:651} INFO - DAG(s) dict_keys(['example_weekday_branch_operator']) retrieved from /home/airflow/.local/lib/python3.7/site-packages/airflow/example_dags/example_branch_day_of_week_operator.py
[2022-05-13 04:01:34,377] {logging_mixin.py:115} INFO - [2022-05-13 04:01:34,377] {dag.py:2371} INFO - Sync 1 DAGs
[2022-05-13 04:01:34,394] {logging_mixin.py:115} INFO - [2022-05-13 04:01:34,394] {dag.py:2919} INFO - Setting next_dagrun for example_weekday_branch_operator to 2022-05-12T00:00:00+00:00, run_after=2022-05-13T00:00:00+00:00
[2022-05-13 04:01:34,403] {processor.py:161} INFO - Processing /home/airflow/.local/lib/python3.7/site-packages/airflow/example_dags/example_branch_day_of_week_operator.py took 0.057 seconds
[2022-05-13 04:02:04,470] {processor.py:153} INFO - Started process (PID=1878) to work on /home/airflow/.local/lib/python3.7/site-packages/airflow/example_dags/example_branch_day_of_week_operator.py
[2022-05-13 04:02:04,472] {processor.py:641} INFO - Processing file /home/airflow/.local/lib/python3.7/site-packages/airflow/example_dags/example_branch_day_of_week_operator.py for tasks to queue
[2022-05-13 04:02:04,473] {logging_mixin.py:115} INFO - [2022-05-13 04:02:04,473] {dagbag.py:507} INFO - Filling up the DagBag from /home/airflow/.local/lib/python3.7/site-packages/airflow/example_dags/example_branch_day_of_week_operator.py
[2022-05-13 04:02:04,479] {processor.py:651} INFO - DAG(s) dict_keys(['example_weekday_branch_operator']) retrieved from /home/airflow/.local/lib/python3.7/site-packages/airflow/example_dags/example_branch_day_of_week_operator.py
[2022-05-13 04:02:04,497] {logging_mixin.py:115} INFO - [2022-05-13 04:02:04,497] {dag.py:2371} INFO - Sync 1 DAGs
[2022-05-13 04:02:04,511] {logging_mixin.py:115} INFO - [2022-05-13 04:02:04,511] {dag.py:2919} INFO - Setting next_dagrun for example_weekday_branch_operator to 2022-05-12T00:00:00+00:00, run_after=2022-05-13T00:00:00+00:00
[2022-05-13 04:02:04,519] {processor.py:161} INFO - Processing /home/airflow/.local/lib/python3.7/site-packages/airflow/example_dags/example_branch_day_of_week_operator.py took 0.051 seconds
[2022-05-13 04:02:35,594] {processor.py:153} INFO - Started process (PID=2143) to work on /home/airflow/.local/lib/python3.7/site-packages/airflow/example_dags/example_branch_day_of_week_operator.py
[2022-05-13 04:02:35,595] {processor.py:641} INFO - Processing file /home/airflow/.local/lib/python3.7/site-packages/airflow/example_dags/example_branch_day_of_week_operator.py for tasks to queue
[2022-05-13 04:02:35,598] {logging_mixin.py:115} INFO - [2022-05-13 04:02:35,598] {dagbag.py:507} INFO - Filling up the DagBag from /home/airflow/.local/lib/python3.7/site-packages/airflow/example_dags/example_branch_day_of_week_operator.py
[2022-05-13 04:02:35,604] {processor.py:651} INFO - DAG(s) dict_keys(['example_weekday_branch_operator']) retrieved from /home/airflow/.local/lib/python3.7/site-packages/airflow/example_dags/example_branch_day_of_week_operator.py
[2022-05-13 04:02:35,621] {logging_mixin.py:115} INFO - [2022-05-13 04:02:35,621] {dag.py:2371} INFO - Sync 1 DAGs
[2022-05-13 04:02:35,639] {logging_mixin.py:115} INFO - [2022-05-13 04:02:35,639] {dag.py:2919} INFO - Setting next_dagrun for example_weekday_branch_operator to 2022-05-12T00:00:00+00:00, run_after=2022-05-13T00:00:00+00:00
[2022-05-13 04:02:35,648] {processor.py:161} INFO - Processing /home/airflow/.local/lib/python3.7/site-packages/airflow/example_dags/example_branch_day_of_week_operator.py took 0.056 seconds
[2022-05-13 04:03:06,076] {processor.py:153} INFO - Started process (PID=2533) to work on /home/airflow/.local/lib/python3.7/site-packages/airflow/example_dags/example_branch_day_of_week_operator.py
[2022-05-13 04:03:06,077] {processor.py:641} INFO - Processing file /home/airflow/.local/lib/python3.7/site-packages/airflow/example_dags/example_branch_day_of_week_operator.py for tasks to queue
[2022-05-13 04:03:06,078] {logging_mixin.py:115} INFO - [2022-05-13 04:03:06,078] {dagbag.py:507} INFO - Filling up the DagBag from /home/airflow/.local/lib/python3.7/site-packages/airflow/example_dags/example_branch_day_of_week_operator.py
[2022-05-13 04:03:06,085] {processor.py:651} INFO - DAG(s) dict_keys(['example_weekday_branch_operator']) retrieved from /home/airflow/.local/lib/python3.7/site-packages/airflow/example_dags/example_branch_day_of_week_operator.py
[2022-05-13 04:03:06,103] {logging_mixin.py:115} INFO - [2022-05-13 04:03:06,103] {dag.py:2371} INFO - Sync 1 DAGs
[2022-05-13 04:03:06,121] {logging_mixin.py:115} INFO - [2022-05-13 04:03:06,121] {dag.py:2919} INFO - Setting next_dagrun for example_weekday_branch_operator to 2022-05-12T00:00:00+00:00, run_after=2022-05-13T00:00:00+00:00
[2022-05-13 04:03:06,131] {processor.py:161} INFO - Processing /home/airflow/.local/lib/python3.7/site-packages/airflow/example_dags/example_branch_day_of_week_operator.py took 0.058 seconds
[2022-05-13 04:03:37,278] {processor.py:153} INFO - Started process (PID=2771) to work on /home/airflow/.local/lib/python3.7/site-packages/airflow/example_dags/example_branch_day_of_week_operator.py
[2022-05-13 04:03:37,280] {processor.py:641} INFO - Processing file /home/airflow/.local/lib/python3.7/site-packages/airflow/example_dags/example_branch_day_of_week_operator.py for tasks to queue
[2022-05-13 04:03:37,280] {logging_mixin.py:115} INFO - [2022-05-13 04:03:37,280] {dagbag.py:507} INFO - Filling up the DagBag from /home/airflow/.local/lib/python3.7/site-packages/airflow/example_dags/example_branch_day_of_week_operator.py
[2022-05-13 04:03:37,286] {processor.py:651} INFO - DAG(s) dict_keys(['example_weekday_branch_operator']) retrieved from /home/airflow/.local/lib/python3.7/site-packages/airflow/example_dags/example_branch_day_of_week_operator.py
[2022-05-13 04:03:37,304] {logging_mixin.py:115} INFO - [2022-05-13 04:03:37,304] {dag.py:2371} INFO - Sync 1 DAGs
[2022-05-13 04:03:37,319] {logging_mixin.py:115} INFO - [2022-05-13 04:03:37,319] {dag.py:2919} INFO - Setting next_dagrun for example_weekday_branch_operator to 2022-05-12T00:00:00+00:00, run_after=2022-05-13T00:00:00+00:00
[2022-05-13 04:03:37,327] {processor.py:161} INFO - Processing /home/airflow/.local/lib/python3.7/site-packages/airflow/example_dags/example_branch_day_of_week_operator.py took 0.051 seconds
[2022-05-13 06:14:12,178] {processor.py:153} INFO - Started process (PID=198) to work on /home/airflow/.local/lib/python3.7/site-packages/airflow/example_dags/example_branch_day_of_week_operator.py
[2022-05-13 06:14:12,179] {processor.py:641} INFO - Processing file /home/airflow/.local/lib/python3.7/site-packages/airflow/example_dags/example_branch_day_of_week_operator.py for tasks to queue
[2022-05-13 06:14:12,180] {logging_mixin.py:115} INFO - [2022-05-13 06:14:12,180] {dagbag.py:507} INFO - Filling up the DagBag from /home/airflow/.local/lib/python3.7/site-packages/airflow/example_dags/example_branch_day_of_week_operator.py
[2022-05-13 06:14:12,188] {processor.py:651} INFO - DAG(s) dict_keys(['example_weekday_branch_operator']) retrieved from /home/airflow/.local/lib/python3.7/site-packages/airflow/example_dags/example_branch_day_of_week_operator.py
[2022-05-13 06:14:12,207] {logging_mixin.py:115} INFO - [2022-05-13 06:14:12,207] {dag.py:2371} INFO - Sync 1 DAGs
[2022-05-13 06:14:12,222] {logging_mixin.py:115} INFO - [2022-05-13 06:14:12,222] {dag.py:2919} INFO - Setting next_dagrun for example_weekday_branch_operator to 2022-05-12T00:00:00+00:00, run_after=2022-05-13T00:00:00+00:00
[2022-05-13 06:14:12,231] {processor.py:161} INFO - Processing /home/airflow/.local/lib/python3.7/site-packages/airflow/example_dags/example_branch_day_of_week_operator.py took 0.056 seconds
[2022-05-13 06:14:43,119] {processor.py:153} INFO - Started process (PID=480) to work on /home/airflow/.local/lib/python3.7/site-packages/airflow/example_dags/example_branch_day_of_week_operator.py
[2022-05-13 06:14:43,121] {processor.py:641} INFO - Processing file /home/airflow/.local/lib/python3.7/site-packages/airflow/example_dags/example_branch_day_of_week_operator.py for tasks to queue
[2022-05-13 06:14:43,122] {logging_mixin.py:115} INFO - [2022-05-13 06:14:43,122] {dagbag.py:507} INFO - Filling up the DagBag from /home/airflow/.local/lib/python3.7/site-packages/airflow/example_dags/example_branch_day_of_week_operator.py
[2022-05-13 06:14:43,128] {processor.py:651} INFO - DAG(s) dict_keys(['example_weekday_branch_operator']) retrieved from /home/airflow/.local/lib/python3.7/site-packages/airflow/example_dags/example_branch_day_of_week_operator.py
[2022-05-13 06:14:43,145] {logging_mixin.py:115} INFO - [2022-05-13 06:14:43,145] {dag.py:2371} INFO - Sync 1 DAGs
[2022-05-13 06:14:43,159] {logging_mixin.py:115} INFO - [2022-05-13 06:14:43,159] {dag.py:2919} INFO - Setting next_dagrun for example_weekday_branch_operator to 2022-05-12T00:00:00+00:00, run_after=2022-05-13T00:00:00+00:00
[2022-05-13 06:14:43,166] {processor.py:161} INFO - Processing /home/airflow/.local/lib/python3.7/site-packages/airflow/example_dags/example_branch_day_of_week_operator.py took 0.049 seconds
[2022-05-13 06:15:14,058] {processor.py:153} INFO - Started process (PID=700) to work on /home/airflow/.local/lib/python3.7/site-packages/airflow/example_dags/example_branch_day_of_week_operator.py
[2022-05-13 06:15:14,060] {processor.py:641} INFO - Processing file /home/airflow/.local/lib/python3.7/site-packages/airflow/example_dags/example_branch_day_of_week_operator.py for tasks to queue
[2022-05-13 06:15:14,062] {logging_mixin.py:115} INFO - [2022-05-13 06:15:14,062] {dagbag.py:507} INFO - Filling up the DagBag from /home/airflow/.local/lib/python3.7/site-packages/airflow/example_dags/example_branch_day_of_week_operator.py
[2022-05-13 06:15:14,071] {processor.py:651} INFO - DAG(s) dict_keys(['example_weekday_branch_operator']) retrieved from /home/airflow/.local/lib/python3.7/site-packages/airflow/example_dags/example_branch_day_of_week_operator.py
[2022-05-13 06:15:14,102] {logging_mixin.py:115} INFO - [2022-05-13 06:15:14,102] {dag.py:2371} INFO - Sync 1 DAGs
[2022-05-13 06:15:14,119] {logging_mixin.py:115} INFO - [2022-05-13 06:15:14,119] {dag.py:2919} INFO - Setting next_dagrun for example_weekday_branch_operator to 2022-05-12T00:00:00+00:00, run_after=2022-05-13T00:00:00+00:00
[2022-05-13 06:15:14,132] {processor.py:161} INFO - Processing /home/airflow/.local/lib/python3.7/site-packages/airflow/example_dags/example_branch_day_of_week_operator.py took 0.076 seconds
[2022-05-13 06:15:45,053] {processor.py:153} INFO - Started process (PID=1084) to work on /home/airflow/.local/lib/python3.7/site-packages/airflow/example_dags/example_branch_day_of_week_operator.py
[2022-05-13 06:15:45,054] {processor.py:641} INFO - Processing file /home/airflow/.local/lib/python3.7/site-packages/airflow/example_dags/example_branch_day_of_week_operator.py for tasks to queue
[2022-05-13 06:15:45,055] {logging_mixin.py:115} INFO - [2022-05-13 06:15:45,055] {dagbag.py:507} INFO - Filling up the DagBag from /home/airflow/.local/lib/python3.7/site-packages/airflow/example_dags/example_branch_day_of_week_operator.py
[2022-05-13 06:15:45,061] {processor.py:651} INFO - DAG(s) dict_keys(['example_weekday_branch_operator']) retrieved from /home/airflow/.local/lib/python3.7/site-packages/airflow/example_dags/example_branch_day_of_week_operator.py
[2022-05-13 06:15:45,079] {logging_mixin.py:115} INFO - [2022-05-13 06:15:45,079] {dag.py:2371} INFO - Sync 1 DAGs
[2022-05-13 06:15:45,096] {logging_mixin.py:115} INFO - [2022-05-13 06:15:45,096] {dag.py:2919} INFO - Setting next_dagrun for example_weekday_branch_operator to 2022-05-12T00:00:00+00:00, run_after=2022-05-13T00:00:00+00:00
[2022-05-13 06:15:45,103] {processor.py:161} INFO - Processing /home/airflow/.local/lib/python3.7/site-packages/airflow/example_dags/example_branch_day_of_week_operator.py took 0.053 seconds
[2022-05-13 06:16:16,106] {processor.py:153} INFO - Started process (PID=1323) to work on /home/airflow/.local/lib/python3.7/site-packages/airflow/example_dags/example_branch_day_of_week_operator.py
[2022-05-13 06:16:16,108] {processor.py:641} INFO - Processing file /home/airflow/.local/lib/python3.7/site-packages/airflow/example_dags/example_branch_day_of_week_operator.py for tasks to queue
[2022-05-13 06:16:16,109] {logging_mixin.py:115} INFO - [2022-05-13 06:16:16,109] {dagbag.py:507} INFO - Filling up the DagBag from /home/airflow/.local/lib/python3.7/site-packages/airflow/example_dags/example_branch_day_of_week_operator.py
[2022-05-13 06:16:16,117] {processor.py:651} INFO - DAG(s) dict_keys(['example_weekday_branch_operator']) retrieved from /home/airflow/.local/lib/python3.7/site-packages/airflow/example_dags/example_branch_day_of_week_operator.py
[2022-05-13 06:16:16,138] {logging_mixin.py:115} INFO - [2022-05-13 06:16:16,137] {dag.py:2371} INFO - Sync 1 DAGs
[2022-05-13 06:16:16,154] {logging_mixin.py:115} INFO - [2022-05-13 06:16:16,154] {dag.py:2919} INFO - Setting next_dagrun for example_weekday_branch_operator to 2022-05-12T00:00:00+00:00, run_after=2022-05-13T00:00:00+00:00
[2022-05-13 06:16:16,164] {processor.py:161} INFO - Processing /home/airflow/.local/lib/python3.7/site-packages/airflow/example_dags/example_branch_day_of_week_operator.py took 0.060 seconds
[2022-05-13 07:26:24,752] {processor.py:153} INFO - Started process (PID=199) to work on /home/airflow/.local/lib/python3.7/site-packages/airflow/example_dags/example_branch_day_of_week_operator.py
[2022-05-13 07:26:24,754] {processor.py:641} INFO - Processing file /home/airflow/.local/lib/python3.7/site-packages/airflow/example_dags/example_branch_day_of_week_operator.py for tasks to queue
[2022-05-13 07:26:24,755] {logging_mixin.py:115} INFO - [2022-05-13 07:26:24,755] {dagbag.py:507} INFO - Filling up the DagBag from /home/airflow/.local/lib/python3.7/site-packages/airflow/example_dags/example_branch_day_of_week_operator.py
[2022-05-13 07:26:24,766] {processor.py:651} INFO - DAG(s) dict_keys(['example_weekday_branch_operator']) retrieved from /home/airflow/.local/lib/python3.7/site-packages/airflow/example_dags/example_branch_day_of_week_operator.py
[2022-05-13 07:26:24,796] {logging_mixin.py:115} INFO - [2022-05-13 07:26:24,796] {dag.py:2371} INFO - Sync 1 DAGs
[2022-05-13 07:26:24,811] {logging_mixin.py:115} INFO - [2022-05-13 07:26:24,811] {dag.py:2919} INFO - Setting next_dagrun for example_weekday_branch_operator to 2022-05-12T00:00:00+00:00, run_after=2022-05-13T00:00:00+00:00
[2022-05-13 07:26:24,822] {processor.py:161} INFO - Processing /home/airflow/.local/lib/python3.7/site-packages/airflow/example_dags/example_branch_day_of_week_operator.py took 0.072 seconds
[2022-05-13 07:26:55,640] {processor.py:153} INFO - Started process (PID=415) to work on /home/airflow/.local/lib/python3.7/site-packages/airflow/example_dags/example_branch_day_of_week_operator.py
[2022-05-13 07:26:55,641] {processor.py:641} INFO - Processing file /home/airflow/.local/lib/python3.7/site-packages/airflow/example_dags/example_branch_day_of_week_operator.py for tasks to queue
[2022-05-13 07:26:55,642] {logging_mixin.py:115} INFO - [2022-05-13 07:26:55,642] {dagbag.py:507} INFO - Filling up the DagBag from /home/airflow/.local/lib/python3.7/site-packages/airflow/example_dags/example_branch_day_of_week_operator.py
[2022-05-13 07:26:55,649] {processor.py:651} INFO - DAG(s) dict_keys(['example_weekday_branch_operator']) retrieved from /home/airflow/.local/lib/python3.7/site-packages/airflow/example_dags/example_branch_day_of_week_operator.py
[2022-05-13 07:26:55,667] {logging_mixin.py:115} INFO - [2022-05-13 07:26:55,667] {dag.py:2371} INFO - Sync 1 DAGs
[2022-05-13 07:26:55,682] {logging_mixin.py:115} INFO - [2022-05-13 07:26:55,682] {dag.py:2919} INFO - Setting next_dagrun for example_weekday_branch_operator to 2022-05-12T00:00:00+00:00, run_after=2022-05-13T00:00:00+00:00
[2022-05-13 07:26:55,690] {processor.py:161} INFO - Processing /home/airflow/.local/lib/python3.7/site-packages/airflow/example_dags/example_branch_day_of_week_operator.py took 0.053 seconds
[2022-05-13 07:27:26,533] {processor.py:153} INFO - Started process (PID=638) to work on /home/airflow/.local/lib/python3.7/site-packages/airflow/example_dags/example_branch_day_of_week_operator.py
[2022-05-13 07:27:26,534] {processor.py:641} INFO - Processing file /home/airflow/.local/lib/python3.7/site-packages/airflow/example_dags/example_branch_day_of_week_operator.py for tasks to queue
[2022-05-13 07:27:26,535] {logging_mixin.py:115} INFO - [2022-05-13 07:27:26,535] {dagbag.py:507} INFO - Filling up the DagBag from /home/airflow/.local/lib/python3.7/site-packages/airflow/example_dags/example_branch_day_of_week_operator.py
[2022-05-13 07:27:26,543] {processor.py:651} INFO - DAG(s) dict_keys(['example_weekday_branch_operator']) retrieved from /home/airflow/.local/lib/python3.7/site-packages/airflow/example_dags/example_branch_day_of_week_operator.py
[2022-05-13 07:27:26,562] {logging_mixin.py:115} INFO - [2022-05-13 07:27:26,562] {dag.py:2371} INFO - Sync 1 DAGs
[2022-05-13 07:27:26,582] {logging_mixin.py:115} INFO - [2022-05-13 07:27:26,582] {dag.py:2919} INFO - Setting next_dagrun for example_weekday_branch_operator to 2022-05-12T00:00:00+00:00, run_after=2022-05-13T00:00:00+00:00
[2022-05-13 07:27:26,592] {processor.py:161} INFO - Processing /home/airflow/.local/lib/python3.7/site-packages/airflow/example_dags/example_branch_day_of_week_operator.py took 0.061 seconds
[2022-05-13 07:27:56,893] {processor.py:153} INFO - Started process (PID=919) to work on /home/airflow/.local/lib/python3.7/site-packages/airflow/example_dags/example_branch_day_of_week_operator.py
[2022-05-13 07:27:56,898] {processor.py:641} INFO - Processing file /home/airflow/.local/lib/python3.7/site-packages/airflow/example_dags/example_branch_day_of_week_operator.py for tasks to queue
[2022-05-13 07:27:56,900] {logging_mixin.py:115} INFO - [2022-05-13 07:27:56,900] {dagbag.py:507} INFO - Filling up the DagBag from /home/airflow/.local/lib/python3.7/site-packages/airflow/example_dags/example_branch_day_of_week_operator.py
[2022-05-13 07:27:56,906] {processor.py:651} INFO - DAG(s) dict_keys(['example_weekday_branch_operator']) retrieved from /home/airflow/.local/lib/python3.7/site-packages/airflow/example_dags/example_branch_day_of_week_operator.py
[2022-05-13 07:27:56,925] {logging_mixin.py:115} INFO - [2022-05-13 07:27:56,925] {dag.py:2371} INFO - Sync 1 DAGs
[2022-05-13 07:27:56,942] {logging_mixin.py:115} INFO - [2022-05-13 07:27:56,942] {dag.py:2919} INFO - Setting next_dagrun for example_weekday_branch_operator to 2022-05-12T00:00:00+00:00, run_after=2022-05-13T00:00:00+00:00
[2022-05-13 07:27:56,950] {processor.py:161} INFO - Processing /home/airflow/.local/lib/python3.7/site-packages/airflow/example_dags/example_branch_day_of_week_operator.py took 0.059 seconds
[2022-05-13 07:28:27,826] {processor.py:153} INFO - Started process (PID=1295) to work on /home/airflow/.local/lib/python3.7/site-packages/airflow/example_dags/example_branch_day_of_week_operator.py
[2022-05-13 07:28:27,827] {processor.py:641} INFO - Processing file /home/airflow/.local/lib/python3.7/site-packages/airflow/example_dags/example_branch_day_of_week_operator.py for tasks to queue
[2022-05-13 07:28:27,828] {logging_mixin.py:115} INFO - [2022-05-13 07:28:27,828] {dagbag.py:507} INFO - Filling up the DagBag from /home/airflow/.local/lib/python3.7/site-packages/airflow/example_dags/example_branch_day_of_week_operator.py
[2022-05-13 07:28:27,836] {processor.py:651} INFO - DAG(s) dict_keys(['example_weekday_branch_operator']) retrieved from /home/airflow/.local/lib/python3.7/site-packages/airflow/example_dags/example_branch_day_of_week_operator.py
[2022-05-13 07:28:27,853] {logging_mixin.py:115} INFO - [2022-05-13 07:28:27,853] {dag.py:2371} INFO - Sync 1 DAGs
[2022-05-13 07:28:27,867] {logging_mixin.py:115} INFO - [2022-05-13 07:28:27,866] {dag.py:2919} INFO - Setting next_dagrun for example_weekday_branch_operator to 2022-05-12T00:00:00+00:00, run_after=2022-05-13T00:00:00+00:00
[2022-05-13 07:28:27,874] {processor.py:161} INFO - Processing /home/airflow/.local/lib/python3.7/site-packages/airflow/example_dags/example_branch_day_of_week_operator.py took 0.050 seconds
[2022-05-13 07:28:58,697] {processor.py:153} INFO - Started process (PID=1760) to work on /home/airflow/.local/lib/python3.7/site-packages/airflow/example_dags/example_branch_day_of_week_operator.py
[2022-05-13 07:28:58,698] {processor.py:641} INFO - Processing file /home/airflow/.local/lib/python3.7/site-packages/airflow/example_dags/example_branch_day_of_week_operator.py for tasks to queue
[2022-05-13 07:28:58,699] {logging_mixin.py:115} INFO - [2022-05-13 07:28:58,699] {dagbag.py:507} INFO - Filling up the DagBag from /home/airflow/.local/lib/python3.7/site-packages/airflow/example_dags/example_branch_day_of_week_operator.py
[2022-05-13 07:28:58,705] {processor.py:651} INFO - DAG(s) dict_keys(['example_weekday_branch_operator']) retrieved from /home/airflow/.local/lib/python3.7/site-packages/airflow/example_dags/example_branch_day_of_week_operator.py
[2022-05-13 07:28:58,722] {logging_mixin.py:115} INFO - [2022-05-13 07:28:58,722] {dag.py:2371} INFO - Sync 1 DAGs
[2022-05-13 07:28:58,736] {logging_mixin.py:115} INFO - [2022-05-13 07:28:58,736] {dag.py:2919} INFO - Setting next_dagrun for example_weekday_branch_operator to 2022-05-12T00:00:00+00:00, run_after=2022-05-13T00:00:00+00:00
[2022-05-13 07:28:58,744] {processor.py:161} INFO - Processing /home/airflow/.local/lib/python3.7/site-packages/airflow/example_dags/example_branch_day_of_week_operator.py took 0.050 seconds
[2022-05-13 07:29:29,476] {processor.py:153} INFO - Started process (PID=1980) to work on /home/airflow/.local/lib/python3.7/site-packages/airflow/example_dags/example_branch_day_of_week_operator.py
[2022-05-13 07:29:29,478] {processor.py:641} INFO - Processing file /home/airflow/.local/lib/python3.7/site-packages/airflow/example_dags/example_branch_day_of_week_operator.py for tasks to queue
[2022-05-13 07:29:29,479] {logging_mixin.py:115} INFO - [2022-05-13 07:29:29,478] {dagbag.py:507} INFO - Filling up the DagBag from /home/airflow/.local/lib/python3.7/site-packages/airflow/example_dags/example_branch_day_of_week_operator.py
[2022-05-13 07:29:29,484] {processor.py:651} INFO - DAG(s) dict_keys(['example_weekday_branch_operator']) retrieved from /home/airflow/.local/lib/python3.7/site-packages/airflow/example_dags/example_branch_day_of_week_operator.py
[2022-05-13 07:29:29,501] {logging_mixin.py:115} INFO - [2022-05-13 07:29:29,501] {dag.py:2371} INFO - Sync 1 DAGs
[2022-05-13 07:29:29,516] {logging_mixin.py:115} INFO - [2022-05-13 07:29:29,516] {dag.py:2919} INFO - Setting next_dagrun for example_weekday_branch_operator to 2022-05-12T00:00:00+00:00, run_after=2022-05-13T00:00:00+00:00
[2022-05-13 07:29:29,524] {processor.py:161} INFO - Processing /home/airflow/.local/lib/python3.7/site-packages/airflow/example_dags/example_branch_day_of_week_operator.py took 0.050 seconds
[2022-05-13 07:30:00,257] {processor.py:153} INFO - Started process (PID=2197) to work on /home/airflow/.local/lib/python3.7/site-packages/airflow/example_dags/example_branch_day_of_week_operator.py
[2022-05-13 07:30:00,259] {processor.py:641} INFO - Processing file /home/airflow/.local/lib/python3.7/site-packages/airflow/example_dags/example_branch_day_of_week_operator.py for tasks to queue
[2022-05-13 07:30:00,260] {logging_mixin.py:115} INFO - [2022-05-13 07:30:00,260] {dagbag.py:507} INFO - Filling up the DagBag from /home/airflow/.local/lib/python3.7/site-packages/airflow/example_dags/example_branch_day_of_week_operator.py
[2022-05-13 07:30:00,268] {processor.py:651} INFO - DAG(s) dict_keys(['example_weekday_branch_operator']) retrieved from /home/airflow/.local/lib/python3.7/site-packages/airflow/example_dags/example_branch_day_of_week_operator.py
[2022-05-13 07:30:00,290] {logging_mixin.py:115} INFO - [2022-05-13 07:30:00,290] {dag.py:2371} INFO - Sync 1 DAGs
[2022-05-13 07:30:00,309] {logging_mixin.py:115} INFO - [2022-05-13 07:30:00,309] {dag.py:2919} INFO - Setting next_dagrun for example_weekday_branch_operator to 2022-05-12T00:00:00+00:00, run_after=2022-05-13T00:00:00+00:00
[2022-05-13 07:30:00,320] {processor.py:161} INFO - Processing /home/airflow/.local/lib/python3.7/site-packages/airflow/example_dags/example_branch_day_of_week_operator.py took 0.065 seconds
[2022-05-13 07:30:31,060] {processor.py:153} INFO - Started process (PID=2431) to work on /home/airflow/.local/lib/python3.7/site-packages/airflow/example_dags/example_branch_day_of_week_operator.py
[2022-05-13 07:30:31,061] {processor.py:641} INFO - Processing file /home/airflow/.local/lib/python3.7/site-packages/airflow/example_dags/example_branch_day_of_week_operator.py for tasks to queue
[2022-05-13 07:30:31,062] {logging_mixin.py:115} INFO - [2022-05-13 07:30:31,062] {dagbag.py:507} INFO - Filling up the DagBag from /home/airflow/.local/lib/python3.7/site-packages/airflow/example_dags/example_branch_day_of_week_operator.py
[2022-05-13 07:30:31,068] {processor.py:651} INFO - DAG(s) dict_keys(['example_weekday_branch_operator']) retrieved from /home/airflow/.local/lib/python3.7/site-packages/airflow/example_dags/example_branch_day_of_week_operator.py
[2022-05-13 07:30:31,084] {logging_mixin.py:115} INFO - [2022-05-13 07:30:31,084] {dag.py:2371} INFO - Sync 1 DAGs
[2022-05-13 07:30:31,099] {logging_mixin.py:115} INFO - [2022-05-13 07:30:31,099] {dag.py:2919} INFO - Setting next_dagrun for example_weekday_branch_operator to 2022-05-12T00:00:00+00:00, run_after=2022-05-13T00:00:00+00:00
[2022-05-13 07:30:31,107] {processor.py:161} INFO - Processing /home/airflow/.local/lib/python3.7/site-packages/airflow/example_dags/example_branch_day_of_week_operator.py took 0.049 seconds
[2022-05-13 07:31:01,756] {processor.py:153} INFO - Started process (PID=2646) to work on /home/airflow/.local/lib/python3.7/site-packages/airflow/example_dags/example_branch_day_of_week_operator.py
[2022-05-13 07:31:01,758] {processor.py:641} INFO - Processing file /home/airflow/.local/lib/python3.7/site-packages/airflow/example_dags/example_branch_day_of_week_operator.py for tasks to queue
[2022-05-13 07:31:01,759] {logging_mixin.py:115} INFO - [2022-05-13 07:31:01,759] {dagbag.py:507} INFO - Filling up the DagBag from /home/airflow/.local/lib/python3.7/site-packages/airflow/example_dags/example_branch_day_of_week_operator.py
[2022-05-13 07:31:01,765] {processor.py:651} INFO - DAG(s) dict_keys(['example_weekday_branch_operator']) retrieved from /home/airflow/.local/lib/python3.7/site-packages/airflow/example_dags/example_branch_day_of_week_operator.py
[2022-05-13 07:31:01,784] {logging_mixin.py:115} INFO - [2022-05-13 07:31:01,784] {dag.py:2371} INFO - Sync 1 DAGs
[2022-05-13 07:31:01,797] {logging_mixin.py:115} INFO - [2022-05-13 07:31:01,797] {dag.py:2919} INFO - Setting next_dagrun for example_weekday_branch_operator to 2022-05-12T00:00:00+00:00, run_after=2022-05-13T00:00:00+00:00
[2022-05-13 07:31:01,805] {processor.py:161} INFO - Processing /home/airflow/.local/lib/python3.7/site-packages/airflow/example_dags/example_branch_day_of_week_operator.py took 0.051 seconds
[2022-05-13 07:31:32,520] {processor.py:153} INFO - Started process (PID=2861) to work on /home/airflow/.local/lib/python3.7/site-packages/airflow/example_dags/example_branch_day_of_week_operator.py
[2022-05-13 07:31:32,521] {processor.py:641} INFO - Processing file /home/airflow/.local/lib/python3.7/site-packages/airflow/example_dags/example_branch_day_of_week_operator.py for tasks to queue
[2022-05-13 07:31:32,523] {logging_mixin.py:115} INFO - [2022-05-13 07:31:32,523] {dagbag.py:507} INFO - Filling up the DagBag from /home/airflow/.local/lib/python3.7/site-packages/airflow/example_dags/example_branch_day_of_week_operator.py
[2022-05-13 07:31:32,528] {processor.py:651} INFO - DAG(s) dict_keys(['example_weekday_branch_operator']) retrieved from /home/airflow/.local/lib/python3.7/site-packages/airflow/example_dags/example_branch_day_of_week_operator.py
[2022-05-13 07:31:32,549] {logging_mixin.py:115} INFO - [2022-05-13 07:31:32,549] {dag.py:2371} INFO - Sync 1 DAGs
[2022-05-13 07:31:32,561] {logging_mixin.py:115} INFO - [2022-05-13 07:31:32,561] {dag.py:2919} INFO - Setting next_dagrun for example_weekday_branch_operator to 2022-05-12T00:00:00+00:00, run_after=2022-05-13T00:00:00+00:00
[2022-05-13 07:31:32,569] {processor.py:161} INFO - Processing /home/airflow/.local/lib/python3.7/site-packages/airflow/example_dags/example_branch_day_of_week_operator.py took 0.051 seconds
[2022-05-13 07:32:03,220] {processor.py:153} INFO - Started process (PID=3068) to work on /home/airflow/.local/lib/python3.7/site-packages/airflow/example_dags/example_branch_day_of_week_operator.py
[2022-05-13 07:32:03,221] {processor.py:641} INFO - Processing file /home/airflow/.local/lib/python3.7/site-packages/airflow/example_dags/example_branch_day_of_week_operator.py for tasks to queue
[2022-05-13 07:32:03,222] {logging_mixin.py:115} INFO - [2022-05-13 07:32:03,222] {dagbag.py:507} INFO - Filling up the DagBag from /home/airflow/.local/lib/python3.7/site-packages/airflow/example_dags/example_branch_day_of_week_operator.py
[2022-05-13 07:32:03,227] {processor.py:651} INFO - DAG(s) dict_keys(['example_weekday_branch_operator']) retrieved from /home/airflow/.local/lib/python3.7/site-packages/airflow/example_dags/example_branch_day_of_week_operator.py
[2022-05-13 07:32:03,243] {logging_mixin.py:115} INFO - [2022-05-13 07:32:03,243] {dag.py:2371} INFO - Sync 1 DAGs
[2022-05-13 07:32:03,255] {logging_mixin.py:115} INFO - [2022-05-13 07:32:03,255] {dag.py:2919} INFO - Setting next_dagrun for example_weekday_branch_operator to 2022-05-12T00:00:00+00:00, run_after=2022-05-13T00:00:00+00:00
[2022-05-13 07:32:03,261] {processor.py:161} INFO - Processing /home/airflow/.local/lib/python3.7/site-packages/airflow/example_dags/example_branch_day_of_week_operator.py took 0.043 seconds
[2022-05-13 07:32:33,993] {processor.py:153} INFO - Started process (PID=3281) to work on /home/airflow/.local/lib/python3.7/site-packages/airflow/example_dags/example_branch_day_of_week_operator.py
[2022-05-13 07:32:33,994] {processor.py:641} INFO - Processing file /home/airflow/.local/lib/python3.7/site-packages/airflow/example_dags/example_branch_day_of_week_operator.py for tasks to queue
[2022-05-13 07:32:33,995] {logging_mixin.py:115} INFO - [2022-05-13 07:32:33,995] {dagbag.py:507} INFO - Filling up the DagBag from /home/airflow/.local/lib/python3.7/site-packages/airflow/example_dags/example_branch_day_of_week_operator.py
[2022-05-13 07:32:34,000] {processor.py:651} INFO - DAG(s) dict_keys(['example_weekday_branch_operator']) retrieved from /home/airflow/.local/lib/python3.7/site-packages/airflow/example_dags/example_branch_day_of_week_operator.py
[2022-05-13 07:32:34,017] {logging_mixin.py:115} INFO - [2022-05-13 07:32:34,017] {dag.py:2371} INFO - Sync 1 DAGs
[2022-05-13 07:32:34,031] {logging_mixin.py:115} INFO - [2022-05-13 07:32:34,031] {dag.py:2919} INFO - Setting next_dagrun for example_weekday_branch_operator to 2022-05-12T00:00:00+00:00, run_after=2022-05-13T00:00:00+00:00
[2022-05-13 07:32:34,039] {processor.py:161} INFO - Processing /home/airflow/.local/lib/python3.7/site-packages/airflow/example_dags/example_branch_day_of_week_operator.py took 0.048 seconds
[2022-05-13 07:33:04,708] {processor.py:153} INFO - Started process (PID=3497) to work on /home/airflow/.local/lib/python3.7/site-packages/airflow/example_dags/example_branch_day_of_week_operator.py
[2022-05-13 07:33:04,709] {processor.py:641} INFO - Processing file /home/airflow/.local/lib/python3.7/site-packages/airflow/example_dags/example_branch_day_of_week_operator.py for tasks to queue
[2022-05-13 07:33:04,711] {logging_mixin.py:115} INFO - [2022-05-13 07:33:04,711] {dagbag.py:507} INFO - Filling up the DagBag from /home/airflow/.local/lib/python3.7/site-packages/airflow/example_dags/example_branch_day_of_week_operator.py
[2022-05-13 07:33:04,716] {processor.py:651} INFO - DAG(s) dict_keys(['example_weekday_branch_operator']) retrieved from /home/airflow/.local/lib/python3.7/site-packages/airflow/example_dags/example_branch_day_of_week_operator.py
[2022-05-13 07:33:04,733] {logging_mixin.py:115} INFO - [2022-05-13 07:33:04,733] {dag.py:2371} INFO - Sync 1 DAGs
[2022-05-13 07:33:04,747] {logging_mixin.py:115} INFO - [2022-05-13 07:33:04,747] {dag.py:2919} INFO - Setting next_dagrun for example_weekday_branch_operator to 2022-05-12T00:00:00+00:00, run_after=2022-05-13T00:00:00+00:00
[2022-05-13 07:33:04,755] {processor.py:161} INFO - Processing /home/airflow/.local/lib/python3.7/site-packages/airflow/example_dags/example_branch_day_of_week_operator.py took 0.049 seconds
[2022-05-13 07:33:35,417] {processor.py:153} INFO - Started process (PID=3714) to work on /home/airflow/.local/lib/python3.7/site-packages/airflow/example_dags/example_branch_day_of_week_operator.py
[2022-05-13 07:33:35,419] {processor.py:641} INFO - Processing file /home/airflow/.local/lib/python3.7/site-packages/airflow/example_dags/example_branch_day_of_week_operator.py for tasks to queue
[2022-05-13 07:33:35,420] {logging_mixin.py:115} INFO - [2022-05-13 07:33:35,420] {dagbag.py:507} INFO - Filling up the DagBag from /home/airflow/.local/lib/python3.7/site-packages/airflow/example_dags/example_branch_day_of_week_operator.py
[2022-05-13 07:33:35,425] {processor.py:651} INFO - DAG(s) dict_keys(['example_weekday_branch_operator']) retrieved from /home/airflow/.local/lib/python3.7/site-packages/airflow/example_dags/example_branch_day_of_week_operator.py
[2022-05-13 07:33:35,445] {logging_mixin.py:115} INFO - [2022-05-13 07:33:35,445] {dag.py:2371} INFO - Sync 1 DAGs
[2022-05-13 07:33:35,458] {logging_mixin.py:115} INFO - [2022-05-13 07:33:35,458] {dag.py:2919} INFO - Setting next_dagrun for example_weekday_branch_operator to 2022-05-12T00:00:00+00:00, run_after=2022-05-13T00:00:00+00:00
[2022-05-13 07:33:35,465] {processor.py:161} INFO - Processing /home/airflow/.local/lib/python3.7/site-packages/airflow/example_dags/example_branch_day_of_week_operator.py took 0.050 seconds
[2022-05-13 07:34:06,048] {processor.py:153} INFO - Started process (PID=3931) to work on /home/airflow/.local/lib/python3.7/site-packages/airflow/example_dags/example_branch_day_of_week_operator.py
[2022-05-13 07:34:06,049] {processor.py:641} INFO - Processing file /home/airflow/.local/lib/python3.7/site-packages/airflow/example_dags/example_branch_day_of_week_operator.py for tasks to queue
[2022-05-13 07:34:06,050] {logging_mixin.py:115} INFO - [2022-05-13 07:34:06,050] {dagbag.py:507} INFO - Filling up the DagBag from /home/airflow/.local/lib/python3.7/site-packages/airflow/example_dags/example_branch_day_of_week_operator.py
[2022-05-13 07:34:06,056] {processor.py:651} INFO - DAG(s) dict_keys(['example_weekday_branch_operator']) retrieved from /home/airflow/.local/lib/python3.7/site-packages/airflow/example_dags/example_branch_day_of_week_operator.py
[2022-05-13 07:34:06,072] {logging_mixin.py:115} INFO - [2022-05-13 07:34:06,072] {dag.py:2371} INFO - Sync 1 DAGs
[2022-05-13 07:34:06,085] {logging_mixin.py:115} INFO - [2022-05-13 07:34:06,085] {dag.py:2919} INFO - Setting next_dagrun for example_weekday_branch_operator to 2022-05-12T00:00:00+00:00, run_after=2022-05-13T00:00:00+00:00
[2022-05-13 07:34:06,092] {processor.py:161} INFO - Processing /home/airflow/.local/lib/python3.7/site-packages/airflow/example_dags/example_branch_day_of_week_operator.py took 0.045 seconds
[2022-05-13 07:34:36,349] {processor.py:153} INFO - Started process (PID=4146) to work on /home/airflow/.local/lib/python3.7/site-packages/airflow/example_dags/example_branch_day_of_week_operator.py
[2022-05-13 07:34:36,352] {processor.py:641} INFO - Processing file /home/airflow/.local/lib/python3.7/site-packages/airflow/example_dags/example_branch_day_of_week_operator.py for tasks to queue
[2022-05-13 07:34:36,352] {logging_mixin.py:115} INFO - [2022-05-13 07:34:36,352] {dagbag.py:507} INFO - Filling up the DagBag from /home/airflow/.local/lib/python3.7/site-packages/airflow/example_dags/example_branch_day_of_week_operator.py
[2022-05-13 07:34:36,358] {processor.py:651} INFO - DAG(s) dict_keys(['example_weekday_branch_operator']) retrieved from /home/airflow/.local/lib/python3.7/site-packages/airflow/example_dags/example_branch_day_of_week_operator.py
[2022-05-13 07:34:36,376] {logging_mixin.py:115} INFO - [2022-05-13 07:34:36,376] {dag.py:2371} INFO - Sync 1 DAGs
[2022-05-13 07:34:36,390] {logging_mixin.py:115} INFO - [2022-05-13 07:34:36,390] {dag.py:2919} INFO - Setting next_dagrun for example_weekday_branch_operator to 2022-05-12T00:00:00+00:00, run_after=2022-05-13T00:00:00+00:00
[2022-05-13 07:34:36,397] {processor.py:161} INFO - Processing /home/airflow/.local/lib/python3.7/site-packages/airflow/example_dags/example_branch_day_of_week_operator.py took 0.051 seconds
[2022-05-13 07:35:07,043] {processor.py:153} INFO - Started process (PID=4362) to work on /home/airflow/.local/lib/python3.7/site-packages/airflow/example_dags/example_branch_day_of_week_operator.py
[2022-05-13 07:35:07,045] {processor.py:641} INFO - Processing file /home/airflow/.local/lib/python3.7/site-packages/airflow/example_dags/example_branch_day_of_week_operator.py for tasks to queue
[2022-05-13 07:35:07,046] {logging_mixin.py:115} INFO - [2022-05-13 07:35:07,046] {dagbag.py:507} INFO - Filling up the DagBag from /home/airflow/.local/lib/python3.7/site-packages/airflow/example_dags/example_branch_day_of_week_operator.py
[2022-05-13 07:35:07,053] {processor.py:651} INFO - DAG(s) dict_keys(['example_weekday_branch_operator']) retrieved from /home/airflow/.local/lib/python3.7/site-packages/airflow/example_dags/example_branch_day_of_week_operator.py
[2022-05-13 07:35:07,073] {logging_mixin.py:115} INFO - [2022-05-13 07:35:07,073] {dag.py:2371} INFO - Sync 1 DAGs
[2022-05-13 07:35:07,088] {logging_mixin.py:115} INFO - [2022-05-13 07:35:07,088] {dag.py:2919} INFO - Setting next_dagrun for example_weekday_branch_operator to 2022-05-12T00:00:00+00:00, run_after=2022-05-13T00:00:00+00:00
[2022-05-13 07:35:07,096] {processor.py:161} INFO - Processing /home/airflow/.local/lib/python3.7/site-packages/airflow/example_dags/example_branch_day_of_week_operator.py took 0.055 seconds
[2022-05-13 07:35:37,904] {processor.py:153} INFO - Started process (PID=4570) to work on /home/airflow/.local/lib/python3.7/site-packages/airflow/example_dags/example_branch_day_of_week_operator.py
[2022-05-13 07:35:37,906] {processor.py:641} INFO - Processing file /home/airflow/.local/lib/python3.7/site-packages/airflow/example_dags/example_branch_day_of_week_operator.py for tasks to queue
[2022-05-13 07:35:37,907] {logging_mixin.py:115} INFO - [2022-05-13 07:35:37,907] {dagbag.py:507} INFO - Filling up the DagBag from /home/airflow/.local/lib/python3.7/site-packages/airflow/example_dags/example_branch_day_of_week_operator.py
[2022-05-13 07:35:37,913] {processor.py:651} INFO - DAG(s) dict_keys(['example_weekday_branch_operator']) retrieved from /home/airflow/.local/lib/python3.7/site-packages/airflow/example_dags/example_branch_day_of_week_operator.py
[2022-05-13 07:35:37,930] {logging_mixin.py:115} INFO - [2022-05-13 07:35:37,930] {dag.py:2371} INFO - Sync 1 DAGs
[2022-05-13 07:35:37,944] {logging_mixin.py:115} INFO - [2022-05-13 07:35:37,944] {dag.py:2919} INFO - Setting next_dagrun for example_weekday_branch_operator to 2022-05-12T00:00:00+00:00, run_after=2022-05-13T00:00:00+00:00
[2022-05-13 07:35:37,951] {processor.py:161} INFO - Processing /home/airflow/.local/lib/python3.7/site-packages/airflow/example_dags/example_branch_day_of_week_operator.py took 0.049 seconds
[2022-05-13 07:36:08,563] {processor.py:153} INFO - Started process (PID=4783) to work on /home/airflow/.local/lib/python3.7/site-packages/airflow/example_dags/example_branch_day_of_week_operator.py
[2022-05-13 07:36:08,567] {processor.py:641} INFO - Processing file /home/airflow/.local/lib/python3.7/site-packages/airflow/example_dags/example_branch_day_of_week_operator.py for tasks to queue
[2022-05-13 07:36:08,567] {logging_mixin.py:115} INFO - [2022-05-13 07:36:08,567] {dagbag.py:507} INFO - Filling up the DagBag from /home/airflow/.local/lib/python3.7/site-packages/airflow/example_dags/example_branch_day_of_week_operator.py
[2022-05-13 07:36:08,573] {processor.py:651} INFO - DAG(s) dict_keys(['example_weekday_branch_operator']) retrieved from /home/airflow/.local/lib/python3.7/site-packages/airflow/example_dags/example_branch_day_of_week_operator.py
[2022-05-13 07:36:08,589] {logging_mixin.py:115} INFO - [2022-05-13 07:36:08,589] {dag.py:2371} INFO - Sync 1 DAGs
[2022-05-13 07:36:08,602] {logging_mixin.py:115} INFO - [2022-05-13 07:36:08,602] {dag.py:2919} INFO - Setting next_dagrun for example_weekday_branch_operator to 2022-05-12T00:00:00+00:00, run_after=2022-05-13T00:00:00+00:00
[2022-05-13 07:36:08,610] {processor.py:161} INFO - Processing /home/airflow/.local/lib/python3.7/site-packages/airflow/example_dags/example_branch_day_of_week_operator.py took 0.049 seconds
[2022-05-13 07:36:39,424] {processor.py:153} INFO - Started process (PID=5000) to work on /home/airflow/.local/lib/python3.7/site-packages/airflow/example_dags/example_branch_day_of_week_operator.py
[2022-05-13 07:36:39,425] {processor.py:641} INFO - Processing file /home/airflow/.local/lib/python3.7/site-packages/airflow/example_dags/example_branch_day_of_week_operator.py for tasks to queue
[2022-05-13 07:36:39,426] {logging_mixin.py:115} INFO - [2022-05-13 07:36:39,426] {dagbag.py:507} INFO - Filling up the DagBag from /home/airflow/.local/lib/python3.7/site-packages/airflow/example_dags/example_branch_day_of_week_operator.py
[2022-05-13 07:36:39,431] {processor.py:651} INFO - DAG(s) dict_keys(['example_weekday_branch_operator']) retrieved from /home/airflow/.local/lib/python3.7/site-packages/airflow/example_dags/example_branch_day_of_week_operator.py
[2022-05-13 07:36:39,448] {logging_mixin.py:115} INFO - [2022-05-13 07:36:39,448] {dag.py:2371} INFO - Sync 1 DAGs
[2022-05-13 07:36:39,462] {logging_mixin.py:115} INFO - [2022-05-13 07:36:39,462] {dag.py:2919} INFO - Setting next_dagrun for example_weekday_branch_operator to 2022-05-12T00:00:00+00:00, run_after=2022-05-13T00:00:00+00:00
[2022-05-13 07:36:39,470] {processor.py:161} INFO - Processing /home/airflow/.local/lib/python3.7/site-packages/airflow/example_dags/example_branch_day_of_week_operator.py took 0.048 seconds
[2022-05-13 07:37:10,117] {processor.py:153} INFO - Started process (PID=5214) to work on /home/airflow/.local/lib/python3.7/site-packages/airflow/example_dags/example_branch_day_of_week_operator.py
[2022-05-13 07:37:10,118] {processor.py:641} INFO - Processing file /home/airflow/.local/lib/python3.7/site-packages/airflow/example_dags/example_branch_day_of_week_operator.py for tasks to queue
[2022-05-13 07:37:10,119] {logging_mixin.py:115} INFO - [2022-05-13 07:37:10,119] {dagbag.py:507} INFO - Filling up the DagBag from /home/airflow/.local/lib/python3.7/site-packages/airflow/example_dags/example_branch_day_of_week_operator.py
[2022-05-13 07:37:10,124] {processor.py:651} INFO - DAG(s) dict_keys(['example_weekday_branch_operator']) retrieved from /home/airflow/.local/lib/python3.7/site-packages/airflow/example_dags/example_branch_day_of_week_operator.py
[2022-05-13 07:37:10,142] {logging_mixin.py:115} INFO - [2022-05-13 07:37:10,142] {dag.py:2371} INFO - Sync 1 DAGs
[2022-05-13 07:37:10,156] {logging_mixin.py:115} INFO - [2022-05-13 07:37:10,156] {dag.py:2919} INFO - Setting next_dagrun for example_weekday_branch_operator to 2022-05-12T00:00:00+00:00, run_after=2022-05-13T00:00:00+00:00
[2022-05-13 07:37:10,166] {processor.py:161} INFO - Processing /home/airflow/.local/lib/python3.7/site-packages/airflow/example_dags/example_branch_day_of_week_operator.py took 0.051 seconds
[2022-05-13 09:38:04,046] {processor.py:153} INFO - Started process (PID=203) to work on /home/airflow/.local/lib/python3.7/site-packages/airflow/example_dags/example_branch_day_of_week_operator.py
[2022-05-13 09:38:04,047] {processor.py:641} INFO - Processing file /home/airflow/.local/lib/python3.7/site-packages/airflow/example_dags/example_branch_day_of_week_operator.py for tasks to queue
[2022-05-13 09:38:04,048] {logging_mixin.py:115} INFO - [2022-05-13 09:38:04,048] {dagbag.py:507} INFO - Filling up the DagBag from /home/airflow/.local/lib/python3.7/site-packages/airflow/example_dags/example_branch_day_of_week_operator.py
[2022-05-13 09:38:04,056] {processor.py:651} INFO - DAG(s) dict_keys(['example_weekday_branch_operator']) retrieved from /home/airflow/.local/lib/python3.7/site-packages/airflow/example_dags/example_branch_day_of_week_operator.py
[2022-05-13 09:38:04,078] {logging_mixin.py:115} INFO - [2022-05-13 09:38:04,078] {dag.py:2371} INFO - Sync 1 DAGs
[2022-05-13 09:38:04,096] {logging_mixin.py:115} INFO - [2022-05-13 09:38:04,096] {dag.py:2919} INFO - Setting next_dagrun for example_weekday_branch_operator to 2022-05-12T00:00:00+00:00, run_after=2022-05-13T00:00:00+00:00
[2022-05-13 09:38:04,106] {processor.py:161} INFO - Processing /home/airflow/.local/lib/python3.7/site-packages/airflow/example_dags/example_branch_day_of_week_operator.py took 0.064 seconds
[2022-05-13 09:38:35,124] {processor.py:153} INFO - Started process (PID=420) to work on /home/airflow/.local/lib/python3.7/site-packages/airflow/example_dags/example_branch_day_of_week_operator.py
[2022-05-13 09:38:35,127] {processor.py:641} INFO - Processing file /home/airflow/.local/lib/python3.7/site-packages/airflow/example_dags/example_branch_day_of_week_operator.py for tasks to queue
[2022-05-13 09:38:35,131] {logging_mixin.py:115} INFO - [2022-05-13 09:38:35,130] {dagbag.py:507} INFO - Filling up the DagBag from /home/airflow/.local/lib/python3.7/site-packages/airflow/example_dags/example_branch_day_of_week_operator.py
[2022-05-13 09:38:35,140] {processor.py:651} INFO - DAG(s) dict_keys(['example_weekday_branch_operator']) retrieved from /home/airflow/.local/lib/python3.7/site-packages/airflow/example_dags/example_branch_day_of_week_operator.py
[2022-05-13 09:38:35,161] {logging_mixin.py:115} INFO - [2022-05-13 09:38:35,161] {dag.py:2371} INFO - Sync 1 DAGs
[2022-05-13 09:38:35,175] {logging_mixin.py:115} INFO - [2022-05-13 09:38:35,175] {dag.py:2919} INFO - Setting next_dagrun for example_weekday_branch_operator to 2022-05-12T00:00:00+00:00, run_after=2022-05-13T00:00:00+00:00
[2022-05-13 09:38:35,183] {processor.py:161} INFO - Processing /home/airflow/.local/lib/python3.7/site-packages/airflow/example_dags/example_branch_day_of_week_operator.py took 0.063 seconds
[2022-05-13 09:39:05,864] {processor.py:153} INFO - Started process (PID=635) to work on /home/airflow/.local/lib/python3.7/site-packages/airflow/example_dags/example_branch_day_of_week_operator.py
[2022-05-13 09:39:05,867] {processor.py:641} INFO - Processing file /home/airflow/.local/lib/python3.7/site-packages/airflow/example_dags/example_branch_day_of_week_operator.py for tasks to queue
[2022-05-13 09:39:05,869] {logging_mixin.py:115} INFO - [2022-05-13 09:39:05,869] {dagbag.py:507} INFO - Filling up the DagBag from /home/airflow/.local/lib/python3.7/site-packages/airflow/example_dags/example_branch_day_of_week_operator.py
[2022-05-13 09:39:05,878] {processor.py:651} INFO - DAG(s) dict_keys(['example_weekday_branch_operator']) retrieved from /home/airflow/.local/lib/python3.7/site-packages/airflow/example_dags/example_branch_day_of_week_operator.py
[2022-05-13 09:39:05,899] {logging_mixin.py:115} INFO - [2022-05-13 09:39:05,899] {dag.py:2371} INFO - Sync 1 DAGs
[2022-05-13 09:39:05,913] {logging_mixin.py:115} INFO - [2022-05-13 09:39:05,913] {dag.py:2919} INFO - Setting next_dagrun for example_weekday_branch_operator to 2022-05-12T00:00:00+00:00, run_after=2022-05-13T00:00:00+00:00
[2022-05-13 09:39:05,921] {processor.py:161} INFO - Processing /home/airflow/.local/lib/python3.7/site-packages/airflow/example_dags/example_branch_day_of_week_operator.py took 0.060 seconds
[2022-05-13 09:39:36,704] {processor.py:153} INFO - Started process (PID=850) to work on /home/airflow/.local/lib/python3.7/site-packages/airflow/example_dags/example_branch_day_of_week_operator.py
[2022-05-13 09:39:36,707] {processor.py:641} INFO - Processing file /home/airflow/.local/lib/python3.7/site-packages/airflow/example_dags/example_branch_day_of_week_operator.py for tasks to queue
[2022-05-13 09:39:36,710] {logging_mixin.py:115} INFO - [2022-05-13 09:39:36,710] {dagbag.py:507} INFO - Filling up the DagBag from /home/airflow/.local/lib/python3.7/site-packages/airflow/example_dags/example_branch_day_of_week_operator.py
[2022-05-13 09:39:36,720] {processor.py:651} INFO - DAG(s) dict_keys(['example_weekday_branch_operator']) retrieved from /home/airflow/.local/lib/python3.7/site-packages/airflow/example_dags/example_branch_day_of_week_operator.py
[2022-05-13 09:39:36,745] {logging_mixin.py:115} INFO - [2022-05-13 09:39:36,745] {dag.py:2371} INFO - Sync 1 DAGs
[2022-05-13 09:39:36,759] {logging_mixin.py:115} INFO - [2022-05-13 09:39:36,759] {dag.py:2919} INFO - Setting next_dagrun for example_weekday_branch_operator to 2022-05-12T00:00:00+00:00, run_after=2022-05-13T00:00:00+00:00
[2022-05-13 09:39:36,768] {processor.py:161} INFO - Processing /home/airflow/.local/lib/python3.7/site-packages/airflow/example_dags/example_branch_day_of_week_operator.py took 0.072 seconds
[2022-05-13 09:40:07,573] {processor.py:153} INFO - Started process (PID=1057) to work on /home/airflow/.local/lib/python3.7/site-packages/airflow/example_dags/example_branch_day_of_week_operator.py
[2022-05-13 09:40:07,574] {processor.py:641} INFO - Processing file /home/airflow/.local/lib/python3.7/site-packages/airflow/example_dags/example_branch_day_of_week_operator.py for tasks to queue
[2022-05-13 09:40:07,576] {logging_mixin.py:115} INFO - [2022-05-13 09:40:07,576] {dagbag.py:507} INFO - Filling up the DagBag from /home/airflow/.local/lib/python3.7/site-packages/airflow/example_dags/example_branch_day_of_week_operator.py
[2022-05-13 09:40:07,585] {processor.py:651} INFO - DAG(s) dict_keys(['example_weekday_branch_operator']) retrieved from /home/airflow/.local/lib/python3.7/site-packages/airflow/example_dags/example_branch_day_of_week_operator.py
[2022-05-13 09:40:07,602] {logging_mixin.py:115} INFO - [2022-05-13 09:40:07,602] {dag.py:2371} INFO - Sync 1 DAGs
[2022-05-13 09:40:07,616] {logging_mixin.py:115} INFO - [2022-05-13 09:40:07,616] {dag.py:2919} INFO - Setting next_dagrun for example_weekday_branch_operator to 2022-05-12T00:00:00+00:00, run_after=2022-05-13T00:00:00+00:00
[2022-05-13 09:40:07,625] {processor.py:161} INFO - Processing /home/airflow/.local/lib/python3.7/site-packages/airflow/example_dags/example_branch_day_of_week_operator.py took 0.055 seconds
[2022-05-13 09:40:38,547] {processor.py:153} INFO - Started process (PID=1272) to work on /home/airflow/.local/lib/python3.7/site-packages/airflow/example_dags/example_branch_day_of_week_operator.py
[2022-05-13 09:40:38,549] {processor.py:641} INFO - Processing file /home/airflow/.local/lib/python3.7/site-packages/airflow/example_dags/example_branch_day_of_week_operator.py for tasks to queue
[2022-05-13 09:40:38,551] {logging_mixin.py:115} INFO - [2022-05-13 09:40:38,551] {dagbag.py:507} INFO - Filling up the DagBag from /home/airflow/.local/lib/python3.7/site-packages/airflow/example_dags/example_branch_day_of_week_operator.py
[2022-05-13 09:40:38,561] {processor.py:651} INFO - DAG(s) dict_keys(['example_weekday_branch_operator']) retrieved from /home/airflow/.local/lib/python3.7/site-packages/airflow/example_dags/example_branch_day_of_week_operator.py
[2022-05-13 09:40:38,581] {logging_mixin.py:115} INFO - [2022-05-13 09:40:38,581] {dag.py:2371} INFO - Sync 1 DAGs
[2022-05-13 09:40:38,596] {logging_mixin.py:115} INFO - [2022-05-13 09:40:38,596] {dag.py:2919} INFO - Setting next_dagrun for example_weekday_branch_operator to 2022-05-12T00:00:00+00:00, run_after=2022-05-13T00:00:00+00:00
[2022-05-13 09:40:38,604] {processor.py:161} INFO - Processing /home/airflow/.local/lib/python3.7/site-packages/airflow/example_dags/example_branch_day_of_week_operator.py took 0.061 seconds
[2022-05-13 09:41:09,409] {processor.py:153} INFO - Started process (PID=1488) to work on /home/airflow/.local/lib/python3.7/site-packages/airflow/example_dags/example_branch_day_of_week_operator.py
[2022-05-13 09:41:09,411] {processor.py:641} INFO - Processing file /home/airflow/.local/lib/python3.7/site-packages/airflow/example_dags/example_branch_day_of_week_operator.py for tasks to queue
[2022-05-13 09:41:09,414] {logging_mixin.py:115} INFO - [2022-05-13 09:41:09,413] {dagbag.py:507} INFO - Filling up the DagBag from /home/airflow/.local/lib/python3.7/site-packages/airflow/example_dags/example_branch_day_of_week_operator.py
[2022-05-13 09:41:09,422] {processor.py:651} INFO - DAG(s) dict_keys(['example_weekday_branch_operator']) retrieved from /home/airflow/.local/lib/python3.7/site-packages/airflow/example_dags/example_branch_day_of_week_operator.py
[2022-05-13 09:41:09,458] {logging_mixin.py:115} INFO - [2022-05-13 09:41:09,458] {dag.py:2371} INFO - Sync 1 DAGs
[2022-05-13 09:41:09,473] {logging_mixin.py:115} INFO - [2022-05-13 09:41:09,473] {dag.py:2919} INFO - Setting next_dagrun for example_weekday_branch_operator to 2022-05-12T00:00:00+00:00, run_after=2022-05-13T00:00:00+00:00
[2022-05-13 09:41:09,480] {processor.py:161} INFO - Processing /home/airflow/.local/lib/python3.7/site-packages/airflow/example_dags/example_branch_day_of_week_operator.py took 0.075 seconds
[2022-05-13 09:41:40,133] {processor.py:153} INFO - Started process (PID=1703) to work on /home/airflow/.local/lib/python3.7/site-packages/airflow/example_dags/example_branch_day_of_week_operator.py
[2022-05-13 09:41:40,134] {processor.py:641} INFO - Processing file /home/airflow/.local/lib/python3.7/site-packages/airflow/example_dags/example_branch_day_of_week_operator.py for tasks to queue
[2022-05-13 09:41:40,136] {logging_mixin.py:115} INFO - [2022-05-13 09:41:40,136] {dagbag.py:507} INFO - Filling up the DagBag from /home/airflow/.local/lib/python3.7/site-packages/airflow/example_dags/example_branch_day_of_week_operator.py
[2022-05-13 09:41:40,145] {processor.py:651} INFO - DAG(s) dict_keys(['example_weekday_branch_operator']) retrieved from /home/airflow/.local/lib/python3.7/site-packages/airflow/example_dags/example_branch_day_of_week_operator.py
[2022-05-13 09:41:40,165] {logging_mixin.py:115} INFO - [2022-05-13 09:41:40,165] {dag.py:2371} INFO - Sync 1 DAGs
[2022-05-13 09:41:40,180] {logging_mixin.py:115} INFO - [2022-05-13 09:41:40,180] {dag.py:2919} INFO - Setting next_dagrun for example_weekday_branch_operator to 2022-05-12T00:00:00+00:00, run_after=2022-05-13T00:00:00+00:00
[2022-05-13 09:41:40,187] {processor.py:161} INFO - Processing /home/airflow/.local/lib/python3.7/site-packages/airflow/example_dags/example_branch_day_of_week_operator.py took 0.059 seconds
[2022-05-13 09:42:10,960] {processor.py:153} INFO - Started process (PID=1918) to work on /home/airflow/.local/lib/python3.7/site-packages/airflow/example_dags/example_branch_day_of_week_operator.py
[2022-05-13 09:42:10,962] {processor.py:641} INFO - Processing file /home/airflow/.local/lib/python3.7/site-packages/airflow/example_dags/example_branch_day_of_week_operator.py for tasks to queue
[2022-05-13 09:42:10,963] {logging_mixin.py:115} INFO - [2022-05-13 09:42:10,963] {dagbag.py:507} INFO - Filling up the DagBag from /home/airflow/.local/lib/python3.7/site-packages/airflow/example_dags/example_branch_day_of_week_operator.py
[2022-05-13 09:42:10,969] {processor.py:651} INFO - DAG(s) dict_keys(['example_weekday_branch_operator']) retrieved from /home/airflow/.local/lib/python3.7/site-packages/airflow/example_dags/example_branch_day_of_week_operator.py
[2022-05-13 09:42:10,985] {logging_mixin.py:115} INFO - [2022-05-13 09:42:10,985] {dag.py:2371} INFO - Sync 1 DAGs
[2022-05-13 09:42:10,998] {logging_mixin.py:115} INFO - [2022-05-13 09:42:10,998] {dag.py:2919} INFO - Setting next_dagrun for example_weekday_branch_operator to 2022-05-12T00:00:00+00:00, run_after=2022-05-13T00:00:00+00:00
[2022-05-13 09:42:11,006] {processor.py:161} INFO - Processing /home/airflow/.local/lib/python3.7/site-packages/airflow/example_dags/example_branch_day_of_week_operator.py took 0.048 seconds
[2022-05-13 09:42:41,710] {processor.py:153} INFO - Started process (PID=2133) to work on /home/airflow/.local/lib/python3.7/site-packages/airflow/example_dags/example_branch_day_of_week_operator.py
[2022-05-13 09:42:41,712] {processor.py:641} INFO - Processing file /home/airflow/.local/lib/python3.7/site-packages/airflow/example_dags/example_branch_day_of_week_operator.py for tasks to queue
[2022-05-13 09:42:41,715] {logging_mixin.py:115} INFO - [2022-05-13 09:42:41,715] {dagbag.py:507} INFO - Filling up the DagBag from /home/airflow/.local/lib/python3.7/site-packages/airflow/example_dags/example_branch_day_of_week_operator.py
[2022-05-13 09:42:41,724] {processor.py:651} INFO - DAG(s) dict_keys(['example_weekday_branch_operator']) retrieved from /home/airflow/.local/lib/python3.7/site-packages/airflow/example_dags/example_branch_day_of_week_operator.py
[2022-05-13 09:42:41,745] {logging_mixin.py:115} INFO - [2022-05-13 09:42:41,745] {dag.py:2371} INFO - Sync 1 DAGs
[2022-05-13 09:42:41,760] {logging_mixin.py:115} INFO - [2022-05-13 09:42:41,760] {dag.py:2919} INFO - Setting next_dagrun for example_weekday_branch_operator to 2022-05-12T00:00:00+00:00, run_after=2022-05-13T00:00:00+00:00
[2022-05-13 09:42:41,766] {processor.py:161} INFO - Processing /home/airflow/.local/lib/python3.7/site-packages/airflow/example_dags/example_branch_day_of_week_operator.py took 0.061 seconds
[2022-05-13 09:43:12,712] {processor.py:153} INFO - Started process (PID=2347) to work on /home/airflow/.local/lib/python3.7/site-packages/airflow/example_dags/example_branch_day_of_week_operator.py
[2022-05-13 09:43:12,714] {processor.py:641} INFO - Processing file /home/airflow/.local/lib/python3.7/site-packages/airflow/example_dags/example_branch_day_of_week_operator.py for tasks to queue
[2022-05-13 09:43:12,715] {logging_mixin.py:115} INFO - [2022-05-13 09:43:12,715] {dagbag.py:507} INFO - Filling up the DagBag from /home/airflow/.local/lib/python3.7/site-packages/airflow/example_dags/example_branch_day_of_week_operator.py
[2022-05-13 09:43:12,721] {processor.py:651} INFO - DAG(s) dict_keys(['example_weekday_branch_operator']) retrieved from /home/airflow/.local/lib/python3.7/site-packages/airflow/example_dags/example_branch_day_of_week_operator.py
[2022-05-13 09:43:12,739] {logging_mixin.py:115} INFO - [2022-05-13 09:43:12,739] {dag.py:2371} INFO - Sync 1 DAGs
[2022-05-13 09:43:12,753] {logging_mixin.py:115} INFO - [2022-05-13 09:43:12,753] {dag.py:2919} INFO - Setting next_dagrun for example_weekday_branch_operator to 2022-05-12T00:00:00+00:00, run_after=2022-05-13T00:00:00+00:00
[2022-05-13 09:43:12,761] {processor.py:161} INFO - Processing /home/airflow/.local/lib/python3.7/site-packages/airflow/example_dags/example_branch_day_of_week_operator.py took 0.052 seconds
[2022-05-13 09:43:43,486] {processor.py:153} INFO - Started process (PID=2563) to work on /home/airflow/.local/lib/python3.7/site-packages/airflow/example_dags/example_branch_day_of_week_operator.py
[2022-05-13 09:43:43,488] {processor.py:641} INFO - Processing file /home/airflow/.local/lib/python3.7/site-packages/airflow/example_dags/example_branch_day_of_week_operator.py for tasks to queue
[2022-05-13 09:43:43,489] {logging_mixin.py:115} INFO - [2022-05-13 09:43:43,489] {dagbag.py:507} INFO - Filling up the DagBag from /home/airflow/.local/lib/python3.7/site-packages/airflow/example_dags/example_branch_day_of_week_operator.py
[2022-05-13 09:43:43,497] {processor.py:651} INFO - DAG(s) dict_keys(['example_weekday_branch_operator']) retrieved from /home/airflow/.local/lib/python3.7/site-packages/airflow/example_dags/example_branch_day_of_week_operator.py
[2022-05-13 09:43:43,514] {logging_mixin.py:115} INFO - [2022-05-13 09:43:43,514] {dag.py:2371} INFO - Sync 1 DAGs
[2022-05-13 09:43:43,528] {logging_mixin.py:115} INFO - [2022-05-13 09:43:43,528] {dag.py:2919} INFO - Setting next_dagrun for example_weekday_branch_operator to 2022-05-12T00:00:00+00:00, run_after=2022-05-13T00:00:00+00:00
[2022-05-13 09:43:43,536] {processor.py:161} INFO - Processing /home/airflow/.local/lib/python3.7/site-packages/airflow/example_dags/example_branch_day_of_week_operator.py took 0.055 seconds
[2022-05-13 09:44:14,267] {processor.py:153} INFO - Started process (PID=2767) to work on /home/airflow/.local/lib/python3.7/site-packages/airflow/example_dags/example_branch_day_of_week_operator.py
[2022-05-13 09:44:14,268] {processor.py:641} INFO - Processing file /home/airflow/.local/lib/python3.7/site-packages/airflow/example_dags/example_branch_day_of_week_operator.py for tasks to queue
[2022-05-13 09:44:14,269] {logging_mixin.py:115} INFO - [2022-05-13 09:44:14,269] {dagbag.py:507} INFO - Filling up the DagBag from /home/airflow/.local/lib/python3.7/site-packages/airflow/example_dags/example_branch_day_of_week_operator.py
[2022-05-13 09:44:14,277] {processor.py:651} INFO - DAG(s) dict_keys(['example_weekday_branch_operator']) retrieved from /home/airflow/.local/lib/python3.7/site-packages/airflow/example_dags/example_branch_day_of_week_operator.py
[2022-05-13 09:44:14,296] {logging_mixin.py:115} INFO - [2022-05-13 09:44:14,295] {dag.py:2371} INFO - Sync 1 DAGs
[2022-05-13 09:44:14,309] {logging_mixin.py:115} INFO - [2022-05-13 09:44:14,309] {dag.py:2919} INFO - Setting next_dagrun for example_weekday_branch_operator to 2022-05-12T00:00:00+00:00, run_after=2022-05-13T00:00:00+00:00
[2022-05-13 09:44:14,316] {processor.py:161} INFO - Processing /home/airflow/.local/lib/python3.7/site-packages/airflow/example_dags/example_branch_day_of_week_operator.py took 0.052 seconds
[2022-05-13 09:44:45,098] {processor.py:153} INFO - Started process (PID=2983) to work on /home/airflow/.local/lib/python3.7/site-packages/airflow/example_dags/example_branch_day_of_week_operator.py
[2022-05-13 09:44:45,100] {processor.py:641} INFO - Processing file /home/airflow/.local/lib/python3.7/site-packages/airflow/example_dags/example_branch_day_of_week_operator.py for tasks to queue
[2022-05-13 09:44:45,103] {logging_mixin.py:115} INFO - [2022-05-13 09:44:45,103] {dagbag.py:507} INFO - Filling up the DagBag from /home/airflow/.local/lib/python3.7/site-packages/airflow/example_dags/example_branch_day_of_week_operator.py
[2022-05-13 09:44:45,112] {processor.py:651} INFO - DAG(s) dict_keys(['example_weekday_branch_operator']) retrieved from /home/airflow/.local/lib/python3.7/site-packages/airflow/example_dags/example_branch_day_of_week_operator.py
[2022-05-13 09:44:45,132] {logging_mixin.py:115} INFO - [2022-05-13 09:44:45,132] {dag.py:2371} INFO - Sync 1 DAGs
[2022-05-13 09:44:45,146] {logging_mixin.py:115} INFO - [2022-05-13 09:44:45,146] {dag.py:2919} INFO - Setting next_dagrun for example_weekday_branch_operator to 2022-05-12T00:00:00+00:00, run_after=2022-05-13T00:00:00+00:00
[2022-05-13 09:44:45,154] {processor.py:161} INFO - Processing /home/airflow/.local/lib/python3.7/site-packages/airflow/example_dags/example_branch_day_of_week_operator.py took 0.060 seconds
[2022-05-13 09:45:15,905] {processor.py:153} INFO - Started process (PID=3201) to work on /home/airflow/.local/lib/python3.7/site-packages/airflow/example_dags/example_branch_day_of_week_operator.py
[2022-05-13 09:45:15,907] {processor.py:641} INFO - Processing file /home/airflow/.local/lib/python3.7/site-packages/airflow/example_dags/example_branch_day_of_week_operator.py for tasks to queue
[2022-05-13 09:45:15,910] {logging_mixin.py:115} INFO - [2022-05-13 09:45:15,909] {dagbag.py:507} INFO - Filling up the DagBag from /home/airflow/.local/lib/python3.7/site-packages/airflow/example_dags/example_branch_day_of_week_operator.py
[2022-05-13 09:45:15,918] {processor.py:651} INFO - DAG(s) dict_keys(['example_weekday_branch_operator']) retrieved from /home/airflow/.local/lib/python3.7/site-packages/airflow/example_dags/example_branch_day_of_week_operator.py
[2022-05-13 09:45:15,940] {logging_mixin.py:115} INFO - [2022-05-13 09:45:15,940] {dag.py:2371} INFO - Sync 1 DAGs
[2022-05-13 09:45:15,955] {logging_mixin.py:115} INFO - [2022-05-13 09:45:15,955] {dag.py:2919} INFO - Setting next_dagrun for example_weekday_branch_operator to 2022-05-12T00:00:00+00:00, run_after=2022-05-13T00:00:00+00:00
[2022-05-13 09:45:15,962] {processor.py:161} INFO - Processing /home/airflow/.local/lib/python3.7/site-packages/airflow/example_dags/example_branch_day_of_week_operator.py took 0.061 seconds
[2022-05-13 09:45:46,815] {processor.py:153} INFO - Started process (PID=3416) to work on /home/airflow/.local/lib/python3.7/site-packages/airflow/example_dags/example_branch_day_of_week_operator.py
[2022-05-13 09:45:46,817] {processor.py:641} INFO - Processing file /home/airflow/.local/lib/python3.7/site-packages/airflow/example_dags/example_branch_day_of_week_operator.py for tasks to queue
[2022-05-13 09:45:46,819] {logging_mixin.py:115} INFO - [2022-05-13 09:45:46,818] {dagbag.py:507} INFO - Filling up the DagBag from /home/airflow/.local/lib/python3.7/site-packages/airflow/example_dags/example_branch_day_of_week_operator.py
[2022-05-13 09:45:46,827] {processor.py:651} INFO - DAG(s) dict_keys(['example_weekday_branch_operator']) retrieved from /home/airflow/.local/lib/python3.7/site-packages/airflow/example_dags/example_branch_day_of_week_operator.py
[2022-05-13 09:45:46,847] {logging_mixin.py:115} INFO - [2022-05-13 09:45:46,847] {dag.py:2371} INFO - Sync 1 DAGs
[2022-05-13 09:45:46,862] {logging_mixin.py:115} INFO - [2022-05-13 09:45:46,862] {dag.py:2919} INFO - Setting next_dagrun for example_weekday_branch_operator to 2022-05-12T00:00:00+00:00, run_after=2022-05-13T00:00:00+00:00
[2022-05-13 09:45:46,869] {processor.py:161} INFO - Processing /home/airflow/.local/lib/python3.7/site-packages/airflow/example_dags/example_branch_day_of_week_operator.py took 0.058 seconds
