[2022-05-13 03:38:57,859] {processor.py:153} INFO - Started process (PID=246) to work on /home/airflow/.local/lib/python3.7/site-packages/airflow/example_dags/example_branch_python_dop_operator_3.py
[2022-05-13 03:38:57,861] {processor.py:641} INFO - Processing file /home/airflow/.local/lib/python3.7/site-packages/airflow/example_dags/example_branch_python_dop_operator_3.py for tasks to queue
[2022-05-13 03:38:57,862] {logging_mixin.py:115} INFO - [2022-05-13 03:38:57,862] {dagbag.py:507} INFO - Filling up the DagBag from /home/airflow/.local/lib/python3.7/site-packages/airflow/example_dags/example_branch_python_dop_operator_3.py
[2022-05-13 03:38:57,869] {processor.py:651} INFO - DAG(s) dict_keys(['example_branch_dop_operator_v3']) retrieved from /home/airflow/.local/lib/python3.7/site-packages/airflow/example_dags/example_branch_python_dop_operator_3.py
[2022-05-13 03:38:57,894] {logging_mixin.py:115} INFO - [2022-05-13 03:38:57,894] {dag.py:2371} INFO - Sync 1 DAGs
[2022-05-13 03:38:57,951] {logging_mixin.py:115} INFO - [2022-05-13 03:38:57,951] {dag.py:2919} INFO - Setting next_dagrun for example_branch_dop_operator_v3 to 2022-05-13T03:37:00+00:00, run_after=2022-05-13T03:38:00+00:00
[2022-05-13 03:38:57,962] {processor.py:161} INFO - Processing /home/airflow/.local/lib/python3.7/site-packages/airflow/example_dags/example_branch_python_dop_operator_3.py took 0.105 seconds
[2022-05-13 03:39:28,442] {processor.py:153} INFO - Started process (PID=521) to work on /home/airflow/.local/lib/python3.7/site-packages/airflow/example_dags/example_branch_python_dop_operator_3.py
[2022-05-13 03:39:28,444] {processor.py:641} INFO - Processing file /home/airflow/.local/lib/python3.7/site-packages/airflow/example_dags/example_branch_python_dop_operator_3.py for tasks to queue
[2022-05-13 03:39:28,446] {logging_mixin.py:115} INFO - [2022-05-13 03:39:28,446] {dagbag.py:507} INFO - Filling up the DagBag from /home/airflow/.local/lib/python3.7/site-packages/airflow/example_dags/example_branch_python_dop_operator_3.py
[2022-05-13 03:39:28,455] {processor.py:651} INFO - DAG(s) dict_keys(['example_branch_dop_operator_v3']) retrieved from /home/airflow/.local/lib/python3.7/site-packages/airflow/example_dags/example_branch_python_dop_operator_3.py
[2022-05-13 03:39:28,472] {logging_mixin.py:115} INFO - [2022-05-13 03:39:28,472] {dag.py:2371} INFO - Sync 1 DAGs
[2022-05-13 03:39:28,492] {logging_mixin.py:115} INFO - [2022-05-13 03:39:28,492] {dag.py:2919} INFO - Setting next_dagrun for example_branch_dop_operator_v3 to 2022-05-13T03:38:00+00:00, run_after=2022-05-13T03:39:00+00:00
[2022-05-13 03:39:28,506] {processor.py:161} INFO - Processing /home/airflow/.local/lib/python3.7/site-packages/airflow/example_dags/example_branch_python_dop_operator_3.py took 0.066 seconds
[2022-05-13 03:39:59,419] {processor.py:153} INFO - Started process (PID=908) to work on /home/airflow/.local/lib/python3.7/site-packages/airflow/example_dags/example_branch_python_dop_operator_3.py
[2022-05-13 03:39:59,421] {processor.py:641} INFO - Processing file /home/airflow/.local/lib/python3.7/site-packages/airflow/example_dags/example_branch_python_dop_operator_3.py for tasks to queue
[2022-05-13 03:39:59,422] {logging_mixin.py:115} INFO - [2022-05-13 03:39:59,422] {dagbag.py:507} INFO - Filling up the DagBag from /home/airflow/.local/lib/python3.7/site-packages/airflow/example_dags/example_branch_python_dop_operator_3.py
[2022-05-13 03:39:59,429] {processor.py:651} INFO - DAG(s) dict_keys(['example_branch_dop_operator_v3']) retrieved from /home/airflow/.local/lib/python3.7/site-packages/airflow/example_dags/example_branch_python_dop_operator_3.py
[2022-05-13 03:39:59,447] {logging_mixin.py:115} INFO - [2022-05-13 03:39:59,447] {dag.py:2371} INFO - Sync 1 DAGs
[2022-05-13 03:39:59,462] {logging_mixin.py:115} INFO - [2022-05-13 03:39:59,462] {dag.py:2919} INFO - Setting next_dagrun for example_branch_dop_operator_v3 to 2022-05-13T03:38:00+00:00, run_after=2022-05-13T03:39:00+00:00
[2022-05-13 03:39:59,470] {processor.py:161} INFO - Processing /home/airflow/.local/lib/python3.7/site-packages/airflow/example_dags/example_branch_python_dop_operator_3.py took 0.053 seconds
[2022-05-13 03:40:29,626] {processor.py:153} INFO - Started process (PID=1128) to work on /home/airflow/.local/lib/python3.7/site-packages/airflow/example_dags/example_branch_python_dop_operator_3.py
[2022-05-13 03:40:29,628] {processor.py:641} INFO - Processing file /home/airflow/.local/lib/python3.7/site-packages/airflow/example_dags/example_branch_python_dop_operator_3.py for tasks to queue
[2022-05-13 03:40:29,629] {logging_mixin.py:115} INFO - [2022-05-13 03:40:29,629] {dagbag.py:507} INFO - Filling up the DagBag from /home/airflow/.local/lib/python3.7/site-packages/airflow/example_dags/example_branch_python_dop_operator_3.py
[2022-05-13 03:40:29,635] {processor.py:651} INFO - DAG(s) dict_keys(['example_branch_dop_operator_v3']) retrieved from /home/airflow/.local/lib/python3.7/site-packages/airflow/example_dags/example_branch_python_dop_operator_3.py
[2022-05-13 03:40:29,654] {logging_mixin.py:115} INFO - [2022-05-13 03:40:29,653] {dag.py:2371} INFO - Sync 1 DAGs
[2022-05-13 03:40:29,671] {logging_mixin.py:115} INFO - [2022-05-13 03:40:29,671] {dag.py:2919} INFO - Setting next_dagrun for example_branch_dop_operator_v3 to 2022-05-13T03:39:00+00:00, run_after=2022-05-13T03:40:00+00:00
[2022-05-13 03:40:29,679] {processor.py:161} INFO - Processing /home/airflow/.local/lib/python3.7/site-packages/airflow/example_dags/example_branch_python_dop_operator_3.py took 0.055 seconds
[2022-05-13 03:40:59,794] {processor.py:153} INFO - Started process (PID=1552) to work on /home/airflow/.local/lib/python3.7/site-packages/airflow/example_dags/example_branch_python_dop_operator_3.py
[2022-05-13 03:40:59,796] {processor.py:641} INFO - Processing file /home/airflow/.local/lib/python3.7/site-packages/airflow/example_dags/example_branch_python_dop_operator_3.py for tasks to queue
[2022-05-13 03:40:59,797] {logging_mixin.py:115} INFO - [2022-05-13 03:40:59,797] {dagbag.py:507} INFO - Filling up the DagBag from /home/airflow/.local/lib/python3.7/site-packages/airflow/example_dags/example_branch_python_dop_operator_3.py
[2022-05-13 03:40:59,804] {processor.py:651} INFO - DAG(s) dict_keys(['example_branch_dop_operator_v3']) retrieved from /home/airflow/.local/lib/python3.7/site-packages/airflow/example_dags/example_branch_python_dop_operator_3.py
[2022-05-13 03:40:59,821] {logging_mixin.py:115} INFO - [2022-05-13 03:40:59,821] {dag.py:2371} INFO - Sync 1 DAGs
[2022-05-13 03:40:59,836] {logging_mixin.py:115} INFO - [2022-05-13 03:40:59,836] {dag.py:2919} INFO - Setting next_dagrun for example_branch_dop_operator_v3 to 2022-05-13T03:39:00+00:00, run_after=2022-05-13T03:40:00+00:00
[2022-05-13 03:40:59,845] {processor.py:161} INFO - Processing /home/airflow/.local/lib/python3.7/site-packages/airflow/example_dags/example_branch_python_dop_operator_3.py took 0.053 seconds
[2022-05-13 03:41:29,941] {processor.py:153} INFO - Started process (PID=1769) to work on /home/airflow/.local/lib/python3.7/site-packages/airflow/example_dags/example_branch_python_dop_operator_3.py
[2022-05-13 03:41:29,943] {processor.py:641} INFO - Processing file /home/airflow/.local/lib/python3.7/site-packages/airflow/example_dags/example_branch_python_dop_operator_3.py for tasks to queue
[2022-05-13 03:41:29,944] {logging_mixin.py:115} INFO - [2022-05-13 03:41:29,944] {dagbag.py:507} INFO - Filling up the DagBag from /home/airflow/.local/lib/python3.7/site-packages/airflow/example_dags/example_branch_python_dop_operator_3.py
[2022-05-13 03:41:29,950] {processor.py:651} INFO - DAG(s) dict_keys(['example_branch_dop_operator_v3']) retrieved from /home/airflow/.local/lib/python3.7/site-packages/airflow/example_dags/example_branch_python_dop_operator_3.py
[2022-05-13 03:41:29,967] {logging_mixin.py:115} INFO - [2022-05-13 03:41:29,967] {dag.py:2371} INFO - Sync 1 DAGs
[2022-05-13 03:41:29,984] {logging_mixin.py:115} INFO - [2022-05-13 03:41:29,984] {dag.py:2919} INFO - Setting next_dagrun for example_branch_dop_operator_v3 to 2022-05-13T03:40:00+00:00, run_after=2022-05-13T03:41:00+00:00
[2022-05-13 03:41:29,993] {processor.py:161} INFO - Processing /home/airflow/.local/lib/python3.7/site-packages/airflow/example_dags/example_branch_python_dop_operator_3.py took 0.054 seconds
[2022-05-13 03:42:00,824] {processor.py:153} INFO - Started process (PID=2005) to work on /home/airflow/.local/lib/python3.7/site-packages/airflow/example_dags/example_branch_python_dop_operator_3.py
[2022-05-13 03:42:00,826] {processor.py:641} INFO - Processing file /home/airflow/.local/lib/python3.7/site-packages/airflow/example_dags/example_branch_python_dop_operator_3.py for tasks to queue
[2022-05-13 03:42:00,827] {logging_mixin.py:115} INFO - [2022-05-13 03:42:00,827] {dagbag.py:507} INFO - Filling up the DagBag from /home/airflow/.local/lib/python3.7/site-packages/airflow/example_dags/example_branch_python_dop_operator_3.py
[2022-05-13 03:42:00,834] {processor.py:651} INFO - DAG(s) dict_keys(['example_branch_dop_operator_v3']) retrieved from /home/airflow/.local/lib/python3.7/site-packages/airflow/example_dags/example_branch_python_dop_operator_3.py
[2022-05-13 03:42:00,850] {logging_mixin.py:115} INFO - [2022-05-13 03:42:00,850] {dag.py:2371} INFO - Sync 1 DAGs
[2022-05-13 03:42:00,867] {logging_mixin.py:115} INFO - [2022-05-13 03:42:00,867] {dag.py:2919} INFO - Setting next_dagrun for example_branch_dop_operator_v3 to 2022-05-13T03:41:00+00:00, run_after=2022-05-13T03:42:00+00:00
[2022-05-13 03:42:00,876] {processor.py:161} INFO - Processing /home/airflow/.local/lib/python3.7/site-packages/airflow/example_dags/example_branch_python_dop_operator_3.py took 0.054 seconds
[2022-05-13 03:42:31,799] {processor.py:153} INFO - Started process (PID=2220) to work on /home/airflow/.local/lib/python3.7/site-packages/airflow/example_dags/example_branch_python_dop_operator_3.py
[2022-05-13 03:42:31,800] {processor.py:641} INFO - Processing file /home/airflow/.local/lib/python3.7/site-packages/airflow/example_dags/example_branch_python_dop_operator_3.py for tasks to queue
[2022-05-13 03:42:31,801] {logging_mixin.py:115} INFO - [2022-05-13 03:42:31,801] {dagbag.py:507} INFO - Filling up the DagBag from /home/airflow/.local/lib/python3.7/site-packages/airflow/example_dags/example_branch_python_dop_operator_3.py
[2022-05-13 03:42:31,807] {processor.py:651} INFO - DAG(s) dict_keys(['example_branch_dop_operator_v3']) retrieved from /home/airflow/.local/lib/python3.7/site-packages/airflow/example_dags/example_branch_python_dop_operator_3.py
[2022-05-13 03:42:31,823] {logging_mixin.py:115} INFO - [2022-05-13 03:42:31,823] {dag.py:2371} INFO - Sync 1 DAGs
[2022-05-13 03:42:31,838] {logging_mixin.py:115} INFO - [2022-05-13 03:42:31,838] {dag.py:2919} INFO - Setting next_dagrun for example_branch_dop_operator_v3 to 2022-05-13T03:41:00+00:00, run_after=2022-05-13T03:42:00+00:00
[2022-05-13 03:42:31,846] {processor.py:161} INFO - Processing /home/airflow/.local/lib/python3.7/site-packages/airflow/example_dags/example_branch_python_dop_operator_3.py took 0.050 seconds
[2022-05-13 03:59:30,552] {processor.py:153} INFO - Started process (PID=235) to work on /home/airflow/.local/lib/python3.7/site-packages/airflow/example_dags/example_branch_python_dop_operator_3.py
[2022-05-13 03:59:30,554] {processor.py:641} INFO - Processing file /home/airflow/.local/lib/python3.7/site-packages/airflow/example_dags/example_branch_python_dop_operator_3.py for tasks to queue
[2022-05-13 03:59:30,556] {logging_mixin.py:115} INFO - [2022-05-13 03:59:30,556] {dagbag.py:507} INFO - Filling up the DagBag from /home/airflow/.local/lib/python3.7/site-packages/airflow/example_dags/example_branch_python_dop_operator_3.py
[2022-05-13 03:59:30,565] {processor.py:651} INFO - DAG(s) dict_keys(['example_branch_dop_operator_v3']) retrieved from /home/airflow/.local/lib/python3.7/site-packages/airflow/example_dags/example_branch_python_dop_operator_3.py
[2022-05-13 03:59:30,586] {logging_mixin.py:115} INFO - [2022-05-13 03:59:30,586] {dag.py:2371} INFO - Sync 1 DAGs
[2022-05-13 03:59:30,605] {logging_mixin.py:115} INFO - [2022-05-13 03:59:30,605] {dag.py:2919} INFO - Setting next_dagrun for example_branch_dop_operator_v3 to 2022-05-13T03:58:00+00:00, run_after=2022-05-13T03:59:00+00:00
[2022-05-13 03:59:30,616] {processor.py:161} INFO - Processing /home/airflow/.local/lib/python3.7/site-packages/airflow/example_dags/example_branch_python_dop_operator_3.py took 0.066 seconds
[2022-05-13 04:00:01,578] {processor.py:153} INFO - Started process (PID=452) to work on /home/airflow/.local/lib/python3.7/site-packages/airflow/example_dags/example_branch_python_dop_operator_3.py
[2022-05-13 04:00:01,579] {processor.py:641} INFO - Processing file /home/airflow/.local/lib/python3.7/site-packages/airflow/example_dags/example_branch_python_dop_operator_3.py for tasks to queue
[2022-05-13 04:00:01,580] {logging_mixin.py:115} INFO - [2022-05-13 04:00:01,580] {dagbag.py:507} INFO - Filling up the DagBag from /home/airflow/.local/lib/python3.7/site-packages/airflow/example_dags/example_branch_python_dop_operator_3.py
[2022-05-13 04:00:01,586] {processor.py:651} INFO - DAG(s) dict_keys(['example_branch_dop_operator_v3']) retrieved from /home/airflow/.local/lib/python3.7/site-packages/airflow/example_dags/example_branch_python_dop_operator_3.py
[2022-05-13 04:00:01,602] {logging_mixin.py:115} INFO - [2022-05-13 04:00:01,602] {dag.py:2371} INFO - Sync 1 DAGs
[2022-05-13 04:00:01,618] {logging_mixin.py:115} INFO - [2022-05-13 04:00:01,618] {dag.py:2919} INFO - Setting next_dagrun for example_branch_dop_operator_v3 to 2022-05-13T03:59:00+00:00, run_after=2022-05-13T04:00:00+00:00
[2022-05-13 04:00:01,630] {processor.py:161} INFO - Processing /home/airflow/.local/lib/python3.7/site-packages/airflow/example_dags/example_branch_python_dop_operator_3.py took 0.054 seconds
[2022-05-13 04:00:32,559] {processor.py:153} INFO - Started process (PID=743) to work on /home/airflow/.local/lib/python3.7/site-packages/airflow/example_dags/example_branch_python_dop_operator_3.py
[2022-05-13 04:00:32,560] {processor.py:641} INFO - Processing file /home/airflow/.local/lib/python3.7/site-packages/airflow/example_dags/example_branch_python_dop_operator_3.py for tasks to queue
[2022-05-13 04:00:32,561] {logging_mixin.py:115} INFO - [2022-05-13 04:00:32,561] {dagbag.py:507} INFO - Filling up the DagBag from /home/airflow/.local/lib/python3.7/site-packages/airflow/example_dags/example_branch_python_dop_operator_3.py
[2022-05-13 04:00:32,567] {processor.py:651} INFO - DAG(s) dict_keys(['example_branch_dop_operator_v3']) retrieved from /home/airflow/.local/lib/python3.7/site-packages/airflow/example_dags/example_branch_python_dop_operator_3.py
[2022-05-13 04:00:32,583] {logging_mixin.py:115} INFO - [2022-05-13 04:00:32,583] {dag.py:2371} INFO - Sync 1 DAGs
[2022-05-13 04:00:32,599] {logging_mixin.py:115} INFO - [2022-05-13 04:00:32,599] {dag.py:2919} INFO - Setting next_dagrun for example_branch_dop_operator_v3 to 2022-05-13T03:59:00+00:00, run_after=2022-05-13T04:00:00+00:00
[2022-05-13 04:00:32,606] {processor.py:161} INFO - Processing /home/airflow/.local/lib/python3.7/site-packages/airflow/example_dags/example_branch_python_dop_operator_3.py took 0.049 seconds
[2022-05-13 04:01:03,389] {processor.py:153} INFO - Started process (PID=1024) to work on /home/airflow/.local/lib/python3.7/site-packages/airflow/example_dags/example_branch_python_dop_operator_3.py
[2022-05-13 04:01:03,390] {processor.py:641} INFO - Processing file /home/airflow/.local/lib/python3.7/site-packages/airflow/example_dags/example_branch_python_dop_operator_3.py for tasks to queue
[2022-05-13 04:01:03,390] {logging_mixin.py:115} INFO - [2022-05-13 04:01:03,390] {dagbag.py:507} INFO - Filling up the DagBag from /home/airflow/.local/lib/python3.7/site-packages/airflow/example_dags/example_branch_python_dop_operator_3.py
[2022-05-13 04:01:03,396] {processor.py:651} INFO - DAG(s) dict_keys(['example_branch_dop_operator_v3']) retrieved from /home/airflow/.local/lib/python3.7/site-packages/airflow/example_dags/example_branch_python_dop_operator_3.py
[2022-05-13 04:01:03,412] {logging_mixin.py:115} INFO - [2022-05-13 04:01:03,412] {dag.py:2371} INFO - Sync 1 DAGs
[2022-05-13 04:01:03,428] {logging_mixin.py:115} INFO - [2022-05-13 04:01:03,428] {dag.py:2919} INFO - Setting next_dagrun for example_branch_dop_operator_v3 to 2022-05-13T04:00:00+00:00, run_after=2022-05-13T04:01:00+00:00
[2022-05-13 04:01:03,437] {processor.py:161} INFO - Processing /home/airflow/.local/lib/python3.7/site-packages/airflow/example_dags/example_branch_python_dop_operator_3.py took 0.050 seconds
[2022-05-13 04:01:34,868] {processor.py:153} INFO - Started process (PID=1689) to work on /home/airflow/.local/lib/python3.7/site-packages/airflow/example_dags/example_branch_python_dop_operator_3.py
[2022-05-13 04:01:34,869] {processor.py:641} INFO - Processing file /home/airflow/.local/lib/python3.7/site-packages/airflow/example_dags/example_branch_python_dop_operator_3.py for tasks to queue
[2022-05-13 04:01:34,870] {logging_mixin.py:115} INFO - [2022-05-13 04:01:34,870] {dagbag.py:507} INFO - Filling up the DagBag from /home/airflow/.local/lib/python3.7/site-packages/airflow/example_dags/example_branch_python_dop_operator_3.py
[2022-05-13 04:01:34,877] {processor.py:651} INFO - DAG(s) dict_keys(['example_branch_dop_operator_v3']) retrieved from /home/airflow/.local/lib/python3.7/site-packages/airflow/example_dags/example_branch_python_dop_operator_3.py
[2022-05-13 04:01:34,902] {logging_mixin.py:115} INFO - [2022-05-13 04:01:34,902] {dag.py:2371} INFO - Sync 1 DAGs
[2022-05-13 04:01:34,935] {logging_mixin.py:115} INFO - [2022-05-13 04:01:34,935] {dag.py:2919} INFO - Setting next_dagrun for example_branch_dop_operator_v3 to 2022-05-13T04:00:00+00:00, run_after=2022-05-13T04:01:00+00:00
[2022-05-13 04:01:34,945] {processor.py:161} INFO - Processing /home/airflow/.local/lib/python3.7/site-packages/airflow/example_dags/example_branch_python_dop_operator_3.py took 0.080 seconds
[2022-05-13 04:02:05,846] {processor.py:153} INFO - Started process (PID=1913) to work on /home/airflow/.local/lib/python3.7/site-packages/airflow/example_dags/example_branch_python_dop_operator_3.py
[2022-05-13 04:02:05,848] {processor.py:641} INFO - Processing file /home/airflow/.local/lib/python3.7/site-packages/airflow/example_dags/example_branch_python_dop_operator_3.py for tasks to queue
[2022-05-13 04:02:05,854] {logging_mixin.py:115} INFO - [2022-05-13 04:02:05,854] {dagbag.py:507} INFO - Filling up the DagBag from /home/airflow/.local/lib/python3.7/site-packages/airflow/example_dags/example_branch_python_dop_operator_3.py
[2022-05-13 04:02:05,862] {processor.py:651} INFO - DAG(s) dict_keys(['example_branch_dop_operator_v3']) retrieved from /home/airflow/.local/lib/python3.7/site-packages/airflow/example_dags/example_branch_python_dop_operator_3.py
[2022-05-13 04:02:05,884] {logging_mixin.py:115} INFO - [2022-05-13 04:02:05,884] {dag.py:2371} INFO - Sync 1 DAGs
[2022-05-13 04:02:05,906] {logging_mixin.py:115} INFO - [2022-05-13 04:02:05,906] {dag.py:2919} INFO - Setting next_dagrun for example_branch_dop_operator_v3 to 2022-05-13T04:01:00+00:00, run_after=2022-05-13T04:02:00+00:00
[2022-05-13 04:02:05,914] {processor.py:161} INFO - Processing /home/airflow/.local/lib/python3.7/site-packages/airflow/example_dags/example_branch_python_dop_operator_3.py took 0.071 seconds
[2022-05-13 04:02:35,996] {processor.py:153} INFO - Started process (PID=2180) to work on /home/airflow/.local/lib/python3.7/site-packages/airflow/example_dags/example_branch_python_dop_operator_3.py
[2022-05-13 04:02:35,997] {processor.py:641} INFO - Processing file /home/airflow/.local/lib/python3.7/site-packages/airflow/example_dags/example_branch_python_dop_operator_3.py for tasks to queue
[2022-05-13 04:02:35,998] {logging_mixin.py:115} INFO - [2022-05-13 04:02:35,998] {dagbag.py:507} INFO - Filling up the DagBag from /home/airflow/.local/lib/python3.7/site-packages/airflow/example_dags/example_branch_python_dop_operator_3.py
[2022-05-13 04:02:36,008] {processor.py:651} INFO - DAG(s) dict_keys(['example_branch_dop_operator_v3']) retrieved from /home/airflow/.local/lib/python3.7/site-packages/airflow/example_dags/example_branch_python_dop_operator_3.py
[2022-05-13 04:02:36,030] {logging_mixin.py:115} INFO - [2022-05-13 04:02:36,030] {dag.py:2371} INFO - Sync 1 DAGs
[2022-05-13 04:02:36,057] {logging_mixin.py:115} INFO - [2022-05-13 04:02:36,057] {dag.py:2919} INFO - Setting next_dagrun for example_branch_dop_operator_v3 to 2022-05-13T04:01:00+00:00, run_after=2022-05-13T04:02:00+00:00
[2022-05-13 04:02:36,069] {processor.py:161} INFO - Processing /home/airflow/.local/lib/python3.7/site-packages/airflow/example_dags/example_branch_python_dop_operator_3.py took 0.076 seconds
[2022-05-13 04:03:06,491] {processor.py:153} INFO - Started process (PID=2568) to work on /home/airflow/.local/lib/python3.7/site-packages/airflow/example_dags/example_branch_python_dop_operator_3.py
[2022-05-13 04:03:06,494] {processor.py:641} INFO - Processing file /home/airflow/.local/lib/python3.7/site-packages/airflow/example_dags/example_branch_python_dop_operator_3.py for tasks to queue
[2022-05-13 04:03:06,496] {logging_mixin.py:115} INFO - [2022-05-13 04:03:06,495] {dagbag.py:507} INFO - Filling up the DagBag from /home/airflow/.local/lib/python3.7/site-packages/airflow/example_dags/example_branch_python_dop_operator_3.py
[2022-05-13 04:03:06,504] {processor.py:651} INFO - DAG(s) dict_keys(['example_branch_dop_operator_v3']) retrieved from /home/airflow/.local/lib/python3.7/site-packages/airflow/example_dags/example_branch_python_dop_operator_3.py
[2022-05-13 04:03:06,529] {logging_mixin.py:115} INFO - [2022-05-13 04:03:06,529] {dag.py:2371} INFO - Sync 1 DAGs
[2022-05-13 04:03:06,547] {logging_mixin.py:115} INFO - [2022-05-13 04:03:06,547] {dag.py:2919} INFO - Setting next_dagrun for example_branch_dop_operator_v3 to 2022-05-13T04:02:00+00:00, run_after=2022-05-13T04:03:00+00:00
[2022-05-13 04:03:06,555] {processor.py:161} INFO - Processing /home/airflow/.local/lib/python3.7/site-packages/airflow/example_dags/example_branch_python_dop_operator_3.py took 0.067 seconds
[2022-05-13 04:03:37,585] {processor.py:153} INFO - Started process (PID=2806) to work on /home/airflow/.local/lib/python3.7/site-packages/airflow/example_dags/example_branch_python_dop_operator_3.py
[2022-05-13 04:03:37,586] {processor.py:641} INFO - Processing file /home/airflow/.local/lib/python3.7/site-packages/airflow/example_dags/example_branch_python_dop_operator_3.py for tasks to queue
[2022-05-13 04:03:37,587] {logging_mixin.py:115} INFO - [2022-05-13 04:03:37,587] {dagbag.py:507} INFO - Filling up the DagBag from /home/airflow/.local/lib/python3.7/site-packages/airflow/example_dags/example_branch_python_dop_operator_3.py
[2022-05-13 04:03:37,594] {processor.py:651} INFO - DAG(s) dict_keys(['example_branch_dop_operator_v3']) retrieved from /home/airflow/.local/lib/python3.7/site-packages/airflow/example_dags/example_branch_python_dop_operator_3.py
[2022-05-13 04:03:37,611] {logging_mixin.py:115} INFO - [2022-05-13 04:03:37,611] {dag.py:2371} INFO - Sync 1 DAGs
[2022-05-13 04:03:37,628] {logging_mixin.py:115} INFO - [2022-05-13 04:03:37,628] {dag.py:2919} INFO - Setting next_dagrun for example_branch_dop_operator_v3 to 2022-05-13T04:02:00+00:00, run_after=2022-05-13T04:03:00+00:00
[2022-05-13 04:03:37,637] {processor.py:161} INFO - Processing /home/airflow/.local/lib/python3.7/site-packages/airflow/example_dags/example_branch_python_dop_operator_3.py took 0.054 seconds
