[2022-05-13 03:38:58,536] {processor.py:153} INFO - Started process (PID=328) to work on /home/airflow/.local/lib/python3.7/site-packages/airflow/example_dags/example_task_group_decorator.py
[2022-05-13 03:38:58,537] {processor.py:641} INFO - Processing file /home/airflow/.local/lib/python3.7/site-packages/airflow/example_dags/example_task_group_decorator.py for tasks to queue
[2022-05-13 03:38:58,539] {logging_mixin.py:115} INFO - [2022-05-13 03:38:58,539] {dagbag.py:507} INFO - Filling up the DagBag from /home/airflow/.local/lib/python3.7/site-packages/airflow/example_dags/example_task_group_decorator.py
[2022-05-13 03:38:58,561] {processor.py:651} INFO - DAG(s) dict_keys(['example_task_group_decorator']) retrieved from /home/airflow/.local/lib/python3.7/site-packages/airflow/example_dags/example_task_group_decorator.py
[2022-05-13 03:38:58,614] {logging_mixin.py:115} INFO - [2022-05-13 03:38:58,614] {dag.py:2371} INFO - Sync 1 DAGs
[2022-05-13 03:38:58,632] {logging_mixin.py:115} INFO - [2022-05-13 03:38:58,632] {dag.py:2919} INFO - Setting next_dagrun for example_task_group_decorator to 2022-05-12T03:38:58.632551+00:00, run_after=2022-05-13T03:38:58.632551+00:00
[2022-05-13 03:38:58,643] {processor.py:161} INFO - Processing /home/airflow/.local/lib/python3.7/site-packages/airflow/example_dags/example_task_group_decorator.py took 0.109 seconds
[2022-05-13 03:39:28,820] {processor.py:153} INFO - Started process (PID=561) to work on /home/airflow/.local/lib/python3.7/site-packages/airflow/example_dags/example_task_group_decorator.py
[2022-05-13 03:39:28,821] {processor.py:641} INFO - Processing file /home/airflow/.local/lib/python3.7/site-packages/airflow/example_dags/example_task_group_decorator.py for tasks to queue
[2022-05-13 03:39:28,822] {logging_mixin.py:115} INFO - [2022-05-13 03:39:28,822] {dagbag.py:507} INFO - Filling up the DagBag from /home/airflow/.local/lib/python3.7/site-packages/airflow/example_dags/example_task_group_decorator.py
[2022-05-13 03:39:28,838] {processor.py:651} INFO - DAG(s) dict_keys(['example_task_group_decorator']) retrieved from /home/airflow/.local/lib/python3.7/site-packages/airflow/example_dags/example_task_group_decorator.py
[2022-05-13 03:39:28,892] {logging_mixin.py:115} INFO - [2022-05-13 03:39:28,891] {dag.py:2371} INFO - Sync 1 DAGs
[2022-05-13 03:39:28,907] {logging_mixin.py:115} INFO - [2022-05-13 03:39:28,907] {dag.py:2919} INFO - Setting next_dagrun for example_task_group_decorator to 2022-05-12T03:39:28.907538+00:00, run_after=2022-05-13T03:39:28.907538+00:00
[2022-05-13 03:39:28,916] {processor.py:161} INFO - Processing /home/airflow/.local/lib/python3.7/site-packages/airflow/example_dags/example_task_group_decorator.py took 0.098 seconds
[2022-05-13 03:39:59,716] {processor.py:153} INFO - Started process (PID=948) to work on /home/airflow/.local/lib/python3.7/site-packages/airflow/example_dags/example_task_group_decorator.py
[2022-05-13 03:39:59,717] {processor.py:641} INFO - Processing file /home/airflow/.local/lib/python3.7/site-packages/airflow/example_dags/example_task_group_decorator.py for tasks to queue
[2022-05-13 03:39:59,718] {logging_mixin.py:115} INFO - [2022-05-13 03:39:59,718] {dagbag.py:507} INFO - Filling up the DagBag from /home/airflow/.local/lib/python3.7/site-packages/airflow/example_dags/example_task_group_decorator.py
[2022-05-13 03:39:59,732] {processor.py:651} INFO - DAG(s) dict_keys(['example_task_group_decorator']) retrieved from /home/airflow/.local/lib/python3.7/site-packages/airflow/example_dags/example_task_group_decorator.py
[2022-05-13 03:39:59,773] {logging_mixin.py:115} INFO - [2022-05-13 03:39:59,773] {dag.py:2371} INFO - Sync 1 DAGs
[2022-05-13 03:39:59,787] {logging_mixin.py:115} INFO - [2022-05-13 03:39:59,786] {dag.py:2919} INFO - Setting next_dagrun for example_task_group_decorator to 2022-05-12T03:39:59.786801+00:00, run_after=2022-05-13T03:39:59.786801+00:00
[2022-05-13 03:39:59,795] {processor.py:161} INFO - Processing /home/airflow/.local/lib/python3.7/site-packages/airflow/example_dags/example_task_group_decorator.py took 0.082 seconds
[2022-05-13 03:40:29,939] {processor.py:153} INFO - Started process (PID=1168) to work on /home/airflow/.local/lib/python3.7/site-packages/airflow/example_dags/example_task_group_decorator.py
[2022-05-13 03:40:29,941] {processor.py:641} INFO - Processing file /home/airflow/.local/lib/python3.7/site-packages/airflow/example_dags/example_task_group_decorator.py for tasks to queue
[2022-05-13 03:40:29,942] {logging_mixin.py:115} INFO - [2022-05-13 03:40:29,941] {dagbag.py:507} INFO - Filling up the DagBag from /home/airflow/.local/lib/python3.7/site-packages/airflow/example_dags/example_task_group_decorator.py
[2022-05-13 03:40:29,956] {processor.py:651} INFO - DAG(s) dict_keys(['example_task_group_decorator']) retrieved from /home/airflow/.local/lib/python3.7/site-packages/airflow/example_dags/example_task_group_decorator.py
[2022-05-13 03:40:29,999] {logging_mixin.py:115} INFO - [2022-05-13 03:40:29,999] {dag.py:2371} INFO - Sync 1 DAGs
[2022-05-13 03:40:30,029] {logging_mixin.py:115} INFO - [2022-05-13 03:40:30,029] {dag.py:2919} INFO - Setting next_dagrun for example_task_group_decorator to 2022-05-12T03:40:30.026907+00:00, run_after=2022-05-13T03:40:30.026907+00:00
[2022-05-13 03:40:30,040] {processor.py:161} INFO - Processing /home/airflow/.local/lib/python3.7/site-packages/airflow/example_dags/example_task_group_decorator.py took 0.103 seconds
[2022-05-13 03:41:00,121] {processor.py:153} INFO - Started process (PID=1592) to work on /home/airflow/.local/lib/python3.7/site-packages/airflow/example_dags/example_task_group_decorator.py
[2022-05-13 03:41:00,122] {processor.py:641} INFO - Processing file /home/airflow/.local/lib/python3.7/site-packages/airflow/example_dags/example_task_group_decorator.py for tasks to queue
[2022-05-13 03:41:00,124] {logging_mixin.py:115} INFO - [2022-05-13 03:41:00,124] {dagbag.py:507} INFO - Filling up the DagBag from /home/airflow/.local/lib/python3.7/site-packages/airflow/example_dags/example_task_group_decorator.py
[2022-05-13 03:41:00,141] {processor.py:651} INFO - DAG(s) dict_keys(['example_task_group_decorator']) retrieved from /home/airflow/.local/lib/python3.7/site-packages/airflow/example_dags/example_task_group_decorator.py
[2022-05-13 03:41:00,182] {logging_mixin.py:115} INFO - [2022-05-13 03:41:00,182] {dag.py:2371} INFO - Sync 1 DAGs
[2022-05-13 03:41:00,198] {logging_mixin.py:115} INFO - [2022-05-13 03:41:00,197] {dag.py:2919} INFO - Setting next_dagrun for example_task_group_decorator to 2022-05-12T03:41:00.197502+00:00, run_after=2022-05-13T03:41:00.197502+00:00
[2022-05-13 03:41:00,218] {processor.py:161} INFO - Processing /home/airflow/.local/lib/python3.7/site-packages/airflow/example_dags/example_task_group_decorator.py took 0.100 seconds
[2022-05-13 03:41:30,325] {processor.py:153} INFO - Started process (PID=1811) to work on /home/airflow/.local/lib/python3.7/site-packages/airflow/example_dags/example_task_group_decorator.py
[2022-05-13 03:41:30,327] {processor.py:641} INFO - Processing file /home/airflow/.local/lib/python3.7/site-packages/airflow/example_dags/example_task_group_decorator.py for tasks to queue
[2022-05-13 03:41:30,329] {logging_mixin.py:115} INFO - [2022-05-13 03:41:30,329] {dagbag.py:507} INFO - Filling up the DagBag from /home/airflow/.local/lib/python3.7/site-packages/airflow/example_dags/example_task_group_decorator.py
[2022-05-13 03:41:30,349] {processor.py:651} INFO - DAG(s) dict_keys(['example_task_group_decorator']) retrieved from /home/airflow/.local/lib/python3.7/site-packages/airflow/example_dags/example_task_group_decorator.py
[2022-05-13 03:41:30,391] {logging_mixin.py:115} INFO - [2022-05-13 03:41:30,391] {dag.py:2371} INFO - Sync 1 DAGs
[2022-05-13 03:41:30,406] {logging_mixin.py:115} INFO - [2022-05-13 03:41:30,406] {dag.py:2919} INFO - Setting next_dagrun for example_task_group_decorator to 2022-05-12T03:41:30.406136+00:00, run_after=2022-05-13T03:41:30.406136+00:00
[2022-05-13 03:41:30,415] {processor.py:161} INFO - Processing /home/airflow/.local/lib/python3.7/site-packages/airflow/example_dags/example_task_group_decorator.py took 0.093 seconds
[2022-05-13 03:42:01,165] {processor.py:153} INFO - Started process (PID=2045) to work on /home/airflow/.local/lib/python3.7/site-packages/airflow/example_dags/example_task_group_decorator.py
[2022-05-13 03:42:01,167] {processor.py:641} INFO - Processing file /home/airflow/.local/lib/python3.7/site-packages/airflow/example_dags/example_task_group_decorator.py for tasks to queue
[2022-05-13 03:42:01,167] {logging_mixin.py:115} INFO - [2022-05-13 03:42:01,167] {dagbag.py:507} INFO - Filling up the DagBag from /home/airflow/.local/lib/python3.7/site-packages/airflow/example_dags/example_task_group_decorator.py
[2022-05-13 03:42:01,181] {processor.py:651} INFO - DAG(s) dict_keys(['example_task_group_decorator']) retrieved from /home/airflow/.local/lib/python3.7/site-packages/airflow/example_dags/example_task_group_decorator.py
[2022-05-13 03:42:01,226] {logging_mixin.py:115} INFO - [2022-05-13 03:42:01,226] {dag.py:2371} INFO - Sync 1 DAGs
[2022-05-13 03:42:01,239] {logging_mixin.py:115} INFO - [2022-05-13 03:42:01,239] {dag.py:2919} INFO - Setting next_dagrun for example_task_group_decorator to 2022-05-12T03:42:01.239457+00:00, run_after=2022-05-13T03:42:01.239457+00:00
[2022-05-13 03:42:01,248] {processor.py:161} INFO - Processing /home/airflow/.local/lib/python3.7/site-packages/airflow/example_dags/example_task_group_decorator.py took 0.085 seconds
[2022-05-13 03:42:32,098] {processor.py:153} INFO - Started process (PID=2260) to work on /home/airflow/.local/lib/python3.7/site-packages/airflow/example_dags/example_task_group_decorator.py
[2022-05-13 03:42:32,100] {processor.py:641} INFO - Processing file /home/airflow/.local/lib/python3.7/site-packages/airflow/example_dags/example_task_group_decorator.py for tasks to queue
[2022-05-13 03:42:32,101] {logging_mixin.py:115} INFO - [2022-05-13 03:42:32,101] {dagbag.py:507} INFO - Filling up the DagBag from /home/airflow/.local/lib/python3.7/site-packages/airflow/example_dags/example_task_group_decorator.py
[2022-05-13 03:42:32,115] {processor.py:651} INFO - DAG(s) dict_keys(['example_task_group_decorator']) retrieved from /home/airflow/.local/lib/python3.7/site-packages/airflow/example_dags/example_task_group_decorator.py
[2022-05-13 03:42:32,162] {logging_mixin.py:115} INFO - [2022-05-13 03:42:32,162] {dag.py:2371} INFO - Sync 1 DAGs
[2022-05-13 03:42:32,179] {logging_mixin.py:115} INFO - [2022-05-13 03:42:32,179] {dag.py:2919} INFO - Setting next_dagrun for example_task_group_decorator to 2022-05-12T03:42:32.179411+00:00, run_after=2022-05-13T03:42:32.179411+00:00
[2022-05-13 03:42:32,189] {processor.py:161} INFO - Processing /home/airflow/.local/lib/python3.7/site-packages/airflow/example_dags/example_task_group_decorator.py took 0.092 seconds
[2022-05-13 03:59:31,016] {processor.py:153} INFO - Started process (PID=275) to work on /home/airflow/.local/lib/python3.7/site-packages/airflow/example_dags/example_task_group_decorator.py
[2022-05-13 03:59:31,018] {processor.py:641} INFO - Processing file /home/airflow/.local/lib/python3.7/site-packages/airflow/example_dags/example_task_group_decorator.py for tasks to queue
[2022-05-13 03:59:31,019] {logging_mixin.py:115} INFO - [2022-05-13 03:59:31,019] {dagbag.py:507} INFO - Filling up the DagBag from /home/airflow/.local/lib/python3.7/site-packages/airflow/example_dags/example_task_group_decorator.py
[2022-05-13 03:59:31,038] {processor.py:651} INFO - DAG(s) dict_keys(['example_task_group_decorator']) retrieved from /home/airflow/.local/lib/python3.7/site-packages/airflow/example_dags/example_task_group_decorator.py
[2022-05-13 03:59:31,099] {logging_mixin.py:115} INFO - [2022-05-13 03:59:31,099] {dag.py:2371} INFO - Sync 1 DAGs
[2022-05-13 03:59:31,117] {logging_mixin.py:115} INFO - [2022-05-13 03:59:31,117] {dag.py:2919} INFO - Setting next_dagrun for example_task_group_decorator to 2022-05-12T03:59:31.117450+00:00, run_after=2022-05-13T03:59:31.117450+00:00
[2022-05-13 03:59:31,131] {processor.py:161} INFO - Processing /home/airflow/.local/lib/python3.7/site-packages/airflow/example_dags/example_task_group_decorator.py took 0.118 seconds
[2022-05-13 04:00:01,983] {processor.py:153} INFO - Started process (PID=492) to work on /home/airflow/.local/lib/python3.7/site-packages/airflow/example_dags/example_task_group_decorator.py
[2022-05-13 04:00:01,985] {processor.py:641} INFO - Processing file /home/airflow/.local/lib/python3.7/site-packages/airflow/example_dags/example_task_group_decorator.py for tasks to queue
[2022-05-13 04:00:01,986] {logging_mixin.py:115} INFO - [2022-05-13 04:00:01,986] {dagbag.py:507} INFO - Filling up the DagBag from /home/airflow/.local/lib/python3.7/site-packages/airflow/example_dags/example_task_group_decorator.py
[2022-05-13 04:00:02,001] {processor.py:651} INFO - DAG(s) dict_keys(['example_task_group_decorator']) retrieved from /home/airflow/.local/lib/python3.7/site-packages/airflow/example_dags/example_task_group_decorator.py
[2022-05-13 04:00:02,041] {logging_mixin.py:115} INFO - [2022-05-13 04:00:02,041] {dag.py:2371} INFO - Sync 1 DAGs
[2022-05-13 04:00:02,055] {logging_mixin.py:115} INFO - [2022-05-13 04:00:02,054] {dag.py:2919} INFO - Setting next_dagrun for example_task_group_decorator to 2022-05-12T04:00:02.054635+00:00, run_after=2022-05-13T04:00:02.054635+00:00
[2022-05-13 04:00:02,063] {processor.py:161} INFO - Processing /home/airflow/.local/lib/python3.7/site-packages/airflow/example_dags/example_task_group_decorator.py took 0.083 seconds
[2022-05-13 04:00:32,921] {processor.py:153} INFO - Started process (PID=782) to work on /home/airflow/.local/lib/python3.7/site-packages/airflow/example_dags/example_task_group_decorator.py
[2022-05-13 04:00:32,922] {processor.py:641} INFO - Processing file /home/airflow/.local/lib/python3.7/site-packages/airflow/example_dags/example_task_group_decorator.py for tasks to queue
[2022-05-13 04:00:32,923] {logging_mixin.py:115} INFO - [2022-05-13 04:00:32,923] {dagbag.py:507} INFO - Filling up the DagBag from /home/airflow/.local/lib/python3.7/site-packages/airflow/example_dags/example_task_group_decorator.py
[2022-05-13 04:00:32,938] {processor.py:651} INFO - DAG(s) dict_keys(['example_task_group_decorator']) retrieved from /home/airflow/.local/lib/python3.7/site-packages/airflow/example_dags/example_task_group_decorator.py
[2022-05-13 04:00:32,981] {logging_mixin.py:115} INFO - [2022-05-13 04:00:32,981] {dag.py:2371} INFO - Sync 1 DAGs
[2022-05-13 04:00:32,993] {logging_mixin.py:115} INFO - [2022-05-13 04:00:32,993] {dag.py:2919} INFO - Setting next_dagrun for example_task_group_decorator to 2022-05-12T04:00:32.993648+00:00, run_after=2022-05-13T04:00:32.993648+00:00
[2022-05-13 04:00:33,034] {processor.py:161} INFO - Processing /home/airflow/.local/lib/python3.7/site-packages/airflow/example_dags/example_task_group_decorator.py took 0.115 seconds
[2022-05-13 04:01:03,683] {processor.py:153} INFO - Started process (PID=1064) to work on /home/airflow/.local/lib/python3.7/site-packages/airflow/example_dags/example_task_group_decorator.py
[2022-05-13 04:01:03,685] {processor.py:641} INFO - Processing file /home/airflow/.local/lib/python3.7/site-packages/airflow/example_dags/example_task_group_decorator.py for tasks to queue
[2022-05-13 04:01:03,686] {logging_mixin.py:115} INFO - [2022-05-13 04:01:03,686] {dagbag.py:507} INFO - Filling up the DagBag from /home/airflow/.local/lib/python3.7/site-packages/airflow/example_dags/example_task_group_decorator.py
[2022-05-13 04:01:03,700] {processor.py:651} INFO - DAG(s) dict_keys(['example_task_group_decorator']) retrieved from /home/airflow/.local/lib/python3.7/site-packages/airflow/example_dags/example_task_group_decorator.py
[2022-05-13 04:01:03,739] {logging_mixin.py:115} INFO - [2022-05-13 04:01:03,739] {dag.py:2371} INFO - Sync 1 DAGs
[2022-05-13 04:01:03,753] {logging_mixin.py:115} INFO - [2022-05-13 04:01:03,753] {dag.py:2919} INFO - Setting next_dagrun for example_task_group_decorator to 2022-05-12T04:01:03.753253+00:00, run_after=2022-05-13T04:01:03.753253+00:00
[2022-05-13 04:01:03,763] {processor.py:161} INFO - Processing /home/airflow/.local/lib/python3.7/site-packages/airflow/example_dags/example_task_group_decorator.py took 0.081 seconds
[2022-05-13 04:01:35,284] {processor.py:153} INFO - Started process (PID=1727) to work on /home/airflow/.local/lib/python3.7/site-packages/airflow/example_dags/example_task_group_decorator.py
[2022-05-13 04:01:35,286] {processor.py:641} INFO - Processing file /home/airflow/.local/lib/python3.7/site-packages/airflow/example_dags/example_task_group_decorator.py for tasks to queue
[2022-05-13 04:01:35,287] {logging_mixin.py:115} INFO - [2022-05-13 04:01:35,287] {dagbag.py:507} INFO - Filling up the DagBag from /home/airflow/.local/lib/python3.7/site-packages/airflow/example_dags/example_task_group_decorator.py
[2022-05-13 04:01:35,308] {processor.py:651} INFO - DAG(s) dict_keys(['example_task_group_decorator']) retrieved from /home/airflow/.local/lib/python3.7/site-packages/airflow/example_dags/example_task_group_decorator.py
[2022-05-13 04:01:35,365] {logging_mixin.py:115} INFO - [2022-05-13 04:01:35,365] {dag.py:2371} INFO - Sync 1 DAGs
[2022-05-13 04:01:35,378] {logging_mixin.py:115} INFO - [2022-05-13 04:01:35,378] {dag.py:2919} INFO - Setting next_dagrun for example_task_group_decorator to 2022-05-12T04:01:35.378111+00:00, run_after=2022-05-13T04:01:35.378111+00:00
[2022-05-13 04:01:35,386] {processor.py:161} INFO - Processing /home/airflow/.local/lib/python3.7/site-packages/airflow/example_dags/example_task_group_decorator.py took 0.104 seconds
[2022-05-13 04:02:06,207] {processor.py:153} INFO - Started process (PID=1953) to work on /home/airflow/.local/lib/python3.7/site-packages/airflow/example_dags/example_task_group_decorator.py
[2022-05-13 04:02:06,209] {processor.py:641} INFO - Processing file /home/airflow/.local/lib/python3.7/site-packages/airflow/example_dags/example_task_group_decorator.py for tasks to queue
[2022-05-13 04:02:06,210] {logging_mixin.py:115} INFO - [2022-05-13 04:02:06,210] {dagbag.py:507} INFO - Filling up the DagBag from /home/airflow/.local/lib/python3.7/site-packages/airflow/example_dags/example_task_group_decorator.py
[2022-05-13 04:02:06,224] {processor.py:651} INFO - DAG(s) dict_keys(['example_task_group_decorator']) retrieved from /home/airflow/.local/lib/python3.7/site-packages/airflow/example_dags/example_task_group_decorator.py
[2022-05-13 04:02:06,265] {logging_mixin.py:115} INFO - [2022-05-13 04:02:06,265] {dag.py:2371} INFO - Sync 1 DAGs
[2022-05-13 04:02:06,279] {logging_mixin.py:115} INFO - [2022-05-13 04:02:06,279] {dag.py:2919} INFO - Setting next_dagrun for example_task_group_decorator to 2022-05-12T04:02:06.279454+00:00, run_after=2022-05-13T04:02:06.279454+00:00
[2022-05-13 04:02:06,290] {processor.py:161} INFO - Processing /home/airflow/.local/lib/python3.7/site-packages/airflow/example_dags/example_task_group_decorator.py took 0.085 seconds
[2022-05-13 04:02:36,597] {processor.py:153} INFO - Started process (PID=2223) to work on /home/airflow/.local/lib/python3.7/site-packages/airflow/example_dags/example_task_group_decorator.py
[2022-05-13 04:02:36,598] {processor.py:641} INFO - Processing file /home/airflow/.local/lib/python3.7/site-packages/airflow/example_dags/example_task_group_decorator.py for tasks to queue
[2022-05-13 04:02:36,599] {logging_mixin.py:115} INFO - [2022-05-13 04:02:36,599] {dagbag.py:507} INFO - Filling up the DagBag from /home/airflow/.local/lib/python3.7/site-packages/airflow/example_dags/example_task_group_decorator.py
[2022-05-13 04:02:36,616] {processor.py:651} INFO - DAG(s) dict_keys(['example_task_group_decorator']) retrieved from /home/airflow/.local/lib/python3.7/site-packages/airflow/example_dags/example_task_group_decorator.py
[2022-05-13 04:02:36,659] {logging_mixin.py:115} INFO - [2022-05-13 04:02:36,659] {dag.py:2371} INFO - Sync 1 DAGs
[2022-05-13 04:02:36,677] {logging_mixin.py:115} INFO - [2022-05-13 04:02:36,677] {dag.py:2919} INFO - Setting next_dagrun for example_task_group_decorator to 2022-05-12T04:02:36.677436+00:00, run_after=2022-05-13T04:02:36.677436+00:00
[2022-05-13 04:02:36,688] {processor.py:161} INFO - Processing /home/airflow/.local/lib/python3.7/site-packages/airflow/example_dags/example_task_group_decorator.py took 0.094 seconds
[2022-05-13 04:03:06,816] {processor.py:153} INFO - Started process (PID=2608) to work on /home/airflow/.local/lib/python3.7/site-packages/airflow/example_dags/example_task_group_decorator.py
[2022-05-13 04:03:06,818] {processor.py:641} INFO - Processing file /home/airflow/.local/lib/python3.7/site-packages/airflow/example_dags/example_task_group_decorator.py for tasks to queue
[2022-05-13 04:03:06,819] {logging_mixin.py:115} INFO - [2022-05-13 04:03:06,819] {dagbag.py:507} INFO - Filling up the DagBag from /home/airflow/.local/lib/python3.7/site-packages/airflow/example_dags/example_task_group_decorator.py
[2022-05-13 04:03:06,836] {processor.py:651} INFO - DAG(s) dict_keys(['example_task_group_decorator']) retrieved from /home/airflow/.local/lib/python3.7/site-packages/airflow/example_dags/example_task_group_decorator.py
[2022-05-13 04:03:06,893] {logging_mixin.py:115} INFO - [2022-05-13 04:03:06,893] {dag.py:2371} INFO - Sync 1 DAGs
[2022-05-13 04:03:06,910] {logging_mixin.py:115} INFO - [2022-05-13 04:03:06,910] {dag.py:2919} INFO - Setting next_dagrun for example_task_group_decorator to 2022-05-12T04:03:06.910585+00:00, run_after=2022-05-13T04:03:06.910585+00:00
[2022-05-13 04:03:06,928] {processor.py:161} INFO - Processing /home/airflow/.local/lib/python3.7/site-packages/airflow/example_dags/example_task_group_decorator.py took 0.114 seconds
[2022-05-13 04:03:37,911] {processor.py:153} INFO - Started process (PID=2846) to work on /home/airflow/.local/lib/python3.7/site-packages/airflow/example_dags/example_task_group_decorator.py
[2022-05-13 04:03:37,912] {processor.py:641} INFO - Processing file /home/airflow/.local/lib/python3.7/site-packages/airflow/example_dags/example_task_group_decorator.py for tasks to queue
[2022-05-13 04:03:37,913] {logging_mixin.py:115} INFO - [2022-05-13 04:03:37,913] {dagbag.py:507} INFO - Filling up the DagBag from /home/airflow/.local/lib/python3.7/site-packages/airflow/example_dags/example_task_group_decorator.py
[2022-05-13 04:03:37,931] {processor.py:651} INFO - DAG(s) dict_keys(['example_task_group_decorator']) retrieved from /home/airflow/.local/lib/python3.7/site-packages/airflow/example_dags/example_task_group_decorator.py
[2022-05-13 04:03:37,973] {logging_mixin.py:115} INFO - [2022-05-13 04:03:37,973] {dag.py:2371} INFO - Sync 1 DAGs
[2022-05-13 04:03:37,990] {logging_mixin.py:115} INFO - [2022-05-13 04:03:37,990] {dag.py:2919} INFO - Setting next_dagrun for example_task_group_decorator to 2022-05-12T04:03:37.990389+00:00, run_after=2022-05-13T04:03:37.990389+00:00
[2022-05-13 04:03:37,999] {processor.py:161} INFO - Processing /home/airflow/.local/lib/python3.7/site-packages/airflow/example_dags/example_task_group_decorator.py took 0.091 seconds
[2022-05-13 06:14:12,873] {processor.py:153} INFO - Started process (PID=273) to work on /home/airflow/.local/lib/python3.7/site-packages/airflow/example_dags/example_task_group_decorator.py
[2022-05-13 06:14:12,874] {processor.py:641} INFO - Processing file /home/airflow/.local/lib/python3.7/site-packages/airflow/example_dags/example_task_group_decorator.py for tasks to queue
[2022-05-13 06:14:12,876] {logging_mixin.py:115} INFO - [2022-05-13 06:14:12,875] {dagbag.py:507} INFO - Filling up the DagBag from /home/airflow/.local/lib/python3.7/site-packages/airflow/example_dags/example_task_group_decorator.py
[2022-05-13 06:14:12,891] {processor.py:651} INFO - DAG(s) dict_keys(['example_task_group_decorator']) retrieved from /home/airflow/.local/lib/python3.7/site-packages/airflow/example_dags/example_task_group_decorator.py
[2022-05-13 06:14:12,938] {logging_mixin.py:115} INFO - [2022-05-13 06:14:12,938] {dag.py:2371} INFO - Sync 1 DAGs
[2022-05-13 06:14:12,955] {logging_mixin.py:115} INFO - [2022-05-13 06:14:12,955] {dag.py:2919} INFO - Setting next_dagrun for example_task_group_decorator to 2022-05-12T06:14:12.954950+00:00, run_after=2022-05-13T06:14:12.954950+00:00
[2022-05-13 06:14:12,966] {processor.py:161} INFO - Processing /home/airflow/.local/lib/python3.7/site-packages/airflow/example_dags/example_task_group_decorator.py took 0.095 seconds
[2022-05-13 06:14:43,730] {processor.py:153} INFO - Started process (PID=555) to work on /home/airflow/.local/lib/python3.7/site-packages/airflow/example_dags/example_task_group_decorator.py
[2022-05-13 06:14:43,732] {processor.py:641} INFO - Processing file /home/airflow/.local/lib/python3.7/site-packages/airflow/example_dags/example_task_group_decorator.py for tasks to queue
[2022-05-13 06:14:43,734] {logging_mixin.py:115} INFO - [2022-05-13 06:14:43,734] {dagbag.py:507} INFO - Filling up the DagBag from /home/airflow/.local/lib/python3.7/site-packages/airflow/example_dags/example_task_group_decorator.py
[2022-05-13 06:14:43,747] {processor.py:651} INFO - DAG(s) dict_keys(['example_task_group_decorator']) retrieved from /home/airflow/.local/lib/python3.7/site-packages/airflow/example_dags/example_task_group_decorator.py
[2022-05-13 06:14:43,785] {logging_mixin.py:115} INFO - [2022-05-13 06:14:43,785] {dag.py:2371} INFO - Sync 1 DAGs
[2022-05-13 06:14:43,800] {logging_mixin.py:115} INFO - [2022-05-13 06:14:43,800] {dag.py:2919} INFO - Setting next_dagrun for example_task_group_decorator to 2022-05-12T06:14:43.800469+00:00, run_after=2022-05-13T06:14:43.800469+00:00
[2022-05-13 06:14:43,814] {processor.py:161} INFO - Processing /home/airflow/.local/lib/python3.7/site-packages/airflow/example_dags/example_task_group_decorator.py took 0.086 seconds
[2022-05-13 06:15:14,812] {processor.py:153} INFO - Started process (PID=775) to work on /home/airflow/.local/lib/python3.7/site-packages/airflow/example_dags/example_task_group_decorator.py
[2022-05-13 06:15:14,813] {processor.py:641} INFO - Processing file /home/airflow/.local/lib/python3.7/site-packages/airflow/example_dags/example_task_group_decorator.py for tasks to queue
[2022-05-13 06:15:14,815] {logging_mixin.py:115} INFO - [2022-05-13 06:15:14,815] {dagbag.py:507} INFO - Filling up the DagBag from /home/airflow/.local/lib/python3.7/site-packages/airflow/example_dags/example_task_group_decorator.py
[2022-05-13 06:15:14,832] {processor.py:651} INFO - DAG(s) dict_keys(['example_task_group_decorator']) retrieved from /home/airflow/.local/lib/python3.7/site-packages/airflow/example_dags/example_task_group_decorator.py
[2022-05-13 06:15:14,873] {logging_mixin.py:115} INFO - [2022-05-13 06:15:14,873] {dag.py:2371} INFO - Sync 1 DAGs
[2022-05-13 06:15:14,887] {logging_mixin.py:115} INFO - [2022-05-13 06:15:14,887] {dag.py:2919} INFO - Setting next_dagrun for example_task_group_decorator to 2022-05-12T06:15:14.887258+00:00, run_after=2022-05-13T06:15:14.887258+00:00
[2022-05-13 06:15:14,897] {processor.py:161} INFO - Processing /home/airflow/.local/lib/python3.7/site-packages/airflow/example_dags/example_task_group_decorator.py took 0.087 seconds
[2022-05-13 06:15:45,660] {processor.py:153} INFO - Started process (PID=1159) to work on /home/airflow/.local/lib/python3.7/site-packages/airflow/example_dags/example_task_group_decorator.py
[2022-05-13 06:15:45,661] {processor.py:641} INFO - Processing file /home/airflow/.local/lib/python3.7/site-packages/airflow/example_dags/example_task_group_decorator.py for tasks to queue
[2022-05-13 06:15:45,662] {logging_mixin.py:115} INFO - [2022-05-13 06:15:45,662] {dagbag.py:507} INFO - Filling up the DagBag from /home/airflow/.local/lib/python3.7/site-packages/airflow/example_dags/example_task_group_decorator.py
[2022-05-13 06:15:45,677] {processor.py:651} INFO - DAG(s) dict_keys(['example_task_group_decorator']) retrieved from /home/airflow/.local/lib/python3.7/site-packages/airflow/example_dags/example_task_group_decorator.py
[2022-05-13 06:15:45,721] {logging_mixin.py:115} INFO - [2022-05-13 06:15:45,721] {dag.py:2371} INFO - Sync 1 DAGs
[2022-05-13 06:15:45,737] {logging_mixin.py:115} INFO - [2022-05-13 06:15:45,737] {dag.py:2919} INFO - Setting next_dagrun for example_task_group_decorator to 2022-05-12T06:15:45.737463+00:00, run_after=2022-05-13T06:15:45.737463+00:00
[2022-05-13 06:15:45,749] {processor.py:161} INFO - Processing /home/airflow/.local/lib/python3.7/site-packages/airflow/example_dags/example_task_group_decorator.py took 0.091 seconds
[2022-05-13 06:16:16,944] {processor.py:153} INFO - Started process (PID=1398) to work on /home/airflow/.local/lib/python3.7/site-packages/airflow/example_dags/example_task_group_decorator.py
[2022-05-13 06:16:16,945] {processor.py:641} INFO - Processing file /home/airflow/.local/lib/python3.7/site-packages/airflow/example_dags/example_task_group_decorator.py for tasks to queue
[2022-05-13 06:16:16,946] {logging_mixin.py:115} INFO - [2022-05-13 06:16:16,946] {dagbag.py:507} INFO - Filling up the DagBag from /home/airflow/.local/lib/python3.7/site-packages/airflow/example_dags/example_task_group_decorator.py
[2022-05-13 06:16:16,963] {processor.py:651} INFO - DAG(s) dict_keys(['example_task_group_decorator']) retrieved from /home/airflow/.local/lib/python3.7/site-packages/airflow/example_dags/example_task_group_decorator.py
[2022-05-13 06:16:17,008] {logging_mixin.py:115} INFO - [2022-05-13 06:16:17,008] {dag.py:2371} INFO - Sync 1 DAGs
[2022-05-13 06:16:17,024] {logging_mixin.py:115} INFO - [2022-05-13 06:16:17,024] {dag.py:2919} INFO - Setting next_dagrun for example_task_group_decorator to 2022-05-12T06:16:17.023859+00:00, run_after=2022-05-13T06:16:17.023859+00:00
[2022-05-13 06:16:17,034] {processor.py:161} INFO - Processing /home/airflow/.local/lib/python3.7/site-packages/airflow/example_dags/example_task_group_decorator.py took 0.093 seconds
[2022-05-13 07:26:25,448] {processor.py:153} INFO - Started process (PID=274) to work on /home/airflow/.local/lib/python3.7/site-packages/airflow/example_dags/example_task_group_decorator.py
[2022-05-13 07:26:25,450] {processor.py:641} INFO - Processing file /home/airflow/.local/lib/python3.7/site-packages/airflow/example_dags/example_task_group_decorator.py for tasks to queue
[2022-05-13 07:26:25,451] {logging_mixin.py:115} INFO - [2022-05-13 07:26:25,451] {dagbag.py:507} INFO - Filling up the DagBag from /home/airflow/.local/lib/python3.7/site-packages/airflow/example_dags/example_task_group_decorator.py
[2022-05-13 07:26:25,469] {processor.py:651} INFO - DAG(s) dict_keys(['example_task_group_decorator']) retrieved from /home/airflow/.local/lib/python3.7/site-packages/airflow/example_dags/example_task_group_decorator.py
[2022-05-13 07:26:25,517] {logging_mixin.py:115} INFO - [2022-05-13 07:26:25,517] {dag.py:2371} INFO - Sync 1 DAGs
[2022-05-13 07:26:25,531] {logging_mixin.py:115} INFO - [2022-05-13 07:26:25,531] {dag.py:2919} INFO - Setting next_dagrun for example_task_group_decorator to 2022-05-12T07:26:25.531378+00:00, run_after=2022-05-13T07:26:25.531378+00:00
[2022-05-13 07:26:25,542] {processor.py:161} INFO - Processing /home/airflow/.local/lib/python3.7/site-packages/airflow/example_dags/example_task_group_decorator.py took 0.097 seconds
[2022-05-13 07:26:56,223] {processor.py:153} INFO - Started process (PID=490) to work on /home/airflow/.local/lib/python3.7/site-packages/airflow/example_dags/example_task_group_decorator.py
[2022-05-13 07:26:56,224] {processor.py:641} INFO - Processing file /home/airflow/.local/lib/python3.7/site-packages/airflow/example_dags/example_task_group_decorator.py for tasks to queue
[2022-05-13 07:26:56,225] {logging_mixin.py:115} INFO - [2022-05-13 07:26:56,225] {dagbag.py:507} INFO - Filling up the DagBag from /home/airflow/.local/lib/python3.7/site-packages/airflow/example_dags/example_task_group_decorator.py
[2022-05-13 07:26:56,238] {processor.py:651} INFO - DAG(s) dict_keys(['example_task_group_decorator']) retrieved from /home/airflow/.local/lib/python3.7/site-packages/airflow/example_dags/example_task_group_decorator.py
[2022-05-13 07:26:56,280] {logging_mixin.py:115} INFO - [2022-05-13 07:26:56,280] {dag.py:2371} INFO - Sync 1 DAGs
[2022-05-13 07:26:56,294] {logging_mixin.py:115} INFO - [2022-05-13 07:26:56,294] {dag.py:2919} INFO - Setting next_dagrun for example_task_group_decorator to 2022-05-12T07:26:56.294153+00:00, run_after=2022-05-13T07:26:56.294153+00:00
[2022-05-13 07:26:56,302] {processor.py:161} INFO - Processing /home/airflow/.local/lib/python3.7/site-packages/airflow/example_dags/example_task_group_decorator.py took 0.081 seconds
[2022-05-13 07:27:27,521] {processor.py:153} INFO - Started process (PID=759) to work on /home/airflow/.local/lib/python3.7/site-packages/airflow/example_dags/example_task_group_decorator.py
[2022-05-13 07:27:27,522] {processor.py:641} INFO - Processing file /home/airflow/.local/lib/python3.7/site-packages/airflow/example_dags/example_task_group_decorator.py for tasks to queue
[2022-05-13 07:27:27,523] {logging_mixin.py:115} INFO - [2022-05-13 07:27:27,523] {dagbag.py:507} INFO - Filling up the DagBag from /home/airflow/.local/lib/python3.7/site-packages/airflow/example_dags/example_task_group_decorator.py
[2022-05-13 07:27:27,540] {processor.py:651} INFO - DAG(s) dict_keys(['example_task_group_decorator']) retrieved from /home/airflow/.local/lib/python3.7/site-packages/airflow/example_dags/example_task_group_decorator.py
[2022-05-13 07:27:27,587] {logging_mixin.py:115} INFO - [2022-05-13 07:27:27,586] {dag.py:2371} INFO - Sync 1 DAGs
[2022-05-13 07:27:27,608] {logging_mixin.py:115} INFO - [2022-05-13 07:27:27,608] {dag.py:2919} INFO - Setting next_dagrun for example_task_group_decorator to 2022-05-12T07:27:27.608296+00:00, run_after=2022-05-13T07:27:27.608296+00:00
[2022-05-13 07:27:27,624] {processor.py:161} INFO - Processing /home/airflow/.local/lib/python3.7/site-packages/airflow/example_dags/example_task_group_decorator.py took 0.106 seconds
[2022-05-13 07:27:58,487] {processor.py:153} INFO - Started process (PID=994) to work on /home/airflow/.local/lib/python3.7/site-packages/airflow/example_dags/example_task_group_decorator.py
[2022-05-13 07:27:58,488] {processor.py:641} INFO - Processing file /home/airflow/.local/lib/python3.7/site-packages/airflow/example_dags/example_task_group_decorator.py for tasks to queue
[2022-05-13 07:27:58,489] {logging_mixin.py:115} INFO - [2022-05-13 07:27:58,489] {dagbag.py:507} INFO - Filling up the DagBag from /home/airflow/.local/lib/python3.7/site-packages/airflow/example_dags/example_task_group_decorator.py
[2022-05-13 07:27:58,503] {processor.py:651} INFO - DAG(s) dict_keys(['example_task_group_decorator']) retrieved from /home/airflow/.local/lib/python3.7/site-packages/airflow/example_dags/example_task_group_decorator.py
[2022-05-13 07:27:58,542] {logging_mixin.py:115} INFO - [2022-05-13 07:27:58,541] {dag.py:2371} INFO - Sync 1 DAGs
[2022-05-13 07:27:58,555] {logging_mixin.py:115} INFO - [2022-05-13 07:27:58,555] {dag.py:2919} INFO - Setting next_dagrun for example_task_group_decorator to 2022-05-12T07:27:58.555003+00:00, run_after=2022-05-13T07:27:58.555003+00:00
[2022-05-13 07:27:58,564] {processor.py:161} INFO - Processing /home/airflow/.local/lib/python3.7/site-packages/airflow/example_dags/example_task_group_decorator.py took 0.079 seconds
[2022-05-13 07:28:29,102] {processor.py:153} INFO - Started process (PID=1383) to work on /home/airflow/.local/lib/python3.7/site-packages/airflow/example_dags/example_task_group_decorator.py
[2022-05-13 07:28:29,104] {processor.py:641} INFO - Processing file /home/airflow/.local/lib/python3.7/site-packages/airflow/example_dags/example_task_group_decorator.py for tasks to queue
[2022-05-13 07:28:29,106] {logging_mixin.py:115} INFO - [2022-05-13 07:28:29,105] {dagbag.py:507} INFO - Filling up the DagBag from /home/airflow/.local/lib/python3.7/site-packages/airflow/example_dags/example_task_group_decorator.py
[2022-05-13 07:28:29,158] {processor.py:651} INFO - DAG(s) dict_keys(['example_task_group_decorator']) retrieved from /home/airflow/.local/lib/python3.7/site-packages/airflow/example_dags/example_task_group_decorator.py
[2022-05-13 07:28:29,257] {logging_mixin.py:115} INFO - [2022-05-13 07:28:29,257] {dag.py:2371} INFO - Sync 1 DAGs
[2022-05-13 07:28:29,284] {logging_mixin.py:115} INFO - [2022-05-13 07:28:29,284] {dag.py:2919} INFO - Setting next_dagrun for example_task_group_decorator to 2022-05-12T07:28:29.283114+00:00, run_after=2022-05-13T07:28:29.283114+00:00
[2022-05-13 07:28:29,308] {processor.py:161} INFO - Processing /home/airflow/.local/lib/python3.7/site-packages/airflow/example_dags/example_task_group_decorator.py took 0.210 seconds
[2022-05-13 07:29:00,313] {processor.py:153} INFO - Started process (PID=1837) to work on /home/airflow/.local/lib/python3.7/site-packages/airflow/example_dags/example_task_group_decorator.py
[2022-05-13 07:29:00,315] {processor.py:641} INFO - Processing file /home/airflow/.local/lib/python3.7/site-packages/airflow/example_dags/example_task_group_decorator.py for tasks to queue
[2022-05-13 07:29:00,318] {logging_mixin.py:115} INFO - [2022-05-13 07:29:00,317] {dagbag.py:507} INFO - Filling up the DagBag from /home/airflow/.local/lib/python3.7/site-packages/airflow/example_dags/example_task_group_decorator.py
[2022-05-13 07:29:00,343] {processor.py:651} INFO - DAG(s) dict_keys(['example_task_group_decorator']) retrieved from /home/airflow/.local/lib/python3.7/site-packages/airflow/example_dags/example_task_group_decorator.py
[2022-05-13 07:29:00,382] {logging_mixin.py:115} INFO - [2022-05-13 07:29:00,382] {dag.py:2371} INFO - Sync 1 DAGs
[2022-05-13 07:29:00,394] {logging_mixin.py:115} INFO - [2022-05-13 07:29:00,394] {dag.py:2919} INFO - Setting next_dagrun for example_task_group_decorator to 2022-05-12T07:29:00.394579+00:00, run_after=2022-05-13T07:29:00.394579+00:00
[2022-05-13 07:29:00,403] {processor.py:161} INFO - Processing /home/airflow/.local/lib/python3.7/site-packages/airflow/example_dags/example_task_group_decorator.py took 0.095 seconds
[2022-05-13 07:29:31,131] {processor.py:153} INFO - Started process (PID=2057) to work on /home/airflow/.local/lib/python3.7/site-packages/airflow/example_dags/example_task_group_decorator.py
[2022-05-13 07:29:31,147] {processor.py:641} INFO - Processing file /home/airflow/.local/lib/python3.7/site-packages/airflow/example_dags/example_task_group_decorator.py for tasks to queue
[2022-05-13 07:29:31,148] {logging_mixin.py:115} INFO - [2022-05-13 07:29:31,148] {dagbag.py:507} INFO - Filling up the DagBag from /home/airflow/.local/lib/python3.7/site-packages/airflow/example_dags/example_task_group_decorator.py
[2022-05-13 07:29:31,163] {processor.py:651} INFO - DAG(s) dict_keys(['example_task_group_decorator']) retrieved from /home/airflow/.local/lib/python3.7/site-packages/airflow/example_dags/example_task_group_decorator.py
[2022-05-13 07:29:31,202] {logging_mixin.py:115} INFO - [2022-05-13 07:29:31,202] {dag.py:2371} INFO - Sync 1 DAGs
[2022-05-13 07:29:31,216] {logging_mixin.py:115} INFO - [2022-05-13 07:29:31,216] {dag.py:2919} INFO - Setting next_dagrun for example_task_group_decorator to 2022-05-12T07:29:31.216113+00:00, run_after=2022-05-13T07:29:31.216113+00:00
[2022-05-13 07:29:31,135] {processor.py:161} INFO - Processing /home/airflow/.local/lib/python3.7/site-packages/airflow/example_dags/example_task_group_decorator.py took 0.100 seconds
[2022-05-13 07:30:01,907] {processor.py:153} INFO - Started process (PID=2272) to work on /home/airflow/.local/lib/python3.7/site-packages/airflow/example_dags/example_task_group_decorator.py
[2022-05-13 07:30:01,910] {processor.py:641} INFO - Processing file /home/airflow/.local/lib/python3.7/site-packages/airflow/example_dags/example_task_group_decorator.py for tasks to queue
[2022-05-13 07:30:01,911] {logging_mixin.py:115} INFO - [2022-05-13 07:30:01,911] {dagbag.py:507} INFO - Filling up the DagBag from /home/airflow/.local/lib/python3.7/site-packages/airflow/example_dags/example_task_group_decorator.py
[2022-05-13 07:30:01,935] {processor.py:651} INFO - DAG(s) dict_keys(['example_task_group_decorator']) retrieved from /home/airflow/.local/lib/python3.7/site-packages/airflow/example_dags/example_task_group_decorator.py
[2022-05-13 07:30:01,980] {logging_mixin.py:115} INFO - [2022-05-13 07:30:01,980] {dag.py:2371} INFO - Sync 1 DAGs
[2022-05-13 07:30:01,993] {logging_mixin.py:115} INFO - [2022-05-13 07:30:01,993] {dag.py:2919} INFO - Setting next_dagrun for example_task_group_decorator to 2022-05-12T07:30:01.993607+00:00, run_after=2022-05-13T07:30:01.993607+00:00
[2022-05-13 07:30:02,004] {processor.py:161} INFO - Processing /home/airflow/.local/lib/python3.7/site-packages/airflow/example_dags/example_task_group_decorator.py took 0.102 seconds
[2022-05-13 07:30:32,726] {processor.py:153} INFO - Started process (PID=2508) to work on /home/airflow/.local/lib/python3.7/site-packages/airflow/example_dags/example_task_group_decorator.py
[2022-05-13 07:30:32,728] {processor.py:641} INFO - Processing file /home/airflow/.local/lib/python3.7/site-packages/airflow/example_dags/example_task_group_decorator.py for tasks to queue
[2022-05-13 07:30:32,730] {logging_mixin.py:115} INFO - [2022-05-13 07:30:32,730] {dagbag.py:507} INFO - Filling up the DagBag from /home/airflow/.local/lib/python3.7/site-packages/airflow/example_dags/example_task_group_decorator.py
[2022-05-13 07:30:32,753] {processor.py:651} INFO - DAG(s) dict_keys(['example_task_group_decorator']) retrieved from /home/airflow/.local/lib/python3.7/site-packages/airflow/example_dags/example_task_group_decorator.py
[2022-05-13 07:30:32,791] {logging_mixin.py:115} INFO - [2022-05-13 07:30:32,791] {dag.py:2371} INFO - Sync 1 DAGs
[2022-05-13 07:30:32,803] {logging_mixin.py:115} INFO - [2022-05-13 07:30:32,803] {dag.py:2919} INFO - Setting next_dagrun for example_task_group_decorator to 2022-05-12T07:30:32.803378+00:00, run_after=2022-05-13T07:30:32.803378+00:00
[2022-05-13 07:30:32,811] {processor.py:161} INFO - Processing /home/airflow/.local/lib/python3.7/site-packages/airflow/example_dags/example_task_group_decorator.py took 0.089 seconds
[2022-05-13 07:31:03,341] {processor.py:153} INFO - Started process (PID=2723) to work on /home/airflow/.local/lib/python3.7/site-packages/airflow/example_dags/example_task_group_decorator.py
[2022-05-13 07:31:03,343] {processor.py:641} INFO - Processing file /home/airflow/.local/lib/python3.7/site-packages/airflow/example_dags/example_task_group_decorator.py for tasks to queue
[2022-05-13 07:31:03,345] {logging_mixin.py:115} INFO - [2022-05-13 07:31:03,345] {dagbag.py:507} INFO - Filling up the DagBag from /home/airflow/.local/lib/python3.7/site-packages/airflow/example_dags/example_task_group_decorator.py
[2022-05-13 07:31:03,368] {processor.py:651} INFO - DAG(s) dict_keys(['example_task_group_decorator']) retrieved from /home/airflow/.local/lib/python3.7/site-packages/airflow/example_dags/example_task_group_decorator.py
[2022-05-13 07:31:03,407] {logging_mixin.py:115} INFO - [2022-05-13 07:31:03,407] {dag.py:2371} INFO - Sync 1 DAGs
[2022-05-13 07:31:03,420] {logging_mixin.py:115} INFO - [2022-05-13 07:31:03,420] {dag.py:2919} INFO - Setting next_dagrun for example_task_group_decorator to 2022-05-12T07:31:03.419965+00:00, run_after=2022-05-13T07:31:03.419965+00:00
[2022-05-13 07:31:03,429] {processor.py:161} INFO - Processing /home/airflow/.local/lib/python3.7/site-packages/airflow/example_dags/example_task_group_decorator.py took 0.093 seconds
[2022-05-13 07:31:34,084] {processor.py:153} INFO - Started process (PID=2938) to work on /home/airflow/.local/lib/python3.7/site-packages/airflow/example_dags/example_task_group_decorator.py
[2022-05-13 07:31:34,086] {processor.py:641} INFO - Processing file /home/airflow/.local/lib/python3.7/site-packages/airflow/example_dags/example_task_group_decorator.py for tasks to queue
[2022-05-13 07:31:34,088] {logging_mixin.py:115} INFO - [2022-05-13 07:31:34,088] {dagbag.py:507} INFO - Filling up the DagBag from /home/airflow/.local/lib/python3.7/site-packages/airflow/example_dags/example_task_group_decorator.py
[2022-05-13 07:31:34,110] {processor.py:651} INFO - DAG(s) dict_keys(['example_task_group_decorator']) retrieved from /home/airflow/.local/lib/python3.7/site-packages/airflow/example_dags/example_task_group_decorator.py
[2022-05-13 07:31:34,147] {logging_mixin.py:115} INFO - [2022-05-13 07:31:34,147] {dag.py:2371} INFO - Sync 1 DAGs
[2022-05-13 07:31:34,159] {logging_mixin.py:115} INFO - [2022-05-13 07:31:34,159] {dag.py:2919} INFO - Setting next_dagrun for example_task_group_decorator to 2022-05-12T07:31:34.159435+00:00, run_after=2022-05-13T07:31:34.159435+00:00
[2022-05-13 07:31:34,170] {processor.py:161} INFO - Processing /home/airflow/.local/lib/python3.7/site-packages/airflow/example_dags/example_task_group_decorator.py took 0.090 seconds
[2022-05-13 07:32:04,854] {processor.py:153} INFO - Started process (PID=3153) to work on /home/airflow/.local/lib/python3.7/site-packages/airflow/example_dags/example_task_group_decorator.py
[2022-05-13 07:32:04,856] {processor.py:641} INFO - Processing file /home/airflow/.local/lib/python3.7/site-packages/airflow/example_dags/example_task_group_decorator.py for tasks to queue
[2022-05-13 07:32:04,857] {logging_mixin.py:115} INFO - [2022-05-13 07:32:04,857] {dagbag.py:507} INFO - Filling up the DagBag from /home/airflow/.local/lib/python3.7/site-packages/airflow/example_dags/example_task_group_decorator.py
[2022-05-13 07:32:04,873] {processor.py:651} INFO - DAG(s) dict_keys(['example_task_group_decorator']) retrieved from /home/airflow/.local/lib/python3.7/site-packages/airflow/example_dags/example_task_group_decorator.py
[2022-05-13 07:32:04,909] {logging_mixin.py:115} INFO - [2022-05-13 07:32:04,909] {dag.py:2371} INFO - Sync 1 DAGs
[2022-05-13 07:32:04,921] {logging_mixin.py:115} INFO - [2022-05-13 07:32:04,921] {dag.py:2919} INFO - Setting next_dagrun for example_task_group_decorator to 2022-05-12T07:32:04.920918+00:00, run_after=2022-05-13T07:32:04.920918+00:00
[2022-05-13 07:32:04,929] {processor.py:161} INFO - Processing /home/airflow/.local/lib/python3.7/site-packages/airflow/example_dags/example_task_group_decorator.py took 0.078 seconds
[2022-05-13 07:32:35,618] {processor.py:153} INFO - Started process (PID=3358) to work on /home/airflow/.local/lib/python3.7/site-packages/airflow/example_dags/example_task_group_decorator.py
[2022-05-13 07:32:35,620] {processor.py:641} INFO - Processing file /home/airflow/.local/lib/python3.7/site-packages/airflow/example_dags/example_task_group_decorator.py for tasks to queue
[2022-05-13 07:32:35,622] {logging_mixin.py:115} INFO - [2022-05-13 07:32:35,622] {dagbag.py:507} INFO - Filling up the DagBag from /home/airflow/.local/lib/python3.7/site-packages/airflow/example_dags/example_task_group_decorator.py
[2022-05-13 07:32:35,643] {processor.py:651} INFO - DAG(s) dict_keys(['example_task_group_decorator']) retrieved from /home/airflow/.local/lib/python3.7/site-packages/airflow/example_dags/example_task_group_decorator.py
[2022-05-13 07:32:35,679] {logging_mixin.py:115} INFO - [2022-05-13 07:32:35,679] {dag.py:2371} INFO - Sync 1 DAGs
[2022-05-13 07:32:35,691] {logging_mixin.py:115} INFO - [2022-05-13 07:32:35,691] {dag.py:2919} INFO - Setting next_dagrun for example_task_group_decorator to 2022-05-12T07:32:35.691297+00:00, run_after=2022-05-13T07:32:35.691297+00:00
[2022-05-13 07:32:35,702] {processor.py:161} INFO - Processing /home/airflow/.local/lib/python3.7/site-packages/airflow/example_dags/example_task_group_decorator.py took 0.087 seconds
[2022-05-13 07:33:06,343] {processor.py:153} INFO - Started process (PID=3574) to work on /home/airflow/.local/lib/python3.7/site-packages/airflow/example_dags/example_task_group_decorator.py
[2022-05-13 07:33:06,346] {processor.py:641} INFO - Processing file /home/airflow/.local/lib/python3.7/site-packages/airflow/example_dags/example_task_group_decorator.py for tasks to queue
[2022-05-13 07:33:06,348] {logging_mixin.py:115} INFO - [2022-05-13 07:33:06,347] {dagbag.py:507} INFO - Filling up the DagBag from /home/airflow/.local/lib/python3.7/site-packages/airflow/example_dags/example_task_group_decorator.py
[2022-05-13 07:33:06,371] {processor.py:651} INFO - DAG(s) dict_keys(['example_task_group_decorator']) retrieved from /home/airflow/.local/lib/python3.7/site-packages/airflow/example_dags/example_task_group_decorator.py
[2022-05-13 07:33:06,408] {logging_mixin.py:115} INFO - [2022-05-13 07:33:06,408] {dag.py:2371} INFO - Sync 1 DAGs
[2022-05-13 07:33:06,420] {logging_mixin.py:115} INFO - [2022-05-13 07:33:06,420] {dag.py:2919} INFO - Setting next_dagrun for example_task_group_decorator to 2022-05-12T07:33:06.420391+00:00, run_after=2022-05-13T07:33:06.420391+00:00
[2022-05-13 07:33:06,430] {processor.py:161} INFO - Processing /home/airflow/.local/lib/python3.7/site-packages/airflow/example_dags/example_task_group_decorator.py took 0.092 seconds
[2022-05-13 07:33:36,995] {processor.py:153} INFO - Started process (PID=3791) to work on /home/airflow/.local/lib/python3.7/site-packages/airflow/example_dags/example_task_group_decorator.py
[2022-05-13 07:33:36,997] {processor.py:641} INFO - Processing file /home/airflow/.local/lib/python3.7/site-packages/airflow/example_dags/example_task_group_decorator.py for tasks to queue
[2022-05-13 07:33:37,000] {logging_mixin.py:115} INFO - [2022-05-13 07:33:37,000] {dagbag.py:507} INFO - Filling up the DagBag from /home/airflow/.local/lib/python3.7/site-packages/airflow/example_dags/example_task_group_decorator.py
[2022-05-13 07:33:37,021] {processor.py:651} INFO - DAG(s) dict_keys(['example_task_group_decorator']) retrieved from /home/airflow/.local/lib/python3.7/site-packages/airflow/example_dags/example_task_group_decorator.py
[2022-05-13 07:33:37,059] {logging_mixin.py:115} INFO - [2022-05-13 07:33:37,059] {dag.py:2371} INFO - Sync 1 DAGs
[2022-05-13 07:33:37,070] {logging_mixin.py:115} INFO - [2022-05-13 07:33:37,070] {dag.py:2919} INFO - Setting next_dagrun for example_task_group_decorator to 2022-05-12T07:33:37.070788+00:00, run_after=2022-05-13T07:33:37.070788+00:00
[2022-05-13 07:33:37,080] {processor.py:161} INFO - Processing /home/airflow/.local/lib/python3.7/site-packages/airflow/example_dags/example_task_group_decorator.py took 0.090 seconds
[2022-05-13 07:34:07,172] {processor.py:153} INFO - Started process (PID=4008) to work on /home/airflow/.local/lib/python3.7/site-packages/airflow/example_dags/example_task_group_decorator.py
[2022-05-13 07:34:07,174] {processor.py:641} INFO - Processing file /home/airflow/.local/lib/python3.7/site-packages/airflow/example_dags/example_task_group_decorator.py for tasks to queue
[2022-05-13 07:34:07,177] {logging_mixin.py:115} INFO - [2022-05-13 07:34:07,177] {dagbag.py:507} INFO - Filling up the DagBag from /home/airflow/.local/lib/python3.7/site-packages/airflow/example_dags/example_task_group_decorator.py
[2022-05-13 07:34:07,195] {processor.py:651} INFO - DAG(s) dict_keys(['example_task_group_decorator']) retrieved from /home/airflow/.local/lib/python3.7/site-packages/airflow/example_dags/example_task_group_decorator.py
[2022-05-13 07:34:07,244] {logging_mixin.py:115} INFO - [2022-05-13 07:34:07,244] {dag.py:2371} INFO - Sync 1 DAGs
[2022-05-13 07:34:07,272] {logging_mixin.py:115} INFO - [2022-05-13 07:34:07,272] {dag.py:2919} INFO - Setting next_dagrun for example_task_group_decorator to 2022-05-12T07:34:07.271552+00:00, run_after=2022-05-13T07:34:07.271552+00:00
[2022-05-13 07:34:07,291] {processor.py:161} INFO - Processing /home/airflow/.local/lib/python3.7/site-packages/airflow/example_dags/example_task_group_decorator.py took 0.121 seconds
[2022-05-13 07:34:37,983] {processor.py:153} INFO - Started process (PID=4221) to work on /home/airflow/.local/lib/python3.7/site-packages/airflow/example_dags/example_task_group_decorator.py
[2022-05-13 07:34:37,985] {processor.py:641} INFO - Processing file /home/airflow/.local/lib/python3.7/site-packages/airflow/example_dags/example_task_group_decorator.py for tasks to queue
[2022-05-13 07:34:37,986] {logging_mixin.py:115} INFO - [2022-05-13 07:34:37,986] {dagbag.py:507} INFO - Filling up the DagBag from /home/airflow/.local/lib/python3.7/site-packages/airflow/example_dags/example_task_group_decorator.py
[2022-05-13 07:34:38,001] {processor.py:651} INFO - DAG(s) dict_keys(['example_task_group_decorator']) retrieved from /home/airflow/.local/lib/python3.7/site-packages/airflow/example_dags/example_task_group_decorator.py
[2022-05-13 07:34:38,039] {logging_mixin.py:115} INFO - [2022-05-13 07:34:38,038] {dag.py:2371} INFO - Sync 1 DAGs
[2022-05-13 07:34:38,051] {logging_mixin.py:115} INFO - [2022-05-13 07:34:38,051] {dag.py:2919} INFO - Setting next_dagrun for example_task_group_decorator to 2022-05-12T07:34:38.051150+00:00, run_after=2022-05-13T07:34:38.051150+00:00
[2022-05-13 07:34:38,060] {processor.py:161} INFO - Processing /home/airflow/.local/lib/python3.7/site-packages/airflow/example_dags/example_task_group_decorator.py took 0.079 seconds
[2022-05-13 07:35:08,709] {processor.py:153} INFO - Started process (PID=4437) to work on /home/airflow/.local/lib/python3.7/site-packages/airflow/example_dags/example_task_group_decorator.py
[2022-05-13 07:35:08,710] {processor.py:641} INFO - Processing file /home/airflow/.local/lib/python3.7/site-packages/airflow/example_dags/example_task_group_decorator.py for tasks to queue
[2022-05-13 07:35:08,712] {logging_mixin.py:115} INFO - [2022-05-13 07:35:08,712] {dagbag.py:507} INFO - Filling up the DagBag from /home/airflow/.local/lib/python3.7/site-packages/airflow/example_dags/example_task_group_decorator.py
[2022-05-13 07:35:08,732] {processor.py:651} INFO - DAG(s) dict_keys(['example_task_group_decorator']) retrieved from /home/airflow/.local/lib/python3.7/site-packages/airflow/example_dags/example_task_group_decorator.py
[2022-05-13 07:35:08,759] {logging_mixin.py:115} INFO - [2022-05-13 07:35:08,759] {dag.py:2371} INFO - Sync 1 DAGs
[2022-05-13 07:35:08,773] {logging_mixin.py:115} INFO - [2022-05-13 07:35:08,773] {dag.py:2919} INFO - Setting next_dagrun for example_task_group_decorator to 2022-05-12T07:35:08.773729+00:00, run_after=2022-05-13T07:35:08.773729+00:00
[2022-05-13 07:35:08,781] {processor.py:161} INFO - Processing /home/airflow/.local/lib/python3.7/site-packages/airflow/example_dags/example_task_group_decorator.py took 0.076 seconds
[2022-05-13 07:35:39,491] {processor.py:153} INFO - Started process (PID=4653) to work on /home/airflow/.local/lib/python3.7/site-packages/airflow/example_dags/example_task_group_decorator.py
[2022-05-13 07:35:39,492] {processor.py:641} INFO - Processing file /home/airflow/.local/lib/python3.7/site-packages/airflow/example_dags/example_task_group_decorator.py for tasks to queue
[2022-05-13 07:35:39,493] {logging_mixin.py:115} INFO - [2022-05-13 07:35:39,493] {dagbag.py:507} INFO - Filling up the DagBag from /home/airflow/.local/lib/python3.7/site-packages/airflow/example_dags/example_task_group_decorator.py
[2022-05-13 07:35:39,507] {processor.py:651} INFO - DAG(s) dict_keys(['example_task_group_decorator']) retrieved from /home/airflow/.local/lib/python3.7/site-packages/airflow/example_dags/example_task_group_decorator.py
[2022-05-13 07:35:39,525] {logging_mixin.py:115} INFO - [2022-05-13 07:35:39,525] {dag.py:2371} INFO - Sync 1 DAGs
[2022-05-13 07:35:39,538] {logging_mixin.py:115} INFO - [2022-05-13 07:35:39,538] {dag.py:2919} INFO - Setting next_dagrun for example_task_group_decorator to 2022-05-12T07:35:39.538507+00:00, run_after=2022-05-13T07:35:39.538507+00:00
[2022-05-13 07:35:39,546] {processor.py:161} INFO - Processing /home/airflow/.local/lib/python3.7/site-packages/airflow/example_dags/example_task_group_decorator.py took 0.057 seconds
[2022-05-13 07:36:10,234] {processor.py:153} INFO - Started process (PID=4858) to work on /home/airflow/.local/lib/python3.7/site-packages/airflow/example_dags/example_task_group_decorator.py
[2022-05-13 07:36:10,236] {processor.py:641} INFO - Processing file /home/airflow/.local/lib/python3.7/site-packages/airflow/example_dags/example_task_group_decorator.py for tasks to queue
[2022-05-13 07:36:10,237] {logging_mixin.py:115} INFO - [2022-05-13 07:36:10,236] {dagbag.py:507} INFO - Filling up the DagBag from /home/airflow/.local/lib/python3.7/site-packages/airflow/example_dags/example_task_group_decorator.py
[2022-05-13 07:36:10,251] {processor.py:651} INFO - DAG(s) dict_keys(['example_task_group_decorator']) retrieved from /home/airflow/.local/lib/python3.7/site-packages/airflow/example_dags/example_task_group_decorator.py
[2022-05-13 07:36:10,292] {logging_mixin.py:115} INFO - [2022-05-13 07:36:10,291] {dag.py:2371} INFO - Sync 1 DAGs
[2022-05-13 07:36:10,303] {logging_mixin.py:115} INFO - [2022-05-13 07:36:10,303] {dag.py:2919} INFO - Setting next_dagrun for example_task_group_decorator to 2022-05-12T07:36:10.303658+00:00, run_after=2022-05-13T07:36:10.303658+00:00
[2022-05-13 07:36:10,312] {processor.py:161} INFO - Processing /home/airflow/.local/lib/python3.7/site-packages/airflow/example_dags/example_task_group_decorator.py took 0.080 seconds
[2022-05-13 07:36:41,084] {processor.py:153} INFO - Started process (PID=5075) to work on /home/airflow/.local/lib/python3.7/site-packages/airflow/example_dags/example_task_group_decorator.py
[2022-05-13 07:36:41,085] {processor.py:641} INFO - Processing file /home/airflow/.local/lib/python3.7/site-packages/airflow/example_dags/example_task_group_decorator.py for tasks to queue
[2022-05-13 07:36:41,086] {logging_mixin.py:115} INFO - [2022-05-13 07:36:41,086] {dagbag.py:507} INFO - Filling up the DagBag from /home/airflow/.local/lib/python3.7/site-packages/airflow/example_dags/example_task_group_decorator.py
[2022-05-13 07:36:41,102] {processor.py:651} INFO - DAG(s) dict_keys(['example_task_group_decorator']) retrieved from /home/airflow/.local/lib/python3.7/site-packages/airflow/example_dags/example_task_group_decorator.py
[2022-05-13 07:36:41,142] {logging_mixin.py:115} INFO - [2022-05-13 07:36:41,142] {dag.py:2371} INFO - Sync 1 DAGs
[2022-05-13 07:36:41,153] {logging_mixin.py:115} INFO - [2022-05-13 07:36:41,153] {dag.py:2919} INFO - Setting next_dagrun for example_task_group_decorator to 2022-05-12T07:36:41.153509+00:00, run_after=2022-05-13T07:36:41.153509+00:00
[2022-05-13 07:36:41,162] {processor.py:161} INFO - Processing /home/airflow/.local/lib/python3.7/site-packages/airflow/example_dags/example_task_group_decorator.py took 0.080 seconds
[2022-05-13 07:37:11,811] {processor.py:153} INFO - Started process (PID=5289) to work on /home/airflow/.local/lib/python3.7/site-packages/airflow/example_dags/example_task_group_decorator.py
[2022-05-13 07:37:11,812] {processor.py:641} INFO - Processing file /home/airflow/.local/lib/python3.7/site-packages/airflow/example_dags/example_task_group_decorator.py for tasks to queue
[2022-05-13 07:37:11,813] {logging_mixin.py:115} INFO - [2022-05-13 07:37:11,813] {dagbag.py:507} INFO - Filling up the DagBag from /home/airflow/.local/lib/python3.7/site-packages/airflow/example_dags/example_task_group_decorator.py
[2022-05-13 07:37:11,829] {processor.py:651} INFO - DAG(s) dict_keys(['example_task_group_decorator']) retrieved from /home/airflow/.local/lib/python3.7/site-packages/airflow/example_dags/example_task_group_decorator.py
[2022-05-13 07:37:11,869] {logging_mixin.py:115} INFO - [2022-05-13 07:37:11,869] {dag.py:2371} INFO - Sync 1 DAGs
[2022-05-13 07:37:11,881] {logging_mixin.py:115} INFO - [2022-05-13 07:37:11,881] {dag.py:2919} INFO - Setting next_dagrun for example_task_group_decorator to 2022-05-12T07:37:11.881206+00:00, run_after=2022-05-13T07:37:11.881206+00:00
[2022-05-13 07:37:11,889] {processor.py:161} INFO - Processing /home/airflow/.local/lib/python3.7/site-packages/airflow/example_dags/example_task_group_decorator.py took 0.080 seconds
