[2022-05-13 03:38:58,685] {processor.py:153} INFO - Started process (PID=338) to work on /home/airflow/.local/lib/python3.7/site-packages/airflow/example_dags/example_complex.py
[2022-05-13 03:38:58,687] {processor.py:641} INFO - Processing file /home/airflow/.local/lib/python3.7/site-packages/airflow/example_dags/example_complex.py for tasks to queue
[2022-05-13 03:38:58,692] {logging_mixin.py:115} INFO - [2022-05-13 03:38:58,692] {dagbag.py:507} INFO - Filling up the DagBag from /home/airflow/.local/lib/python3.7/site-packages/airflow/example_dags/example_complex.py
[2022-05-13 03:38:58,702] {processor.py:651} INFO - DAG(s) dict_keys(['example_complex']) retrieved from /home/airflow/.local/lib/python3.7/site-packages/airflow/example_dags/example_complex.py
[2022-05-13 03:38:58,728] {logging_mixin.py:115} INFO - [2022-05-13 03:38:58,728] {dag.py:2371} INFO - Sync 1 DAGs
[2022-05-13 03:38:58,749] {logging_mixin.py:115} INFO - [2022-05-13 03:38:58,749] {dag.py:2919} INFO - Setting next_dagrun for example_complex to None, run_after=None
[2022-05-13 03:38:58,763] {processor.py:161} INFO - Processing /home/airflow/.local/lib/python3.7/site-packages/airflow/example_dags/example_complex.py took 0.080 seconds
[2022-05-13 03:39:28,936] {processor.py:153} INFO - Started process (PID=571) to work on /home/airflow/.local/lib/python3.7/site-packages/airflow/example_dags/example_complex.py
[2022-05-13 03:39:28,937] {processor.py:641} INFO - Processing file /home/airflow/.local/lib/python3.7/site-packages/airflow/example_dags/example_complex.py for tasks to queue
[2022-05-13 03:39:28,938] {logging_mixin.py:115} INFO - [2022-05-13 03:39:28,938] {dagbag.py:507} INFO - Filling up the DagBag from /home/airflow/.local/lib/python3.7/site-packages/airflow/example_dags/example_complex.py
[2022-05-13 03:39:28,946] {processor.py:651} INFO - DAG(s) dict_keys(['example_complex']) retrieved from /home/airflow/.local/lib/python3.7/site-packages/airflow/example_dags/example_complex.py
[2022-05-13 03:39:28,966] {logging_mixin.py:115} INFO - [2022-05-13 03:39:28,966] {dag.py:2371} INFO - Sync 1 DAGs
[2022-05-13 03:39:28,982] {logging_mixin.py:115} INFO - [2022-05-13 03:39:28,981] {dag.py:2919} INFO - Setting next_dagrun for example_complex to None, run_after=None
[2022-05-13 03:39:28,993] {processor.py:161} INFO - Processing /home/airflow/.local/lib/python3.7/site-packages/airflow/example_dags/example_complex.py took 0.059 seconds
[2022-05-13 03:39:59,817] {processor.py:153} INFO - Started process (PID=958) to work on /home/airflow/.local/lib/python3.7/site-packages/airflow/example_dags/example_complex.py
[2022-05-13 03:39:59,819] {processor.py:641} INFO - Processing file /home/airflow/.local/lib/python3.7/site-packages/airflow/example_dags/example_complex.py for tasks to queue
[2022-05-13 03:39:59,820] {logging_mixin.py:115} INFO - [2022-05-13 03:39:59,820] {dagbag.py:507} INFO - Filling up the DagBag from /home/airflow/.local/lib/python3.7/site-packages/airflow/example_dags/example_complex.py
[2022-05-13 03:39:59,828] {processor.py:651} INFO - DAG(s) dict_keys(['example_complex']) retrieved from /home/airflow/.local/lib/python3.7/site-packages/airflow/example_dags/example_complex.py
[2022-05-13 03:39:59,846] {logging_mixin.py:115} INFO - [2022-05-13 03:39:59,846] {dag.py:2371} INFO - Sync 1 DAGs
[2022-05-13 03:39:59,859] {logging_mixin.py:115} INFO - [2022-05-13 03:39:59,859] {dag.py:2919} INFO - Setting next_dagrun for example_complex to None, run_after=None
[2022-05-13 03:39:59,868] {processor.py:161} INFO - Processing /home/airflow/.local/lib/python3.7/site-packages/airflow/example_dags/example_complex.py took 0.052 seconds
[2022-05-13 03:40:30,071] {processor.py:153} INFO - Started process (PID=1178) to work on /home/airflow/.local/lib/python3.7/site-packages/airflow/example_dags/example_complex.py
[2022-05-13 03:40:30,073] {processor.py:641} INFO - Processing file /home/airflow/.local/lib/python3.7/site-packages/airflow/example_dags/example_complex.py for tasks to queue
[2022-05-13 03:40:30,075] {logging_mixin.py:115} INFO - [2022-05-13 03:40:30,075] {dagbag.py:507} INFO - Filling up the DagBag from /home/airflow/.local/lib/python3.7/site-packages/airflow/example_dags/example_complex.py
[2022-05-13 03:40:30,090] {processor.py:651} INFO - DAG(s) dict_keys(['example_complex']) retrieved from /home/airflow/.local/lib/python3.7/site-packages/airflow/example_dags/example_complex.py
[2022-05-13 03:40:30,110] {logging_mixin.py:115} INFO - [2022-05-13 03:40:30,110] {dag.py:2371} INFO - Sync 1 DAGs
[2022-05-13 03:40:30,124] {logging_mixin.py:115} INFO - [2022-05-13 03:40:30,124] {dag.py:2919} INFO - Setting next_dagrun for example_complex to None, run_after=None
[2022-05-13 03:40:30,134] {processor.py:161} INFO - Processing /home/airflow/.local/lib/python3.7/site-packages/airflow/example_dags/example_complex.py took 0.065 seconds
[2022-05-13 03:41:00,244] {processor.py:153} INFO - Started process (PID=1602) to work on /home/airflow/.local/lib/python3.7/site-packages/airflow/example_dags/example_complex.py
[2022-05-13 03:41:00,245] {processor.py:641} INFO - Processing file /home/airflow/.local/lib/python3.7/site-packages/airflow/example_dags/example_complex.py for tasks to queue
[2022-05-13 03:41:00,246] {logging_mixin.py:115} INFO - [2022-05-13 03:41:00,246] {dagbag.py:507} INFO - Filling up the DagBag from /home/airflow/.local/lib/python3.7/site-packages/airflow/example_dags/example_complex.py
[2022-05-13 03:41:00,254] {processor.py:651} INFO - DAG(s) dict_keys(['example_complex']) retrieved from /home/airflow/.local/lib/python3.7/site-packages/airflow/example_dags/example_complex.py
[2022-05-13 03:41:00,272] {logging_mixin.py:115} INFO - [2022-05-13 03:41:00,272] {dag.py:2371} INFO - Sync 1 DAGs
[2022-05-13 03:41:00,285] {logging_mixin.py:115} INFO - [2022-05-13 03:41:00,285] {dag.py:2919} INFO - Setting next_dagrun for example_complex to None, run_after=None
[2022-05-13 03:41:00,292] {processor.py:161} INFO - Processing /home/airflow/.local/lib/python3.7/site-packages/airflow/example_dags/example_complex.py took 0.051 seconds
[2022-05-13 03:41:30,328] {processor.py:153} INFO - Started process (PID=1814) to work on /home/airflow/.local/lib/python3.7/site-packages/airflow/example_dags/example_complex.py
[2022-05-13 03:41:30,330] {processor.py:641} INFO - Processing file /home/airflow/.local/lib/python3.7/site-packages/airflow/example_dags/example_complex.py for tasks to queue
[2022-05-13 03:41:30,331] {logging_mixin.py:115} INFO - [2022-05-13 03:41:30,331] {dagbag.py:507} INFO - Filling up the DagBag from /home/airflow/.local/lib/python3.7/site-packages/airflow/example_dags/example_complex.py
[2022-05-13 03:41:30,341] {processor.py:651} INFO - DAG(s) dict_keys(['example_complex']) retrieved from /home/airflow/.local/lib/python3.7/site-packages/airflow/example_dags/example_complex.py
[2022-05-13 03:41:30,362] {logging_mixin.py:115} INFO - [2022-05-13 03:41:30,362] {dag.py:2371} INFO - Sync 1 DAGs
[2022-05-13 03:41:30,375] {logging_mixin.py:115} INFO - [2022-05-13 03:41:30,375] {dag.py:2919} INFO - Setting next_dagrun for example_complex to None, run_after=None
[2022-05-13 03:41:30,384] {processor.py:161} INFO - Processing /home/airflow/.local/lib/python3.7/site-packages/airflow/example_dags/example_complex.py took 0.059 seconds
[2022-05-13 03:42:01,269] {processor.py:153} INFO - Started process (PID=2055) to work on /home/airflow/.local/lib/python3.7/site-packages/airflow/example_dags/example_complex.py
[2022-05-13 03:42:01,270] {processor.py:641} INFO - Processing file /home/airflow/.local/lib/python3.7/site-packages/airflow/example_dags/example_complex.py for tasks to queue
[2022-05-13 03:42:01,271] {logging_mixin.py:115} INFO - [2022-05-13 03:42:01,271] {dagbag.py:507} INFO - Filling up the DagBag from /home/airflow/.local/lib/python3.7/site-packages/airflow/example_dags/example_complex.py
[2022-05-13 03:42:01,278] {processor.py:651} INFO - DAG(s) dict_keys(['example_complex']) retrieved from /home/airflow/.local/lib/python3.7/site-packages/airflow/example_dags/example_complex.py
[2022-05-13 03:42:01,297] {logging_mixin.py:115} INFO - [2022-05-13 03:42:01,297] {dag.py:2371} INFO - Sync 1 DAGs
[2022-05-13 03:42:01,311] {logging_mixin.py:115} INFO - [2022-05-13 03:42:01,311] {dag.py:2919} INFO - Setting next_dagrun for example_complex to None, run_after=None
[2022-05-13 03:42:01,320] {processor.py:161} INFO - Processing /home/airflow/.local/lib/python3.7/site-packages/airflow/example_dags/example_complex.py took 0.053 seconds
[2022-05-13 03:42:32,210] {processor.py:153} INFO - Started process (PID=2270) to work on /home/airflow/.local/lib/python3.7/site-packages/airflow/example_dags/example_complex.py
[2022-05-13 03:42:32,211] {processor.py:641} INFO - Processing file /home/airflow/.local/lib/python3.7/site-packages/airflow/example_dags/example_complex.py for tasks to queue
[2022-05-13 03:42:32,212] {logging_mixin.py:115} INFO - [2022-05-13 03:42:32,212] {dagbag.py:507} INFO - Filling up the DagBag from /home/airflow/.local/lib/python3.7/site-packages/airflow/example_dags/example_complex.py
[2022-05-13 03:42:32,220] {processor.py:651} INFO - DAG(s) dict_keys(['example_complex']) retrieved from /home/airflow/.local/lib/python3.7/site-packages/airflow/example_dags/example_complex.py
[2022-05-13 03:42:32,238] {logging_mixin.py:115} INFO - [2022-05-13 03:42:32,238] {dag.py:2371} INFO - Sync 1 DAGs
[2022-05-13 03:42:32,252] {logging_mixin.py:115} INFO - [2022-05-13 03:42:32,252] {dag.py:2919} INFO - Setting next_dagrun for example_complex to None, run_after=None
[2022-05-13 03:42:32,262] {processor.py:161} INFO - Processing /home/airflow/.local/lib/python3.7/site-packages/airflow/example_dags/example_complex.py took 0.054 seconds
