[2022-05-13 03:38:57,996] {processor.py:153} INFO - Started process (PID=256) to work on /home/airflow/.local/lib/python3.7/site-packages/airflow/example_dags/example_nested_branch_dag.py
[2022-05-13 03:38:57,998] {processor.py:641} INFO - Processing file /home/airflow/.local/lib/python3.7/site-packages/airflow/example_dags/example_nested_branch_dag.py for tasks to queue
[2022-05-13 03:38:58,000] {logging_mixin.py:115} INFO - [2022-05-13 03:38:58,000] {dagbag.py:507} INFO - Filling up the DagBag from /home/airflow/.local/lib/python3.7/site-packages/airflow/example_dags/example_nested_branch_dag.py
[2022-05-13 03:38:58,009] {processor.py:651} INFO - DAG(s) dict_keys(['example_nested_branch_dag']) retrieved from /home/airflow/.local/lib/python3.7/site-packages/airflow/example_dags/example_nested_branch_dag.py
[2022-05-13 03:38:58,059] {logging_mixin.py:115} INFO - [2022-05-13 03:38:58,058] {dag.py:2371} INFO - Sync 1 DAGs
[2022-05-13 03:38:58,097] {logging_mixin.py:115} INFO - [2022-05-13 03:38:58,097] {dag.py:2919} INFO - Setting next_dagrun for example_nested_branch_dag to 2022-05-12T00:00:00+00:00, run_after=2022-05-13T00:00:00+00:00
[2022-05-13 03:38:58,115] {processor.py:161} INFO - Processing /home/airflow/.local/lib/python3.7/site-packages/airflow/example_dags/example_nested_branch_dag.py took 0.121 seconds
[2022-05-13 03:39:28,530] {processor.py:153} INFO - Started process (PID=531) to work on /home/airflow/.local/lib/python3.7/site-packages/airflow/example_dags/example_nested_branch_dag.py
[2022-05-13 03:39:28,531] {processor.py:641} INFO - Processing file /home/airflow/.local/lib/python3.7/site-packages/airflow/example_dags/example_nested_branch_dag.py for tasks to queue
[2022-05-13 03:39:28,533] {logging_mixin.py:115} INFO - [2022-05-13 03:39:28,532] {dagbag.py:507} INFO - Filling up the DagBag from /home/airflow/.local/lib/python3.7/site-packages/airflow/example_dags/example_nested_branch_dag.py
[2022-05-13 03:39:28,539] {processor.py:651} INFO - DAG(s) dict_keys(['example_nested_branch_dag']) retrieved from /home/airflow/.local/lib/python3.7/site-packages/airflow/example_dags/example_nested_branch_dag.py
[2022-05-13 03:39:28,557] {logging_mixin.py:115} INFO - [2022-05-13 03:39:28,557] {dag.py:2371} INFO - Sync 1 DAGs
[2022-05-13 03:39:28,577] {logging_mixin.py:115} INFO - [2022-05-13 03:39:28,577] {dag.py:2919} INFO - Setting next_dagrun for example_nested_branch_dag to 2022-05-12T00:00:00+00:00, run_after=2022-05-13T00:00:00+00:00
[2022-05-13 03:39:28,584] {processor.py:161} INFO - Processing /home/airflow/.local/lib/python3.7/site-packages/airflow/example_dags/example_nested_branch_dag.py took 0.056 seconds
[2022-05-13 03:39:59,492] {processor.py:153} INFO - Started process (PID=918) to work on /home/airflow/.local/lib/python3.7/site-packages/airflow/example_dags/example_nested_branch_dag.py
[2022-05-13 03:39:59,493] {processor.py:641} INFO - Processing file /home/airflow/.local/lib/python3.7/site-packages/airflow/example_dags/example_nested_branch_dag.py for tasks to queue
[2022-05-13 03:39:59,494] {logging_mixin.py:115} INFO - [2022-05-13 03:39:59,494] {dagbag.py:507} INFO - Filling up the DagBag from /home/airflow/.local/lib/python3.7/site-packages/airflow/example_dags/example_nested_branch_dag.py
[2022-05-13 03:39:59,501] {processor.py:651} INFO - DAG(s) dict_keys(['example_nested_branch_dag']) retrieved from /home/airflow/.local/lib/python3.7/site-packages/airflow/example_dags/example_nested_branch_dag.py
[2022-05-13 03:39:59,521] {logging_mixin.py:115} INFO - [2022-05-13 03:39:59,521] {dag.py:2371} INFO - Sync 1 DAGs
[2022-05-13 03:39:59,536] {logging_mixin.py:115} INFO - [2022-05-13 03:39:59,536] {dag.py:2919} INFO - Setting next_dagrun for example_nested_branch_dag to 2022-05-12T00:00:00+00:00, run_after=2022-05-13T00:00:00+00:00
[2022-05-13 03:39:59,544] {processor.py:161} INFO - Processing /home/airflow/.local/lib/python3.7/site-packages/airflow/example_dags/example_nested_branch_dag.py took 0.054 seconds
[2022-05-13 03:40:29,704] {processor.py:153} INFO - Started process (PID=1138) to work on /home/airflow/.local/lib/python3.7/site-packages/airflow/example_dags/example_nested_branch_dag.py
[2022-05-13 03:40:29,706] {processor.py:641} INFO - Processing file /home/airflow/.local/lib/python3.7/site-packages/airflow/example_dags/example_nested_branch_dag.py for tasks to queue
[2022-05-13 03:40:29,707] {logging_mixin.py:115} INFO - [2022-05-13 03:40:29,707] {dagbag.py:507} INFO - Filling up the DagBag from /home/airflow/.local/lib/python3.7/site-packages/airflow/example_dags/example_nested_branch_dag.py
[2022-05-13 03:40:29,714] {processor.py:651} INFO - DAG(s) dict_keys(['example_nested_branch_dag']) retrieved from /home/airflow/.local/lib/python3.7/site-packages/airflow/example_dags/example_nested_branch_dag.py
[2022-05-13 03:40:29,732] {logging_mixin.py:115} INFO - [2022-05-13 03:40:29,732] {dag.py:2371} INFO - Sync 1 DAGs
[2022-05-13 03:40:29,752] {logging_mixin.py:115} INFO - [2022-05-13 03:40:29,752] {dag.py:2919} INFO - Setting next_dagrun for example_nested_branch_dag to 2022-05-12T00:00:00+00:00, run_after=2022-05-13T00:00:00+00:00
[2022-05-13 03:40:29,760] {processor.py:161} INFO - Processing /home/airflow/.local/lib/python3.7/site-packages/airflow/example_dags/example_nested_branch_dag.py took 0.058 seconds
[2022-05-13 03:40:59,868] {processor.py:153} INFO - Started process (PID=1562) to work on /home/airflow/.local/lib/python3.7/site-packages/airflow/example_dags/example_nested_branch_dag.py
[2022-05-13 03:40:59,869] {processor.py:641} INFO - Processing file /home/airflow/.local/lib/python3.7/site-packages/airflow/example_dags/example_nested_branch_dag.py for tasks to queue
[2022-05-13 03:40:59,870] {logging_mixin.py:115} INFO - [2022-05-13 03:40:59,870] {dagbag.py:507} INFO - Filling up the DagBag from /home/airflow/.local/lib/python3.7/site-packages/airflow/example_dags/example_nested_branch_dag.py
[2022-05-13 03:40:59,877] {processor.py:651} INFO - DAG(s) dict_keys(['example_nested_branch_dag']) retrieved from /home/airflow/.local/lib/python3.7/site-packages/airflow/example_dags/example_nested_branch_dag.py
[2022-05-13 03:40:59,894] {logging_mixin.py:115} INFO - [2022-05-13 03:40:59,894] {dag.py:2371} INFO - Sync 1 DAGs
[2022-05-13 03:40:59,908] {logging_mixin.py:115} INFO - [2022-05-13 03:40:59,908] {dag.py:2919} INFO - Setting next_dagrun for example_nested_branch_dag to 2022-05-12T00:00:00+00:00, run_after=2022-05-13T00:00:00+00:00
[2022-05-13 03:40:59,917] {processor.py:161} INFO - Processing /home/airflow/.local/lib/python3.7/site-packages/airflow/example_dags/example_nested_branch_dag.py took 0.051 seconds
[2022-05-13 03:41:30,016] {processor.py:153} INFO - Started process (PID=1779) to work on /home/airflow/.local/lib/python3.7/site-packages/airflow/example_dags/example_nested_branch_dag.py
[2022-05-13 03:41:30,025] {processor.py:641} INFO - Processing file /home/airflow/.local/lib/python3.7/site-packages/airflow/example_dags/example_nested_branch_dag.py for tasks to queue
[2022-05-13 03:41:30,026] {logging_mixin.py:115} INFO - [2022-05-13 03:41:30,026] {dagbag.py:507} INFO - Filling up the DagBag from /home/airflow/.local/lib/python3.7/site-packages/airflow/example_dags/example_nested_branch_dag.py
[2022-05-13 03:41:30,032] {processor.py:651} INFO - DAG(s) dict_keys(['example_nested_branch_dag']) retrieved from /home/airflow/.local/lib/python3.7/site-packages/airflow/example_dags/example_nested_branch_dag.py
[2022-05-13 03:41:30,050] {logging_mixin.py:115} INFO - [2022-05-13 03:41:30,050] {dag.py:2371} INFO - Sync 1 DAGs
[2022-05-13 03:41:30,064] {logging_mixin.py:115} INFO - [2022-05-13 03:41:30,064] {dag.py:2919} INFO - Setting next_dagrun for example_nested_branch_dag to 2022-05-12T00:00:00+00:00, run_after=2022-05-13T00:00:00+00:00
[2022-05-13 03:41:30,072] {processor.py:161} INFO - Processing /home/airflow/.local/lib/python3.7/site-packages/airflow/example_dags/example_nested_branch_dag.py took 0.058 seconds
[2022-05-13 03:42:00,899] {processor.py:153} INFO - Started process (PID=2015) to work on /home/airflow/.local/lib/python3.7/site-packages/airflow/example_dags/example_nested_branch_dag.py
[2022-05-13 03:42:00,902] {processor.py:641} INFO - Processing file /home/airflow/.local/lib/python3.7/site-packages/airflow/example_dags/example_nested_branch_dag.py for tasks to queue
[2022-05-13 03:42:00,903] {logging_mixin.py:115} INFO - [2022-05-13 03:42:00,903] {dagbag.py:507} INFO - Filling up the DagBag from /home/airflow/.local/lib/python3.7/site-packages/airflow/example_dags/example_nested_branch_dag.py
[2022-05-13 03:42:00,911] {processor.py:651} INFO - DAG(s) dict_keys(['example_nested_branch_dag']) retrieved from /home/airflow/.local/lib/python3.7/site-packages/airflow/example_dags/example_nested_branch_dag.py
[2022-05-13 03:42:00,934] {logging_mixin.py:115} INFO - [2022-05-13 03:42:00,934] {dag.py:2371} INFO - Sync 1 DAGs
[2022-05-13 03:42:00,954] {logging_mixin.py:115} INFO - [2022-05-13 03:42:00,954] {dag.py:2919} INFO - Setting next_dagrun for example_nested_branch_dag to 2022-05-12T00:00:00+00:00, run_after=2022-05-13T00:00:00+00:00
[2022-05-13 03:42:00,965] {processor.py:161} INFO - Processing /home/airflow/.local/lib/python3.7/site-packages/airflow/example_dags/example_nested_branch_dag.py took 0.067 seconds
[2022-05-13 03:42:31,878] {processor.py:153} INFO - Started process (PID=2230) to work on /home/airflow/.local/lib/python3.7/site-packages/airflow/example_dags/example_nested_branch_dag.py
[2022-05-13 03:42:31,880] {processor.py:641} INFO - Processing file /home/airflow/.local/lib/python3.7/site-packages/airflow/example_dags/example_nested_branch_dag.py for tasks to queue
[2022-05-13 03:42:31,880] {logging_mixin.py:115} INFO - [2022-05-13 03:42:31,880] {dagbag.py:507} INFO - Filling up the DagBag from /home/airflow/.local/lib/python3.7/site-packages/airflow/example_dags/example_nested_branch_dag.py
[2022-05-13 03:42:31,887] {processor.py:651} INFO - DAG(s) dict_keys(['example_nested_branch_dag']) retrieved from /home/airflow/.local/lib/python3.7/site-packages/airflow/example_dags/example_nested_branch_dag.py
[2022-05-13 03:42:31,905] {logging_mixin.py:115} INFO - [2022-05-13 03:42:31,904] {dag.py:2371} INFO - Sync 1 DAGs
[2022-05-13 03:42:31,920] {logging_mixin.py:115} INFO - [2022-05-13 03:42:31,920] {dag.py:2919} INFO - Setting next_dagrun for example_nested_branch_dag to 2022-05-12T00:00:00+00:00, run_after=2022-05-13T00:00:00+00:00
[2022-05-13 03:42:31,929] {processor.py:161} INFO - Processing /home/airflow/.local/lib/python3.7/site-packages/airflow/example_dags/example_nested_branch_dag.py took 0.053 seconds
