[2022-05-13 03:38:56,785] {processor.py:153} INFO - Started process (PID=182) to work on /home/airflow/.local/lib/python3.7/site-packages/airflow/example_dags/example_kubernetes_executor.py
[2022-05-13 03:38:56,787] {processor.py:641} INFO - Processing file /home/airflow/.local/lib/python3.7/site-packages/airflow/example_dags/example_kubernetes_executor.py for tasks to queue
[2022-05-13 03:38:56,788] {logging_mixin.py:115} INFO - [2022-05-13 03:38:56,788] {dagbag.py:507} INFO - Filling up the DagBag from /home/airflow/.local/lib/python3.7/site-packages/airflow/example_dags/example_kubernetes_executor.py
[2022-05-13 03:38:56,809] {processor.py:651} INFO - DAG(s) dict_keys(['example_kubernetes_executor']) retrieved from /home/airflow/.local/lib/python3.7/site-packages/airflow/example_dags/example_kubernetes_executor.py
[2022-05-13 03:38:56,847] {logging_mixin.py:115} INFO - [2022-05-13 03:38:56,847] {dag.py:2371} INFO - Sync 1 DAGs
[2022-05-13 03:38:56,896] {logging_mixin.py:115} INFO - [2022-05-13 03:38:56,896] {dag.py:2919} INFO - Setting next_dagrun for example_kubernetes_executor to None, run_after=None
[2022-05-13 03:38:56,972] {processor.py:161} INFO - Processing /home/airflow/.local/lib/python3.7/site-packages/airflow/example_dags/example_kubernetes_executor.py took 0.189 seconds
[2022-05-13 03:39:27,816] {processor.py:153} INFO - Started process (PID=468) to work on /home/airflow/.local/lib/python3.7/site-packages/airflow/example_dags/example_kubernetes_executor.py
[2022-05-13 03:39:27,817] {processor.py:641} INFO - Processing file /home/airflow/.local/lib/python3.7/site-packages/airflow/example_dags/example_kubernetes_executor.py for tasks to queue
[2022-05-13 03:39:27,818] {logging_mixin.py:115} INFO - [2022-05-13 03:39:27,818] {dagbag.py:507} INFO - Filling up the DagBag from /home/airflow/.local/lib/python3.7/site-packages/airflow/example_dags/example_kubernetes_executor.py
[2022-05-13 03:39:27,835] {processor.py:651} INFO - DAG(s) dict_keys(['example_kubernetes_executor']) retrieved from /home/airflow/.local/lib/python3.7/site-packages/airflow/example_dags/example_kubernetes_executor.py
[2022-05-13 03:39:27,850] {logging_mixin.py:115} INFO - [2022-05-13 03:39:27,850] {dag.py:2371} INFO - Sync 1 DAGs
[2022-05-13 03:39:27,861] {logging_mixin.py:115} INFO - [2022-05-13 03:39:27,861] {dag.py:2919} INFO - Setting next_dagrun for example_kubernetes_executor to None, run_after=None
[2022-05-13 03:39:27,869] {processor.py:161} INFO - Processing /home/airflow/.local/lib/python3.7/site-packages/airflow/example_dags/example_kubernetes_executor.py took 0.056 seconds
[2022-05-13 03:39:57,932] {processor.py:153} INFO - Started process (PID=853) to work on /home/airflow/.local/lib/python3.7/site-packages/airflow/example_dags/example_kubernetes_executor.py
[2022-05-13 03:39:57,933] {processor.py:641} INFO - Processing file /home/airflow/.local/lib/python3.7/site-packages/airflow/example_dags/example_kubernetes_executor.py for tasks to queue
[2022-05-13 03:39:57,934] {logging_mixin.py:115} INFO - [2022-05-13 03:39:57,934] {dagbag.py:507} INFO - Filling up the DagBag from /home/airflow/.local/lib/python3.7/site-packages/airflow/example_dags/example_kubernetes_executor.py
[2022-05-13 03:39:57,969] {processor.py:651} INFO - DAG(s) dict_keys(['example_kubernetes_executor']) retrieved from /home/airflow/.local/lib/python3.7/site-packages/airflow/example_dags/example_kubernetes_executor.py
[2022-05-13 03:39:57,993] {logging_mixin.py:115} INFO - [2022-05-13 03:39:57,993] {dag.py:2371} INFO - Sync 1 DAGs
[2022-05-13 03:39:58,012] {logging_mixin.py:115} INFO - [2022-05-13 03:39:58,012] {dag.py:2919} INFO - Setting next_dagrun for example_kubernetes_executor to None, run_after=None
[2022-05-13 03:39:58,020] {processor.py:161} INFO - Processing /home/airflow/.local/lib/python3.7/site-packages/airflow/example_dags/example_kubernetes_executor.py took 0.090 seconds
[2022-05-13 03:40:28,895] {processor.py:153} INFO - Started process (PID=1075) to work on /home/airflow/.local/lib/python3.7/site-packages/airflow/example_dags/example_kubernetes_executor.py
[2022-05-13 03:40:28,898] {processor.py:641} INFO - Processing file /home/airflow/.local/lib/python3.7/site-packages/airflow/example_dags/example_kubernetes_executor.py for tasks to queue
[2022-05-13 03:40:28,899] {logging_mixin.py:115} INFO - [2022-05-13 03:40:28,899] {dagbag.py:507} INFO - Filling up the DagBag from /home/airflow/.local/lib/python3.7/site-packages/airflow/example_dags/example_kubernetes_executor.py
[2022-05-13 03:40:28,921] {processor.py:651} INFO - DAG(s) dict_keys(['example_kubernetes_executor']) retrieved from /home/airflow/.local/lib/python3.7/site-packages/airflow/example_dags/example_kubernetes_executor.py
[2022-05-13 03:40:28,958] {logging_mixin.py:115} INFO - [2022-05-13 03:40:28,957] {dag.py:2371} INFO - Sync 1 DAGs
[2022-05-13 03:40:28,984] {logging_mixin.py:115} INFO - [2022-05-13 03:40:28,984] {dag.py:2919} INFO - Setting next_dagrun for example_kubernetes_executor to None, run_after=None
[2022-05-13 03:40:28,997] {processor.py:161} INFO - Processing /home/airflow/.local/lib/python3.7/site-packages/airflow/example_dags/example_kubernetes_executor.py took 0.104 seconds
[2022-05-13 03:40:59,162] {processor.py:153} INFO - Started process (PID=1499) to work on /home/airflow/.local/lib/python3.7/site-packages/airflow/example_dags/example_kubernetes_executor.py
[2022-05-13 03:40:59,164] {processor.py:641} INFO - Processing file /home/airflow/.local/lib/python3.7/site-packages/airflow/example_dags/example_kubernetes_executor.py for tasks to queue
[2022-05-13 03:40:59,165] {logging_mixin.py:115} INFO - [2022-05-13 03:40:59,165] {dagbag.py:507} INFO - Filling up the DagBag from /home/airflow/.local/lib/python3.7/site-packages/airflow/example_dags/example_kubernetes_executor.py
[2022-05-13 03:40:59,188] {processor.py:651} INFO - DAG(s) dict_keys(['example_kubernetes_executor']) retrieved from /home/airflow/.local/lib/python3.7/site-packages/airflow/example_dags/example_kubernetes_executor.py
[2022-05-13 03:40:59,206] {logging_mixin.py:115} INFO - [2022-05-13 03:40:59,206] {dag.py:2371} INFO - Sync 1 DAGs
[2022-05-13 03:40:59,219] {logging_mixin.py:115} INFO - [2022-05-13 03:40:59,219] {dag.py:2919} INFO - Setting next_dagrun for example_kubernetes_executor to None, run_after=None
[2022-05-13 03:40:59,226] {processor.py:161} INFO - Processing /home/airflow/.local/lib/python3.7/site-packages/airflow/example_dags/example_kubernetes_executor.py took 0.065 seconds
[2022-05-13 03:41:29,285] {processor.py:153} INFO - Started process (PID=1716) to work on /home/airflow/.local/lib/python3.7/site-packages/airflow/example_dags/example_kubernetes_executor.py
[2022-05-13 03:41:29,287] {processor.py:641} INFO - Processing file /home/airflow/.local/lib/python3.7/site-packages/airflow/example_dags/example_kubernetes_executor.py for tasks to queue
[2022-05-13 03:41:29,288] {logging_mixin.py:115} INFO - [2022-05-13 03:41:29,288] {dagbag.py:507} INFO - Filling up the DagBag from /home/airflow/.local/lib/python3.7/site-packages/airflow/example_dags/example_kubernetes_executor.py
[2022-05-13 03:41:29,302] {processor.py:651} INFO - DAG(s) dict_keys(['example_kubernetes_executor']) retrieved from /home/airflow/.local/lib/python3.7/site-packages/airflow/example_dags/example_kubernetes_executor.py
[2022-05-13 03:41:29,318] {logging_mixin.py:115} INFO - [2022-05-13 03:41:29,318] {dag.py:2371} INFO - Sync 1 DAGs
[2022-05-13 03:41:29,329] {logging_mixin.py:115} INFO - [2022-05-13 03:41:29,329] {dag.py:2919} INFO - Setting next_dagrun for example_kubernetes_executor to None, run_after=None
[2022-05-13 03:41:29,335] {processor.py:161} INFO - Processing /home/airflow/.local/lib/python3.7/site-packages/airflow/example_dags/example_kubernetes_executor.py took 0.052 seconds
[2022-05-13 03:42:00,386] {processor.py:153} INFO - Started process (PID=1952) to work on /home/airflow/.local/lib/python3.7/site-packages/airflow/example_dags/example_kubernetes_executor.py
[2022-05-13 03:42:00,393] {processor.py:641} INFO - Processing file /home/airflow/.local/lib/python3.7/site-packages/airflow/example_dags/example_kubernetes_executor.py for tasks to queue
[2022-05-13 03:42:00,395] {logging_mixin.py:115} INFO - [2022-05-13 03:42:00,395] {dagbag.py:507} INFO - Filling up the DagBag from /home/airflow/.local/lib/python3.7/site-packages/airflow/example_dags/example_kubernetes_executor.py
[2022-05-13 03:42:00,412] {processor.py:651} INFO - DAG(s) dict_keys(['example_kubernetes_executor']) retrieved from /home/airflow/.local/lib/python3.7/site-packages/airflow/example_dags/example_kubernetes_executor.py
[2022-05-13 03:42:00,431] {logging_mixin.py:115} INFO - [2022-05-13 03:42:00,431] {dag.py:2371} INFO - Sync 1 DAGs
[2022-05-13 03:42:00,444] {logging_mixin.py:115} INFO - [2022-05-13 03:42:00,444] {dag.py:2919} INFO - Setting next_dagrun for example_kubernetes_executor to None, run_after=None
[2022-05-13 03:42:00,453] {processor.py:161} INFO - Processing /home/airflow/.local/lib/python3.7/site-packages/airflow/example_dags/example_kubernetes_executor.py took 0.069 seconds
[2022-05-13 03:42:31,320] {processor.py:153} INFO - Started process (PID=2165) to work on /home/airflow/.local/lib/python3.7/site-packages/airflow/example_dags/example_kubernetes_executor.py
[2022-05-13 03:42:31,321] {processor.py:641} INFO - Processing file /home/airflow/.local/lib/python3.7/site-packages/airflow/example_dags/example_kubernetes_executor.py for tasks to queue
[2022-05-13 03:42:31,323] {logging_mixin.py:115} INFO - [2022-05-13 03:42:31,323] {dagbag.py:507} INFO - Filling up the DagBag from /home/airflow/.local/lib/python3.7/site-packages/airflow/example_dags/example_kubernetes_executor.py
[2022-05-13 03:42:31,343] {processor.py:651} INFO - DAG(s) dict_keys(['example_kubernetes_executor']) retrieved from /home/airflow/.local/lib/python3.7/site-packages/airflow/example_dags/example_kubernetes_executor.py
[2022-05-13 03:42:31,366] {logging_mixin.py:115} INFO - [2022-05-13 03:42:31,366] {dag.py:2371} INFO - Sync 1 DAGs
[2022-05-13 03:42:31,382] {logging_mixin.py:115} INFO - [2022-05-13 03:42:31,381] {dag.py:2919} INFO - Setting next_dagrun for example_kubernetes_executor to None, run_after=None
[2022-05-13 03:42:31,394] {processor.py:161} INFO - Processing /home/airflow/.local/lib/python3.7/site-packages/airflow/example_dags/example_kubernetes_executor.py took 0.078 seconds
[2022-05-13 03:43:02,561] {processor.py:153} INFO - Started process (PID=2386) to work on /home/airflow/.local/lib/python3.7/site-packages/airflow/example_dags/example_kubernetes_executor.py
[2022-05-13 03:43:02,564] {processor.py:641} INFO - Processing file /home/airflow/.local/lib/python3.7/site-packages/airflow/example_dags/example_kubernetes_executor.py for tasks to queue
[2022-05-13 03:43:02,567] {logging_mixin.py:115} INFO - [2022-05-13 03:43:02,567] {dagbag.py:507} INFO - Filling up the DagBag from /home/airflow/.local/lib/python3.7/site-packages/airflow/example_dags/example_kubernetes_executor.py
[2022-05-13 03:43:02,642] {processor.py:651} INFO - DAG(s) dict_keys(['example_kubernetes_executor']) retrieved from /home/airflow/.local/lib/python3.7/site-packages/airflow/example_dags/example_kubernetes_executor.py
[2022-05-13 03:43:03,674] {logging_mixin.py:115} INFO - [2022-05-13 03:43:03,673] {process_utils.py:240} INFO - Waiting up to 5 seconds for processes to exit...
[2022-05-13 03:59:29,916] {processor.py:153} INFO - Started process (PID=180) to work on /home/airflow/.local/lib/python3.7/site-packages/airflow/example_dags/example_kubernetes_executor.py
[2022-05-13 03:59:29,929] {processor.py:641} INFO - Processing file /home/airflow/.local/lib/python3.7/site-packages/airflow/example_dags/example_kubernetes_executor.py for tasks to queue
[2022-05-13 03:59:29,930] {logging_mixin.py:115} INFO - [2022-05-13 03:59:29,930] {dagbag.py:507} INFO - Filling up the DagBag from /home/airflow/.local/lib/python3.7/site-packages/airflow/example_dags/example_kubernetes_executor.py
[2022-05-13 03:59:29,961] {processor.py:651} INFO - DAG(s) dict_keys(['example_kubernetes_executor']) retrieved from /home/airflow/.local/lib/python3.7/site-packages/airflow/example_dags/example_kubernetes_executor.py
[2022-05-13 03:59:29,982] {logging_mixin.py:115} INFO - [2022-05-13 03:59:29,982] {dag.py:2371} INFO - Sync 1 DAGs
[2022-05-13 03:59:30,004] {logging_mixin.py:115} INFO - [2022-05-13 03:59:30,004] {dag.py:2919} INFO - Setting next_dagrun for example_kubernetes_executor to None, run_after=None
[2022-05-13 03:59:30,016] {processor.py:161} INFO - Processing /home/airflow/.local/lib/python3.7/site-packages/airflow/example_dags/example_kubernetes_executor.py took 0.103 seconds
[2022-05-13 04:00:01,158] {processor.py:153} INFO - Started process (PID=399) to work on /home/airflow/.local/lib/python3.7/site-packages/airflow/example_dags/example_kubernetes_executor.py
[2022-05-13 04:00:01,159] {processor.py:641} INFO - Processing file /home/airflow/.local/lib/python3.7/site-packages/airflow/example_dags/example_kubernetes_executor.py for tasks to queue
[2022-05-13 04:00:01,160] {logging_mixin.py:115} INFO - [2022-05-13 04:00:01,160] {dagbag.py:507} INFO - Filling up the DagBag from /home/airflow/.local/lib/python3.7/site-packages/airflow/example_dags/example_kubernetes_executor.py
[2022-05-13 04:00:01,178] {processor.py:651} INFO - DAG(s) dict_keys(['example_kubernetes_executor']) retrieved from /home/airflow/.local/lib/python3.7/site-packages/airflow/example_dags/example_kubernetes_executor.py
[2022-05-13 04:00:01,199] {logging_mixin.py:115} INFO - [2022-05-13 04:00:01,199] {dag.py:2371} INFO - Sync 1 DAGs
[2022-05-13 04:00:01,212] {logging_mixin.py:115} INFO - [2022-05-13 04:00:01,212] {dag.py:2919} INFO - Setting next_dagrun for example_kubernetes_executor to None, run_after=None
[2022-05-13 04:00:01,220] {processor.py:161} INFO - Processing /home/airflow/.local/lib/python3.7/site-packages/airflow/example_dags/example_kubernetes_executor.py took 0.064 seconds
[2022-05-13 04:00:32,006] {processor.py:153} INFO - Started process (PID=687) to work on /home/airflow/.local/lib/python3.7/site-packages/airflow/example_dags/example_kubernetes_executor.py
[2022-05-13 04:00:32,021] {processor.py:641} INFO - Processing file /home/airflow/.local/lib/python3.7/site-packages/airflow/example_dags/example_kubernetes_executor.py for tasks to queue
[2022-05-13 04:00:32,022] {logging_mixin.py:115} INFO - [2022-05-13 04:00:32,022] {dagbag.py:507} INFO - Filling up the DagBag from /home/airflow/.local/lib/python3.7/site-packages/airflow/example_dags/example_kubernetes_executor.py
[2022-05-13 04:00:32,037] {processor.py:651} INFO - DAG(s) dict_keys(['example_kubernetes_executor']) retrieved from /home/airflow/.local/lib/python3.7/site-packages/airflow/example_dags/example_kubernetes_executor.py
[2022-05-13 04:00:32,055] {logging_mixin.py:115} INFO - [2022-05-13 04:00:32,055] {dag.py:2371} INFO - Sync 1 DAGs
[2022-05-13 04:00:32,070] {logging_mixin.py:115} INFO - [2022-05-13 04:00:32,070] {dag.py:2919} INFO - Setting next_dagrun for example_kubernetes_executor to None, run_after=None
[2022-05-13 04:00:32,078] {processor.py:161} INFO - Processing /home/airflow/.local/lib/python3.7/site-packages/airflow/example_dags/example_kubernetes_executor.py took 0.075 seconds
[2022-05-13 04:01:02,957] {processor.py:153} INFO - Started process (PID=971) to work on /home/airflow/.local/lib/python3.7/site-packages/airflow/example_dags/example_kubernetes_executor.py
[2022-05-13 04:01:02,958] {processor.py:641} INFO - Processing file /home/airflow/.local/lib/python3.7/site-packages/airflow/example_dags/example_kubernetes_executor.py for tasks to queue
[2022-05-13 04:01:02,959] {logging_mixin.py:115} INFO - [2022-05-13 04:01:02,959] {dagbag.py:507} INFO - Filling up the DagBag from /home/airflow/.local/lib/python3.7/site-packages/airflow/example_dags/example_kubernetes_executor.py
[2022-05-13 04:01:02,972] {processor.py:651} INFO - DAG(s) dict_keys(['example_kubernetes_executor']) retrieved from /home/airflow/.local/lib/python3.7/site-packages/airflow/example_dags/example_kubernetes_executor.py
[2022-05-13 04:01:02,991] {logging_mixin.py:115} INFO - [2022-05-13 04:01:02,991] {dag.py:2371} INFO - Sync 1 DAGs
[2022-05-13 04:01:03,003] {logging_mixin.py:115} INFO - [2022-05-13 04:01:03,003] {dag.py:2919} INFO - Setting next_dagrun for example_kubernetes_executor to None, run_after=None
[2022-05-13 04:01:03,012] {processor.py:161} INFO - Processing /home/airflow/.local/lib/python3.7/site-packages/airflow/example_dags/example_kubernetes_executor.py took 0.056 seconds
[2022-05-13 04:01:34,063] {processor.py:153} INFO - Started process (PID=1621) to work on /home/airflow/.local/lib/python3.7/site-packages/airflow/example_dags/example_kubernetes_executor.py
[2022-05-13 04:01:34,065] {processor.py:641} INFO - Processing file /home/airflow/.local/lib/python3.7/site-packages/airflow/example_dags/example_kubernetes_executor.py for tasks to queue
[2022-05-13 04:01:34,066] {logging_mixin.py:115} INFO - [2022-05-13 04:01:34,066] {dagbag.py:507} INFO - Filling up the DagBag from /home/airflow/.local/lib/python3.7/site-packages/airflow/example_dags/example_kubernetes_executor.py
[2022-05-13 04:01:34,132] {processor.py:651} INFO - DAG(s) dict_keys(['example_kubernetes_executor']) retrieved from /home/airflow/.local/lib/python3.7/site-packages/airflow/example_dags/example_kubernetes_executor.py
[2022-05-13 04:01:34,181] {logging_mixin.py:115} INFO - [2022-05-13 04:01:34,181] {dag.py:2371} INFO - Sync 1 DAGs
[2022-05-13 04:01:34,208] {logging_mixin.py:115} INFO - [2022-05-13 04:01:34,208] {dag.py:2919} INFO - Setting next_dagrun for example_kubernetes_executor to None, run_after=None
[2022-05-13 04:01:34,217] {processor.py:161} INFO - Processing /home/airflow/.local/lib/python3.7/site-packages/airflow/example_dags/example_kubernetes_executor.py took 0.156 seconds
[2022-05-13 04:02:04,315] {processor.py:153} INFO - Started process (PID=1860) to work on /home/airflow/.local/lib/python3.7/site-packages/airflow/example_dags/example_kubernetes_executor.py
[2022-05-13 04:02:04,316] {processor.py:641} INFO - Processing file /home/airflow/.local/lib/python3.7/site-packages/airflow/example_dags/example_kubernetes_executor.py for tasks to queue
[2022-05-13 04:02:04,317] {logging_mixin.py:115} INFO - [2022-05-13 04:02:04,317] {dagbag.py:507} INFO - Filling up the DagBag from /home/airflow/.local/lib/python3.7/site-packages/airflow/example_dags/example_kubernetes_executor.py
[2022-05-13 04:02:04,333] {processor.py:651} INFO - DAG(s) dict_keys(['example_kubernetes_executor']) retrieved from /home/airflow/.local/lib/python3.7/site-packages/airflow/example_dags/example_kubernetes_executor.py
[2022-05-13 04:02:04,350] {logging_mixin.py:115} INFO - [2022-05-13 04:02:04,350] {dag.py:2371} INFO - Sync 1 DAGs
[2022-05-13 04:02:04,363] {logging_mixin.py:115} INFO - [2022-05-13 04:02:04,363] {dag.py:2919} INFO - Setting next_dagrun for example_kubernetes_executor to None, run_after=None
[2022-05-13 04:02:04,371] {processor.py:161} INFO - Processing /home/airflow/.local/lib/python3.7/site-packages/airflow/example_dags/example_kubernetes_executor.py took 0.059 seconds
[2022-05-13 04:02:35,343] {processor.py:153} INFO - Started process (PID=2107) to work on /home/airflow/.local/lib/python3.7/site-packages/airflow/example_dags/example_kubernetes_executor.py
[2022-05-13 04:02:35,345] {processor.py:641} INFO - Processing file /home/airflow/.local/lib/python3.7/site-packages/airflow/example_dags/example_kubernetes_executor.py for tasks to queue
[2022-05-13 04:02:35,346] {logging_mixin.py:115} INFO - [2022-05-13 04:02:35,346] {dagbag.py:507} INFO - Filling up the DagBag from /home/airflow/.local/lib/python3.7/site-packages/airflow/example_dags/example_kubernetes_executor.py
[2022-05-13 04:02:35,366] {processor.py:651} INFO - DAG(s) dict_keys(['example_kubernetes_executor']) retrieved from /home/airflow/.local/lib/python3.7/site-packages/airflow/example_dags/example_kubernetes_executor.py
[2022-05-13 04:02:35,385] {logging_mixin.py:115} INFO - [2022-05-13 04:02:35,385] {dag.py:2371} INFO - Sync 1 DAGs
[2022-05-13 04:02:35,401] {logging_mixin.py:115} INFO - [2022-05-13 04:02:35,401] {dag.py:2919} INFO - Setting next_dagrun for example_kubernetes_executor to None, run_after=None
[2022-05-13 04:02:35,414] {processor.py:161} INFO - Processing /home/airflow/.local/lib/python3.7/site-packages/airflow/example_dags/example_kubernetes_executor.py took 0.074 seconds
[2022-05-13 04:03:05,899] {processor.py:153} INFO - Started process (PID=2513) to work on /home/airflow/.local/lib/python3.7/site-packages/airflow/example_dags/example_kubernetes_executor.py
[2022-05-13 04:03:05,900] {processor.py:641} INFO - Processing file /home/airflow/.local/lib/python3.7/site-packages/airflow/example_dags/example_kubernetes_executor.py for tasks to queue
[2022-05-13 04:03:05,901] {logging_mixin.py:115} INFO - [2022-05-13 04:03:05,901] {dagbag.py:507} INFO - Filling up the DagBag from /home/airflow/.local/lib/python3.7/site-packages/airflow/example_dags/example_kubernetes_executor.py
[2022-05-13 04:03:05,926] {processor.py:651} INFO - DAG(s) dict_keys(['example_kubernetes_executor']) retrieved from /home/airflow/.local/lib/python3.7/site-packages/airflow/example_dags/example_kubernetes_executor.py
[2022-05-13 04:03:05,946] {logging_mixin.py:115} INFO - [2022-05-13 04:03:05,946] {dag.py:2371} INFO - Sync 1 DAGs
[2022-05-13 04:03:05,962] {logging_mixin.py:115} INFO - [2022-05-13 04:03:05,962] {dag.py:2919} INFO - Setting next_dagrun for example_kubernetes_executor to None, run_after=None
[2022-05-13 04:03:05,970] {processor.py:161} INFO - Processing /home/airflow/.local/lib/python3.7/site-packages/airflow/example_dags/example_kubernetes_executor.py took 0.075 seconds
[2022-05-13 04:03:37,111] {processor.py:153} INFO - Started process (PID=2753) to work on /home/airflow/.local/lib/python3.7/site-packages/airflow/example_dags/example_kubernetes_executor.py
[2022-05-13 04:03:37,112] {processor.py:641} INFO - Processing file /home/airflow/.local/lib/python3.7/site-packages/airflow/example_dags/example_kubernetes_executor.py for tasks to queue
[2022-05-13 04:03:37,113] {logging_mixin.py:115} INFO - [2022-05-13 04:03:37,113] {dagbag.py:507} INFO - Filling up the DagBag from /home/airflow/.local/lib/python3.7/site-packages/airflow/example_dags/example_kubernetes_executor.py
[2022-05-13 04:03:37,136] {processor.py:651} INFO - DAG(s) dict_keys(['example_kubernetes_executor']) retrieved from /home/airflow/.local/lib/python3.7/site-packages/airflow/example_dags/example_kubernetes_executor.py
[2022-05-13 04:03:37,157] {logging_mixin.py:115} INFO - [2022-05-13 04:03:37,157] {dag.py:2371} INFO - Sync 1 DAGs
[2022-05-13 04:03:37,171] {logging_mixin.py:115} INFO - [2022-05-13 04:03:37,171] {dag.py:2919} INFO - Setting next_dagrun for example_kubernetes_executor to None, run_after=None
[2022-05-13 04:03:37,180] {processor.py:161} INFO - Processing /home/airflow/.local/lib/python3.7/site-packages/airflow/example_dags/example_kubernetes_executor.py took 0.071 seconds
[2022-05-13 06:14:11,957] {processor.py:153} INFO - Started process (PID=180) to work on /home/airflow/.local/lib/python3.7/site-packages/airflow/example_dags/example_kubernetes_executor.py
[2022-05-13 06:14:11,958] {processor.py:641} INFO - Processing file /home/airflow/.local/lib/python3.7/site-packages/airflow/example_dags/example_kubernetes_executor.py for tasks to queue
[2022-05-13 06:14:11,959] {logging_mixin.py:115} INFO - [2022-05-13 06:14:11,959] {dagbag.py:507} INFO - Filling up the DagBag from /home/airflow/.local/lib/python3.7/site-packages/airflow/example_dags/example_kubernetes_executor.py
[2022-05-13 06:14:11,979] {processor.py:651} INFO - DAG(s) dict_keys(['example_kubernetes_executor']) retrieved from /home/airflow/.local/lib/python3.7/site-packages/airflow/example_dags/example_kubernetes_executor.py
[2022-05-13 06:14:11,995] {logging_mixin.py:115} INFO - [2022-05-13 06:14:11,995] {dag.py:2371} INFO - Sync 1 DAGs
[2022-05-13 06:14:12,013] {logging_mixin.py:115} INFO - [2022-05-13 06:14:12,013] {dag.py:2919} INFO - Setting next_dagrun for example_kubernetes_executor to None, run_after=None
[2022-05-13 06:14:12,043] {processor.py:161} INFO - Processing /home/airflow/.local/lib/python3.7/site-packages/airflow/example_dags/example_kubernetes_executor.py took 0.088 seconds
[2022-05-13 06:14:42,956] {processor.py:153} INFO - Started process (PID=461) to work on /home/airflow/.local/lib/python3.7/site-packages/airflow/example_dags/example_kubernetes_executor.py
[2022-05-13 06:14:42,958] {processor.py:641} INFO - Processing file /home/airflow/.local/lib/python3.7/site-packages/airflow/example_dags/example_kubernetes_executor.py for tasks to queue
[2022-05-13 06:14:42,959] {logging_mixin.py:115} INFO - [2022-05-13 06:14:42,959] {dagbag.py:507} INFO - Filling up the DagBag from /home/airflow/.local/lib/python3.7/site-packages/airflow/example_dags/example_kubernetes_executor.py
[2022-05-13 06:14:42,973] {processor.py:651} INFO - DAG(s) dict_keys(['example_kubernetes_executor']) retrieved from /home/airflow/.local/lib/python3.7/site-packages/airflow/example_dags/example_kubernetes_executor.py
[2022-05-13 06:14:43,002] {logging_mixin.py:115} INFO - [2022-05-13 06:14:43,002] {dag.py:2371} INFO - Sync 1 DAGs
[2022-05-13 06:14:43,015] {logging_mixin.py:115} INFO - [2022-05-13 06:14:43,015] {dag.py:2919} INFO - Setting next_dagrun for example_kubernetes_executor to None, run_after=None
[2022-05-13 06:14:43,022] {processor.py:161} INFO - Processing /home/airflow/.local/lib/python3.7/site-packages/airflow/example_dags/example_kubernetes_executor.py took 0.067 seconds
[2022-05-13 06:15:13,900] {processor.py:153} INFO - Started process (PID=681) to work on /home/airflow/.local/lib/python3.7/site-packages/airflow/example_dags/example_kubernetes_executor.py
[2022-05-13 06:15:13,902] {processor.py:641} INFO - Processing file /home/airflow/.local/lib/python3.7/site-packages/airflow/example_dags/example_kubernetes_executor.py for tasks to queue
[2022-05-13 06:15:13,903] {logging_mixin.py:115} INFO - [2022-05-13 06:15:13,903] {dagbag.py:507} INFO - Filling up the DagBag from /home/airflow/.local/lib/python3.7/site-packages/airflow/example_dags/example_kubernetes_executor.py
[2022-05-13 06:15:13,916] {processor.py:651} INFO - DAG(s) dict_keys(['example_kubernetes_executor']) retrieved from /home/airflow/.local/lib/python3.7/site-packages/airflow/example_dags/example_kubernetes_executor.py
[2022-05-13 06:15:13,932] {logging_mixin.py:115} INFO - [2022-05-13 06:15:13,932] {dag.py:2371} INFO - Sync 1 DAGs
[2022-05-13 06:15:13,944] {logging_mixin.py:115} INFO - [2022-05-13 06:15:13,944] {dag.py:2919} INFO - Setting next_dagrun for example_kubernetes_executor to None, run_after=None
[2022-05-13 06:15:13,951] {processor.py:161} INFO - Processing /home/airflow/.local/lib/python3.7/site-packages/airflow/example_dags/example_kubernetes_executor.py took 0.053 seconds
[2022-05-13 06:15:44,854] {processor.py:153} INFO - Started process (PID=1064) to work on /home/airflow/.local/lib/python3.7/site-packages/airflow/example_dags/example_kubernetes_executor.py
[2022-05-13 06:15:44,855] {processor.py:641} INFO - Processing file /home/airflow/.local/lib/python3.7/site-packages/airflow/example_dags/example_kubernetes_executor.py for tasks to queue
[2022-05-13 06:15:44,856] {logging_mixin.py:115} INFO - [2022-05-13 06:15:44,856] {dagbag.py:507} INFO - Filling up the DagBag from /home/airflow/.local/lib/python3.7/site-packages/airflow/example_dags/example_kubernetes_executor.py
[2022-05-13 06:15:44,872] {processor.py:651} INFO - DAG(s) dict_keys(['example_kubernetes_executor']) retrieved from /home/airflow/.local/lib/python3.7/site-packages/airflow/example_dags/example_kubernetes_executor.py
[2022-05-13 06:15:44,891] {logging_mixin.py:115} INFO - [2022-05-13 06:15:44,891] {dag.py:2371} INFO - Sync 1 DAGs
[2022-05-13 06:15:44,904] {logging_mixin.py:115} INFO - [2022-05-13 06:15:44,904] {dag.py:2919} INFO - Setting next_dagrun for example_kubernetes_executor to None, run_after=None
[2022-05-13 06:15:44,911] {processor.py:161} INFO - Processing /home/airflow/.local/lib/python3.7/site-packages/airflow/example_dags/example_kubernetes_executor.py took 0.060 seconds
[2022-05-13 06:16:15,929] {processor.py:153} INFO - Started process (PID=1305) to work on /home/airflow/.local/lib/python3.7/site-packages/airflow/example_dags/example_kubernetes_executor.py
[2022-05-13 06:16:15,931] {processor.py:641} INFO - Processing file /home/airflow/.local/lib/python3.7/site-packages/airflow/example_dags/example_kubernetes_executor.py for tasks to queue
[2022-05-13 06:16:15,934] {logging_mixin.py:115} INFO - [2022-05-13 06:16:15,934] {dagbag.py:507} INFO - Filling up the DagBag from /home/airflow/.local/lib/python3.7/site-packages/airflow/example_dags/example_kubernetes_executor.py
[2022-05-13 06:16:15,961] {processor.py:651} INFO - DAG(s) dict_keys(['example_kubernetes_executor']) retrieved from /home/airflow/.local/lib/python3.7/site-packages/airflow/example_dags/example_kubernetes_executor.py
[2022-05-13 06:16:15,978] {logging_mixin.py:115} INFO - [2022-05-13 06:16:15,978] {dag.py:2371} INFO - Sync 1 DAGs
[2022-05-13 06:16:15,993] {logging_mixin.py:115} INFO - [2022-05-13 06:16:15,993] {dag.py:2919} INFO - Setting next_dagrun for example_kubernetes_executor to None, run_after=None
[2022-05-13 06:16:16,002] {processor.py:161} INFO - Processing /home/airflow/.local/lib/python3.7/site-packages/airflow/example_dags/example_kubernetes_executor.py took 0.076 seconds
[2022-05-13 07:26:24,498] {processor.py:153} INFO - Started process (PID=181) to work on /home/airflow/.local/lib/python3.7/site-packages/airflow/example_dags/example_kubernetes_executor.py
[2022-05-13 07:26:24,500] {processor.py:641} INFO - Processing file /home/airflow/.local/lib/python3.7/site-packages/airflow/example_dags/example_kubernetes_executor.py for tasks to queue
[2022-05-13 07:26:24,501] {logging_mixin.py:115} INFO - [2022-05-13 07:26:24,501] {dagbag.py:507} INFO - Filling up the DagBag from /home/airflow/.local/lib/python3.7/site-packages/airflow/example_dags/example_kubernetes_executor.py
[2022-05-13 07:26:24,526] {processor.py:651} INFO - DAG(s) dict_keys(['example_kubernetes_executor']) retrieved from /home/airflow/.local/lib/python3.7/site-packages/airflow/example_dags/example_kubernetes_executor.py
[2022-05-13 07:26:24,588] {logging_mixin.py:115} INFO - [2022-05-13 07:26:24,588] {dag.py:2371} INFO - Sync 1 DAGs
[2022-05-13 07:26:24,602] {logging_mixin.py:115} INFO - [2022-05-13 07:26:24,602] {dag.py:2919} INFO - Setting next_dagrun for example_kubernetes_executor to None, run_after=None
[2022-05-13 07:26:24,647] {processor.py:161} INFO - Processing /home/airflow/.local/lib/python3.7/site-packages/airflow/example_dags/example_kubernetes_executor.py took 0.151 seconds
[2022-05-13 07:26:55,481] {processor.py:153} INFO - Started process (PID=397) to work on /home/airflow/.local/lib/python3.7/site-packages/airflow/example_dags/example_kubernetes_executor.py
[2022-05-13 07:26:55,482] {processor.py:641} INFO - Processing file /home/airflow/.local/lib/python3.7/site-packages/airflow/example_dags/example_kubernetes_executor.py for tasks to queue
[2022-05-13 07:26:55,483] {logging_mixin.py:115} INFO - [2022-05-13 07:26:55,483] {dagbag.py:507} INFO - Filling up the DagBag from /home/airflow/.local/lib/python3.7/site-packages/airflow/example_dags/example_kubernetes_executor.py
[2022-05-13 07:26:55,502] {processor.py:651} INFO - DAG(s) dict_keys(['example_kubernetes_executor']) retrieved from /home/airflow/.local/lib/python3.7/site-packages/airflow/example_dags/example_kubernetes_executor.py
[2022-05-13 07:26:55,519] {logging_mixin.py:115} INFO - [2022-05-13 07:26:55,519] {dag.py:2371} INFO - Sync 1 DAGs
[2022-05-13 07:26:55,531] {logging_mixin.py:115} INFO - [2022-05-13 07:26:55,531] {dag.py:2919} INFO - Setting next_dagrun for example_kubernetes_executor to None, run_after=None
[2022-05-13 07:26:55,539] {processor.py:161} INFO - Processing /home/airflow/.local/lib/python3.7/site-packages/airflow/example_dags/example_kubernetes_executor.py took 0.060 seconds
[2022-05-13 07:27:26,163] {processor.py:153} INFO - Started process (PID=614) to work on /home/airflow/.local/lib/python3.7/site-packages/airflow/example_dags/example_kubernetes_executor.py
[2022-05-13 07:27:26,165] {processor.py:641} INFO - Processing file /home/airflow/.local/lib/python3.7/site-packages/airflow/example_dags/example_kubernetes_executor.py for tasks to queue
[2022-05-13 07:27:26,167] {logging_mixin.py:115} INFO - [2022-05-13 07:27:26,167] {dagbag.py:507} INFO - Filling up the DagBag from /home/airflow/.local/lib/python3.7/site-packages/airflow/example_dags/example_kubernetes_executor.py
[2022-05-13 07:27:26,193] {processor.py:651} INFO - DAG(s) dict_keys(['example_kubernetes_executor']) retrieved from /home/airflow/.local/lib/python3.7/site-packages/airflow/example_dags/example_kubernetes_executor.py
[2022-05-13 07:27:26,221] {logging_mixin.py:115} INFO - [2022-05-13 07:27:26,221] {dag.py:2371} INFO - Sync 1 DAGs
[2022-05-13 07:27:26,250] {logging_mixin.py:115} INFO - [2022-05-13 07:27:26,249] {dag.py:2919} INFO - Setting next_dagrun for example_kubernetes_executor to None, run_after=None
[2022-05-13 07:27:26,265] {processor.py:161} INFO - Processing /home/airflow/.local/lib/python3.7/site-packages/airflow/example_dags/example_kubernetes_executor.py took 0.104 seconds
[2022-05-13 07:27:56,739] {processor.py:153} INFO - Started process (PID=901) to work on /home/airflow/.local/lib/python3.7/site-packages/airflow/example_dags/example_kubernetes_executor.py
[2022-05-13 07:27:56,741] {processor.py:641} INFO - Processing file /home/airflow/.local/lib/python3.7/site-packages/airflow/example_dags/example_kubernetes_executor.py for tasks to queue
[2022-05-13 07:27:56,743] {logging_mixin.py:115} INFO - [2022-05-13 07:27:56,743] {dagbag.py:507} INFO - Filling up the DagBag from /home/airflow/.local/lib/python3.7/site-packages/airflow/example_dags/example_kubernetes_executor.py
[2022-05-13 07:27:56,761] {processor.py:651} INFO - DAG(s) dict_keys(['example_kubernetes_executor']) retrieved from /home/airflow/.local/lib/python3.7/site-packages/airflow/example_dags/example_kubernetes_executor.py
[2022-05-13 07:27:56,778] {logging_mixin.py:115} INFO - [2022-05-13 07:27:56,778] {dag.py:2371} INFO - Sync 1 DAGs
[2022-05-13 07:27:56,791] {logging_mixin.py:115} INFO - [2022-05-13 07:27:56,791] {dag.py:2919} INFO - Setting next_dagrun for example_kubernetes_executor to None, run_after=None
[2022-05-13 07:27:56,798] {processor.py:161} INFO - Processing /home/airflow/.local/lib/python3.7/site-packages/airflow/example_dags/example_kubernetes_executor.py took 0.061 seconds
[2022-05-13 07:28:27,626] {processor.py:153} INFO - Started process (PID=1276) to work on /home/airflow/.local/lib/python3.7/site-packages/airflow/example_dags/example_kubernetes_executor.py
[2022-05-13 07:28:27,628] {processor.py:641} INFO - Processing file /home/airflow/.local/lib/python3.7/site-packages/airflow/example_dags/example_kubernetes_executor.py for tasks to queue
[2022-05-13 07:28:27,628] {logging_mixin.py:115} INFO - [2022-05-13 07:28:27,628] {dagbag.py:507} INFO - Filling up the DagBag from /home/airflow/.local/lib/python3.7/site-packages/airflow/example_dags/example_kubernetes_executor.py
[2022-05-13 07:28:27,644] {processor.py:651} INFO - DAG(s) dict_keys(['example_kubernetes_executor']) retrieved from /home/airflow/.local/lib/python3.7/site-packages/airflow/example_dags/example_kubernetes_executor.py
[2022-05-13 07:28:27,660] {logging_mixin.py:115} INFO - [2022-05-13 07:28:27,660] {dag.py:2371} INFO - Sync 1 DAGs
[2022-05-13 07:28:27,679] {logging_mixin.py:115} INFO - [2022-05-13 07:28:27,679] {dag.py:2919} INFO - Setting next_dagrun for example_kubernetes_executor to None, run_after=None
[2022-05-13 07:28:27,689] {processor.py:161} INFO - Processing /home/airflow/.local/lib/python3.7/site-packages/airflow/example_dags/example_kubernetes_executor.py took 0.065 seconds
[2022-05-13 07:28:58,540] {processor.py:153} INFO - Started process (PID=1742) to work on /home/airflow/.local/lib/python3.7/site-packages/airflow/example_dags/example_kubernetes_executor.py
[2022-05-13 07:28:58,541] {processor.py:641} INFO - Processing file /home/airflow/.local/lib/python3.7/site-packages/airflow/example_dags/example_kubernetes_executor.py for tasks to queue
[2022-05-13 07:28:58,542] {logging_mixin.py:115} INFO - [2022-05-13 07:28:58,542] {dagbag.py:507} INFO - Filling up the DagBag from /home/airflow/.local/lib/python3.7/site-packages/airflow/example_dags/example_kubernetes_executor.py
[2022-05-13 07:28:58,557] {processor.py:651} INFO - DAG(s) dict_keys(['example_kubernetes_executor']) retrieved from /home/airflow/.local/lib/python3.7/site-packages/airflow/example_dags/example_kubernetes_executor.py
[2022-05-13 07:28:58,574] {logging_mixin.py:115} INFO - [2022-05-13 07:28:58,574] {dag.py:2371} INFO - Sync 1 DAGs
[2022-05-13 07:28:58,586] {logging_mixin.py:115} INFO - [2022-05-13 07:28:58,586] {dag.py:2919} INFO - Setting next_dagrun for example_kubernetes_executor to None, run_after=None
[2022-05-13 07:28:58,594] {processor.py:161} INFO - Processing /home/airflow/.local/lib/python3.7/site-packages/airflow/example_dags/example_kubernetes_executor.py took 0.057 seconds
[2022-05-13 07:29:29,306] {processor.py:153} INFO - Started process (PID=1960) to work on /home/airflow/.local/lib/python3.7/site-packages/airflow/example_dags/example_kubernetes_executor.py
[2022-05-13 07:29:29,308] {processor.py:641} INFO - Processing file /home/airflow/.local/lib/python3.7/site-packages/airflow/example_dags/example_kubernetes_executor.py for tasks to queue
[2022-05-13 07:29:29,309] {logging_mixin.py:115} INFO - [2022-05-13 07:29:29,309] {dagbag.py:507} INFO - Filling up the DagBag from /home/airflow/.local/lib/python3.7/site-packages/airflow/example_dags/example_kubernetes_executor.py
[2022-05-13 07:29:29,325] {processor.py:651} INFO - DAG(s) dict_keys(['example_kubernetes_executor']) retrieved from /home/airflow/.local/lib/python3.7/site-packages/airflow/example_dags/example_kubernetes_executor.py
[2022-05-13 07:29:29,343] {logging_mixin.py:115} INFO - [2022-05-13 07:29:29,343] {dag.py:2371} INFO - Sync 1 DAGs
[2022-05-13 07:29:29,360] {logging_mixin.py:115} INFO - [2022-05-13 07:29:29,360] {dag.py:2919} INFO - Setting next_dagrun for example_kubernetes_executor to None, run_after=None
[2022-05-13 07:29:29,369] {processor.py:161} INFO - Processing /home/airflow/.local/lib/python3.7/site-packages/airflow/example_dags/example_kubernetes_executor.py took 0.064 seconds
[2022-05-13 07:29:59,978] {processor.py:153} INFO - Started process (PID=2175) to work on /home/airflow/.local/lib/python3.7/site-packages/airflow/example_dags/example_kubernetes_executor.py
[2022-05-13 07:29:59,980] {processor.py:641} INFO - Processing file /home/airflow/.local/lib/python3.7/site-packages/airflow/example_dags/example_kubernetes_executor.py for tasks to queue
[2022-05-13 07:29:59,981] {logging_mixin.py:115} INFO - [2022-05-13 07:29:59,981] {dagbag.py:507} INFO - Filling up the DagBag from /home/airflow/.local/lib/python3.7/site-packages/airflow/example_dags/example_kubernetes_executor.py
[2022-05-13 07:29:59,996] {processor.py:651} INFO - DAG(s) dict_keys(['example_kubernetes_executor']) retrieved from /home/airflow/.local/lib/python3.7/site-packages/airflow/example_dags/example_kubernetes_executor.py
[2022-05-13 07:30:00,023] {logging_mixin.py:115} INFO - [2022-05-13 07:30:00,023] {dag.py:2371} INFO - Sync 1 DAGs
[2022-05-13 07:30:00,041] {logging_mixin.py:115} INFO - [2022-05-13 07:30:00,041] {dag.py:2919} INFO - Setting next_dagrun for example_kubernetes_executor to None, run_after=None
[2022-05-13 07:30:00,052] {processor.py:161} INFO - Processing /home/airflow/.local/lib/python3.7/site-packages/airflow/example_dags/example_kubernetes_executor.py took 0.076 seconds
[2022-05-13 07:30:30,918] {processor.py:153} INFO - Started process (PID=2413) to work on /home/airflow/.local/lib/python3.7/site-packages/airflow/example_dags/example_kubernetes_executor.py
[2022-05-13 07:30:30,919] {processor.py:641} INFO - Processing file /home/airflow/.local/lib/python3.7/site-packages/airflow/example_dags/example_kubernetes_executor.py for tasks to queue
[2022-05-13 07:30:30,920] {logging_mixin.py:115} INFO - [2022-05-13 07:30:30,920] {dagbag.py:507} INFO - Filling up the DagBag from /home/airflow/.local/lib/python3.7/site-packages/airflow/example_dags/example_kubernetes_executor.py
[2022-05-13 07:30:30,933] {processor.py:651} INFO - DAG(s) dict_keys(['example_kubernetes_executor']) retrieved from /home/airflow/.local/lib/python3.7/site-packages/airflow/example_dags/example_kubernetes_executor.py
[2022-05-13 07:30:30,952] {logging_mixin.py:115} INFO - [2022-05-13 07:30:30,952] {dag.py:2371} INFO - Sync 1 DAGs
[2022-05-13 07:30:30,964] {logging_mixin.py:115} INFO - [2022-05-13 07:30:30,964] {dag.py:2919} INFO - Setting next_dagrun for example_kubernetes_executor to None, run_after=None
[2022-05-13 07:30:30,972] {processor.py:161} INFO - Processing /home/airflow/.local/lib/python3.7/site-packages/airflow/example_dags/example_kubernetes_executor.py took 0.056 seconds
[2022-05-13 07:31:01,580] {processor.py:153} INFO - Started process (PID=2626) to work on /home/airflow/.local/lib/python3.7/site-packages/airflow/example_dags/example_kubernetes_executor.py
[2022-05-13 07:31:01,581] {processor.py:641} INFO - Processing file /home/airflow/.local/lib/python3.7/site-packages/airflow/example_dags/example_kubernetes_executor.py for tasks to queue
[2022-05-13 07:31:01,582] {logging_mixin.py:115} INFO - [2022-05-13 07:31:01,582] {dagbag.py:507} INFO - Filling up the DagBag from /home/airflow/.local/lib/python3.7/site-packages/airflow/example_dags/example_kubernetes_executor.py
[2022-05-13 07:31:01,596] {processor.py:651} INFO - DAG(s) dict_keys(['example_kubernetes_executor']) retrieved from /home/airflow/.local/lib/python3.7/site-packages/airflow/example_dags/example_kubernetes_executor.py
[2022-05-13 07:31:01,613] {logging_mixin.py:115} INFO - [2022-05-13 07:31:01,613] {dag.py:2371} INFO - Sync 1 DAGs
[2022-05-13 07:31:01,627] {logging_mixin.py:115} INFO - [2022-05-13 07:31:01,627] {dag.py:2919} INFO - Setting next_dagrun for example_kubernetes_executor to None, run_after=None
[2022-05-13 07:31:01,636] {processor.py:161} INFO - Processing /home/airflow/.local/lib/python3.7/site-packages/airflow/example_dags/example_kubernetes_executor.py took 0.058 seconds
[2022-05-13 07:31:32,348] {processor.py:153} INFO - Started process (PID=2841) to work on /home/airflow/.local/lib/python3.7/site-packages/airflow/example_dags/example_kubernetes_executor.py
[2022-05-13 07:31:32,349] {processor.py:641} INFO - Processing file /home/airflow/.local/lib/python3.7/site-packages/airflow/example_dags/example_kubernetes_executor.py for tasks to queue
[2022-05-13 07:31:32,350] {logging_mixin.py:115} INFO - [2022-05-13 07:31:32,350] {dagbag.py:507} INFO - Filling up the DagBag from /home/airflow/.local/lib/python3.7/site-packages/airflow/example_dags/example_kubernetes_executor.py
[2022-05-13 07:31:32,364] {processor.py:651} INFO - DAG(s) dict_keys(['example_kubernetes_executor']) retrieved from /home/airflow/.local/lib/python3.7/site-packages/airflow/example_dags/example_kubernetes_executor.py
[2022-05-13 07:31:32,380] {logging_mixin.py:115} INFO - [2022-05-13 07:31:32,380] {dag.py:2371} INFO - Sync 1 DAGs
[2022-05-13 07:31:32,393] {logging_mixin.py:115} INFO - [2022-05-13 07:31:32,393] {dag.py:2919} INFO - Setting next_dagrun for example_kubernetes_executor to None, run_after=None
[2022-05-13 07:31:32,400] {processor.py:161} INFO - Processing /home/airflow/.local/lib/python3.7/site-packages/airflow/example_dags/example_kubernetes_executor.py took 0.055 seconds
[2022-05-13 07:32:03,014] {processor.py:153} INFO - Started process (PID=3046) to work on /home/airflow/.local/lib/python3.7/site-packages/airflow/example_dags/example_kubernetes_executor.py
[2022-05-13 07:32:03,015] {processor.py:641} INFO - Processing file /home/airflow/.local/lib/python3.7/site-packages/airflow/example_dags/example_kubernetes_executor.py for tasks to queue
[2022-05-13 07:32:03,016] {logging_mixin.py:115} INFO - [2022-05-13 07:32:03,016] {dagbag.py:507} INFO - Filling up the DagBag from /home/airflow/.local/lib/python3.7/site-packages/airflow/example_dags/example_kubernetes_executor.py
[2022-05-13 07:32:03,030] {processor.py:651} INFO - DAG(s) dict_keys(['example_kubernetes_executor']) retrieved from /home/airflow/.local/lib/python3.7/site-packages/airflow/example_dags/example_kubernetes_executor.py
[2022-05-13 07:32:03,046] {logging_mixin.py:115} INFO - [2022-05-13 07:32:03,046] {dag.py:2371} INFO - Sync 1 DAGs
[2022-05-13 07:32:03,057] {logging_mixin.py:115} INFO - [2022-05-13 07:32:03,057] {dag.py:2919} INFO - Setting next_dagrun for example_kubernetes_executor to None, run_after=None
[2022-05-13 07:32:03,065] {processor.py:161} INFO - Processing /home/airflow/.local/lib/python3.7/site-packages/airflow/example_dags/example_kubernetes_executor.py took 0.053 seconds
[2022-05-13 07:32:33,830] {processor.py:153} INFO - Started process (PID=3261) to work on /home/airflow/.local/lib/python3.7/site-packages/airflow/example_dags/example_kubernetes_executor.py
[2022-05-13 07:32:33,831] {processor.py:641} INFO - Processing file /home/airflow/.local/lib/python3.7/site-packages/airflow/example_dags/example_kubernetes_executor.py for tasks to queue
[2022-05-13 07:32:33,832] {logging_mixin.py:115} INFO - [2022-05-13 07:32:33,832] {dagbag.py:507} INFO - Filling up the DagBag from /home/airflow/.local/lib/python3.7/site-packages/airflow/example_dags/example_kubernetes_executor.py
[2022-05-13 07:32:33,847] {processor.py:651} INFO - DAG(s) dict_keys(['example_kubernetes_executor']) retrieved from /home/airflow/.local/lib/python3.7/site-packages/airflow/example_dags/example_kubernetes_executor.py
[2022-05-13 07:32:33,864] {logging_mixin.py:115} INFO - [2022-05-13 07:32:33,864] {dag.py:2371} INFO - Sync 1 DAGs
[2022-05-13 07:32:33,878] {logging_mixin.py:115} INFO - [2022-05-13 07:32:33,878] {dag.py:2919} INFO - Setting next_dagrun for example_kubernetes_executor to None, run_after=None
[2022-05-13 07:32:33,886] {processor.py:161} INFO - Processing /home/airflow/.local/lib/python3.7/site-packages/airflow/example_dags/example_kubernetes_executor.py took 0.058 seconds
[2022-05-13 07:33:04,565] {processor.py:153} INFO - Started process (PID=3479) to work on /home/airflow/.local/lib/python3.7/site-packages/airflow/example_dags/example_kubernetes_executor.py
[2022-05-13 07:33:04,567] {processor.py:641} INFO - Processing file /home/airflow/.local/lib/python3.7/site-packages/airflow/example_dags/example_kubernetes_executor.py for tasks to queue
[2022-05-13 07:33:04,568] {logging_mixin.py:115} INFO - [2022-05-13 07:33:04,568] {dagbag.py:507} INFO - Filling up the DagBag from /home/airflow/.local/lib/python3.7/site-packages/airflow/example_dags/example_kubernetes_executor.py
[2022-05-13 07:33:04,581] {processor.py:651} INFO - DAG(s) dict_keys(['example_kubernetes_executor']) retrieved from /home/airflow/.local/lib/python3.7/site-packages/airflow/example_dags/example_kubernetes_executor.py
[2022-05-13 07:33:04,597] {logging_mixin.py:115} INFO - [2022-05-13 07:33:04,597] {dag.py:2371} INFO - Sync 1 DAGs
[2022-05-13 07:33:04,610] {logging_mixin.py:115} INFO - [2022-05-13 07:33:04,610] {dag.py:2919} INFO - Setting next_dagrun for example_kubernetes_executor to None, run_after=None
[2022-05-13 07:33:04,617] {processor.py:161} INFO - Processing /home/airflow/.local/lib/python3.7/site-packages/airflow/example_dags/example_kubernetes_executor.py took 0.054 seconds
[2022-05-13 07:33:35,279] {processor.py:153} INFO - Started process (PID=3696) to work on /home/airflow/.local/lib/python3.7/site-packages/airflow/example_dags/example_kubernetes_executor.py
[2022-05-13 07:33:35,280] {processor.py:641} INFO - Processing file /home/airflow/.local/lib/python3.7/site-packages/airflow/example_dags/example_kubernetes_executor.py for tasks to queue
[2022-05-13 07:33:35,281] {logging_mixin.py:115} INFO - [2022-05-13 07:33:35,281] {dagbag.py:507} INFO - Filling up the DagBag from /home/airflow/.local/lib/python3.7/site-packages/airflow/example_dags/example_kubernetes_executor.py
[2022-05-13 07:33:35,295] {processor.py:651} INFO - DAG(s) dict_keys(['example_kubernetes_executor']) retrieved from /home/airflow/.local/lib/python3.7/site-packages/airflow/example_dags/example_kubernetes_executor.py
[2022-05-13 07:33:35,309] {logging_mixin.py:115} INFO - [2022-05-13 07:33:35,309] {dag.py:2371} INFO - Sync 1 DAGs
[2022-05-13 07:33:35,321] {logging_mixin.py:115} INFO - [2022-05-13 07:33:35,321] {dag.py:2919} INFO - Setting next_dagrun for example_kubernetes_executor to None, run_after=None
[2022-05-13 07:33:35,329] {processor.py:161} INFO - Processing /home/airflow/.local/lib/python3.7/site-packages/airflow/example_dags/example_kubernetes_executor.py took 0.054 seconds
[2022-05-13 07:34:05,915] {processor.py:153} INFO - Started process (PID=3913) to work on /home/airflow/.local/lib/python3.7/site-packages/airflow/example_dags/example_kubernetes_executor.py
[2022-05-13 07:34:05,916] {processor.py:641} INFO - Processing file /home/airflow/.local/lib/python3.7/site-packages/airflow/example_dags/example_kubernetes_executor.py for tasks to queue
[2022-05-13 07:34:05,917] {logging_mixin.py:115} INFO - [2022-05-13 07:34:05,917] {dagbag.py:507} INFO - Filling up the DagBag from /home/airflow/.local/lib/python3.7/site-packages/airflow/example_dags/example_kubernetes_executor.py
[2022-05-13 07:34:05,930] {processor.py:651} INFO - DAG(s) dict_keys(['example_kubernetes_executor']) retrieved from /home/airflow/.local/lib/python3.7/site-packages/airflow/example_dags/example_kubernetes_executor.py
[2022-05-13 07:34:05,946] {logging_mixin.py:115} INFO - [2022-05-13 07:34:05,946] {dag.py:2371} INFO - Sync 1 DAGs
[2022-05-13 07:34:05,959] {logging_mixin.py:115} INFO - [2022-05-13 07:34:05,959] {dag.py:2919} INFO - Setting next_dagrun for example_kubernetes_executor to None, run_after=None
[2022-05-13 07:34:05,966] {processor.py:161} INFO - Processing /home/airflow/.local/lib/python3.7/site-packages/airflow/example_dags/example_kubernetes_executor.py took 0.053 seconds
[2022-05-13 07:34:36,183] {processor.py:153} INFO - Started process (PID=4128) to work on /home/airflow/.local/lib/python3.7/site-packages/airflow/example_dags/example_kubernetes_executor.py
[2022-05-13 07:34:36,184] {processor.py:641} INFO - Processing file /home/airflow/.local/lib/python3.7/site-packages/airflow/example_dags/example_kubernetes_executor.py for tasks to queue
[2022-05-13 07:34:36,185] {logging_mixin.py:115} INFO - [2022-05-13 07:34:36,185] {dagbag.py:507} INFO - Filling up the DagBag from /home/airflow/.local/lib/python3.7/site-packages/airflow/example_dags/example_kubernetes_executor.py
[2022-05-13 07:34:36,198] {processor.py:651} INFO - DAG(s) dict_keys(['example_kubernetes_executor']) retrieved from /home/airflow/.local/lib/python3.7/site-packages/airflow/example_dags/example_kubernetes_executor.py
[2022-05-13 07:34:36,214] {logging_mixin.py:115} INFO - [2022-05-13 07:34:36,214] {dag.py:2371} INFO - Sync 1 DAGs
[2022-05-13 07:34:36,224] {logging_mixin.py:115} INFO - [2022-05-13 07:34:36,224] {dag.py:2919} INFO - Setting next_dagrun for example_kubernetes_executor to None, run_after=None
[2022-05-13 07:34:36,231] {processor.py:161} INFO - Processing /home/airflow/.local/lib/python3.7/site-packages/airflow/example_dags/example_kubernetes_executor.py took 0.049 seconds
[2022-05-13 07:35:06,895] {processor.py:153} INFO - Started process (PID=4344) to work on /home/airflow/.local/lib/python3.7/site-packages/airflow/example_dags/example_kubernetes_executor.py
[2022-05-13 07:35:06,896] {processor.py:641} INFO - Processing file /home/airflow/.local/lib/python3.7/site-packages/airflow/example_dags/example_kubernetes_executor.py for tasks to queue
[2022-05-13 07:35:06,897] {logging_mixin.py:115} INFO - [2022-05-13 07:35:06,897] {dagbag.py:507} INFO - Filling up the DagBag from /home/airflow/.local/lib/python3.7/site-packages/airflow/example_dags/example_kubernetes_executor.py
[2022-05-13 07:35:06,913] {processor.py:651} INFO - DAG(s) dict_keys(['example_kubernetes_executor']) retrieved from /home/airflow/.local/lib/python3.7/site-packages/airflow/example_dags/example_kubernetes_executor.py
[2022-05-13 07:35:06,930] {logging_mixin.py:115} INFO - [2022-05-13 07:35:06,929] {dag.py:2371} INFO - Sync 1 DAGs
[2022-05-13 07:35:06,942] {logging_mixin.py:115} INFO - [2022-05-13 07:35:06,942] {dag.py:2919} INFO - Setting next_dagrun for example_kubernetes_executor to None, run_after=None
[2022-05-13 07:35:06,949] {processor.py:161} INFO - Processing /home/airflow/.local/lib/python3.7/site-packages/airflow/example_dags/example_kubernetes_executor.py took 0.057 seconds
[2022-05-13 07:35:37,761] {processor.py:153} INFO - Started process (PID=4550) to work on /home/airflow/.local/lib/python3.7/site-packages/airflow/example_dags/example_kubernetes_executor.py
[2022-05-13 07:35:37,763] {processor.py:641} INFO - Processing file /home/airflow/.local/lib/python3.7/site-packages/airflow/example_dags/example_kubernetes_executor.py for tasks to queue
[2022-05-13 07:35:37,764] {logging_mixin.py:115} INFO - [2022-05-13 07:35:37,764] {dagbag.py:507} INFO - Filling up the DagBag from /home/airflow/.local/lib/python3.7/site-packages/airflow/example_dags/example_kubernetes_executor.py
[2022-05-13 07:35:37,779] {processor.py:651} INFO - DAG(s) dict_keys(['example_kubernetes_executor']) retrieved from /home/airflow/.local/lib/python3.7/site-packages/airflow/example_dags/example_kubernetes_executor.py
[2022-05-13 07:35:37,795] {logging_mixin.py:115} INFO - [2022-05-13 07:35:37,795] {dag.py:2371} INFO - Sync 1 DAGs
[2022-05-13 07:35:37,808] {logging_mixin.py:115} INFO - [2022-05-13 07:35:37,808] {dag.py:2919} INFO - Setting next_dagrun for example_kubernetes_executor to None, run_after=None
[2022-05-13 07:35:37,815] {processor.py:161} INFO - Processing /home/airflow/.local/lib/python3.7/site-packages/airflow/example_dags/example_kubernetes_executor.py took 0.056 seconds
[2022-05-13 07:36:08,428] {processor.py:153} INFO - Started process (PID=4765) to work on /home/airflow/.local/lib/python3.7/site-packages/airflow/example_dags/example_kubernetes_executor.py
[2022-05-13 07:36:08,429] {processor.py:641} INFO - Processing file /home/airflow/.local/lib/python3.7/site-packages/airflow/example_dags/example_kubernetes_executor.py for tasks to queue
[2022-05-13 07:36:08,430] {logging_mixin.py:115} INFO - [2022-05-13 07:36:08,430] {dagbag.py:507} INFO - Filling up the DagBag from /home/airflow/.local/lib/python3.7/site-packages/airflow/example_dags/example_kubernetes_executor.py
[2022-05-13 07:36:08,444] {processor.py:651} INFO - DAG(s) dict_keys(['example_kubernetes_executor']) retrieved from /home/airflow/.local/lib/python3.7/site-packages/airflow/example_dags/example_kubernetes_executor.py
[2022-05-13 07:36:08,458] {logging_mixin.py:115} INFO - [2022-05-13 07:36:08,458] {dag.py:2371} INFO - Sync 1 DAGs
[2022-05-13 07:36:08,471] {logging_mixin.py:115} INFO - [2022-05-13 07:36:08,471] {dag.py:2919} INFO - Setting next_dagrun for example_kubernetes_executor to None, run_after=None
[2022-05-13 07:36:08,479] {processor.py:161} INFO - Processing /home/airflow/.local/lib/python3.7/site-packages/airflow/example_dags/example_kubernetes_executor.py took 0.053 seconds
[2022-05-13 07:36:39,286] {processor.py:153} INFO - Started process (PID=4982) to work on /home/airflow/.local/lib/python3.7/site-packages/airflow/example_dags/example_kubernetes_executor.py
[2022-05-13 07:36:39,287] {processor.py:641} INFO - Processing file /home/airflow/.local/lib/python3.7/site-packages/airflow/example_dags/example_kubernetes_executor.py for tasks to queue
[2022-05-13 07:36:39,288] {logging_mixin.py:115} INFO - [2022-05-13 07:36:39,288] {dagbag.py:507} INFO - Filling up the DagBag from /home/airflow/.local/lib/python3.7/site-packages/airflow/example_dags/example_kubernetes_executor.py
[2022-05-13 07:36:39,302] {processor.py:651} INFO - DAG(s) dict_keys(['example_kubernetes_executor']) retrieved from /home/airflow/.local/lib/python3.7/site-packages/airflow/example_dags/example_kubernetes_executor.py
[2022-05-13 07:36:39,317] {logging_mixin.py:115} INFO - [2022-05-13 07:36:39,317] {dag.py:2371} INFO - Sync 1 DAGs
[2022-05-13 07:36:39,330] {logging_mixin.py:115} INFO - [2022-05-13 07:36:39,330] {dag.py:2919} INFO - Setting next_dagrun for example_kubernetes_executor to None, run_after=None
[2022-05-13 07:36:39,337] {processor.py:161} INFO - Processing /home/airflow/.local/lib/python3.7/site-packages/airflow/example_dags/example_kubernetes_executor.py took 0.055 seconds
[2022-05-13 07:37:09,950] {processor.py:153} INFO - Started process (PID=5194) to work on /home/airflow/.local/lib/python3.7/site-packages/airflow/example_dags/example_kubernetes_executor.py
[2022-05-13 07:37:09,953] {processor.py:641} INFO - Processing file /home/airflow/.local/lib/python3.7/site-packages/airflow/example_dags/example_kubernetes_executor.py for tasks to queue
[2022-05-13 07:37:09,953] {logging_mixin.py:115} INFO - [2022-05-13 07:37:09,953] {dagbag.py:507} INFO - Filling up the DagBag from /home/airflow/.local/lib/python3.7/site-packages/airflow/example_dags/example_kubernetes_executor.py
[2022-05-13 07:37:09,968] {processor.py:651} INFO - DAG(s) dict_keys(['example_kubernetes_executor']) retrieved from /home/airflow/.local/lib/python3.7/site-packages/airflow/example_dags/example_kubernetes_executor.py
[2022-05-13 07:37:09,985] {logging_mixin.py:115} INFO - [2022-05-13 07:37:09,985] {dag.py:2371} INFO - Sync 1 DAGs
[2022-05-13 07:37:09,998] {logging_mixin.py:115} INFO - [2022-05-13 07:37:09,998] {dag.py:2919} INFO - Setting next_dagrun for example_kubernetes_executor to None, run_after=None
[2022-05-13 07:37:10,005] {processor.py:161} INFO - Processing /home/airflow/.local/lib/python3.7/site-packages/airflow/example_dags/example_kubernetes_executor.py took 0.056 seconds
