[2022-05-13 03:38:57,988] {processor.py:153} INFO - Started process (PID=252) to work on /home/airflow/.local/lib/python3.7/site-packages/airflow/example_dags/example_branch_datetime_operator.py
[2022-05-13 03:38:57,989] {processor.py:641} INFO - Processing file /home/airflow/.local/lib/python3.7/site-packages/airflow/example_dags/example_branch_datetime_operator.py for tasks to queue
[2022-05-13 03:38:57,991] {logging_mixin.py:115} INFO - [2022-05-13 03:38:57,991] {dagbag.py:507} INFO - Filling up the DagBag from /home/airflow/.local/lib/python3.7/site-packages/airflow/example_dags/example_branch_datetime_operator.py
[2022-05-13 03:38:58,007] {processor.py:651} INFO - DAG(s) dict_keys(['example_branch_datetime_operator_2']) retrieved from /home/airflow/.local/lib/python3.7/site-packages/airflow/example_dags/example_branch_datetime_operator.py
[2022-05-13 03:38:58,063] {logging_mixin.py:115} INFO - [2022-05-13 03:38:58,063] {dag.py:2371} INFO - Sync 1 DAGs
[2022-05-13 03:38:58,096] {logging_mixin.py:115} INFO - [2022-05-13 03:38:58,096] {dag.py:2919} INFO - Setting next_dagrun for example_branch_datetime_operator_2 to 2022-05-12T00:00:00+00:00, run_after=2022-05-13T00:00:00+00:00
[2022-05-13 03:38:58,115] {processor.py:161} INFO - Processing /home/airflow/.local/lib/python3.7/site-packages/airflow/example_dags/example_branch_datetime_operator.py took 0.130 seconds
[2022-05-13 03:39:28,488] {processor.py:153} INFO - Started process (PID=526) to work on /home/airflow/.local/lib/python3.7/site-packages/airflow/example_dags/example_branch_datetime_operator.py
[2022-05-13 03:39:28,489] {processor.py:641} INFO - Processing file /home/airflow/.local/lib/python3.7/site-packages/airflow/example_dags/example_branch_datetime_operator.py for tasks to queue
[2022-05-13 03:39:28,490] {logging_mixin.py:115} INFO - [2022-05-13 03:39:28,490] {dagbag.py:507} INFO - Filling up the DagBag from /home/airflow/.local/lib/python3.7/site-packages/airflow/example_dags/example_branch_datetime_operator.py
[2022-05-13 03:39:28,499] {processor.py:651} INFO - DAG(s) dict_keys(['example_branch_datetime_operator_2']) retrieved from /home/airflow/.local/lib/python3.7/site-packages/airflow/example_dags/example_branch_datetime_operator.py
[2022-05-13 03:39:28,522] {logging_mixin.py:115} INFO - [2022-05-13 03:39:28,522] {dag.py:2371} INFO - Sync 1 DAGs
[2022-05-13 03:39:28,540] {logging_mixin.py:115} INFO - [2022-05-13 03:39:28,540] {dag.py:2919} INFO - Setting next_dagrun for example_branch_datetime_operator_2 to 2022-05-12T00:00:00+00:00, run_after=2022-05-13T00:00:00+00:00
[2022-05-13 03:39:28,548] {processor.py:161} INFO - Processing /home/airflow/.local/lib/python3.7/site-packages/airflow/example_dags/example_branch_datetime_operator.py took 0.062 seconds
[2022-05-13 03:39:59,446] {processor.py:153} INFO - Started process (PID=913) to work on /home/airflow/.local/lib/python3.7/site-packages/airflow/example_dags/example_branch_datetime_operator.py
[2022-05-13 03:39:59,448] {processor.py:641} INFO - Processing file /home/airflow/.local/lib/python3.7/site-packages/airflow/example_dags/example_branch_datetime_operator.py for tasks to queue
[2022-05-13 03:39:59,449] {logging_mixin.py:115} INFO - [2022-05-13 03:39:59,449] {dagbag.py:507} INFO - Filling up the DagBag from /home/airflow/.local/lib/python3.7/site-packages/airflow/example_dags/example_branch_datetime_operator.py
[2022-05-13 03:39:59,454] {processor.py:651} INFO - DAG(s) dict_keys(['example_branch_datetime_operator_2']) retrieved from /home/airflow/.local/lib/python3.7/site-packages/airflow/example_dags/example_branch_datetime_operator.py
[2022-05-13 03:39:59,471] {logging_mixin.py:115} INFO - [2022-05-13 03:39:59,471] {dag.py:2371} INFO - Sync 1 DAGs
[2022-05-13 03:39:59,485] {logging_mixin.py:115} INFO - [2022-05-13 03:39:59,485] {dag.py:2919} INFO - Setting next_dagrun for example_branch_datetime_operator_2 to 2022-05-12T00:00:00+00:00, run_after=2022-05-13T00:00:00+00:00
[2022-05-13 03:39:59,494] {processor.py:161} INFO - Processing /home/airflow/.local/lib/python3.7/site-packages/airflow/example_dags/example_branch_datetime_operator.py took 0.050 seconds
[2022-05-13 03:40:29,668] {processor.py:153} INFO - Started process (PID=1133) to work on /home/airflow/.local/lib/python3.7/site-packages/airflow/example_dags/example_branch_datetime_operator.py
[2022-05-13 03:40:29,669] {processor.py:641} INFO - Processing file /home/airflow/.local/lib/python3.7/site-packages/airflow/example_dags/example_branch_datetime_operator.py for tasks to queue
[2022-05-13 03:40:29,670] {logging_mixin.py:115} INFO - [2022-05-13 03:40:29,670] {dagbag.py:507} INFO - Filling up the DagBag from /home/airflow/.local/lib/python3.7/site-packages/airflow/example_dags/example_branch_datetime_operator.py
[2022-05-13 03:40:29,676] {processor.py:651} INFO - DAG(s) dict_keys(['example_branch_datetime_operator_2']) retrieved from /home/airflow/.local/lib/python3.7/site-packages/airflow/example_dags/example_branch_datetime_operator.py
[2022-05-13 03:40:29,693] {logging_mixin.py:115} INFO - [2022-05-13 03:40:29,693] {dag.py:2371} INFO - Sync 1 DAGs
[2022-05-13 03:40:29,710] {logging_mixin.py:115} INFO - [2022-05-13 03:40:29,710] {dag.py:2919} INFO - Setting next_dagrun for example_branch_datetime_operator_2 to 2022-05-12T00:00:00+00:00, run_after=2022-05-13T00:00:00+00:00
[2022-05-13 03:40:29,717] {processor.py:161} INFO - Processing /home/airflow/.local/lib/python3.7/site-packages/airflow/example_dags/example_branch_datetime_operator.py took 0.052 seconds
[2022-05-13 03:40:59,858] {processor.py:153} INFO - Started process (PID=1557) to work on /home/airflow/.local/lib/python3.7/site-packages/airflow/example_dags/example_branch_datetime_operator.py
[2022-05-13 03:40:59,859] {processor.py:641} INFO - Processing file /home/airflow/.local/lib/python3.7/site-packages/airflow/example_dags/example_branch_datetime_operator.py for tasks to queue
[2022-05-13 03:40:59,860] {logging_mixin.py:115} INFO - [2022-05-13 03:40:59,860] {dagbag.py:507} INFO - Filling up the DagBag from /home/airflow/.local/lib/python3.7/site-packages/airflow/example_dags/example_branch_datetime_operator.py
[2022-05-13 03:40:59,866] {processor.py:651} INFO - DAG(s) dict_keys(['example_branch_datetime_operator_2']) retrieved from /home/airflow/.local/lib/python3.7/site-packages/airflow/example_dags/example_branch_datetime_operator.py
[2022-05-13 03:40:59,882] {logging_mixin.py:115} INFO - [2022-05-13 03:40:59,882] {dag.py:2371} INFO - Sync 1 DAGs
[2022-05-13 03:40:59,896] {logging_mixin.py:115} INFO - [2022-05-13 03:40:59,896] {dag.py:2919} INFO - Setting next_dagrun for example_branch_datetime_operator_2 to 2022-05-12T00:00:00+00:00, run_after=2022-05-13T00:00:00+00:00
[2022-05-13 03:40:59,904] {processor.py:161} INFO - Processing /home/airflow/.local/lib/python3.7/site-packages/airflow/example_dags/example_branch_datetime_operator.py took 0.048 seconds
[2022-05-13 03:41:29,968] {processor.py:153} INFO - Started process (PID=1774) to work on /home/airflow/.local/lib/python3.7/site-packages/airflow/example_dags/example_branch_datetime_operator.py
[2022-05-13 03:41:29,969] {processor.py:641} INFO - Processing file /home/airflow/.local/lib/python3.7/site-packages/airflow/example_dags/example_branch_datetime_operator.py for tasks to queue
[2022-05-13 03:41:29,972] {logging_mixin.py:115} INFO - [2022-05-13 03:41:29,972] {dagbag.py:507} INFO - Filling up the DagBag from /home/airflow/.local/lib/python3.7/site-packages/airflow/example_dags/example_branch_datetime_operator.py
[2022-05-13 03:41:29,978] {processor.py:651} INFO - DAG(s) dict_keys(['example_branch_datetime_operator_2']) retrieved from /home/airflow/.local/lib/python3.7/site-packages/airflow/example_dags/example_branch_datetime_operator.py
[2022-05-13 03:41:29,995] {logging_mixin.py:115} INFO - [2022-05-13 03:41:29,995] {dag.py:2371} INFO - Sync 1 DAGs
[2022-05-13 03:41:30,014] {logging_mixin.py:115} INFO - [2022-05-13 03:41:30,014] {dag.py:2919} INFO - Setting next_dagrun for example_branch_datetime_operator_2 to 2022-05-12T00:00:00+00:00, run_after=2022-05-13T00:00:00+00:00
[2022-05-13 03:41:30,032] {processor.py:161} INFO - Processing /home/airflow/.local/lib/python3.7/site-packages/airflow/example_dags/example_branch_datetime_operator.py took 0.066 seconds
[2022-05-13 03:42:00,861] {processor.py:153} INFO - Started process (PID=2010) to work on /home/airflow/.local/lib/python3.7/site-packages/airflow/example_dags/example_branch_datetime_operator.py
[2022-05-13 03:42:00,863] {processor.py:641} INFO - Processing file /home/airflow/.local/lib/python3.7/site-packages/airflow/example_dags/example_branch_datetime_operator.py for tasks to queue
[2022-05-13 03:42:00,864] {logging_mixin.py:115} INFO - [2022-05-13 03:42:00,864] {dagbag.py:507} INFO - Filling up the DagBag from /home/airflow/.local/lib/python3.7/site-packages/airflow/example_dags/example_branch_datetime_operator.py
[2022-05-13 03:42:00,870] {processor.py:651} INFO - DAG(s) dict_keys(['example_branch_datetime_operator_2']) retrieved from /home/airflow/.local/lib/python3.7/site-packages/airflow/example_dags/example_branch_datetime_operator.py
[2022-05-13 03:42:00,891] {logging_mixin.py:115} INFO - [2022-05-13 03:42:00,891] {dag.py:2371} INFO - Sync 1 DAGs
[2022-05-13 03:42:00,908] {logging_mixin.py:115} INFO - [2022-05-13 03:42:00,908] {dag.py:2919} INFO - Setting next_dagrun for example_branch_datetime_operator_2 to 2022-05-12T00:00:00+00:00, run_after=2022-05-13T00:00:00+00:00
[2022-05-13 03:42:00,919] {processor.py:161} INFO - Processing /home/airflow/.local/lib/python3.7/site-packages/airflow/example_dags/example_branch_datetime_operator.py took 0.060 seconds
[2022-05-13 03:42:31,859] {processor.py:153} INFO - Started process (PID=2227) to work on /home/airflow/.local/lib/python3.7/site-packages/airflow/example_dags/example_branch_datetime_operator.py
[2022-05-13 03:42:31,864] {processor.py:641} INFO - Processing file /home/airflow/.local/lib/python3.7/site-packages/airflow/example_dags/example_branch_datetime_operator.py for tasks to queue
[2022-05-13 03:42:31,866] {logging_mixin.py:115} INFO - [2022-05-13 03:42:31,866] {dagbag.py:507} INFO - Filling up the DagBag from /home/airflow/.local/lib/python3.7/site-packages/airflow/example_dags/example_branch_datetime_operator.py
[2022-05-13 03:42:31,871] {processor.py:651} INFO - DAG(s) dict_keys(['example_branch_datetime_operator_2']) retrieved from /home/airflow/.local/lib/python3.7/site-packages/airflow/example_dags/example_branch_datetime_operator.py
[2022-05-13 03:42:31,888] {logging_mixin.py:115} INFO - [2022-05-13 03:42:31,888] {dag.py:2371} INFO - Sync 1 DAGs
[2022-05-13 03:42:31,902] {logging_mixin.py:115} INFO - [2022-05-13 03:42:31,902] {dag.py:2919} INFO - Setting next_dagrun for example_branch_datetime_operator_2 to 2022-05-12T00:00:00+00:00, run_after=2022-05-13T00:00:00+00:00
[2022-05-13 03:42:31,909] {processor.py:161} INFO - Processing /home/airflow/.local/lib/python3.7/site-packages/airflow/example_dags/example_branch_datetime_operator.py took 0.052 seconds
[2022-05-13 03:59:30,648] {processor.py:153} INFO - Started process (PID=242) to work on /home/airflow/.local/lib/python3.7/site-packages/airflow/example_dags/example_branch_datetime_operator.py
[2022-05-13 03:59:30,649] {processor.py:641} INFO - Processing file /home/airflow/.local/lib/python3.7/site-packages/airflow/example_dags/example_branch_datetime_operator.py for tasks to queue
[2022-05-13 03:59:30,651] {logging_mixin.py:115} INFO - [2022-05-13 03:59:30,651] {dagbag.py:507} INFO - Filling up the DagBag from /home/airflow/.local/lib/python3.7/site-packages/airflow/example_dags/example_branch_datetime_operator.py
[2022-05-13 03:59:30,659] {processor.py:651} INFO - DAG(s) dict_keys(['example_branch_datetime_operator_2']) retrieved from /home/airflow/.local/lib/python3.7/site-packages/airflow/example_dags/example_branch_datetime_operator.py
[2022-05-13 03:59:30,675] {logging_mixin.py:115} INFO - [2022-05-13 03:59:30,675] {dag.py:2371} INFO - Sync 1 DAGs
[2022-05-13 03:59:30,689] {logging_mixin.py:115} INFO - [2022-05-13 03:59:30,689] {dag.py:2919} INFO - Setting next_dagrun for example_branch_datetime_operator_2 to 2022-05-12T00:00:00+00:00, run_after=2022-05-13T00:00:00+00:00
[2022-05-13 03:59:30,699] {processor.py:161} INFO - Processing /home/airflow/.local/lib/python3.7/site-packages/airflow/example_dags/example_branch_datetime_operator.py took 0.054 seconds
[2022-05-13 04:00:01,641] {processor.py:153} INFO - Started process (PID=457) to work on /home/airflow/.local/lib/python3.7/site-packages/airflow/example_dags/example_branch_datetime_operator.py
[2022-05-13 04:00:01,643] {processor.py:641} INFO - Processing file /home/airflow/.local/lib/python3.7/site-packages/airflow/example_dags/example_branch_datetime_operator.py for tasks to queue
[2022-05-13 04:00:01,644] {logging_mixin.py:115} INFO - [2022-05-13 04:00:01,644] {dagbag.py:507} INFO - Filling up the DagBag from /home/airflow/.local/lib/python3.7/site-packages/airflow/example_dags/example_branch_datetime_operator.py
[2022-05-13 04:00:01,650] {processor.py:651} INFO - DAG(s) dict_keys(['example_branch_datetime_operator_2']) retrieved from /home/airflow/.local/lib/python3.7/site-packages/airflow/example_dags/example_branch_datetime_operator.py
[2022-05-13 04:00:01,668] {logging_mixin.py:115} INFO - [2022-05-13 04:00:01,668] {dag.py:2371} INFO - Sync 1 DAGs
[2022-05-13 04:00:01,682] {logging_mixin.py:115} INFO - [2022-05-13 04:00:01,682] {dag.py:2919} INFO - Setting next_dagrun for example_branch_datetime_operator_2 to 2022-05-12T00:00:00+00:00, run_after=2022-05-13T00:00:00+00:00
[2022-05-13 04:00:01,690] {processor.py:161} INFO - Processing /home/airflow/.local/lib/python3.7/site-packages/airflow/example_dags/example_branch_datetime_operator.py took 0.051 seconds
[2022-05-13 04:00:32,559] {processor.py:153} INFO - Started process (PID=745) to work on /home/airflow/.local/lib/python3.7/site-packages/airflow/example_dags/example_branch_datetime_operator.py
[2022-05-13 04:00:32,561] {processor.py:641} INFO - Processing file /home/airflow/.local/lib/python3.7/site-packages/airflow/example_dags/example_branch_datetime_operator.py for tasks to queue
[2022-05-13 04:00:32,561] {logging_mixin.py:115} INFO - [2022-05-13 04:00:32,561] {dagbag.py:507} INFO - Filling up the DagBag from /home/airflow/.local/lib/python3.7/site-packages/airflow/example_dags/example_branch_datetime_operator.py
[2022-05-13 04:00:32,566] {processor.py:651} INFO - DAG(s) dict_keys(['example_branch_datetime_operator_2']) retrieved from /home/airflow/.local/lib/python3.7/site-packages/airflow/example_dags/example_branch_datetime_operator.py
[2022-05-13 04:00:32,583] {logging_mixin.py:115} INFO - [2022-05-13 04:00:32,583] {dag.py:2371} INFO - Sync 1 DAGs
[2022-05-13 04:00:32,597] {logging_mixin.py:115} INFO - [2022-05-13 04:00:32,597] {dag.py:2919} INFO - Setting next_dagrun for example_branch_datetime_operator_2 to 2022-05-12T00:00:00+00:00, run_after=2022-05-13T00:00:00+00:00
[2022-05-13 04:00:32,605] {processor.py:161} INFO - Processing /home/airflow/.local/lib/python3.7/site-packages/airflow/example_dags/example_branch_datetime_operator.py took 0.047 seconds
[2022-05-13 04:01:03,429] {processor.py:153} INFO - Started process (PID=1029) to work on /home/airflow/.local/lib/python3.7/site-packages/airflow/example_dags/example_branch_datetime_operator.py
[2022-05-13 04:01:03,430] {processor.py:641} INFO - Processing file /home/airflow/.local/lib/python3.7/site-packages/airflow/example_dags/example_branch_datetime_operator.py for tasks to queue
[2022-05-13 04:01:03,431] {logging_mixin.py:115} INFO - [2022-05-13 04:01:03,431] {dagbag.py:507} INFO - Filling up the DagBag from /home/airflow/.local/lib/python3.7/site-packages/airflow/example_dags/example_branch_datetime_operator.py
[2022-05-13 04:01:03,436] {processor.py:651} INFO - DAG(s) dict_keys(['example_branch_datetime_operator_2']) retrieved from /home/airflow/.local/lib/python3.7/site-packages/airflow/example_dags/example_branch_datetime_operator.py
[2022-05-13 04:01:03,453] {logging_mixin.py:115} INFO - [2022-05-13 04:01:03,453] {dag.py:2371} INFO - Sync 1 DAGs
[2022-05-13 04:01:03,470] {logging_mixin.py:115} INFO - [2022-05-13 04:01:03,470] {dag.py:2919} INFO - Setting next_dagrun for example_branch_datetime_operator_2 to 2022-05-12T00:00:00+00:00, run_after=2022-05-13T00:00:00+00:00
[2022-05-13 04:01:03,479] {processor.py:161} INFO - Processing /home/airflow/.local/lib/python3.7/site-packages/airflow/example_dags/example_branch_datetime_operator.py took 0.052 seconds
[2022-05-13 04:01:34,877] {processor.py:153} INFO - Started process (PID=1692) to work on /home/airflow/.local/lib/python3.7/site-packages/airflow/example_dags/example_branch_datetime_operator.py
[2022-05-13 04:01:34,878] {processor.py:641} INFO - Processing file /home/airflow/.local/lib/python3.7/site-packages/airflow/example_dags/example_branch_datetime_operator.py for tasks to queue
[2022-05-13 04:01:34,881] {logging_mixin.py:115} INFO - [2022-05-13 04:01:34,881] {dagbag.py:507} INFO - Filling up the DagBag from /home/airflow/.local/lib/python3.7/site-packages/airflow/example_dags/example_branch_datetime_operator.py
[2022-05-13 04:01:34,890] {processor.py:651} INFO - DAG(s) dict_keys(['example_branch_datetime_operator_2']) retrieved from /home/airflow/.local/lib/python3.7/site-packages/airflow/example_dags/example_branch_datetime_operator.py
[2022-05-13 04:01:34,915] {logging_mixin.py:115} INFO - [2022-05-13 04:01:34,915] {dag.py:2371} INFO - Sync 1 DAGs
[2022-05-13 04:01:34,934] {logging_mixin.py:115} INFO - [2022-05-13 04:01:34,934] {dag.py:2919} INFO - Setting next_dagrun for example_branch_datetime_operator_2 to 2022-05-12T00:00:00+00:00, run_after=2022-05-13T00:00:00+00:00
[2022-05-13 04:01:34,946] {processor.py:161} INFO - Processing /home/airflow/.local/lib/python3.7/site-packages/airflow/example_dags/example_branch_datetime_operator.py took 0.071 seconds
[2022-05-13 04:02:05,930] {processor.py:153} INFO - Started process (PID=1918) to work on /home/airflow/.local/lib/python3.7/site-packages/airflow/example_dags/example_branch_datetime_operator.py
[2022-05-13 04:02:05,948] {processor.py:641} INFO - Processing file /home/airflow/.local/lib/python3.7/site-packages/airflow/example_dags/example_branch_datetime_operator.py for tasks to queue
[2022-05-13 04:02:05,949] {logging_mixin.py:115} INFO - [2022-05-13 04:02:05,949] {dagbag.py:507} INFO - Filling up the DagBag from /home/airflow/.local/lib/python3.7/site-packages/airflow/example_dags/example_branch_datetime_operator.py
[2022-05-13 04:02:05,955] {processor.py:651} INFO - DAG(s) dict_keys(['example_branch_datetime_operator_2']) retrieved from /home/airflow/.local/lib/python3.7/site-packages/airflow/example_dags/example_branch_datetime_operator.py
[2022-05-13 04:02:05,980] {logging_mixin.py:115} INFO - [2022-05-13 04:02:05,979] {dag.py:2371} INFO - Sync 1 DAGs
[2022-05-13 04:02:05,995] {logging_mixin.py:115} INFO - [2022-05-13 04:02:05,995] {dag.py:2919} INFO - Setting next_dagrun for example_branch_datetime_operator_2 to 2022-05-12T00:00:00+00:00, run_after=2022-05-13T00:00:00+00:00
[2022-05-13 04:02:06,003] {processor.py:161} INFO - Processing /home/airflow/.local/lib/python3.7/site-packages/airflow/example_dags/example_branch_datetime_operator.py took 0.074 seconds
[2022-05-13 04:02:36,098] {processor.py:153} INFO - Started process (PID=2187) to work on /home/airflow/.local/lib/python3.7/site-packages/airflow/example_dags/example_branch_datetime_operator.py
[2022-05-13 04:02:36,099] {processor.py:641} INFO - Processing file /home/airflow/.local/lib/python3.7/site-packages/airflow/example_dags/example_branch_datetime_operator.py for tasks to queue
[2022-05-13 04:02:36,100] {logging_mixin.py:115} INFO - [2022-05-13 04:02:36,100] {dagbag.py:507} INFO - Filling up the DagBag from /home/airflow/.local/lib/python3.7/site-packages/airflow/example_dags/example_branch_datetime_operator.py
[2022-05-13 04:02:36,106] {processor.py:651} INFO - DAG(s) dict_keys(['example_branch_datetime_operator_2']) retrieved from /home/airflow/.local/lib/python3.7/site-packages/airflow/example_dags/example_branch_datetime_operator.py
[2022-05-13 04:02:36,123] {logging_mixin.py:115} INFO - [2022-05-13 04:02:36,123] {dag.py:2371} INFO - Sync 1 DAGs
[2022-05-13 04:02:36,139] {logging_mixin.py:115} INFO - [2022-05-13 04:02:36,139] {dag.py:2919} INFO - Setting next_dagrun for example_branch_datetime_operator_2 to 2022-05-12T00:00:00+00:00, run_after=2022-05-13T00:00:00+00:00
[2022-05-13 04:02:36,148] {processor.py:161} INFO - Processing /home/airflow/.local/lib/python3.7/site-packages/airflow/example_dags/example_branch_datetime_operator.py took 0.052 seconds
[2022-05-13 04:03:06,566] {processor.py:153} INFO - Started process (PID=2573) to work on /home/airflow/.local/lib/python3.7/site-packages/airflow/example_dags/example_branch_datetime_operator.py
[2022-05-13 04:03:06,567] {processor.py:641} INFO - Processing file /home/airflow/.local/lib/python3.7/site-packages/airflow/example_dags/example_branch_datetime_operator.py for tasks to queue
[2022-05-13 04:03:06,568] {logging_mixin.py:115} INFO - [2022-05-13 04:03:06,568] {dagbag.py:507} INFO - Filling up the DagBag from /home/airflow/.local/lib/python3.7/site-packages/airflow/example_dags/example_branch_datetime_operator.py
[2022-05-13 04:03:06,576] {processor.py:651} INFO - DAG(s) dict_keys(['example_branch_datetime_operator_2']) retrieved from /home/airflow/.local/lib/python3.7/site-packages/airflow/example_dags/example_branch_datetime_operator.py
[2022-05-13 04:03:06,595] {logging_mixin.py:115} INFO - [2022-05-13 04:03:06,595] {dag.py:2371} INFO - Sync 1 DAGs
[2022-05-13 04:03:06,609] {logging_mixin.py:115} INFO - [2022-05-13 04:03:06,609] {dag.py:2919} INFO - Setting next_dagrun for example_branch_datetime_operator_2 to 2022-05-12T00:00:00+00:00, run_after=2022-05-13T00:00:00+00:00
[2022-05-13 04:03:06,616] {processor.py:161} INFO - Processing /home/airflow/.local/lib/python3.7/site-packages/airflow/example_dags/example_branch_datetime_operator.py took 0.053 seconds
[2022-05-13 04:03:37,633] {processor.py:153} INFO - Started process (PID=2811) to work on /home/airflow/.local/lib/python3.7/site-packages/airflow/example_dags/example_branch_datetime_operator.py
[2022-05-13 04:03:37,635] {processor.py:641} INFO - Processing file /home/airflow/.local/lib/python3.7/site-packages/airflow/example_dags/example_branch_datetime_operator.py for tasks to queue
[2022-05-13 04:03:37,636] {logging_mixin.py:115} INFO - [2022-05-13 04:03:37,636] {dagbag.py:507} INFO - Filling up the DagBag from /home/airflow/.local/lib/python3.7/site-packages/airflow/example_dags/example_branch_datetime_operator.py
[2022-05-13 04:03:37,642] {processor.py:651} INFO - DAG(s) dict_keys(['example_branch_datetime_operator_2']) retrieved from /home/airflow/.local/lib/python3.7/site-packages/airflow/example_dags/example_branch_datetime_operator.py
[2022-05-13 04:03:37,659] {logging_mixin.py:115} INFO - [2022-05-13 04:03:37,659] {dag.py:2371} INFO - Sync 1 DAGs
[2022-05-13 04:03:37,674] {logging_mixin.py:115} INFO - [2022-05-13 04:03:37,674] {dag.py:2919} INFO - Setting next_dagrun for example_branch_datetime_operator_2 to 2022-05-12T00:00:00+00:00, run_after=2022-05-13T00:00:00+00:00
[2022-05-13 04:03:37,681] {processor.py:161} INFO - Processing /home/airflow/.local/lib/python3.7/site-packages/airflow/example_dags/example_branch_datetime_operator.py took 0.050 seconds
