[2022-05-13 03:38:57,638] {processor.py:153} INFO - Started process (PID=226) to work on /home/airflow/.local/lib/python3.7/site-packages/airflow/example_dags/example_time_delta_sensor_async.py
[2022-05-13 03:38:57,640] {processor.py:641} INFO - Processing file /home/airflow/.local/lib/python3.7/site-packages/airflow/example_dags/example_time_delta_sensor_async.py for tasks to queue
[2022-05-13 03:38:57,642] {logging_mixin.py:115} INFO - [2022-05-13 03:38:57,641] {dagbag.py:507} INFO - Filling up the DagBag from /home/airflow/.local/lib/python3.7/site-packages/airflow/example_dags/example_time_delta_sensor_async.py
[2022-05-13 03:38:57,646] {processor.py:651} INFO - DAG(s) dict_keys(['example_time_delta_sensor_async']) retrieved from /home/airflow/.local/lib/python3.7/site-packages/airflow/example_dags/example_time_delta_sensor_async.py
[2022-05-13 03:38:57,709] {logging_mixin.py:115} INFO - [2022-05-13 03:38:57,709] {dag.py:2371} INFO - Sync 1 DAGs
[2022-05-13 03:38:57,753] {logging_mixin.py:115} INFO - [2022-05-13 03:38:57,753] {dag.py:2919} INFO - Setting next_dagrun for example_time_delta_sensor_async to None, run_after=None
[2022-05-13 03:38:57,776] {processor.py:161} INFO - Processing /home/airflow/.local/lib/python3.7/site-packages/airflow/example_dags/example_time_delta_sensor_async.py took 0.142 seconds
[2022-05-13 03:39:28,168] {processor.py:153} INFO - Started process (PID=506) to work on /home/airflow/.local/lib/python3.7/site-packages/airflow/example_dags/example_time_delta_sensor_async.py
[2022-05-13 03:39:28,171] {processor.py:641} INFO - Processing file /home/airflow/.local/lib/python3.7/site-packages/airflow/example_dags/example_time_delta_sensor_async.py for tasks to queue
[2022-05-13 03:39:28,175] {logging_mixin.py:115} INFO - [2022-05-13 03:39:28,175] {dagbag.py:507} INFO - Filling up the DagBag from /home/airflow/.local/lib/python3.7/site-packages/airflow/example_dags/example_time_delta_sensor_async.py
[2022-05-13 03:39:28,187] {processor.py:651} INFO - DAG(s) dict_keys(['example_time_delta_sensor_async']) retrieved from /home/airflow/.local/lib/python3.7/site-packages/airflow/example_dags/example_time_delta_sensor_async.py
[2022-05-13 03:39:28,315] {logging_mixin.py:115} INFO - [2022-05-13 03:39:28,315] {dag.py:2371} INFO - Sync 1 DAGs
[2022-05-13 03:39:28,336] {logging_mixin.py:115} INFO - [2022-05-13 03:39:28,336] {dag.py:2919} INFO - Setting next_dagrun for example_time_delta_sensor_async to None, run_after=None
[2022-05-13 03:39:28,345] {processor.py:161} INFO - Processing /home/airflow/.local/lib/python3.7/site-packages/airflow/example_dags/example_time_delta_sensor_async.py took 0.180 seconds
[2022-05-13 03:39:59,263] {processor.py:153} INFO - Started process (PID=893) to work on /home/airflow/.local/lib/python3.7/site-packages/airflow/example_dags/example_time_delta_sensor_async.py
[2022-05-13 03:39:59,264] {processor.py:641} INFO - Processing file /home/airflow/.local/lib/python3.7/site-packages/airflow/example_dags/example_time_delta_sensor_async.py for tasks to queue
[2022-05-13 03:39:59,266] {logging_mixin.py:115} INFO - [2022-05-13 03:39:59,266] {dagbag.py:507} INFO - Filling up the DagBag from /home/airflow/.local/lib/python3.7/site-packages/airflow/example_dags/example_time_delta_sensor_async.py
[2022-05-13 03:39:59,274] {processor.py:651} INFO - DAG(s) dict_keys(['example_time_delta_sensor_async']) retrieved from /home/airflow/.local/lib/python3.7/site-packages/airflow/example_dags/example_time_delta_sensor_async.py
[2022-05-13 03:39:59,309] {logging_mixin.py:115} INFO - [2022-05-13 03:39:59,309] {dag.py:2371} INFO - Sync 1 DAGs
[2022-05-13 03:39:59,322] {logging_mixin.py:115} INFO - [2022-05-13 03:39:59,322] {dag.py:2919} INFO - Setting next_dagrun for example_time_delta_sensor_async to None, run_after=None
[2022-05-13 03:39:59,330] {processor.py:161} INFO - Processing /home/airflow/.local/lib/python3.7/site-packages/airflow/example_dags/example_time_delta_sensor_async.py took 0.071 seconds
[2022-05-13 03:40:29,478] {processor.py:153} INFO - Started process (PID=1113) to work on /home/airflow/.local/lib/python3.7/site-packages/airflow/example_dags/example_time_delta_sensor_async.py
[2022-05-13 03:40:29,489] {processor.py:641} INFO - Processing file /home/airflow/.local/lib/python3.7/site-packages/airflow/example_dags/example_time_delta_sensor_async.py for tasks to queue
[2022-05-13 03:40:29,492] {logging_mixin.py:115} INFO - [2022-05-13 03:40:29,491] {dagbag.py:507} INFO - Filling up the DagBag from /home/airflow/.local/lib/python3.7/site-packages/airflow/example_dags/example_time_delta_sensor_async.py
[2022-05-13 03:40:29,497] {processor.py:651} INFO - DAG(s) dict_keys(['example_time_delta_sensor_async']) retrieved from /home/airflow/.local/lib/python3.7/site-packages/airflow/example_dags/example_time_delta_sensor_async.py
[2022-05-13 03:40:29,529] {logging_mixin.py:115} INFO - [2022-05-13 03:40:29,529] {dag.py:2371} INFO - Sync 1 DAGs
[2022-05-13 03:40:29,544] {logging_mixin.py:115} INFO - [2022-05-13 03:40:29,544] {dag.py:2919} INFO - Setting next_dagrun for example_time_delta_sensor_async to None, run_after=None
[2022-05-13 03:40:29,554] {processor.py:161} INFO - Processing /home/airflow/.local/lib/python3.7/site-packages/airflow/example_dags/example_time_delta_sensor_async.py took 0.078 seconds
[2022-05-13 03:40:59,605] {processor.py:153} INFO - Started process (PID=1537) to work on /home/airflow/.local/lib/python3.7/site-packages/airflow/example_dags/example_time_delta_sensor_async.py
[2022-05-13 03:40:59,606] {processor.py:641} INFO - Processing file /home/airflow/.local/lib/python3.7/site-packages/airflow/example_dags/example_time_delta_sensor_async.py for tasks to queue
[2022-05-13 03:40:59,607] {logging_mixin.py:115} INFO - [2022-05-13 03:40:59,607] {dagbag.py:507} INFO - Filling up the DagBag from /home/airflow/.local/lib/python3.7/site-packages/airflow/example_dags/example_time_delta_sensor_async.py
[2022-05-13 03:40:59,612] {processor.py:651} INFO - DAG(s) dict_keys(['example_time_delta_sensor_async']) retrieved from /home/airflow/.local/lib/python3.7/site-packages/airflow/example_dags/example_time_delta_sensor_async.py
[2022-05-13 03:40:59,746] {logging_mixin.py:115} INFO - [2022-05-13 03:40:59,746] {dag.py:2371} INFO - Sync 1 DAGs
[2022-05-13 03:40:59,760] {logging_mixin.py:115} INFO - [2022-05-13 03:40:59,760] {dag.py:2919} INFO - Setting next_dagrun for example_time_delta_sensor_async to None, run_after=None
[2022-05-13 03:40:59,769] {processor.py:161} INFO - Processing /home/airflow/.local/lib/python3.7/site-packages/airflow/example_dags/example_time_delta_sensor_async.py took 0.165 seconds
[2022-05-13 03:41:29,795] {processor.py:153} INFO - Started process (PID=1754) to work on /home/airflow/.local/lib/python3.7/site-packages/airflow/example_dags/example_time_delta_sensor_async.py
[2022-05-13 03:41:29,797] {processor.py:641} INFO - Processing file /home/airflow/.local/lib/python3.7/site-packages/airflow/example_dags/example_time_delta_sensor_async.py for tasks to queue
[2022-05-13 03:41:29,798] {logging_mixin.py:115} INFO - [2022-05-13 03:41:29,798] {dagbag.py:507} INFO - Filling up the DagBag from /home/airflow/.local/lib/python3.7/site-packages/airflow/example_dags/example_time_delta_sensor_async.py
[2022-05-13 03:41:29,801] {processor.py:651} INFO - DAG(s) dict_keys(['example_time_delta_sensor_async']) retrieved from /home/airflow/.local/lib/python3.7/site-packages/airflow/example_dags/example_time_delta_sensor_async.py
[2022-05-13 03:41:29,831] {logging_mixin.py:115} INFO - [2022-05-13 03:41:29,831] {dag.py:2371} INFO - Sync 1 DAGs
[2022-05-13 03:41:29,845] {logging_mixin.py:115} INFO - [2022-05-13 03:41:29,845] {dag.py:2919} INFO - Setting next_dagrun for example_time_delta_sensor_async to None, run_after=None
[2022-05-13 03:41:29,854] {processor.py:161} INFO - Processing /home/airflow/.local/lib/python3.7/site-packages/airflow/example_dags/example_time_delta_sensor_async.py took 0.060 seconds
[2022-05-13 03:42:00,700] {processor.py:153} INFO - Started process (PID=1990) to work on /home/airflow/.local/lib/python3.7/site-packages/airflow/example_dags/example_time_delta_sensor_async.py
[2022-05-13 03:42:00,703] {processor.py:641} INFO - Processing file /home/airflow/.local/lib/python3.7/site-packages/airflow/example_dags/example_time_delta_sensor_async.py for tasks to queue
[2022-05-13 03:42:00,704] {logging_mixin.py:115} INFO - [2022-05-13 03:42:00,704] {dagbag.py:507} INFO - Filling up the DagBag from /home/airflow/.local/lib/python3.7/site-packages/airflow/example_dags/example_time_delta_sensor_async.py
[2022-05-13 03:42:00,708] {processor.py:651} INFO - DAG(s) dict_keys(['example_time_delta_sensor_async']) retrieved from /home/airflow/.local/lib/python3.7/site-packages/airflow/example_dags/example_time_delta_sensor_async.py
[2022-05-13 03:42:00,736] {logging_mixin.py:115} INFO - [2022-05-13 03:42:00,736] {dag.py:2371} INFO - Sync 1 DAGs
[2022-05-13 03:42:00,751] {logging_mixin.py:115} INFO - [2022-05-13 03:42:00,751] {dag.py:2919} INFO - Setting next_dagrun for example_time_delta_sensor_async to None, run_after=None
[2022-05-13 03:42:00,758] {processor.py:161} INFO - Processing /home/airflow/.local/lib/python3.7/site-packages/airflow/example_dags/example_time_delta_sensor_async.py took 0.060 seconds
[2022-05-13 03:42:31,701] {processor.py:153} INFO - Started process (PID=2205) to work on /home/airflow/.local/lib/python3.7/site-packages/airflow/example_dags/example_time_delta_sensor_async.py
[2022-05-13 03:42:31,702] {processor.py:641} INFO - Processing file /home/airflow/.local/lib/python3.7/site-packages/airflow/example_dags/example_time_delta_sensor_async.py for tasks to queue
[2022-05-13 03:42:31,703] {logging_mixin.py:115} INFO - [2022-05-13 03:42:31,703] {dagbag.py:507} INFO - Filling up the DagBag from /home/airflow/.local/lib/python3.7/site-packages/airflow/example_dags/example_time_delta_sensor_async.py
[2022-05-13 03:42:31,708] {processor.py:651} INFO - DAG(s) dict_keys(['example_time_delta_sensor_async']) retrieved from /home/airflow/.local/lib/python3.7/site-packages/airflow/example_dags/example_time_delta_sensor_async.py
[2022-05-13 03:42:31,735] {logging_mixin.py:115} INFO - [2022-05-13 03:42:31,735] {dag.py:2371} INFO - Sync 1 DAGs
[2022-05-13 03:42:31,749] {logging_mixin.py:115} INFO - [2022-05-13 03:42:31,749] {dag.py:2919} INFO - Setting next_dagrun for example_time_delta_sensor_async to None, run_after=None
[2022-05-13 03:42:31,758] {processor.py:161} INFO - Processing /home/airflow/.local/lib/python3.7/site-packages/airflow/example_dags/example_time_delta_sensor_async.py took 0.059 seconds
[2022-05-13 03:59:30,441] {processor.py:153} INFO - Started process (PID=222) to work on /home/airflow/.local/lib/python3.7/site-packages/airflow/example_dags/example_time_delta_sensor_async.py
[2022-05-13 03:59:30,442] {processor.py:641} INFO - Processing file /home/airflow/.local/lib/python3.7/site-packages/airflow/example_dags/example_time_delta_sensor_async.py for tasks to queue
[2022-05-13 03:59:30,443] {logging_mixin.py:115} INFO - [2022-05-13 03:59:30,443] {dagbag.py:507} INFO - Filling up the DagBag from /home/airflow/.local/lib/python3.7/site-packages/airflow/example_dags/example_time_delta_sensor_async.py
[2022-05-13 03:59:30,452] {processor.py:651} INFO - DAG(s) dict_keys(['example_time_delta_sensor_async']) retrieved from /home/airflow/.local/lib/python3.7/site-packages/airflow/example_dags/example_time_delta_sensor_async.py
[2022-05-13 03:59:30,477] {logging_mixin.py:115} INFO - [2022-05-13 03:59:30,477] {dag.py:2371} INFO - Sync 1 DAGs
[2022-05-13 03:59:30,499] {logging_mixin.py:115} INFO - [2022-05-13 03:59:30,498] {dag.py:2919} INFO - Setting next_dagrun for example_time_delta_sensor_async to None, run_after=None
[2022-05-13 03:59:30,511] {processor.py:161} INFO - Processing /home/airflow/.local/lib/python3.7/site-packages/airflow/example_dags/example_time_delta_sensor_async.py took 0.072 seconds
[2022-05-13 04:00:01,477] {processor.py:153} INFO - Started process (PID=437) to work on /home/airflow/.local/lib/python3.7/site-packages/airflow/example_dags/example_time_delta_sensor_async.py
[2022-05-13 04:00:01,478] {processor.py:641} INFO - Processing file /home/airflow/.local/lib/python3.7/site-packages/airflow/example_dags/example_time_delta_sensor_async.py for tasks to queue
[2022-05-13 04:00:01,480] {logging_mixin.py:115} INFO - [2022-05-13 04:00:01,480] {dagbag.py:507} INFO - Filling up the DagBag from /home/airflow/.local/lib/python3.7/site-packages/airflow/example_dags/example_time_delta_sensor_async.py
[2022-05-13 04:00:01,484] {processor.py:651} INFO - DAG(s) dict_keys(['example_time_delta_sensor_async']) retrieved from /home/airflow/.local/lib/python3.7/site-packages/airflow/example_dags/example_time_delta_sensor_async.py
[2022-05-13 04:00:01,516] {logging_mixin.py:115} INFO - [2022-05-13 04:00:01,516] {dag.py:2371} INFO - Sync 1 DAGs
[2022-05-13 04:00:01,530] {logging_mixin.py:115} INFO - [2022-05-13 04:00:01,530] {dag.py:2919} INFO - Setting next_dagrun for example_time_delta_sensor_async to None, run_after=None
[2022-05-13 04:00:01,538] {processor.py:161} INFO - Processing /home/airflow/.local/lib/python3.7/site-packages/airflow/example_dags/example_time_delta_sensor_async.py took 0.064 seconds
[2022-05-13 04:00:32,391] {processor.py:153} INFO - Started process (PID=725) to work on /home/airflow/.local/lib/python3.7/site-packages/airflow/example_dags/example_time_delta_sensor_async.py
[2022-05-13 04:00:32,420] {processor.py:641} INFO - Processing file /home/airflow/.local/lib/python3.7/site-packages/airflow/example_dags/example_time_delta_sensor_async.py for tasks to queue
[2022-05-13 04:00:32,422] {logging_mixin.py:115} INFO - [2022-05-13 04:00:32,422] {dagbag.py:507} INFO - Filling up the DagBag from /home/airflow/.local/lib/python3.7/site-packages/airflow/example_dags/example_time_delta_sensor_async.py
[2022-05-13 04:00:32,426] {processor.py:651} INFO - DAG(s) dict_keys(['example_time_delta_sensor_async']) retrieved from /home/airflow/.local/lib/python3.7/site-packages/airflow/example_dags/example_time_delta_sensor_async.py
[2022-05-13 04:00:32,452] {logging_mixin.py:115} INFO - [2022-05-13 04:00:32,452] {dag.py:2371} INFO - Sync 1 DAGs
[2022-05-13 04:00:32,463] {logging_mixin.py:115} INFO - [2022-05-13 04:00:32,463] {dag.py:2919} INFO - Setting next_dagrun for example_time_delta_sensor_async to None, run_after=None
[2022-05-13 04:00:32,470] {processor.py:161} INFO - Processing /home/airflow/.local/lib/python3.7/site-packages/airflow/example_dags/example_time_delta_sensor_async.py took 0.081 seconds
[2022-05-13 04:01:03,268] {processor.py:153} INFO - Started process (PID=1009) to work on /home/airflow/.local/lib/python3.7/site-packages/airflow/example_dags/example_time_delta_sensor_async.py
[2022-05-13 04:01:03,269] {processor.py:641} INFO - Processing file /home/airflow/.local/lib/python3.7/site-packages/airflow/example_dags/example_time_delta_sensor_async.py for tasks to queue
[2022-05-13 04:01:03,270] {logging_mixin.py:115} INFO - [2022-05-13 04:01:03,270] {dagbag.py:507} INFO - Filling up the DagBag from /home/airflow/.local/lib/python3.7/site-packages/airflow/example_dags/example_time_delta_sensor_async.py
[2022-05-13 04:01:03,274] {processor.py:651} INFO - DAG(s) dict_keys(['example_time_delta_sensor_async']) retrieved from /home/airflow/.local/lib/python3.7/site-packages/airflow/example_dags/example_time_delta_sensor_async.py
[2022-05-13 04:01:03,298] {logging_mixin.py:115} INFO - [2022-05-13 04:01:03,298] {dag.py:2371} INFO - Sync 1 DAGs
[2022-05-13 04:01:03,312] {logging_mixin.py:115} INFO - [2022-05-13 04:01:03,312] {dag.py:2919} INFO - Setting next_dagrun for example_time_delta_sensor_async to None, run_after=None
[2022-05-13 04:01:03,320] {processor.py:161} INFO - Processing /home/airflow/.local/lib/python3.7/site-packages/airflow/example_dags/example_time_delta_sensor_async.py took 0.054 seconds
[2022-05-13 04:01:34,562] {processor.py:153} INFO - Started process (PID=1672) to work on /home/airflow/.local/lib/python3.7/site-packages/airflow/example_dags/example_time_delta_sensor_async.py
[2022-05-13 04:01:34,563] {processor.py:641} INFO - Processing file /home/airflow/.local/lib/python3.7/site-packages/airflow/example_dags/example_time_delta_sensor_async.py for tasks to queue
[2022-05-13 04:01:34,565] {logging_mixin.py:115} INFO - [2022-05-13 04:01:34,565] {dagbag.py:507} INFO - Filling up the DagBag from /home/airflow/.local/lib/python3.7/site-packages/airflow/example_dags/example_time_delta_sensor_async.py
[2022-05-13 04:01:34,574] {processor.py:651} INFO - DAG(s) dict_keys(['example_time_delta_sensor_async']) retrieved from /home/airflow/.local/lib/python3.7/site-packages/airflow/example_dags/example_time_delta_sensor_async.py
[2022-05-13 04:01:34,792] {logging_mixin.py:115} INFO - [2022-05-13 04:01:34,792] {dag.py:2371} INFO - Sync 1 DAGs
[2022-05-13 04:01:34,826] {logging_mixin.py:115} INFO - [2022-05-13 04:01:34,826] {dag.py:2919} INFO - Setting next_dagrun for example_time_delta_sensor_async to None, run_after=None
[2022-05-13 04:01:34,840] {processor.py:161} INFO - Processing /home/airflow/.local/lib/python3.7/site-packages/airflow/example_dags/example_time_delta_sensor_async.py took 0.280 seconds
[2022-05-13 04:02:05,718] {processor.py:153} INFO - Started process (PID=1900) to work on /home/airflow/.local/lib/python3.7/site-packages/airflow/example_dags/example_time_delta_sensor_async.py
[2022-05-13 04:02:05,720] {processor.py:641} INFO - Processing file /home/airflow/.local/lib/python3.7/site-packages/airflow/example_dags/example_time_delta_sensor_async.py for tasks to queue
[2022-05-13 04:02:05,722] {logging_mixin.py:115} INFO - [2022-05-13 04:02:05,722] {dagbag.py:507} INFO - Filling up the DagBag from /home/airflow/.local/lib/python3.7/site-packages/airflow/example_dags/example_time_delta_sensor_async.py
[2022-05-13 04:02:05,729] {processor.py:651} INFO - DAG(s) dict_keys(['example_time_delta_sensor_async']) retrieved from /home/airflow/.local/lib/python3.7/site-packages/airflow/example_dags/example_time_delta_sensor_async.py
[2022-05-13 04:02:05,777] {logging_mixin.py:115} INFO - [2022-05-13 04:02:05,777] {dag.py:2371} INFO - Sync 1 DAGs
[2022-05-13 04:02:05,791] {logging_mixin.py:115} INFO - [2022-05-13 04:02:05,791] {dag.py:2919} INFO - Setting next_dagrun for example_time_delta_sensor_async to None, run_after=None
[2022-05-13 04:02:05,801] {processor.py:161} INFO - Processing /home/airflow/.local/lib/python3.7/site-packages/airflow/example_dags/example_time_delta_sensor_async.py took 0.089 seconds
[2022-05-13 04:02:35,899] {processor.py:153} INFO - Started process (PID=2167) to work on /home/airflow/.local/lib/python3.7/site-packages/airflow/example_dags/example_time_delta_sensor_async.py
[2022-05-13 04:02:35,900] {processor.py:641} INFO - Processing file /home/airflow/.local/lib/python3.7/site-packages/airflow/example_dags/example_time_delta_sensor_async.py for tasks to queue
[2022-05-13 04:02:35,902] {logging_mixin.py:115} INFO - [2022-05-13 04:02:35,902] {dagbag.py:507} INFO - Filling up the DagBag from /home/airflow/.local/lib/python3.7/site-packages/airflow/example_dags/example_time_delta_sensor_async.py
[2022-05-13 04:02:35,908] {processor.py:651} INFO - DAG(s) dict_keys(['example_time_delta_sensor_async']) retrieved from /home/airflow/.local/lib/python3.7/site-packages/airflow/example_dags/example_time_delta_sensor_async.py
[2022-05-13 04:02:35,936] {logging_mixin.py:115} INFO - [2022-05-13 04:02:35,936] {dag.py:2371} INFO - Sync 1 DAGs
[2022-05-13 04:02:35,953] {logging_mixin.py:115} INFO - [2022-05-13 04:02:35,953] {dag.py:2919} INFO - Setting next_dagrun for example_time_delta_sensor_async to None, run_after=None
[2022-05-13 04:02:35,964] {processor.py:161} INFO - Processing /home/airflow/.local/lib/python3.7/site-packages/airflow/example_dags/example_time_delta_sensor_async.py took 0.067 seconds
[2022-05-13 04:03:06,374] {processor.py:153} INFO - Started process (PID=2555) to work on /home/airflow/.local/lib/python3.7/site-packages/airflow/example_dags/example_time_delta_sensor_async.py
[2022-05-13 04:03:06,375] {processor.py:641} INFO - Processing file /home/airflow/.local/lib/python3.7/site-packages/airflow/example_dags/example_time_delta_sensor_async.py for tasks to queue
[2022-05-13 04:03:06,377] {logging_mixin.py:115} INFO - [2022-05-13 04:03:06,377] {dagbag.py:507} INFO - Filling up the DagBag from /home/airflow/.local/lib/python3.7/site-packages/airflow/example_dags/example_time_delta_sensor_async.py
[2022-05-13 04:03:06,385] {processor.py:651} INFO - DAG(s) dict_keys(['example_time_delta_sensor_async']) retrieved from /home/airflow/.local/lib/python3.7/site-packages/airflow/example_dags/example_time_delta_sensor_async.py
[2022-05-13 04:03:06,428] {logging_mixin.py:115} INFO - [2022-05-13 04:03:06,428] {dag.py:2371} INFO - Sync 1 DAGs
[2022-05-13 04:03:06,444] {logging_mixin.py:115} INFO - [2022-05-13 04:03:06,443] {dag.py:2919} INFO - Setting next_dagrun for example_time_delta_sensor_async to None, run_after=None
[2022-05-13 04:03:06,455] {processor.py:161} INFO - Processing /home/airflow/.local/lib/python3.7/site-packages/airflow/example_dags/example_time_delta_sensor_async.py took 0.084 seconds
[2022-05-13 04:03:37,464] {processor.py:153} INFO - Started process (PID=2791) to work on /home/airflow/.local/lib/python3.7/site-packages/airflow/example_dags/example_time_delta_sensor_async.py
[2022-05-13 04:03:37,465] {processor.py:641} INFO - Processing file /home/airflow/.local/lib/python3.7/site-packages/airflow/example_dags/example_time_delta_sensor_async.py for tasks to queue
[2022-05-13 04:03:37,466] {logging_mixin.py:115} INFO - [2022-05-13 04:03:37,466] {dagbag.py:507} INFO - Filling up the DagBag from /home/airflow/.local/lib/python3.7/site-packages/airflow/example_dags/example_time_delta_sensor_async.py
[2022-05-13 04:03:37,470] {processor.py:651} INFO - DAG(s) dict_keys(['example_time_delta_sensor_async']) retrieved from /home/airflow/.local/lib/python3.7/site-packages/airflow/example_dags/example_time_delta_sensor_async.py
[2022-05-13 04:03:37,501] {logging_mixin.py:115} INFO - [2022-05-13 04:03:37,501] {dag.py:2371} INFO - Sync 1 DAGs
[2022-05-13 04:03:37,515] {logging_mixin.py:115} INFO - [2022-05-13 04:03:37,515] {dag.py:2919} INFO - Setting next_dagrun for example_time_delta_sensor_async to None, run_after=None
[2022-05-13 04:03:37,523] {processor.py:161} INFO - Processing /home/airflow/.local/lib/python3.7/site-packages/airflow/example_dags/example_time_delta_sensor_async.py took 0.061 seconds
[2022-05-13 06:14:12,364] {processor.py:153} INFO - Started process (PID=218) to work on /home/airflow/.local/lib/python3.7/site-packages/airflow/example_dags/example_time_delta_sensor_async.py
[2022-05-13 06:14:12,365] {processor.py:641} INFO - Processing file /home/airflow/.local/lib/python3.7/site-packages/airflow/example_dags/example_time_delta_sensor_async.py for tasks to queue
[2022-05-13 06:14:12,366] {logging_mixin.py:115} INFO - [2022-05-13 06:14:12,366] {dagbag.py:507} INFO - Filling up the DagBag from /home/airflow/.local/lib/python3.7/site-packages/airflow/example_dags/example_time_delta_sensor_async.py
[2022-05-13 06:14:12,372] {processor.py:651} INFO - DAG(s) dict_keys(['example_time_delta_sensor_async']) retrieved from /home/airflow/.local/lib/python3.7/site-packages/airflow/example_dags/example_time_delta_sensor_async.py
[2022-05-13 06:14:12,396] {logging_mixin.py:115} INFO - [2022-05-13 06:14:12,396] {dag.py:2371} INFO - Sync 1 DAGs
[2022-05-13 06:14:12,411] {logging_mixin.py:115} INFO - [2022-05-13 06:14:12,411] {dag.py:2919} INFO - Setting next_dagrun for example_time_delta_sensor_async to None, run_after=None
[2022-05-13 06:14:12,419] {processor.py:161} INFO - Processing /home/airflow/.local/lib/python3.7/site-packages/airflow/example_dags/example_time_delta_sensor_async.py took 0.057 seconds
[2022-05-13 06:14:43,276] {processor.py:153} INFO - Started process (PID=500) to work on /home/airflow/.local/lib/python3.7/site-packages/airflow/example_dags/example_time_delta_sensor_async.py
[2022-05-13 06:14:43,278] {processor.py:641} INFO - Processing file /home/airflow/.local/lib/python3.7/site-packages/airflow/example_dags/example_time_delta_sensor_async.py for tasks to queue
[2022-05-13 06:14:43,279] {logging_mixin.py:115} INFO - [2022-05-13 06:14:43,279] {dagbag.py:507} INFO - Filling up the DagBag from /home/airflow/.local/lib/python3.7/site-packages/airflow/example_dags/example_time_delta_sensor_async.py
[2022-05-13 06:14:43,285] {processor.py:651} INFO - DAG(s) dict_keys(['example_time_delta_sensor_async']) retrieved from /home/airflow/.local/lib/python3.7/site-packages/airflow/example_dags/example_time_delta_sensor_async.py
[2022-05-13 06:14:43,311] {logging_mixin.py:115} INFO - [2022-05-13 06:14:43,311] {dag.py:2371} INFO - Sync 1 DAGs
[2022-05-13 06:14:43,326] {logging_mixin.py:115} INFO - [2022-05-13 06:14:43,326] {dag.py:2919} INFO - Setting next_dagrun for example_time_delta_sensor_async to None, run_after=None
[2022-05-13 06:14:43,333] {processor.py:161} INFO - Processing /home/airflow/.local/lib/python3.7/site-packages/airflow/example_dags/example_time_delta_sensor_async.py took 0.059 seconds
[2022-05-13 06:15:14,301] {processor.py:153} INFO - Started process (PID=720) to work on /home/airflow/.local/lib/python3.7/site-packages/airflow/example_dags/example_time_delta_sensor_async.py
[2022-05-13 06:15:14,303] {processor.py:641} INFO - Processing file /home/airflow/.local/lib/python3.7/site-packages/airflow/example_dags/example_time_delta_sensor_async.py for tasks to queue
[2022-05-13 06:15:14,304] {logging_mixin.py:115} INFO - [2022-05-13 06:15:14,304] {dagbag.py:507} INFO - Filling up the DagBag from /home/airflow/.local/lib/python3.7/site-packages/airflow/example_dags/example_time_delta_sensor_async.py
[2022-05-13 06:15:14,311] {processor.py:651} INFO - DAG(s) dict_keys(['example_time_delta_sensor_async']) retrieved from /home/airflow/.local/lib/python3.7/site-packages/airflow/example_dags/example_time_delta_sensor_async.py
[2022-05-13 06:15:14,344] {logging_mixin.py:115} INFO - [2022-05-13 06:15:14,344] {dag.py:2371} INFO - Sync 1 DAGs
[2022-05-13 06:15:14,361] {logging_mixin.py:115} INFO - [2022-05-13 06:15:14,361] {dag.py:2919} INFO - Setting next_dagrun for example_time_delta_sensor_async to None, run_after=None
[2022-05-13 06:15:14,381] {processor.py:161} INFO - Processing /home/airflow/.local/lib/python3.7/site-packages/airflow/example_dags/example_time_delta_sensor_async.py took 0.082 seconds
[2022-05-13 06:15:45,217] {processor.py:153} INFO - Started process (PID=1104) to work on /home/airflow/.local/lib/python3.7/site-packages/airflow/example_dags/example_time_delta_sensor_async.py
[2022-05-13 06:15:45,219] {processor.py:641} INFO - Processing file /home/airflow/.local/lib/python3.7/site-packages/airflow/example_dags/example_time_delta_sensor_async.py for tasks to queue
[2022-05-13 06:15:45,221] {logging_mixin.py:115} INFO - [2022-05-13 06:15:45,221] {dagbag.py:507} INFO - Filling up the DagBag from /home/airflow/.local/lib/python3.7/site-packages/airflow/example_dags/example_time_delta_sensor_async.py
[2022-05-13 06:15:45,226] {processor.py:651} INFO - DAG(s) dict_keys(['example_time_delta_sensor_async']) retrieved from /home/airflow/.local/lib/python3.7/site-packages/airflow/example_dags/example_time_delta_sensor_async.py
[2022-05-13 06:15:45,265] {logging_mixin.py:115} INFO - [2022-05-13 06:15:45,265] {dag.py:2371} INFO - Sync 1 DAGs
[2022-05-13 06:15:45,278] {logging_mixin.py:115} INFO - [2022-05-13 06:15:45,278] {dag.py:2919} INFO - Setting next_dagrun for example_time_delta_sensor_async to None, run_after=None
[2022-05-13 06:15:45,286] {processor.py:161} INFO - Processing /home/airflow/.local/lib/python3.7/site-packages/airflow/example_dags/example_time_delta_sensor_async.py took 0.072 seconds
[2022-05-13 06:16:16,327] {processor.py:153} INFO - Started process (PID=1343) to work on /home/airflow/.local/lib/python3.7/site-packages/airflow/example_dags/example_time_delta_sensor_async.py
[2022-05-13 06:16:16,330] {processor.py:641} INFO - Processing file /home/airflow/.local/lib/python3.7/site-packages/airflow/example_dags/example_time_delta_sensor_async.py for tasks to queue
[2022-05-13 06:16:16,332] {logging_mixin.py:115} INFO - [2022-05-13 06:16:16,332] {dagbag.py:507} INFO - Filling up the DagBag from /home/airflow/.local/lib/python3.7/site-packages/airflow/example_dags/example_time_delta_sensor_async.py
[2022-05-13 06:16:16,338] {processor.py:651} INFO - DAG(s) dict_keys(['example_time_delta_sensor_async']) retrieved from /home/airflow/.local/lib/python3.7/site-packages/airflow/example_dags/example_time_delta_sensor_async.py
[2022-05-13 06:16:16,388] {logging_mixin.py:115} INFO - [2022-05-13 06:16:16,388] {dag.py:2371} INFO - Sync 1 DAGs
[2022-05-13 06:16:16,404] {logging_mixin.py:115} INFO - [2022-05-13 06:16:16,404] {dag.py:2919} INFO - Setting next_dagrun for example_time_delta_sensor_async to None, run_after=None
[2022-05-13 06:16:16,414] {processor.py:161} INFO - Processing /home/airflow/.local/lib/python3.7/site-packages/airflow/example_dags/example_time_delta_sensor_async.py took 0.090 seconds
[2022-05-13 07:26:24,952] {processor.py:153} INFO - Started process (PID=218) to work on /home/airflow/.local/lib/python3.7/site-packages/airflow/example_dags/example_time_delta_sensor_async.py
[2022-05-13 07:26:24,955] {processor.py:641} INFO - Processing file /home/airflow/.local/lib/python3.7/site-packages/airflow/example_dags/example_time_delta_sensor_async.py for tasks to queue
[2022-05-13 07:26:24,956] {logging_mixin.py:115} INFO - [2022-05-13 07:26:24,956] {dagbag.py:507} INFO - Filling up the DagBag from /home/airflow/.local/lib/python3.7/site-packages/airflow/example_dags/example_time_delta_sensor_async.py
[2022-05-13 07:26:24,961] {processor.py:651} INFO - DAG(s) dict_keys(['example_time_delta_sensor_async']) retrieved from /home/airflow/.local/lib/python3.7/site-packages/airflow/example_dags/example_time_delta_sensor_async.py
[2022-05-13 07:26:25,003] {logging_mixin.py:115} INFO - [2022-05-13 07:26:25,003] {dag.py:2371} INFO - Sync 1 DAGs
[2022-05-13 07:26:25,020] {logging_mixin.py:115} INFO - [2022-05-13 07:26:25,020] {dag.py:2919} INFO - Setting next_dagrun for example_time_delta_sensor_async to None, run_after=None
[2022-05-13 07:26:25,030] {processor.py:161} INFO - Processing /home/airflow/.local/lib/python3.7/site-packages/airflow/example_dags/example_time_delta_sensor_async.py took 0.083 seconds
[2022-05-13 07:26:55,798] {processor.py:153} INFO - Started process (PID=435) to work on /home/airflow/.local/lib/python3.7/site-packages/airflow/example_dags/example_time_delta_sensor_async.py
[2022-05-13 07:26:55,800] {processor.py:641} INFO - Processing file /home/airflow/.local/lib/python3.7/site-packages/airflow/example_dags/example_time_delta_sensor_async.py for tasks to queue
[2022-05-13 07:26:55,801] {logging_mixin.py:115} INFO - [2022-05-13 07:26:55,801] {dagbag.py:507} INFO - Filling up the DagBag from /home/airflow/.local/lib/python3.7/site-packages/airflow/example_dags/example_time_delta_sensor_async.py
[2022-05-13 07:26:55,804] {processor.py:651} INFO - DAG(s) dict_keys(['example_time_delta_sensor_async']) retrieved from /home/airflow/.local/lib/python3.7/site-packages/airflow/example_dags/example_time_delta_sensor_async.py
[2022-05-13 07:26:55,833] {logging_mixin.py:115} INFO - [2022-05-13 07:26:55,833] {dag.py:2371} INFO - Sync 1 DAGs
[2022-05-13 07:26:55,846] {logging_mixin.py:115} INFO - [2022-05-13 07:26:55,846] {dag.py:2919} INFO - Setting next_dagrun for example_time_delta_sensor_async to None, run_after=None
[2022-05-13 07:26:55,855] {processor.py:161} INFO - Processing /home/airflow/.local/lib/python3.7/site-packages/airflow/example_dags/example_time_delta_sensor_async.py took 0.059 seconds
[2022-05-13 07:27:26,761] {processor.py:153} INFO - Started process (PID=664) to work on /home/airflow/.local/lib/python3.7/site-packages/airflow/example_dags/example_time_delta_sensor_async.py
[2022-05-13 07:27:26,762] {processor.py:641} INFO - Processing file /home/airflow/.local/lib/python3.7/site-packages/airflow/example_dags/example_time_delta_sensor_async.py for tasks to queue
[2022-05-13 07:27:26,763] {logging_mixin.py:115} INFO - [2022-05-13 07:27:26,763] {dagbag.py:507} INFO - Filling up the DagBag from /home/airflow/.local/lib/python3.7/site-packages/airflow/example_dags/example_time_delta_sensor_async.py
[2022-05-13 07:27:26,767] {processor.py:651} INFO - DAG(s) dict_keys(['example_time_delta_sensor_async']) retrieved from /home/airflow/.local/lib/python3.7/site-packages/airflow/example_dags/example_time_delta_sensor_async.py
[2022-05-13 07:27:26,813] {logging_mixin.py:115} INFO - [2022-05-13 07:27:26,813] {dag.py:2371} INFO - Sync 1 DAGs
[2022-05-13 07:27:26,831] {logging_mixin.py:115} INFO - [2022-05-13 07:27:26,831] {dag.py:2919} INFO - Setting next_dagrun for example_time_delta_sensor_async to None, run_after=None
[2022-05-13 07:27:26,841] {processor.py:161} INFO - Processing /home/airflow/.local/lib/python3.7/site-packages/airflow/example_dags/example_time_delta_sensor_async.py took 0.083 seconds
[2022-05-13 07:27:57,071] {processor.py:153} INFO - Started process (PID=939) to work on /home/airflow/.local/lib/python3.7/site-packages/airflow/example_dags/example_time_delta_sensor_async.py
[2022-05-13 07:27:57,073] {processor.py:641} INFO - Processing file /home/airflow/.local/lib/python3.7/site-packages/airflow/example_dags/example_time_delta_sensor_async.py for tasks to queue
[2022-05-13 07:27:57,074] {logging_mixin.py:115} INFO - [2022-05-13 07:27:57,074] {dagbag.py:507} INFO - Filling up the DagBag from /home/airflow/.local/lib/python3.7/site-packages/airflow/example_dags/example_time_delta_sensor_async.py
[2022-05-13 07:27:57,077] {processor.py:651} INFO - DAG(s) dict_keys(['example_time_delta_sensor_async']) retrieved from /home/airflow/.local/lib/python3.7/site-packages/airflow/example_dags/example_time_delta_sensor_async.py
[2022-05-13 07:27:57,108] {logging_mixin.py:115} INFO - [2022-05-13 07:27:57,108] {dag.py:2371} INFO - Sync 1 DAGs
[2022-05-13 07:27:57,122] {logging_mixin.py:115} INFO - [2022-05-13 07:27:57,122] {dag.py:2919} INFO - Setting next_dagrun for example_time_delta_sensor_async to None, run_after=None
[2022-05-13 07:27:57,131] {processor.py:161} INFO - Processing /home/airflow/.local/lib/python3.7/site-packages/airflow/example_dags/example_time_delta_sensor_async.py took 0.062 seconds
[2022-05-13 07:28:28,024] {processor.py:153} INFO - Started process (PID=1314) to work on /home/airflow/.local/lib/python3.7/site-packages/airflow/example_dags/example_time_delta_sensor_async.py
[2022-05-13 07:28:28,026] {processor.py:641} INFO - Processing file /home/airflow/.local/lib/python3.7/site-packages/airflow/example_dags/example_time_delta_sensor_async.py for tasks to queue
[2022-05-13 07:28:28,027] {logging_mixin.py:115} INFO - [2022-05-13 07:28:28,026] {dagbag.py:507} INFO - Filling up the DagBag from /home/airflow/.local/lib/python3.7/site-packages/airflow/example_dags/example_time_delta_sensor_async.py
[2022-05-13 07:28:28,031] {processor.py:651} INFO - DAG(s) dict_keys(['example_time_delta_sensor_async']) retrieved from /home/airflow/.local/lib/python3.7/site-packages/airflow/example_dags/example_time_delta_sensor_async.py
[2022-05-13 07:28:28,058] {logging_mixin.py:115} INFO - [2022-05-13 07:28:28,058] {dag.py:2371} INFO - Sync 1 DAGs
[2022-05-13 07:28:28,071] {logging_mixin.py:115} INFO - [2022-05-13 07:28:28,071] {dag.py:2919} INFO - Setting next_dagrun for example_time_delta_sensor_async to None, run_after=None
[2022-05-13 07:28:28,080] {processor.py:161} INFO - Processing /home/airflow/.local/lib/python3.7/site-packages/airflow/example_dags/example_time_delta_sensor_async.py took 0.057 seconds
[2022-05-13 07:28:58,843] {processor.py:153} INFO - Started process (PID=1780) to work on /home/airflow/.local/lib/python3.7/site-packages/airflow/example_dags/example_time_delta_sensor_async.py
[2022-05-13 07:28:58,845] {processor.py:641} INFO - Processing file /home/airflow/.local/lib/python3.7/site-packages/airflow/example_dags/example_time_delta_sensor_async.py for tasks to queue
[2022-05-13 07:28:58,846] {logging_mixin.py:115} INFO - [2022-05-13 07:28:58,846] {dagbag.py:507} INFO - Filling up the DagBag from /home/airflow/.local/lib/python3.7/site-packages/airflow/example_dags/example_time_delta_sensor_async.py
[2022-05-13 07:28:58,851] {processor.py:651} INFO - DAG(s) dict_keys(['example_time_delta_sensor_async']) retrieved from /home/airflow/.local/lib/python3.7/site-packages/airflow/example_dags/example_time_delta_sensor_async.py
[2022-05-13 07:28:58,876] {logging_mixin.py:115} INFO - [2022-05-13 07:28:58,876] {dag.py:2371} INFO - Sync 1 DAGs
[2022-05-13 07:28:58,890] {logging_mixin.py:115} INFO - [2022-05-13 07:28:58,890] {dag.py:2919} INFO - Setting next_dagrun for example_time_delta_sensor_async to None, run_after=None
[2022-05-13 07:28:58,898] {processor.py:161} INFO - Processing /home/airflow/.local/lib/python3.7/site-packages/airflow/example_dags/example_time_delta_sensor_async.py took 0.056 seconds
[2022-05-13 07:29:29,682] {processor.py:153} INFO - Started process (PID=2002) to work on /home/airflow/.local/lib/python3.7/site-packages/airflow/example_dags/example_time_delta_sensor_async.py
[2022-05-13 07:29:29,683] {processor.py:641} INFO - Processing file /home/airflow/.local/lib/python3.7/site-packages/airflow/example_dags/example_time_delta_sensor_async.py for tasks to queue
[2022-05-13 07:29:29,684] {logging_mixin.py:115} INFO - [2022-05-13 07:29:29,684] {dagbag.py:507} INFO - Filling up the DagBag from /home/airflow/.local/lib/python3.7/site-packages/airflow/example_dags/example_time_delta_sensor_async.py
[2022-05-13 07:29:29,688] {processor.py:651} INFO - DAG(s) dict_keys(['example_time_delta_sensor_async']) retrieved from /home/airflow/.local/lib/python3.7/site-packages/airflow/example_dags/example_time_delta_sensor_async.py
[2022-05-13 07:29:29,715] {logging_mixin.py:115} INFO - [2022-05-13 07:29:29,715] {dag.py:2371} INFO - Sync 1 DAGs
[2022-05-13 07:29:29,729] {logging_mixin.py:115} INFO - [2022-05-13 07:29:29,729] {dag.py:2919} INFO - Setting next_dagrun for example_time_delta_sensor_async to None, run_after=None
[2022-05-13 07:29:29,736] {processor.py:161} INFO - Processing /home/airflow/.local/lib/python3.7/site-packages/airflow/example_dags/example_time_delta_sensor_async.py took 0.057 seconds
[2022-05-13 07:30:00,470] {processor.py:153} INFO - Started process (PID=2215) to work on /home/airflow/.local/lib/python3.7/site-packages/airflow/example_dags/example_time_delta_sensor_async.py
[2022-05-13 07:30:00,472] {processor.py:641} INFO - Processing file /home/airflow/.local/lib/python3.7/site-packages/airflow/example_dags/example_time_delta_sensor_async.py for tasks to queue
[2022-05-13 07:30:00,473] {logging_mixin.py:115} INFO - [2022-05-13 07:30:00,473] {dagbag.py:507} INFO - Filling up the DagBag from /home/airflow/.local/lib/python3.7/site-packages/airflow/example_dags/example_time_delta_sensor_async.py
[2022-05-13 07:30:00,477] {processor.py:651} INFO - DAG(s) dict_keys(['example_time_delta_sensor_async']) retrieved from /home/airflow/.local/lib/python3.7/site-packages/airflow/example_dags/example_time_delta_sensor_async.py
[2022-05-13 07:30:00,503] {logging_mixin.py:115} INFO - [2022-05-13 07:30:00,503] {dag.py:2371} INFO - Sync 1 DAGs
[2022-05-13 07:30:00,516] {logging_mixin.py:115} INFO - [2022-05-13 07:30:00,516] {dag.py:2919} INFO - Setting next_dagrun for example_time_delta_sensor_async to None, run_after=None
[2022-05-13 07:30:00,523] {processor.py:161} INFO - Processing /home/airflow/.local/lib/python3.7/site-packages/airflow/example_dags/example_time_delta_sensor_async.py took 0.056 seconds
[2022-05-13 07:30:31,264] {processor.py:153} INFO - Started process (PID=2453) to work on /home/airflow/.local/lib/python3.7/site-packages/airflow/example_dags/example_time_delta_sensor_async.py
[2022-05-13 07:30:31,265] {processor.py:641} INFO - Processing file /home/airflow/.local/lib/python3.7/site-packages/airflow/example_dags/example_time_delta_sensor_async.py for tasks to queue
[2022-05-13 07:30:31,266] {logging_mixin.py:115} INFO - [2022-05-13 07:30:31,266] {dagbag.py:507} INFO - Filling up the DagBag from /home/airflow/.local/lib/python3.7/site-packages/airflow/example_dags/example_time_delta_sensor_async.py
[2022-05-13 07:30:31,270] {processor.py:651} INFO - DAG(s) dict_keys(['example_time_delta_sensor_async']) retrieved from /home/airflow/.local/lib/python3.7/site-packages/airflow/example_dags/example_time_delta_sensor_async.py
[2022-05-13 07:30:31,295] {logging_mixin.py:115} INFO - [2022-05-13 07:30:31,295] {dag.py:2371} INFO - Sync 1 DAGs
[2022-05-13 07:30:31,309] {logging_mixin.py:115} INFO - [2022-05-13 07:30:31,308] {dag.py:2919} INFO - Setting next_dagrun for example_time_delta_sensor_async to None, run_after=None
[2022-05-13 07:30:31,316] {processor.py:161} INFO - Processing /home/airflow/.local/lib/python3.7/site-packages/airflow/example_dags/example_time_delta_sensor_async.py took 0.054 seconds
[2022-05-13 07:31:01,897] {processor.py:153} INFO - Started process (PID=2666) to work on /home/airflow/.local/lib/python3.7/site-packages/airflow/example_dags/example_time_delta_sensor_async.py
[2022-05-13 07:31:01,898] {processor.py:641} INFO - Processing file /home/airflow/.local/lib/python3.7/site-packages/airflow/example_dags/example_time_delta_sensor_async.py for tasks to queue
[2022-05-13 07:31:01,899] {logging_mixin.py:115} INFO - [2022-05-13 07:31:01,899] {dagbag.py:507} INFO - Filling up the DagBag from /home/airflow/.local/lib/python3.7/site-packages/airflow/example_dags/example_time_delta_sensor_async.py
[2022-05-13 07:31:01,903] {processor.py:651} INFO - DAG(s) dict_keys(['example_time_delta_sensor_async']) retrieved from /home/airflow/.local/lib/python3.7/site-packages/airflow/example_dags/example_time_delta_sensor_async.py
[2022-05-13 07:31:01,929] {logging_mixin.py:115} INFO - [2022-05-13 07:31:01,929] {dag.py:2371} INFO - Sync 1 DAGs
[2022-05-13 07:31:01,941] {logging_mixin.py:115} INFO - [2022-05-13 07:31:01,941] {dag.py:2919} INFO - Setting next_dagrun for example_time_delta_sensor_async to None, run_after=None
[2022-05-13 07:31:01,950] {processor.py:161} INFO - Processing /home/airflow/.local/lib/python3.7/site-packages/airflow/example_dags/example_time_delta_sensor_async.py took 0.056 seconds
[2022-05-13 07:31:32,665] {processor.py:153} INFO - Started process (PID=2881) to work on /home/airflow/.local/lib/python3.7/site-packages/airflow/example_dags/example_time_delta_sensor_async.py
[2022-05-13 07:31:32,666] {processor.py:641} INFO - Processing file /home/airflow/.local/lib/python3.7/site-packages/airflow/example_dags/example_time_delta_sensor_async.py for tasks to queue
[2022-05-13 07:31:32,667] {logging_mixin.py:115} INFO - [2022-05-13 07:31:32,667] {dagbag.py:507} INFO - Filling up the DagBag from /home/airflow/.local/lib/python3.7/site-packages/airflow/example_dags/example_time_delta_sensor_async.py
[2022-05-13 07:31:32,671] {processor.py:651} INFO - DAG(s) dict_keys(['example_time_delta_sensor_async']) retrieved from /home/airflow/.local/lib/python3.7/site-packages/airflow/example_dags/example_time_delta_sensor_async.py
[2022-05-13 07:31:32,694] {logging_mixin.py:115} INFO - [2022-05-13 07:31:32,694] {dag.py:2371} INFO - Sync 1 DAGs
[2022-05-13 07:31:32,708] {logging_mixin.py:115} INFO - [2022-05-13 07:31:32,707] {dag.py:2919} INFO - Setting next_dagrun for example_time_delta_sensor_async to None, run_after=None
[2022-05-13 07:31:32,716] {processor.py:161} INFO - Processing /home/airflow/.local/lib/python3.7/site-packages/airflow/example_dags/example_time_delta_sensor_async.py took 0.055 seconds
[2022-05-13 07:32:03,371] {processor.py:153} INFO - Started process (PID=3086) to work on /home/airflow/.local/lib/python3.7/site-packages/airflow/example_dags/example_time_delta_sensor_async.py
[2022-05-13 07:32:03,372] {processor.py:641} INFO - Processing file /home/airflow/.local/lib/python3.7/site-packages/airflow/example_dags/example_time_delta_sensor_async.py for tasks to queue
[2022-05-13 07:32:03,373] {logging_mixin.py:115} INFO - [2022-05-13 07:32:03,373] {dagbag.py:507} INFO - Filling up the DagBag from /home/airflow/.local/lib/python3.7/site-packages/airflow/example_dags/example_time_delta_sensor_async.py
[2022-05-13 07:32:03,377] {processor.py:651} INFO - DAG(s) dict_keys(['example_time_delta_sensor_async']) retrieved from /home/airflow/.local/lib/python3.7/site-packages/airflow/example_dags/example_time_delta_sensor_async.py
[2022-05-13 07:32:03,401] {logging_mixin.py:115} INFO - [2022-05-13 07:32:03,401] {dag.py:2371} INFO - Sync 1 DAGs
[2022-05-13 07:32:03,414] {logging_mixin.py:115} INFO - [2022-05-13 07:32:03,414] {dag.py:2919} INFO - Setting next_dagrun for example_time_delta_sensor_async to None, run_after=None
[2022-05-13 07:32:03,424] {processor.py:161} INFO - Processing /home/airflow/.local/lib/python3.7/site-packages/airflow/example_dags/example_time_delta_sensor_async.py took 0.055 seconds
[2022-05-13 07:32:34,195] {processor.py:153} INFO - Started process (PID=3303) to work on /home/airflow/.local/lib/python3.7/site-packages/airflow/example_dags/example_time_delta_sensor_async.py
[2022-05-13 07:32:34,197] {processor.py:641} INFO - Processing file /home/airflow/.local/lib/python3.7/site-packages/airflow/example_dags/example_time_delta_sensor_async.py for tasks to queue
[2022-05-13 07:32:34,198] {logging_mixin.py:115} INFO - [2022-05-13 07:32:34,198] {dagbag.py:507} INFO - Filling up the DagBag from /home/airflow/.local/lib/python3.7/site-packages/airflow/example_dags/example_time_delta_sensor_async.py
[2022-05-13 07:32:34,202] {processor.py:651} INFO - DAG(s) dict_keys(['example_time_delta_sensor_async']) retrieved from /home/airflow/.local/lib/python3.7/site-packages/airflow/example_dags/example_time_delta_sensor_async.py
[2022-05-13 07:32:34,226] {logging_mixin.py:115} INFO - [2022-05-13 07:32:34,226] {dag.py:2371} INFO - Sync 1 DAGs
[2022-05-13 07:32:34,239] {logging_mixin.py:115} INFO - [2022-05-13 07:32:34,238] {dag.py:2919} INFO - Setting next_dagrun for example_time_delta_sensor_async to None, run_after=None
[2022-05-13 07:32:34,246] {processor.py:161} INFO - Processing /home/airflow/.local/lib/python3.7/site-packages/airflow/example_dags/example_time_delta_sensor_async.py took 0.054 seconds
[2022-05-13 07:33:04,870] {processor.py:153} INFO - Started process (PID=3517) to work on /home/airflow/.local/lib/python3.7/site-packages/airflow/example_dags/example_time_delta_sensor_async.py
[2022-05-13 07:33:04,872] {processor.py:641} INFO - Processing file /home/airflow/.local/lib/python3.7/site-packages/airflow/example_dags/example_time_delta_sensor_async.py for tasks to queue
[2022-05-13 07:33:04,873] {logging_mixin.py:115} INFO - [2022-05-13 07:33:04,873] {dagbag.py:507} INFO - Filling up the DagBag from /home/airflow/.local/lib/python3.7/site-packages/airflow/example_dags/example_time_delta_sensor_async.py
[2022-05-13 07:33:04,877] {processor.py:651} INFO - DAG(s) dict_keys(['example_time_delta_sensor_async']) retrieved from /home/airflow/.local/lib/python3.7/site-packages/airflow/example_dags/example_time_delta_sensor_async.py
[2022-05-13 07:33:04,900] {logging_mixin.py:115} INFO - [2022-05-13 07:33:04,900] {dag.py:2371} INFO - Sync 1 DAGs
[2022-05-13 07:33:04,924] {logging_mixin.py:115} INFO - [2022-05-13 07:33:04,923] {dag.py:2919} INFO - Setting next_dagrun for example_time_delta_sensor_async to None, run_after=None
[2022-05-13 07:33:04,932] {processor.py:161} INFO - Processing /home/airflow/.local/lib/python3.7/site-packages/airflow/example_dags/example_time_delta_sensor_async.py took 0.064 seconds
[2022-05-13 07:33:35,561] {processor.py:153} INFO - Started process (PID=3734) to work on /home/airflow/.local/lib/python3.7/site-packages/airflow/example_dags/example_time_delta_sensor_async.py
[2022-05-13 07:33:35,562] {processor.py:641} INFO - Processing file /home/airflow/.local/lib/python3.7/site-packages/airflow/example_dags/example_time_delta_sensor_async.py for tasks to queue
[2022-05-13 07:33:35,564] {logging_mixin.py:115} INFO - [2022-05-13 07:33:35,564] {dagbag.py:507} INFO - Filling up the DagBag from /home/airflow/.local/lib/python3.7/site-packages/airflow/example_dags/example_time_delta_sensor_async.py
[2022-05-13 07:33:35,568] {processor.py:651} INFO - DAG(s) dict_keys(['example_time_delta_sensor_async']) retrieved from /home/airflow/.local/lib/python3.7/site-packages/airflow/example_dags/example_time_delta_sensor_async.py
[2022-05-13 07:33:35,593] {logging_mixin.py:115} INFO - [2022-05-13 07:33:35,592] {dag.py:2371} INFO - Sync 1 DAGs
[2022-05-13 07:33:35,606] {logging_mixin.py:115} INFO - [2022-05-13 07:33:35,606] {dag.py:2919} INFO - Setting next_dagrun for example_time_delta_sensor_async to None, run_after=None
[2022-05-13 07:33:35,614] {processor.py:161} INFO - Processing /home/airflow/.local/lib/python3.7/site-packages/airflow/example_dags/example_time_delta_sensor_async.py took 0.055 seconds
[2022-05-13 07:34:06,384] {processor.py:153} INFO - Started process (PID=3953) to work on /home/airflow/.local/lib/python3.7/site-packages/airflow/example_dags/example_time_delta_sensor_async.py
[2022-05-13 07:34:06,386] {processor.py:641} INFO - Processing file /home/airflow/.local/lib/python3.7/site-packages/airflow/example_dags/example_time_delta_sensor_async.py for tasks to queue
[2022-05-13 07:34:06,387] {logging_mixin.py:115} INFO - [2022-05-13 07:34:06,387] {dagbag.py:507} INFO - Filling up the DagBag from /home/airflow/.local/lib/python3.7/site-packages/airflow/example_dags/example_time_delta_sensor_async.py
[2022-05-13 07:34:06,395] {processor.py:651} INFO - DAG(s) dict_keys(['example_time_delta_sensor_async']) retrieved from /home/airflow/.local/lib/python3.7/site-packages/airflow/example_dags/example_time_delta_sensor_async.py
[2022-05-13 07:34:06,423] {logging_mixin.py:115} INFO - [2022-05-13 07:34:06,423] {dag.py:2371} INFO - Sync 1 DAGs
[2022-05-13 07:34:06,440] {logging_mixin.py:115} INFO - [2022-05-13 07:34:06,440] {dag.py:2919} INFO - Setting next_dagrun for example_time_delta_sensor_async to None, run_after=None
[2022-05-13 07:34:06,450] {processor.py:161} INFO - Processing /home/airflow/.local/lib/python3.7/site-packages/airflow/example_dags/example_time_delta_sensor_async.py took 0.068 seconds
[2022-05-13 07:34:36,494] {processor.py:153} INFO - Started process (PID=4166) to work on /home/airflow/.local/lib/python3.7/site-packages/airflow/example_dags/example_time_delta_sensor_async.py
[2022-05-13 07:34:36,495] {processor.py:641} INFO - Processing file /home/airflow/.local/lib/python3.7/site-packages/airflow/example_dags/example_time_delta_sensor_async.py for tasks to queue
[2022-05-13 07:34:36,496] {logging_mixin.py:115} INFO - [2022-05-13 07:34:36,496] {dagbag.py:507} INFO - Filling up the DagBag from /home/airflow/.local/lib/python3.7/site-packages/airflow/example_dags/example_time_delta_sensor_async.py
[2022-05-13 07:34:36,500] {processor.py:651} INFO - DAG(s) dict_keys(['example_time_delta_sensor_async']) retrieved from /home/airflow/.local/lib/python3.7/site-packages/airflow/example_dags/example_time_delta_sensor_async.py
[2022-05-13 07:34:36,524] {logging_mixin.py:115} INFO - [2022-05-13 07:34:36,524] {dag.py:2371} INFO - Sync 1 DAGs
[2022-05-13 07:34:36,536] {logging_mixin.py:115} INFO - [2022-05-13 07:34:36,536] {dag.py:2919} INFO - Setting next_dagrun for example_time_delta_sensor_async to None, run_after=None
[2022-05-13 07:34:36,545] {processor.py:161} INFO - Processing /home/airflow/.local/lib/python3.7/site-packages/airflow/example_dags/example_time_delta_sensor_async.py took 0.053 seconds
[2022-05-13 07:35:07,191] {processor.py:153} INFO - Started process (PID=4382) to work on /home/airflow/.local/lib/python3.7/site-packages/airflow/example_dags/example_time_delta_sensor_async.py
[2022-05-13 07:35:07,193] {processor.py:641} INFO - Processing file /home/airflow/.local/lib/python3.7/site-packages/airflow/example_dags/example_time_delta_sensor_async.py for tasks to queue
[2022-05-13 07:35:07,194] {logging_mixin.py:115} INFO - [2022-05-13 07:35:07,194] {dagbag.py:507} INFO - Filling up the DagBag from /home/airflow/.local/lib/python3.7/site-packages/airflow/example_dags/example_time_delta_sensor_async.py
[2022-05-13 07:35:07,198] {processor.py:651} INFO - DAG(s) dict_keys(['example_time_delta_sensor_async']) retrieved from /home/airflow/.local/lib/python3.7/site-packages/airflow/example_dags/example_time_delta_sensor_async.py
[2022-05-13 07:35:07,225] {logging_mixin.py:115} INFO - [2022-05-13 07:35:07,225] {dag.py:2371} INFO - Sync 1 DAGs
[2022-05-13 07:35:07,241] {logging_mixin.py:115} INFO - [2022-05-13 07:35:07,241] {dag.py:2919} INFO - Setting next_dagrun for example_time_delta_sensor_async to None, run_after=None
[2022-05-13 07:35:07,249] {processor.py:161} INFO - Processing /home/airflow/.local/lib/python3.7/site-packages/airflow/example_dags/example_time_delta_sensor_async.py took 0.059 seconds
[2022-05-13 07:35:38,040] {processor.py:153} INFO - Started process (PID=4590) to work on /home/airflow/.local/lib/python3.7/site-packages/airflow/example_dags/example_time_delta_sensor_async.py
[2022-05-13 07:35:38,041] {processor.py:641} INFO - Processing file /home/airflow/.local/lib/python3.7/site-packages/airflow/example_dags/example_time_delta_sensor_async.py for tasks to queue
[2022-05-13 07:35:38,042] {logging_mixin.py:115} INFO - [2022-05-13 07:35:38,042] {dagbag.py:507} INFO - Filling up the DagBag from /home/airflow/.local/lib/python3.7/site-packages/airflow/example_dags/example_time_delta_sensor_async.py
[2022-05-13 07:35:38,045] {processor.py:651} INFO - DAG(s) dict_keys(['example_time_delta_sensor_async']) retrieved from /home/airflow/.local/lib/python3.7/site-packages/airflow/example_dags/example_time_delta_sensor_async.py
[2022-05-13 07:35:38,067] {logging_mixin.py:115} INFO - [2022-05-13 07:35:38,067] {dag.py:2371} INFO - Sync 1 DAGs
[2022-05-13 07:35:38,079] {logging_mixin.py:115} INFO - [2022-05-13 07:35:38,079] {dag.py:2919} INFO - Setting next_dagrun for example_time_delta_sensor_async to None, run_after=None
[2022-05-13 07:35:38,085] {processor.py:161} INFO - Processing /home/airflow/.local/lib/python3.7/site-packages/airflow/example_dags/example_time_delta_sensor_async.py took 0.047 seconds
[2022-05-13 07:36:08,706] {processor.py:153} INFO - Started process (PID=4803) to work on /home/airflow/.local/lib/python3.7/site-packages/airflow/example_dags/example_time_delta_sensor_async.py
[2022-05-13 07:36:08,708] {processor.py:641} INFO - Processing file /home/airflow/.local/lib/python3.7/site-packages/airflow/example_dags/example_time_delta_sensor_async.py for tasks to queue
[2022-05-13 07:36:08,709] {logging_mixin.py:115} INFO - [2022-05-13 07:36:08,709] {dagbag.py:507} INFO - Filling up the DagBag from /home/airflow/.local/lib/python3.7/site-packages/airflow/example_dags/example_time_delta_sensor_async.py
[2022-05-13 07:36:08,714] {processor.py:651} INFO - DAG(s) dict_keys(['example_time_delta_sensor_async']) retrieved from /home/airflow/.local/lib/python3.7/site-packages/airflow/example_dags/example_time_delta_sensor_async.py
[2022-05-13 07:36:08,738] {logging_mixin.py:115} INFO - [2022-05-13 07:36:08,738] {dag.py:2371} INFO - Sync 1 DAGs
[2022-05-13 07:36:08,752] {logging_mixin.py:115} INFO - [2022-05-13 07:36:08,752] {dag.py:2919} INFO - Setting next_dagrun for example_time_delta_sensor_async to None, run_after=None
[2022-05-13 07:36:08,760] {processor.py:161} INFO - Processing /home/airflow/.local/lib/python3.7/site-packages/airflow/example_dags/example_time_delta_sensor_async.py took 0.055 seconds
[2022-05-13 07:36:39,571] {processor.py:153} INFO - Started process (PID=5020) to work on /home/airflow/.local/lib/python3.7/site-packages/airflow/example_dags/example_time_delta_sensor_async.py
[2022-05-13 07:36:39,572] {processor.py:641} INFO - Processing file /home/airflow/.local/lib/python3.7/site-packages/airflow/example_dags/example_time_delta_sensor_async.py for tasks to queue
[2022-05-13 07:36:39,573] {logging_mixin.py:115} INFO - [2022-05-13 07:36:39,573] {dagbag.py:507} INFO - Filling up the DagBag from /home/airflow/.local/lib/python3.7/site-packages/airflow/example_dags/example_time_delta_sensor_async.py
[2022-05-13 07:36:39,577] {processor.py:651} INFO - DAG(s) dict_keys(['example_time_delta_sensor_async']) retrieved from /home/airflow/.local/lib/python3.7/site-packages/airflow/example_dags/example_time_delta_sensor_async.py
[2022-05-13 07:36:39,602] {logging_mixin.py:115} INFO - [2022-05-13 07:36:39,601] {dag.py:2371} INFO - Sync 1 DAGs
[2022-05-13 07:36:39,615] {logging_mixin.py:115} INFO - [2022-05-13 07:36:39,615] {dag.py:2919} INFO - Setting next_dagrun for example_time_delta_sensor_async to None, run_after=None
[2022-05-13 07:36:39,623] {processor.py:161} INFO - Processing /home/airflow/.local/lib/python3.7/site-packages/airflow/example_dags/example_time_delta_sensor_async.py took 0.054 seconds
[2022-05-13 07:37:10,267] {processor.py:153} INFO - Started process (PID=5234) to work on /home/airflow/.local/lib/python3.7/site-packages/airflow/example_dags/example_time_delta_sensor_async.py
[2022-05-13 07:37:10,269] {processor.py:641} INFO - Processing file /home/airflow/.local/lib/python3.7/site-packages/airflow/example_dags/example_time_delta_sensor_async.py for tasks to queue
[2022-05-13 07:37:10,270] {logging_mixin.py:115} INFO - [2022-05-13 07:37:10,270] {dagbag.py:507} INFO - Filling up the DagBag from /home/airflow/.local/lib/python3.7/site-packages/airflow/example_dags/example_time_delta_sensor_async.py
[2022-05-13 07:37:10,274] {processor.py:651} INFO - DAG(s) dict_keys(['example_time_delta_sensor_async']) retrieved from /home/airflow/.local/lib/python3.7/site-packages/airflow/example_dags/example_time_delta_sensor_async.py
[2022-05-13 07:37:10,298] {logging_mixin.py:115} INFO - [2022-05-13 07:37:10,298] {dag.py:2371} INFO - Sync 1 DAGs
[2022-05-13 07:37:10,312] {logging_mixin.py:115} INFO - [2022-05-13 07:37:10,312] {dag.py:2919} INFO - Setting next_dagrun for example_time_delta_sensor_async to None, run_after=None
[2022-05-13 07:37:10,321] {processor.py:161} INFO - Processing /home/airflow/.local/lib/python3.7/site-packages/airflow/example_dags/example_time_delta_sensor_async.py took 0.055 seconds
[2022-05-13 09:38:04,241] {processor.py:153} INFO - Started process (PID=221) to work on /home/airflow/.local/lib/python3.7/site-packages/airflow/example_dags/example_time_delta_sensor_async.py
[2022-05-13 09:38:04,243] {processor.py:641} INFO - Processing file /home/airflow/.local/lib/python3.7/site-packages/airflow/example_dags/example_time_delta_sensor_async.py for tasks to queue
[2022-05-13 09:38:04,243] {logging_mixin.py:115} INFO - [2022-05-13 09:38:04,243] {dagbag.py:507} INFO - Filling up the DagBag from /home/airflow/.local/lib/python3.7/site-packages/airflow/example_dags/example_time_delta_sensor_async.py
[2022-05-13 09:38:04,249] {processor.py:651} INFO - DAG(s) dict_keys(['example_time_delta_sensor_async']) retrieved from /home/airflow/.local/lib/python3.7/site-packages/airflow/example_dags/example_time_delta_sensor_async.py
[2022-05-13 09:38:04,282] {logging_mixin.py:115} INFO - [2022-05-13 09:38:04,282] {dag.py:2371} INFO - Sync 1 DAGs
[2022-05-13 09:38:04,308] {logging_mixin.py:115} INFO - [2022-05-13 09:38:04,308] {dag.py:2919} INFO - Setting next_dagrun for example_time_delta_sensor_async to None, run_after=None
[2022-05-13 09:38:04,318] {processor.py:161} INFO - Processing /home/airflow/.local/lib/python3.7/site-packages/airflow/example_dags/example_time_delta_sensor_async.py took 0.079 seconds
[2022-05-13 09:38:35,292] {processor.py:153} INFO - Started process (PID=438) to work on /home/airflow/.local/lib/python3.7/site-packages/airflow/example_dags/example_time_delta_sensor_async.py
[2022-05-13 09:38:35,293] {processor.py:641} INFO - Processing file /home/airflow/.local/lib/python3.7/site-packages/airflow/example_dags/example_time_delta_sensor_async.py for tasks to queue
[2022-05-13 09:38:35,295] {logging_mixin.py:115} INFO - [2022-05-13 09:38:35,295] {dagbag.py:507} INFO - Filling up the DagBag from /home/airflow/.local/lib/python3.7/site-packages/airflow/example_dags/example_time_delta_sensor_async.py
[2022-05-13 09:38:35,299] {processor.py:651} INFO - DAG(s) dict_keys(['example_time_delta_sensor_async']) retrieved from /home/airflow/.local/lib/python3.7/site-packages/airflow/example_dags/example_time_delta_sensor_async.py
[2022-05-13 09:38:35,331] {logging_mixin.py:115} INFO - [2022-05-13 09:38:35,331] {dag.py:2371} INFO - Sync 1 DAGs
[2022-05-13 09:38:35,346] {logging_mixin.py:115} INFO - [2022-05-13 09:38:35,346] {dag.py:2919} INFO - Setting next_dagrun for example_time_delta_sensor_async to None, run_after=None
[2022-05-13 09:38:35,354] {processor.py:161} INFO - Processing /home/airflow/.local/lib/python3.7/site-packages/airflow/example_dags/example_time_delta_sensor_async.py took 0.064 seconds
[2022-05-13 09:39:06,032] {processor.py:153} INFO - Started process (PID=653) to work on /home/airflow/.local/lib/python3.7/site-packages/airflow/example_dags/example_time_delta_sensor_async.py
[2022-05-13 09:39:06,034] {processor.py:641} INFO - Processing file /home/airflow/.local/lib/python3.7/site-packages/airflow/example_dags/example_time_delta_sensor_async.py for tasks to queue
[2022-05-13 09:39:06,035] {logging_mixin.py:115} INFO - [2022-05-13 09:39:06,035] {dagbag.py:507} INFO - Filling up the DagBag from /home/airflow/.local/lib/python3.7/site-packages/airflow/example_dags/example_time_delta_sensor_async.py
[2022-05-13 09:39:06,039] {processor.py:651} INFO - DAG(s) dict_keys(['example_time_delta_sensor_async']) retrieved from /home/airflow/.local/lib/python3.7/site-packages/airflow/example_dags/example_time_delta_sensor_async.py
[2022-05-13 09:39:06,065] {logging_mixin.py:115} INFO - [2022-05-13 09:39:06,065] {dag.py:2371} INFO - Sync 1 DAGs
[2022-05-13 09:39:06,077] {logging_mixin.py:115} INFO - [2022-05-13 09:39:06,077] {dag.py:2919} INFO - Setting next_dagrun for example_time_delta_sensor_async to None, run_after=None
[2022-05-13 09:39:06,085] {processor.py:161} INFO - Processing /home/airflow/.local/lib/python3.7/site-packages/airflow/example_dags/example_time_delta_sensor_async.py took 0.055 seconds
[2022-05-13 09:39:36,903] {processor.py:153} INFO - Started process (PID=868) to work on /home/airflow/.local/lib/python3.7/site-packages/airflow/example_dags/example_time_delta_sensor_async.py
[2022-05-13 09:39:36,904] {processor.py:641} INFO - Processing file /home/airflow/.local/lib/python3.7/site-packages/airflow/example_dags/example_time_delta_sensor_async.py for tasks to queue
[2022-05-13 09:39:36,905] {logging_mixin.py:115} INFO - [2022-05-13 09:39:36,905] {dagbag.py:507} INFO - Filling up the DagBag from /home/airflow/.local/lib/python3.7/site-packages/airflow/example_dags/example_time_delta_sensor_async.py
[2022-05-13 09:39:36,909] {processor.py:651} INFO - DAG(s) dict_keys(['example_time_delta_sensor_async']) retrieved from /home/airflow/.local/lib/python3.7/site-packages/airflow/example_dags/example_time_delta_sensor_async.py
[2022-05-13 09:39:36,942] {logging_mixin.py:115} INFO - [2022-05-13 09:39:36,942] {dag.py:2371} INFO - Sync 1 DAGs
[2022-05-13 09:39:36,955] {logging_mixin.py:115} INFO - [2022-05-13 09:39:36,955] {dag.py:2919} INFO - Setting next_dagrun for example_time_delta_sensor_async to None, run_after=None
[2022-05-13 09:39:36,962] {processor.py:161} INFO - Processing /home/airflow/.local/lib/python3.7/site-packages/airflow/example_dags/example_time_delta_sensor_async.py took 0.060 seconds
[2022-05-13 09:40:07,753] {processor.py:153} INFO - Started process (PID=1085) to work on /home/airflow/.local/lib/python3.7/site-packages/airflow/example_dags/example_time_delta_sensor_async.py
[2022-05-13 09:40:07,755] {processor.py:641} INFO - Processing file /home/airflow/.local/lib/python3.7/site-packages/airflow/example_dags/example_time_delta_sensor_async.py for tasks to queue
[2022-05-13 09:40:07,756] {logging_mixin.py:115} INFO - [2022-05-13 09:40:07,756] {dagbag.py:507} INFO - Filling up the DagBag from /home/airflow/.local/lib/python3.7/site-packages/airflow/example_dags/example_time_delta_sensor_async.py
[2022-05-13 09:40:07,760] {processor.py:651} INFO - DAG(s) dict_keys(['example_time_delta_sensor_async']) retrieved from /home/airflow/.local/lib/python3.7/site-packages/airflow/example_dags/example_time_delta_sensor_async.py
[2022-05-13 09:40:07,792] {logging_mixin.py:115} INFO - [2022-05-13 09:40:07,792] {dag.py:2371} INFO - Sync 1 DAGs
[2022-05-13 09:40:07,807] {logging_mixin.py:115} INFO - [2022-05-13 09:40:07,807] {dag.py:2919} INFO - Setting next_dagrun for example_time_delta_sensor_async to None, run_after=None
[2022-05-13 09:40:07,817] {processor.py:161} INFO - Processing /home/airflow/.local/lib/python3.7/site-packages/airflow/example_dags/example_time_delta_sensor_async.py took 0.066 seconds
[2022-05-13 09:40:38,717] {processor.py:153} INFO - Started process (PID=1290) to work on /home/airflow/.local/lib/python3.7/site-packages/airflow/example_dags/example_time_delta_sensor_async.py
[2022-05-13 09:40:38,719] {processor.py:641} INFO - Processing file /home/airflow/.local/lib/python3.7/site-packages/airflow/example_dags/example_time_delta_sensor_async.py for tasks to queue
[2022-05-13 09:40:38,720] {logging_mixin.py:115} INFO - [2022-05-13 09:40:38,720] {dagbag.py:507} INFO - Filling up the DagBag from /home/airflow/.local/lib/python3.7/site-packages/airflow/example_dags/example_time_delta_sensor_async.py
[2022-05-13 09:40:38,724] {processor.py:651} INFO - DAG(s) dict_keys(['example_time_delta_sensor_async']) retrieved from /home/airflow/.local/lib/python3.7/site-packages/airflow/example_dags/example_time_delta_sensor_async.py
[2022-05-13 09:40:38,754] {logging_mixin.py:115} INFO - [2022-05-13 09:40:38,754] {dag.py:2371} INFO - Sync 1 DAGs
[2022-05-13 09:40:38,767] {logging_mixin.py:115} INFO - [2022-05-13 09:40:38,767] {dag.py:2919} INFO - Setting next_dagrun for example_time_delta_sensor_async to None, run_after=None
[2022-05-13 09:40:38,774] {processor.py:161} INFO - Processing /home/airflow/.local/lib/python3.7/site-packages/airflow/example_dags/example_time_delta_sensor_async.py took 0.059 seconds
[2022-05-13 09:41:09,591] {processor.py:153} INFO - Started process (PID=1506) to work on /home/airflow/.local/lib/python3.7/site-packages/airflow/example_dags/example_time_delta_sensor_async.py
[2022-05-13 09:41:09,593] {processor.py:641} INFO - Processing file /home/airflow/.local/lib/python3.7/site-packages/airflow/example_dags/example_time_delta_sensor_async.py for tasks to queue
[2022-05-13 09:41:09,594] {logging_mixin.py:115} INFO - [2022-05-13 09:41:09,593] {dagbag.py:507} INFO - Filling up the DagBag from /home/airflow/.local/lib/python3.7/site-packages/airflow/example_dags/example_time_delta_sensor_async.py
[2022-05-13 09:41:09,598] {processor.py:651} INFO - DAG(s) dict_keys(['example_time_delta_sensor_async']) retrieved from /home/airflow/.local/lib/python3.7/site-packages/airflow/example_dags/example_time_delta_sensor_async.py
[2022-05-13 09:41:09,622] {logging_mixin.py:115} INFO - [2022-05-13 09:41:09,622] {dag.py:2371} INFO - Sync 1 DAGs
[2022-05-13 09:41:09,635] {logging_mixin.py:115} INFO - [2022-05-13 09:41:09,635] {dag.py:2919} INFO - Setting next_dagrun for example_time_delta_sensor_async to None, run_after=None
[2022-05-13 09:41:09,643] {processor.py:161} INFO - Processing /home/airflow/.local/lib/python3.7/site-packages/airflow/example_dags/example_time_delta_sensor_async.py took 0.054 seconds
[2022-05-13 09:41:40,318] {processor.py:153} INFO - Started process (PID=1723) to work on /home/airflow/.local/lib/python3.7/site-packages/airflow/example_dags/example_time_delta_sensor_async.py
[2022-05-13 09:41:40,319] {processor.py:641} INFO - Processing file /home/airflow/.local/lib/python3.7/site-packages/airflow/example_dags/example_time_delta_sensor_async.py for tasks to queue
[2022-05-13 09:41:40,320] {logging_mixin.py:115} INFO - [2022-05-13 09:41:40,320] {dagbag.py:507} INFO - Filling up the DagBag from /home/airflow/.local/lib/python3.7/site-packages/airflow/example_dags/example_time_delta_sensor_async.py
[2022-05-13 09:41:40,323] {processor.py:651} INFO - DAG(s) dict_keys(['example_time_delta_sensor_async']) retrieved from /home/airflow/.local/lib/python3.7/site-packages/airflow/example_dags/example_time_delta_sensor_async.py
[2022-05-13 09:41:40,349] {logging_mixin.py:115} INFO - [2022-05-13 09:41:40,349] {dag.py:2371} INFO - Sync 1 DAGs
[2022-05-13 09:41:40,362] {logging_mixin.py:115} INFO - [2022-05-13 09:41:40,362] {dag.py:2919} INFO - Setting next_dagrun for example_time_delta_sensor_async to None, run_after=None
[2022-05-13 09:41:40,370] {processor.py:161} INFO - Processing /home/airflow/.local/lib/python3.7/site-packages/airflow/example_dags/example_time_delta_sensor_async.py took 0.054 seconds
[2022-05-13 09:42:11,149] {processor.py:153} INFO - Started process (PID=1936) to work on /home/airflow/.local/lib/python3.7/site-packages/airflow/example_dags/example_time_delta_sensor_async.py
[2022-05-13 09:42:11,150] {processor.py:641} INFO - Processing file /home/airflow/.local/lib/python3.7/site-packages/airflow/example_dags/example_time_delta_sensor_async.py for tasks to queue
[2022-05-13 09:42:11,152] {logging_mixin.py:115} INFO - [2022-05-13 09:42:11,151] {dagbag.py:507} INFO - Filling up the DagBag from /home/airflow/.local/lib/python3.7/site-packages/airflow/example_dags/example_time_delta_sensor_async.py
[2022-05-13 09:42:11,156] {processor.py:651} INFO - DAG(s) dict_keys(['example_time_delta_sensor_async']) retrieved from /home/airflow/.local/lib/python3.7/site-packages/airflow/example_dags/example_time_delta_sensor_async.py
[2022-05-13 09:42:11,180] {logging_mixin.py:115} INFO - [2022-05-13 09:42:11,180] {dag.py:2371} INFO - Sync 1 DAGs
[2022-05-13 09:42:11,194] {logging_mixin.py:115} INFO - [2022-05-13 09:42:11,194] {dag.py:2919} INFO - Setting next_dagrun for example_time_delta_sensor_async to None, run_after=None
[2022-05-13 09:42:11,201] {processor.py:161} INFO - Processing /home/airflow/.local/lib/python3.7/site-packages/airflow/example_dags/example_time_delta_sensor_async.py took 0.055 seconds
[2022-05-13 09:42:41,880] {processor.py:153} INFO - Started process (PID=2153) to work on /home/airflow/.local/lib/python3.7/site-packages/airflow/example_dags/example_time_delta_sensor_async.py
[2022-05-13 09:42:41,882] {processor.py:641} INFO - Processing file /home/airflow/.local/lib/python3.7/site-packages/airflow/example_dags/example_time_delta_sensor_async.py for tasks to queue
[2022-05-13 09:42:41,883] {logging_mixin.py:115} INFO - [2022-05-13 09:42:41,883] {dagbag.py:507} INFO - Filling up the DagBag from /home/airflow/.local/lib/python3.7/site-packages/airflow/example_dags/example_time_delta_sensor_async.py
[2022-05-13 09:42:41,887] {processor.py:651} INFO - DAG(s) dict_keys(['example_time_delta_sensor_async']) retrieved from /home/airflow/.local/lib/python3.7/site-packages/airflow/example_dags/example_time_delta_sensor_async.py
[2022-05-13 09:42:41,910] {logging_mixin.py:115} INFO - [2022-05-13 09:42:41,910] {dag.py:2371} INFO - Sync 1 DAGs
[2022-05-13 09:42:41,923] {logging_mixin.py:115} INFO - [2022-05-13 09:42:41,923] {dag.py:2919} INFO - Setting next_dagrun for example_time_delta_sensor_async to None, run_after=None
[2022-05-13 09:42:41,931] {processor.py:161} INFO - Processing /home/airflow/.local/lib/python3.7/site-packages/airflow/example_dags/example_time_delta_sensor_async.py took 0.052 seconds
[2022-05-13 09:43:12,868] {processor.py:153} INFO - Started process (PID=2365) to work on /home/airflow/.local/lib/python3.7/site-packages/airflow/example_dags/example_time_delta_sensor_async.py
[2022-05-13 09:43:12,869] {processor.py:641} INFO - Processing file /home/airflow/.local/lib/python3.7/site-packages/airflow/example_dags/example_time_delta_sensor_async.py for tasks to queue
[2022-05-13 09:43:12,871] {logging_mixin.py:115} INFO - [2022-05-13 09:43:12,871] {dagbag.py:507} INFO - Filling up the DagBag from /home/airflow/.local/lib/python3.7/site-packages/airflow/example_dags/example_time_delta_sensor_async.py
[2022-05-13 09:43:12,876] {processor.py:651} INFO - DAG(s) dict_keys(['example_time_delta_sensor_async']) retrieved from /home/airflow/.local/lib/python3.7/site-packages/airflow/example_dags/example_time_delta_sensor_async.py
[2022-05-13 09:43:12,901] {logging_mixin.py:115} INFO - [2022-05-13 09:43:12,901] {dag.py:2371} INFO - Sync 1 DAGs
[2022-05-13 09:43:12,915] {logging_mixin.py:115} INFO - [2022-05-13 09:43:12,915] {dag.py:2919} INFO - Setting next_dagrun for example_time_delta_sensor_async to None, run_after=None
[2022-05-13 09:43:12,923] {processor.py:161} INFO - Processing /home/airflow/.local/lib/python3.7/site-packages/airflow/example_dags/example_time_delta_sensor_async.py took 0.057 seconds
[2022-05-13 09:43:43,641] {processor.py:153} INFO - Started process (PID=2583) to work on /home/airflow/.local/lib/python3.7/site-packages/airflow/example_dags/example_time_delta_sensor_async.py
[2022-05-13 09:43:43,643] {processor.py:641} INFO - Processing file /home/airflow/.local/lib/python3.7/site-packages/airflow/example_dags/example_time_delta_sensor_async.py for tasks to queue
[2022-05-13 09:43:43,644] {logging_mixin.py:115} INFO - [2022-05-13 09:43:43,644] {dagbag.py:507} INFO - Filling up the DagBag from /home/airflow/.local/lib/python3.7/site-packages/airflow/example_dags/example_time_delta_sensor_async.py
[2022-05-13 09:43:43,648] {processor.py:651} INFO - DAG(s) dict_keys(['example_time_delta_sensor_async']) retrieved from /home/airflow/.local/lib/python3.7/site-packages/airflow/example_dags/example_time_delta_sensor_async.py
[2022-05-13 09:43:43,672] {logging_mixin.py:115} INFO - [2022-05-13 09:43:43,672] {dag.py:2371} INFO - Sync 1 DAGs
[2022-05-13 09:43:43,685] {logging_mixin.py:115} INFO - [2022-05-13 09:43:43,685] {dag.py:2919} INFO - Setting next_dagrun for example_time_delta_sensor_async to None, run_after=None
[2022-05-13 09:43:43,691] {processor.py:161} INFO - Processing /home/airflow/.local/lib/python3.7/site-packages/airflow/example_dags/example_time_delta_sensor_async.py took 0.052 seconds
[2022-05-13 09:44:14,436] {processor.py:153} INFO - Started process (PID=2792) to work on /home/airflow/.local/lib/python3.7/site-packages/airflow/example_dags/example_time_delta_sensor_async.py
[2022-05-13 09:44:14,444] {processor.py:641} INFO - Processing file /home/airflow/.local/lib/python3.7/site-packages/airflow/example_dags/example_time_delta_sensor_async.py for tasks to queue
[2022-05-13 09:44:14,445] {logging_mixin.py:115} INFO - [2022-05-13 09:44:14,445] {dagbag.py:507} INFO - Filling up the DagBag from /home/airflow/.local/lib/python3.7/site-packages/airflow/example_dags/example_time_delta_sensor_async.py
[2022-05-13 09:44:14,450] {processor.py:651} INFO - DAG(s) dict_keys(['example_time_delta_sensor_async']) retrieved from /home/airflow/.local/lib/python3.7/site-packages/airflow/example_dags/example_time_delta_sensor_async.py
[2022-05-13 09:44:14,477] {logging_mixin.py:115} INFO - [2022-05-13 09:44:14,477] {dag.py:2371} INFO - Sync 1 DAGs
[2022-05-13 09:44:14,491] {logging_mixin.py:115} INFO - [2022-05-13 09:44:14,491] {dag.py:2919} INFO - Setting next_dagrun for example_time_delta_sensor_async to None, run_after=None
[2022-05-13 09:44:14,499] {processor.py:161} INFO - Processing /home/airflow/.local/lib/python3.7/site-packages/airflow/example_dags/example_time_delta_sensor_async.py took 0.065 seconds
[2022-05-13 09:44:45,261] {processor.py:153} INFO - Started process (PID=3001) to work on /home/airflow/.local/lib/python3.7/site-packages/airflow/example_dags/example_time_delta_sensor_async.py
[2022-05-13 09:44:45,263] {processor.py:641} INFO - Processing file /home/airflow/.local/lib/python3.7/site-packages/airflow/example_dags/example_time_delta_sensor_async.py for tasks to queue
[2022-05-13 09:44:45,264] {logging_mixin.py:115} INFO - [2022-05-13 09:44:45,264] {dagbag.py:507} INFO - Filling up the DagBag from /home/airflow/.local/lib/python3.7/site-packages/airflow/example_dags/example_time_delta_sensor_async.py
[2022-05-13 09:44:45,269] {processor.py:651} INFO - DAG(s) dict_keys(['example_time_delta_sensor_async']) retrieved from /home/airflow/.local/lib/python3.7/site-packages/airflow/example_dags/example_time_delta_sensor_async.py
[2022-05-13 09:44:45,293] {logging_mixin.py:115} INFO - [2022-05-13 09:44:45,293] {dag.py:2371} INFO - Sync 1 DAGs
[2022-05-13 09:44:45,306] {logging_mixin.py:115} INFO - [2022-05-13 09:44:45,306] {dag.py:2919} INFO - Setting next_dagrun for example_time_delta_sensor_async to None, run_after=None
[2022-05-13 09:44:45,314] {processor.py:161} INFO - Processing /home/airflow/.local/lib/python3.7/site-packages/airflow/example_dags/example_time_delta_sensor_async.py took 0.054 seconds
[2022-05-13 09:45:16,082] {processor.py:153} INFO - Started process (PID=3219) to work on /home/airflow/.local/lib/python3.7/site-packages/airflow/example_dags/example_time_delta_sensor_async.py
[2022-05-13 09:45:16,083] {processor.py:641} INFO - Processing file /home/airflow/.local/lib/python3.7/site-packages/airflow/example_dags/example_time_delta_sensor_async.py for tasks to queue
[2022-05-13 09:45:16,084] {logging_mixin.py:115} INFO - [2022-05-13 09:45:16,084] {dagbag.py:507} INFO - Filling up the DagBag from /home/airflow/.local/lib/python3.7/site-packages/airflow/example_dags/example_time_delta_sensor_async.py
[2022-05-13 09:45:16,091] {processor.py:651} INFO - DAG(s) dict_keys(['example_time_delta_sensor_async']) retrieved from /home/airflow/.local/lib/python3.7/site-packages/airflow/example_dags/example_time_delta_sensor_async.py
[2022-05-13 09:45:16,117] {logging_mixin.py:115} INFO - [2022-05-13 09:45:16,117] {dag.py:2371} INFO - Sync 1 DAGs
[2022-05-13 09:45:16,133] {logging_mixin.py:115} INFO - [2022-05-13 09:45:16,133] {dag.py:2919} INFO - Setting next_dagrun for example_time_delta_sensor_async to None, run_after=None
[2022-05-13 09:45:16,141] {processor.py:161} INFO - Processing /home/airflow/.local/lib/python3.7/site-packages/airflow/example_dags/example_time_delta_sensor_async.py took 0.060 seconds
[2022-05-13 09:45:46,977] {processor.py:153} INFO - Started process (PID=3436) to work on /home/airflow/.local/lib/python3.7/site-packages/airflow/example_dags/example_time_delta_sensor_async.py
[2022-05-13 09:45:46,979] {processor.py:641} INFO - Processing file /home/airflow/.local/lib/python3.7/site-packages/airflow/example_dags/example_time_delta_sensor_async.py for tasks to queue
[2022-05-13 09:45:46,980] {logging_mixin.py:115} INFO - [2022-05-13 09:45:46,979] {dagbag.py:507} INFO - Filling up the DagBag from /home/airflow/.local/lib/python3.7/site-packages/airflow/example_dags/example_time_delta_sensor_async.py
[2022-05-13 09:45:46,983] {processor.py:651} INFO - DAG(s) dict_keys(['example_time_delta_sensor_async']) retrieved from /home/airflow/.local/lib/python3.7/site-packages/airflow/example_dags/example_time_delta_sensor_async.py
[2022-05-13 09:45:47,010] {logging_mixin.py:115} INFO - [2022-05-13 09:45:47,010] {dag.py:2371} INFO - Sync 1 DAGs
[2022-05-13 09:45:47,024] {logging_mixin.py:115} INFO - [2022-05-13 09:45:47,024] {dag.py:2919} INFO - Setting next_dagrun for example_time_delta_sensor_async to None, run_after=None
[2022-05-13 09:45:47,033] {processor.py:161} INFO - Processing /home/airflow/.local/lib/python3.7/site-packages/airflow/example_dags/example_time_delta_sensor_async.py took 0.058 seconds
