[2022-05-13 03:38:57,006] {processor.py:153} INFO - Started process (PID=191) to work on /home/airflow/.local/lib/python3.7/site-packages/airflow/example_dags/example_xcomargs.py
[2022-05-13 03:38:57,008] {processor.py:641} INFO - Processing file /home/airflow/.local/lib/python3.7/site-packages/airflow/example_dags/example_xcomargs.py for tasks to queue
[2022-05-13 03:38:57,008] {logging_mixin.py:115} INFO - [2022-05-13 03:38:57,008] {dagbag.py:507} INFO - Filling up the DagBag from /home/airflow/.local/lib/python3.7/site-packages/airflow/example_dags/example_xcomargs.py
[2022-05-13 03:38:57,024] {processor.py:651} INFO - DAG(s) dict_keys(['example_xcom_args', 'example_xcom_args_with_operators']) retrieved from /home/airflow/.local/lib/python3.7/site-packages/airflow/example_dags/example_xcomargs.py
[2022-05-13 03:38:57,143] {logging_mixin.py:115} INFO - [2022-05-13 03:38:57,143] {dag.py:2371} INFO - Sync 2 DAGs
[2022-05-13 03:38:57,174] {logging_mixin.py:115} INFO - [2022-05-13 03:38:57,174] {dag.py:2919} INFO - Setting next_dagrun for example_xcom_args to None, run_after=None
[2022-05-13 03:38:57,185] {logging_mixin.py:115} INFO - [2022-05-13 03:38:57,185] {dag.py:2919} INFO - Setting next_dagrun for example_xcom_args_with_operators to None, run_after=None
[2022-05-13 03:38:57,201] {processor.py:161} INFO - Processing /home/airflow/.local/lib/python3.7/site-packages/airflow/example_dags/example_xcomargs.py took 0.196 seconds
[2022-05-13 03:39:27,816] {processor.py:153} INFO - Started process (PID=471) to work on /home/airflow/.local/lib/python3.7/site-packages/airflow/example_dags/example_xcomargs.py
[2022-05-13 03:39:27,817] {processor.py:641} INFO - Processing file /home/airflow/.local/lib/python3.7/site-packages/airflow/example_dags/example_xcomargs.py for tasks to queue
[2022-05-13 03:39:27,818] {logging_mixin.py:115} INFO - [2022-05-13 03:39:27,818] {dagbag.py:507} INFO - Filling up the DagBag from /home/airflow/.local/lib/python3.7/site-packages/airflow/example_dags/example_xcomargs.py
[2022-05-13 03:39:27,831] {processor.py:651} INFO - DAG(s) dict_keys(['example_xcom_args', 'example_xcom_args_with_operators']) retrieved from /home/airflow/.local/lib/python3.7/site-packages/airflow/example_dags/example_xcomargs.py
[2022-05-13 03:39:27,868] {logging_mixin.py:115} INFO - [2022-05-13 03:39:27,868] {dag.py:2371} INFO - Sync 2 DAGs
[2022-05-13 03:39:27,882] {logging_mixin.py:115} INFO - [2022-05-13 03:39:27,882] {dag.py:2919} INFO - Setting next_dagrun for example_xcom_args to None, run_after=None
[2022-05-13 03:39:27,883] {logging_mixin.py:115} INFO - [2022-05-13 03:39:27,883] {dag.py:2919} INFO - Setting next_dagrun for example_xcom_args_with_operators to None, run_after=None
[2022-05-13 03:39:27,892] {processor.py:161} INFO - Processing /home/airflow/.local/lib/python3.7/site-packages/airflow/example_dags/example_xcomargs.py took 0.077 seconds
[2022-05-13 03:39:58,014] {processor.py:153} INFO - Started process (PID=858) to work on /home/airflow/.local/lib/python3.7/site-packages/airflow/example_dags/example_xcomargs.py
[2022-05-13 03:39:58,015] {processor.py:641} INFO - Processing file /home/airflow/.local/lib/python3.7/site-packages/airflow/example_dags/example_xcomargs.py for tasks to queue
[2022-05-13 03:39:58,016] {logging_mixin.py:115} INFO - [2022-05-13 03:39:58,016] {dagbag.py:507} INFO - Filling up the DagBag from /home/airflow/.local/lib/python3.7/site-packages/airflow/example_dags/example_xcomargs.py
[2022-05-13 03:39:58,028] {processor.py:651} INFO - DAG(s) dict_keys(['example_xcom_args', 'example_xcom_args_with_operators']) retrieved from /home/airflow/.local/lib/python3.7/site-packages/airflow/example_dags/example_xcomargs.py
[2022-05-13 03:39:58,087] {logging_mixin.py:115} INFO - [2022-05-13 03:39:58,087] {dag.py:2371} INFO - Sync 2 DAGs
[2022-05-13 03:39:58,100] {logging_mixin.py:115} INFO - [2022-05-13 03:39:58,100] {dag.py:2919} INFO - Setting next_dagrun for example_xcom_args to None, run_after=None
[2022-05-13 03:39:58,102] {logging_mixin.py:115} INFO - [2022-05-13 03:39:58,102] {dag.py:2919} INFO - Setting next_dagrun for example_xcom_args_with_operators to None, run_after=None
[2022-05-13 03:39:58,113] {processor.py:161} INFO - Processing /home/airflow/.local/lib/python3.7/site-packages/airflow/example_dags/example_xcomargs.py took 0.101 seconds
[2022-05-13 03:40:28,901] {processor.py:153} INFO - Started process (PID=1078) to work on /home/airflow/.local/lib/python3.7/site-packages/airflow/example_dags/example_xcomargs.py
[2022-05-13 03:40:28,902] {processor.py:641} INFO - Processing file /home/airflow/.local/lib/python3.7/site-packages/airflow/example_dags/example_xcomargs.py for tasks to queue
[2022-05-13 03:40:28,904] {logging_mixin.py:115} INFO - [2022-05-13 03:40:28,903] {dagbag.py:507} INFO - Filling up the DagBag from /home/airflow/.local/lib/python3.7/site-packages/airflow/example_dags/example_xcomargs.py
[2022-05-13 03:40:28,915] {processor.py:651} INFO - DAG(s) dict_keys(['example_xcom_args', 'example_xcom_args_with_operators']) retrieved from /home/airflow/.local/lib/python3.7/site-packages/airflow/example_dags/example_xcomargs.py
[2022-05-13 03:40:28,990] {logging_mixin.py:115} INFO - [2022-05-13 03:40:28,990] {dag.py:2371} INFO - Sync 2 DAGs
[2022-05-13 03:40:29,014] {logging_mixin.py:115} INFO - [2022-05-13 03:40:29,014] {dag.py:2919} INFO - Setting next_dagrun for example_xcom_args to None, run_after=None
[2022-05-13 03:40:29,017] {logging_mixin.py:115} INFO - [2022-05-13 03:40:29,017] {dag.py:2919} INFO - Setting next_dagrun for example_xcom_args_with_operators to None, run_after=None
[2022-05-13 03:40:29,042] {processor.py:161} INFO - Processing /home/airflow/.local/lib/python3.7/site-packages/airflow/example_dags/example_xcomargs.py took 0.144 seconds
[2022-05-13 03:40:59,246] {processor.py:153} INFO - Started process (PID=1504) to work on /home/airflow/.local/lib/python3.7/site-packages/airflow/example_dags/example_xcomargs.py
[2022-05-13 03:40:59,249] {processor.py:641} INFO - Processing file /home/airflow/.local/lib/python3.7/site-packages/airflow/example_dags/example_xcomargs.py for tasks to queue
[2022-05-13 03:40:59,250] {logging_mixin.py:115} INFO - [2022-05-13 03:40:59,250] {dagbag.py:507} INFO - Filling up the DagBag from /home/airflow/.local/lib/python3.7/site-packages/airflow/example_dags/example_xcomargs.py
[2022-05-13 03:40:59,263] {processor.py:651} INFO - DAG(s) dict_keys(['example_xcom_args', 'example_xcom_args_with_operators']) retrieved from /home/airflow/.local/lib/python3.7/site-packages/airflow/example_dags/example_xcomargs.py
[2022-05-13 03:40:59,312] {logging_mixin.py:115} INFO - [2022-05-13 03:40:59,312] {dag.py:2371} INFO - Sync 2 DAGs
[2022-05-13 03:40:59,330] {logging_mixin.py:115} INFO - [2022-05-13 03:40:59,330] {dag.py:2919} INFO - Setting next_dagrun for example_xcom_args to None, run_after=None
[2022-05-13 03:40:59,332] {logging_mixin.py:115} INFO - [2022-05-13 03:40:59,332] {dag.py:2919} INFO - Setting next_dagrun for example_xcom_args_with_operators to None, run_after=None
[2022-05-13 03:40:59,343] {processor.py:161} INFO - Processing /home/airflow/.local/lib/python3.7/site-packages/airflow/example_dags/example_xcomargs.py took 0.099 seconds
[2022-05-13 03:41:29,446] {processor.py:153} INFO - Started process (PID=1726) to work on /home/airflow/.local/lib/python3.7/site-packages/airflow/example_dags/example_xcomargs.py
[2022-05-13 03:41:29,447] {processor.py:641} INFO - Processing file /home/airflow/.local/lib/python3.7/site-packages/airflow/example_dags/example_xcomargs.py for tasks to queue
[2022-05-13 03:41:29,449] {logging_mixin.py:115} INFO - [2022-05-13 03:41:29,449] {dagbag.py:507} INFO - Filling up the DagBag from /home/airflow/.local/lib/python3.7/site-packages/airflow/example_dags/example_xcomargs.py
[2022-05-13 03:41:29,461] {processor.py:651} INFO - DAG(s) dict_keys(['example_xcom_args', 'example_xcom_args_with_operators']) retrieved from /home/airflow/.local/lib/python3.7/site-packages/airflow/example_dags/example_xcomargs.py
[2022-05-13 03:41:29,503] {logging_mixin.py:115} INFO - [2022-05-13 03:41:29,503] {dag.py:2371} INFO - Sync 2 DAGs
[2022-05-13 03:41:29,522] {logging_mixin.py:115} INFO - [2022-05-13 03:41:29,522] {dag.py:2919} INFO - Setting next_dagrun for example_xcom_args to None, run_after=None
[2022-05-13 03:41:29,524] {logging_mixin.py:115} INFO - [2022-05-13 03:41:29,524] {dag.py:2919} INFO - Setting next_dagrun for example_xcom_args_with_operators to None, run_after=None
[2022-05-13 03:41:29,532] {processor.py:161} INFO - Processing /home/airflow/.local/lib/python3.7/site-packages/airflow/example_dags/example_xcomargs.py took 0.088 seconds
[2022-05-13 03:42:00,389] {processor.py:153} INFO - Started process (PID=1955) to work on /home/airflow/.local/lib/python3.7/site-packages/airflow/example_dags/example_xcomargs.py
[2022-05-13 03:42:00,393] {processor.py:641} INFO - Processing file /home/airflow/.local/lib/python3.7/site-packages/airflow/example_dags/example_xcomargs.py for tasks to queue
[2022-05-13 03:42:00,395] {logging_mixin.py:115} INFO - [2022-05-13 03:42:00,394] {dagbag.py:507} INFO - Filling up the DagBag from /home/airflow/.local/lib/python3.7/site-packages/airflow/example_dags/example_xcomargs.py
[2022-05-13 03:42:00,408] {processor.py:651} INFO - DAG(s) dict_keys(['example_xcom_args', 'example_xcom_args_with_operators']) retrieved from /home/airflow/.local/lib/python3.7/site-packages/airflow/example_dags/example_xcomargs.py
[2022-05-13 03:42:00,451] {logging_mixin.py:115} INFO - [2022-05-13 03:42:00,451] {dag.py:2371} INFO - Sync 2 DAGs
[2022-05-13 03:42:00,469] {logging_mixin.py:115} INFO - [2022-05-13 03:42:00,469] {dag.py:2919} INFO - Setting next_dagrun for example_xcom_args to None, run_after=None
[2022-05-13 03:42:00,470] {logging_mixin.py:115} INFO - [2022-05-13 03:42:00,470] {dag.py:2919} INFO - Setting next_dagrun for example_xcom_args_with_operators to None, run_after=None
[2022-05-13 03:42:00,479] {processor.py:161} INFO - Processing /home/airflow/.local/lib/python3.7/site-packages/airflow/example_dags/example_xcomargs.py took 0.092 seconds
[2022-05-13 03:42:31,415] {processor.py:153} INFO - Started process (PID=2172) to work on /home/airflow/.local/lib/python3.7/site-packages/airflow/example_dags/example_xcomargs.py
[2022-05-13 03:42:31,417] {processor.py:641} INFO - Processing file /home/airflow/.local/lib/python3.7/site-packages/airflow/example_dags/example_xcomargs.py for tasks to queue
[2022-05-13 03:42:31,419] {logging_mixin.py:115} INFO - [2022-05-13 03:42:31,419] {dagbag.py:507} INFO - Filling up the DagBag from /home/airflow/.local/lib/python3.7/site-packages/airflow/example_dags/example_xcomargs.py
[2022-05-13 03:42:31,434] {processor.py:651} INFO - DAG(s) dict_keys(['example_xcom_args', 'example_xcom_args_with_operators']) retrieved from /home/airflow/.local/lib/python3.7/site-packages/airflow/example_dags/example_xcomargs.py
[2022-05-13 03:42:31,453] {logging_mixin.py:115} INFO - [2022-05-13 03:42:31,453] {dag.py:2371} INFO - Sync 2 DAGs
[2022-05-13 03:42:31,466] {logging_mixin.py:115} INFO - [2022-05-13 03:42:31,466] {dag.py:2919} INFO - Setting next_dagrun for example_xcom_args to None, run_after=None
[2022-05-13 03:42:31,467] {logging_mixin.py:115} INFO - [2022-05-13 03:42:31,467] {dag.py:2919} INFO - Setting next_dagrun for example_xcom_args_with_operators to None, run_after=None
[2022-05-13 03:42:31,475] {processor.py:161} INFO - Processing /home/airflow/.local/lib/python3.7/site-packages/airflow/example_dags/example_xcomargs.py took 0.062 seconds
[2022-05-13 03:59:30,039] {processor.py:153} INFO - Started process (PID=187) to work on /home/airflow/.local/lib/python3.7/site-packages/airflow/example_dags/example_xcomargs.py
[2022-05-13 03:59:30,040] {processor.py:641} INFO - Processing file /home/airflow/.local/lib/python3.7/site-packages/airflow/example_dags/example_xcomargs.py for tasks to queue
[2022-05-13 03:59:30,041] {logging_mixin.py:115} INFO - [2022-05-13 03:59:30,041] {dagbag.py:507} INFO - Filling up the DagBag from /home/airflow/.local/lib/python3.7/site-packages/airflow/example_dags/example_xcomargs.py
[2022-05-13 03:59:30,056] {processor.py:651} INFO - DAG(s) dict_keys(['example_xcom_args', 'example_xcom_args_with_operators']) retrieved from /home/airflow/.local/lib/python3.7/site-packages/airflow/example_dags/example_xcomargs.py
[2022-05-13 03:59:30,112] {logging_mixin.py:115} INFO - [2022-05-13 03:59:30,112] {dag.py:2371} INFO - Sync 2 DAGs
[2022-05-13 03:59:30,133] {logging_mixin.py:115} INFO - [2022-05-13 03:59:30,133] {dag.py:2919} INFO - Setting next_dagrun for example_xcom_args to None, run_after=None
[2022-05-13 03:59:30,134] {logging_mixin.py:115} INFO - [2022-05-13 03:59:30,134] {dag.py:2919} INFO - Setting next_dagrun for example_xcom_args_with_operators to None, run_after=None
[2022-05-13 03:59:30,144] {processor.py:161} INFO - Processing /home/airflow/.local/lib/python3.7/site-packages/airflow/example_dags/example_xcomargs.py took 0.108 seconds
[2022-05-13 04:00:01,160] {processor.py:153} INFO - Started process (PID=402) to work on /home/airflow/.local/lib/python3.7/site-packages/airflow/example_dags/example_xcomargs.py
[2022-05-13 04:00:01,161] {processor.py:641} INFO - Processing file /home/airflow/.local/lib/python3.7/site-packages/airflow/example_dags/example_xcomargs.py for tasks to queue
[2022-05-13 04:00:01,162] {logging_mixin.py:115} INFO - [2022-05-13 04:00:01,162] {dagbag.py:507} INFO - Filling up the DagBag from /home/airflow/.local/lib/python3.7/site-packages/airflow/example_dags/example_xcomargs.py
[2022-05-13 04:00:01,176] {processor.py:651} INFO - DAG(s) dict_keys(['example_xcom_args', 'example_xcom_args_with_operators']) retrieved from /home/airflow/.local/lib/python3.7/site-packages/airflow/example_dags/example_xcomargs.py
[2022-05-13 04:00:01,219] {logging_mixin.py:115} INFO - [2022-05-13 04:00:01,219] {dag.py:2371} INFO - Sync 2 DAGs
[2022-05-13 04:00:01,234] {logging_mixin.py:115} INFO - [2022-05-13 04:00:01,234] {dag.py:2919} INFO - Setting next_dagrun for example_xcom_args to None, run_after=None
[2022-05-13 04:00:01,236] {logging_mixin.py:115} INFO - [2022-05-13 04:00:01,236] {dag.py:2919} INFO - Setting next_dagrun for example_xcom_args_with_operators to None, run_after=None
[2022-05-13 04:00:01,245] {processor.py:161} INFO - Processing /home/airflow/.local/lib/python3.7/site-packages/airflow/example_dags/example_xcomargs.py took 0.087 seconds
[2022-05-13 04:00:32,006] {processor.py:153} INFO - Started process (PID=690) to work on /home/airflow/.local/lib/python3.7/site-packages/airflow/example_dags/example_xcomargs.py
[2022-05-13 04:00:32,021] {processor.py:641} INFO - Processing file /home/airflow/.local/lib/python3.7/site-packages/airflow/example_dags/example_xcomargs.py for tasks to queue
[2022-05-13 04:00:32,022] {logging_mixin.py:115} INFO - [2022-05-13 04:00:32,022] {dagbag.py:507} INFO - Filling up the DagBag from /home/airflow/.local/lib/python3.7/site-packages/airflow/example_dags/example_xcomargs.py
[2022-05-13 04:00:32,034] {processor.py:651} INFO - DAG(s) dict_keys(['example_xcom_args', 'example_xcom_args_with_operators']) retrieved from /home/airflow/.local/lib/python3.7/site-packages/airflow/example_dags/example_xcomargs.py
[2022-05-13 04:00:32,080] {logging_mixin.py:115} INFO - [2022-05-13 04:00:32,080] {dag.py:2371} INFO - Sync 2 DAGs
[2022-05-13 04:00:32,098] {logging_mixin.py:115} INFO - [2022-05-13 04:00:32,098] {dag.py:2919} INFO - Setting next_dagrun for example_xcom_args to None, run_after=None
[2022-05-13 04:00:32,099] {logging_mixin.py:115} INFO - [2022-05-13 04:00:32,099] {dag.py:2919} INFO - Setting next_dagrun for example_xcom_args_with_operators to None, run_after=None
[2022-05-13 04:00:32,107] {processor.py:161} INFO - Processing /home/airflow/.local/lib/python3.7/site-packages/airflow/example_dags/example_xcomargs.py took 0.103 seconds
[2022-05-13 04:01:02,957] {processor.py:153} INFO - Started process (PID=974) to work on /home/airflow/.local/lib/python3.7/site-packages/airflow/example_dags/example_xcomargs.py
[2022-05-13 04:01:02,958] {processor.py:641} INFO - Processing file /home/airflow/.local/lib/python3.7/site-packages/airflow/example_dags/example_xcomargs.py for tasks to queue
[2022-05-13 04:01:02,959] {logging_mixin.py:115} INFO - [2022-05-13 04:01:02,959] {dagbag.py:507} INFO - Filling up the DagBag from /home/airflow/.local/lib/python3.7/site-packages/airflow/example_dags/example_xcomargs.py
[2022-05-13 04:01:02,970] {processor.py:651} INFO - DAG(s) dict_keys(['example_xcom_args', 'example_xcom_args_with_operators']) retrieved from /home/airflow/.local/lib/python3.7/site-packages/airflow/example_dags/example_xcomargs.py
[2022-05-13 04:01:03,016] {logging_mixin.py:115} INFO - [2022-05-13 04:01:03,016] {dag.py:2371} INFO - Sync 2 DAGs
[2022-05-13 04:01:03,030] {logging_mixin.py:115} INFO - [2022-05-13 04:01:03,030] {dag.py:2919} INFO - Setting next_dagrun for example_xcom_args to None, run_after=None
[2022-05-13 04:01:03,030] {logging_mixin.py:115} INFO - [2022-05-13 04:01:03,030] {dag.py:2919} INFO - Setting next_dagrun for example_xcom_args_with_operators to None, run_after=None
[2022-05-13 04:01:03,039] {processor.py:161} INFO - Processing /home/airflow/.local/lib/python3.7/site-packages/airflow/example_dags/example_xcomargs.py took 0.084 seconds
[2022-05-13 04:01:34,063] {processor.py:153} INFO - Started process (PID=1624) to work on /home/airflow/.local/lib/python3.7/site-packages/airflow/example_dags/example_xcomargs.py
[2022-05-13 04:01:34,065] {processor.py:641} INFO - Processing file /home/airflow/.local/lib/python3.7/site-packages/airflow/example_dags/example_xcomargs.py for tasks to queue
[2022-05-13 04:01:34,066] {logging_mixin.py:115} INFO - [2022-05-13 04:01:34,066] {dagbag.py:507} INFO - Filling up the DagBag from /home/airflow/.local/lib/python3.7/site-packages/airflow/example_dags/example_xcomargs.py
[2022-05-13 04:01:34,103] {processor.py:651} INFO - DAG(s) dict_keys(['example_xcom_args', 'example_xcom_args_with_operators']) retrieved from /home/airflow/.local/lib/python3.7/site-packages/airflow/example_dags/example_xcomargs.py
[2022-05-13 04:01:34,235] {logging_mixin.py:115} INFO - [2022-05-13 04:01:34,235] {dag.py:2371} INFO - Sync 2 DAGs
[2022-05-13 04:01:34,254] {logging_mixin.py:115} INFO - [2022-05-13 04:01:34,254] {dag.py:2919} INFO - Setting next_dagrun for example_xcom_args to None, run_after=None
[2022-05-13 04:01:34,256] {logging_mixin.py:115} INFO - [2022-05-13 04:01:34,256] {dag.py:2919} INFO - Setting next_dagrun for example_xcom_args_with_operators to None, run_after=None
[2022-05-13 04:01:34,275] {processor.py:161} INFO - Processing /home/airflow/.local/lib/python3.7/site-packages/airflow/example_dags/example_xcomargs.py took 0.214 seconds
[2022-05-13 04:02:04,316] {processor.py:153} INFO - Started process (PID=1863) to work on /home/airflow/.local/lib/python3.7/site-packages/airflow/example_dags/example_xcomargs.py
[2022-05-13 04:02:04,317] {processor.py:641} INFO - Processing file /home/airflow/.local/lib/python3.7/site-packages/airflow/example_dags/example_xcomargs.py for tasks to queue
[2022-05-13 04:02:04,319] {logging_mixin.py:115} INFO - [2022-05-13 04:02:04,319] {dagbag.py:507} INFO - Filling up the DagBag from /home/airflow/.local/lib/python3.7/site-packages/airflow/example_dags/example_xcomargs.py
[2022-05-13 04:02:04,330] {processor.py:651} INFO - DAG(s) dict_keys(['example_xcom_args', 'example_xcom_args_with_operators']) retrieved from /home/airflow/.local/lib/python3.7/site-packages/airflow/example_dags/example_xcomargs.py
[2022-05-13 04:02:04,370] {logging_mixin.py:115} INFO - [2022-05-13 04:02:04,370] {dag.py:2371} INFO - Sync 2 DAGs
[2022-05-13 04:02:04,386] {logging_mixin.py:115} INFO - [2022-05-13 04:02:04,386] {dag.py:2919} INFO - Setting next_dagrun for example_xcom_args to None, run_after=None
[2022-05-13 04:02:04,387] {logging_mixin.py:115} INFO - [2022-05-13 04:02:04,387] {dag.py:2919} INFO - Setting next_dagrun for example_xcom_args_with_operators to None, run_after=None
[2022-05-13 04:02:04,396] {processor.py:161} INFO - Processing /home/airflow/.local/lib/python3.7/site-packages/airflow/example_dags/example_xcomargs.py took 0.082 seconds
[2022-05-13 04:02:35,431] {processor.py:153} INFO - Started process (PID=2126) to work on /home/airflow/.local/lib/python3.7/site-packages/airflow/example_dags/example_xcomargs.py
[2022-05-13 04:02:35,433] {processor.py:641} INFO - Processing file /home/airflow/.local/lib/python3.7/site-packages/airflow/example_dags/example_xcomargs.py for tasks to queue
[2022-05-13 04:02:35,434] {logging_mixin.py:115} INFO - [2022-05-13 04:02:35,434] {dagbag.py:507} INFO - Filling up the DagBag from /home/airflow/.local/lib/python3.7/site-packages/airflow/example_dags/example_xcomargs.py
[2022-05-13 04:02:35,447] {processor.py:651} INFO - DAG(s) dict_keys(['example_xcom_args', 'example_xcom_args_with_operators']) retrieved from /home/airflow/.local/lib/python3.7/site-packages/airflow/example_dags/example_xcomargs.py
[2022-05-13 04:02:35,493] {logging_mixin.py:115} INFO - [2022-05-13 04:02:35,493] {dag.py:2371} INFO - Sync 2 DAGs
[2022-05-13 04:02:35,510] {logging_mixin.py:115} INFO - [2022-05-13 04:02:35,510] {dag.py:2919} INFO - Setting next_dagrun for example_xcom_args to None, run_after=None
[2022-05-13 04:02:35,512] {logging_mixin.py:115} INFO - [2022-05-13 04:02:35,511] {dag.py:2919} INFO - Setting next_dagrun for example_xcom_args_with_operators to None, run_after=None
[2022-05-13 04:02:35,521] {processor.py:161} INFO - Processing /home/airflow/.local/lib/python3.7/site-packages/airflow/example_dags/example_xcomargs.py took 0.093 seconds
[2022-05-13 04:03:05,975] {processor.py:153} INFO - Started process (PID=2518) to work on /home/airflow/.local/lib/python3.7/site-packages/airflow/example_dags/example_xcomargs.py
[2022-05-13 04:03:05,976] {processor.py:641} INFO - Processing file /home/airflow/.local/lib/python3.7/site-packages/airflow/example_dags/example_xcomargs.py for tasks to queue
[2022-05-13 04:03:05,977] {logging_mixin.py:115} INFO - [2022-05-13 04:03:05,977] {dagbag.py:507} INFO - Filling up the DagBag from /home/airflow/.local/lib/python3.7/site-packages/airflow/example_dags/example_xcomargs.py
[2022-05-13 04:03:05,989] {processor.py:651} INFO - DAG(s) dict_keys(['example_xcom_args', 'example_xcom_args_with_operators']) retrieved from /home/airflow/.local/lib/python3.7/site-packages/airflow/example_dags/example_xcomargs.py
[2022-05-13 04:03:06,009] {logging_mixin.py:115} INFO - [2022-05-13 04:03:06,009] {dag.py:2371} INFO - Sync 2 DAGs
[2022-05-13 04:03:06,023] {logging_mixin.py:115} INFO - [2022-05-13 04:03:06,023] {dag.py:2919} INFO - Setting next_dagrun for example_xcom_args to None, run_after=None
[2022-05-13 04:03:06,024] {logging_mixin.py:115} INFO - [2022-05-13 04:03:06,024] {dag.py:2919} INFO - Setting next_dagrun for example_xcom_args_with_operators to None, run_after=None
[2022-05-13 04:03:06,031] {processor.py:161} INFO - Processing /home/airflow/.local/lib/python3.7/site-packages/airflow/example_dags/example_xcomargs.py took 0.058 seconds
[2022-05-13 04:03:37,116] {processor.py:153} INFO - Started process (PID=2756) to work on /home/airflow/.local/lib/python3.7/site-packages/airflow/example_dags/example_xcomargs.py
[2022-05-13 04:03:37,118] {processor.py:641} INFO - Processing file /home/airflow/.local/lib/python3.7/site-packages/airflow/example_dags/example_xcomargs.py for tasks to queue
[2022-05-13 04:03:37,119] {logging_mixin.py:115} INFO - [2022-05-13 04:03:37,119] {dagbag.py:507} INFO - Filling up the DagBag from /home/airflow/.local/lib/python3.7/site-packages/airflow/example_dags/example_xcomargs.py
[2022-05-13 04:03:37,136] {processor.py:651} INFO - DAG(s) dict_keys(['example_xcom_args', 'example_xcom_args_with_operators']) retrieved from /home/airflow/.local/lib/python3.7/site-packages/airflow/example_dags/example_xcomargs.py
[2022-05-13 04:03:37,190] {logging_mixin.py:115} INFO - [2022-05-13 04:03:37,190] {dag.py:2371} INFO - Sync 2 DAGs
[2022-05-13 04:03:37,203] {logging_mixin.py:115} INFO - [2022-05-13 04:03:37,203] {dag.py:2919} INFO - Setting next_dagrun for example_xcom_args to None, run_after=None
[2022-05-13 04:03:37,204] {logging_mixin.py:115} INFO - [2022-05-13 04:03:37,204] {dag.py:2919} INFO - Setting next_dagrun for example_xcom_args_with_operators to None, run_after=None
[2022-05-13 04:03:37,214] {processor.py:161} INFO - Processing /home/airflow/.local/lib/python3.7/site-packages/airflow/example_dags/example_xcomargs.py took 0.100 seconds
[2022-05-13 06:14:11,960] {processor.py:153} INFO - Started process (PID=183) to work on /home/airflow/.local/lib/python3.7/site-packages/airflow/example_dags/example_xcomargs.py
[2022-05-13 06:14:11,962] {processor.py:641} INFO - Processing file /home/airflow/.local/lib/python3.7/site-packages/airflow/example_dags/example_xcomargs.py for tasks to queue
[2022-05-13 06:14:11,963] {logging_mixin.py:115} INFO - [2022-05-13 06:14:11,963] {dagbag.py:507} INFO - Filling up the DagBag from /home/airflow/.local/lib/python3.7/site-packages/airflow/example_dags/example_xcomargs.py
[2022-05-13 06:14:11,977] {processor.py:651} INFO - DAG(s) dict_keys(['example_xcom_args', 'example_xcom_args_with_operators']) retrieved from /home/airflow/.local/lib/python3.7/site-packages/airflow/example_dags/example_xcomargs.py
[2022-05-13 06:14:12,020] {logging_mixin.py:115} INFO - [2022-05-13 06:14:12,020] {dag.py:2371} INFO - Sync 2 DAGs
[2022-05-13 06:14:12,073] {logging_mixin.py:115} INFO - [2022-05-13 06:14:12,072] {dag.py:2919} INFO - Setting next_dagrun for example_xcom_args to None, run_after=None
[2022-05-13 06:14:12,075] {logging_mixin.py:115} INFO - [2022-05-13 06:14:12,075] {dag.py:2919} INFO - Setting next_dagrun for example_xcom_args_with_operators to None, run_after=None
[2022-05-13 06:14:12,127] {processor.py:161} INFO - Processing /home/airflow/.local/lib/python3.7/site-packages/airflow/example_dags/example_xcomargs.py took 0.169 seconds
[2022-05-13 06:14:42,960] {processor.py:153} INFO - Started process (PID=464) to work on /home/airflow/.local/lib/python3.7/site-packages/airflow/example_dags/example_xcomargs.py
[2022-05-13 06:14:42,961] {processor.py:641} INFO - Processing file /home/airflow/.local/lib/python3.7/site-packages/airflow/example_dags/example_xcomargs.py for tasks to queue
[2022-05-13 06:14:42,962] {logging_mixin.py:115} INFO - [2022-05-13 06:14:42,962] {dagbag.py:507} INFO - Filling up the DagBag from /home/airflow/.local/lib/python3.7/site-packages/airflow/example_dags/example_xcomargs.py
[2022-05-13 06:14:42,972] {processor.py:651} INFO - DAG(s) dict_keys(['example_xcom_args', 'example_xcom_args_with_operators']) retrieved from /home/airflow/.local/lib/python3.7/site-packages/airflow/example_dags/example_xcomargs.py
[2022-05-13 06:14:43,013] {logging_mixin.py:115} INFO - [2022-05-13 06:14:43,013] {dag.py:2371} INFO - Sync 2 DAGs
[2022-05-13 06:14:43,027] {logging_mixin.py:115} INFO - [2022-05-13 06:14:43,027] {dag.py:2919} INFO - Setting next_dagrun for example_xcom_args to None, run_after=None
[2022-05-13 06:14:43,028] {logging_mixin.py:115} INFO - [2022-05-13 06:14:43,028] {dag.py:2919} INFO - Setting next_dagrun for example_xcom_args_with_operators to None, run_after=None
[2022-05-13 06:14:43,037] {processor.py:161} INFO - Processing /home/airflow/.local/lib/python3.7/site-packages/airflow/example_dags/example_xcomargs.py took 0.079 seconds
[2022-05-13 06:15:13,904] {processor.py:153} INFO - Started process (PID=684) to work on /home/airflow/.local/lib/python3.7/site-packages/airflow/example_dags/example_xcomargs.py
[2022-05-13 06:15:13,905] {processor.py:641} INFO - Processing file /home/airflow/.local/lib/python3.7/site-packages/airflow/example_dags/example_xcomargs.py for tasks to queue
[2022-05-13 06:15:13,906] {logging_mixin.py:115} INFO - [2022-05-13 06:15:13,906] {dagbag.py:507} INFO - Filling up the DagBag from /home/airflow/.local/lib/python3.7/site-packages/airflow/example_dags/example_xcomargs.py
[2022-05-13 06:15:13,916] {processor.py:651} INFO - DAG(s) dict_keys(['example_xcom_args', 'example_xcom_args_with_operators']) retrieved from /home/airflow/.local/lib/python3.7/site-packages/airflow/example_dags/example_xcomargs.py
[2022-05-13 06:15:13,954] {logging_mixin.py:115} INFO - [2022-05-13 06:15:13,954] {dag.py:2371} INFO - Sync 2 DAGs
[2022-05-13 06:15:13,968] {logging_mixin.py:115} INFO - [2022-05-13 06:15:13,968] {dag.py:2919} INFO - Setting next_dagrun for example_xcom_args to None, run_after=None
[2022-05-13 06:15:13,969] {logging_mixin.py:115} INFO - [2022-05-13 06:15:13,969] {dag.py:2919} INFO - Setting next_dagrun for example_xcom_args_with_operators to None, run_after=None
[2022-05-13 06:15:13,977] {processor.py:161} INFO - Processing /home/airflow/.local/lib/python3.7/site-packages/airflow/example_dags/example_xcomargs.py took 0.075 seconds
[2022-05-13 06:15:44,946] {processor.py:153} INFO - Started process (PID=1069) to work on /home/airflow/.local/lib/python3.7/site-packages/airflow/example_dags/example_xcomargs.py
[2022-05-13 06:15:44,947] {processor.py:641} INFO - Processing file /home/airflow/.local/lib/python3.7/site-packages/airflow/example_dags/example_xcomargs.py for tasks to queue
[2022-05-13 06:15:44,948] {logging_mixin.py:115} INFO - [2022-05-13 06:15:44,948] {dagbag.py:507} INFO - Filling up the DagBag from /home/airflow/.local/lib/python3.7/site-packages/airflow/example_dags/example_xcomargs.py
[2022-05-13 06:15:44,960] {processor.py:651} INFO - DAG(s) dict_keys(['example_xcom_args', 'example_xcom_args_with_operators']) retrieved from /home/airflow/.local/lib/python3.7/site-packages/airflow/example_dags/example_xcomargs.py
[2022-05-13 06:15:45,003] {logging_mixin.py:115} INFO - [2022-05-13 06:15:45,003] {dag.py:2371} INFO - Sync 2 DAGs
[2022-05-13 06:15:45,016] {logging_mixin.py:115} INFO - [2022-05-13 06:15:45,016] {dag.py:2919} INFO - Setting next_dagrun for example_xcom_args to None, run_after=None
[2022-05-13 06:15:45,017] {logging_mixin.py:115} INFO - [2022-05-13 06:15:45,017] {dag.py:2919} INFO - Setting next_dagrun for example_xcom_args_with_operators to None, run_after=None
[2022-05-13 06:15:45,027] {processor.py:161} INFO - Processing /home/airflow/.local/lib/python3.7/site-packages/airflow/example_dags/example_xcomargs.py took 0.082 seconds
[2022-05-13 06:16:15,934] {processor.py:153} INFO - Started process (PID=1308) to work on /home/airflow/.local/lib/python3.7/site-packages/airflow/example_dags/example_xcomargs.py
[2022-05-13 06:16:15,936] {processor.py:641} INFO - Processing file /home/airflow/.local/lib/python3.7/site-packages/airflow/example_dags/example_xcomargs.py for tasks to queue
[2022-05-13 06:16:15,938] {logging_mixin.py:115} INFO - [2022-05-13 06:16:15,938] {dagbag.py:507} INFO - Filling up the DagBag from /home/airflow/.local/lib/python3.7/site-packages/airflow/example_dags/example_xcomargs.py
[2022-05-13 06:16:15,958] {processor.py:651} INFO - DAG(s) dict_keys(['example_xcom_args', 'example_xcom_args_with_operators']) retrieved from /home/airflow/.local/lib/python3.7/site-packages/airflow/example_dags/example_xcomargs.py
[2022-05-13 06:16:16,003] {logging_mixin.py:115} INFO - [2022-05-13 06:16:16,003] {dag.py:2371} INFO - Sync 2 DAGs
[2022-05-13 06:16:16,017] {logging_mixin.py:115} INFO - [2022-05-13 06:16:16,017] {dag.py:2919} INFO - Setting next_dagrun for example_xcom_args to None, run_after=None
[2022-05-13 06:16:16,019] {logging_mixin.py:115} INFO - [2022-05-13 06:16:16,019] {dag.py:2919} INFO - Setting next_dagrun for example_xcom_args_with_operators to None, run_after=None
[2022-05-13 06:16:16,029] {processor.py:161} INFO - Processing /home/airflow/.local/lib/python3.7/site-packages/airflow/example_dags/example_xcomargs.py took 0.097 seconds
