[2022-05-13 03:38:58,971] {processor.py:153} INFO - Started process (PID=365) to work on /home/airflow/.local/lib/python3.7/site-packages/airflow/example_dags/example_branch_labels.py
[2022-05-13 03:38:58,974] {processor.py:641} INFO - Processing file /home/airflow/.local/lib/python3.7/site-packages/airflow/example_dags/example_branch_labels.py for tasks to queue
[2022-05-13 03:38:58,977] {logging_mixin.py:115} INFO - [2022-05-13 03:38:58,977] {dagbag.py:507} INFO - Filling up the DagBag from /home/airflow/.local/lib/python3.7/site-packages/airflow/example_dags/example_branch_labels.py
[2022-05-13 03:38:58,985] {processor.py:651} INFO - DAG(s) dict_keys(['example_branch_labels']) retrieved from /home/airflow/.local/lib/python3.7/site-packages/airflow/example_dags/example_branch_labels.py
[2022-05-13 03:38:59,007] {logging_mixin.py:115} INFO - [2022-05-13 03:38:59,006] {dag.py:2371} INFO - Sync 1 DAGs
[2022-05-13 03:38:59,028] {logging_mixin.py:115} INFO - [2022-05-13 03:38:59,028] {dag.py:2919} INFO - Setting next_dagrun for example_branch_labels to 2022-05-12T00:00:00+00:00, run_after=2022-05-13T00:00:00+00:00
[2022-05-13 03:38:59,039] {processor.py:161} INFO - Processing /home/airflow/.local/lib/python3.7/site-packages/airflow/example_dags/example_branch_labels.py took 0.070 seconds
[2022-05-13 03:39:29,259] {processor.py:153} INFO - Started process (PID=598) to work on /home/airflow/.local/lib/python3.7/site-packages/airflow/example_dags/example_branch_labels.py
[2022-05-13 03:39:29,260] {processor.py:641} INFO - Processing file /home/airflow/.local/lib/python3.7/site-packages/airflow/example_dags/example_branch_labels.py for tasks to queue
[2022-05-13 03:39:29,261] {logging_mixin.py:115} INFO - [2022-05-13 03:39:29,261] {dagbag.py:507} INFO - Filling up the DagBag from /home/airflow/.local/lib/python3.7/site-packages/airflow/example_dags/example_branch_labels.py
[2022-05-13 03:39:29,265] {processor.py:651} INFO - DAG(s) dict_keys(['example_branch_labels']) retrieved from /home/airflow/.local/lib/python3.7/site-packages/airflow/example_dags/example_branch_labels.py
[2022-05-13 03:39:29,284] {logging_mixin.py:115} INFO - [2022-05-13 03:39:29,284] {dag.py:2371} INFO - Sync 1 DAGs
[2022-05-13 03:39:29,297] {logging_mixin.py:115} INFO - [2022-05-13 03:39:29,297] {dag.py:2919} INFO - Setting next_dagrun for example_branch_labels to 2022-05-12T00:00:00+00:00, run_after=2022-05-13T00:00:00+00:00
[2022-05-13 03:39:29,304] {processor.py:161} INFO - Processing /home/airflow/.local/lib/python3.7/site-packages/airflow/example_dags/example_branch_labels.py took 0.048 seconds
[2022-05-13 03:40:00,050] {processor.py:153} INFO - Started process (PID=985) to work on /home/airflow/.local/lib/python3.7/site-packages/airflow/example_dags/example_branch_labels.py
[2022-05-13 03:40:00,051] {processor.py:641} INFO - Processing file /home/airflow/.local/lib/python3.7/site-packages/airflow/example_dags/example_branch_labels.py for tasks to queue
[2022-05-13 03:40:00,052] {logging_mixin.py:115} INFO - [2022-05-13 03:40:00,052] {dagbag.py:507} INFO - Filling up the DagBag from /home/airflow/.local/lib/python3.7/site-packages/airflow/example_dags/example_branch_labels.py
[2022-05-13 03:40:00,057] {processor.py:651} INFO - DAG(s) dict_keys(['example_branch_labels']) retrieved from /home/airflow/.local/lib/python3.7/site-packages/airflow/example_dags/example_branch_labels.py
[2022-05-13 03:40:00,075] {logging_mixin.py:115} INFO - [2022-05-13 03:40:00,075] {dag.py:2371} INFO - Sync 1 DAGs
[2022-05-13 03:40:00,091] {logging_mixin.py:115} INFO - [2022-05-13 03:40:00,091] {dag.py:2919} INFO - Setting next_dagrun for example_branch_labels to 2022-05-12T00:00:00+00:00, run_after=2022-05-13T00:00:00+00:00
[2022-05-13 03:40:00,100] {processor.py:161} INFO - Processing /home/airflow/.local/lib/python3.7/site-packages/airflow/example_dags/example_branch_labels.py took 0.052 seconds
[2022-05-13 03:40:30,299] {processor.py:153} INFO - Started process (PID=1205) to work on /home/airflow/.local/lib/python3.7/site-packages/airflow/example_dags/example_branch_labels.py
[2022-05-13 03:40:30,301] {processor.py:641} INFO - Processing file /home/airflow/.local/lib/python3.7/site-packages/airflow/example_dags/example_branch_labels.py for tasks to queue
[2022-05-13 03:40:30,302] {logging_mixin.py:115} INFO - [2022-05-13 03:40:30,302] {dagbag.py:507} INFO - Filling up the DagBag from /home/airflow/.local/lib/python3.7/site-packages/airflow/example_dags/example_branch_labels.py
[2022-05-13 03:40:30,306] {processor.py:651} INFO - DAG(s) dict_keys(['example_branch_labels']) retrieved from /home/airflow/.local/lib/python3.7/site-packages/airflow/example_dags/example_branch_labels.py
[2022-05-13 03:40:30,324] {logging_mixin.py:115} INFO - [2022-05-13 03:40:30,324] {dag.py:2371} INFO - Sync 1 DAGs
[2022-05-13 03:40:30,337] {logging_mixin.py:115} INFO - [2022-05-13 03:40:30,337] {dag.py:2919} INFO - Setting next_dagrun for example_branch_labels to 2022-05-12T00:00:00+00:00, run_after=2022-05-13T00:00:00+00:00
[2022-05-13 03:40:30,344] {processor.py:161} INFO - Processing /home/airflow/.local/lib/python3.7/site-packages/airflow/example_dags/example_branch_labels.py took 0.047 seconds
[2022-05-13 03:41:00,489] {processor.py:153} INFO - Started process (PID=1627) to work on /home/airflow/.local/lib/python3.7/site-packages/airflow/example_dags/example_branch_labels.py
[2022-05-13 03:41:00,491] {processor.py:641} INFO - Processing file /home/airflow/.local/lib/python3.7/site-packages/airflow/example_dags/example_branch_labels.py for tasks to queue
[2022-05-13 03:41:00,492] {logging_mixin.py:115} INFO - [2022-05-13 03:41:00,491] {dagbag.py:507} INFO - Filling up the DagBag from /home/airflow/.local/lib/python3.7/site-packages/airflow/example_dags/example_branch_labels.py
[2022-05-13 03:41:00,497] {processor.py:651} INFO - DAG(s) dict_keys(['example_branch_labels']) retrieved from /home/airflow/.local/lib/python3.7/site-packages/airflow/example_dags/example_branch_labels.py
[2022-05-13 03:41:00,516] {logging_mixin.py:115} INFO - [2022-05-13 03:41:00,516] {dag.py:2371} INFO - Sync 1 DAGs
[2022-05-13 03:41:00,530] {logging_mixin.py:115} INFO - [2022-05-13 03:41:00,530] {dag.py:2919} INFO - Setting next_dagrun for example_branch_labels to 2022-05-12T00:00:00+00:00, run_after=2022-05-13T00:00:00+00:00
[2022-05-13 03:41:00,536] {processor.py:161} INFO - Processing /home/airflow/.local/lib/python3.7/site-packages/airflow/example_dags/example_branch_labels.py took 0.050 seconds
[2022-05-13 03:41:30,638] {processor.py:153} INFO - Started process (PID=1844) to work on /home/airflow/.local/lib/python3.7/site-packages/airflow/example_dags/example_branch_labels.py
[2022-05-13 03:41:30,639] {processor.py:641} INFO - Processing file /home/airflow/.local/lib/python3.7/site-packages/airflow/example_dags/example_branch_labels.py for tasks to queue
[2022-05-13 03:41:30,640] {logging_mixin.py:115} INFO - [2022-05-13 03:41:30,640] {dagbag.py:507} INFO - Filling up the DagBag from /home/airflow/.local/lib/python3.7/site-packages/airflow/example_dags/example_branch_labels.py
[2022-05-13 03:41:30,644] {processor.py:651} INFO - DAG(s) dict_keys(['example_branch_labels']) retrieved from /home/airflow/.local/lib/python3.7/site-packages/airflow/example_dags/example_branch_labels.py
[2022-05-13 03:41:30,661] {logging_mixin.py:115} INFO - [2022-05-13 03:41:30,661] {dag.py:2371} INFO - Sync 1 DAGs
[2022-05-13 03:41:30,674] {logging_mixin.py:115} INFO - [2022-05-13 03:41:30,674] {dag.py:2919} INFO - Setting next_dagrun for example_branch_labels to 2022-05-12T00:00:00+00:00, run_after=2022-05-13T00:00:00+00:00
[2022-05-13 03:41:30,681] {processor.py:161} INFO - Processing /home/airflow/.local/lib/python3.7/site-packages/airflow/example_dags/example_branch_labels.py took 0.047 seconds
[2022-05-13 03:42:01,526] {processor.py:153} INFO - Started process (PID=2082) to work on /home/airflow/.local/lib/python3.7/site-packages/airflow/example_dags/example_branch_labels.py
[2022-05-13 03:42:01,530] {processor.py:641} INFO - Processing file /home/airflow/.local/lib/python3.7/site-packages/airflow/example_dags/example_branch_labels.py for tasks to queue
[2022-05-13 03:42:01,535] {logging_mixin.py:115} INFO - [2022-05-13 03:42:01,535] {dagbag.py:507} INFO - Filling up the DagBag from /home/airflow/.local/lib/python3.7/site-packages/airflow/example_dags/example_branch_labels.py
[2022-05-13 03:42:01,540] {processor.py:651} INFO - DAG(s) dict_keys(['example_branch_labels']) retrieved from /home/airflow/.local/lib/python3.7/site-packages/airflow/example_dags/example_branch_labels.py
[2022-05-13 03:42:01,561] {logging_mixin.py:115} INFO - [2022-05-13 03:42:01,561] {dag.py:2371} INFO - Sync 1 DAGs
[2022-05-13 03:42:01,574] {logging_mixin.py:115} INFO - [2022-05-13 03:42:01,574] {dag.py:2919} INFO - Setting next_dagrun for example_branch_labels to 2022-05-12T00:00:00+00:00, run_after=2022-05-13T00:00:00+00:00
[2022-05-13 03:42:01,580] {processor.py:161} INFO - Processing /home/airflow/.local/lib/python3.7/site-packages/airflow/example_dags/example_branch_labels.py took 0.060 seconds
[2022-05-13 03:42:32,450] {processor.py:153} INFO - Started process (PID=2295) to work on /home/airflow/.local/lib/python3.7/site-packages/airflow/example_dags/example_branch_labels.py
[2022-05-13 03:42:32,453] {processor.py:641} INFO - Processing file /home/airflow/.local/lib/python3.7/site-packages/airflow/example_dags/example_branch_labels.py for tasks to queue
[2022-05-13 03:42:32,454] {logging_mixin.py:115} INFO - [2022-05-13 03:42:32,454] {dagbag.py:507} INFO - Filling up the DagBag from /home/airflow/.local/lib/python3.7/site-packages/airflow/example_dags/example_branch_labels.py
[2022-05-13 03:42:32,462] {processor.py:651} INFO - DAG(s) dict_keys(['example_branch_labels']) retrieved from /home/airflow/.local/lib/python3.7/site-packages/airflow/example_dags/example_branch_labels.py
[2022-05-13 03:42:32,486] {logging_mixin.py:115} INFO - [2022-05-13 03:42:32,486] {dag.py:2371} INFO - Sync 1 DAGs
[2022-05-13 03:42:32,503] {logging_mixin.py:115} INFO - [2022-05-13 03:42:32,503] {dag.py:2919} INFO - Setting next_dagrun for example_branch_labels to 2022-05-12T00:00:00+00:00, run_after=2022-05-13T00:00:00+00:00
[2022-05-13 03:42:32,511] {processor.py:161} INFO - Processing /home/airflow/.local/lib/python3.7/site-packages/airflow/example_dags/example_branch_labels.py took 0.065 seconds
