[2022-05-13 03:38:58,396] {processor.py:153} INFO - Started process (PID=319) to work on /home/airflow/.local/lib/python3.7/site-packages/airflow/example_dags/example_dag_decorator.py
[2022-05-13 03:38:58,398] {processor.py:641} INFO - Processing file /home/airflow/.local/lib/python3.7/site-packages/airflow/example_dags/example_dag_decorator.py for tasks to queue
[2022-05-13 03:38:58,402] {logging_mixin.py:115} INFO - [2022-05-13 03:38:58,402] {dagbag.py:507} INFO - Filling up the DagBag from /home/airflow/.local/lib/python3.7/site-packages/airflow/example_dags/example_dag_decorator.py
[2022-05-13 03:38:58,421] {processor.py:651} INFO - DAG(s) dict_keys(['example_dag_decorator']) retrieved from /home/airflow/.local/lib/python3.7/site-packages/airflow/example_dags/example_dag_decorator.py
[2022-05-13 03:38:58,483] {logging_mixin.py:115} INFO - [2022-05-13 03:38:58,483] {dag.py:2371} INFO - Sync 1 DAGs
[2022-05-13 03:38:58,504] {logging_mixin.py:115} INFO - [2022-05-13 03:38:58,503] {dag.py:2919} INFO - Setting next_dagrun for example_dag_decorator to None, run_after=None
[2022-05-13 03:38:58,532] {processor.py:161} INFO - Processing /home/airflow/.local/lib/python3.7/site-packages/airflow/example_dags/example_dag_decorator.py took 0.139 seconds
[2022-05-13 03:39:28,779] {processor.py:153} INFO - Started process (PID=556) to work on /home/airflow/.local/lib/python3.7/site-packages/airflow/example_dags/example_dag_decorator.py
[2022-05-13 03:39:28,781] {processor.py:641} INFO - Processing file /home/airflow/.local/lib/python3.7/site-packages/airflow/example_dags/example_dag_decorator.py for tasks to queue
[2022-05-13 03:39:28,782] {logging_mixin.py:115} INFO - [2022-05-13 03:39:28,782] {dagbag.py:507} INFO - Filling up the DagBag from /home/airflow/.local/lib/python3.7/site-packages/airflow/example_dags/example_dag_decorator.py
[2022-05-13 03:39:28,803] {processor.py:651} INFO - DAG(s) dict_keys(['example_dag_decorator']) retrieved from /home/airflow/.local/lib/python3.7/site-packages/airflow/example_dags/example_dag_decorator.py
[2022-05-13 03:39:28,849] {logging_mixin.py:115} INFO - [2022-05-13 03:39:28,849] {dag.py:2371} INFO - Sync 1 DAGs
[2022-05-13 03:39:28,862] {logging_mixin.py:115} INFO - [2022-05-13 03:39:28,862] {dag.py:2919} INFO - Setting next_dagrun for example_dag_decorator to None, run_after=None
[2022-05-13 03:39:28,870] {processor.py:161} INFO - Processing /home/airflow/.local/lib/python3.7/site-packages/airflow/example_dags/example_dag_decorator.py took 0.094 seconds
[2022-05-13 03:39:59,666] {processor.py:153} INFO - Started process (PID=943) to work on /home/airflow/.local/lib/python3.7/site-packages/airflow/example_dags/example_dag_decorator.py
[2022-05-13 03:39:59,668] {processor.py:641} INFO - Processing file /home/airflow/.local/lib/python3.7/site-packages/airflow/example_dags/example_dag_decorator.py for tasks to queue
[2022-05-13 03:39:59,669] {logging_mixin.py:115} INFO - [2022-05-13 03:39:59,668] {dagbag.py:507} INFO - Filling up the DagBag from /home/airflow/.local/lib/python3.7/site-packages/airflow/example_dags/example_dag_decorator.py
[2022-05-13 03:39:59,695] {processor.py:651} INFO - DAG(s) dict_keys(['example_dag_decorator']) retrieved from /home/airflow/.local/lib/python3.7/site-packages/airflow/example_dags/example_dag_decorator.py
[2022-05-13 03:39:59,736] {logging_mixin.py:115} INFO - [2022-05-13 03:39:59,736] {dag.py:2371} INFO - Sync 1 DAGs
[2022-05-13 03:39:59,748] {logging_mixin.py:115} INFO - [2022-05-13 03:39:59,748] {dag.py:2919} INFO - Setting next_dagrun for example_dag_decorator to None, run_after=None
[2022-05-13 03:39:59,757] {processor.py:161} INFO - Processing /home/airflow/.local/lib/python3.7/site-packages/airflow/example_dags/example_dag_decorator.py took 0.092 seconds
[2022-05-13 03:40:29,898] {processor.py:153} INFO - Started process (PID=1163) to work on /home/airflow/.local/lib/python3.7/site-packages/airflow/example_dags/example_dag_decorator.py
[2022-05-13 03:40:29,899] {processor.py:641} INFO - Processing file /home/airflow/.local/lib/python3.7/site-packages/airflow/example_dags/example_dag_decorator.py for tasks to queue
[2022-05-13 03:40:29,901] {logging_mixin.py:115} INFO - [2022-05-13 03:40:29,901] {dagbag.py:507} INFO - Filling up the DagBag from /home/airflow/.local/lib/python3.7/site-packages/airflow/example_dags/example_dag_decorator.py
[2022-05-13 03:40:29,918] {processor.py:651} INFO - DAG(s) dict_keys(['example_dag_decorator']) retrieved from /home/airflow/.local/lib/python3.7/site-packages/airflow/example_dags/example_dag_decorator.py
[2022-05-13 03:40:29,965] {logging_mixin.py:115} INFO - [2022-05-13 03:40:29,965] {dag.py:2371} INFO - Sync 1 DAGs
[2022-05-13 03:40:29,979] {logging_mixin.py:115} INFO - [2022-05-13 03:40:29,979] {dag.py:2919} INFO - Setting next_dagrun for example_dag_decorator to None, run_after=None
[2022-05-13 03:40:29,995] {processor.py:161} INFO - Processing /home/airflow/.local/lib/python3.7/site-packages/airflow/example_dags/example_dag_decorator.py took 0.099 seconds
[2022-05-13 03:41:00,101] {processor.py:153} INFO - Started process (PID=1587) to work on /home/airflow/.local/lib/python3.7/site-packages/airflow/example_dags/example_dag_decorator.py
[2022-05-13 03:41:00,102] {processor.py:641} INFO - Processing file /home/airflow/.local/lib/python3.7/site-packages/airflow/example_dags/example_dag_decorator.py for tasks to queue
[2022-05-13 03:41:00,103] {logging_mixin.py:115} INFO - [2022-05-13 03:41:00,103] {dagbag.py:507} INFO - Filling up the DagBag from /home/airflow/.local/lib/python3.7/site-packages/airflow/example_dags/example_dag_decorator.py
[2022-05-13 03:41:00,126] {processor.py:651} INFO - DAG(s) dict_keys(['example_dag_decorator']) retrieved from /home/airflow/.local/lib/python3.7/site-packages/airflow/example_dags/example_dag_decorator.py
[2022-05-13 03:41:00,168] {logging_mixin.py:115} INFO - [2022-05-13 03:41:00,168] {dag.py:2371} INFO - Sync 1 DAGs
[2022-05-13 03:41:00,181] {logging_mixin.py:115} INFO - [2022-05-13 03:41:00,180] {dag.py:2919} INFO - Setting next_dagrun for example_dag_decorator to None, run_after=None
[2022-05-13 03:41:00,189] {processor.py:161} INFO - Processing /home/airflow/.local/lib/python3.7/site-packages/airflow/example_dags/example_dag_decorator.py took 0.090 seconds
[2022-05-13 03:41:30,233] {processor.py:153} INFO - Started process (PID=1806) to work on /home/airflow/.local/lib/python3.7/site-packages/airflow/example_dags/example_dag_decorator.py
[2022-05-13 03:41:30,234] {processor.py:641} INFO - Processing file /home/airflow/.local/lib/python3.7/site-packages/airflow/example_dags/example_dag_decorator.py for tasks to queue
[2022-05-13 03:41:30,235] {logging_mixin.py:115} INFO - [2022-05-13 03:41:30,235] {dagbag.py:507} INFO - Filling up the DagBag from /home/airflow/.local/lib/python3.7/site-packages/airflow/example_dags/example_dag_decorator.py
[2022-05-13 03:41:30,248] {processor.py:651} INFO - DAG(s) dict_keys(['example_dag_decorator']) retrieved from /home/airflow/.local/lib/python3.7/site-packages/airflow/example_dags/example_dag_decorator.py
[2022-05-13 03:41:30,282] {logging_mixin.py:115} INFO - [2022-05-13 03:41:30,282] {dag.py:2371} INFO - Sync 1 DAGs
[2022-05-13 03:41:30,293] {logging_mixin.py:115} INFO - [2022-05-13 03:41:30,292] {dag.py:2919} INFO - Setting next_dagrun for example_dag_decorator to None, run_after=None
[2022-05-13 03:41:30,300] {processor.py:161} INFO - Processing /home/airflow/.local/lib/python3.7/site-packages/airflow/example_dags/example_dag_decorator.py took 0.069 seconds
[2022-05-13 03:42:01,126] {processor.py:153} INFO - Started process (PID=2040) to work on /home/airflow/.local/lib/python3.7/site-packages/airflow/example_dags/example_dag_decorator.py
[2022-05-13 03:42:01,128] {processor.py:641} INFO - Processing file /home/airflow/.local/lib/python3.7/site-packages/airflow/example_dags/example_dag_decorator.py for tasks to queue
[2022-05-13 03:42:01,129] {logging_mixin.py:115} INFO - [2022-05-13 03:42:01,128] {dagbag.py:507} INFO - Filling up the DagBag from /home/airflow/.local/lib/python3.7/site-packages/airflow/example_dags/example_dag_decorator.py
[2022-05-13 03:42:01,149] {processor.py:651} INFO - DAG(s) dict_keys(['example_dag_decorator']) retrieved from /home/airflow/.local/lib/python3.7/site-packages/airflow/example_dags/example_dag_decorator.py
[2022-05-13 03:42:01,190] {logging_mixin.py:115} INFO - [2022-05-13 03:42:01,190] {dag.py:2371} INFO - Sync 1 DAGs
[2022-05-13 03:42:01,202] {logging_mixin.py:115} INFO - [2022-05-13 03:42:01,202] {dag.py:2919} INFO - Setting next_dagrun for example_dag_decorator to None, run_after=None
[2022-05-13 03:42:01,211] {processor.py:161} INFO - Processing /home/airflow/.local/lib/python3.7/site-packages/airflow/example_dags/example_dag_decorator.py took 0.087 seconds
[2022-05-13 03:42:32,074] {processor.py:153} INFO - Started process (PID=2255) to work on /home/airflow/.local/lib/python3.7/site-packages/airflow/example_dags/example_dag_decorator.py
[2022-05-13 03:42:32,076] {processor.py:641} INFO - Processing file /home/airflow/.local/lib/python3.7/site-packages/airflow/example_dags/example_dag_decorator.py for tasks to queue
[2022-05-13 03:42:32,077] {logging_mixin.py:115} INFO - [2022-05-13 03:42:32,077] {dagbag.py:507} INFO - Filling up the DagBag from /home/airflow/.local/lib/python3.7/site-packages/airflow/example_dags/example_dag_decorator.py
[2022-05-13 03:42:32,092] {processor.py:651} INFO - DAG(s) dict_keys(['example_dag_decorator']) retrieved from /home/airflow/.local/lib/python3.7/site-packages/airflow/example_dags/example_dag_decorator.py
[2022-05-13 03:42:32,129] {logging_mixin.py:115} INFO - [2022-05-13 03:42:32,129] {dag.py:2371} INFO - Sync 1 DAGs
[2022-05-13 03:42:32,142] {logging_mixin.py:115} INFO - [2022-05-13 03:42:32,142] {dag.py:2919} INFO - Setting next_dagrun for example_dag_decorator to None, run_after=None
[2022-05-13 03:42:32,155] {processor.py:161} INFO - Processing /home/airflow/.local/lib/python3.7/site-packages/airflow/example_dags/example_dag_decorator.py took 0.082 seconds
