[2022-05-13 03:38:58,298] {processor.py:153} INFO - Started process (PID=298) to work on /home/airflow/.local/lib/python3.7/site-packages/airflow/example_dags/example_branch_operator_decorator.py
[2022-05-13 03:38:58,300] {processor.py:641} INFO - Processing file /home/airflow/.local/lib/python3.7/site-packages/airflow/example_dags/example_branch_operator_decorator.py for tasks to queue
[2022-05-13 03:38:58,301] {logging_mixin.py:115} INFO - [2022-05-13 03:38:58,301] {dagbag.py:507} INFO - Filling up the DagBag from /home/airflow/.local/lib/python3.7/site-packages/airflow/example_dags/example_branch_operator_decorator.py
[2022-05-13 03:38:58,313] {processor.py:651} INFO - DAG(s) dict_keys(['example_branch_python_operator_decorator']) retrieved from /home/airflow/.local/lib/python3.7/site-packages/airflow/example_dags/example_branch_operator_decorator.py
[2022-05-13 03:38:58,333] {logging_mixin.py:115} INFO - [2022-05-13 03:38:58,333] {dag.py:2371} INFO - Sync 1 DAGs
[2022-05-13 03:38:58,348] {logging_mixin.py:115} INFO - [2022-05-13 03:38:58,348] {dag.py:2919} INFO - Setting next_dagrun for example_branch_python_operator_decorator to 2022-05-12T00:00:00+00:00, run_after=2022-05-13T00:00:00+00:00
[2022-05-13 03:38:58,361] {processor.py:161} INFO - Processing /home/airflow/.local/lib/python3.7/site-packages/airflow/example_dags/example_branch_operator_decorator.py took 0.065 seconds
[2022-05-13 03:39:28,671] {processor.py:153} INFO - Started process (PID=546) to work on /home/airflow/.local/lib/python3.7/site-packages/airflow/example_dags/example_branch_operator_decorator.py
[2022-05-13 03:39:28,673] {processor.py:641} INFO - Processing file /home/airflow/.local/lib/python3.7/site-packages/airflow/example_dags/example_branch_operator_decorator.py for tasks to queue
[2022-05-13 03:39:28,675] {logging_mixin.py:115} INFO - [2022-05-13 03:39:28,675] {dagbag.py:507} INFO - Filling up the DagBag from /home/airflow/.local/lib/python3.7/site-packages/airflow/example_dags/example_branch_operator_decorator.py
[2022-05-13 03:39:28,692] {processor.py:651} INFO - DAG(s) dict_keys(['example_branch_python_operator_decorator']) retrieved from /home/airflow/.local/lib/python3.7/site-packages/airflow/example_dags/example_branch_operator_decorator.py
[2022-05-13 03:39:28,722] {logging_mixin.py:115} INFO - [2022-05-13 03:39:28,722] {dag.py:2371} INFO - Sync 1 DAGs
[2022-05-13 03:39:28,738] {logging_mixin.py:115} INFO - [2022-05-13 03:39:28,738] {dag.py:2919} INFO - Setting next_dagrun for example_branch_python_operator_decorator to 2022-05-12T00:00:00+00:00, run_after=2022-05-13T00:00:00+00:00
[2022-05-13 03:39:28,747] {processor.py:161} INFO - Processing /home/airflow/.local/lib/python3.7/site-packages/airflow/example_dags/example_branch_operator_decorator.py took 0.078 seconds
[2022-05-13 03:39:59,587] {processor.py:153} INFO - Started process (PID=933) to work on /home/airflow/.local/lib/python3.7/site-packages/airflow/example_dags/example_branch_operator_decorator.py
[2022-05-13 03:39:59,588] {processor.py:641} INFO - Processing file /home/airflow/.local/lib/python3.7/site-packages/airflow/example_dags/example_branch_operator_decorator.py for tasks to queue
[2022-05-13 03:39:59,589] {logging_mixin.py:115} INFO - [2022-05-13 03:39:59,589] {dagbag.py:507} INFO - Filling up the DagBag from /home/airflow/.local/lib/python3.7/site-packages/airflow/example_dags/example_branch_operator_decorator.py
[2022-05-13 03:39:59,600] {processor.py:651} INFO - DAG(s) dict_keys(['example_branch_python_operator_decorator']) retrieved from /home/airflow/.local/lib/python3.7/site-packages/airflow/example_dags/example_branch_operator_decorator.py
[2022-05-13 03:39:59,619] {logging_mixin.py:115} INFO - [2022-05-13 03:39:59,619] {dag.py:2371} INFO - Sync 1 DAGs
[2022-05-13 03:39:59,637] {logging_mixin.py:115} INFO - [2022-05-13 03:39:59,637] {dag.py:2919} INFO - Setting next_dagrun for example_branch_python_operator_decorator to 2022-05-12T00:00:00+00:00, run_after=2022-05-13T00:00:00+00:00
[2022-05-13 03:39:59,646] {processor.py:161} INFO - Processing /home/airflow/.local/lib/python3.7/site-packages/airflow/example_dags/example_branch_operator_decorator.py took 0.061 seconds
[2022-05-13 03:40:29,814] {processor.py:153} INFO - Started process (PID=1153) to work on /home/airflow/.local/lib/python3.7/site-packages/airflow/example_dags/example_branch_operator_decorator.py
[2022-05-13 03:40:29,815] {processor.py:641} INFO - Processing file /home/airflow/.local/lib/python3.7/site-packages/airflow/example_dags/example_branch_operator_decorator.py for tasks to queue
[2022-05-13 03:40:29,816] {logging_mixin.py:115} INFO - [2022-05-13 03:40:29,816] {dagbag.py:507} INFO - Filling up the DagBag from /home/airflow/.local/lib/python3.7/site-packages/airflow/example_dags/example_branch_operator_decorator.py
[2022-05-13 03:40:29,829] {processor.py:651} INFO - DAG(s) dict_keys(['example_branch_python_operator_decorator']) retrieved from /home/airflow/.local/lib/python3.7/site-packages/airflow/example_dags/example_branch_operator_decorator.py
[2022-05-13 03:40:29,851] {logging_mixin.py:115} INFO - [2022-05-13 03:40:29,851] {dag.py:2371} INFO - Sync 1 DAGs
[2022-05-13 03:40:29,866] {logging_mixin.py:115} INFO - [2022-05-13 03:40:29,865] {dag.py:2919} INFO - Setting next_dagrun for example_branch_python_operator_decorator to 2022-05-12T00:00:00+00:00, run_after=2022-05-13T00:00:00+00:00
[2022-05-13 03:40:29,873] {processor.py:161} INFO - Processing /home/airflow/.local/lib/python3.7/site-packages/airflow/example_dags/example_branch_operator_decorator.py took 0.062 seconds
[2022-05-13 03:41:00,013] {processor.py:153} INFO - Started process (PID=1579) to work on /home/airflow/.local/lib/python3.7/site-packages/airflow/example_dags/example_branch_operator_decorator.py
[2022-05-13 03:41:00,015] {processor.py:641} INFO - Processing file /home/airflow/.local/lib/python3.7/site-packages/airflow/example_dags/example_branch_operator_decorator.py for tasks to queue
[2022-05-13 03:41:00,016] {logging_mixin.py:115} INFO - [2022-05-13 03:41:00,016] {dagbag.py:507} INFO - Filling up the DagBag from /home/airflow/.local/lib/python3.7/site-packages/airflow/example_dags/example_branch_operator_decorator.py
[2022-05-13 03:41:00,033] {processor.py:651} INFO - DAG(s) dict_keys(['example_branch_python_operator_decorator']) retrieved from /home/airflow/.local/lib/python3.7/site-packages/airflow/example_dags/example_branch_operator_decorator.py
[2022-05-13 03:41:00,056] {logging_mixin.py:115} INFO - [2022-05-13 03:41:00,056] {dag.py:2371} INFO - Sync 1 DAGs
[2022-05-13 03:41:00,071] {logging_mixin.py:115} INFO - [2022-05-13 03:41:00,071] {dag.py:2919} INFO - Setting next_dagrun for example_branch_python_operator_decorator to 2022-05-12T00:00:00+00:00, run_after=2022-05-13T00:00:00+00:00
[2022-05-13 03:41:00,078] {processor.py:161} INFO - Processing /home/airflow/.local/lib/python3.7/site-packages/airflow/example_dags/example_branch_operator_decorator.py took 0.067 seconds
[2022-05-13 03:41:30,118] {processor.py:153} INFO - Started process (PID=1794) to work on /home/airflow/.local/lib/python3.7/site-packages/airflow/example_dags/example_branch_operator_decorator.py
[2022-05-13 03:41:30,119] {processor.py:641} INFO - Processing file /home/airflow/.local/lib/python3.7/site-packages/airflow/example_dags/example_branch_operator_decorator.py for tasks to queue
[2022-05-13 03:41:30,120] {logging_mixin.py:115} INFO - [2022-05-13 03:41:30,120] {dagbag.py:507} INFO - Filling up the DagBag from /home/airflow/.local/lib/python3.7/site-packages/airflow/example_dags/example_branch_operator_decorator.py
[2022-05-13 03:41:30,131] {processor.py:651} INFO - DAG(s) dict_keys(['example_branch_python_operator_decorator']) retrieved from /home/airflow/.local/lib/python3.7/site-packages/airflow/example_dags/example_branch_operator_decorator.py
[2022-05-13 03:41:30,148] {logging_mixin.py:115} INFO - [2022-05-13 03:41:30,148] {dag.py:2371} INFO - Sync 1 DAGs
[2022-05-13 03:41:30,163] {logging_mixin.py:115} INFO - [2022-05-13 03:41:30,163] {dag.py:2919} INFO - Setting next_dagrun for example_branch_python_operator_decorator to 2022-05-12T00:00:00+00:00, run_after=2022-05-13T00:00:00+00:00
[2022-05-13 03:41:30,170] {processor.py:161} INFO - Processing /home/airflow/.local/lib/python3.7/site-packages/airflow/example_dags/example_branch_operator_decorator.py took 0.054 seconds
[2022-05-13 03:42:01,050] {processor.py:153} INFO - Started process (PID=2030) to work on /home/airflow/.local/lib/python3.7/site-packages/airflow/example_dags/example_branch_operator_decorator.py
[2022-05-13 03:42:01,052] {processor.py:641} INFO - Processing file /home/airflow/.local/lib/python3.7/site-packages/airflow/example_dags/example_branch_operator_decorator.py for tasks to queue
[2022-05-13 03:42:01,053] {logging_mixin.py:115} INFO - [2022-05-13 03:42:01,053] {dagbag.py:507} INFO - Filling up the DagBag from /home/airflow/.local/lib/python3.7/site-packages/airflow/example_dags/example_branch_operator_decorator.py
[2022-05-13 03:42:01,064] {processor.py:651} INFO - DAG(s) dict_keys(['example_branch_python_operator_decorator']) retrieved from /home/airflow/.local/lib/python3.7/site-packages/airflow/example_dags/example_branch_operator_decorator.py
[2022-05-13 03:42:01,085] {logging_mixin.py:115} INFO - [2022-05-13 03:42:01,085] {dag.py:2371} INFO - Sync 1 DAGs
[2022-05-13 03:42:01,099] {logging_mixin.py:115} INFO - [2022-05-13 03:42:01,099] {dag.py:2919} INFO - Setting next_dagrun for example_branch_python_operator_decorator to 2022-05-12T00:00:00+00:00, run_after=2022-05-13T00:00:00+00:00
[2022-05-13 03:42:01,107] {processor.py:161} INFO - Processing /home/airflow/.local/lib/python3.7/site-packages/airflow/example_dags/example_branch_operator_decorator.py took 0.058 seconds
[2022-05-13 03:42:31,996] {processor.py:153} INFO - Started process (PID=2245) to work on /home/airflow/.local/lib/python3.7/site-packages/airflow/example_dags/example_branch_operator_decorator.py
[2022-05-13 03:42:31,998] {processor.py:641} INFO - Processing file /home/airflow/.local/lib/python3.7/site-packages/airflow/example_dags/example_branch_operator_decorator.py for tasks to queue
[2022-05-13 03:42:31,999] {logging_mixin.py:115} INFO - [2022-05-13 03:42:31,999] {dagbag.py:507} INFO - Filling up the DagBag from /home/airflow/.local/lib/python3.7/site-packages/airflow/example_dags/example_branch_operator_decorator.py
[2022-05-13 03:42:32,012] {processor.py:651} INFO - DAG(s) dict_keys(['example_branch_python_operator_decorator']) retrieved from /home/airflow/.local/lib/python3.7/site-packages/airflow/example_dags/example_branch_operator_decorator.py
[2022-05-13 03:42:32,032] {logging_mixin.py:115} INFO - [2022-05-13 03:42:32,032] {dag.py:2371} INFO - Sync 1 DAGs
[2022-05-13 03:42:32,046] {logging_mixin.py:115} INFO - [2022-05-13 03:42:32,046] {dag.py:2919} INFO - Setting next_dagrun for example_branch_python_operator_decorator to 2022-05-12T00:00:00+00:00, run_after=2022-05-13T00:00:00+00:00
[2022-05-13 03:42:32,054] {processor.py:161} INFO - Processing /home/airflow/.local/lib/python3.7/site-packages/airflow/example_dags/example_branch_operator_decorator.py took 0.059 seconds
