[2022-05-13 03:38:59,292] {processor.py:153} INFO - Started process (PID=390) to work on /home/airflow/.local/lib/python3.7/site-packages/airflow/example_dags/example_branch_operator.py
[2022-05-13 03:38:59,295] {processor.py:641} INFO - Processing file /home/airflow/.local/lib/python3.7/site-packages/airflow/example_dags/example_branch_operator.py for tasks to queue
[2022-05-13 03:38:59,297] {logging_mixin.py:115} INFO - [2022-05-13 03:38:59,297] {dagbag.py:507} INFO - Filling up the DagBag from /home/airflow/.local/lib/python3.7/site-packages/airflow/example_dags/example_branch_operator.py
[2022-05-13 03:38:59,305] {processor.py:651} INFO - DAG(s) dict_keys(['example_branch_operator']) retrieved from /home/airflow/.local/lib/python3.7/site-packages/airflow/example_dags/example_branch_operator.py
[2022-05-13 03:38:59,326] {logging_mixin.py:115} INFO - [2022-05-13 03:38:59,326] {dag.py:2371} INFO - Sync 1 DAGs
[2022-05-13 03:38:59,350] {logging_mixin.py:115} INFO - [2022-05-13 03:38:59,350] {dag.py:2919} INFO - Setting next_dagrun for example_branch_operator to 2022-05-12T00:00:00+00:00, run_after=2022-05-13T00:00:00+00:00
[2022-05-13 03:38:59,358] {processor.py:161} INFO - Processing /home/airflow/.local/lib/python3.7/site-packages/airflow/example_dags/example_branch_operator.py took 0.070 seconds
[2022-05-13 03:39:29,471] {processor.py:153} INFO - Started process (PID=621) to work on /home/airflow/.local/lib/python3.7/site-packages/airflow/example_dags/example_branch_operator.py
[2022-05-13 03:39:29,472] {processor.py:641} INFO - Processing file /home/airflow/.local/lib/python3.7/site-packages/airflow/example_dags/example_branch_operator.py for tasks to queue
[2022-05-13 03:39:29,473] {logging_mixin.py:115} INFO - [2022-05-13 03:39:29,473] {dagbag.py:507} INFO - Filling up the DagBag from /home/airflow/.local/lib/python3.7/site-packages/airflow/example_dags/example_branch_operator.py
[2022-05-13 03:39:29,479] {processor.py:651} INFO - DAG(s) dict_keys(['example_branch_operator']) retrieved from /home/airflow/.local/lib/python3.7/site-packages/airflow/example_dags/example_branch_operator.py
[2022-05-13 03:39:29,498] {logging_mixin.py:115} INFO - [2022-05-13 03:39:29,498] {dag.py:2371} INFO - Sync 1 DAGs
[2022-05-13 03:39:29,513] {logging_mixin.py:115} INFO - [2022-05-13 03:39:29,513] {dag.py:2919} INFO - Setting next_dagrun for example_branch_operator to 2022-05-12T00:00:00+00:00, run_after=2022-05-13T00:00:00+00:00
[2022-05-13 03:39:29,522] {processor.py:161} INFO - Processing /home/airflow/.local/lib/python3.7/site-packages/airflow/example_dags/example_branch_operator.py took 0.053 seconds
[2022-05-13 03:40:00,272] {processor.py:153} INFO - Started process (PID=1008) to work on /home/airflow/.local/lib/python3.7/site-packages/airflow/example_dags/example_branch_operator.py
[2022-05-13 03:40:00,273] {processor.py:641} INFO - Processing file /home/airflow/.local/lib/python3.7/site-packages/airflow/example_dags/example_branch_operator.py for tasks to queue
[2022-05-13 03:40:00,274] {logging_mixin.py:115} INFO - [2022-05-13 03:40:00,274] {dagbag.py:507} INFO - Filling up the DagBag from /home/airflow/.local/lib/python3.7/site-packages/airflow/example_dags/example_branch_operator.py
[2022-05-13 03:40:00,282] {processor.py:651} INFO - DAG(s) dict_keys(['example_branch_operator']) retrieved from /home/airflow/.local/lib/python3.7/site-packages/airflow/example_dags/example_branch_operator.py
[2022-05-13 03:40:00,302] {logging_mixin.py:115} INFO - [2022-05-13 03:40:00,302] {dag.py:2371} INFO - Sync 1 DAGs
[2022-05-13 03:40:00,316] {logging_mixin.py:115} INFO - [2022-05-13 03:40:00,316] {dag.py:2919} INFO - Setting next_dagrun for example_branch_operator to 2022-05-12T00:00:00+00:00, run_after=2022-05-13T00:00:00+00:00
[2022-05-13 03:40:00,325] {processor.py:161} INFO - Processing /home/airflow/.local/lib/python3.7/site-packages/airflow/example_dags/example_branch_operator.py took 0.055 seconds
[2022-05-13 03:40:30,472] {processor.py:153} INFO - Started process (PID=1228) to work on /home/airflow/.local/lib/python3.7/site-packages/airflow/example_dags/example_branch_operator.py
[2022-05-13 03:40:30,475] {processor.py:641} INFO - Processing file /home/airflow/.local/lib/python3.7/site-packages/airflow/example_dags/example_branch_operator.py for tasks to queue
[2022-05-13 03:40:30,477] {logging_mixin.py:115} INFO - [2022-05-13 03:40:30,477] {dagbag.py:507} INFO - Filling up the DagBag from /home/airflow/.local/lib/python3.7/site-packages/airflow/example_dags/example_branch_operator.py
[2022-05-13 03:40:30,484] {processor.py:651} INFO - DAG(s) dict_keys(['example_branch_operator']) retrieved from /home/airflow/.local/lib/python3.7/site-packages/airflow/example_dags/example_branch_operator.py
[2022-05-13 03:40:30,518] {logging_mixin.py:115} INFO - [2022-05-13 03:40:30,518] {dag.py:2371} INFO - Sync 1 DAGs
[2022-05-13 03:40:30,544] {logging_mixin.py:115} INFO - [2022-05-13 03:40:30,543] {dag.py:2919} INFO - Setting next_dagrun for example_branch_operator to 2022-05-12T00:00:00+00:00, run_after=2022-05-13T00:00:00+00:00
[2022-05-13 03:40:30,555] {processor.py:161} INFO - Processing /home/airflow/.local/lib/python3.7/site-packages/airflow/example_dags/example_branch_operator.py took 0.085 seconds
[2022-05-13 03:41:00,740] {processor.py:153} INFO - Started process (PID=1652) to work on /home/airflow/.local/lib/python3.7/site-packages/airflow/example_dags/example_branch_operator.py
[2022-05-13 03:41:00,745] {processor.py:641} INFO - Processing file /home/airflow/.local/lib/python3.7/site-packages/airflow/example_dags/example_branch_operator.py for tasks to queue
[2022-05-13 03:41:00,749] {logging_mixin.py:115} INFO - [2022-05-13 03:41:00,749] {dagbag.py:507} INFO - Filling up the DagBag from /home/airflow/.local/lib/python3.7/site-packages/airflow/example_dags/example_branch_operator.py
[2022-05-13 03:41:00,766] {processor.py:651} INFO - DAG(s) dict_keys(['example_branch_operator']) retrieved from /home/airflow/.local/lib/python3.7/site-packages/airflow/example_dags/example_branch_operator.py
[2022-05-13 03:41:00,797] {logging_mixin.py:115} INFO - [2022-05-13 03:41:00,797] {dag.py:2371} INFO - Sync 1 DAGs
[2022-05-13 03:41:00,813] {logging_mixin.py:115} INFO - [2022-05-13 03:41:00,813] {dag.py:2919} INFO - Setting next_dagrun for example_branch_operator to 2022-05-12T00:00:00+00:00, run_after=2022-05-13T00:00:00+00:00
[2022-05-13 03:41:00,828] {processor.py:161} INFO - Processing /home/airflow/.local/lib/python3.7/site-packages/airflow/example_dags/example_branch_operator.py took 0.093 seconds
[2022-05-13 03:41:30,859] {processor.py:153} INFO - Started process (PID=1869) to work on /home/airflow/.local/lib/python3.7/site-packages/airflow/example_dags/example_branch_operator.py
[2022-05-13 03:41:30,861] {processor.py:641} INFO - Processing file /home/airflow/.local/lib/python3.7/site-packages/airflow/example_dags/example_branch_operator.py for tasks to queue
[2022-05-13 03:41:30,861] {logging_mixin.py:115} INFO - [2022-05-13 03:41:30,861] {dagbag.py:507} INFO - Filling up the DagBag from /home/airflow/.local/lib/python3.7/site-packages/airflow/example_dags/example_branch_operator.py
[2022-05-13 03:41:30,867] {processor.py:651} INFO - DAG(s) dict_keys(['example_branch_operator']) retrieved from /home/airflow/.local/lib/python3.7/site-packages/airflow/example_dags/example_branch_operator.py
[2022-05-13 03:41:30,886] {logging_mixin.py:115} INFO - [2022-05-13 03:41:30,886] {dag.py:2371} INFO - Sync 1 DAGs
[2022-05-13 03:41:30,898] {logging_mixin.py:115} INFO - [2022-05-13 03:41:30,898] {dag.py:2919} INFO - Setting next_dagrun for example_branch_operator to 2022-05-12T00:00:00+00:00, run_after=2022-05-13T00:00:00+00:00
[2022-05-13 03:41:30,904] {processor.py:161} INFO - Processing /home/airflow/.local/lib/python3.7/site-packages/airflow/example_dags/example_branch_operator.py took 0.047 seconds
[2022-05-13 03:42:01,883] {processor.py:153} INFO - Started process (PID=2107) to work on /home/airflow/.local/lib/python3.7/site-packages/airflow/example_dags/example_branch_operator.py
[2022-05-13 03:42:01,884] {processor.py:641} INFO - Processing file /home/airflow/.local/lib/python3.7/site-packages/airflow/example_dags/example_branch_operator.py for tasks to queue
[2022-05-13 03:42:01,886] {logging_mixin.py:115} INFO - [2022-05-13 03:42:01,886] {dagbag.py:507} INFO - Filling up the DagBag from /home/airflow/.local/lib/python3.7/site-packages/airflow/example_dags/example_branch_operator.py
[2022-05-13 03:42:01,893] {processor.py:651} INFO - DAG(s) dict_keys(['example_branch_operator']) retrieved from /home/airflow/.local/lib/python3.7/site-packages/airflow/example_dags/example_branch_operator.py
[2022-05-13 03:42:01,911] {logging_mixin.py:115} INFO - [2022-05-13 03:42:01,911] {dag.py:2371} INFO - Sync 1 DAGs
[2022-05-13 03:42:01,927] {logging_mixin.py:115} INFO - [2022-05-13 03:42:01,927] {dag.py:2919} INFO - Setting next_dagrun for example_branch_operator to 2022-05-12T00:00:00+00:00, run_after=2022-05-13T00:00:00+00:00
[2022-05-13 03:42:01,945] {processor.py:161} INFO - Processing /home/airflow/.local/lib/python3.7/site-packages/airflow/example_dags/example_branch_operator.py took 0.064 seconds
[2022-05-13 03:42:32,656] {processor.py:153} INFO - Started process (PID=2320) to work on /home/airflow/.local/lib/python3.7/site-packages/airflow/example_dags/example_branch_operator.py
[2022-05-13 03:42:32,657] {processor.py:641} INFO - Processing file /home/airflow/.local/lib/python3.7/site-packages/airflow/example_dags/example_branch_operator.py for tasks to queue
[2022-05-13 03:42:32,658] {logging_mixin.py:115} INFO - [2022-05-13 03:42:32,658] {dagbag.py:507} INFO - Filling up the DagBag from /home/airflow/.local/lib/python3.7/site-packages/airflow/example_dags/example_branch_operator.py
[2022-05-13 03:42:32,665] {processor.py:651} INFO - DAG(s) dict_keys(['example_branch_operator']) retrieved from /home/airflow/.local/lib/python3.7/site-packages/airflow/example_dags/example_branch_operator.py
[2022-05-13 03:42:32,683] {logging_mixin.py:115} INFO - [2022-05-13 03:42:32,683] {dag.py:2371} INFO - Sync 1 DAGs
[2022-05-13 03:42:32,696] {logging_mixin.py:115} INFO - [2022-05-13 03:42:32,696] {dag.py:2919} INFO - Setting next_dagrun for example_branch_operator to 2022-05-12T00:00:00+00:00, run_after=2022-05-13T00:00:00+00:00
[2022-05-13 03:42:32,704] {processor.py:161} INFO - Processing /home/airflow/.local/lib/python3.7/site-packages/airflow/example_dags/example_branch_operator.py took 0.050 seconds
