[2022-05-13 03:38:57,023] {processor.py:153} INFO - Started process (PID=194) to work on /home/airflow/.local/lib/python3.7/site-packages/airflow/example_dags/tutorial.py
[2022-05-13 03:38:57,024] {processor.py:641} INFO - Processing file /home/airflow/.local/lib/python3.7/site-packages/airflow/example_dags/tutorial.py for tasks to queue
[2022-05-13 03:38:57,026] {logging_mixin.py:115} INFO - [2022-05-13 03:38:57,025] {dagbag.py:507} INFO - Filling up the DagBag from /home/airflow/.local/lib/python3.7/site-packages/airflow/example_dags/tutorial.py
[2022-05-13 03:38:57,049] {processor.py:651} INFO - DAG(s) dict_keys(['tutorial']) retrieved from /home/airflow/.local/lib/python3.7/site-packages/airflow/example_dags/tutorial.py
[2022-05-13 03:38:57,116] {logging_mixin.py:115} INFO - [2022-05-13 03:38:57,116] {dag.py:2371} INFO - Sync 1 DAGs
[2022-05-13 03:38:57,153] {logging_mixin.py:115} INFO - [2022-05-13 03:38:57,153] {dag.py:2919} INFO - Setting next_dagrun for tutorial to 2022-05-12T03:38:57.152929+00:00, run_after=2022-05-13T03:38:57.152929+00:00
[2022-05-13 03:38:57,177] {processor.py:161} INFO - Processing /home/airflow/.local/lib/python3.7/site-packages/airflow/example_dags/tutorial.py took 0.156 seconds
[2022-05-13 03:39:27,888] {processor.py:153} INFO - Started process (PID=476) to work on /home/airflow/.local/lib/python3.7/site-packages/airflow/example_dags/tutorial.py
[2022-05-13 03:39:27,889] {processor.py:641} INFO - Processing file /home/airflow/.local/lib/python3.7/site-packages/airflow/example_dags/tutorial.py for tasks to queue
[2022-05-13 03:39:27,890] {logging_mixin.py:115} INFO - [2022-05-13 03:39:27,890] {dagbag.py:507} INFO - Filling up the DagBag from /home/airflow/.local/lib/python3.7/site-packages/airflow/example_dags/tutorial.py
[2022-05-13 03:39:27,895] {processor.py:651} INFO - DAG(s) dict_keys(['tutorial']) retrieved from /home/airflow/.local/lib/python3.7/site-packages/airflow/example_dags/tutorial.py
[2022-05-13 03:39:27,912] {logging_mixin.py:115} INFO - [2022-05-13 03:39:27,912] {dag.py:2371} INFO - Sync 1 DAGs
[2022-05-13 03:39:27,927] {logging_mixin.py:115} INFO - [2022-05-13 03:39:27,927] {dag.py:2919} INFO - Setting next_dagrun for tutorial to 2022-05-12T03:39:27.927034+00:00, run_after=2022-05-13T03:39:27.927034+00:00
[2022-05-13 03:39:27,935] {processor.py:161} INFO - Processing /home/airflow/.local/lib/python3.7/site-packages/airflow/example_dags/tutorial.py took 0.049 seconds
[2022-05-13 03:39:58,043] {processor.py:153} INFO - Started process (PID=863) to work on /home/airflow/.local/lib/python3.7/site-packages/airflow/example_dags/tutorial.py
[2022-05-13 03:39:58,044] {processor.py:641} INFO - Processing file /home/airflow/.local/lib/python3.7/site-packages/airflow/example_dags/tutorial.py for tasks to queue
[2022-05-13 03:39:58,045] {logging_mixin.py:115} INFO - [2022-05-13 03:39:58,045] {dagbag.py:507} INFO - Filling up the DagBag from /home/airflow/.local/lib/python3.7/site-packages/airflow/example_dags/tutorial.py
[2022-05-13 03:39:58,050] {processor.py:651} INFO - DAG(s) dict_keys(['tutorial']) retrieved from /home/airflow/.local/lib/python3.7/site-packages/airflow/example_dags/tutorial.py
[2022-05-13 03:39:58,066] {logging_mixin.py:115} INFO - [2022-05-13 03:39:58,066] {dag.py:2371} INFO - Sync 1 DAGs
[2022-05-13 03:39:58,079] {logging_mixin.py:115} INFO - [2022-05-13 03:39:58,079] {dag.py:2919} INFO - Setting next_dagrun for tutorial to 2022-05-12T03:39:58.078636+00:00, run_after=2022-05-13T03:39:58.078636+00:00
[2022-05-13 03:39:58,086] {processor.py:161} INFO - Processing /home/airflow/.local/lib/python3.7/site-packages/airflow/example_dags/tutorial.py took 0.045 seconds
[2022-05-13 03:40:29,048] {processor.py:153} INFO - Started process (PID=1083) to work on /home/airflow/.local/lib/python3.7/site-packages/airflow/example_dags/tutorial.py
[2022-05-13 03:40:29,053] {processor.py:641} INFO - Processing file /home/airflow/.local/lib/python3.7/site-packages/airflow/example_dags/tutorial.py for tasks to queue
[2022-05-13 03:40:29,064] {logging_mixin.py:115} INFO - [2022-05-13 03:40:29,064] {dagbag.py:507} INFO - Filling up the DagBag from /home/airflow/.local/lib/python3.7/site-packages/airflow/example_dags/tutorial.py
[2022-05-13 03:40:29,084] {processor.py:651} INFO - DAG(s) dict_keys(['tutorial']) retrieved from /home/airflow/.local/lib/python3.7/site-packages/airflow/example_dags/tutorial.py
[2022-05-13 03:40:29,128] {logging_mixin.py:115} INFO - [2022-05-13 03:40:29,128] {dag.py:2371} INFO - Sync 1 DAGs
[2022-05-13 03:40:29,152] {logging_mixin.py:115} INFO - [2022-05-13 03:40:29,152] {dag.py:2919} INFO - Setting next_dagrun for tutorial to 2022-05-12T03:40:29.152528+00:00, run_after=2022-05-13T03:40:29.152528+00:00
[2022-05-13 03:40:29,165] {processor.py:161} INFO - Processing /home/airflow/.local/lib/python3.7/site-packages/airflow/example_dags/tutorial.py took 0.124 seconds
[2022-05-13 03:40:59,249] {processor.py:153} INFO - Started process (PID=1507) to work on /home/airflow/.local/lib/python3.7/site-packages/airflow/example_dags/tutorial.py
[2022-05-13 03:40:59,251] {processor.py:641} INFO - Processing file /home/airflow/.local/lib/python3.7/site-packages/airflow/example_dags/tutorial.py for tasks to queue
[2022-05-13 03:40:59,251] {logging_mixin.py:115} INFO - [2022-05-13 03:40:59,251] {dagbag.py:507} INFO - Filling up the DagBag from /home/airflow/.local/lib/python3.7/site-packages/airflow/example_dags/tutorial.py
[2022-05-13 03:40:59,256] {processor.py:651} INFO - DAG(s) dict_keys(['tutorial']) retrieved from /home/airflow/.local/lib/python3.7/site-packages/airflow/example_dags/tutorial.py
[2022-05-13 03:40:59,272] {logging_mixin.py:115} INFO - [2022-05-13 03:40:59,272] {dag.py:2371} INFO - Sync 1 DAGs
[2022-05-13 03:40:59,286] {logging_mixin.py:115} INFO - [2022-05-13 03:40:59,286] {dag.py:2919} INFO - Setting next_dagrun for tutorial to 2022-05-12T03:40:59.285804+00:00, run_after=2022-05-13T03:40:59.285804+00:00
[2022-05-13 03:40:59,294] {processor.py:161} INFO - Processing /home/airflow/.local/lib/python3.7/site-packages/airflow/example_dags/tutorial.py took 0.046 seconds
[2022-05-13 03:41:29,355] {processor.py:153} INFO - Started process (PID=1721) to work on /home/airflow/.local/lib/python3.7/site-packages/airflow/example_dags/tutorial.py
[2022-05-13 03:41:29,356] {processor.py:641} INFO - Processing file /home/airflow/.local/lib/python3.7/site-packages/airflow/example_dags/tutorial.py for tasks to queue
[2022-05-13 03:41:29,357] {logging_mixin.py:115} INFO - [2022-05-13 03:41:29,357] {dagbag.py:507} INFO - Filling up the DagBag from /home/airflow/.local/lib/python3.7/site-packages/airflow/example_dags/tutorial.py
[2022-05-13 03:41:29,361] {processor.py:651} INFO - DAG(s) dict_keys(['tutorial']) retrieved from /home/airflow/.local/lib/python3.7/site-packages/airflow/example_dags/tutorial.py
[2022-05-13 03:41:29,377] {logging_mixin.py:115} INFO - [2022-05-13 03:41:29,377] {dag.py:2371} INFO - Sync 1 DAGs
[2022-05-13 03:41:29,389] {logging_mixin.py:115} INFO - [2022-05-13 03:41:29,388] {dag.py:2919} INFO - Setting next_dagrun for tutorial to 2022-05-12T03:41:29.388781+00:00, run_after=2022-05-13T03:41:29.388781+00:00
[2022-05-13 03:41:29,426] {processor.py:161} INFO - Processing /home/airflow/.local/lib/python3.7/site-packages/airflow/example_dags/tutorial.py took 0.073 seconds
[2022-05-13 03:42:00,478] {processor.py:153} INFO - Started process (PID=1960) to work on /home/airflow/.local/lib/python3.7/site-packages/airflow/example_dags/tutorial.py
[2022-05-13 03:42:00,480] {processor.py:641} INFO - Processing file /home/airflow/.local/lib/python3.7/site-packages/airflow/example_dags/tutorial.py for tasks to queue
[2022-05-13 03:42:00,481] {logging_mixin.py:115} INFO - [2022-05-13 03:42:00,481] {dagbag.py:507} INFO - Filling up the DagBag from /home/airflow/.local/lib/python3.7/site-packages/airflow/example_dags/tutorial.py
[2022-05-13 03:42:00,486] {processor.py:651} INFO - DAG(s) dict_keys(['tutorial']) retrieved from /home/airflow/.local/lib/python3.7/site-packages/airflow/example_dags/tutorial.py
[2022-05-13 03:42:00,511] {logging_mixin.py:115} INFO - [2022-05-13 03:42:00,511] {dag.py:2371} INFO - Sync 1 DAGs
[2022-05-13 03:42:00,526] {logging_mixin.py:115} INFO - [2022-05-13 03:42:00,526] {dag.py:2919} INFO - Setting next_dagrun for tutorial to 2022-05-12T03:42:00.526082+00:00, run_after=2022-05-13T03:42:00.526082+00:00
[2022-05-13 03:42:00,534] {processor.py:161} INFO - Processing /home/airflow/.local/lib/python3.7/site-packages/airflow/example_dags/tutorial.py took 0.058 seconds
[2022-05-13 03:42:31,432] {processor.py:153} INFO - Started process (PID=2175) to work on /home/airflow/.local/lib/python3.7/site-packages/airflow/example_dags/tutorial.py
[2022-05-13 03:42:31,433] {processor.py:641} INFO - Processing file /home/airflow/.local/lib/python3.7/site-packages/airflow/example_dags/tutorial.py for tasks to queue
[2022-05-13 03:42:31,434] {logging_mixin.py:115} INFO - [2022-05-13 03:42:31,434] {dagbag.py:507} INFO - Filling up the DagBag from /home/airflow/.local/lib/python3.7/site-packages/airflow/example_dags/tutorial.py
[2022-05-13 03:42:31,440] {processor.py:651} INFO - DAG(s) dict_keys(['tutorial']) retrieved from /home/airflow/.local/lib/python3.7/site-packages/airflow/example_dags/tutorial.py
[2022-05-13 03:42:31,456] {logging_mixin.py:115} INFO - [2022-05-13 03:42:31,456] {dag.py:2371} INFO - Sync 1 DAGs
[2022-05-13 03:42:31,469] {logging_mixin.py:115} INFO - [2022-05-13 03:42:31,468] {dag.py:2919} INFO - Setting next_dagrun for tutorial to 2022-05-12T03:42:31.468750+00:00, run_after=2022-05-13T03:42:31.468750+00:00
[2022-05-13 03:42:31,475] {processor.py:161} INFO - Processing /home/airflow/.local/lib/python3.7/site-packages/airflow/example_dags/tutorial.py took 0.046 seconds
