[2022-05-12 11:24:58,600] {taskinstance.py:1159} INFO - Dependencies all met for <TaskInstance: stop_live_stream_Dag.stop_consumer_twitter_data manual__2022-05-12T11:24:57.467862+00:00 [queued]>
[2022-05-12 11:24:58,606] {taskinstance.py:1159} INFO - Dependencies all met for <TaskInstance: stop_live_stream_Dag.stop_consumer_twitter_data manual__2022-05-12T11:24:57.467862+00:00 [queued]>
[2022-05-12 11:24:58,607] {taskinstance.py:1356} INFO - 
--------------------------------------------------------------------------------
[2022-05-12 11:24:58,608] {taskinstance.py:1357} INFO - Starting attempt 1 of 2
[2022-05-12 11:24:58,608] {taskinstance.py:1358} INFO - 
--------------------------------------------------------------------------------
[2022-05-12 11:24:58,616] {taskinstance.py:1377} INFO - Executing <Task(BashOperator): stop_consumer_twitter_data> on 2022-05-12 11:24:57.467862+00:00
[2022-05-12 11:24:58,620] {standard_task_runner.py:52} INFO - Started process 1469 to run task
[2022-05-12 11:24:58,623] {standard_task_runner.py:79} INFO - Running: ['***', 'tasks', 'run', 'stop_live_stream_Dag', 'stop_consumer_twitter_data', 'manual__2022-05-12T11:24:57.467862+00:00', '--job-id', '56', '--raw', '--subdir', 'DAGS_FOLDER/stop_live_stream_dags.py', '--cfg-path', '/tmp/tmpy4yog7wm', '--error-file', '/tmp/tmpsaktfj8h']
[2022-05-12 11:24:58,624] {standard_task_runner.py:80} INFO - Job 56: Subtask stop_consumer_twitter_data
[2022-05-12 11:24:58,677] {task_command.py:369} INFO - Running <TaskInstance: stop_live_stream_Dag.stop_consumer_twitter_data manual__2022-05-12T11:24:57.467862+00:00 [running]> on host 045d2c6c2069
[2022-05-12 11:24:59,263] {taskinstance.py:1571} INFO - Exporting the following env vars:
AIRFLOW_CTX_DAG_OWNER=Airflow
AIRFLOW_CTX_DAG_ID=stop_live_stream_Dag
AIRFLOW_CTX_TASK_ID=stop_consumer_twitter_data
AIRFLOW_CTX_EXECUTION_DATE=2022-05-12T11:24:57.467862+00:00
AIRFLOW_CTX_TRY_NUMBER=1
AIRFLOW_CTX_DAG_RUN_ID=manual__2022-05-12T11:24:57.467862+00:00
[2022-05-12 11:24:59,266] {subprocess.py:62} INFO - Tmp dir root location: 
 /tmp
[2022-05-12 11:24:59,268] {subprocess.py:74} INFO - Running command: ['bash', '-c', 'pkill -9 -f /opt/***/dags/consumer_tweets.py']
[2022-05-12 11:24:59,280] {subprocess.py:85} INFO - Output:
[2022-05-12 11:24:59,290] {subprocess.py:96} INFO - Command exited with return code 0
[2022-05-12 11:24:59,341] {taskinstance.py:1400} INFO - Marking task as SUCCESS. dag_id=stop_live_stream_Dag, task_id=stop_consumer_twitter_data, execution_date=20220512T112457, start_date=20220512T112458, end_date=20220512T112459
[2022-05-12 11:24:59,402] {local_task_job.py:156} INFO - Task exited with return code 0
[2022-05-12 11:24:59,469] {local_task_job.py:273} INFO - 0 downstream tasks scheduled from follow-on schedule check
