[2022-05-12 07:13:38,510] {processor.py:153} INFO - Started process (PID=169) to work on /opt/airflow/dags/live_stream_dag.py
[2022-05-12 07:13:38,511] {processor.py:641} INFO - Processing file /opt/airflow/dags/live_stream_dag.py for tasks to queue
[2022-05-12 07:13:38,513] {logging_mixin.py:115} INFO - [2022-05-12 07:13:38,513] {dagbag.py:507} INFO - Filling up the DagBag from /opt/airflow/dags/live_stream_dag.py
[2022-05-12 07:13:38,563] {processor.py:651} INFO - DAG(s) dict_keys(['live_stream_Dag']) retrieved from /opt/airflow/dags/live_stream_dag.py
[2022-05-12 07:13:38,685] {logging_mixin.py:115} INFO - [2022-05-12 07:13:38,685] {manager.py:508} INFO - Created Permission View: can edit on DAG:live_stream_Dag
[2022-05-12 07:13:38,702] {logging_mixin.py:115} INFO - [2022-05-12 07:13:38,702] {manager.py:508} INFO - Created Permission View: can read on DAG:live_stream_Dag
[2022-05-12 07:13:38,717] {logging_mixin.py:115} INFO - [2022-05-12 07:13:38,717] {manager.py:508} INFO - Created Permission View: can delete on DAG:live_stream_Dag
[2022-05-12 07:13:38,720] {logging_mixin.py:115} INFO - [2022-05-12 07:13:38,720] {dag.py:2371} INFO - Sync 1 DAGs
[2022-05-12 07:13:38,754] {logging_mixin.py:115} INFO - [2022-05-12 07:13:38,754] {dag.py:2390} INFO - Creating ORM DAG for live_stream_Dag
[2022-05-12 07:13:38,861] {logging_mixin.py:115} INFO - [2022-05-12 07:13:38,861] {dag.py:2919} INFO - Setting next_dagrun for live_stream_Dag to 2022-05-12T18:00:00+00:00, run_after=2022-05-13T18:00:00+00:00
[2022-05-12 07:13:38,923] {processor.py:161} INFO - Processing /opt/airflow/dags/live_stream_dag.py took 0.415 seconds
[2022-05-12 07:14:09,189] {processor.py:153} INFO - Started process (PID=383) to work on /opt/airflow/dags/live_stream_dag.py
[2022-05-12 07:14:09,191] {processor.py:641} INFO - Processing file /opt/airflow/dags/live_stream_dag.py for tasks to queue
[2022-05-12 07:14:09,193] {logging_mixin.py:115} INFO - [2022-05-12 07:14:09,193] {dagbag.py:507} INFO - Filling up the DagBag from /opt/airflow/dags/live_stream_dag.py
[2022-05-12 07:14:09,228] {processor.py:651} INFO - DAG(s) dict_keys(['live_stream_Dag']) retrieved from /opt/airflow/dags/live_stream_dag.py
[2022-05-12 07:14:09,250] {logging_mixin.py:115} INFO - [2022-05-12 07:14:09,250] {dag.py:2371} INFO - Sync 1 DAGs
[2022-05-12 07:14:09,269] {logging_mixin.py:115} INFO - [2022-05-12 07:14:09,269] {dag.py:2919} INFO - Setting next_dagrun for live_stream_Dag to 2022-05-12T18:00:00+00:00, run_after=2022-05-13T18:00:00+00:00
[2022-05-12 07:14:09,278] {processor.py:161} INFO - Processing /opt/airflow/dags/live_stream_dag.py took 0.092 seconds
[2022-05-12 07:14:39,993] {processor.py:153} INFO - Started process (PID=634) to work on /opt/airflow/dags/live_stream_dag.py
[2022-05-12 07:14:39,995] {processor.py:641} INFO - Processing file /opt/airflow/dags/live_stream_dag.py for tasks to queue
[2022-05-12 07:14:39,996] {logging_mixin.py:115} INFO - [2022-05-12 07:14:39,996] {dagbag.py:507} INFO - Filling up the DagBag from /opt/airflow/dags/live_stream_dag.py
[2022-05-12 07:14:40,012] {processor.py:651} INFO - DAG(s) dict_keys(['live_stream_Dag']) retrieved from /opt/airflow/dags/live_stream_dag.py
[2022-05-12 07:14:40,029] {logging_mixin.py:115} INFO - [2022-05-12 07:14:40,029] {dag.py:2371} INFO - Sync 1 DAGs
[2022-05-12 07:14:40,042] {logging_mixin.py:115} INFO - [2022-05-12 07:14:40,042] {dag.py:2919} INFO - Setting next_dagrun for live_stream_Dag to 2022-05-12T18:00:00+00:00, run_after=2022-05-13T18:00:00+00:00
[2022-05-12 07:14:40,050] {processor.py:161} INFO - Processing /opt/airflow/dags/live_stream_dag.py took 0.061 seconds
[2022-05-12 07:15:10,713] {processor.py:153} INFO - Started process (PID=848) to work on /opt/airflow/dags/live_stream_dag.py
[2022-05-12 07:15:10,714] {processor.py:641} INFO - Processing file /opt/airflow/dags/live_stream_dag.py for tasks to queue
[2022-05-12 07:15:10,715] {logging_mixin.py:115} INFO - [2022-05-12 07:15:10,715] {dagbag.py:507} INFO - Filling up the DagBag from /opt/airflow/dags/live_stream_dag.py
[2022-05-12 07:15:10,730] {processor.py:651} INFO - DAG(s) dict_keys(['live_stream_Dag']) retrieved from /opt/airflow/dags/live_stream_dag.py
[2022-05-12 07:15:10,753] {logging_mixin.py:115} INFO - [2022-05-12 07:15:10,753] {dag.py:2371} INFO - Sync 1 DAGs
[2022-05-12 07:15:10,770] {logging_mixin.py:115} INFO - [2022-05-12 07:15:10,770] {dag.py:2919} INFO - Setting next_dagrun for live_stream_Dag to 2022-05-12T18:00:00+00:00, run_after=2022-05-13T18:00:00+00:00
[2022-05-12 07:15:10,778] {processor.py:161} INFO - Processing /opt/airflow/dags/live_stream_dag.py took 0.069 seconds
[2022-05-12 07:15:41,548] {processor.py:153} INFO - Started process (PID=1053) to work on /opt/airflow/dags/live_stream_dag.py
[2022-05-12 07:15:41,550] {processor.py:641} INFO - Processing file /opt/airflow/dags/live_stream_dag.py for tasks to queue
[2022-05-12 07:15:41,552] {logging_mixin.py:115} INFO - [2022-05-12 07:15:41,551] {dagbag.py:507} INFO - Filling up the DagBag from /opt/airflow/dags/live_stream_dag.py
[2022-05-12 07:15:41,570] {processor.py:651} INFO - DAG(s) dict_keys(['live_stream_Dag']) retrieved from /opt/airflow/dags/live_stream_dag.py
[2022-05-12 07:15:41,591] {logging_mixin.py:115} INFO - [2022-05-12 07:15:41,591] {dag.py:2371} INFO - Sync 1 DAGs
[2022-05-12 07:15:41,604] {logging_mixin.py:115} INFO - [2022-05-12 07:15:41,604] {dag.py:2919} INFO - Setting next_dagrun for live_stream_Dag to 2022-05-12T18:00:00+00:00, run_after=2022-05-13T18:00:00+00:00
[2022-05-12 07:15:41,611] {processor.py:161} INFO - Processing /opt/airflow/dags/live_stream_dag.py took 0.066 seconds
[2022-05-12 07:16:11,825] {processor.py:153} INFO - Started process (PID=1267) to work on /opt/airflow/dags/live_stream_dag.py
[2022-05-12 07:16:11,829] {processor.py:641} INFO - Processing file /opt/airflow/dags/live_stream_dag.py for tasks to queue
[2022-05-12 07:16:11,831] {logging_mixin.py:115} INFO - [2022-05-12 07:16:11,831] {dagbag.py:507} INFO - Filling up the DagBag from /opt/airflow/dags/live_stream_dag.py
[2022-05-12 07:16:11,860] {processor.py:651} INFO - DAG(s) dict_keys(['live_stream_Dag']) retrieved from /opt/airflow/dags/live_stream_dag.py
[2022-05-12 07:16:11,886] {logging_mixin.py:115} INFO - [2022-05-12 07:16:11,886] {dag.py:2371} INFO - Sync 1 DAGs
[2022-05-12 07:16:11,909] {logging_mixin.py:115} INFO - [2022-05-12 07:16:11,909] {dag.py:2919} INFO - Setting next_dagrun for live_stream_Dag to 2022-05-12T18:00:00+00:00, run_after=2022-05-13T18:00:00+00:00
[2022-05-12 07:16:11,919] {processor.py:161} INFO - Processing /opt/airflow/dags/live_stream_dag.py took 0.100 seconds
[2022-05-12 07:16:42,848] {processor.py:153} INFO - Started process (PID=1497) to work on /opt/airflow/dags/live_stream_dag.py
[2022-05-12 07:16:42,850] {processor.py:641} INFO - Processing file /opt/airflow/dags/live_stream_dag.py for tasks to queue
[2022-05-12 07:16:42,853] {logging_mixin.py:115} INFO - [2022-05-12 07:16:42,853] {dagbag.py:507} INFO - Filling up the DagBag from /opt/airflow/dags/live_stream_dag.py
[2022-05-12 07:16:42,874] {processor.py:651} INFO - DAG(s) dict_keys(['live_stream_Dag']) retrieved from /opt/airflow/dags/live_stream_dag.py
[2022-05-12 07:16:42,891] {logging_mixin.py:115} INFO - [2022-05-12 07:16:42,891] {dag.py:2371} INFO - Sync 1 DAGs
[2022-05-12 07:16:42,907] {logging_mixin.py:115} INFO - [2022-05-12 07:16:42,907] {dag.py:2919} INFO - Setting next_dagrun for live_stream_Dag to 2022-05-12T18:00:00+00:00, run_after=2022-05-13T18:00:00+00:00
[2022-05-12 07:16:42,914] {processor.py:161} INFO - Processing /opt/airflow/dags/live_stream_dag.py took 0.071 seconds
[2022-05-12 07:17:13,652] {processor.py:153} INFO - Started process (PID=1712) to work on /opt/airflow/dags/live_stream_dag.py
[2022-05-12 07:17:13,653] {processor.py:641} INFO - Processing file /opt/airflow/dags/live_stream_dag.py for tasks to queue
[2022-05-12 07:17:13,653] {logging_mixin.py:115} INFO - [2022-05-12 07:17:13,653] {dagbag.py:507} INFO - Filling up the DagBag from /opt/airflow/dags/live_stream_dag.py
[2022-05-12 07:17:13,664] {processor.py:651} INFO - DAG(s) dict_keys(['live_stream_Dag']) retrieved from /opt/airflow/dags/live_stream_dag.py
[2022-05-12 07:17:13,681] {logging_mixin.py:115} INFO - [2022-05-12 07:17:13,681] {dag.py:2371} INFO - Sync 1 DAGs
[2022-05-12 07:17:13,694] {logging_mixin.py:115} INFO - [2022-05-12 07:17:13,694] {dag.py:2919} INFO - Setting next_dagrun for live_stream_Dag to 2022-05-12T18:00:00+00:00, run_after=2022-05-13T18:00:00+00:00
[2022-05-12 07:17:13,700] {processor.py:161} INFO - Processing /opt/airflow/dags/live_stream_dag.py took 0.051 seconds
[2022-05-12 07:17:44,422] {processor.py:153} INFO - Started process (PID=1928) to work on /opt/airflow/dags/live_stream_dag.py
[2022-05-12 07:17:44,424] {processor.py:641} INFO - Processing file /opt/airflow/dags/live_stream_dag.py for tasks to queue
[2022-05-12 07:17:44,425] {logging_mixin.py:115} INFO - [2022-05-12 07:17:44,425] {dagbag.py:507} INFO - Filling up the DagBag from /opt/airflow/dags/live_stream_dag.py
[2022-05-12 07:17:44,447] {processor.py:651} INFO - DAG(s) dict_keys(['live_stream_Dag']) retrieved from /opt/airflow/dags/live_stream_dag.py
[2022-05-12 07:17:44,473] {logging_mixin.py:115} INFO - [2022-05-12 07:17:44,472] {dag.py:2371} INFO - Sync 1 DAGs
[2022-05-12 07:17:44,493] {logging_mixin.py:115} INFO - [2022-05-12 07:17:44,493] {dag.py:2919} INFO - Setting next_dagrun for live_stream_Dag to 2022-05-12T18:00:00+00:00, run_after=2022-05-13T18:00:00+00:00
[2022-05-12 07:17:44,504] {processor.py:161} INFO - Processing /opt/airflow/dags/live_stream_dag.py took 0.086 seconds
[2022-05-12 07:18:15,234] {processor.py:153} INFO - Started process (PID=2146) to work on /opt/airflow/dags/live_stream_dag.py
[2022-05-12 07:18:15,235] {processor.py:641} INFO - Processing file /opt/airflow/dags/live_stream_dag.py for tasks to queue
[2022-05-12 07:18:15,236] {logging_mixin.py:115} INFO - [2022-05-12 07:18:15,236] {dagbag.py:507} INFO - Filling up the DagBag from /opt/airflow/dags/live_stream_dag.py
[2022-05-12 07:18:15,249] {processor.py:651} INFO - DAG(s) dict_keys(['live_stream_Dag']) retrieved from /opt/airflow/dags/live_stream_dag.py
[2022-05-12 07:18:15,264] {logging_mixin.py:115} INFO - [2022-05-12 07:18:15,264] {dag.py:2371} INFO - Sync 1 DAGs
[2022-05-12 07:18:15,277] {logging_mixin.py:115} INFO - [2022-05-12 07:18:15,277] {dag.py:2919} INFO - Setting next_dagrun for live_stream_Dag to 2022-05-12T18:00:00+00:00, run_after=2022-05-13T18:00:00+00:00
[2022-05-12 07:18:15,284] {processor.py:161} INFO - Processing /opt/airflow/dags/live_stream_dag.py took 0.052 seconds
[2022-05-12 07:18:46,041] {processor.py:153} INFO - Started process (PID=2350) to work on /opt/airflow/dags/live_stream_dag.py
[2022-05-12 07:18:46,044] {processor.py:641} INFO - Processing file /opt/airflow/dags/live_stream_dag.py for tasks to queue
[2022-05-12 07:18:46,045] {logging_mixin.py:115} INFO - [2022-05-12 07:18:46,045] {dagbag.py:507} INFO - Filling up the DagBag from /opt/airflow/dags/live_stream_dag.py
[2022-05-12 07:18:46,062] {processor.py:651} INFO - DAG(s) dict_keys(['live_stream_Dag']) retrieved from /opt/airflow/dags/live_stream_dag.py
[2022-05-12 07:18:46,084] {logging_mixin.py:115} INFO - [2022-05-12 07:18:46,084] {dag.py:2371} INFO - Sync 1 DAGs
[2022-05-12 07:18:46,100] {logging_mixin.py:115} INFO - [2022-05-12 07:18:46,100] {dag.py:2919} INFO - Setting next_dagrun for live_stream_Dag to 2022-05-12T18:00:00+00:00, run_after=2022-05-13T18:00:00+00:00
[2022-05-12 07:18:46,106] {processor.py:161} INFO - Processing /opt/airflow/dags/live_stream_dag.py took 0.068 seconds
[2022-05-12 07:19:16,733] {processor.py:153} INFO - Started process (PID=2565) to work on /opt/airflow/dags/live_stream_dag.py
[2022-05-12 07:19:16,735] {processor.py:641} INFO - Processing file /opt/airflow/dags/live_stream_dag.py for tasks to queue
[2022-05-12 07:19:16,737] {logging_mixin.py:115} INFO - [2022-05-12 07:19:16,737] {dagbag.py:507} INFO - Filling up the DagBag from /opt/airflow/dags/live_stream_dag.py
[2022-05-12 07:19:16,757] {processor.py:651} INFO - DAG(s) dict_keys(['live_stream_Dag']) retrieved from /opt/airflow/dags/live_stream_dag.py
[2022-05-12 07:19:16,777] {logging_mixin.py:115} INFO - [2022-05-12 07:19:16,777] {dag.py:2371} INFO - Sync 1 DAGs
[2022-05-12 07:19:16,794] {logging_mixin.py:115} INFO - [2022-05-12 07:19:16,793] {dag.py:2919} INFO - Setting next_dagrun for live_stream_Dag to 2022-05-12T18:00:00+00:00, run_after=2022-05-13T18:00:00+00:00
[2022-05-12 07:19:16,802] {processor.py:161} INFO - Processing /opt/airflow/dags/live_stream_dag.py took 0.073 seconds
[2022-05-12 07:19:47,456] {processor.py:153} INFO - Started process (PID=2782) to work on /opt/airflow/dags/live_stream_dag.py
[2022-05-12 07:19:47,459] {processor.py:641} INFO - Processing file /opt/airflow/dags/live_stream_dag.py for tasks to queue
[2022-05-12 07:19:47,460] {logging_mixin.py:115} INFO - [2022-05-12 07:19:47,460] {dagbag.py:507} INFO - Filling up the DagBag from /opt/airflow/dags/live_stream_dag.py
[2022-05-12 07:19:47,474] {processor.py:651} INFO - DAG(s) dict_keys(['live_stream_Dag']) retrieved from /opt/airflow/dags/live_stream_dag.py
[2022-05-12 07:19:47,495] {logging_mixin.py:115} INFO - [2022-05-12 07:19:47,495] {dag.py:2371} INFO - Sync 1 DAGs
[2022-05-12 07:19:47,512] {logging_mixin.py:115} INFO - [2022-05-12 07:19:47,512] {dag.py:2919} INFO - Setting next_dagrun for live_stream_Dag to 2022-05-12T18:00:00+00:00, run_after=2022-05-13T18:00:00+00:00
[2022-05-12 07:19:47,522] {processor.py:161} INFO - Processing /opt/airflow/dags/live_stream_dag.py took 0.069 seconds
[2022-05-12 07:20:18,253] {processor.py:153} INFO - Started process (PID=3001) to work on /opt/airflow/dags/live_stream_dag.py
[2022-05-12 07:20:18,255] {processor.py:641} INFO - Processing file /opt/airflow/dags/live_stream_dag.py for tasks to queue
[2022-05-12 07:20:18,256] {logging_mixin.py:115} INFO - [2022-05-12 07:20:18,256] {dagbag.py:507} INFO - Filling up the DagBag from /opt/airflow/dags/live_stream_dag.py
[2022-05-12 07:20:18,283] {processor.py:651} INFO - DAG(s) dict_keys(['live_stream_Dag']) retrieved from /opt/airflow/dags/live_stream_dag.py
[2022-05-12 07:20:18,309] {logging_mixin.py:115} INFO - [2022-05-12 07:20:18,309] {dag.py:2371} INFO - Sync 1 DAGs
[2022-05-12 07:20:18,326] {logging_mixin.py:115} INFO - [2022-05-12 07:20:18,326] {dag.py:2919} INFO - Setting next_dagrun for live_stream_Dag to 2022-05-12T18:00:00+00:00, run_after=2022-05-13T18:00:00+00:00
[2022-05-12 07:20:18,335] {processor.py:161} INFO - Processing /opt/airflow/dags/live_stream_dag.py took 0.088 seconds
[2022-05-12 07:20:49,060] {processor.py:153} INFO - Started process (PID=3219) to work on /opt/airflow/dags/live_stream_dag.py
[2022-05-12 07:20:49,062] {processor.py:641} INFO - Processing file /opt/airflow/dags/live_stream_dag.py for tasks to queue
[2022-05-12 07:20:49,063] {logging_mixin.py:115} INFO - [2022-05-12 07:20:49,063] {dagbag.py:507} INFO - Filling up the DagBag from /opt/airflow/dags/live_stream_dag.py
[2022-05-12 07:20:49,080] {processor.py:651} INFO - DAG(s) dict_keys(['live_stream_Dag']) retrieved from /opt/airflow/dags/live_stream_dag.py
[2022-05-12 07:20:49,097] {logging_mixin.py:115} INFO - [2022-05-12 07:20:49,097] {dag.py:2371} INFO - Sync 1 DAGs
[2022-05-12 07:20:49,111] {logging_mixin.py:115} INFO - [2022-05-12 07:20:49,111] {dag.py:2919} INFO - Setting next_dagrun for live_stream_Dag to 2022-05-12T18:00:00+00:00, run_after=2022-05-13T18:00:00+00:00
[2022-05-12 07:20:49,117] {processor.py:161} INFO - Processing /opt/airflow/dags/live_stream_dag.py took 0.061 seconds
[2022-05-12 07:21:19,886] {processor.py:153} INFO - Started process (PID=3433) to work on /opt/airflow/dags/live_stream_dag.py
[2022-05-12 07:21:19,889] {processor.py:641} INFO - Processing file /opt/airflow/dags/live_stream_dag.py for tasks to queue
[2022-05-12 07:21:19,890] {logging_mixin.py:115} INFO - [2022-05-12 07:21:19,890] {dagbag.py:507} INFO - Filling up the DagBag from /opt/airflow/dags/live_stream_dag.py
[2022-05-12 07:21:19,918] {processor.py:651} INFO - DAG(s) dict_keys(['live_stream_Dag']) retrieved from /opt/airflow/dags/live_stream_dag.py
[2022-05-12 07:21:19,946] {logging_mixin.py:115} INFO - [2022-05-12 07:21:19,946] {dag.py:2371} INFO - Sync 1 DAGs
[2022-05-12 07:21:19,968] {logging_mixin.py:115} INFO - [2022-05-12 07:21:19,968] {dag.py:2919} INFO - Setting next_dagrun for live_stream_Dag to 2022-05-12T18:00:00+00:00, run_after=2022-05-13T18:00:00+00:00
[2022-05-12 07:21:20,027] {processor.py:161} INFO - Processing /opt/airflow/dags/live_stream_dag.py took 0.147 seconds
[2022-05-12 07:21:50,466] {processor.py:153} INFO - Started process (PID=3650) to work on /opt/airflow/dags/live_stream_dag.py
[2022-05-12 07:21:50,468] {processor.py:641} INFO - Processing file /opt/airflow/dags/live_stream_dag.py for tasks to queue
[2022-05-12 07:21:50,470] {logging_mixin.py:115} INFO - [2022-05-12 07:21:50,470] {dagbag.py:507} INFO - Filling up the DagBag from /opt/airflow/dags/live_stream_dag.py
[2022-05-12 07:21:50,486] {processor.py:651} INFO - DAG(s) dict_keys(['live_stream_Dag']) retrieved from /opt/airflow/dags/live_stream_dag.py
[2022-05-12 07:21:50,502] {logging_mixin.py:115} INFO - [2022-05-12 07:21:50,502] {dag.py:2371} INFO - Sync 1 DAGs
[2022-05-12 07:21:50,515] {logging_mixin.py:115} INFO - [2022-05-12 07:21:50,515] {dag.py:2919} INFO - Setting next_dagrun for live_stream_Dag to 2022-05-12T18:00:00+00:00, run_after=2022-05-13T18:00:00+00:00
[2022-05-12 07:21:50,523] {processor.py:161} INFO - Processing /opt/airflow/dags/live_stream_dag.py took 0.060 seconds
[2022-05-12 07:22:21,268] {processor.py:153} INFO - Started process (PID=3855) to work on /opt/airflow/dags/live_stream_dag.py
[2022-05-12 07:22:21,271] {processor.py:641} INFO - Processing file /opt/airflow/dags/live_stream_dag.py for tasks to queue
[2022-05-12 07:22:21,272] {logging_mixin.py:115} INFO - [2022-05-12 07:22:21,272] {dagbag.py:507} INFO - Filling up the DagBag from /opt/airflow/dags/live_stream_dag.py
[2022-05-12 07:22:21,298] {processor.py:651} INFO - DAG(s) dict_keys(['live_stream_Dag']) retrieved from /opt/airflow/dags/live_stream_dag.py
[2022-05-12 07:22:21,327] {logging_mixin.py:115} INFO - [2022-05-12 07:22:21,327] {dag.py:2371} INFO - Sync 1 DAGs
[2022-05-12 07:22:21,358] {logging_mixin.py:115} INFO - [2022-05-12 07:22:21,358] {dag.py:2919} INFO - Setting next_dagrun for live_stream_Dag to 2022-05-12T18:00:00+00:00, run_after=2022-05-13T18:00:00+00:00
[2022-05-12 07:22:21,367] {processor.py:161} INFO - Processing /opt/airflow/dags/live_stream_dag.py took 0.105 seconds
[2022-05-12 07:22:52,118] {processor.py:153} INFO - Started process (PID=4072) to work on /opt/airflow/dags/live_stream_dag.py
[2022-05-12 07:22:52,120] {processor.py:641} INFO - Processing file /opt/airflow/dags/live_stream_dag.py for tasks to queue
[2022-05-12 07:22:52,121] {logging_mixin.py:115} INFO - [2022-05-12 07:22:52,121] {dagbag.py:507} INFO - Filling up the DagBag from /opt/airflow/dags/live_stream_dag.py
[2022-05-12 07:22:52,142] {processor.py:651} INFO - DAG(s) dict_keys(['live_stream_Dag']) retrieved from /opt/airflow/dags/live_stream_dag.py
[2022-05-12 07:22:52,168] {logging_mixin.py:115} INFO - [2022-05-12 07:22:52,168] {dag.py:2371} INFO - Sync 1 DAGs
[2022-05-12 07:22:52,191] {logging_mixin.py:115} INFO - [2022-05-12 07:22:52,190] {dag.py:2919} INFO - Setting next_dagrun for live_stream_Dag to 2022-05-12T18:00:00+00:00, run_after=2022-05-13T18:00:00+00:00
[2022-05-12 07:22:52,206] {processor.py:161} INFO - Processing /opt/airflow/dags/live_stream_dag.py took 0.090 seconds
[2022-05-12 07:23:22,746] {processor.py:153} INFO - Started process (PID=4286) to work on /opt/airflow/dags/live_stream_dag.py
[2022-05-12 07:23:22,748] {processor.py:641} INFO - Processing file /opt/airflow/dags/live_stream_dag.py for tasks to queue
[2022-05-12 07:23:22,750] {logging_mixin.py:115} INFO - [2022-05-12 07:23:22,750] {dagbag.py:507} INFO - Filling up the DagBag from /opt/airflow/dags/live_stream_dag.py
[2022-05-12 07:23:22,769] {processor.py:651} INFO - DAG(s) dict_keys(['live_stream_Dag']) retrieved from /opt/airflow/dags/live_stream_dag.py
[2022-05-12 07:23:22,791] {logging_mixin.py:115} INFO - [2022-05-12 07:23:22,791] {dag.py:2371} INFO - Sync 1 DAGs
[2022-05-12 07:23:22,809] {logging_mixin.py:115} INFO - [2022-05-12 07:23:22,809] {dag.py:2919} INFO - Setting next_dagrun for live_stream_Dag to 2022-05-12T18:00:00+00:00, run_after=2022-05-13T18:00:00+00:00
[2022-05-12 07:23:22,818] {processor.py:161} INFO - Processing /opt/airflow/dags/live_stream_dag.py took 0.078 seconds
[2022-05-12 07:23:53,612] {processor.py:153} INFO - Started process (PID=4501) to work on /opt/airflow/dags/live_stream_dag.py
[2022-05-12 07:23:53,614] {processor.py:641} INFO - Processing file /opt/airflow/dags/live_stream_dag.py for tasks to queue
[2022-05-12 07:23:53,615] {logging_mixin.py:115} INFO - [2022-05-12 07:23:53,615] {dagbag.py:507} INFO - Filling up the DagBag from /opt/airflow/dags/live_stream_dag.py
[2022-05-12 07:23:53,648] {processor.py:651} INFO - DAG(s) dict_keys(['live_stream_Dag']) retrieved from /opt/airflow/dags/live_stream_dag.py
[2022-05-12 07:23:53,677] {logging_mixin.py:115} INFO - [2022-05-12 07:23:53,677] {dag.py:2371} INFO - Sync 1 DAGs
[2022-05-12 07:23:53,695] {logging_mixin.py:115} INFO - [2022-05-12 07:23:53,695] {dag.py:2919} INFO - Setting next_dagrun for live_stream_Dag to 2022-05-12T18:00:00+00:00, run_after=2022-05-13T18:00:00+00:00
[2022-05-12 07:23:53,703] {processor.py:161} INFO - Processing /opt/airflow/dags/live_stream_dag.py took 0.096 seconds
[2022-05-12 07:24:24,441] {processor.py:153} INFO - Started process (PID=4717) to work on /opt/airflow/dags/live_stream_dag.py
[2022-05-12 07:24:24,445] {processor.py:641} INFO - Processing file /opt/airflow/dags/live_stream_dag.py for tasks to queue
[2022-05-12 07:24:24,446] {logging_mixin.py:115} INFO - [2022-05-12 07:24:24,446] {dagbag.py:507} INFO - Filling up the DagBag from /opt/airflow/dags/live_stream_dag.py
[2022-05-12 07:24:24,477] {processor.py:651} INFO - DAG(s) dict_keys(['live_stream_Dag']) retrieved from /opt/airflow/dags/live_stream_dag.py
[2022-05-12 07:24:24,506] {logging_mixin.py:115} INFO - [2022-05-12 07:24:24,506] {dag.py:2371} INFO - Sync 1 DAGs
[2022-05-12 07:24:24,524] {logging_mixin.py:115} INFO - [2022-05-12 07:24:24,524] {dag.py:2919} INFO - Setting next_dagrun for live_stream_Dag to 2022-05-12T18:00:00+00:00, run_after=2022-05-13T18:00:00+00:00
[2022-05-12 07:24:24,532] {processor.py:161} INFO - Processing /opt/airflow/dags/live_stream_dag.py took 0.096 seconds
[2022-05-12 07:24:55,335] {processor.py:153} INFO - Started process (PID=4934) to work on /opt/airflow/dags/live_stream_dag.py
[2022-05-12 07:24:55,339] {processor.py:641} INFO - Processing file /opt/airflow/dags/live_stream_dag.py for tasks to queue
[2022-05-12 07:24:55,341] {logging_mixin.py:115} INFO - [2022-05-12 07:24:55,341] {dagbag.py:507} INFO - Filling up the DagBag from /opt/airflow/dags/live_stream_dag.py
[2022-05-12 07:24:55,357] {processor.py:651} INFO - DAG(s) dict_keys(['live_stream_Dag']) retrieved from /opt/airflow/dags/live_stream_dag.py
[2022-05-12 07:24:55,374] {logging_mixin.py:115} INFO - [2022-05-12 07:24:55,374] {dag.py:2371} INFO - Sync 1 DAGs
[2022-05-12 07:24:55,388] {logging_mixin.py:115} INFO - [2022-05-12 07:24:55,388] {dag.py:2919} INFO - Setting next_dagrun for live_stream_Dag to 2022-05-12T18:00:00+00:00, run_after=2022-05-13T18:00:00+00:00
[2022-05-12 07:24:55,396] {processor.py:161} INFO - Processing /opt/airflow/dags/live_stream_dag.py took 0.065 seconds
[2022-05-12 07:25:26,164] {processor.py:153} INFO - Started process (PID=5152) to work on /opt/airflow/dags/live_stream_dag.py
[2022-05-12 07:25:26,166] {processor.py:641} INFO - Processing file /opt/airflow/dags/live_stream_dag.py for tasks to queue
[2022-05-12 07:25:26,168] {logging_mixin.py:115} INFO - [2022-05-12 07:25:26,168] {dagbag.py:507} INFO - Filling up the DagBag from /opt/airflow/dags/live_stream_dag.py
[2022-05-12 07:25:26,185] {processor.py:651} INFO - DAG(s) dict_keys(['live_stream_Dag']) retrieved from /opt/airflow/dags/live_stream_dag.py
[2022-05-12 07:25:26,202] {logging_mixin.py:115} INFO - [2022-05-12 07:25:26,202] {dag.py:2371} INFO - Sync 1 DAGs
[2022-05-12 07:25:26,215] {logging_mixin.py:115} INFO - [2022-05-12 07:25:26,215] {dag.py:2919} INFO - Setting next_dagrun for live_stream_Dag to 2022-05-12T18:00:00+00:00, run_after=2022-05-13T18:00:00+00:00
[2022-05-12 07:25:26,221] {processor.py:161} INFO - Processing /opt/airflow/dags/live_stream_dag.py took 0.062 seconds
[2022-05-12 07:25:56,847] {processor.py:153} INFO - Started process (PID=5359) to work on /opt/airflow/dags/live_stream_dag.py
[2022-05-12 07:25:56,848] {processor.py:641} INFO - Processing file /opt/airflow/dags/live_stream_dag.py for tasks to queue
[2022-05-12 07:25:56,850] {logging_mixin.py:115} INFO - [2022-05-12 07:25:56,850] {dagbag.py:507} INFO - Filling up the DagBag from /opt/airflow/dags/live_stream_dag.py
[2022-05-12 07:25:56,869] {processor.py:651} INFO - DAG(s) dict_keys(['live_stream_Dag']) retrieved from /opt/airflow/dags/live_stream_dag.py
[2022-05-12 07:25:56,889] {logging_mixin.py:115} INFO - [2022-05-12 07:25:56,889] {dag.py:2371} INFO - Sync 1 DAGs
[2022-05-12 07:25:56,907] {logging_mixin.py:115} INFO - [2022-05-12 07:25:56,906] {dag.py:2919} INFO - Setting next_dagrun for live_stream_Dag to 2022-05-12T18:00:00+00:00, run_after=2022-05-13T18:00:00+00:00
[2022-05-12 07:25:56,915] {processor.py:161} INFO - Processing /opt/airflow/dags/live_stream_dag.py took 0.073 seconds
[2022-05-12 07:26:27,686] {processor.py:153} INFO - Started process (PID=5578) to work on /opt/airflow/dags/live_stream_dag.py
[2022-05-12 07:26:27,688] {processor.py:641} INFO - Processing file /opt/airflow/dags/live_stream_dag.py for tasks to queue
[2022-05-12 07:26:27,692] {logging_mixin.py:115} INFO - [2022-05-12 07:26:27,692] {dagbag.py:507} INFO - Filling up the DagBag from /opt/airflow/dags/live_stream_dag.py
[2022-05-12 07:26:27,708] {processor.py:651} INFO - DAG(s) dict_keys(['live_stream_Dag']) retrieved from /opt/airflow/dags/live_stream_dag.py
[2022-05-12 07:26:27,728] {logging_mixin.py:115} INFO - [2022-05-12 07:26:27,728] {dag.py:2371} INFO - Sync 1 DAGs
[2022-05-12 07:26:27,743] {logging_mixin.py:115} INFO - [2022-05-12 07:26:27,743] {dag.py:2919} INFO - Setting next_dagrun for live_stream_Dag to 2022-05-12T18:00:00+00:00, run_after=2022-05-13T18:00:00+00:00
[2022-05-12 07:26:27,751] {processor.py:161} INFO - Processing /opt/airflow/dags/live_stream_dag.py took 0.067 seconds
[2022-05-12 07:26:57,836] {processor.py:153} INFO - Started process (PID=5792) to work on /opt/airflow/dags/live_stream_dag.py
[2022-05-12 07:26:57,838] {processor.py:641} INFO - Processing file /opt/airflow/dags/live_stream_dag.py for tasks to queue
[2022-05-12 07:26:57,840] {logging_mixin.py:115} INFO - [2022-05-12 07:26:57,840] {dagbag.py:507} INFO - Filling up the DagBag from /opt/airflow/dags/live_stream_dag.py
[2022-05-12 07:26:57,874] {processor.py:651} INFO - DAG(s) dict_keys(['live_stream_Dag']) retrieved from /opt/airflow/dags/live_stream_dag.py
[2022-05-12 07:26:57,906] {logging_mixin.py:115} INFO - [2022-05-12 07:26:57,906] {dag.py:2371} INFO - Sync 1 DAGs
[2022-05-12 07:26:57,932] {logging_mixin.py:115} INFO - [2022-05-12 07:26:57,932] {dag.py:2919} INFO - Setting next_dagrun for live_stream_Dag to 2022-05-12T18:00:00+00:00, run_after=2022-05-13T18:00:00+00:00
[2022-05-12 07:26:57,950] {processor.py:161} INFO - Processing /opt/airflow/dags/live_stream_dag.py took 0.119 seconds
[2022-05-12 07:39:19,087] {processor.py:153} INFO - Started process (PID=170) to work on /opt/airflow/dags/live_stream_dag.py
[2022-05-12 07:39:19,089] {processor.py:641} INFO - Processing file /opt/airflow/dags/live_stream_dag.py for tasks to queue
[2022-05-12 07:39:19,091] {logging_mixin.py:115} INFO - [2022-05-12 07:39:19,091] {dagbag.py:507} INFO - Filling up the DagBag from /opt/airflow/dags/live_stream_dag.py
[2022-05-12 07:39:19,127] {processor.py:651} INFO - DAG(s) dict_keys(['live_stream_Dag']) retrieved from /opt/airflow/dags/live_stream_dag.py
[2022-05-12 07:39:19,211] {logging_mixin.py:115} INFO - [2022-05-12 07:39:19,211] {manager.py:508} INFO - Created Permission View: can delete on DAG:live_stream_Dag
[2022-05-12 07:39:19,225] {logging_mixin.py:115} INFO - [2022-05-12 07:39:19,225] {manager.py:508} INFO - Created Permission View: can read on DAG:live_stream_Dag
[2022-05-12 07:39:19,233] {logging_mixin.py:115} INFO - [2022-05-12 07:39:19,233] {manager.py:508} INFO - Created Permission View: can edit on DAG:live_stream_Dag
[2022-05-12 07:39:19,236] {logging_mixin.py:115} INFO - [2022-05-12 07:39:19,235] {dag.py:2371} INFO - Sync 1 DAGs
[2022-05-12 07:39:19,245] {logging_mixin.py:115} INFO - [2022-05-12 07:39:19,245] {dag.py:2390} INFO - Creating ORM DAG for live_stream_Dag
[2022-05-12 07:39:19,258] {logging_mixin.py:115} INFO - [2022-05-12 07:39:19,257] {dag.py:2919} INFO - Setting next_dagrun for live_stream_Dag to 2022-05-12T18:00:00+00:00, run_after=2022-05-13T18:00:00+00:00
[2022-05-12 07:39:19,275] {processor.py:161} INFO - Processing /opt/airflow/dags/live_stream_dag.py took 0.191 seconds
[2022-05-12 07:39:49,936] {processor.py:153} INFO - Started process (PID=392) to work on /opt/airflow/dags/live_stream_dag.py
[2022-05-12 07:39:49,939] {processor.py:641} INFO - Processing file /opt/airflow/dags/live_stream_dag.py for tasks to queue
[2022-05-12 07:39:49,941] {logging_mixin.py:115} INFO - [2022-05-12 07:39:49,941] {dagbag.py:507} INFO - Filling up the DagBag from /opt/airflow/dags/live_stream_dag.py
[2022-05-12 07:39:49,981] {processor.py:651} INFO - DAG(s) dict_keys(['live_stream_Dag']) retrieved from /opt/airflow/dags/live_stream_dag.py
[2022-05-12 07:39:50,006] {logging_mixin.py:115} INFO - [2022-05-12 07:39:50,006] {dag.py:2371} INFO - Sync 1 DAGs
[2022-05-12 07:39:50,025] {logging_mixin.py:115} INFO - [2022-05-12 07:39:50,025] {dag.py:2919} INFO - Setting next_dagrun for live_stream_Dag to 2022-05-12T18:00:00+00:00, run_after=2022-05-13T18:00:00+00:00
[2022-05-12 07:39:50,032] {processor.py:161} INFO - Processing /opt/airflow/dags/live_stream_dag.py took 0.100 seconds
[2022-05-12 07:40:20,818] {processor.py:153} INFO - Started process (PID=613) to work on /opt/airflow/dags/live_stream_dag.py
[2022-05-12 07:40:20,820] {processor.py:641} INFO - Processing file /opt/airflow/dags/live_stream_dag.py for tasks to queue
[2022-05-12 07:40:20,822] {logging_mixin.py:115} INFO - [2022-05-12 07:40:20,822] {dagbag.py:507} INFO - Filling up the DagBag from /opt/airflow/dags/live_stream_dag.py
[2022-05-12 07:40:20,840] {processor.py:651} INFO - DAG(s) dict_keys(['live_stream_Dag']) retrieved from /opt/airflow/dags/live_stream_dag.py
[2022-05-12 07:40:20,861] {logging_mixin.py:115} INFO - [2022-05-12 07:40:20,861] {dag.py:2371} INFO - Sync 1 DAGs
[2022-05-12 07:40:20,877] {logging_mixin.py:115} INFO - [2022-05-12 07:40:20,877] {dag.py:2919} INFO - Setting next_dagrun for live_stream_Dag to 2022-05-12T18:00:00+00:00, run_after=2022-05-13T18:00:00+00:00
[2022-05-12 07:40:20,886] {processor.py:161} INFO - Processing /opt/airflow/dags/live_stream_dag.py took 0.070 seconds
[2022-05-12 07:40:51,672] {processor.py:153} INFO - Started process (PID=840) to work on /opt/airflow/dags/live_stream_dag.py
[2022-05-12 07:40:51,674] {processor.py:641} INFO - Processing file /opt/airflow/dags/live_stream_dag.py for tasks to queue
[2022-05-12 07:40:51,677] {logging_mixin.py:115} INFO - [2022-05-12 07:40:51,677] {dagbag.py:507} INFO - Filling up the DagBag from /opt/airflow/dags/live_stream_dag.py
[2022-05-12 07:40:51,704] {processor.py:651} INFO - DAG(s) dict_keys(['live_stream_Dag']) retrieved from /opt/airflow/dags/live_stream_dag.py
[2022-05-12 07:40:51,730] {logging_mixin.py:115} INFO - [2022-05-12 07:40:51,730] {dag.py:2371} INFO - Sync 1 DAGs
[2022-05-12 07:40:51,751] {logging_mixin.py:115} INFO - [2022-05-12 07:40:51,751] {dag.py:2919} INFO - Setting next_dagrun for live_stream_Dag to 2022-05-12T18:00:00+00:00, run_after=2022-05-13T18:00:00+00:00
[2022-05-12 07:40:51,762] {processor.py:161} INFO - Processing /opt/airflow/dags/live_stream_dag.py took 0.093 seconds
[2022-05-12 07:41:22,655] {processor.py:153} INFO - Started process (PID=1057) to work on /opt/airflow/dags/live_stream_dag.py
[2022-05-12 07:41:22,657] {processor.py:641} INFO - Processing file /opt/airflow/dags/live_stream_dag.py for tasks to queue
[2022-05-12 07:41:22,660] {logging_mixin.py:115} INFO - [2022-05-12 07:41:22,660] {dagbag.py:507} INFO - Filling up the DagBag from /opt/airflow/dags/live_stream_dag.py
[2022-05-12 07:41:22,684] {processor.py:651} INFO - DAG(s) dict_keys(['live_stream_Dag']) retrieved from /opt/airflow/dags/live_stream_dag.py
[2022-05-12 07:41:22,710] {logging_mixin.py:115} INFO - [2022-05-12 07:41:22,710] {dag.py:2371} INFO - Sync 1 DAGs
[2022-05-12 07:41:22,734] {logging_mixin.py:115} INFO - [2022-05-12 07:41:22,734] {dag.py:2919} INFO - Setting next_dagrun for live_stream_Dag to 2022-05-12T18:00:00+00:00, run_after=2022-05-13T18:00:00+00:00
[2022-05-12 07:41:22,745] {processor.py:161} INFO - Processing /opt/airflow/dags/live_stream_dag.py took 0.101 seconds
[2022-05-12 07:41:53,718] {processor.py:153} INFO - Started process (PID=1277) to work on /opt/airflow/dags/live_stream_dag.py
[2022-05-12 07:41:53,720] {processor.py:641} INFO - Processing file /opt/airflow/dags/live_stream_dag.py for tasks to queue
[2022-05-12 07:41:53,721] {logging_mixin.py:115} INFO - [2022-05-12 07:41:53,721] {dagbag.py:507} INFO - Filling up the DagBag from /opt/airflow/dags/live_stream_dag.py
[2022-05-12 07:41:53,746] {processor.py:651} INFO - DAG(s) dict_keys(['live_stream_Dag']) retrieved from /opt/airflow/dags/live_stream_dag.py
[2022-05-12 07:41:53,778] {logging_mixin.py:115} INFO - [2022-05-12 07:41:53,777] {dag.py:2371} INFO - Sync 1 DAGs
[2022-05-12 07:41:53,804] {logging_mixin.py:115} INFO - [2022-05-12 07:41:53,804] {dag.py:2919} INFO - Setting next_dagrun for live_stream_Dag to 2022-05-12T18:00:00+00:00, run_after=2022-05-13T18:00:00+00:00
[2022-05-12 07:41:53,812] {processor.py:161} INFO - Processing /opt/airflow/dags/live_stream_dag.py took 0.102 seconds
[2022-05-12 07:45:05,529] {processor.py:153} INFO - Started process (PID=170) to work on /opt/airflow/dags/live_stream_dag.py
[2022-05-12 07:45:05,530] {processor.py:641} INFO - Processing file /opt/airflow/dags/live_stream_dag.py for tasks to queue
[2022-05-12 07:45:05,531] {logging_mixin.py:115} INFO - [2022-05-12 07:45:05,531] {dagbag.py:507} INFO - Filling up the DagBag from /opt/airflow/dags/live_stream_dag.py
[2022-05-12 07:45:05,558] {processor.py:651} INFO - DAG(s) dict_keys(['live_stream_Dag']) retrieved from /opt/airflow/dags/live_stream_dag.py
[2022-05-12 07:45:05,580] {logging_mixin.py:115} INFO - [2022-05-12 07:45:05,580] {dag.py:2371} INFO - Sync 1 DAGs
[2022-05-12 07:45:05,601] {logging_mixin.py:115} INFO - [2022-05-12 07:45:05,601] {dag.py:2919} INFO - Setting next_dagrun for live_stream_Dag to 2022-05-12T18:00:00+00:00, run_after=2022-05-13T18:00:00+00:00
[2022-05-12 07:45:05,643] {processor.py:161} INFO - Processing /opt/airflow/dags/live_stream_dag.py took 0.116 seconds
[2022-05-12 07:45:35,762] {processor.py:153} INFO - Started process (PID=396) to work on /opt/airflow/dags/live_stream_dag.py
[2022-05-12 07:45:35,765] {processor.py:641} INFO - Processing file /opt/airflow/dags/live_stream_dag.py for tasks to queue
[2022-05-12 07:45:35,768] {logging_mixin.py:115} INFO - [2022-05-12 07:45:35,767] {dagbag.py:507} INFO - Filling up the DagBag from /opt/airflow/dags/live_stream_dag.py
[2022-05-12 07:45:35,793] {processor.py:651} INFO - DAG(s) dict_keys(['live_stream_Dag']) retrieved from /opt/airflow/dags/live_stream_dag.py
[2022-05-12 07:45:35,832] {logging_mixin.py:115} INFO - [2022-05-12 07:45:35,832] {dag.py:2371} INFO - Sync 1 DAGs
[2022-05-12 07:45:35,859] {logging_mixin.py:115} INFO - [2022-05-12 07:45:35,859] {dag.py:2919} INFO - Setting next_dagrun for live_stream_Dag to 2022-05-12T18:00:00+00:00, run_after=2022-05-13T18:00:00+00:00
[2022-05-12 07:45:35,868] {processor.py:161} INFO - Processing /opt/airflow/dags/live_stream_dag.py took 0.108 seconds
[2022-05-12 07:46:06,083] {processor.py:153} INFO - Started process (PID=654) to work on /opt/airflow/dags/live_stream_dag.py
[2022-05-12 07:46:06,087] {processor.py:641} INFO - Processing file /opt/airflow/dags/live_stream_dag.py for tasks to queue
[2022-05-12 07:46:06,090] {logging_mixin.py:115} INFO - [2022-05-12 07:46:06,090] {dagbag.py:507} INFO - Filling up the DagBag from /opt/airflow/dags/live_stream_dag.py
[2022-05-12 07:46:06,156] {processor.py:651} INFO - DAG(s) dict_keys(['live_stream_Dag']) retrieved from /opt/airflow/dags/live_stream_dag.py
[2022-05-12 07:46:06,185] {logging_mixin.py:115} INFO - [2022-05-12 07:46:06,184] {dag.py:2371} INFO - Sync 1 DAGs
[2022-05-12 07:46:06,203] {logging_mixin.py:115} INFO - [2022-05-12 07:46:06,203] {dag.py:2919} INFO - Setting next_dagrun for live_stream_Dag to 2022-05-12T18:00:00+00:00, run_after=2022-05-13T18:00:00+00:00
[2022-05-12 07:46:06,212] {processor.py:161} INFO - Processing /opt/airflow/dags/live_stream_dag.py took 0.142 seconds
[2022-05-12 07:46:36,546] {processor.py:153} INFO - Started process (PID=860) to work on /opt/airflow/dags/live_stream_dag.py
[2022-05-12 07:46:36,548] {processor.py:641} INFO - Processing file /opt/airflow/dags/live_stream_dag.py for tasks to queue
[2022-05-12 07:46:36,549] {logging_mixin.py:115} INFO - [2022-05-12 07:46:36,549] {dagbag.py:507} INFO - Filling up the DagBag from /opt/airflow/dags/live_stream_dag.py
[2022-05-12 07:46:36,566] {processor.py:651} INFO - DAG(s) dict_keys(['live_stream_Dag']) retrieved from /opt/airflow/dags/live_stream_dag.py
[2022-05-12 07:46:36,585] {logging_mixin.py:115} INFO - [2022-05-12 07:46:36,585] {dag.py:2371} INFO - Sync 1 DAGs
[2022-05-12 07:46:36,600] {logging_mixin.py:115} INFO - [2022-05-12 07:46:36,599] {dag.py:2919} INFO - Setting next_dagrun for live_stream_Dag to 2022-05-12T18:00:00+00:00, run_after=2022-05-13T18:00:00+00:00
[2022-05-12 07:46:36,607] {processor.py:161} INFO - Processing /opt/airflow/dags/live_stream_dag.py took 0.066 seconds
[2022-05-12 07:47:06,761] {processor.py:153} INFO - Started process (PID=1077) to work on /opt/airflow/dags/live_stream_dag.py
[2022-05-12 07:47:06,762] {processor.py:641} INFO - Processing file /opt/airflow/dags/live_stream_dag.py for tasks to queue
[2022-05-12 07:47:06,764] {logging_mixin.py:115} INFO - [2022-05-12 07:47:06,764] {dagbag.py:507} INFO - Filling up the DagBag from /opt/airflow/dags/live_stream_dag.py
[2022-05-12 07:47:06,785] {processor.py:651} INFO - DAG(s) dict_keys(['live_stream_Dag']) retrieved from /opt/airflow/dags/live_stream_dag.py
[2022-05-12 07:47:06,807] {logging_mixin.py:115} INFO - [2022-05-12 07:47:06,807] {dag.py:2371} INFO - Sync 1 DAGs
[2022-05-12 07:47:06,826] {logging_mixin.py:115} INFO - [2022-05-12 07:47:06,826] {dag.py:2919} INFO - Setting next_dagrun for live_stream_Dag to 2022-05-12T18:00:00+00:00, run_after=2022-05-13T18:00:00+00:00
[2022-05-12 07:47:06,835] {processor.py:161} INFO - Processing /opt/airflow/dags/live_stream_dag.py took 0.078 seconds
[2022-05-12 07:47:37,604] {processor.py:153} INFO - Started process (PID=1295) to work on /opt/airflow/dags/live_stream_dag.py
[2022-05-12 07:47:37,606] {processor.py:641} INFO - Processing file /opt/airflow/dags/live_stream_dag.py for tasks to queue
[2022-05-12 07:47:37,608] {logging_mixin.py:115} INFO - [2022-05-12 07:47:37,608] {dagbag.py:507} INFO - Filling up the DagBag from /opt/airflow/dags/live_stream_dag.py
[2022-05-12 07:47:37,630] {processor.py:651} INFO - DAG(s) dict_keys(['live_stream_Dag']) retrieved from /opt/airflow/dags/live_stream_dag.py
[2022-05-12 07:47:37,650] {logging_mixin.py:115} INFO - [2022-05-12 07:47:37,650] {dag.py:2371} INFO - Sync 1 DAGs
[2022-05-12 07:47:37,663] {logging_mixin.py:115} INFO - [2022-05-12 07:47:37,663] {dag.py:2919} INFO - Setting next_dagrun for live_stream_Dag to 2022-05-12T18:00:00+00:00, run_after=2022-05-13T18:00:00+00:00
[2022-05-12 07:47:37,671] {processor.py:161} INFO - Processing /opt/airflow/dags/live_stream_dag.py took 0.076 seconds
[2022-05-12 07:48:08,504] {processor.py:153} INFO - Started process (PID=1510) to work on /opt/airflow/dags/live_stream_dag.py
[2022-05-12 07:48:08,505] {processor.py:641} INFO - Processing file /opt/airflow/dags/live_stream_dag.py for tasks to queue
[2022-05-12 07:48:08,507] {logging_mixin.py:115} INFO - [2022-05-12 07:48:08,507] {dagbag.py:507} INFO - Filling up the DagBag from /opt/airflow/dags/live_stream_dag.py
[2022-05-12 07:48:08,531] {processor.py:651} INFO - DAG(s) dict_keys(['live_stream_Dag']) retrieved from /opt/airflow/dags/live_stream_dag.py
[2022-05-12 07:48:08,559] {logging_mixin.py:115} INFO - [2022-05-12 07:48:08,559] {dag.py:2371} INFO - Sync 1 DAGs
[2022-05-12 07:48:08,582] {logging_mixin.py:115} INFO - [2022-05-12 07:48:08,582] {dag.py:2919} INFO - Setting next_dagrun for live_stream_Dag to 2022-05-12T18:00:00+00:00, run_after=2022-05-13T18:00:00+00:00
[2022-05-12 07:48:08,593] {processor.py:161} INFO - Processing /opt/airflow/dags/live_stream_dag.py took 0.094 seconds
[2022-05-12 07:55:16,355] {processor.py:153} INFO - Started process (PID=170) to work on /opt/airflow/dags/live_stream_dag.py
[2022-05-12 07:55:16,357] {processor.py:641} INFO - Processing file /opt/airflow/dags/live_stream_dag.py for tasks to queue
[2022-05-12 07:55:16,358] {logging_mixin.py:115} INFO - [2022-05-12 07:55:16,358] {dagbag.py:507} INFO - Filling up the DagBag from /opt/airflow/dags/live_stream_dag.py
[2022-05-12 07:55:16,381] {processor.py:651} INFO - DAG(s) dict_keys(['live_stream_Dag']) retrieved from /opt/airflow/dags/live_stream_dag.py
[2022-05-12 07:55:16,403] {logging_mixin.py:115} INFO - [2022-05-12 07:55:16,403] {dag.py:2371} INFO - Sync 1 DAGs
[2022-05-12 07:55:16,420] {logging_mixin.py:115} INFO - [2022-05-12 07:55:16,420] {dag.py:2919} INFO - Setting next_dagrun for live_stream_Dag to 2022-05-12T18:00:00+00:00, run_after=2022-05-13T18:00:00+00:00
[2022-05-12 07:55:16,428] {processor.py:161} INFO - Processing /opt/airflow/dags/live_stream_dag.py took 0.076 seconds
[2022-05-12 07:55:46,487] {processor.py:153} INFO - Started process (PID=426) to work on /opt/airflow/dags/live_stream_dag.py
[2022-05-12 07:55:46,488] {processor.py:641} INFO - Processing file /opt/airflow/dags/live_stream_dag.py for tasks to queue
[2022-05-12 07:55:46,489] {logging_mixin.py:115} INFO - [2022-05-12 07:55:46,489] {dagbag.py:507} INFO - Filling up the DagBag from /opt/airflow/dags/live_stream_dag.py
[2022-05-12 07:55:46,505] {processor.py:651} INFO - DAG(s) dict_keys(['live_stream_Dag']) retrieved from /opt/airflow/dags/live_stream_dag.py
[2022-05-12 07:55:46,524] {logging_mixin.py:115} INFO - [2022-05-12 07:55:46,524] {dag.py:2371} INFO - Sync 1 DAGs
[2022-05-12 07:55:46,539] {logging_mixin.py:115} INFO - [2022-05-12 07:55:46,539] {dag.py:2919} INFO - Setting next_dagrun for live_stream_Dag to 2022-05-12T18:00:00+00:00, run_after=2022-05-13T18:00:00+00:00
[2022-05-12 07:55:46,551] {processor.py:161} INFO - Processing /opt/airflow/dags/live_stream_dag.py took 0.067 seconds
[2022-05-12 07:56:16,755] {processor.py:153} INFO - Started process (PID=648) to work on /opt/airflow/dags/live_stream_dag.py
[2022-05-12 07:56:16,757] {processor.py:641} INFO - Processing file /opt/airflow/dags/live_stream_dag.py for tasks to queue
[2022-05-12 07:56:16,758] {logging_mixin.py:115} INFO - [2022-05-12 07:56:16,758] {dagbag.py:507} INFO - Filling up the DagBag from /opt/airflow/dags/live_stream_dag.py
[2022-05-12 07:56:16,771] {processor.py:651} INFO - DAG(s) dict_keys(['live_stream_Dag']) retrieved from /opt/airflow/dags/live_stream_dag.py
[2022-05-12 07:56:16,790] {logging_mixin.py:115} INFO - [2022-05-12 07:56:16,790] {dag.py:2371} INFO - Sync 1 DAGs
[2022-05-12 07:56:16,803] {logging_mixin.py:115} INFO - [2022-05-12 07:56:16,803] {dag.py:2919} INFO - Setting next_dagrun for live_stream_Dag to 2022-05-12T18:00:00+00:00, run_after=2022-05-13T18:00:00+00:00
[2022-05-12 07:56:16,812] {processor.py:161} INFO - Processing /opt/airflow/dags/live_stream_dag.py took 0.060 seconds
[2022-05-12 07:56:47,512] {processor.py:153} INFO - Started process (PID=859) to work on /opt/airflow/dags/live_stream_dag.py
[2022-05-12 07:56:47,515] {processor.py:641} INFO - Processing file /opt/airflow/dags/live_stream_dag.py for tasks to queue
[2022-05-12 07:56:47,517] {logging_mixin.py:115} INFO - [2022-05-12 07:56:47,517] {dagbag.py:507} INFO - Filling up the DagBag from /opt/airflow/dags/live_stream_dag.py
[2022-05-12 07:56:47,533] {processor.py:651} INFO - DAG(s) dict_keys(['live_stream_Dag']) retrieved from /opt/airflow/dags/live_stream_dag.py
[2022-05-12 07:56:47,559] {logging_mixin.py:115} INFO - [2022-05-12 07:56:47,558] {dag.py:2371} INFO - Sync 1 DAGs
[2022-05-12 07:56:47,576] {logging_mixin.py:115} INFO - [2022-05-12 07:56:47,576] {dag.py:2919} INFO - Setting next_dagrun for live_stream_Dag to 2022-05-12T18:00:00+00:00, run_after=2022-05-13T18:00:00+00:00
[2022-05-12 07:56:47,588] {processor.py:161} INFO - Processing /opt/airflow/dags/live_stream_dag.py took 0.081 seconds
[2022-05-12 07:57:18,386] {processor.py:153} INFO - Started process (PID=1073) to work on /opt/airflow/dags/live_stream_dag.py
[2022-05-12 07:57:18,387] {processor.py:641} INFO - Processing file /opt/airflow/dags/live_stream_dag.py for tasks to queue
[2022-05-12 07:57:18,389] {logging_mixin.py:115} INFO - [2022-05-12 07:57:18,389] {dagbag.py:507} INFO - Filling up the DagBag from /opt/airflow/dags/live_stream_dag.py
[2022-05-12 07:57:18,408] {processor.py:651} INFO - DAG(s) dict_keys(['live_stream_Dag']) retrieved from /opt/airflow/dags/live_stream_dag.py
[2022-05-12 07:57:18,428] {logging_mixin.py:115} INFO - [2022-05-12 07:57:18,428] {dag.py:2371} INFO - Sync 1 DAGs
[2022-05-12 07:57:18,442] {logging_mixin.py:115} INFO - [2022-05-12 07:57:18,442] {dag.py:2919} INFO - Setting next_dagrun for live_stream_Dag to 2022-05-12T18:00:00+00:00, run_after=2022-05-13T18:00:00+00:00
[2022-05-12 07:57:18,450] {processor.py:161} INFO - Processing /opt/airflow/dags/live_stream_dag.py took 0.068 seconds
[2022-05-12 07:57:49,265] {processor.py:153} INFO - Started process (PID=1291) to work on /opt/airflow/dags/live_stream_dag.py
[2022-05-12 07:57:49,268] {processor.py:641} INFO - Processing file /opt/airflow/dags/live_stream_dag.py for tasks to queue
[2022-05-12 07:57:49,269] {logging_mixin.py:115} INFO - [2022-05-12 07:57:49,269] {dagbag.py:507} INFO - Filling up the DagBag from /opt/airflow/dags/live_stream_dag.py
[2022-05-12 07:57:49,298] {processor.py:651} INFO - DAG(s) dict_keys(['live_stream_Dag']) retrieved from /opt/airflow/dags/live_stream_dag.py
[2022-05-12 07:57:49,326] {logging_mixin.py:115} INFO - [2022-05-12 07:57:49,326] {dag.py:2371} INFO - Sync 1 DAGs
[2022-05-12 07:57:49,351] {logging_mixin.py:115} INFO - [2022-05-12 07:57:49,351] {dag.py:2919} INFO - Setting next_dagrun for live_stream_Dag to 2022-05-12T18:00:00+00:00, run_after=2022-05-13T18:00:00+00:00
[2022-05-12 07:57:49,361] {processor.py:161} INFO - Processing /opt/airflow/dags/live_stream_dag.py took 0.102 seconds
[2022-05-12 07:58:20,253] {processor.py:153} INFO - Started process (PID=1511) to work on /opt/airflow/dags/live_stream_dag.py
[2022-05-12 07:58:20,256] {processor.py:641} INFO - Processing file /opt/airflow/dags/live_stream_dag.py for tasks to queue
[2022-05-12 07:58:20,258] {logging_mixin.py:115} INFO - [2022-05-12 07:58:20,258] {dagbag.py:507} INFO - Filling up the DagBag from /opt/airflow/dags/live_stream_dag.py
[2022-05-12 07:58:20,280] {processor.py:651} INFO - DAG(s) dict_keys(['live_stream_Dag']) retrieved from /opt/airflow/dags/live_stream_dag.py
[2022-05-12 07:58:20,302] {logging_mixin.py:115} INFO - [2022-05-12 07:58:20,302] {dag.py:2371} INFO - Sync 1 DAGs
[2022-05-12 07:58:20,318] {logging_mixin.py:115} INFO - [2022-05-12 07:58:20,318] {dag.py:2919} INFO - Setting next_dagrun for live_stream_Dag to 2022-05-12T18:00:00+00:00, run_after=2022-05-13T18:00:00+00:00
[2022-05-12 07:58:20,326] {processor.py:161} INFO - Processing /opt/airflow/dags/live_stream_dag.py took 0.078 seconds
[2022-05-12 07:58:51,086] {processor.py:153} INFO - Started process (PID=1725) to work on /opt/airflow/dags/live_stream_dag.py
[2022-05-12 07:58:51,089] {processor.py:641} INFO - Processing file /opt/airflow/dags/live_stream_dag.py for tasks to queue
[2022-05-12 07:58:51,091] {logging_mixin.py:115} INFO - [2022-05-12 07:58:51,090] {dagbag.py:507} INFO - Filling up the DagBag from /opt/airflow/dags/live_stream_dag.py
[2022-05-12 07:58:51,127] {processor.py:651} INFO - DAG(s) dict_keys(['live_stream_Dag']) retrieved from /opt/airflow/dags/live_stream_dag.py
[2022-05-12 07:58:51,151] {logging_mixin.py:115} INFO - [2022-05-12 07:58:51,150] {dag.py:2371} INFO - Sync 1 DAGs
[2022-05-12 07:58:51,173] {logging_mixin.py:115} INFO - [2022-05-12 07:58:51,173] {dag.py:2919} INFO - Setting next_dagrun for live_stream_Dag to 2022-05-12T18:00:00+00:00, run_after=2022-05-13T18:00:00+00:00
[2022-05-12 07:58:51,181] {processor.py:161} INFO - Processing /opt/airflow/dags/live_stream_dag.py took 0.101 seconds
[2022-05-12 07:59:22,051] {processor.py:153} INFO - Started process (PID=1943) to work on /opt/airflow/dags/live_stream_dag.py
[2022-05-12 07:59:22,053] {processor.py:641} INFO - Processing file /opt/airflow/dags/live_stream_dag.py for tasks to queue
[2022-05-12 07:59:22,054] {logging_mixin.py:115} INFO - [2022-05-12 07:59:22,054] {dagbag.py:507} INFO - Filling up the DagBag from /opt/airflow/dags/live_stream_dag.py
[2022-05-12 07:59:22,074] {processor.py:651} INFO - DAG(s) dict_keys(['live_stream_Dag']) retrieved from /opt/airflow/dags/live_stream_dag.py
[2022-05-12 07:59:22,096] {logging_mixin.py:115} INFO - [2022-05-12 07:59:22,096] {dag.py:2371} INFO - Sync 1 DAGs
[2022-05-12 07:59:22,111] {logging_mixin.py:115} INFO - [2022-05-12 07:59:22,111] {dag.py:2919} INFO - Setting next_dagrun for live_stream_Dag to 2022-05-12T18:00:00+00:00, run_after=2022-05-13T18:00:00+00:00
[2022-05-12 07:59:22,120] {processor.py:161} INFO - Processing /opt/airflow/dags/live_stream_dag.py took 0.071 seconds
[2022-05-12 07:59:52,864] {processor.py:153} INFO - Started process (PID=2159) to work on /opt/airflow/dags/live_stream_dag.py
[2022-05-12 07:59:52,876] {processor.py:641} INFO - Processing file /opt/airflow/dags/live_stream_dag.py for tasks to queue
[2022-05-12 07:59:52,880] {logging_mixin.py:115} INFO - [2022-05-12 07:59:52,879] {dagbag.py:507} INFO - Filling up the DagBag from /opt/airflow/dags/live_stream_dag.py
[2022-05-12 07:59:52,898] {processor.py:651} INFO - DAG(s) dict_keys(['live_stream_Dag']) retrieved from /opt/airflow/dags/live_stream_dag.py
[2022-05-12 07:59:52,920] {logging_mixin.py:115} INFO - [2022-05-12 07:59:52,920] {dag.py:2371} INFO - Sync 1 DAGs
[2022-05-12 07:59:52,936] {logging_mixin.py:115} INFO - [2022-05-12 07:59:52,936] {dag.py:2919} INFO - Setting next_dagrun for live_stream_Dag to 2022-05-12T18:00:00+00:00, run_after=2022-05-13T18:00:00+00:00
[2022-05-12 07:59:52,946] {processor.py:161} INFO - Processing /opt/airflow/dags/live_stream_dag.py took 0.086 seconds
[2022-05-12 08:01:37,761] {processor.py:153} INFO - Started process (PID=170) to work on /opt/airflow/dags/live_stream_dag.py
[2022-05-12 08:01:37,762] {processor.py:641} INFO - Processing file /opt/airflow/dags/live_stream_dag.py for tasks to queue
[2022-05-12 08:01:37,764] {logging_mixin.py:115} INFO - [2022-05-12 08:01:37,764] {dagbag.py:507} INFO - Filling up the DagBag from /opt/airflow/dags/live_stream_dag.py
[2022-05-12 08:01:37,785] {processor.py:651} INFO - DAG(s) dict_keys(['live_stream_Dag']) retrieved from /opt/airflow/dags/live_stream_dag.py
[2022-05-12 08:01:37,814] {logging_mixin.py:115} INFO - [2022-05-12 08:01:37,814] {dag.py:2371} INFO - Sync 1 DAGs
[2022-05-12 08:01:37,830] {logging_mixin.py:115} INFO - [2022-05-12 08:01:37,830] {dag.py:2919} INFO - Setting next_dagrun for live_stream_Dag to 2022-05-12T18:00:00+00:00, run_after=2022-05-13T18:00:00+00:00
[2022-05-12 08:01:37,864] {processor.py:161} INFO - Processing /opt/airflow/dags/live_stream_dag.py took 0.107 seconds
[2022-05-12 08:02:08,247] {processor.py:153} INFO - Started process (PID=384) to work on /opt/airflow/dags/live_stream_dag.py
[2022-05-12 08:02:08,249] {processor.py:641} INFO - Processing file /opt/airflow/dags/live_stream_dag.py for tasks to queue
[2022-05-12 08:02:08,251] {logging_mixin.py:115} INFO - [2022-05-12 08:02:08,251] {dagbag.py:507} INFO - Filling up the DagBag from /opt/airflow/dags/live_stream_dag.py
[2022-05-12 08:02:08,277] {processor.py:651} INFO - DAG(s) dict_keys(['live_stream_Dag']) retrieved from /opt/airflow/dags/live_stream_dag.py
[2022-05-12 08:02:08,314] {logging_mixin.py:115} INFO - [2022-05-12 08:02:08,314] {dag.py:2371} INFO - Sync 1 DAGs
[2022-05-12 08:02:08,330] {logging_mixin.py:115} INFO - [2022-05-12 08:02:08,330] {dag.py:2919} INFO - Setting next_dagrun for live_stream_Dag to 2022-05-12T18:00:00+00:00, run_after=2022-05-13T18:00:00+00:00
[2022-05-12 08:02:08,339] {processor.py:161} INFO - Processing /opt/airflow/dags/live_stream_dag.py took 0.101 seconds
[2022-05-12 08:02:39,211] {processor.py:153} INFO - Started process (PID=640) to work on /opt/airflow/dags/live_stream_dag.py
[2022-05-12 08:02:39,213] {processor.py:641} INFO - Processing file /opt/airflow/dags/live_stream_dag.py for tasks to queue
[2022-05-12 08:02:39,215] {logging_mixin.py:115} INFO - [2022-05-12 08:02:39,215] {dagbag.py:507} INFO - Filling up the DagBag from /opt/airflow/dags/live_stream_dag.py
[2022-05-12 08:02:39,240] {processor.py:651} INFO - DAG(s) dict_keys(['live_stream_Dag']) retrieved from /opt/airflow/dags/live_stream_dag.py
[2022-05-12 08:02:39,267] {logging_mixin.py:115} INFO - [2022-05-12 08:02:39,267] {dag.py:2371} INFO - Sync 1 DAGs
[2022-05-12 08:02:39,290] {logging_mixin.py:115} INFO - [2022-05-12 08:02:39,290] {dag.py:2919} INFO - Setting next_dagrun for live_stream_Dag to 2022-05-12T18:00:00+00:00, run_after=2022-05-13T18:00:00+00:00
[2022-05-12 08:02:39,301] {processor.py:161} INFO - Processing /opt/airflow/dags/live_stream_dag.py took 0.096 seconds
[2022-05-12 08:03:09,511] {processor.py:153} INFO - Started process (PID=868) to work on /opt/airflow/dags/live_stream_dag.py
[2022-05-12 08:03:09,513] {processor.py:641} INFO - Processing file /opt/airflow/dags/live_stream_dag.py for tasks to queue
[2022-05-12 08:03:09,514] {logging_mixin.py:115} INFO - [2022-05-12 08:03:09,514] {dagbag.py:507} INFO - Filling up the DagBag from /opt/airflow/dags/live_stream_dag.py
[2022-05-12 08:03:09,535] {processor.py:651} INFO - DAG(s) dict_keys(['live_stream_Dag']) retrieved from /opt/airflow/dags/live_stream_dag.py
[2022-05-12 08:03:09,578] {logging_mixin.py:115} INFO - [2022-05-12 08:03:09,578] {dag.py:2371} INFO - Sync 1 DAGs
[2022-05-12 08:03:09,600] {logging_mixin.py:115} INFO - [2022-05-12 08:03:09,600] {dag.py:2919} INFO - Setting next_dagrun for live_stream_Dag to 2022-05-12T18:00:00+00:00, run_after=2022-05-13T18:00:00+00:00
[2022-05-12 08:03:09,614] {processor.py:161} INFO - Processing /opt/airflow/dags/live_stream_dag.py took 0.111 seconds
[2022-05-12 08:03:39,733] {processor.py:153} INFO - Started process (PID=1075) to work on /opt/airflow/dags/live_stream_dag.py
[2022-05-12 08:03:39,735] {processor.py:641} INFO - Processing file /opt/airflow/dags/live_stream_dag.py for tasks to queue
[2022-05-12 08:03:39,736] {logging_mixin.py:115} INFO - [2022-05-12 08:03:39,736] {dagbag.py:507} INFO - Filling up the DagBag from /opt/airflow/dags/live_stream_dag.py
[2022-05-12 08:03:39,755] {processor.py:651} INFO - DAG(s) dict_keys(['live_stream_Dag']) retrieved from /opt/airflow/dags/live_stream_dag.py
[2022-05-12 08:03:39,776] {logging_mixin.py:115} INFO - [2022-05-12 08:03:39,776] {dag.py:2371} INFO - Sync 1 DAGs
[2022-05-12 08:03:39,794] {logging_mixin.py:115} INFO - [2022-05-12 08:03:39,794] {dag.py:2919} INFO - Setting next_dagrun for live_stream_Dag to 2022-05-12T18:00:00+00:00, run_after=2022-05-13T18:00:00+00:00
[2022-05-12 08:03:39,802] {processor.py:161} INFO - Processing /opt/airflow/dags/live_stream_dag.py took 0.074 seconds
[2022-05-12 08:04:10,547] {processor.py:153} INFO - Started process (PID=1290) to work on /opt/airflow/dags/live_stream_dag.py
[2022-05-12 08:04:10,549] {processor.py:641} INFO - Processing file /opt/airflow/dags/live_stream_dag.py for tasks to queue
[2022-05-12 08:04:10,551] {logging_mixin.py:115} INFO - [2022-05-12 08:04:10,551] {dagbag.py:507} INFO - Filling up the DagBag from /opt/airflow/dags/live_stream_dag.py
[2022-05-12 08:04:10,571] {processor.py:651} INFO - DAG(s) dict_keys(['live_stream_Dag']) retrieved from /opt/airflow/dags/live_stream_dag.py
[2022-05-12 08:04:10,590] {logging_mixin.py:115} INFO - [2022-05-12 08:04:10,590] {dag.py:2371} INFO - Sync 1 DAGs
[2022-05-12 08:04:10,605] {logging_mixin.py:115} INFO - [2022-05-12 08:04:10,605] {dag.py:2919} INFO - Setting next_dagrun for live_stream_Dag to 2022-05-12T18:00:00+00:00, run_after=2022-05-13T18:00:00+00:00
[2022-05-12 08:04:10,613] {processor.py:161} INFO - Processing /opt/airflow/dags/live_stream_dag.py took 0.070 seconds
[2022-05-12 08:04:41,530] {processor.py:153} INFO - Started process (PID=1505) to work on /opt/airflow/dags/live_stream_dag.py
[2022-05-12 08:04:41,532] {processor.py:641} INFO - Processing file /opt/airflow/dags/live_stream_dag.py for tasks to queue
[2022-05-12 08:04:41,534] {logging_mixin.py:115} INFO - [2022-05-12 08:04:41,533] {dagbag.py:507} INFO - Filling up the DagBag from /opt/airflow/dags/live_stream_dag.py
[2022-05-12 08:04:41,551] {processor.py:651} INFO - DAG(s) dict_keys(['live_stream_Dag']) retrieved from /opt/airflow/dags/live_stream_dag.py
[2022-05-12 08:04:41,572] {logging_mixin.py:115} INFO - [2022-05-12 08:04:41,572] {dag.py:2371} INFO - Sync 1 DAGs
[2022-05-12 08:04:41,589] {logging_mixin.py:115} INFO - [2022-05-12 08:04:41,589] {dag.py:2919} INFO - Setting next_dagrun for live_stream_Dag to 2022-05-12T18:00:00+00:00, run_after=2022-05-13T18:00:00+00:00
[2022-05-12 08:04:41,597] {processor.py:161} INFO - Processing /opt/airflow/dags/live_stream_dag.py took 0.075 seconds
[2022-05-12 08:05:12,428] {processor.py:153} INFO - Started process (PID=1721) to work on /opt/airflow/dags/live_stream_dag.py
[2022-05-12 08:05:12,429] {processor.py:641} INFO - Processing file /opt/airflow/dags/live_stream_dag.py for tasks to queue
[2022-05-12 08:05:12,431] {logging_mixin.py:115} INFO - [2022-05-12 08:05:12,430] {dagbag.py:507} INFO - Filling up the DagBag from /opt/airflow/dags/live_stream_dag.py
[2022-05-12 08:05:12,450] {processor.py:651} INFO - DAG(s) dict_keys(['live_stream_Dag']) retrieved from /opt/airflow/dags/live_stream_dag.py
[2022-05-12 08:05:12,469] {logging_mixin.py:115} INFO - [2022-05-12 08:05:12,469] {dag.py:2371} INFO - Sync 1 DAGs
[2022-05-12 08:05:12,483] {logging_mixin.py:115} INFO - [2022-05-12 08:05:12,483] {dag.py:2919} INFO - Setting next_dagrun for live_stream_Dag to 2022-05-12T18:00:00+00:00, run_after=2022-05-13T18:00:00+00:00
[2022-05-12 08:05:12,491] {processor.py:161} INFO - Processing /opt/airflow/dags/live_stream_dag.py took 0.067 seconds
[2022-05-12 08:05:43,243] {processor.py:153} INFO - Started process (PID=1935) to work on /opt/airflow/dags/live_stream_dag.py
[2022-05-12 08:05:43,245] {processor.py:641} INFO - Processing file /opt/airflow/dags/live_stream_dag.py for tasks to queue
[2022-05-12 08:05:43,246] {logging_mixin.py:115} INFO - [2022-05-12 08:05:43,246] {dagbag.py:507} INFO - Filling up the DagBag from /opt/airflow/dags/live_stream_dag.py
[2022-05-12 08:05:43,264] {processor.py:651} INFO - DAG(s) dict_keys(['live_stream_Dag']) retrieved from /opt/airflow/dags/live_stream_dag.py
[2022-05-12 08:05:43,281] {logging_mixin.py:115} INFO - [2022-05-12 08:05:43,281] {dag.py:2371} INFO - Sync 1 DAGs
[2022-05-12 08:05:43,293] {logging_mixin.py:115} INFO - [2022-05-12 08:05:43,293] {dag.py:2919} INFO - Setting next_dagrun for live_stream_Dag to 2022-05-12T18:00:00+00:00, run_after=2022-05-13T18:00:00+00:00
[2022-05-12 08:05:43,300] {processor.py:161} INFO - Processing /opt/airflow/dags/live_stream_dag.py took 0.062 seconds
[2022-05-12 08:06:13,988] {processor.py:153} INFO - Started process (PID=2150) to work on /opt/airflow/dags/live_stream_dag.py
[2022-05-12 08:06:13,991] {processor.py:641} INFO - Processing file /opt/airflow/dags/live_stream_dag.py for tasks to queue
[2022-05-12 08:06:13,992] {logging_mixin.py:115} INFO - [2022-05-12 08:06:13,992] {dagbag.py:507} INFO - Filling up the DagBag from /opt/airflow/dags/live_stream_dag.py
[2022-05-12 08:06:14,018] {processor.py:651} INFO - DAG(s) dict_keys(['live_stream_Dag']) retrieved from /opt/airflow/dags/live_stream_dag.py
[2022-05-12 08:06:14,050] {logging_mixin.py:115} INFO - [2022-05-12 08:06:14,050] {dag.py:2371} INFO - Sync 1 DAGs
[2022-05-12 08:06:14,075] {logging_mixin.py:115} INFO - [2022-05-12 08:06:14,075] {dag.py:2919} INFO - Setting next_dagrun for live_stream_Dag to 2022-05-12T18:00:00+00:00, run_after=2022-05-13T18:00:00+00:00
[2022-05-12 08:06:14,089] {processor.py:161} INFO - Processing /opt/airflow/dags/live_stream_dag.py took 0.105 seconds
[2022-05-12 08:06:44,186] {processor.py:153} INFO - Started process (PID=2357) to work on /opt/airflow/dags/live_stream_dag.py
[2022-05-12 08:06:44,188] {processor.py:641} INFO - Processing file /opt/airflow/dags/live_stream_dag.py for tasks to queue
[2022-05-12 08:06:44,190] {logging_mixin.py:115} INFO - [2022-05-12 08:06:44,190] {dagbag.py:507} INFO - Filling up the DagBag from /opt/airflow/dags/live_stream_dag.py
[2022-05-12 08:06:44,212] {processor.py:651} INFO - DAG(s) dict_keys(['live_stream_Dag']) retrieved from /opt/airflow/dags/live_stream_dag.py
[2022-05-12 08:06:44,233] {logging_mixin.py:115} INFO - [2022-05-12 08:06:44,233] {dag.py:2371} INFO - Sync 1 DAGs
[2022-05-12 08:06:44,250] {logging_mixin.py:115} INFO - [2022-05-12 08:06:44,250] {dag.py:2919} INFO - Setting next_dagrun for live_stream_Dag to 2022-05-12T18:00:00+00:00, run_after=2022-05-13T18:00:00+00:00
[2022-05-12 08:06:44,258] {processor.py:161} INFO - Processing /opt/airflow/dags/live_stream_dag.py took 0.076 seconds
[2022-05-12 08:14:16,044] {processor.py:153} INFO - Started process (PID=170) to work on /opt/airflow/dags/live_stream_dag.py
[2022-05-12 08:14:16,045] {processor.py:641} INFO - Processing file /opt/airflow/dags/live_stream_dag.py for tasks to queue
[2022-05-12 08:14:16,047] {logging_mixin.py:115} INFO - [2022-05-12 08:14:16,047] {dagbag.py:507} INFO - Filling up the DagBag from /opt/airflow/dags/live_stream_dag.py
[2022-05-12 08:14:16,077] {processor.py:651} INFO - DAG(s) dict_keys(['live_stream_Dag']) retrieved from /opt/airflow/dags/live_stream_dag.py
[2022-05-12 08:14:16,103] {logging_mixin.py:115} INFO - [2022-05-12 08:14:16,102] {dag.py:2371} INFO - Sync 1 DAGs
[2022-05-12 08:14:16,122] {logging_mixin.py:115} INFO - [2022-05-12 08:14:16,122] {dag.py:2919} INFO - Setting next_dagrun for live_stream_Dag to 2022-05-12T18:00:00+00:00, run_after=2022-05-13T18:00:00+00:00
[2022-05-12 08:14:16,131] {processor.py:161} INFO - Processing /opt/airflow/dags/live_stream_dag.py took 0.090 seconds
[2022-05-12 08:14:46,205] {processor.py:153} INFO - Started process (PID=384) to work on /opt/airflow/dags/live_stream_dag.py
[2022-05-12 08:14:46,207] {processor.py:641} INFO - Processing file /opt/airflow/dags/live_stream_dag.py for tasks to queue
[2022-05-12 08:14:46,209] {logging_mixin.py:115} INFO - [2022-05-12 08:14:46,209] {dagbag.py:507} INFO - Filling up the DagBag from /opt/airflow/dags/live_stream_dag.py
[2022-05-12 08:14:46,239] {processor.py:651} INFO - DAG(s) dict_keys(['live_stream_Dag']) retrieved from /opt/airflow/dags/live_stream_dag.py
[2022-05-12 08:14:46,259] {logging_mixin.py:115} INFO - [2022-05-12 08:14:46,259] {dag.py:2371} INFO - Sync 1 DAGs
[2022-05-12 08:14:46,283] {logging_mixin.py:115} INFO - [2022-05-12 08:14:46,283] {dag.py:2919} INFO - Setting next_dagrun for live_stream_Dag to 2022-05-12T18:00:00+00:00, run_after=2022-05-13T18:00:00+00:00
[2022-05-12 08:14:46,291] {processor.py:161} INFO - Processing /opt/airflow/dags/live_stream_dag.py took 0.090 seconds
[2022-05-12 08:15:17,190] {processor.py:153} INFO - Started process (PID=601) to work on /opt/airflow/dags/live_stream_dag.py
[2022-05-12 08:15:17,193] {processor.py:641} INFO - Processing file /opt/airflow/dags/live_stream_dag.py for tasks to queue
[2022-05-12 08:15:17,195] {logging_mixin.py:115} INFO - [2022-05-12 08:15:17,195] {dagbag.py:507} INFO - Filling up the DagBag from /opt/airflow/dags/live_stream_dag.py
[2022-05-12 08:15:17,214] {processor.py:651} INFO - DAG(s) dict_keys(['live_stream_Dag']) retrieved from /opt/airflow/dags/live_stream_dag.py
[2022-05-12 08:15:17,233] {logging_mixin.py:115} INFO - [2022-05-12 08:15:17,233] {dag.py:2371} INFO - Sync 1 DAGs
[2022-05-12 08:15:17,247] {logging_mixin.py:115} INFO - [2022-05-12 08:15:17,247] {dag.py:2919} INFO - Setting next_dagrun for live_stream_Dag to 2022-05-12T18:00:00+00:00, run_after=2022-05-13T18:00:00+00:00
[2022-05-12 08:15:17,255] {processor.py:161} INFO - Processing /opt/airflow/dags/live_stream_dag.py took 0.069 seconds
[2022-05-12 08:15:47,913] {processor.py:153} INFO - Started process (PID=816) to work on /opt/airflow/dags/live_stream_dag.py
[2022-05-12 08:15:47,915] {processor.py:641} INFO - Processing file /opt/airflow/dags/live_stream_dag.py for tasks to queue
[2022-05-12 08:15:47,916] {logging_mixin.py:115} INFO - [2022-05-12 08:15:47,916] {dagbag.py:507} INFO - Filling up the DagBag from /opt/airflow/dags/live_stream_dag.py
[2022-05-12 08:15:47,936] {processor.py:651} INFO - DAG(s) dict_keys(['live_stream_Dag']) retrieved from /opt/airflow/dags/live_stream_dag.py
[2022-05-12 08:15:47,959] {logging_mixin.py:115} INFO - [2022-05-12 08:15:47,959] {dag.py:2371} INFO - Sync 1 DAGs
[2022-05-12 08:15:47,982] {logging_mixin.py:115} INFO - [2022-05-12 08:15:47,982] {dag.py:2919} INFO - Setting next_dagrun for live_stream_Dag to 2022-05-12T18:00:00+00:00, run_after=2022-05-13T18:00:00+00:00
[2022-05-12 08:15:47,992] {processor.py:161} INFO - Processing /opt/airflow/dags/live_stream_dag.py took 0.082 seconds
