[2022-05-12 07:13:38,509] {processor.py:153} INFO - Started process (PID=166) to work on /opt/airflow/dags/stop_live_stream_dags.py
[2022-05-12 07:13:38,511] {processor.py:641} INFO - Processing file /opt/airflow/dags/stop_live_stream_dags.py for tasks to queue
[2022-05-12 07:13:38,512] {logging_mixin.py:115} INFO - [2022-05-12 07:13:38,512] {dagbag.py:507} INFO - Filling up the DagBag from /opt/airflow/dags/stop_live_stream_dags.py
[2022-05-12 07:13:38,563] {processor.py:651} INFO - DAG(s) dict_keys(['stop_live_stream_Dag']) retrieved from /opt/airflow/dags/stop_live_stream_dags.py
[2022-05-12 07:13:38,681] {logging_mixin.py:115} INFO - [2022-05-12 07:13:38,681] {manager.py:508} INFO - Created Permission View: can edit on DAG:stop_live_stream_Dag
[2022-05-12 07:13:38,700] {logging_mixin.py:115} INFO - [2022-05-12 07:13:38,700] {manager.py:508} INFO - Created Permission View: can read on DAG:stop_live_stream_Dag
[2022-05-12 07:13:38,718] {logging_mixin.py:115} INFO - [2022-05-12 07:13:38,718] {manager.py:508} INFO - Created Permission View: can delete on DAG:stop_live_stream_Dag
[2022-05-12 07:13:38,720] {logging_mixin.py:115} INFO - [2022-05-12 07:13:38,720] {dag.py:2371} INFO - Sync 1 DAGs
[2022-05-12 07:13:38,781] {logging_mixin.py:115} INFO - [2022-05-12 07:13:38,781] {dag.py:2390} INFO - Creating ORM DAG for stop_live_stream_Dag
[2022-05-12 07:13:38,887] {logging_mixin.py:115} INFO - [2022-05-12 07:13:38,887] {dag.py:2919} INFO - Setting next_dagrun for stop_live_stream_Dag to 2022-05-12T18:00:00+00:00, run_after=2022-05-13T18:00:00+00:00
[2022-05-12 07:13:38,924] {processor.py:161} INFO - Processing /opt/airflow/dags/stop_live_stream_dags.py took 0.421 seconds
[2022-05-12 07:14:09,189] {processor.py:153} INFO - Started process (PID=380) to work on /opt/airflow/dags/stop_live_stream_dags.py
[2022-05-12 07:14:09,191] {processor.py:641} INFO - Processing file /opt/airflow/dags/stop_live_stream_dags.py for tasks to queue
[2022-05-12 07:14:09,193] {logging_mixin.py:115} INFO - [2022-05-12 07:14:09,193] {dagbag.py:507} INFO - Filling up the DagBag from /opt/airflow/dags/stop_live_stream_dags.py
[2022-05-12 07:14:09,228] {processor.py:651} INFO - DAG(s) dict_keys(['stop_live_stream_Dag']) retrieved from /opt/airflow/dags/stop_live_stream_dags.py
[2022-05-12 07:14:09,250] {logging_mixin.py:115} INFO - [2022-05-12 07:14:09,250] {dag.py:2371} INFO - Sync 1 DAGs
[2022-05-12 07:14:09,269] {logging_mixin.py:115} INFO - [2022-05-12 07:14:09,269] {dag.py:2919} INFO - Setting next_dagrun for stop_live_stream_Dag to 2022-05-12T18:00:00+00:00, run_after=2022-05-13T18:00:00+00:00
[2022-05-12 07:14:09,278] {processor.py:161} INFO - Processing /opt/airflow/dags/stop_live_stream_dags.py took 0.093 seconds
[2022-05-12 07:14:39,983] {processor.py:153} INFO - Started process (PID=631) to work on /opt/airflow/dags/stop_live_stream_dags.py
[2022-05-12 07:14:39,986] {processor.py:641} INFO - Processing file /opt/airflow/dags/stop_live_stream_dags.py for tasks to queue
[2022-05-12 07:14:39,988] {logging_mixin.py:115} INFO - [2022-05-12 07:14:39,988] {dagbag.py:507} INFO - Filling up the DagBag from /opt/airflow/dags/stop_live_stream_dags.py
[2022-05-12 07:14:40,010] {processor.py:651} INFO - DAG(s) dict_keys(['stop_live_stream_Dag']) retrieved from /opt/airflow/dags/stop_live_stream_dags.py
[2022-05-12 07:14:40,029] {logging_mixin.py:115} INFO - [2022-05-12 07:14:40,029] {dag.py:2371} INFO - Sync 1 DAGs
[2022-05-12 07:14:40,042] {logging_mixin.py:115} INFO - [2022-05-12 07:14:40,042] {dag.py:2919} INFO - Setting next_dagrun for stop_live_stream_Dag to 2022-05-12T18:00:00+00:00, run_after=2022-05-13T18:00:00+00:00
[2022-05-12 07:14:40,050] {processor.py:161} INFO - Processing /opt/airflow/dags/stop_live_stream_dags.py took 0.073 seconds
[2022-05-12 07:15:10,709] {processor.py:153} INFO - Started process (PID=845) to work on /opt/airflow/dags/stop_live_stream_dags.py
[2022-05-12 07:15:10,710] {processor.py:641} INFO - Processing file /opt/airflow/dags/stop_live_stream_dags.py for tasks to queue
[2022-05-12 07:15:10,711] {logging_mixin.py:115} INFO - [2022-05-12 07:15:10,711] {dagbag.py:507} INFO - Filling up the DagBag from /opt/airflow/dags/stop_live_stream_dags.py
[2022-05-12 07:15:10,730] {processor.py:651} INFO - DAG(s) dict_keys(['stop_live_stream_Dag']) retrieved from /opt/airflow/dags/stop_live_stream_dags.py
[2022-05-12 07:15:10,753] {logging_mixin.py:115} INFO - [2022-05-12 07:15:10,753] {dag.py:2371} INFO - Sync 1 DAGs
[2022-05-12 07:15:10,771] {logging_mixin.py:115} INFO - [2022-05-12 07:15:10,771] {dag.py:2919} INFO - Setting next_dagrun for stop_live_stream_Dag to 2022-05-12T18:00:00+00:00, run_after=2022-05-13T18:00:00+00:00
[2022-05-12 07:15:10,779] {processor.py:161} INFO - Processing /opt/airflow/dags/stop_live_stream_dags.py took 0.073 seconds
[2022-05-12 07:15:41,546] {processor.py:153} INFO - Started process (PID=1050) to work on /opt/airflow/dags/stop_live_stream_dags.py
[2022-05-12 07:15:41,547] {processor.py:641} INFO - Processing file /opt/airflow/dags/stop_live_stream_dags.py for tasks to queue
[2022-05-12 07:15:41,550] {logging_mixin.py:115} INFO - [2022-05-12 07:15:41,549] {dagbag.py:507} INFO - Filling up the DagBag from /opt/airflow/dags/stop_live_stream_dags.py
[2022-05-12 07:15:41,570] {processor.py:651} INFO - DAG(s) dict_keys(['stop_live_stream_Dag']) retrieved from /opt/airflow/dags/stop_live_stream_dags.py
[2022-05-12 07:15:41,591] {logging_mixin.py:115} INFO - [2022-05-12 07:15:41,591] {dag.py:2371} INFO - Sync 1 DAGs
[2022-05-12 07:15:41,604] {logging_mixin.py:115} INFO - [2022-05-12 07:15:41,604] {dag.py:2919} INFO - Setting next_dagrun for stop_live_stream_Dag to 2022-05-12T18:00:00+00:00, run_after=2022-05-13T18:00:00+00:00
[2022-05-12 07:15:41,611] {processor.py:161} INFO - Processing /opt/airflow/dags/stop_live_stream_dags.py took 0.076 seconds
[2022-05-12 07:16:11,825] {processor.py:153} INFO - Started process (PID=1265) to work on /opt/airflow/dags/stop_live_stream_dags.py
[2022-05-12 07:16:11,829] {processor.py:641} INFO - Processing file /opt/airflow/dags/stop_live_stream_dags.py for tasks to queue
[2022-05-12 07:16:11,831] {logging_mixin.py:115} INFO - [2022-05-12 07:16:11,831] {dagbag.py:507} INFO - Filling up the DagBag from /opt/airflow/dags/stop_live_stream_dags.py
[2022-05-12 07:16:11,860] {processor.py:651} INFO - DAG(s) dict_keys(['stop_live_stream_Dag']) retrieved from /opt/airflow/dags/stop_live_stream_dags.py
[2022-05-12 07:16:11,886] {logging_mixin.py:115} INFO - [2022-05-12 07:16:11,886] {dag.py:2371} INFO - Sync 1 DAGs
[2022-05-12 07:16:11,909] {logging_mixin.py:115} INFO - [2022-05-12 07:16:11,909] {dag.py:2919} INFO - Setting next_dagrun for stop_live_stream_Dag to 2022-05-12T18:00:00+00:00, run_after=2022-05-13T18:00:00+00:00
[2022-05-12 07:16:11,919] {processor.py:161} INFO - Processing /opt/airflow/dags/stop_live_stream_dags.py took 0.100 seconds
[2022-05-12 07:16:42,848] {processor.py:153} INFO - Started process (PID=1494) to work on /opt/airflow/dags/stop_live_stream_dags.py
[2022-05-12 07:16:42,851] {processor.py:641} INFO - Processing file /opt/airflow/dags/stop_live_stream_dags.py for tasks to queue
[2022-05-12 07:16:42,853] {logging_mixin.py:115} INFO - [2022-05-12 07:16:42,853] {dagbag.py:507} INFO - Filling up the DagBag from /opt/airflow/dags/stop_live_stream_dags.py
[2022-05-12 07:16:42,872] {processor.py:651} INFO - DAG(s) dict_keys(['stop_live_stream_Dag']) retrieved from /opt/airflow/dags/stop_live_stream_dags.py
[2022-05-12 07:16:42,891] {logging_mixin.py:115} INFO - [2022-05-12 07:16:42,891] {dag.py:2371} INFO - Sync 1 DAGs
[2022-05-12 07:16:42,905] {logging_mixin.py:115} INFO - [2022-05-12 07:16:42,905] {dag.py:2919} INFO - Setting next_dagrun for stop_live_stream_Dag to 2022-05-12T18:00:00+00:00, run_after=2022-05-13T18:00:00+00:00
[2022-05-12 07:16:42,914] {processor.py:161} INFO - Processing /opt/airflow/dags/stop_live_stream_dags.py took 0.070 seconds
[2022-05-12 07:17:13,648] {processor.py:153} INFO - Started process (PID=1710) to work on /opt/airflow/dags/stop_live_stream_dags.py
[2022-05-12 07:17:13,649] {processor.py:641} INFO - Processing file /opt/airflow/dags/stop_live_stream_dags.py for tasks to queue
[2022-05-12 07:17:13,650] {logging_mixin.py:115} INFO - [2022-05-12 07:17:13,650] {dagbag.py:507} INFO - Filling up the DagBag from /opt/airflow/dags/stop_live_stream_dags.py
[2022-05-12 07:17:13,663] {processor.py:651} INFO - DAG(s) dict_keys(['stop_live_stream_Dag']) retrieved from /opt/airflow/dags/stop_live_stream_dags.py
[2022-05-12 07:17:13,679] {logging_mixin.py:115} INFO - [2022-05-12 07:17:13,679] {dag.py:2371} INFO - Sync 1 DAGs
[2022-05-12 07:17:13,692] {logging_mixin.py:115} INFO - [2022-05-12 07:17:13,692] {dag.py:2919} INFO - Setting next_dagrun for stop_live_stream_Dag to 2022-05-12T18:00:00+00:00, run_after=2022-05-13T18:00:00+00:00
[2022-05-12 07:17:13,700] {processor.py:161} INFO - Processing /opt/airflow/dags/stop_live_stream_dags.py took 0.054 seconds
[2022-05-12 07:17:44,422] {processor.py:153} INFO - Started process (PID=1926) to work on /opt/airflow/dags/stop_live_stream_dags.py
[2022-05-12 07:17:44,424] {processor.py:641} INFO - Processing file /opt/airflow/dags/stop_live_stream_dags.py for tasks to queue
[2022-05-12 07:17:44,425] {logging_mixin.py:115} INFO - [2022-05-12 07:17:44,425] {dagbag.py:507} INFO - Filling up the DagBag from /opt/airflow/dags/stop_live_stream_dags.py
[2022-05-12 07:17:44,447] {processor.py:651} INFO - DAG(s) dict_keys(['stop_live_stream_Dag']) retrieved from /opt/airflow/dags/stop_live_stream_dags.py
[2022-05-12 07:17:44,473] {logging_mixin.py:115} INFO - [2022-05-12 07:17:44,473] {dag.py:2371} INFO - Sync 1 DAGs
[2022-05-12 07:17:44,493] {logging_mixin.py:115} INFO - [2022-05-12 07:17:44,493] {dag.py:2919} INFO - Setting next_dagrun for stop_live_stream_Dag to 2022-05-12T18:00:00+00:00, run_after=2022-05-13T18:00:00+00:00
[2022-05-12 07:17:44,505] {processor.py:161} INFO - Processing /opt/airflow/dags/stop_live_stream_dags.py took 0.086 seconds
[2022-05-12 07:18:15,232] {processor.py:153} INFO - Started process (PID=2143) to work on /opt/airflow/dags/stop_live_stream_dags.py
[2022-05-12 07:18:15,233] {processor.py:641} INFO - Processing file /opt/airflow/dags/stop_live_stream_dags.py for tasks to queue
[2022-05-12 07:18:15,234] {logging_mixin.py:115} INFO - [2022-05-12 07:18:15,234] {dagbag.py:507} INFO - Filling up the DagBag from /opt/airflow/dags/stop_live_stream_dags.py
[2022-05-12 07:18:15,248] {processor.py:651} INFO - DAG(s) dict_keys(['stop_live_stream_Dag']) retrieved from /opt/airflow/dags/stop_live_stream_dags.py
[2022-05-12 07:18:15,264] {logging_mixin.py:115} INFO - [2022-05-12 07:18:15,264] {dag.py:2371} INFO - Sync 1 DAGs
[2022-05-12 07:18:15,277] {logging_mixin.py:115} INFO - [2022-05-12 07:18:15,277] {dag.py:2919} INFO - Setting next_dagrun for stop_live_stream_Dag to 2022-05-12T18:00:00+00:00, run_after=2022-05-13T18:00:00+00:00
[2022-05-12 07:18:15,283] {processor.py:161} INFO - Processing /opt/airflow/dags/stop_live_stream_dags.py took 0.059 seconds
[2022-05-12 07:18:46,038] {processor.py:153} INFO - Started process (PID=2347) to work on /opt/airflow/dags/stop_live_stream_dags.py
[2022-05-12 07:18:46,041] {processor.py:641} INFO - Processing file /opt/airflow/dags/stop_live_stream_dags.py for tasks to queue
[2022-05-12 07:18:46,043] {logging_mixin.py:115} INFO - [2022-05-12 07:18:46,043] {dagbag.py:507} INFO - Filling up the DagBag from /opt/airflow/dags/stop_live_stream_dags.py
[2022-05-12 07:18:46,061] {processor.py:651} INFO - DAG(s) dict_keys(['stop_live_stream_Dag']) retrieved from /opt/airflow/dags/stop_live_stream_dags.py
[2022-05-12 07:18:46,084] {logging_mixin.py:115} INFO - [2022-05-12 07:18:46,084] {dag.py:2371} INFO - Sync 1 DAGs
[2022-05-12 07:18:46,099] {logging_mixin.py:115} INFO - [2022-05-12 07:18:46,099] {dag.py:2919} INFO - Setting next_dagrun for stop_live_stream_Dag to 2022-05-12T18:00:00+00:00, run_after=2022-05-13T18:00:00+00:00
[2022-05-12 07:18:46,106] {processor.py:161} INFO - Processing /opt/airflow/dags/stop_live_stream_dags.py took 0.073 seconds
[2022-05-12 07:19:16,730] {processor.py:153} INFO - Started process (PID=2563) to work on /opt/airflow/dags/stop_live_stream_dags.py
[2022-05-12 07:19:16,731] {processor.py:641} INFO - Processing file /opt/airflow/dags/stop_live_stream_dags.py for tasks to queue
[2022-05-12 07:19:16,735] {logging_mixin.py:115} INFO - [2022-05-12 07:19:16,735] {dagbag.py:507} INFO - Filling up the DagBag from /opt/airflow/dags/stop_live_stream_dags.py
[2022-05-12 07:19:16,758] {processor.py:651} INFO - DAG(s) dict_keys(['stop_live_stream_Dag']) retrieved from /opt/airflow/dags/stop_live_stream_dags.py
[2022-05-12 07:19:16,777] {logging_mixin.py:115} INFO - [2022-05-12 07:19:16,777] {dag.py:2371} INFO - Sync 1 DAGs
[2022-05-12 07:19:16,794] {logging_mixin.py:115} INFO - [2022-05-12 07:19:16,793] {dag.py:2919} INFO - Setting next_dagrun for stop_live_stream_Dag to 2022-05-12T18:00:00+00:00, run_after=2022-05-13T18:00:00+00:00
[2022-05-12 07:19:16,802] {processor.py:161} INFO - Processing /opt/airflow/dags/stop_live_stream_dags.py took 0.078 seconds
[2022-05-12 07:19:47,454] {processor.py:153} INFO - Started process (PID=2779) to work on /opt/airflow/dags/stop_live_stream_dags.py
[2022-05-12 07:19:47,456] {processor.py:641} INFO - Processing file /opt/airflow/dags/stop_live_stream_dags.py for tasks to queue
[2022-05-12 07:19:47,459] {logging_mixin.py:115} INFO - [2022-05-12 07:19:47,459] {dagbag.py:507} INFO - Filling up the DagBag from /opt/airflow/dags/stop_live_stream_dags.py
[2022-05-12 07:19:47,474] {processor.py:651} INFO - DAG(s) dict_keys(['stop_live_stream_Dag']) retrieved from /opt/airflow/dags/stop_live_stream_dags.py
[2022-05-12 07:19:47,495] {logging_mixin.py:115} INFO - [2022-05-12 07:19:47,495] {dag.py:2371} INFO - Sync 1 DAGs
[2022-05-12 07:19:47,512] {logging_mixin.py:115} INFO - [2022-05-12 07:19:47,512] {dag.py:2919} INFO - Setting next_dagrun for stop_live_stream_Dag to 2022-05-12T18:00:00+00:00, run_after=2022-05-13T18:00:00+00:00
[2022-05-12 07:19:47,522] {processor.py:161} INFO - Processing /opt/airflow/dags/stop_live_stream_dags.py took 0.075 seconds
[2022-05-12 07:20:18,253] {processor.py:153} INFO - Started process (PID=2999) to work on /opt/airflow/dags/stop_live_stream_dags.py
[2022-05-12 07:20:18,255] {processor.py:641} INFO - Processing file /opt/airflow/dags/stop_live_stream_dags.py for tasks to queue
[2022-05-12 07:20:18,256] {logging_mixin.py:115} INFO - [2022-05-12 07:20:18,256] {dagbag.py:507} INFO - Filling up the DagBag from /opt/airflow/dags/stop_live_stream_dags.py
[2022-05-12 07:20:18,283] {processor.py:651} INFO - DAG(s) dict_keys(['stop_live_stream_Dag']) retrieved from /opt/airflow/dags/stop_live_stream_dags.py
[2022-05-12 07:20:18,309] {logging_mixin.py:115} INFO - [2022-05-12 07:20:18,309] {dag.py:2371} INFO - Sync 1 DAGs
[2022-05-12 07:20:18,328] {logging_mixin.py:115} INFO - [2022-05-12 07:20:18,328] {dag.py:2919} INFO - Setting next_dagrun for stop_live_stream_Dag to 2022-05-12T18:00:00+00:00, run_after=2022-05-13T18:00:00+00:00
[2022-05-12 07:20:18,335] {processor.py:161} INFO - Processing /opt/airflow/dags/stop_live_stream_dags.py took 0.087 seconds
[2022-05-12 07:20:49,056] {processor.py:153} INFO - Started process (PID=3216) to work on /opt/airflow/dags/stop_live_stream_dags.py
[2022-05-12 07:20:49,058] {processor.py:641} INFO - Processing file /opt/airflow/dags/stop_live_stream_dags.py for tasks to queue
[2022-05-12 07:20:49,060] {logging_mixin.py:115} INFO - [2022-05-12 07:20:49,060] {dagbag.py:507} INFO - Filling up the DagBag from /opt/airflow/dags/stop_live_stream_dags.py
[2022-05-12 07:20:49,080] {processor.py:651} INFO - DAG(s) dict_keys(['stop_live_stream_Dag']) retrieved from /opt/airflow/dags/stop_live_stream_dags.py
[2022-05-12 07:20:49,097] {logging_mixin.py:115} INFO - [2022-05-12 07:20:49,097] {dag.py:2371} INFO - Sync 1 DAGs
[2022-05-12 07:20:49,111] {logging_mixin.py:115} INFO - [2022-05-12 07:20:49,111] {dag.py:2919} INFO - Setting next_dagrun for stop_live_stream_Dag to 2022-05-12T18:00:00+00:00, run_after=2022-05-13T18:00:00+00:00
[2022-05-12 07:20:49,118] {processor.py:161} INFO - Processing /opt/airflow/dags/stop_live_stream_dags.py took 0.066 seconds
[2022-05-12 07:21:19,886] {processor.py:153} INFO - Started process (PID=3431) to work on /opt/airflow/dags/stop_live_stream_dags.py
[2022-05-12 07:21:19,890] {processor.py:641} INFO - Processing file /opt/airflow/dags/stop_live_stream_dags.py for tasks to queue
[2022-05-12 07:21:19,891] {logging_mixin.py:115} INFO - [2022-05-12 07:21:19,891] {dagbag.py:507} INFO - Filling up the DagBag from /opt/airflow/dags/stop_live_stream_dags.py
[2022-05-12 07:21:19,918] {processor.py:651} INFO - DAG(s) dict_keys(['stop_live_stream_Dag']) retrieved from /opt/airflow/dags/stop_live_stream_dags.py
[2022-05-12 07:21:19,946] {logging_mixin.py:115} INFO - [2022-05-12 07:21:19,946] {dag.py:2371} INFO - Sync 1 DAGs
[2022-05-12 07:21:19,972] {logging_mixin.py:115} INFO - [2022-05-12 07:21:19,971] {dag.py:2919} INFO - Setting next_dagrun for stop_live_stream_Dag to 2022-05-12T18:00:00+00:00, run_after=2022-05-13T18:00:00+00:00
[2022-05-12 07:21:20,026] {processor.py:161} INFO - Processing /opt/airflow/dags/stop_live_stream_dags.py took 0.147 seconds
[2022-05-12 07:21:50,454] {processor.py:153} INFO - Started process (PID=3647) to work on /opt/airflow/dags/stop_live_stream_dags.py
[2022-05-12 07:21:50,457] {processor.py:641} INFO - Processing file /opt/airflow/dags/stop_live_stream_dags.py for tasks to queue
[2022-05-12 07:21:50,459] {logging_mixin.py:115} INFO - [2022-05-12 07:21:50,459] {dagbag.py:507} INFO - Filling up the DagBag from /opt/airflow/dags/stop_live_stream_dags.py
[2022-05-12 07:21:50,482] {processor.py:651} INFO - DAG(s) dict_keys(['stop_live_stream_Dag']) retrieved from /opt/airflow/dags/stop_live_stream_dags.py
[2022-05-12 07:21:50,501] {logging_mixin.py:115} INFO - [2022-05-12 07:21:50,500] {dag.py:2371} INFO - Sync 1 DAGs
[2022-05-12 07:21:50,514] {logging_mixin.py:115} INFO - [2022-05-12 07:21:50,514] {dag.py:2919} INFO - Setting next_dagrun for stop_live_stream_Dag to 2022-05-12T18:00:00+00:00, run_after=2022-05-13T18:00:00+00:00
[2022-05-12 07:21:50,522] {processor.py:161} INFO - Processing /opt/airflow/dags/stop_live_stream_dags.py took 0.076 seconds
[2022-05-12 07:22:21,268] {processor.py:153} INFO - Started process (PID=3852) to work on /opt/airflow/dags/stop_live_stream_dags.py
[2022-05-12 07:22:21,271] {processor.py:641} INFO - Processing file /opt/airflow/dags/stop_live_stream_dags.py for tasks to queue
[2022-05-12 07:22:21,272] {logging_mixin.py:115} INFO - [2022-05-12 07:22:21,272] {dagbag.py:507} INFO - Filling up the DagBag from /opt/airflow/dags/stop_live_stream_dags.py
[2022-05-12 07:22:21,298] {processor.py:651} INFO - DAG(s) dict_keys(['stop_live_stream_Dag']) retrieved from /opt/airflow/dags/stop_live_stream_dags.py
[2022-05-12 07:22:21,329] {logging_mixin.py:115} INFO - [2022-05-12 07:22:21,329] {dag.py:2371} INFO - Sync 1 DAGs
[2022-05-12 07:22:21,358] {logging_mixin.py:115} INFO - [2022-05-12 07:22:21,358] {dag.py:2919} INFO - Setting next_dagrun for stop_live_stream_Dag to 2022-05-12T18:00:00+00:00, run_after=2022-05-13T18:00:00+00:00
[2022-05-12 07:22:21,367] {processor.py:161} INFO - Processing /opt/airflow/dags/stop_live_stream_dags.py took 0.105 seconds
[2022-05-12 07:22:52,114] {processor.py:153} INFO - Started process (PID=4069) to work on /opt/airflow/dags/stop_live_stream_dags.py
[2022-05-12 07:22:52,116] {processor.py:641} INFO - Processing file /opt/airflow/dags/stop_live_stream_dags.py for tasks to queue
[2022-05-12 07:22:52,117] {logging_mixin.py:115} INFO - [2022-05-12 07:22:52,117] {dagbag.py:507} INFO - Filling up the DagBag from /opt/airflow/dags/stop_live_stream_dags.py
[2022-05-12 07:22:52,135] {processor.py:651} INFO - DAG(s) dict_keys(['stop_live_stream_Dag']) retrieved from /opt/airflow/dags/stop_live_stream_dags.py
[2022-05-12 07:22:52,163] {logging_mixin.py:115} INFO - [2022-05-12 07:22:52,163] {dag.py:2371} INFO - Sync 1 DAGs
[2022-05-12 07:22:52,184] {logging_mixin.py:115} INFO - [2022-05-12 07:22:52,183] {dag.py:2919} INFO - Setting next_dagrun for stop_live_stream_Dag to 2022-05-12T18:00:00+00:00, run_after=2022-05-13T18:00:00+00:00
[2022-05-12 07:22:52,199] {processor.py:161} INFO - Processing /opt/airflow/dags/stop_live_stream_dags.py took 0.088 seconds
[2022-05-12 07:23:22,746] {processor.py:153} INFO - Started process (PID=4284) to work on /opt/airflow/dags/stop_live_stream_dags.py
[2022-05-12 07:23:22,747] {processor.py:641} INFO - Processing file /opt/airflow/dags/stop_live_stream_dags.py for tasks to queue
[2022-05-12 07:23:22,749] {logging_mixin.py:115} INFO - [2022-05-12 07:23:22,749] {dagbag.py:507} INFO - Filling up the DagBag from /opt/airflow/dags/stop_live_stream_dags.py
[2022-05-12 07:23:22,769] {processor.py:651} INFO - DAG(s) dict_keys(['stop_live_stream_Dag']) retrieved from /opt/airflow/dags/stop_live_stream_dags.py
[2022-05-12 07:23:22,791] {logging_mixin.py:115} INFO - [2022-05-12 07:23:22,791] {dag.py:2371} INFO - Sync 1 DAGs
[2022-05-12 07:23:22,809] {logging_mixin.py:115} INFO - [2022-05-12 07:23:22,809] {dag.py:2919} INFO - Setting next_dagrun for stop_live_stream_Dag to 2022-05-12T18:00:00+00:00, run_after=2022-05-13T18:00:00+00:00
[2022-05-12 07:23:22,818] {processor.py:161} INFO - Processing /opt/airflow/dags/stop_live_stream_dags.py took 0.078 seconds
[2022-05-12 07:23:53,612] {processor.py:153} INFO - Started process (PID=4499) to work on /opt/airflow/dags/stop_live_stream_dags.py
[2022-05-12 07:23:53,614] {processor.py:641} INFO - Processing file /opt/airflow/dags/stop_live_stream_dags.py for tasks to queue
[2022-05-12 07:23:53,615] {logging_mixin.py:115} INFO - [2022-05-12 07:23:53,615] {dagbag.py:507} INFO - Filling up the DagBag from /opt/airflow/dags/stop_live_stream_dags.py
[2022-05-12 07:23:53,648] {processor.py:651} INFO - DAG(s) dict_keys(['stop_live_stream_Dag']) retrieved from /opt/airflow/dags/stop_live_stream_dags.py
[2022-05-12 07:23:53,677] {logging_mixin.py:115} INFO - [2022-05-12 07:23:53,677] {dag.py:2371} INFO - Sync 1 DAGs
[2022-05-12 07:23:53,695] {logging_mixin.py:115} INFO - [2022-05-12 07:23:53,695] {dag.py:2919} INFO - Setting next_dagrun for stop_live_stream_Dag to 2022-05-12T18:00:00+00:00, run_after=2022-05-13T18:00:00+00:00
[2022-05-12 07:23:53,703] {processor.py:161} INFO - Processing /opt/airflow/dags/stop_live_stream_dags.py took 0.095 seconds
[2022-05-12 07:24:24,440] {processor.py:153} INFO - Started process (PID=4715) to work on /opt/airflow/dags/stop_live_stream_dags.py
[2022-05-12 07:24:24,445] {processor.py:641} INFO - Processing file /opt/airflow/dags/stop_live_stream_dags.py for tasks to queue
[2022-05-12 07:24:24,447] {logging_mixin.py:115} INFO - [2022-05-12 07:24:24,447] {dagbag.py:507} INFO - Filling up the DagBag from /opt/airflow/dags/stop_live_stream_dags.py
[2022-05-12 07:24:24,477] {processor.py:651} INFO - DAG(s) dict_keys(['stop_live_stream_Dag']) retrieved from /opt/airflow/dags/stop_live_stream_dags.py
[2022-05-12 07:24:24,506] {logging_mixin.py:115} INFO - [2022-05-12 07:24:24,506] {dag.py:2371} INFO - Sync 1 DAGs
[2022-05-12 07:24:24,524] {logging_mixin.py:115} INFO - [2022-05-12 07:24:24,524] {dag.py:2919} INFO - Setting next_dagrun for stop_live_stream_Dag to 2022-05-12T18:00:00+00:00, run_after=2022-05-13T18:00:00+00:00
[2022-05-12 07:24:24,533] {processor.py:161} INFO - Processing /opt/airflow/dags/stop_live_stream_dags.py took 0.099 seconds
[2022-05-12 07:24:55,324] {processor.py:153} INFO - Started process (PID=4931) to work on /opt/airflow/dags/stop_live_stream_dags.py
[2022-05-12 07:24:55,327] {processor.py:641} INFO - Processing file /opt/airflow/dags/stop_live_stream_dags.py for tasks to queue
[2022-05-12 07:24:55,330] {logging_mixin.py:115} INFO - [2022-05-12 07:24:55,330] {dagbag.py:507} INFO - Filling up the DagBag from /opt/airflow/dags/stop_live_stream_dags.py
[2022-05-12 07:24:55,350] {processor.py:651} INFO - DAG(s) dict_keys(['stop_live_stream_Dag']) retrieved from /opt/airflow/dags/stop_live_stream_dags.py
[2022-05-12 07:24:55,368] {logging_mixin.py:115} INFO - [2022-05-12 07:24:55,368] {dag.py:2371} INFO - Sync 1 DAGs
[2022-05-12 07:24:55,382] {logging_mixin.py:115} INFO - [2022-05-12 07:24:55,382] {dag.py:2919} INFO - Setting next_dagrun for stop_live_stream_Dag to 2022-05-12T18:00:00+00:00, run_after=2022-05-13T18:00:00+00:00
[2022-05-12 07:24:55,390] {processor.py:161} INFO - Processing /opt/airflow/dags/stop_live_stream_dags.py took 0.071 seconds
[2022-05-12 07:25:26,153] {processor.py:153} INFO - Started process (PID=5149) to work on /opt/airflow/dags/stop_live_stream_dags.py
[2022-05-12 07:25:26,156] {processor.py:641} INFO - Processing file /opt/airflow/dags/stop_live_stream_dags.py for tasks to queue
[2022-05-12 07:25:26,159] {logging_mixin.py:115} INFO - [2022-05-12 07:25:26,159] {dagbag.py:507} INFO - Filling up the DagBag from /opt/airflow/dags/stop_live_stream_dags.py
[2022-05-12 07:25:26,178] {processor.py:651} INFO - DAG(s) dict_keys(['stop_live_stream_Dag']) retrieved from /opt/airflow/dags/stop_live_stream_dags.py
[2022-05-12 07:25:26,199] {logging_mixin.py:115} INFO - [2022-05-12 07:25:26,199] {dag.py:2371} INFO - Sync 1 DAGs
[2022-05-12 07:25:26,213] {logging_mixin.py:115} INFO - [2022-05-12 07:25:26,213] {dag.py:2919} INFO - Setting next_dagrun for stop_live_stream_Dag to 2022-05-12T18:00:00+00:00, run_after=2022-05-13T18:00:00+00:00
[2022-05-12 07:25:26,220] {processor.py:161} INFO - Processing /opt/airflow/dags/stop_live_stream_dags.py took 0.074 seconds
[2022-05-12 07:25:56,847] {processor.py:153} INFO - Started process (PID=5357) to work on /opt/airflow/dags/stop_live_stream_dags.py
[2022-05-12 07:25:56,848] {processor.py:641} INFO - Processing file /opt/airflow/dags/stop_live_stream_dags.py for tasks to queue
[2022-05-12 07:25:56,850] {logging_mixin.py:115} INFO - [2022-05-12 07:25:56,850] {dagbag.py:507} INFO - Filling up the DagBag from /opt/airflow/dags/stop_live_stream_dags.py
[2022-05-12 07:25:56,869] {processor.py:651} INFO - DAG(s) dict_keys(['stop_live_stream_Dag']) retrieved from /opt/airflow/dags/stop_live_stream_dags.py
[2022-05-12 07:25:56,889] {logging_mixin.py:115} INFO - [2022-05-12 07:25:56,889] {dag.py:2371} INFO - Sync 1 DAGs
[2022-05-12 07:25:56,906] {logging_mixin.py:115} INFO - [2022-05-12 07:25:56,906] {dag.py:2919} INFO - Setting next_dagrun for stop_live_stream_Dag to 2022-05-12T18:00:00+00:00, run_after=2022-05-13T18:00:00+00:00
[2022-05-12 07:25:56,915] {processor.py:161} INFO - Processing /opt/airflow/dags/stop_live_stream_dags.py took 0.072 seconds
[2022-05-12 07:26:27,681] {processor.py:153} INFO - Started process (PID=5575) to work on /opt/airflow/dags/stop_live_stream_dags.py
[2022-05-12 07:26:27,683] {processor.py:641} INFO - Processing file /opt/airflow/dags/stop_live_stream_dags.py for tasks to queue
[2022-05-12 07:26:27,686] {logging_mixin.py:115} INFO - [2022-05-12 07:26:27,686] {dagbag.py:507} INFO - Filling up the DagBag from /opt/airflow/dags/stop_live_stream_dags.py
[2022-05-12 07:26:27,708] {processor.py:651} INFO - DAG(s) dict_keys(['stop_live_stream_Dag']) retrieved from /opt/airflow/dags/stop_live_stream_dags.py
[2022-05-12 07:26:27,728] {logging_mixin.py:115} INFO - [2022-05-12 07:26:27,728] {dag.py:2371} INFO - Sync 1 DAGs
[2022-05-12 07:26:27,743] {logging_mixin.py:115} INFO - [2022-05-12 07:26:27,743] {dag.py:2919} INFO - Setting next_dagrun for stop_live_stream_Dag to 2022-05-12T18:00:00+00:00, run_after=2022-05-13T18:00:00+00:00
[2022-05-12 07:26:27,751] {processor.py:161} INFO - Processing /opt/airflow/dags/stop_live_stream_dags.py took 0.074 seconds
[2022-05-12 07:26:57,836] {processor.py:153} INFO - Started process (PID=5790) to work on /opt/airflow/dags/stop_live_stream_dags.py
[2022-05-12 07:26:57,838] {processor.py:641} INFO - Processing file /opt/airflow/dags/stop_live_stream_dags.py for tasks to queue
[2022-05-12 07:26:57,840] {logging_mixin.py:115} INFO - [2022-05-12 07:26:57,840] {dagbag.py:507} INFO - Filling up the DagBag from /opt/airflow/dags/stop_live_stream_dags.py
[2022-05-12 07:26:57,874] {processor.py:651} INFO - DAG(s) dict_keys(['stop_live_stream_Dag']) retrieved from /opt/airflow/dags/stop_live_stream_dags.py
[2022-05-12 07:26:57,905] {logging_mixin.py:115} INFO - [2022-05-12 07:26:57,905] {dag.py:2371} INFO - Sync 1 DAGs
[2022-05-12 07:26:57,932] {logging_mixin.py:115} INFO - [2022-05-12 07:26:57,932] {dag.py:2919} INFO - Setting next_dagrun for stop_live_stream_Dag to 2022-05-12T18:00:00+00:00, run_after=2022-05-13T18:00:00+00:00
[2022-05-12 07:26:57,949] {processor.py:161} INFO - Processing /opt/airflow/dags/stop_live_stream_dags.py took 0.118 seconds
[2022-05-12 07:39:19,098] {processor.py:153} INFO - Started process (PID=168) to work on /opt/airflow/dags/stop_live_stream_dags.py
[2022-05-12 07:39:19,100] {processor.py:641} INFO - Processing file /opt/airflow/dags/stop_live_stream_dags.py for tasks to queue
[2022-05-12 07:39:19,103] {logging_mixin.py:115} INFO - [2022-05-12 07:39:19,102] {dagbag.py:507} INFO - Filling up the DagBag from /opt/airflow/dags/stop_live_stream_dags.py
[2022-05-12 07:39:19,126] {processor.py:651} INFO - DAG(s) dict_keys(['stop_live_stream_Dag']) retrieved from /opt/airflow/dags/stop_live_stream_dags.py
[2022-05-12 07:39:19,212] {logging_mixin.py:115} INFO - [2022-05-12 07:39:19,212] {manager.py:508} INFO - Created Permission View: can delete on DAG:stop_live_stream_Dag
[2022-05-12 07:39:19,225] {logging_mixin.py:115} INFO - [2022-05-12 07:39:19,225] {manager.py:508} INFO - Created Permission View: can read on DAG:stop_live_stream_Dag
[2022-05-12 07:39:19,232] {logging_mixin.py:115} INFO - [2022-05-12 07:39:19,232] {manager.py:508} INFO - Created Permission View: can edit on DAG:stop_live_stream_Dag
[2022-05-12 07:39:19,234] {logging_mixin.py:115} INFO - [2022-05-12 07:39:19,234] {dag.py:2371} INFO - Sync 1 DAGs
[2022-05-12 07:39:19,243] {logging_mixin.py:115} INFO - [2022-05-12 07:39:19,243] {dag.py:2390} INFO - Creating ORM DAG for stop_live_stream_Dag
[2022-05-12 07:39:19,254] {logging_mixin.py:115} INFO - [2022-05-12 07:39:19,254] {dag.py:2919} INFO - Setting next_dagrun for stop_live_stream_Dag to 2022-05-12T18:00:00+00:00, run_after=2022-05-13T18:00:00+00:00
[2022-05-12 07:39:19,275] {processor.py:161} INFO - Processing /opt/airflow/dags/stop_live_stream_dags.py took 0.184 seconds
[2022-05-12 07:39:49,935] {processor.py:153} INFO - Started process (PID=390) to work on /opt/airflow/dags/stop_live_stream_dags.py
[2022-05-12 07:39:49,937] {processor.py:641} INFO - Processing file /opt/airflow/dags/stop_live_stream_dags.py for tasks to queue
[2022-05-12 07:39:49,940] {logging_mixin.py:115} INFO - [2022-05-12 07:39:49,940] {dagbag.py:507} INFO - Filling up the DagBag from /opt/airflow/dags/stop_live_stream_dags.py
[2022-05-12 07:39:49,981] {processor.py:651} INFO - DAG(s) dict_keys(['stop_live_stream_Dag']) retrieved from /opt/airflow/dags/stop_live_stream_dags.py
[2022-05-12 07:39:50,006] {logging_mixin.py:115} INFO - [2022-05-12 07:39:50,006] {dag.py:2371} INFO - Sync 1 DAGs
[2022-05-12 07:39:50,025] {logging_mixin.py:115} INFO - [2022-05-12 07:39:50,025] {dag.py:2919} INFO - Setting next_dagrun for stop_live_stream_Dag to 2022-05-12T18:00:00+00:00, run_after=2022-05-13T18:00:00+00:00
[2022-05-12 07:39:50,032] {processor.py:161} INFO - Processing /opt/airflow/dags/stop_live_stream_dags.py took 0.102 seconds
[2022-05-12 07:40:20,818] {processor.py:153} INFO - Started process (PID=611) to work on /opt/airflow/dags/stop_live_stream_dags.py
[2022-05-12 07:40:20,820] {processor.py:641} INFO - Processing file /opt/airflow/dags/stop_live_stream_dags.py for tasks to queue
[2022-05-12 07:40:20,821] {logging_mixin.py:115} INFO - [2022-05-12 07:40:20,821] {dagbag.py:507} INFO - Filling up the DagBag from /opt/airflow/dags/stop_live_stream_dags.py
[2022-05-12 07:40:20,840] {processor.py:651} INFO - DAG(s) dict_keys(['stop_live_stream_Dag']) retrieved from /opt/airflow/dags/stop_live_stream_dags.py
[2022-05-12 07:40:20,861] {logging_mixin.py:115} INFO - [2022-05-12 07:40:20,861] {dag.py:2371} INFO - Sync 1 DAGs
[2022-05-12 07:40:20,877] {logging_mixin.py:115} INFO - [2022-05-12 07:40:20,877] {dag.py:2919} INFO - Setting next_dagrun for stop_live_stream_Dag to 2022-05-12T18:00:00+00:00, run_after=2022-05-13T18:00:00+00:00
[2022-05-12 07:40:20,886] {processor.py:161} INFO - Processing /opt/airflow/dags/stop_live_stream_dags.py took 0.071 seconds
[2022-05-12 07:40:51,671] {processor.py:153} INFO - Started process (PID=838) to work on /opt/airflow/dags/stop_live_stream_dags.py
[2022-05-12 07:40:51,675] {processor.py:641} INFO - Processing file /opt/airflow/dags/stop_live_stream_dags.py for tasks to queue
[2022-05-12 07:40:51,677] {logging_mixin.py:115} INFO - [2022-05-12 07:40:51,677] {dagbag.py:507} INFO - Filling up the DagBag from /opt/airflow/dags/stop_live_stream_dags.py
[2022-05-12 07:40:51,704] {processor.py:651} INFO - DAG(s) dict_keys(['stop_live_stream_Dag']) retrieved from /opt/airflow/dags/stop_live_stream_dags.py
[2022-05-12 07:40:51,730] {logging_mixin.py:115} INFO - [2022-05-12 07:40:51,730] {dag.py:2371} INFO - Sync 1 DAGs
[2022-05-12 07:40:51,751] {logging_mixin.py:115} INFO - [2022-05-12 07:40:51,751] {dag.py:2919} INFO - Setting next_dagrun for stop_live_stream_Dag to 2022-05-12T18:00:00+00:00, run_after=2022-05-13T18:00:00+00:00
[2022-05-12 07:40:51,762] {processor.py:161} INFO - Processing /opt/airflow/dags/stop_live_stream_dags.py took 0.097 seconds
[2022-05-12 07:41:22,649] {processor.py:153} INFO - Started process (PID=1055) to work on /opt/airflow/dags/stop_live_stream_dags.py
[2022-05-12 07:41:22,653] {processor.py:641} INFO - Processing file /opt/airflow/dags/stop_live_stream_dags.py for tasks to queue
[2022-05-12 07:41:22,655] {logging_mixin.py:115} INFO - [2022-05-12 07:41:22,655] {dagbag.py:507} INFO - Filling up the DagBag from /opt/airflow/dags/stop_live_stream_dags.py
[2022-05-12 07:41:22,681] {processor.py:651} INFO - DAG(s) dict_keys(['stop_live_stream_Dag']) retrieved from /opt/airflow/dags/stop_live_stream_dags.py
[2022-05-12 07:41:22,710] {logging_mixin.py:115} INFO - [2022-05-12 07:41:22,710] {dag.py:2371} INFO - Sync 1 DAGs
[2022-05-12 07:41:22,734] {logging_mixin.py:115} INFO - [2022-05-12 07:41:22,734] {dag.py:2919} INFO - Setting next_dagrun for stop_live_stream_Dag to 2022-05-12T18:00:00+00:00, run_after=2022-05-13T18:00:00+00:00
[2022-05-12 07:41:22,745] {processor.py:161} INFO - Processing /opt/airflow/dags/stop_live_stream_dags.py took 0.103 seconds
[2022-05-12 07:41:53,718] {processor.py:153} INFO - Started process (PID=1275) to work on /opt/airflow/dags/stop_live_stream_dags.py
[2022-05-12 07:41:53,719] {processor.py:641} INFO - Processing file /opt/airflow/dags/stop_live_stream_dags.py for tasks to queue
[2022-05-12 07:41:53,721] {logging_mixin.py:115} INFO - [2022-05-12 07:41:53,721] {dagbag.py:507} INFO - Filling up the DagBag from /opt/airflow/dags/stop_live_stream_dags.py
[2022-05-12 07:41:53,746] {processor.py:651} INFO - DAG(s) dict_keys(['stop_live_stream_Dag']) retrieved from /opt/airflow/dags/stop_live_stream_dags.py
[2022-05-12 07:41:53,778] {logging_mixin.py:115} INFO - [2022-05-12 07:41:53,777] {dag.py:2371} INFO - Sync 1 DAGs
[2022-05-12 07:41:53,804] {logging_mixin.py:115} INFO - [2022-05-12 07:41:53,804] {dag.py:2919} INFO - Setting next_dagrun for stop_live_stream_Dag to 2022-05-12T18:00:00+00:00, run_after=2022-05-13T18:00:00+00:00
[2022-05-12 07:41:53,812] {processor.py:161} INFO - Processing /opt/airflow/dags/stop_live_stream_dags.py took 0.102 seconds
[2022-05-12 07:45:05,521] {processor.py:153} INFO - Started process (PID=167) to work on /opt/airflow/dags/stop_live_stream_dags.py
[2022-05-12 07:45:05,529] {processor.py:641} INFO - Processing file /opt/airflow/dags/stop_live_stream_dags.py for tasks to queue
[2022-05-12 07:45:05,531] {logging_mixin.py:115} INFO - [2022-05-12 07:45:05,531] {dagbag.py:507} INFO - Filling up the DagBag from /opt/airflow/dags/stop_live_stream_dags.py
[2022-05-12 07:45:05,558] {processor.py:651} INFO - DAG(s) dict_keys(['stop_live_stream_Dag']) retrieved from /opt/airflow/dags/stop_live_stream_dags.py
[2022-05-12 07:45:05,580] {logging_mixin.py:115} INFO - [2022-05-12 07:45:05,580] {dag.py:2371} INFO - Sync 1 DAGs
[2022-05-12 07:45:05,601] {logging_mixin.py:115} INFO - [2022-05-12 07:45:05,601] {dag.py:2919} INFO - Setting next_dagrun for stop_live_stream_Dag to 2022-05-12T18:00:00+00:00, run_after=2022-05-13T18:00:00+00:00
[2022-05-12 07:45:05,644] {processor.py:161} INFO - Processing /opt/airflow/dags/stop_live_stream_dags.py took 0.126 seconds
[2022-05-12 07:45:35,761] {processor.py:153} INFO - Started process (PID=394) to work on /opt/airflow/dags/stop_live_stream_dags.py
[2022-05-12 07:45:35,765] {processor.py:641} INFO - Processing file /opt/airflow/dags/stop_live_stream_dags.py for tasks to queue
[2022-05-12 07:45:35,768] {logging_mixin.py:115} INFO - [2022-05-12 07:45:35,767] {dagbag.py:507} INFO - Filling up the DagBag from /opt/airflow/dags/stop_live_stream_dags.py
[2022-05-12 07:45:35,793] {processor.py:651} INFO - DAG(s) dict_keys(['stop_live_stream_Dag']) retrieved from /opt/airflow/dags/stop_live_stream_dags.py
[2022-05-12 07:45:35,850] {logging_mixin.py:115} INFO - [2022-05-12 07:45:35,849] {dag.py:2371} INFO - Sync 1 DAGs
[2022-05-12 07:45:35,867] {logging_mixin.py:115} INFO - [2022-05-12 07:45:35,867] {dag.py:2919} INFO - Setting next_dagrun for stop_live_stream_Dag to 2022-05-12T18:00:00+00:00, run_after=2022-05-13T18:00:00+00:00
[2022-05-12 07:45:35,881] {processor.py:161} INFO - Processing /opt/airflow/dags/stop_live_stream_dags.py took 0.128 seconds
[2022-05-12 07:46:06,055] {processor.py:153} INFO - Started process (PID=652) to work on /opt/airflow/dags/stop_live_stream_dags.py
[2022-05-12 07:46:06,057] {processor.py:641} INFO - Processing file /opt/airflow/dags/stop_live_stream_dags.py for tasks to queue
[2022-05-12 07:46:06,061] {logging_mixin.py:115} INFO - [2022-05-12 07:46:06,060] {dagbag.py:507} INFO - Filling up the DagBag from /opt/airflow/dags/stop_live_stream_dags.py
[2022-05-12 07:46:06,112] {processor.py:651} INFO - DAG(s) dict_keys(['stop_live_stream_Dag']) retrieved from /opt/airflow/dags/stop_live_stream_dags.py
[2022-05-12 07:46:06,148] {logging_mixin.py:115} INFO - [2022-05-12 07:46:06,148] {dag.py:2371} INFO - Sync 1 DAGs
[2022-05-12 07:46:06,169] {logging_mixin.py:115} INFO - [2022-05-12 07:46:06,169] {dag.py:2919} INFO - Setting next_dagrun for stop_live_stream_Dag to 2022-05-12T18:00:00+00:00, run_after=2022-05-13T18:00:00+00:00
[2022-05-12 07:46:06,180] {processor.py:161} INFO - Processing /opt/airflow/dags/stop_live_stream_dags.py took 0.129 seconds
[2022-05-12 07:46:36,543] {processor.py:153} INFO - Started process (PID=857) to work on /opt/airflow/dags/stop_live_stream_dags.py
[2022-05-12 07:46:36,544] {processor.py:641} INFO - Processing file /opt/airflow/dags/stop_live_stream_dags.py for tasks to queue
[2022-05-12 07:46:36,547] {logging_mixin.py:115} INFO - [2022-05-12 07:46:36,547] {dagbag.py:507} INFO - Filling up the DagBag from /opt/airflow/dags/stop_live_stream_dags.py
[2022-05-12 07:46:36,566] {processor.py:651} INFO - DAG(s) dict_keys(['stop_live_stream_Dag']) retrieved from /opt/airflow/dags/stop_live_stream_dags.py
[2022-05-12 07:46:36,585] {logging_mixin.py:115} INFO - [2022-05-12 07:46:36,585] {dag.py:2371} INFO - Sync 1 DAGs
[2022-05-12 07:46:36,600] {logging_mixin.py:115} INFO - [2022-05-12 07:46:36,600] {dag.py:2919} INFO - Setting next_dagrun for stop_live_stream_Dag to 2022-05-12T18:00:00+00:00, run_after=2022-05-13T18:00:00+00:00
[2022-05-12 07:46:36,607] {processor.py:161} INFO - Processing /opt/airflow/dags/stop_live_stream_dags.py took 0.069 seconds
[2022-05-12 07:47:06,761] {processor.py:153} INFO - Started process (PID=1075) to work on /opt/airflow/dags/stop_live_stream_dags.py
[2022-05-12 07:47:06,762] {processor.py:641} INFO - Processing file /opt/airflow/dags/stop_live_stream_dags.py for tasks to queue
[2022-05-12 07:47:06,764] {logging_mixin.py:115} INFO - [2022-05-12 07:47:06,764] {dagbag.py:507} INFO - Filling up the DagBag from /opt/airflow/dags/stop_live_stream_dags.py
[2022-05-12 07:47:06,785] {processor.py:651} INFO - DAG(s) dict_keys(['stop_live_stream_Dag']) retrieved from /opt/airflow/dags/stop_live_stream_dags.py
[2022-05-12 07:47:06,807] {logging_mixin.py:115} INFO - [2022-05-12 07:47:06,807] {dag.py:2371} INFO - Sync 1 DAGs
[2022-05-12 07:47:06,826] {logging_mixin.py:115} INFO - [2022-05-12 07:47:06,826] {dag.py:2919} INFO - Setting next_dagrun for stop_live_stream_Dag to 2022-05-12T18:00:00+00:00, run_after=2022-05-13T18:00:00+00:00
[2022-05-12 07:47:06,835] {processor.py:161} INFO - Processing /opt/airflow/dags/stop_live_stream_dags.py took 0.078 seconds
[2022-05-12 07:47:37,586] {processor.py:153} INFO - Started process (PID=1292) to work on /opt/airflow/dags/stop_live_stream_dags.py
[2022-05-12 07:47:37,589] {processor.py:641} INFO - Processing file /opt/airflow/dags/stop_live_stream_dags.py for tasks to queue
[2022-05-12 07:47:37,592] {logging_mixin.py:115} INFO - [2022-05-12 07:47:37,592] {dagbag.py:507} INFO - Filling up the DagBag from /opt/airflow/dags/stop_live_stream_dags.py
[2022-05-12 07:47:37,617] {processor.py:651} INFO - DAG(s) dict_keys(['stop_live_stream_Dag']) retrieved from /opt/airflow/dags/stop_live_stream_dags.py
[2022-05-12 07:47:37,640] {logging_mixin.py:115} INFO - [2022-05-12 07:47:37,640] {dag.py:2371} INFO - Sync 1 DAGs
[2022-05-12 07:47:37,655] {logging_mixin.py:115} INFO - [2022-05-12 07:47:37,655] {dag.py:2919} INFO - Setting next_dagrun for stop_live_stream_Dag to 2022-05-12T18:00:00+00:00, run_after=2022-05-13T18:00:00+00:00
[2022-05-12 07:47:37,663] {processor.py:161} INFO - Processing /opt/airflow/dags/stop_live_stream_dags.py took 0.083 seconds
[2022-05-12 07:48:08,503] {processor.py:153} INFO - Started process (PID=1508) to work on /opt/airflow/dags/stop_live_stream_dags.py
[2022-05-12 07:48:08,505] {processor.py:641} INFO - Processing file /opt/airflow/dags/stop_live_stream_dags.py for tasks to queue
[2022-05-12 07:48:08,507] {logging_mixin.py:115} INFO - [2022-05-12 07:48:08,507] {dagbag.py:507} INFO - Filling up the DagBag from /opt/airflow/dags/stop_live_stream_dags.py
[2022-05-12 07:48:08,531] {processor.py:651} INFO - DAG(s) dict_keys(['stop_live_stream_Dag']) retrieved from /opt/airflow/dags/stop_live_stream_dags.py
[2022-05-12 07:48:08,559] {logging_mixin.py:115} INFO - [2022-05-12 07:48:08,559] {dag.py:2371} INFO - Sync 1 DAGs
[2022-05-12 07:48:08,582] {logging_mixin.py:115} INFO - [2022-05-12 07:48:08,582] {dag.py:2919} INFO - Setting next_dagrun for stop_live_stream_Dag to 2022-05-12T18:00:00+00:00, run_after=2022-05-13T18:00:00+00:00
[2022-05-12 07:48:08,593] {processor.py:161} INFO - Processing /opt/airflow/dags/stop_live_stream_dags.py took 0.102 seconds
[2022-05-12 07:55:16,342] {processor.py:153} INFO - Started process (PID=167) to work on /opt/airflow/dags/stop_live_stream_dags.py
[2022-05-12 07:55:16,344] {processor.py:641} INFO - Processing file /opt/airflow/dags/stop_live_stream_dags.py for tasks to queue
[2022-05-12 07:55:16,347] {logging_mixin.py:115} INFO - [2022-05-12 07:55:16,346] {dagbag.py:507} INFO - Filling up the DagBag from /opt/airflow/dags/stop_live_stream_dags.py
[2022-05-12 07:55:16,381] {processor.py:651} INFO - DAG(s) dict_keys(['stop_live_stream_Dag']) retrieved from /opt/airflow/dags/stop_live_stream_dags.py
[2022-05-12 07:55:16,403] {logging_mixin.py:115} INFO - [2022-05-12 07:55:16,403] {dag.py:2371} INFO - Sync 1 DAGs
[2022-05-12 07:55:16,418] {logging_mixin.py:115} INFO - [2022-05-12 07:55:16,418] {dag.py:2919} INFO - Setting next_dagrun for stop_live_stream_Dag to 2022-05-12T18:00:00+00:00, run_after=2022-05-13T18:00:00+00:00
[2022-05-12 07:55:16,428] {processor.py:161} INFO - Processing /opt/airflow/dags/stop_live_stream_dags.py took 0.089 seconds
[2022-05-12 07:55:46,486] {processor.py:153} INFO - Started process (PID=424) to work on /opt/airflow/dags/stop_live_stream_dags.py
[2022-05-12 07:55:46,488] {processor.py:641} INFO - Processing file /opt/airflow/dags/stop_live_stream_dags.py for tasks to queue
[2022-05-12 07:55:46,489] {logging_mixin.py:115} INFO - [2022-05-12 07:55:46,489] {dagbag.py:507} INFO - Filling up the DagBag from /opt/airflow/dags/stop_live_stream_dags.py
[2022-05-12 07:55:46,505] {processor.py:651} INFO - DAG(s) dict_keys(['stop_live_stream_Dag']) retrieved from /opt/airflow/dags/stop_live_stream_dags.py
[2022-05-12 07:55:46,524] {logging_mixin.py:115} INFO - [2022-05-12 07:55:46,524] {dag.py:2371} INFO - Sync 1 DAGs
[2022-05-12 07:55:46,539] {logging_mixin.py:115} INFO - [2022-05-12 07:55:46,539] {dag.py:2919} INFO - Setting next_dagrun for stop_live_stream_Dag to 2022-05-12T18:00:00+00:00, run_after=2022-05-13T18:00:00+00:00
[2022-05-12 07:55:46,551] {processor.py:161} INFO - Processing /opt/airflow/dags/stop_live_stream_dags.py took 0.071 seconds
[2022-05-12 07:56:16,748] {processor.py:153} INFO - Started process (PID=645) to work on /opt/airflow/dags/stop_live_stream_dags.py
[2022-05-12 07:56:16,750] {processor.py:641} INFO - Processing file /opt/airflow/dags/stop_live_stream_dags.py for tasks to queue
[2022-05-12 07:56:16,752] {logging_mixin.py:115} INFO - [2022-05-12 07:56:16,752] {dagbag.py:507} INFO - Filling up the DagBag from /opt/airflow/dags/stop_live_stream_dags.py
[2022-05-12 07:56:16,771] {processor.py:651} INFO - DAG(s) dict_keys(['stop_live_stream_Dag']) retrieved from /opt/airflow/dags/stop_live_stream_dags.py
[2022-05-12 07:56:16,790] {logging_mixin.py:115} INFO - [2022-05-12 07:56:16,790] {dag.py:2371} INFO - Sync 1 DAGs
[2022-05-12 07:56:16,803] {logging_mixin.py:115} INFO - [2022-05-12 07:56:16,803] {dag.py:2919} INFO - Setting next_dagrun for stop_live_stream_Dag to 2022-05-12T18:00:00+00:00, run_after=2022-05-13T18:00:00+00:00
[2022-05-12 07:56:16,812] {processor.py:161} INFO - Processing /opt/airflow/dags/stop_live_stream_dags.py took 0.067 seconds
[2022-05-12 07:56:47,500] {processor.py:153} INFO - Started process (PID=856) to work on /opt/airflow/dags/stop_live_stream_dags.py
[2022-05-12 07:56:47,503] {processor.py:641} INFO - Processing file /opt/airflow/dags/stop_live_stream_dags.py for tasks to queue
[2022-05-12 07:56:47,505] {logging_mixin.py:115} INFO - [2022-05-12 07:56:47,505] {dagbag.py:507} INFO - Filling up the DagBag from /opt/airflow/dags/stop_live_stream_dags.py
[2022-05-12 07:56:47,527] {processor.py:651} INFO - DAG(s) dict_keys(['stop_live_stream_Dag']) retrieved from /opt/airflow/dags/stop_live_stream_dags.py
[2022-05-12 07:56:47,547] {logging_mixin.py:115} INFO - [2022-05-12 07:56:47,547] {dag.py:2371} INFO - Sync 1 DAGs
[2022-05-12 07:56:47,564] {logging_mixin.py:115} INFO - [2022-05-12 07:56:47,563] {dag.py:2919} INFO - Setting next_dagrun for stop_live_stream_Dag to 2022-05-12T18:00:00+00:00, run_after=2022-05-13T18:00:00+00:00
[2022-05-12 07:56:47,571] {processor.py:161} INFO - Processing /opt/airflow/dags/stop_live_stream_dags.py took 0.075 seconds
[2022-05-12 07:57:18,384] {processor.py:153} INFO - Started process (PID=1071) to work on /opt/airflow/dags/stop_live_stream_dags.py
[2022-05-12 07:57:18,386] {processor.py:641} INFO - Processing file /opt/airflow/dags/stop_live_stream_dags.py for tasks to queue
[2022-05-12 07:57:18,389] {logging_mixin.py:115} INFO - [2022-05-12 07:57:18,388] {dagbag.py:507} INFO - Filling up the DagBag from /opt/airflow/dags/stop_live_stream_dags.py
[2022-05-12 07:57:18,408] {processor.py:651} INFO - DAG(s) dict_keys(['stop_live_stream_Dag']) retrieved from /opt/airflow/dags/stop_live_stream_dags.py
[2022-05-12 07:57:18,428] {logging_mixin.py:115} INFO - [2022-05-12 07:57:18,428] {dag.py:2371} INFO - Sync 1 DAGs
[2022-05-12 07:57:18,442] {logging_mixin.py:115} INFO - [2022-05-12 07:57:18,442] {dag.py:2919} INFO - Setting next_dagrun for stop_live_stream_Dag to 2022-05-12T18:00:00+00:00, run_after=2022-05-13T18:00:00+00:00
[2022-05-12 07:57:18,450] {processor.py:161} INFO - Processing /opt/airflow/dags/stop_live_stream_dags.py took 0.071 seconds
[2022-05-12 07:57:49,265] {processor.py:153} INFO - Started process (PID=1290) to work on /opt/airflow/dags/stop_live_stream_dags.py
[2022-05-12 07:57:49,268] {processor.py:641} INFO - Processing file /opt/airflow/dags/stop_live_stream_dags.py for tasks to queue
[2022-05-12 07:57:49,270] {logging_mixin.py:115} INFO - [2022-05-12 07:57:49,270] {dagbag.py:507} INFO - Filling up the DagBag from /opt/airflow/dags/stop_live_stream_dags.py
[2022-05-12 07:57:49,298] {processor.py:651} INFO - DAG(s) dict_keys(['stop_live_stream_Dag']) retrieved from /opt/airflow/dags/stop_live_stream_dags.py
[2022-05-12 07:57:49,326] {logging_mixin.py:115} INFO - [2022-05-12 07:57:49,326] {dag.py:2371} INFO - Sync 1 DAGs
[2022-05-12 07:57:49,351] {logging_mixin.py:115} INFO - [2022-05-12 07:57:49,351] {dag.py:2919} INFO - Setting next_dagrun for stop_live_stream_Dag to 2022-05-12T18:00:00+00:00, run_after=2022-05-13T18:00:00+00:00
[2022-05-12 07:57:49,361] {processor.py:161} INFO - Processing /opt/airflow/dags/stop_live_stream_dags.py took 0.103 seconds
[2022-05-12 07:58:20,252] {processor.py:153} INFO - Started process (PID=1509) to work on /opt/airflow/dags/stop_live_stream_dags.py
[2022-05-12 07:58:20,255] {processor.py:641} INFO - Processing file /opt/airflow/dags/stop_live_stream_dags.py for tasks to queue
[2022-05-12 07:58:20,258] {logging_mixin.py:115} INFO - [2022-05-12 07:58:20,258] {dagbag.py:507} INFO - Filling up the DagBag from /opt/airflow/dags/stop_live_stream_dags.py
[2022-05-12 07:58:20,280] {processor.py:651} INFO - DAG(s) dict_keys(['stop_live_stream_Dag']) retrieved from /opt/airflow/dags/stop_live_stream_dags.py
[2022-05-12 07:58:20,302] {logging_mixin.py:115} INFO - [2022-05-12 07:58:20,302] {dag.py:2371} INFO - Sync 1 DAGs
[2022-05-12 07:58:20,318] {logging_mixin.py:115} INFO - [2022-05-12 07:58:20,318] {dag.py:2919} INFO - Setting next_dagrun for stop_live_stream_Dag to 2022-05-12T18:00:00+00:00, run_after=2022-05-13T18:00:00+00:00
[2022-05-12 07:58:20,326] {processor.py:161} INFO - Processing /opt/airflow/dags/stop_live_stream_dags.py took 0.082 seconds
[2022-05-12 07:58:51,086] {processor.py:153} INFO - Started process (PID=1723) to work on /opt/airflow/dags/stop_live_stream_dags.py
[2022-05-12 07:58:51,089] {processor.py:641} INFO - Processing file /opt/airflow/dags/stop_live_stream_dags.py for tasks to queue
[2022-05-12 07:58:51,090] {logging_mixin.py:115} INFO - [2022-05-12 07:58:51,090] {dagbag.py:507} INFO - Filling up the DagBag from /opt/airflow/dags/stop_live_stream_dags.py
[2022-05-12 07:58:51,127] {processor.py:651} INFO - DAG(s) dict_keys(['stop_live_stream_Dag']) retrieved from /opt/airflow/dags/stop_live_stream_dags.py
[2022-05-12 07:58:51,151] {logging_mixin.py:115} INFO - [2022-05-12 07:58:51,151] {dag.py:2371} INFO - Sync 1 DAGs
[2022-05-12 07:58:51,173] {logging_mixin.py:115} INFO - [2022-05-12 07:58:51,173] {dag.py:2919} INFO - Setting next_dagrun for stop_live_stream_Dag to 2022-05-12T18:00:00+00:00, run_after=2022-05-13T18:00:00+00:00
[2022-05-12 07:58:51,181] {processor.py:161} INFO - Processing /opt/airflow/dags/stop_live_stream_dags.py took 0.101 seconds
[2022-05-12 07:59:22,047] {processor.py:153} INFO - Started process (PID=1940) to work on /opt/airflow/dags/stop_live_stream_dags.py
[2022-05-12 07:59:22,049] {processor.py:641} INFO - Processing file /opt/airflow/dags/stop_live_stream_dags.py for tasks to queue
[2022-05-12 07:59:22,051] {logging_mixin.py:115} INFO - [2022-05-12 07:59:22,051] {dagbag.py:507} INFO - Filling up the DagBag from /opt/airflow/dags/stop_live_stream_dags.py
[2022-05-12 07:59:22,074] {processor.py:651} INFO - DAG(s) dict_keys(['stop_live_stream_Dag']) retrieved from /opt/airflow/dags/stop_live_stream_dags.py
[2022-05-12 07:59:22,095] {logging_mixin.py:115} INFO - [2022-05-12 07:59:22,095] {dag.py:2371} INFO - Sync 1 DAGs
[2022-05-12 07:59:22,111] {logging_mixin.py:115} INFO - [2022-05-12 07:59:22,111] {dag.py:2919} INFO - Setting next_dagrun for stop_live_stream_Dag to 2022-05-12T18:00:00+00:00, run_after=2022-05-13T18:00:00+00:00
[2022-05-12 07:59:22,120] {processor.py:161} INFO - Processing /opt/airflow/dags/stop_live_stream_dags.py took 0.078 seconds
[2022-05-12 07:59:52,861] {processor.py:153} INFO - Started process (PID=2156) to work on /opt/airflow/dags/stop_live_stream_dags.py
[2022-05-12 07:59:52,875] {processor.py:641} INFO - Processing file /opt/airflow/dags/stop_live_stream_dags.py for tasks to queue
[2022-05-12 07:59:52,878] {logging_mixin.py:115} INFO - [2022-05-12 07:59:52,878] {dagbag.py:507} INFO - Filling up the DagBag from /opt/airflow/dags/stop_live_stream_dags.py
[2022-05-12 07:59:52,899] {processor.py:651} INFO - DAG(s) dict_keys(['stop_live_stream_Dag']) retrieved from /opt/airflow/dags/stop_live_stream_dags.py
[2022-05-12 07:59:52,920] {logging_mixin.py:115} INFO - [2022-05-12 07:59:52,920] {dag.py:2371} INFO - Sync 1 DAGs
[2022-05-12 07:59:52,936] {logging_mixin.py:115} INFO - [2022-05-12 07:59:52,936] {dag.py:2919} INFO - Setting next_dagrun for stop_live_stream_Dag to 2022-05-12T18:00:00+00:00, run_after=2022-05-13T18:00:00+00:00
[2022-05-12 07:59:52,946] {processor.py:161} INFO - Processing /opt/airflow/dags/stop_live_stream_dags.py took 0.088 seconds
[2022-05-12 08:01:37,747] {processor.py:153} INFO - Started process (PID=167) to work on /opt/airflow/dags/stop_live_stream_dags.py
[2022-05-12 08:01:37,749] {processor.py:641} INFO - Processing file /opt/airflow/dags/stop_live_stream_dags.py for tasks to queue
[2022-05-12 08:01:37,751] {logging_mixin.py:115} INFO - [2022-05-12 08:01:37,751] {dagbag.py:507} INFO - Filling up the DagBag from /opt/airflow/dags/stop_live_stream_dags.py
[2022-05-12 08:01:37,780] {processor.py:651} INFO - DAG(s) dict_keys(['stop_live_stream_Dag']) retrieved from /opt/airflow/dags/stop_live_stream_dags.py
[2022-05-12 08:01:37,804] {logging_mixin.py:115} INFO - [2022-05-12 08:01:37,804] {dag.py:2371} INFO - Sync 1 DAGs
[2022-05-12 08:01:37,822] {logging_mixin.py:115} INFO - [2022-05-12 08:01:37,822] {dag.py:2919} INFO - Setting next_dagrun for stop_live_stream_Dag to 2022-05-12T18:00:00+00:00, run_after=2022-05-13T18:00:00+00:00
[2022-05-12 08:01:37,864] {processor.py:161} INFO - Processing /opt/airflow/dags/stop_live_stream_dags.py took 0.121 seconds
[2022-05-12 08:02:08,247] {processor.py:153} INFO - Started process (PID=382) to work on /opt/airflow/dags/stop_live_stream_dags.py
[2022-05-12 08:02:08,249] {processor.py:641} INFO - Processing file /opt/airflow/dags/stop_live_stream_dags.py for tasks to queue
[2022-05-12 08:02:08,251] {logging_mixin.py:115} INFO - [2022-05-12 08:02:08,251] {dagbag.py:507} INFO - Filling up the DagBag from /opt/airflow/dags/stop_live_stream_dags.py
[2022-05-12 08:02:08,277] {processor.py:651} INFO - DAG(s) dict_keys(['stop_live_stream_Dag']) retrieved from /opt/airflow/dags/stop_live_stream_dags.py
[2022-05-12 08:02:08,314] {logging_mixin.py:115} INFO - [2022-05-12 08:02:08,314] {dag.py:2371} INFO - Sync 1 DAGs
[2022-05-12 08:02:08,330] {logging_mixin.py:115} INFO - [2022-05-12 08:02:08,330] {dag.py:2919} INFO - Setting next_dagrun for stop_live_stream_Dag to 2022-05-12T18:00:00+00:00, run_after=2022-05-13T18:00:00+00:00
[2022-05-12 08:02:08,339] {processor.py:161} INFO - Processing /opt/airflow/dags/stop_live_stream_dags.py took 0.102 seconds
[2022-05-12 08:02:39,211] {processor.py:153} INFO - Started process (PID=638) to work on /opt/airflow/dags/stop_live_stream_dags.py
[2022-05-12 08:02:39,213] {processor.py:641} INFO - Processing file /opt/airflow/dags/stop_live_stream_dags.py for tasks to queue
[2022-05-12 08:02:39,215] {logging_mixin.py:115} INFO - [2022-05-12 08:02:39,215] {dagbag.py:507} INFO - Filling up the DagBag from /opt/airflow/dags/stop_live_stream_dags.py
[2022-05-12 08:02:39,240] {processor.py:651} INFO - DAG(s) dict_keys(['stop_live_stream_Dag']) retrieved from /opt/airflow/dags/stop_live_stream_dags.py
[2022-05-12 08:02:39,267] {logging_mixin.py:115} INFO - [2022-05-12 08:02:39,267] {dag.py:2371} INFO - Sync 1 DAGs
[2022-05-12 08:02:39,290] {logging_mixin.py:115} INFO - [2022-05-12 08:02:39,290] {dag.py:2919} INFO - Setting next_dagrun for stop_live_stream_Dag to 2022-05-12T18:00:00+00:00, run_after=2022-05-13T18:00:00+00:00
[2022-05-12 08:02:39,301] {processor.py:161} INFO - Processing /opt/airflow/dags/stop_live_stream_dags.py took 0.095 seconds
[2022-05-12 08:03:09,512] {processor.py:153} INFO - Started process (PID=867) to work on /opt/airflow/dags/stop_live_stream_dags.py
[2022-05-12 08:03:09,513] {processor.py:641} INFO - Processing file /opt/airflow/dags/stop_live_stream_dags.py for tasks to queue
[2022-05-12 08:03:09,514] {logging_mixin.py:115} INFO - [2022-05-12 08:03:09,514] {dagbag.py:507} INFO - Filling up the DagBag from /opt/airflow/dags/stop_live_stream_dags.py
[2022-05-12 08:03:09,535] {processor.py:651} INFO - DAG(s) dict_keys(['stop_live_stream_Dag']) retrieved from /opt/airflow/dags/stop_live_stream_dags.py
[2022-05-12 08:03:09,578] {logging_mixin.py:115} INFO - [2022-05-12 08:03:09,578] {dag.py:2371} INFO - Sync 1 DAGs
[2022-05-12 08:03:09,600] {logging_mixin.py:115} INFO - [2022-05-12 08:03:09,600] {dag.py:2919} INFO - Setting next_dagrun for stop_live_stream_Dag to 2022-05-12T18:00:00+00:00, run_after=2022-05-13T18:00:00+00:00
[2022-05-12 08:03:09,614] {processor.py:161} INFO - Processing /opt/airflow/dags/stop_live_stream_dags.py took 0.105 seconds
[2022-05-12 08:03:39,729] {processor.py:153} INFO - Started process (PID=1072) to work on /opt/airflow/dags/stop_live_stream_dags.py
[2022-05-12 08:03:39,730] {processor.py:641} INFO - Processing file /opt/airflow/dags/stop_live_stream_dags.py for tasks to queue
[2022-05-12 08:03:39,732] {logging_mixin.py:115} INFO - [2022-05-12 08:03:39,732] {dagbag.py:507} INFO - Filling up the DagBag from /opt/airflow/dags/stop_live_stream_dags.py
[2022-05-12 08:03:39,754] {processor.py:651} INFO - DAG(s) dict_keys(['stop_live_stream_Dag']) retrieved from /opt/airflow/dags/stop_live_stream_dags.py
[2022-05-12 08:03:39,776] {logging_mixin.py:115} INFO - [2022-05-12 08:03:39,776] {dag.py:2371} INFO - Sync 1 DAGs
[2022-05-12 08:03:39,794] {logging_mixin.py:115} INFO - [2022-05-12 08:03:39,794] {dag.py:2919} INFO - Setting next_dagrun for stop_live_stream_Dag to 2022-05-12T18:00:00+00:00, run_after=2022-05-13T18:00:00+00:00
[2022-05-12 08:03:39,802] {processor.py:161} INFO - Processing /opt/airflow/dags/stop_live_stream_dags.py took 0.080 seconds
[2022-05-12 08:04:10,545] {processor.py:153} INFO - Started process (PID=1287) to work on /opt/airflow/dags/stop_live_stream_dags.py
[2022-05-12 08:04:10,547] {processor.py:641} INFO - Processing file /opt/airflow/dags/stop_live_stream_dags.py for tasks to queue
[2022-05-12 08:04:10,549] {logging_mixin.py:115} INFO - [2022-05-12 08:04:10,549] {dagbag.py:507} INFO - Filling up the DagBag from /opt/airflow/dags/stop_live_stream_dags.py
[2022-05-12 08:04:10,571] {processor.py:651} INFO - DAG(s) dict_keys(['stop_live_stream_Dag']) retrieved from /opt/airflow/dags/stop_live_stream_dags.py
[2022-05-12 08:04:10,590] {logging_mixin.py:115} INFO - [2022-05-12 08:04:10,590] {dag.py:2371} INFO - Sync 1 DAGs
[2022-05-12 08:04:10,605] {logging_mixin.py:115} INFO - [2022-05-12 08:04:10,604] {dag.py:2919} INFO - Setting next_dagrun for stop_live_stream_Dag to 2022-05-12T18:00:00+00:00, run_after=2022-05-13T18:00:00+00:00
[2022-05-12 08:04:10,613] {processor.py:161} INFO - Processing /opt/airflow/dags/stop_live_stream_dags.py took 0.081 seconds
[2022-05-12 08:04:41,521] {processor.py:153} INFO - Started process (PID=1502) to work on /opt/airflow/dags/stop_live_stream_dags.py
[2022-05-12 08:04:41,524] {processor.py:641} INFO - Processing file /opt/airflow/dags/stop_live_stream_dags.py for tasks to queue
[2022-05-12 08:04:41,526] {logging_mixin.py:115} INFO - [2022-05-12 08:04:41,526] {dagbag.py:507} INFO - Filling up the DagBag from /opt/airflow/dags/stop_live_stream_dags.py
[2022-05-12 08:04:41,550] {processor.py:651} INFO - DAG(s) dict_keys(['stop_live_stream_Dag']) retrieved from /opt/airflow/dags/stop_live_stream_dags.py
[2022-05-12 08:04:41,572] {logging_mixin.py:115} INFO - [2022-05-12 08:04:41,572] {dag.py:2371} INFO - Sync 1 DAGs
[2022-05-12 08:04:41,589] {logging_mixin.py:115} INFO - [2022-05-12 08:04:41,589] {dag.py:2919} INFO - Setting next_dagrun for stop_live_stream_Dag to 2022-05-12T18:00:00+00:00, run_after=2022-05-13T18:00:00+00:00
[2022-05-12 08:04:41,597] {processor.py:161} INFO - Processing /opt/airflow/dags/stop_live_stream_dags.py took 0.083 seconds
[2022-05-12 08:05:12,422] {processor.py:153} INFO - Started process (PID=1718) to work on /opt/airflow/dags/stop_live_stream_dags.py
[2022-05-12 08:05:12,424] {processor.py:641} INFO - Processing file /opt/airflow/dags/stop_live_stream_dags.py for tasks to queue
[2022-05-12 08:05:12,426] {logging_mixin.py:115} INFO - [2022-05-12 08:05:12,426] {dagbag.py:507} INFO - Filling up the DagBag from /opt/airflow/dags/stop_live_stream_dags.py
[2022-05-12 08:05:12,449] {processor.py:651} INFO - DAG(s) dict_keys(['stop_live_stream_Dag']) retrieved from /opt/airflow/dags/stop_live_stream_dags.py
[2022-05-12 08:05:12,469] {logging_mixin.py:115} INFO - [2022-05-12 08:05:12,469] {dag.py:2371} INFO - Sync 1 DAGs
[2022-05-12 08:05:12,483] {logging_mixin.py:115} INFO - [2022-05-12 08:05:12,483] {dag.py:2919} INFO - Setting next_dagrun for stop_live_stream_Dag to 2022-05-12T18:00:00+00:00, run_after=2022-05-13T18:00:00+00:00
[2022-05-12 08:05:12,491] {processor.py:161} INFO - Processing /opt/airflow/dags/stop_live_stream_dags.py took 0.076 seconds
[2022-05-12 08:05:43,228] {processor.py:153} INFO - Started process (PID=1932) to work on /opt/airflow/dags/stop_live_stream_dags.py
[2022-05-12 08:05:43,230] {processor.py:641} INFO - Processing file /opt/airflow/dags/stop_live_stream_dags.py for tasks to queue
[2022-05-12 08:05:43,233] {logging_mixin.py:115} INFO - [2022-05-12 08:05:43,233] {dagbag.py:507} INFO - Filling up the DagBag from /opt/airflow/dags/stop_live_stream_dags.py
[2022-05-12 08:05:43,258] {processor.py:651} INFO - DAG(s) dict_keys(['stop_live_stream_Dag']) retrieved from /opt/airflow/dags/stop_live_stream_dags.py
[2022-05-12 08:05:43,279] {logging_mixin.py:115} INFO - [2022-05-12 08:05:43,279] {dag.py:2371} INFO - Sync 1 DAGs
[2022-05-12 08:05:43,293] {logging_mixin.py:115} INFO - [2022-05-12 08:05:43,293] {dag.py:2919} INFO - Setting next_dagrun for stop_live_stream_Dag to 2022-05-12T18:00:00+00:00, run_after=2022-05-13T18:00:00+00:00
[2022-05-12 08:05:43,301] {processor.py:161} INFO - Processing /opt/airflow/dags/stop_live_stream_dags.py took 0.078 seconds
[2022-05-12 08:06:13,988] {processor.py:153} INFO - Started process (PID=2148) to work on /opt/airflow/dags/stop_live_stream_dags.py
[2022-05-12 08:06:13,990] {processor.py:641} INFO - Processing file /opt/airflow/dags/stop_live_stream_dags.py for tasks to queue
[2022-05-12 08:06:13,993] {logging_mixin.py:115} INFO - [2022-05-12 08:06:13,993] {dagbag.py:507} INFO - Filling up the DagBag from /opt/airflow/dags/stop_live_stream_dags.py
[2022-05-12 08:06:14,019] {processor.py:651} INFO - DAG(s) dict_keys(['stop_live_stream_Dag']) retrieved from /opt/airflow/dags/stop_live_stream_dags.py
[2022-05-12 08:06:14,051] {logging_mixin.py:115} INFO - [2022-05-12 08:06:14,051] {dag.py:2371} INFO - Sync 1 DAGs
[2022-05-12 08:06:14,073] {logging_mixin.py:115} INFO - [2022-05-12 08:06:14,072] {dag.py:2919} INFO - Setting next_dagrun for stop_live_stream_Dag to 2022-05-12T18:00:00+00:00, run_after=2022-05-13T18:00:00+00:00
[2022-05-12 08:06:14,085] {processor.py:161} INFO - Processing /opt/airflow/dags/stop_live_stream_dags.py took 0.101 seconds
[2022-05-12 08:06:44,182] {processor.py:153} INFO - Started process (PID=2354) to work on /opt/airflow/dags/stop_live_stream_dags.py
[2022-05-12 08:06:44,184] {processor.py:641} INFO - Processing file /opt/airflow/dags/stop_live_stream_dags.py for tasks to queue
[2022-05-12 08:06:44,186] {logging_mixin.py:115} INFO - [2022-05-12 08:06:44,186] {dagbag.py:507} INFO - Filling up the DagBag from /opt/airflow/dags/stop_live_stream_dags.py
[2022-05-12 08:06:44,211] {processor.py:651} INFO - DAG(s) dict_keys(['stop_live_stream_Dag']) retrieved from /opt/airflow/dags/stop_live_stream_dags.py
[2022-05-12 08:06:44,233] {logging_mixin.py:115} INFO - [2022-05-12 08:06:44,233] {dag.py:2371} INFO - Sync 1 DAGs
[2022-05-12 08:06:44,250] {logging_mixin.py:115} INFO - [2022-05-12 08:06:44,250] {dag.py:2919} INFO - Setting next_dagrun for stop_live_stream_Dag to 2022-05-12T18:00:00+00:00, run_after=2022-05-13T18:00:00+00:00
[2022-05-12 08:06:44,259] {processor.py:161} INFO - Processing /opt/airflow/dags/stop_live_stream_dags.py took 0.083 seconds
[2022-05-12 08:14:16,040] {processor.py:153} INFO - Started process (PID=167) to work on /opt/airflow/dags/stop_live_stream_dags.py
[2022-05-12 08:14:16,042] {processor.py:641} INFO - Processing file /opt/airflow/dags/stop_live_stream_dags.py for tasks to queue
[2022-05-12 08:14:16,044] {logging_mixin.py:115} INFO - [2022-05-12 08:14:16,044] {dagbag.py:507} INFO - Filling up the DagBag from /opt/airflow/dags/stop_live_stream_dags.py
[2022-05-12 08:14:16,077] {processor.py:651} INFO - DAG(s) dict_keys(['stop_live_stream_Dag']) retrieved from /opt/airflow/dags/stop_live_stream_dags.py
[2022-05-12 08:14:16,103] {logging_mixin.py:115} INFO - [2022-05-12 08:14:16,103] {dag.py:2371} INFO - Sync 1 DAGs
[2022-05-12 08:14:16,122] {logging_mixin.py:115} INFO - [2022-05-12 08:14:16,122] {dag.py:2919} INFO - Setting next_dagrun for stop_live_stream_Dag to 2022-05-12T18:00:00+00:00, run_after=2022-05-13T18:00:00+00:00
[2022-05-12 08:14:16,130] {processor.py:161} INFO - Processing /opt/airflow/dags/stop_live_stream_dags.py took 0.094 seconds
[2022-05-12 08:14:46,205] {processor.py:153} INFO - Started process (PID=382) to work on /opt/airflow/dags/stop_live_stream_dags.py
[2022-05-12 08:14:46,207] {processor.py:641} INFO - Processing file /opt/airflow/dags/stop_live_stream_dags.py for tasks to queue
[2022-05-12 08:14:46,209] {logging_mixin.py:115} INFO - [2022-05-12 08:14:46,209] {dagbag.py:507} INFO - Filling up the DagBag from /opt/airflow/dags/stop_live_stream_dags.py
[2022-05-12 08:14:46,239] {processor.py:651} INFO - DAG(s) dict_keys(['stop_live_stream_Dag']) retrieved from /opt/airflow/dags/stop_live_stream_dags.py
[2022-05-12 08:14:46,259] {logging_mixin.py:115} INFO - [2022-05-12 08:14:46,259] {dag.py:2371} INFO - Sync 1 DAGs
[2022-05-12 08:14:46,283] {logging_mixin.py:115} INFO - [2022-05-12 08:14:46,283] {dag.py:2919} INFO - Setting next_dagrun for stop_live_stream_Dag to 2022-05-12T18:00:00+00:00, run_after=2022-05-13T18:00:00+00:00
[2022-05-12 08:14:46,291] {processor.py:161} INFO - Processing /opt/airflow/dags/stop_live_stream_dags.py took 0.090 seconds
[2022-05-12 08:15:17,179] {processor.py:153} INFO - Started process (PID=598) to work on /opt/airflow/dags/stop_live_stream_dags.py
[2022-05-12 08:15:17,183] {processor.py:641} INFO - Processing file /opt/airflow/dags/stop_live_stream_dags.py for tasks to queue
[2022-05-12 08:15:17,185] {logging_mixin.py:115} INFO - [2022-05-12 08:15:17,185] {dagbag.py:507} INFO - Filling up the DagBag from /opt/airflow/dags/stop_live_stream_dags.py
[2022-05-12 08:15:17,206] {processor.py:651} INFO - DAG(s) dict_keys(['stop_live_stream_Dag']) retrieved from /opt/airflow/dags/stop_live_stream_dags.py
[2022-05-12 08:15:17,227] {logging_mixin.py:115} INFO - [2022-05-12 08:15:17,227] {dag.py:2371} INFO - Sync 1 DAGs
[2022-05-12 08:15:17,243] {logging_mixin.py:115} INFO - [2022-05-12 08:15:17,243] {dag.py:2919} INFO - Setting next_dagrun for stop_live_stream_Dag to 2022-05-12T18:00:00+00:00, run_after=2022-05-13T18:00:00+00:00
[2022-05-12 08:15:17,251] {processor.py:161} INFO - Processing /opt/airflow/dags/stop_live_stream_dags.py took 0.076 seconds
[2022-05-12 08:15:47,901] {processor.py:153} INFO - Started process (PID=813) to work on /opt/airflow/dags/stop_live_stream_dags.py
[2022-05-12 08:15:47,908] {processor.py:641} INFO - Processing file /opt/airflow/dags/stop_live_stream_dags.py for tasks to queue
[2022-05-12 08:15:47,910] {logging_mixin.py:115} INFO - [2022-05-12 08:15:47,910] {dagbag.py:507} INFO - Filling up the DagBag from /opt/airflow/dags/stop_live_stream_dags.py
[2022-05-12 08:15:47,936] {processor.py:651} INFO - DAG(s) dict_keys(['stop_live_stream_Dag']) retrieved from /opt/airflow/dags/stop_live_stream_dags.py
[2022-05-12 08:15:47,959] {logging_mixin.py:115} INFO - [2022-05-12 08:15:47,959] {dag.py:2371} INFO - Sync 1 DAGs
[2022-05-12 08:15:47,983] {logging_mixin.py:115} INFO - [2022-05-12 08:15:47,982] {dag.py:2919} INFO - Setting next_dagrun for stop_live_stream_Dag to 2022-05-12T18:00:00+00:00, run_after=2022-05-13T18:00:00+00:00
[2022-05-12 08:15:47,992] {processor.py:161} INFO - Processing /opt/airflow/dags/stop_live_stream_dags.py took 0.095 seconds
