[2022-05-12 07:13:38,956] {processor.py:153} INFO - Started process (PID=176) to work on /opt/airflow/dags/update_country_dag.py
[2022-05-12 07:13:38,957] {processor.py:641} INFO - Processing file /opt/airflow/dags/update_country_dag.py for tasks to queue
[2022-05-12 07:13:38,958] {logging_mixin.py:115} INFO - [2022-05-12 07:13:38,958] {dagbag.py:507} INFO - Filling up the DagBag from /opt/airflow/dags/update_country_dag.py
[2022-05-12 07:13:38,980] {processor.py:651} INFO - DAG(s) dict_keys(['Update_Country_Dag']) retrieved from /opt/airflow/dags/update_country_dag.py
[2022-05-12 07:13:39,040] {logging_mixin.py:115} INFO - [2022-05-12 07:13:39,039] {manager.py:508} INFO - Created Permission View: can edit on DAG:Update_Country_Dag
[2022-05-12 07:13:39,047] {logging_mixin.py:115} INFO - [2022-05-12 07:13:39,047] {manager.py:508} INFO - Created Permission View: can read on DAG:Update_Country_Dag
[2022-05-12 07:13:39,052] {logging_mixin.py:115} INFO - [2022-05-12 07:13:39,052] {manager.py:508} INFO - Created Permission View: can delete on DAG:Update_Country_Dag
[2022-05-12 07:13:39,053] {logging_mixin.py:115} INFO - [2022-05-12 07:13:39,053] {dag.py:2371} INFO - Sync 1 DAGs
[2022-05-12 07:13:39,061] {logging_mixin.py:115} INFO - [2022-05-12 07:13:39,061] {dag.py:2390} INFO - Creating ORM DAG for Update_Country_Dag
[2022-05-12 07:13:39,071] {logging_mixin.py:115} INFO - [2022-05-12 07:13:39,070] {dag.py:2919} INFO - Setting next_dagrun for Update_Country_Dag to 2022-05-12T18:00:00+00:00, run_after=2022-05-13T18:00:00+00:00
[2022-05-12 07:13:39,084] {processor.py:161} INFO - Processing /opt/airflow/dags/update_country_dag.py took 0.131 seconds
[2022-05-12 07:14:09,301] {processor.py:153} INFO - Started process (PID=390) to work on /opt/airflow/dags/update_country_dag.py
[2022-05-12 07:14:09,303] {processor.py:641} INFO - Processing file /opt/airflow/dags/update_country_dag.py for tasks to queue
[2022-05-12 07:14:09,304] {logging_mixin.py:115} INFO - [2022-05-12 07:14:09,304] {dagbag.py:507} INFO - Filling up the DagBag from /opt/airflow/dags/update_country_dag.py
[2022-05-12 07:14:09,317] {processor.py:651} INFO - DAG(s) dict_keys(['Update_Country_Dag']) retrieved from /opt/airflow/dags/update_country_dag.py
[2022-05-12 07:14:09,332] {logging_mixin.py:115} INFO - [2022-05-12 07:14:09,332] {dag.py:2371} INFO - Sync 1 DAGs
[2022-05-12 07:14:09,344] {logging_mixin.py:115} INFO - [2022-05-12 07:14:09,344] {dag.py:2919} INFO - Setting next_dagrun for Update_Country_Dag to 2022-05-12T18:00:00+00:00, run_after=2022-05-13T18:00:00+00:00
[2022-05-12 07:14:09,350] {processor.py:161} INFO - Processing /opt/airflow/dags/update_country_dag.py took 0.052 seconds
[2022-05-12 07:14:40,070] {processor.py:153} INFO - Started process (PID=641) to work on /opt/airflow/dags/update_country_dag.py
[2022-05-12 07:14:40,072] {processor.py:641} INFO - Processing file /opt/airflow/dags/update_country_dag.py for tasks to queue
[2022-05-12 07:14:40,072] {logging_mixin.py:115} INFO - [2022-05-12 07:14:40,072] {dagbag.py:507} INFO - Filling up the DagBag from /opt/airflow/dags/update_country_dag.py
[2022-05-12 07:14:40,083] {processor.py:651} INFO - DAG(s) dict_keys(['Update_Country_Dag']) retrieved from /opt/airflow/dags/update_country_dag.py
[2022-05-12 07:14:40,098] {logging_mixin.py:115} INFO - [2022-05-12 07:14:40,098] {dag.py:2371} INFO - Sync 1 DAGs
[2022-05-12 07:14:40,110] {logging_mixin.py:115} INFO - [2022-05-12 07:14:40,110] {dag.py:2919} INFO - Setting next_dagrun for Update_Country_Dag to 2022-05-12T18:00:00+00:00, run_after=2022-05-13T18:00:00+00:00
[2022-05-12 07:14:40,117] {processor.py:161} INFO - Processing /opt/airflow/dags/update_country_dag.py took 0.048 seconds
[2022-05-12 07:15:10,805] {processor.py:153} INFO - Started process (PID=855) to work on /opt/airflow/dags/update_country_dag.py
[2022-05-12 07:15:10,807] {processor.py:641} INFO - Processing file /opt/airflow/dags/update_country_dag.py for tasks to queue
[2022-05-12 07:15:10,808] {logging_mixin.py:115} INFO - [2022-05-12 07:15:10,808] {dagbag.py:507} INFO - Filling up the DagBag from /opt/airflow/dags/update_country_dag.py
[2022-05-12 07:15:10,820] {processor.py:651} INFO - DAG(s) dict_keys(['Update_Country_Dag']) retrieved from /opt/airflow/dags/update_country_dag.py
[2022-05-12 07:15:10,835] {logging_mixin.py:115} INFO - [2022-05-12 07:15:10,835] {dag.py:2371} INFO - Sync 1 DAGs
[2022-05-12 07:15:10,849] {logging_mixin.py:115} INFO - [2022-05-12 07:15:10,849] {dag.py:2919} INFO - Setting next_dagrun for Update_Country_Dag to 2022-05-12T18:00:00+00:00, run_after=2022-05-13T18:00:00+00:00
[2022-05-12 07:15:10,856] {processor.py:161} INFO - Processing /opt/airflow/dags/update_country_dag.py took 0.053 seconds
[2022-05-12 07:15:41,632] {processor.py:153} INFO - Started process (PID=1060) to work on /opt/airflow/dags/update_country_dag.py
[2022-05-12 07:15:41,633] {processor.py:641} INFO - Processing file /opt/airflow/dags/update_country_dag.py for tasks to queue
[2022-05-12 07:15:41,634] {logging_mixin.py:115} INFO - [2022-05-12 07:15:41,634] {dagbag.py:507} INFO - Filling up the DagBag from /opt/airflow/dags/update_country_dag.py
[2022-05-12 07:15:41,645] {processor.py:651} INFO - DAG(s) dict_keys(['Update_Country_Dag']) retrieved from /opt/airflow/dags/update_country_dag.py
[2022-05-12 07:15:41,660] {logging_mixin.py:115} INFO - [2022-05-12 07:15:41,660] {dag.py:2371} INFO - Sync 1 DAGs
[2022-05-12 07:15:41,672] {logging_mixin.py:115} INFO - [2022-05-12 07:15:41,671] {dag.py:2919} INFO - Setting next_dagrun for Update_Country_Dag to 2022-05-12T18:00:00+00:00, run_after=2022-05-13T18:00:00+00:00
[2022-05-12 07:15:41,678] {processor.py:161} INFO - Processing /opt/airflow/dags/update_country_dag.py took 0.048 seconds
[2022-05-12 07:16:11,943] {processor.py:153} INFO - Started process (PID=1275) to work on /opt/airflow/dags/update_country_dag.py
[2022-05-12 07:16:11,944] {processor.py:641} INFO - Processing file /opt/airflow/dags/update_country_dag.py for tasks to queue
[2022-05-12 07:16:11,945] {logging_mixin.py:115} INFO - [2022-05-12 07:16:11,945] {dagbag.py:507} INFO - Filling up the DagBag from /opt/airflow/dags/update_country_dag.py
[2022-05-12 07:16:11,955] {processor.py:651} INFO - DAG(s) dict_keys(['Update_Country_Dag']) retrieved from /opt/airflow/dags/update_country_dag.py
[2022-05-12 07:16:11,971] {logging_mixin.py:115} INFO - [2022-05-12 07:16:11,971] {dag.py:2371} INFO - Sync 1 DAGs
[2022-05-12 07:16:11,984] {logging_mixin.py:115} INFO - [2022-05-12 07:16:11,984] {dag.py:2919} INFO - Setting next_dagrun for Update_Country_Dag to 2022-05-12T18:00:00+00:00, run_after=2022-05-13T18:00:00+00:00
[2022-05-12 07:16:11,990] {processor.py:161} INFO - Processing /opt/airflow/dags/update_country_dag.py took 0.049 seconds
[2022-05-12 07:16:42,937] {processor.py:153} INFO - Started process (PID=1504) to work on /opt/airflow/dags/update_country_dag.py
[2022-05-12 07:16:42,939] {processor.py:641} INFO - Processing file /opt/airflow/dags/update_country_dag.py for tasks to queue
[2022-05-12 07:16:42,940] {logging_mixin.py:115} INFO - [2022-05-12 07:16:42,940] {dagbag.py:507} INFO - Filling up the DagBag from /opt/airflow/dags/update_country_dag.py
[2022-05-12 07:16:42,953] {processor.py:651} INFO - DAG(s) dict_keys(['Update_Country_Dag']) retrieved from /opt/airflow/dags/update_country_dag.py
[2022-05-12 07:16:42,970] {logging_mixin.py:115} INFO - [2022-05-12 07:16:42,970] {dag.py:2371} INFO - Sync 1 DAGs
[2022-05-12 07:16:42,985] {logging_mixin.py:115} INFO - [2022-05-12 07:16:42,985] {dag.py:2919} INFO - Setting next_dagrun for Update_Country_Dag to 2022-05-12T18:00:00+00:00, run_after=2022-05-13T18:00:00+00:00
[2022-05-12 07:16:42,994] {processor.py:161} INFO - Processing /opt/airflow/dags/update_country_dag.py took 0.058 seconds
[2022-05-12 07:17:13,720] {processor.py:153} INFO - Started process (PID=1720) to work on /opt/airflow/dags/update_country_dag.py
[2022-05-12 07:17:13,721] {processor.py:641} INFO - Processing file /opt/airflow/dags/update_country_dag.py for tasks to queue
[2022-05-12 07:17:13,722] {logging_mixin.py:115} INFO - [2022-05-12 07:17:13,722] {dagbag.py:507} INFO - Filling up the DagBag from /opt/airflow/dags/update_country_dag.py
[2022-05-12 07:17:13,733] {processor.py:651} INFO - DAG(s) dict_keys(['Update_Country_Dag']) retrieved from /opt/airflow/dags/update_country_dag.py
[2022-05-12 07:17:13,747] {logging_mixin.py:115} INFO - [2022-05-12 07:17:13,747] {dag.py:2371} INFO - Sync 1 DAGs
[2022-05-12 07:17:13,759] {logging_mixin.py:115} INFO - [2022-05-12 07:17:13,759] {dag.py:2919} INFO - Setting next_dagrun for Update_Country_Dag to 2022-05-12T18:00:00+00:00, run_after=2022-05-13T18:00:00+00:00
[2022-05-12 07:17:13,765] {processor.py:161} INFO - Processing /opt/airflow/dags/update_country_dag.py took 0.047 seconds
[2022-05-12 07:17:44,531] {processor.py:153} INFO - Started process (PID=1936) to work on /opt/airflow/dags/update_country_dag.py
[2022-05-12 07:17:44,533] {processor.py:641} INFO - Processing file /opt/airflow/dags/update_country_dag.py for tasks to queue
[2022-05-12 07:17:44,534] {logging_mixin.py:115} INFO - [2022-05-12 07:17:44,534] {dagbag.py:507} INFO - Filling up the DagBag from /opt/airflow/dags/update_country_dag.py
[2022-05-12 07:17:44,549] {processor.py:651} INFO - DAG(s) dict_keys(['Update_Country_Dag']) retrieved from /opt/airflow/dags/update_country_dag.py
[2022-05-12 07:17:44,568] {logging_mixin.py:115} INFO - [2022-05-12 07:17:44,568] {dag.py:2371} INFO - Sync 1 DAGs
[2022-05-12 07:17:44,583] {logging_mixin.py:115} INFO - [2022-05-12 07:17:44,583] {dag.py:2919} INFO - Setting next_dagrun for Update_Country_Dag to 2022-05-12T18:00:00+00:00, run_after=2022-05-13T18:00:00+00:00
[2022-05-12 07:17:44,591] {processor.py:161} INFO - Processing /opt/airflow/dags/update_country_dag.py took 0.062 seconds
[2022-05-12 07:18:15,304] {processor.py:153} INFO - Started process (PID=2153) to work on /opt/airflow/dags/update_country_dag.py
[2022-05-12 07:18:15,305] {processor.py:641} INFO - Processing file /opt/airflow/dags/update_country_dag.py for tasks to queue
[2022-05-12 07:18:15,306] {logging_mixin.py:115} INFO - [2022-05-12 07:18:15,306] {dagbag.py:507} INFO - Filling up the DagBag from /opt/airflow/dags/update_country_dag.py
[2022-05-12 07:18:15,316] {processor.py:651} INFO - DAG(s) dict_keys(['Update_Country_Dag']) retrieved from /opt/airflow/dags/update_country_dag.py
[2022-05-12 07:18:15,332] {logging_mixin.py:115} INFO - [2022-05-12 07:18:15,332] {dag.py:2371} INFO - Sync 1 DAGs
[2022-05-12 07:18:15,343] {logging_mixin.py:115} INFO - [2022-05-12 07:18:15,343] {dag.py:2919} INFO - Setting next_dagrun for Update_Country_Dag to 2022-05-12T18:00:00+00:00, run_after=2022-05-13T18:00:00+00:00
[2022-05-12 07:18:15,349] {processor.py:161} INFO - Processing /opt/airflow/dags/update_country_dag.py took 0.047 seconds
[2022-05-12 07:18:46,130] {processor.py:153} INFO - Started process (PID=2357) to work on /opt/airflow/dags/update_country_dag.py
[2022-05-12 07:18:46,131] {processor.py:641} INFO - Processing file /opt/airflow/dags/update_country_dag.py for tasks to queue
[2022-05-12 07:18:46,132] {logging_mixin.py:115} INFO - [2022-05-12 07:18:46,132] {dagbag.py:507} INFO - Filling up the DagBag from /opt/airflow/dags/update_country_dag.py
[2022-05-12 07:18:46,142] {processor.py:651} INFO - DAG(s) dict_keys(['Update_Country_Dag']) retrieved from /opt/airflow/dags/update_country_dag.py
[2022-05-12 07:18:46,157] {logging_mixin.py:115} INFO - [2022-05-12 07:18:46,157] {dag.py:2371} INFO - Sync 1 DAGs
[2022-05-12 07:18:46,169] {logging_mixin.py:115} INFO - [2022-05-12 07:18:46,169] {dag.py:2919} INFO - Setting next_dagrun for Update_Country_Dag to 2022-05-12T18:00:00+00:00, run_after=2022-05-13T18:00:00+00:00
[2022-05-12 07:18:46,174] {processor.py:161} INFO - Processing /opt/airflow/dags/update_country_dag.py took 0.047 seconds
[2022-05-12 07:19:16,823] {processor.py:153} INFO - Started process (PID=2573) to work on /opt/airflow/dags/update_country_dag.py
[2022-05-12 07:19:16,824] {processor.py:641} INFO - Processing file /opt/airflow/dags/update_country_dag.py for tasks to queue
[2022-05-12 07:19:16,825] {logging_mixin.py:115} INFO - [2022-05-12 07:19:16,825] {dagbag.py:507} INFO - Filling up the DagBag from /opt/airflow/dags/update_country_dag.py
[2022-05-12 07:19:16,837] {processor.py:651} INFO - DAG(s) dict_keys(['Update_Country_Dag']) retrieved from /opt/airflow/dags/update_country_dag.py
[2022-05-12 07:19:16,851] {logging_mixin.py:115} INFO - [2022-05-12 07:19:16,851] {dag.py:2371} INFO - Sync 1 DAGs
[2022-05-12 07:19:16,862] {logging_mixin.py:115} INFO - [2022-05-12 07:19:16,862] {dag.py:2919} INFO - Setting next_dagrun for Update_Country_Dag to 2022-05-12T18:00:00+00:00, run_after=2022-05-13T18:00:00+00:00
[2022-05-12 07:19:16,868] {processor.py:161} INFO - Processing /opt/airflow/dags/update_country_dag.py took 0.047 seconds
[2022-05-12 07:19:47,550] {processor.py:153} INFO - Started process (PID=2789) to work on /opt/airflow/dags/update_country_dag.py
[2022-05-12 07:19:47,551] {processor.py:641} INFO - Processing file /opt/airflow/dags/update_country_dag.py for tasks to queue
[2022-05-12 07:19:47,552] {logging_mixin.py:115} INFO - [2022-05-12 07:19:47,552] {dagbag.py:507} INFO - Filling up the DagBag from /opt/airflow/dags/update_country_dag.py
[2022-05-12 07:19:47,564] {processor.py:651} INFO - DAG(s) dict_keys(['Update_Country_Dag']) retrieved from /opt/airflow/dags/update_country_dag.py
[2022-05-12 07:19:47,580] {logging_mixin.py:115} INFO - [2022-05-12 07:19:47,580] {dag.py:2371} INFO - Sync 1 DAGs
[2022-05-12 07:19:47,593] {logging_mixin.py:115} INFO - [2022-05-12 07:19:47,593] {dag.py:2919} INFO - Setting next_dagrun for Update_Country_Dag to 2022-05-12T18:00:00+00:00, run_after=2022-05-13T18:00:00+00:00
[2022-05-12 07:19:47,600] {processor.py:161} INFO - Processing /opt/airflow/dags/update_country_dag.py took 0.053 seconds
[2022-05-12 07:20:18,356] {processor.py:153} INFO - Started process (PID=3009) to work on /opt/airflow/dags/update_country_dag.py
[2022-05-12 07:20:18,357] {processor.py:641} INFO - Processing file /opt/airflow/dags/update_country_dag.py for tasks to queue
[2022-05-12 07:20:18,358] {logging_mixin.py:115} INFO - [2022-05-12 07:20:18,358] {dagbag.py:507} INFO - Filling up the DagBag from /opt/airflow/dags/update_country_dag.py
[2022-05-12 07:20:18,369] {processor.py:651} INFO - DAG(s) dict_keys(['Update_Country_Dag']) retrieved from /opt/airflow/dags/update_country_dag.py
[2022-05-12 07:20:18,385] {logging_mixin.py:115} INFO - [2022-05-12 07:20:18,385] {dag.py:2371} INFO - Sync 1 DAGs
[2022-05-12 07:20:18,397] {logging_mixin.py:115} INFO - [2022-05-12 07:20:18,397] {dag.py:2919} INFO - Setting next_dagrun for Update_Country_Dag to 2022-05-12T18:00:00+00:00, run_after=2022-05-13T18:00:00+00:00
[2022-05-12 07:20:18,403] {processor.py:161} INFO - Processing /opt/airflow/dags/update_country_dag.py took 0.050 seconds
[2022-05-12 07:20:49,138] {processor.py:153} INFO - Started process (PID=3226) to work on /opt/airflow/dags/update_country_dag.py
[2022-05-12 07:20:49,139] {processor.py:641} INFO - Processing file /opt/airflow/dags/update_country_dag.py for tasks to queue
[2022-05-12 07:20:49,140] {logging_mixin.py:115} INFO - [2022-05-12 07:20:49,140] {dagbag.py:507} INFO - Filling up the DagBag from /opt/airflow/dags/update_country_dag.py
[2022-05-12 07:20:49,154] {processor.py:651} INFO - DAG(s) dict_keys(['Update_Country_Dag']) retrieved from /opt/airflow/dags/update_country_dag.py
[2022-05-12 07:20:49,170] {logging_mixin.py:115} INFO - [2022-05-12 07:20:49,170] {dag.py:2371} INFO - Sync 1 DAGs
[2022-05-12 07:20:49,184] {logging_mixin.py:115} INFO - [2022-05-12 07:20:49,184] {dag.py:2919} INFO - Setting next_dagrun for Update_Country_Dag to 2022-05-12T18:00:00+00:00, run_after=2022-05-13T18:00:00+00:00
[2022-05-12 07:20:49,191] {processor.py:161} INFO - Processing /opt/airflow/dags/update_country_dag.py took 0.055 seconds
[2022-05-12 07:21:20,067] {processor.py:153} INFO - Started process (PID=3441) to work on /opt/airflow/dags/update_country_dag.py
[2022-05-12 07:21:20,068] {processor.py:641} INFO - Processing file /opt/airflow/dags/update_country_dag.py for tasks to queue
[2022-05-12 07:21:20,070] {logging_mixin.py:115} INFO - [2022-05-12 07:21:20,070] {dagbag.py:507} INFO - Filling up the DagBag from /opt/airflow/dags/update_country_dag.py
[2022-05-12 07:21:20,082] {processor.py:651} INFO - DAG(s) dict_keys(['Update_Country_Dag']) retrieved from /opt/airflow/dags/update_country_dag.py
[2022-05-12 07:21:20,098] {logging_mixin.py:115} INFO - [2022-05-12 07:21:20,098] {dag.py:2371} INFO - Sync 1 DAGs
[2022-05-12 07:21:20,110] {logging_mixin.py:115} INFO - [2022-05-12 07:21:20,110] {dag.py:2919} INFO - Setting next_dagrun for Update_Country_Dag to 2022-05-12T18:00:00+00:00, run_after=2022-05-13T18:00:00+00:00
[2022-05-12 07:21:20,117] {processor.py:161} INFO - Processing /opt/airflow/dags/update_country_dag.py took 0.052 seconds
[2022-05-12 07:21:50,543] {processor.py:153} INFO - Started process (PID=3657) to work on /opt/airflow/dags/update_country_dag.py
[2022-05-12 07:21:50,544] {processor.py:641} INFO - Processing file /opt/airflow/dags/update_country_dag.py for tasks to queue
[2022-05-12 07:21:50,545] {logging_mixin.py:115} INFO - [2022-05-12 07:21:50,545] {dagbag.py:507} INFO - Filling up the DagBag from /opt/airflow/dags/update_country_dag.py
[2022-05-12 07:21:50,556] {processor.py:651} INFO - DAG(s) dict_keys(['Update_Country_Dag']) retrieved from /opt/airflow/dags/update_country_dag.py
[2022-05-12 07:21:50,571] {logging_mixin.py:115} INFO - [2022-05-12 07:21:50,571] {dag.py:2371} INFO - Sync 1 DAGs
[2022-05-12 07:21:50,582] {logging_mixin.py:115} INFO - [2022-05-12 07:21:50,582] {dag.py:2919} INFO - Setting next_dagrun for Update_Country_Dag to 2022-05-12T18:00:00+00:00, run_after=2022-05-13T18:00:00+00:00
[2022-05-12 07:21:50,589] {processor.py:161} INFO - Processing /opt/airflow/dags/update_country_dag.py took 0.048 seconds
[2022-05-12 07:22:21,394] {processor.py:153} INFO - Started process (PID=3871) to work on /opt/airflow/dags/update_country_dag.py
[2022-05-12 07:22:21,395] {processor.py:641} INFO - Processing file /opt/airflow/dags/update_country_dag.py for tasks to queue
[2022-05-12 07:22:21,396] {logging_mixin.py:115} INFO - [2022-05-12 07:22:21,396] {dagbag.py:507} INFO - Filling up the DagBag from /opt/airflow/dags/update_country_dag.py
[2022-05-12 07:22:21,407] {processor.py:651} INFO - DAG(s) dict_keys(['Update_Country_Dag']) retrieved from /opt/airflow/dags/update_country_dag.py
[2022-05-12 07:22:21,424] {logging_mixin.py:115} INFO - [2022-05-12 07:22:21,424] {dag.py:2371} INFO - Sync 1 DAGs
[2022-05-12 07:22:21,438] {logging_mixin.py:115} INFO - [2022-05-12 07:22:21,438] {dag.py:2919} INFO - Setting next_dagrun for Update_Country_Dag to 2022-05-12T18:00:00+00:00, run_after=2022-05-13T18:00:00+00:00
[2022-05-12 07:22:21,446] {processor.py:161} INFO - Processing /opt/airflow/dags/update_country_dag.py took 0.054 seconds
[2022-05-12 07:22:52,241] {processor.py:153} INFO - Started process (PID=4079) to work on /opt/airflow/dags/update_country_dag.py
[2022-05-12 07:22:52,242] {processor.py:641} INFO - Processing file /opt/airflow/dags/update_country_dag.py for tasks to queue
[2022-05-12 07:22:52,243] {logging_mixin.py:115} INFO - [2022-05-12 07:22:52,243] {dagbag.py:507} INFO - Filling up the DagBag from /opt/airflow/dags/update_country_dag.py
[2022-05-12 07:22:52,256] {processor.py:651} INFO - DAG(s) dict_keys(['Update_Country_Dag']) retrieved from /opt/airflow/dags/update_country_dag.py
[2022-05-12 07:22:52,277] {logging_mixin.py:115} INFO - [2022-05-12 07:22:52,277] {dag.py:2371} INFO - Sync 1 DAGs
[2022-05-12 07:22:52,294] {logging_mixin.py:115} INFO - [2022-05-12 07:22:52,294] {dag.py:2919} INFO - Setting next_dagrun for Update_Country_Dag to 2022-05-12T18:00:00+00:00, run_after=2022-05-13T18:00:00+00:00
[2022-05-12 07:22:52,312] {processor.py:161} INFO - Processing /opt/airflow/dags/update_country_dag.py took 0.074 seconds
[2022-05-12 07:23:22,838] {processor.py:153} INFO - Started process (PID=4294) to work on /opt/airflow/dags/update_country_dag.py
[2022-05-12 07:23:22,839] {processor.py:641} INFO - Processing file /opt/airflow/dags/update_country_dag.py for tasks to queue
[2022-05-12 07:23:22,840] {logging_mixin.py:115} INFO - [2022-05-12 07:23:22,840] {dagbag.py:507} INFO - Filling up the DagBag from /opt/airflow/dags/update_country_dag.py
[2022-05-12 07:23:22,851] {processor.py:651} INFO - DAG(s) dict_keys(['Update_Country_Dag']) retrieved from /opt/airflow/dags/update_country_dag.py
[2022-05-12 07:23:22,866] {logging_mixin.py:115} INFO - [2022-05-12 07:23:22,866] {dag.py:2371} INFO - Sync 1 DAGs
[2022-05-12 07:23:22,881] {logging_mixin.py:115} INFO - [2022-05-12 07:23:22,881] {dag.py:2919} INFO - Setting next_dagrun for Update_Country_Dag to 2022-05-12T18:00:00+00:00, run_after=2022-05-13T18:00:00+00:00
[2022-05-12 07:23:22,887] {processor.py:161} INFO - Processing /opt/airflow/dags/update_country_dag.py took 0.051 seconds
[2022-05-12 07:23:53,732] {processor.py:153} INFO - Started process (PID=4509) to work on /opt/airflow/dags/update_country_dag.py
[2022-05-12 07:23:53,734] {processor.py:641} INFO - Processing file /opt/airflow/dags/update_country_dag.py for tasks to queue
[2022-05-12 07:23:53,735] {logging_mixin.py:115} INFO - [2022-05-12 07:23:53,735] {dagbag.py:507} INFO - Filling up the DagBag from /opt/airflow/dags/update_country_dag.py
[2022-05-12 07:23:53,746] {processor.py:651} INFO - DAG(s) dict_keys(['Update_Country_Dag']) retrieved from /opt/airflow/dags/update_country_dag.py
[2022-05-12 07:23:53,762] {logging_mixin.py:115} INFO - [2022-05-12 07:23:53,762] {dag.py:2371} INFO - Sync 1 DAGs
[2022-05-12 07:23:53,775] {logging_mixin.py:115} INFO - [2022-05-12 07:23:53,775] {dag.py:2919} INFO - Setting next_dagrun for Update_Country_Dag to 2022-05-12T18:00:00+00:00, run_after=2022-05-13T18:00:00+00:00
[2022-05-12 07:23:53,781] {processor.py:161} INFO - Processing /opt/airflow/dags/update_country_dag.py took 0.051 seconds
[2022-05-12 07:24:24,557] {processor.py:153} INFO - Started process (PID=4725) to work on /opt/airflow/dags/update_country_dag.py
[2022-05-12 07:24:24,558] {processor.py:641} INFO - Processing file /opt/airflow/dags/update_country_dag.py for tasks to queue
[2022-05-12 07:24:24,559] {logging_mixin.py:115} INFO - [2022-05-12 07:24:24,559] {dagbag.py:507} INFO - Filling up the DagBag from /opt/airflow/dags/update_country_dag.py
[2022-05-12 07:24:24,570] {processor.py:651} INFO - DAG(s) dict_keys(['Update_Country_Dag']) retrieved from /opt/airflow/dags/update_country_dag.py
[2022-05-12 07:24:24,585] {logging_mixin.py:115} INFO - [2022-05-12 07:24:24,585] {dag.py:2371} INFO - Sync 1 DAGs
[2022-05-12 07:24:24,597] {logging_mixin.py:115} INFO - [2022-05-12 07:24:24,597] {dag.py:2919} INFO - Setting next_dagrun for Update_Country_Dag to 2022-05-12T18:00:00+00:00, run_after=2022-05-13T18:00:00+00:00
[2022-05-12 07:24:24,604] {processor.py:161} INFO - Processing /opt/airflow/dags/update_country_dag.py took 0.049 seconds
[2022-05-12 07:24:55,411] {processor.py:153} INFO - Started process (PID=4941) to work on /opt/airflow/dags/update_country_dag.py
[2022-05-12 07:24:55,412] {processor.py:641} INFO - Processing file /opt/airflow/dags/update_country_dag.py for tasks to queue
[2022-05-12 07:24:55,412] {logging_mixin.py:115} INFO - [2022-05-12 07:24:55,412] {dagbag.py:507} INFO - Filling up the DagBag from /opt/airflow/dags/update_country_dag.py
[2022-05-12 07:24:55,422] {processor.py:651} INFO - DAG(s) dict_keys(['Update_Country_Dag']) retrieved from /opt/airflow/dags/update_country_dag.py
[2022-05-12 07:24:55,438] {logging_mixin.py:115} INFO - [2022-05-12 07:24:55,437] {dag.py:2371} INFO - Sync 1 DAGs
[2022-05-12 07:24:55,449] {logging_mixin.py:115} INFO - [2022-05-12 07:24:55,449] {dag.py:2919} INFO - Setting next_dagrun for Update_Country_Dag to 2022-05-12T18:00:00+00:00, run_after=2022-05-13T18:00:00+00:00
[2022-05-12 07:24:55,456] {processor.py:161} INFO - Processing /opt/airflow/dags/update_country_dag.py took 0.047 seconds
[2022-05-12 07:25:26,242] {processor.py:153} INFO - Started process (PID=5159) to work on /opt/airflow/dags/update_country_dag.py
[2022-05-12 07:25:26,243] {processor.py:641} INFO - Processing file /opt/airflow/dags/update_country_dag.py for tasks to queue
[2022-05-12 07:25:26,244] {logging_mixin.py:115} INFO - [2022-05-12 07:25:26,244] {dagbag.py:507} INFO - Filling up the DagBag from /opt/airflow/dags/update_country_dag.py
[2022-05-12 07:25:26,256] {processor.py:651} INFO - DAG(s) dict_keys(['Update_Country_Dag']) retrieved from /opt/airflow/dags/update_country_dag.py
[2022-05-12 07:25:26,270] {logging_mixin.py:115} INFO - [2022-05-12 07:25:26,270] {dag.py:2371} INFO - Sync 1 DAGs
[2022-05-12 07:25:26,283] {logging_mixin.py:115} INFO - [2022-05-12 07:25:26,283] {dag.py:2919} INFO - Setting next_dagrun for Update_Country_Dag to 2022-05-12T18:00:00+00:00, run_after=2022-05-13T18:00:00+00:00
[2022-05-12 07:25:26,289] {processor.py:161} INFO - Processing /opt/airflow/dags/update_country_dag.py took 0.049 seconds
[2022-05-12 07:25:56,940] {processor.py:153} INFO - Started process (PID=5378) to work on /opt/airflow/dags/update_country_dag.py
[2022-05-12 07:25:56,941] {processor.py:641} INFO - Processing file /opt/airflow/dags/update_country_dag.py for tasks to queue
[2022-05-12 07:25:56,942] {logging_mixin.py:115} INFO - [2022-05-12 07:25:56,942] {dagbag.py:507} INFO - Filling up the DagBag from /opt/airflow/dags/update_country_dag.py
[2022-05-12 07:25:56,953] {processor.py:651} INFO - DAG(s) dict_keys(['Update_Country_Dag']) retrieved from /opt/airflow/dags/update_country_dag.py
[2022-05-12 07:25:56,969] {logging_mixin.py:115} INFO - [2022-05-12 07:25:56,969] {dag.py:2371} INFO - Sync 1 DAGs
[2022-05-12 07:25:56,982] {logging_mixin.py:115} INFO - [2022-05-12 07:25:56,982] {dag.py:2919} INFO - Setting next_dagrun for Update_Country_Dag to 2022-05-12T18:00:00+00:00, run_after=2022-05-13T18:00:00+00:00
[2022-05-12 07:25:56,990] {processor.py:161} INFO - Processing /opt/airflow/dags/update_country_dag.py took 0.052 seconds
[2022-05-12 07:26:27,772] {processor.py:153} INFO - Started process (PID=5585) to work on /opt/airflow/dags/update_country_dag.py
[2022-05-12 07:26:27,773] {processor.py:641} INFO - Processing file /opt/airflow/dags/update_country_dag.py for tasks to queue
[2022-05-12 07:26:27,774] {logging_mixin.py:115} INFO - [2022-05-12 07:26:27,774] {dagbag.py:507} INFO - Filling up the DagBag from /opt/airflow/dags/update_country_dag.py
[2022-05-12 07:26:27,785] {processor.py:651} INFO - DAG(s) dict_keys(['Update_Country_Dag']) retrieved from /opt/airflow/dags/update_country_dag.py
[2022-05-12 07:26:27,801] {logging_mixin.py:115} INFO - [2022-05-12 07:26:27,801] {dag.py:2371} INFO - Sync 1 DAGs
[2022-05-12 07:26:27,814] {logging_mixin.py:115} INFO - [2022-05-12 07:26:27,814] {dag.py:2919} INFO - Setting next_dagrun for Update_Country_Dag to 2022-05-12T18:00:00+00:00, run_after=2022-05-13T18:00:00+00:00
[2022-05-12 07:26:27,821] {processor.py:161} INFO - Processing /opt/airflow/dags/update_country_dag.py took 0.051 seconds
[2022-05-12 07:26:57,987] {processor.py:153} INFO - Started process (PID=5800) to work on /opt/airflow/dags/update_country_dag.py
[2022-05-12 07:26:57,988] {processor.py:641} INFO - Processing file /opt/airflow/dags/update_country_dag.py for tasks to queue
[2022-05-12 07:26:57,990] {logging_mixin.py:115} INFO - [2022-05-12 07:26:57,990] {dagbag.py:507} INFO - Filling up the DagBag from /opt/airflow/dags/update_country_dag.py
[2022-05-12 07:26:58,005] {processor.py:651} INFO - DAG(s) dict_keys(['Update_Country_Dag']) retrieved from /opt/airflow/dags/update_country_dag.py
[2022-05-12 07:26:58,024] {logging_mixin.py:115} INFO - [2022-05-12 07:26:58,024] {dag.py:2371} INFO - Sync 1 DAGs
[2022-05-12 07:26:58,039] {logging_mixin.py:115} INFO - [2022-05-12 07:26:58,039] {dag.py:2919} INFO - Setting next_dagrun for Update_Country_Dag to 2022-05-12T18:00:00+00:00, run_after=2022-05-13T18:00:00+00:00
[2022-05-12 07:26:58,047] {processor.py:161} INFO - Processing /opt/airflow/dags/update_country_dag.py took 0.062 seconds
[2022-05-12 07:39:19,309] {processor.py:153} INFO - Started process (PID=178) to work on /opt/airflow/dags/update_country_dag.py
[2022-05-12 07:39:19,311] {processor.py:641} INFO - Processing file /opt/airflow/dags/update_country_dag.py for tasks to queue
[2022-05-12 07:39:19,313] {logging_mixin.py:115} INFO - [2022-05-12 07:39:19,313] {dagbag.py:507} INFO - Filling up the DagBag from /opt/airflow/dags/update_country_dag.py
[2022-05-12 07:39:19,329] {processor.py:651} INFO - DAG(s) dict_keys(['Update_Country_Dag']) retrieved from /opt/airflow/dags/update_country_dag.py
[2022-05-12 07:39:19,398] {logging_mixin.py:115} INFO - [2022-05-12 07:39:19,398] {manager.py:508} INFO - Created Permission View: can delete on DAG:Update_Country_Dag
[2022-05-12 07:39:19,408] {logging_mixin.py:115} INFO - [2022-05-12 07:39:19,408] {manager.py:508} INFO - Created Permission View: can read on DAG:Update_Country_Dag
[2022-05-12 07:39:19,418] {logging_mixin.py:115} INFO - [2022-05-12 07:39:19,418] {manager.py:508} INFO - Created Permission View: can edit on DAG:Update_Country_Dag
[2022-05-12 07:39:19,421] {logging_mixin.py:115} INFO - [2022-05-12 07:39:19,421] {dag.py:2371} INFO - Sync 1 DAGs
[2022-05-12 07:39:19,431] {logging_mixin.py:115} INFO - [2022-05-12 07:39:19,431] {dag.py:2390} INFO - Creating ORM DAG for Update_Country_Dag
[2022-05-12 07:39:19,447] {logging_mixin.py:115} INFO - [2022-05-12 07:39:19,446] {dag.py:2919} INFO - Setting next_dagrun for Update_Country_Dag to 2022-05-12T18:00:00+00:00, run_after=2022-05-13T18:00:00+00:00
[2022-05-12 07:39:19,466] {processor.py:161} INFO - Processing /opt/airflow/dags/update_country_dag.py took 0.159 seconds
[2022-05-12 07:39:50,053] {processor.py:153} INFO - Started process (PID=400) to work on /opt/airflow/dags/update_country_dag.py
[2022-05-12 07:39:50,054] {processor.py:641} INFO - Processing file /opt/airflow/dags/update_country_dag.py for tasks to queue
[2022-05-12 07:39:50,056] {logging_mixin.py:115} INFO - [2022-05-12 07:39:50,055] {dagbag.py:507} INFO - Filling up the DagBag from /opt/airflow/dags/update_country_dag.py
[2022-05-12 07:39:50,066] {processor.py:651} INFO - DAG(s) dict_keys(['Update_Country_Dag']) retrieved from /opt/airflow/dags/update_country_dag.py
[2022-05-12 07:39:50,080] {logging_mixin.py:115} INFO - [2022-05-12 07:39:50,080] {dag.py:2371} INFO - Sync 1 DAGs
[2022-05-12 07:39:50,094] {logging_mixin.py:115} INFO - [2022-05-12 07:39:50,094] {dag.py:2919} INFO - Setting next_dagrun for Update_Country_Dag to 2022-05-12T18:00:00+00:00, run_after=2022-05-13T18:00:00+00:00
[2022-05-12 07:39:50,100] {processor.py:161} INFO - Processing /opt/airflow/dags/update_country_dag.py took 0.050 seconds
[2022-05-12 07:40:20,907] {processor.py:153} INFO - Started process (PID=621) to work on /opt/airflow/dags/update_country_dag.py
[2022-05-12 07:40:20,908] {processor.py:641} INFO - Processing file /opt/airflow/dags/update_country_dag.py for tasks to queue
[2022-05-12 07:40:20,909] {logging_mixin.py:115} INFO - [2022-05-12 07:40:20,909] {dagbag.py:507} INFO - Filling up the DagBag from /opt/airflow/dags/update_country_dag.py
[2022-05-12 07:40:20,921] {processor.py:651} INFO - DAG(s) dict_keys(['Update_Country_Dag']) retrieved from /opt/airflow/dags/update_country_dag.py
[2022-05-12 07:40:20,935] {logging_mixin.py:115} INFO - [2022-05-12 07:40:20,935] {dag.py:2371} INFO - Sync 1 DAGs
[2022-05-12 07:40:20,949] {logging_mixin.py:115} INFO - [2022-05-12 07:40:20,949] {dag.py:2919} INFO - Setting next_dagrun for Update_Country_Dag to 2022-05-12T18:00:00+00:00, run_after=2022-05-13T18:00:00+00:00
[2022-05-12 07:40:20,955] {processor.py:161} INFO - Processing /opt/airflow/dags/update_country_dag.py took 0.051 seconds
[2022-05-12 07:40:51,790] {processor.py:153} INFO - Started process (PID=848) to work on /opt/airflow/dags/update_country_dag.py
[2022-05-12 07:40:51,792] {processor.py:641} INFO - Processing file /opt/airflow/dags/update_country_dag.py for tasks to queue
[2022-05-12 07:40:51,793] {logging_mixin.py:115} INFO - [2022-05-12 07:40:51,793] {dagbag.py:507} INFO - Filling up the DagBag from /opt/airflow/dags/update_country_dag.py
[2022-05-12 07:40:51,807] {processor.py:651} INFO - DAG(s) dict_keys(['Update_Country_Dag']) retrieved from /opt/airflow/dags/update_country_dag.py
[2022-05-12 07:40:51,825] {logging_mixin.py:115} INFO - [2022-05-12 07:40:51,825] {dag.py:2371} INFO - Sync 1 DAGs
[2022-05-12 07:40:51,841] {logging_mixin.py:115} INFO - [2022-05-12 07:40:51,841] {dag.py:2919} INFO - Setting next_dagrun for Update_Country_Dag to 2022-05-12T18:00:00+00:00, run_after=2022-05-13T18:00:00+00:00
[2022-05-12 07:40:51,852] {processor.py:161} INFO - Processing /opt/airflow/dags/update_country_dag.py took 0.065 seconds
[2022-05-12 07:41:22,769] {processor.py:153} INFO - Started process (PID=1065) to work on /opt/airflow/dags/update_country_dag.py
[2022-05-12 07:41:22,770] {processor.py:641} INFO - Processing file /opt/airflow/dags/update_country_dag.py for tasks to queue
[2022-05-12 07:41:22,771] {logging_mixin.py:115} INFO - [2022-05-12 07:41:22,771] {dagbag.py:507} INFO - Filling up the DagBag from /opt/airflow/dags/update_country_dag.py
[2022-05-12 07:41:22,782] {processor.py:651} INFO - DAG(s) dict_keys(['Update_Country_Dag']) retrieved from /opt/airflow/dags/update_country_dag.py
[2022-05-12 07:41:22,796] {logging_mixin.py:115} INFO - [2022-05-12 07:41:22,796] {dag.py:2371} INFO - Sync 1 DAGs
[2022-05-12 07:41:22,810] {logging_mixin.py:115} INFO - [2022-05-12 07:41:22,810] {dag.py:2919} INFO - Setting next_dagrun for Update_Country_Dag to 2022-05-12T18:00:00+00:00, run_after=2022-05-13T18:00:00+00:00
[2022-05-12 07:41:22,816] {processor.py:161} INFO - Processing /opt/airflow/dags/update_country_dag.py took 0.049 seconds
[2022-05-12 07:41:53,845] {processor.py:153} INFO - Started process (PID=1285) to work on /opt/airflow/dags/update_country_dag.py
[2022-05-12 07:41:53,846] {processor.py:641} INFO - Processing file /opt/airflow/dags/update_country_dag.py for tasks to queue
[2022-05-12 07:41:53,847] {logging_mixin.py:115} INFO - [2022-05-12 07:41:53,847] {dagbag.py:507} INFO - Filling up the DagBag from /opt/airflow/dags/update_country_dag.py
[2022-05-12 07:41:53,858] {processor.py:651} INFO - DAG(s) dict_keys(['Update_Country_Dag']) retrieved from /opt/airflow/dags/update_country_dag.py
[2022-05-12 07:41:53,874] {logging_mixin.py:115} INFO - [2022-05-12 07:41:53,874] {dag.py:2371} INFO - Sync 1 DAGs
[2022-05-12 07:41:53,888] {logging_mixin.py:115} INFO - [2022-05-12 07:41:53,888] {dag.py:2919} INFO - Setting next_dagrun for Update_Country_Dag to 2022-05-12T18:00:00+00:00, run_after=2022-05-13T18:00:00+00:00
[2022-05-12 07:41:53,896] {processor.py:161} INFO - Processing /opt/airflow/dags/update_country_dag.py took 0.054 seconds
[2022-05-12 07:45:05,665] {processor.py:153} INFO - Started process (PID=177) to work on /opt/airflow/dags/update_country_dag.py
[2022-05-12 07:45:05,666] {processor.py:641} INFO - Processing file /opt/airflow/dags/update_country_dag.py for tasks to queue
[2022-05-12 07:45:05,667] {logging_mixin.py:115} INFO - [2022-05-12 07:45:05,667] {dagbag.py:507} INFO - Filling up the DagBag from /opt/airflow/dags/update_country_dag.py
[2022-05-12 07:45:05,680] {processor.py:651} INFO - DAG(s) dict_keys(['Update_Country_Dag']) retrieved from /opt/airflow/dags/update_country_dag.py
[2022-05-12 07:45:05,698] {logging_mixin.py:115} INFO - [2022-05-12 07:45:05,698] {dag.py:2371} INFO - Sync 1 DAGs
[2022-05-12 07:45:05,714] {logging_mixin.py:115} INFO - [2022-05-12 07:45:05,714] {dag.py:2919} INFO - Setting next_dagrun for Update_Country_Dag to 2022-05-12T18:00:00+00:00, run_after=2022-05-13T18:00:00+00:00
[2022-05-12 07:45:05,722] {processor.py:161} INFO - Processing /opt/airflow/dags/update_country_dag.py took 0.060 seconds
[2022-05-12 07:45:35,902] {processor.py:153} INFO - Started process (PID=402) to work on /opt/airflow/dags/update_country_dag.py
[2022-05-12 07:45:35,903] {processor.py:641} INFO - Processing file /opt/airflow/dags/update_country_dag.py for tasks to queue
[2022-05-12 07:45:35,905] {logging_mixin.py:115} INFO - [2022-05-12 07:45:35,905] {dagbag.py:507} INFO - Filling up the DagBag from /opt/airflow/dags/update_country_dag.py
[2022-05-12 07:45:35,918] {processor.py:651} INFO - DAG(s) dict_keys(['Update_Country_Dag']) retrieved from /opt/airflow/dags/update_country_dag.py
[2022-05-12 07:45:35,936] {logging_mixin.py:115} INFO - [2022-05-12 07:45:35,936] {dag.py:2371} INFO - Sync 1 DAGs
[2022-05-12 07:45:35,951] {logging_mixin.py:115} INFO - [2022-05-12 07:45:35,951] {dag.py:2919} INFO - Setting next_dagrun for Update_Country_Dag to 2022-05-12T18:00:00+00:00, run_after=2022-05-13T18:00:00+00:00
[2022-05-12 07:45:35,962] {processor.py:161} INFO - Processing /opt/airflow/dags/update_country_dag.py took 0.062 seconds
[2022-05-12 07:46:06,213] {processor.py:153} INFO - Started process (PID=660) to work on /opt/airflow/dags/update_country_dag.py
[2022-05-12 07:46:06,214] {processor.py:641} INFO - Processing file /opt/airflow/dags/update_country_dag.py for tasks to queue
[2022-05-12 07:46:06,215] {logging_mixin.py:115} INFO - [2022-05-12 07:46:06,215] {dagbag.py:507} INFO - Filling up the DagBag from /opt/airflow/dags/update_country_dag.py
[2022-05-12 07:46:06,233] {processor.py:651} INFO - DAG(s) dict_keys(['Update_Country_Dag']) retrieved from /opt/airflow/dags/update_country_dag.py
[2022-05-12 07:46:06,255] {logging_mixin.py:115} INFO - [2022-05-12 07:46:06,255] {dag.py:2371} INFO - Sync 1 DAGs
[2022-05-12 07:46:06,275] {logging_mixin.py:115} INFO - [2022-05-12 07:46:06,275] {dag.py:2919} INFO - Setting next_dagrun for Update_Country_Dag to 2022-05-12T18:00:00+00:00, run_after=2022-05-13T18:00:00+00:00
[2022-05-12 07:46:06,289] {processor.py:161} INFO - Processing /opt/airflow/dags/update_country_dag.py took 0.078 seconds
[2022-05-12 07:46:36,629] {processor.py:153} INFO - Started process (PID=867) to work on /opt/airflow/dags/update_country_dag.py
[2022-05-12 07:46:36,630] {processor.py:641} INFO - Processing file /opt/airflow/dags/update_country_dag.py for tasks to queue
[2022-05-12 07:46:36,631] {logging_mixin.py:115} INFO - [2022-05-12 07:46:36,630] {dagbag.py:507} INFO - Filling up the DagBag from /opt/airflow/dags/update_country_dag.py
[2022-05-12 07:46:36,641] {processor.py:651} INFO - DAG(s) dict_keys(['Update_Country_Dag']) retrieved from /opt/airflow/dags/update_country_dag.py
[2022-05-12 07:46:36,656] {logging_mixin.py:115} INFO - [2022-05-12 07:46:36,656] {dag.py:2371} INFO - Sync 1 DAGs
[2022-05-12 07:46:36,668] {logging_mixin.py:115} INFO - [2022-05-12 07:46:36,668] {dag.py:2919} INFO - Setting next_dagrun for Update_Country_Dag to 2022-05-12T18:00:00+00:00, run_after=2022-05-13T18:00:00+00:00
[2022-05-12 07:46:36,675] {processor.py:161} INFO - Processing /opt/airflow/dags/update_country_dag.py took 0.048 seconds
[2022-05-12 07:47:06,861] {processor.py:153} INFO - Started process (PID=1085) to work on /opt/airflow/dags/update_country_dag.py
[2022-05-12 07:47:06,863] {processor.py:641} INFO - Processing file /opt/airflow/dags/update_country_dag.py for tasks to queue
[2022-05-12 07:47:06,864] {logging_mixin.py:115} INFO - [2022-05-12 07:47:06,864] {dagbag.py:507} INFO - Filling up the DagBag from /opt/airflow/dags/update_country_dag.py
[2022-05-12 07:47:06,875] {processor.py:651} INFO - DAG(s) dict_keys(['Update_Country_Dag']) retrieved from /opt/airflow/dags/update_country_dag.py
[2022-05-12 07:47:06,890] {logging_mixin.py:115} INFO - [2022-05-12 07:47:06,890] {dag.py:2371} INFO - Sync 1 DAGs
[2022-05-12 07:47:06,902] {logging_mixin.py:115} INFO - [2022-05-12 07:47:06,902] {dag.py:2919} INFO - Setting next_dagrun for Update_Country_Dag to 2022-05-12T18:00:00+00:00, run_after=2022-05-13T18:00:00+00:00
[2022-05-12 07:47:06,909] {processor.py:161} INFO - Processing /opt/airflow/dags/update_country_dag.py took 0.050 seconds
[2022-05-12 07:47:37,686] {processor.py:153} INFO - Started process (PID=1301) to work on /opt/airflow/dags/update_country_dag.py
[2022-05-12 07:47:37,687] {processor.py:641} INFO - Processing file /opt/airflow/dags/update_country_dag.py for tasks to queue
[2022-05-12 07:47:37,688] {logging_mixin.py:115} INFO - [2022-05-12 07:47:37,688] {dagbag.py:507} INFO - Filling up the DagBag from /opt/airflow/dags/update_country_dag.py
[2022-05-12 07:47:37,701] {processor.py:651} INFO - DAG(s) dict_keys(['Update_Country_Dag']) retrieved from /opt/airflow/dags/update_country_dag.py
[2022-05-12 07:47:37,718] {logging_mixin.py:115} INFO - [2022-05-12 07:47:37,718] {dag.py:2371} INFO - Sync 1 DAGs
[2022-05-12 07:47:37,733] {logging_mixin.py:115} INFO - [2022-05-12 07:47:37,733] {dag.py:2919} INFO - Setting next_dagrun for Update_Country_Dag to 2022-05-12T18:00:00+00:00, run_after=2022-05-13T18:00:00+00:00
[2022-05-12 07:47:37,744] {processor.py:161} INFO - Processing /opt/airflow/dags/update_country_dag.py took 0.061 seconds
[2022-05-12 07:48:08,622] {processor.py:153} INFO - Started process (PID=1518) to work on /opt/airflow/dags/update_country_dag.py
[2022-05-12 07:48:08,623] {processor.py:641} INFO - Processing file /opt/airflow/dags/update_country_dag.py for tasks to queue
[2022-05-12 07:48:08,624] {logging_mixin.py:115} INFO - [2022-05-12 07:48:08,624] {dagbag.py:507} INFO - Filling up the DagBag from /opt/airflow/dags/update_country_dag.py
[2022-05-12 07:48:08,636] {processor.py:651} INFO - DAG(s) dict_keys(['Update_Country_Dag']) retrieved from /opt/airflow/dags/update_country_dag.py
[2022-05-12 07:48:08,655] {logging_mixin.py:115} INFO - [2022-05-12 07:48:08,655] {dag.py:2371} INFO - Sync 1 DAGs
[2022-05-12 07:48:08,668] {logging_mixin.py:115} INFO - [2022-05-12 07:48:08,668] {dag.py:2919} INFO - Setting next_dagrun for Update_Country_Dag to 2022-05-12T18:00:00+00:00, run_after=2022-05-13T18:00:00+00:00
[2022-05-12 07:48:08,674] {processor.py:161} INFO - Processing /opt/airflow/dags/update_country_dag.py took 0.055 seconds
[2022-05-12 07:55:16,451] {processor.py:153} INFO - Started process (PID=177) to work on /opt/airflow/dags/update_country_dag.py
[2022-05-12 07:55:16,452] {processor.py:641} INFO - Processing file /opt/airflow/dags/update_country_dag.py for tasks to queue
[2022-05-12 07:55:16,453] {logging_mixin.py:115} INFO - [2022-05-12 07:55:16,453] {dagbag.py:507} INFO - Filling up the DagBag from /opt/airflow/dags/update_country_dag.py
[2022-05-12 07:55:16,464] {processor.py:651} INFO - DAG(s) dict_keys(['Update_Country_Dag']) retrieved from /opt/airflow/dags/update_country_dag.py
[2022-05-12 07:55:16,480] {logging_mixin.py:115} INFO - [2022-05-12 07:55:16,480] {dag.py:2371} INFO - Sync 1 DAGs
[2022-05-12 07:55:16,493] {logging_mixin.py:115} INFO - [2022-05-12 07:55:16,493] {dag.py:2919} INFO - Setting next_dagrun for Update_Country_Dag to 2022-05-12T18:00:00+00:00, run_after=2022-05-13T18:00:00+00:00
[2022-05-12 07:55:16,500] {processor.py:161} INFO - Processing /opt/airflow/dags/update_country_dag.py took 0.051 seconds
[2022-05-12 07:55:46,579] {processor.py:153} INFO - Started process (PID=434) to work on /opt/airflow/dags/update_country_dag.py
[2022-05-12 07:55:46,580] {processor.py:641} INFO - Processing file /opt/airflow/dags/update_country_dag.py for tasks to queue
[2022-05-12 07:55:46,581] {logging_mixin.py:115} INFO - [2022-05-12 07:55:46,581] {dagbag.py:507} INFO - Filling up the DagBag from /opt/airflow/dags/update_country_dag.py
[2022-05-12 07:55:46,591] {processor.py:651} INFO - DAG(s) dict_keys(['Update_Country_Dag']) retrieved from /opt/airflow/dags/update_country_dag.py
[2022-05-12 07:55:46,608] {logging_mixin.py:115} INFO - [2022-05-12 07:55:46,608] {dag.py:2371} INFO - Sync 1 DAGs
[2022-05-12 07:55:46,622] {logging_mixin.py:115} INFO - [2022-05-12 07:55:46,622] {dag.py:2919} INFO - Setting next_dagrun for Update_Country_Dag to 2022-05-12T18:00:00+00:00, run_after=2022-05-13T18:00:00+00:00
[2022-05-12 07:55:46,628] {processor.py:161} INFO - Processing /opt/airflow/dags/update_country_dag.py took 0.052 seconds
[2022-05-12 07:56:16,834] {processor.py:153} INFO - Started process (PID=655) to work on /opt/airflow/dags/update_country_dag.py
[2022-05-12 07:56:16,835] {processor.py:641} INFO - Processing file /opt/airflow/dags/update_country_dag.py for tasks to queue
[2022-05-12 07:56:16,837] {logging_mixin.py:115} INFO - [2022-05-12 07:56:16,836] {dagbag.py:507} INFO - Filling up the DagBag from /opt/airflow/dags/update_country_dag.py
[2022-05-12 07:56:16,848] {processor.py:651} INFO - DAG(s) dict_keys(['Update_Country_Dag']) retrieved from /opt/airflow/dags/update_country_dag.py
[2022-05-12 07:56:16,864] {logging_mixin.py:115} INFO - [2022-05-12 07:56:16,864] {dag.py:2371} INFO - Sync 1 DAGs
[2022-05-12 07:56:16,879] {logging_mixin.py:115} INFO - [2022-05-12 07:56:16,879] {dag.py:2919} INFO - Setting next_dagrun for Update_Country_Dag to 2022-05-12T18:00:00+00:00, run_after=2022-05-13T18:00:00+00:00
[2022-05-12 07:56:16,887] {processor.py:161} INFO - Processing /opt/airflow/dags/update_country_dag.py took 0.056 seconds
[2022-05-12 07:56:47,596] {processor.py:153} INFO - Started process (PID=871) to work on /opt/airflow/dags/update_country_dag.py
[2022-05-12 07:56:47,597] {processor.py:641} INFO - Processing file /opt/airflow/dags/update_country_dag.py for tasks to queue
[2022-05-12 07:56:47,598] {logging_mixin.py:115} INFO - [2022-05-12 07:56:47,598] {dagbag.py:507} INFO - Filling up the DagBag from /opt/airflow/dags/update_country_dag.py
[2022-05-12 07:56:47,610] {processor.py:651} INFO - DAG(s) dict_keys(['Update_Country_Dag']) retrieved from /opt/airflow/dags/update_country_dag.py
[2022-05-12 07:56:47,627] {logging_mixin.py:115} INFO - [2022-05-12 07:56:47,627] {dag.py:2371} INFO - Sync 1 DAGs
[2022-05-12 07:56:47,643] {logging_mixin.py:115} INFO - [2022-05-12 07:56:47,643] {dag.py:2919} INFO - Setting next_dagrun for Update_Country_Dag to 2022-05-12T18:00:00+00:00, run_after=2022-05-13T18:00:00+00:00
[2022-05-12 07:56:47,655] {processor.py:161} INFO - Processing /opt/airflow/dags/update_country_dag.py took 0.062 seconds
[2022-05-12 07:57:18,471] {processor.py:153} INFO - Started process (PID=1081) to work on /opt/airflow/dags/update_country_dag.py
[2022-05-12 07:57:18,472] {processor.py:641} INFO - Processing file /opt/airflow/dags/update_country_dag.py for tasks to queue
[2022-05-12 07:57:18,473] {logging_mixin.py:115} INFO - [2022-05-12 07:57:18,473] {dagbag.py:507} INFO - Filling up the DagBag from /opt/airflow/dags/update_country_dag.py
[2022-05-12 07:57:18,486] {processor.py:651} INFO - DAG(s) dict_keys(['Update_Country_Dag']) retrieved from /opt/airflow/dags/update_country_dag.py
[2022-05-12 07:57:18,506] {logging_mixin.py:115} INFO - [2022-05-12 07:57:18,506] {dag.py:2371} INFO - Sync 1 DAGs
[2022-05-12 07:57:18,520] {logging_mixin.py:115} INFO - [2022-05-12 07:57:18,520] {dag.py:2919} INFO - Setting next_dagrun for Update_Country_Dag to 2022-05-12T18:00:00+00:00, run_after=2022-05-13T18:00:00+00:00
[2022-05-12 07:57:18,527] {processor.py:161} INFO - Processing /opt/airflow/dags/update_country_dag.py took 0.059 seconds
[2022-05-12 07:57:49,383] {processor.py:153} INFO - Started process (PID=1300) to work on /opt/airflow/dags/update_country_dag.py
[2022-05-12 07:57:49,384] {processor.py:641} INFO - Processing file /opt/airflow/dags/update_country_dag.py for tasks to queue
[2022-05-12 07:57:49,385] {logging_mixin.py:115} INFO - [2022-05-12 07:57:49,385] {dagbag.py:507} INFO - Filling up the DagBag from /opt/airflow/dags/update_country_dag.py
[2022-05-12 07:57:49,396] {processor.py:651} INFO - DAG(s) dict_keys(['Update_Country_Dag']) retrieved from /opt/airflow/dags/update_country_dag.py
[2022-05-12 07:57:49,412] {logging_mixin.py:115} INFO - [2022-05-12 07:57:49,412] {dag.py:2371} INFO - Sync 1 DAGs
[2022-05-12 07:57:49,424] {logging_mixin.py:115} INFO - [2022-05-12 07:57:49,424] {dag.py:2919} INFO - Setting next_dagrun for Update_Country_Dag to 2022-05-12T18:00:00+00:00, run_after=2022-05-13T18:00:00+00:00
[2022-05-12 07:57:49,430] {processor.py:161} INFO - Processing /opt/airflow/dags/update_country_dag.py took 0.049 seconds
[2022-05-12 07:58:20,348] {processor.py:153} INFO - Started process (PID=1519) to work on /opt/airflow/dags/update_country_dag.py
[2022-05-12 07:58:20,350] {processor.py:641} INFO - Processing file /opt/airflow/dags/update_country_dag.py for tasks to queue
[2022-05-12 07:58:20,351] {logging_mixin.py:115} INFO - [2022-05-12 07:58:20,351] {dagbag.py:507} INFO - Filling up the DagBag from /opt/airflow/dags/update_country_dag.py
[2022-05-12 07:58:20,363] {processor.py:651} INFO - DAG(s) dict_keys(['Update_Country_Dag']) retrieved from /opt/airflow/dags/update_country_dag.py
[2022-05-12 07:58:20,379] {logging_mixin.py:115} INFO - [2022-05-12 07:58:20,379] {dag.py:2371} INFO - Sync 1 DAGs
[2022-05-12 07:58:20,392] {logging_mixin.py:115} INFO - [2022-05-12 07:58:20,392] {dag.py:2919} INFO - Setting next_dagrun for Update_Country_Dag to 2022-05-12T18:00:00+00:00, run_after=2022-05-13T18:00:00+00:00
[2022-05-12 07:58:20,398] {processor.py:161} INFO - Processing /opt/airflow/dags/update_country_dag.py took 0.053 seconds
[2022-05-12 07:58:51,203] {processor.py:153} INFO - Started process (PID=1733) to work on /opt/airflow/dags/update_country_dag.py
[2022-05-12 07:58:51,205] {processor.py:641} INFO - Processing file /opt/airflow/dags/update_country_dag.py for tasks to queue
[2022-05-12 07:58:51,206] {logging_mixin.py:115} INFO - [2022-05-12 07:58:51,206] {dagbag.py:507} INFO - Filling up the DagBag from /opt/airflow/dags/update_country_dag.py
[2022-05-12 07:58:51,216] {processor.py:651} INFO - DAG(s) dict_keys(['Update_Country_Dag']) retrieved from /opt/airflow/dags/update_country_dag.py
[2022-05-12 07:58:51,231] {logging_mixin.py:115} INFO - [2022-05-12 07:58:51,231] {dag.py:2371} INFO - Sync 1 DAGs
[2022-05-12 07:58:51,243] {logging_mixin.py:115} INFO - [2022-05-12 07:58:51,243] {dag.py:2919} INFO - Setting next_dagrun for Update_Country_Dag to 2022-05-12T18:00:00+00:00, run_after=2022-05-13T18:00:00+00:00
[2022-05-12 07:58:51,250] {processor.py:161} INFO - Processing /opt/airflow/dags/update_country_dag.py took 0.049 seconds
[2022-05-12 07:59:22,141] {processor.py:153} INFO - Started process (PID=1950) to work on /opt/airflow/dags/update_country_dag.py
[2022-05-12 07:59:22,165] {processor.py:641} INFO - Processing file /opt/airflow/dags/update_country_dag.py for tasks to queue
[2022-05-12 07:59:22,184] {logging_mixin.py:115} INFO - [2022-05-12 07:59:22,184] {dagbag.py:507} INFO - Filling up the DagBag from /opt/airflow/dags/update_country_dag.py
[2022-05-12 07:59:22,197] {processor.py:651} INFO - DAG(s) dict_keys(['Update_Country_Dag']) retrieved from /opt/airflow/dags/update_country_dag.py
[2022-05-12 07:59:22,212] {logging_mixin.py:115} INFO - [2022-05-12 07:59:22,212] {dag.py:2371} INFO - Sync 1 DAGs
[2022-05-12 07:59:22,224] {logging_mixin.py:115} INFO - [2022-05-12 07:59:22,224] {dag.py:2919} INFO - Setting next_dagrun for Update_Country_Dag to 2022-05-12T18:00:00+00:00, run_after=2022-05-13T18:00:00+00:00
[2022-05-12 07:59:22,230] {processor.py:161} INFO - Processing /opt/airflow/dags/update_country_dag.py took 0.091 seconds
[2022-05-12 07:59:52,972] {processor.py:153} INFO - Started process (PID=2166) to work on /opt/airflow/dags/update_country_dag.py
[2022-05-12 07:59:52,973] {processor.py:641} INFO - Processing file /opt/airflow/dags/update_country_dag.py for tasks to queue
[2022-05-12 07:59:52,975] {logging_mixin.py:115} INFO - [2022-05-12 07:59:52,975] {dagbag.py:507} INFO - Filling up the DagBag from /opt/airflow/dags/update_country_dag.py
[2022-05-12 07:59:52,985] {processor.py:651} INFO - DAG(s) dict_keys(['Update_Country_Dag']) retrieved from /opt/airflow/dags/update_country_dag.py
[2022-05-12 07:59:53,001] {logging_mixin.py:115} INFO - [2022-05-12 07:59:53,001] {dag.py:2371} INFO - Sync 1 DAGs
[2022-05-12 07:59:53,014] {logging_mixin.py:115} INFO - [2022-05-12 07:59:53,013] {dag.py:2919} INFO - Setting next_dagrun for Update_Country_Dag to 2022-05-12T18:00:00+00:00, run_after=2022-05-13T18:00:00+00:00
[2022-05-12 07:59:53,020] {processor.py:161} INFO - Processing /opt/airflow/dags/update_country_dag.py took 0.051 seconds
[2022-05-12 08:01:37,909] {processor.py:153} INFO - Started process (PID=177) to work on /opt/airflow/dags/update_country_dag.py
[2022-05-12 08:01:37,912] {processor.py:641} INFO - Processing file /opt/airflow/dags/update_country_dag.py for tasks to queue
[2022-05-12 08:01:37,915] {logging_mixin.py:115} INFO - [2022-05-12 08:01:37,915] {dagbag.py:507} INFO - Filling up the DagBag from /opt/airflow/dags/update_country_dag.py
[2022-05-12 08:01:37,938] {processor.py:651} INFO - DAG(s) dict_keys(['Update_Country_Dag']) retrieved from /opt/airflow/dags/update_country_dag.py
[2022-05-12 08:01:37,964] {logging_mixin.py:115} INFO - [2022-05-12 08:01:37,964] {dag.py:2371} INFO - Sync 1 DAGs
[2022-05-12 08:01:37,982] {logging_mixin.py:115} INFO - [2022-05-12 08:01:37,982] {dag.py:2919} INFO - Setting next_dagrun for Update_Country_Dag to 2022-05-12T18:00:00+00:00, run_after=2022-05-13T18:00:00+00:00
[2022-05-12 08:01:37,989] {processor.py:161} INFO - Processing /opt/airflow/dags/update_country_dag.py took 0.083 seconds
[2022-05-12 08:02:08,364] {processor.py:153} INFO - Started process (PID=392) to work on /opt/airflow/dags/update_country_dag.py
[2022-05-12 08:02:08,365] {processor.py:641} INFO - Processing file /opt/airflow/dags/update_country_dag.py for tasks to queue
[2022-05-12 08:02:08,366] {logging_mixin.py:115} INFO - [2022-05-12 08:02:08,366] {dagbag.py:507} INFO - Filling up the DagBag from /opt/airflow/dags/update_country_dag.py
[2022-05-12 08:02:08,379] {processor.py:651} INFO - DAG(s) dict_keys(['Update_Country_Dag']) retrieved from /opt/airflow/dags/update_country_dag.py
[2022-05-12 08:02:08,394] {logging_mixin.py:115} INFO - [2022-05-12 08:02:08,394] {dag.py:2371} INFO - Sync 1 DAGs
[2022-05-12 08:02:08,407] {logging_mixin.py:115} INFO - [2022-05-12 08:02:08,407] {dag.py:2919} INFO - Setting next_dagrun for Update_Country_Dag to 2022-05-12T18:00:00+00:00, run_after=2022-05-13T18:00:00+00:00
[2022-05-12 08:02:08,414] {processor.py:161} INFO - Processing /opt/airflow/dags/update_country_dag.py took 0.052 seconds
[2022-05-12 08:02:39,330] {processor.py:153} INFO - Started process (PID=648) to work on /opt/airflow/dags/update_country_dag.py
[2022-05-12 08:02:39,332] {processor.py:641} INFO - Processing file /opt/airflow/dags/update_country_dag.py for tasks to queue
[2022-05-12 08:02:39,333] {logging_mixin.py:115} INFO - [2022-05-12 08:02:39,332] {dagbag.py:507} INFO - Filling up the DagBag from /opt/airflow/dags/update_country_dag.py
[2022-05-12 08:02:39,346] {processor.py:651} INFO - DAG(s) dict_keys(['Update_Country_Dag']) retrieved from /opt/airflow/dags/update_country_dag.py
[2022-05-12 08:02:39,363] {logging_mixin.py:115} INFO - [2022-05-12 08:02:39,363] {dag.py:2371} INFO - Sync 1 DAGs
[2022-05-12 08:02:39,379] {logging_mixin.py:115} INFO - [2022-05-12 08:02:39,379] {dag.py:2919} INFO - Setting next_dagrun for Update_Country_Dag to 2022-05-12T18:00:00+00:00, run_after=2022-05-13T18:00:00+00:00
[2022-05-12 08:02:39,386] {processor.py:161} INFO - Processing /opt/airflow/dags/update_country_dag.py took 0.058 seconds
[2022-05-12 08:03:09,659] {processor.py:153} INFO - Started process (PID=877) to work on /opt/airflow/dags/update_country_dag.py
[2022-05-12 08:03:09,661] {processor.py:641} INFO - Processing file /opt/airflow/dags/update_country_dag.py for tasks to queue
[2022-05-12 08:03:09,664] {logging_mixin.py:115} INFO - [2022-05-12 08:03:09,663] {dagbag.py:507} INFO - Filling up the DagBag from /opt/airflow/dags/update_country_dag.py
[2022-05-12 08:03:09,707] {processor.py:651} INFO - DAG(s) dict_keys(['Update_Country_Dag']) retrieved from /opt/airflow/dags/update_country_dag.py
[2022-05-12 08:03:09,744] {logging_mixin.py:115} INFO - [2022-05-12 08:03:09,744] {dag.py:2371} INFO - Sync 1 DAGs
[2022-05-12 08:03:09,766] {logging_mixin.py:115} INFO - [2022-05-12 08:03:09,766] {dag.py:2919} INFO - Setting next_dagrun for Update_Country_Dag to 2022-05-12T18:00:00+00:00, run_after=2022-05-13T18:00:00+00:00
[2022-05-12 08:03:09,779] {processor.py:161} INFO - Processing /opt/airflow/dags/update_country_dag.py took 0.123 seconds
[2022-05-12 08:03:39,824] {processor.py:153} INFO - Started process (PID=1082) to work on /opt/airflow/dags/update_country_dag.py
[2022-05-12 08:03:39,825] {processor.py:641} INFO - Processing file /opt/airflow/dags/update_country_dag.py for tasks to queue
[2022-05-12 08:03:39,826] {logging_mixin.py:115} INFO - [2022-05-12 08:03:39,826] {dagbag.py:507} INFO - Filling up the DagBag from /opt/airflow/dags/update_country_dag.py
[2022-05-12 08:03:39,837] {processor.py:651} INFO - DAG(s) dict_keys(['Update_Country_Dag']) retrieved from /opt/airflow/dags/update_country_dag.py
[2022-05-12 08:03:39,851] {logging_mixin.py:115} INFO - [2022-05-12 08:03:39,851] {dag.py:2371} INFO - Sync 1 DAGs
[2022-05-12 08:03:39,864] {logging_mixin.py:115} INFO - [2022-05-12 08:03:39,864] {dag.py:2919} INFO - Setting next_dagrun for Update_Country_Dag to 2022-05-12T18:00:00+00:00, run_after=2022-05-13T18:00:00+00:00
[2022-05-12 08:03:39,871] {processor.py:161} INFO - Processing /opt/airflow/dags/update_country_dag.py took 0.049 seconds
[2022-05-12 08:04:10,634] {processor.py:153} INFO - Started process (PID=1297) to work on /opt/airflow/dags/update_country_dag.py
[2022-05-12 08:04:10,635] {processor.py:641} INFO - Processing file /opt/airflow/dags/update_country_dag.py for tasks to queue
[2022-05-12 08:04:10,636] {logging_mixin.py:115} INFO - [2022-05-12 08:04:10,636] {dagbag.py:507} INFO - Filling up the DagBag from /opt/airflow/dags/update_country_dag.py
[2022-05-12 08:04:10,647] {processor.py:651} INFO - DAG(s) dict_keys(['Update_Country_Dag']) retrieved from /opt/airflow/dags/update_country_dag.py
[2022-05-12 08:04:10,663] {logging_mixin.py:115} INFO - [2022-05-12 08:04:10,662] {dag.py:2371} INFO - Sync 1 DAGs
[2022-05-12 08:04:10,674] {logging_mixin.py:115} INFO - [2022-05-12 08:04:10,674] {dag.py:2919} INFO - Setting next_dagrun for Update_Country_Dag to 2022-05-12T18:00:00+00:00, run_after=2022-05-13T18:00:00+00:00
[2022-05-12 08:04:10,681] {processor.py:161} INFO - Processing /opt/airflow/dags/update_country_dag.py took 0.049 seconds
[2022-05-12 08:04:41,618] {processor.py:153} INFO - Started process (PID=1512) to work on /opt/airflow/dags/update_country_dag.py
[2022-05-12 08:04:41,619] {processor.py:641} INFO - Processing file /opt/airflow/dags/update_country_dag.py for tasks to queue
[2022-05-12 08:04:41,620] {logging_mixin.py:115} INFO - [2022-05-12 08:04:41,620] {dagbag.py:507} INFO - Filling up the DagBag from /opt/airflow/dags/update_country_dag.py
[2022-05-12 08:04:41,631] {processor.py:651} INFO - DAG(s) dict_keys(['Update_Country_Dag']) retrieved from /opt/airflow/dags/update_country_dag.py
[2022-05-12 08:04:41,646] {logging_mixin.py:115} INFO - [2022-05-12 08:04:41,646] {dag.py:2371} INFO - Sync 1 DAGs
[2022-05-12 08:04:41,659] {logging_mixin.py:115} INFO - [2022-05-12 08:04:41,659] {dag.py:2919} INFO - Setting next_dagrun for Update_Country_Dag to 2022-05-12T18:00:00+00:00, run_after=2022-05-13T18:00:00+00:00
[2022-05-12 08:04:41,665] {processor.py:161} INFO - Processing /opt/airflow/dags/update_country_dag.py took 0.049 seconds
[2022-05-12 08:05:12,513] {processor.py:153} INFO - Started process (PID=1728) to work on /opt/airflow/dags/update_country_dag.py
[2022-05-12 08:05:12,514] {processor.py:641} INFO - Processing file /opt/airflow/dags/update_country_dag.py for tasks to queue
[2022-05-12 08:05:12,515] {logging_mixin.py:115} INFO - [2022-05-12 08:05:12,515] {dagbag.py:507} INFO - Filling up the DagBag from /opt/airflow/dags/update_country_dag.py
[2022-05-12 08:05:12,525] {processor.py:651} INFO - DAG(s) dict_keys(['Update_Country_Dag']) retrieved from /opt/airflow/dags/update_country_dag.py
[2022-05-12 08:05:12,541] {logging_mixin.py:115} INFO - [2022-05-12 08:05:12,541] {dag.py:2371} INFO - Sync 1 DAGs
[2022-05-12 08:05:12,553] {logging_mixin.py:115} INFO - [2022-05-12 08:05:12,553] {dag.py:2919} INFO - Setting next_dagrun for Update_Country_Dag to 2022-05-12T18:00:00+00:00, run_after=2022-05-13T18:00:00+00:00
[2022-05-12 08:05:12,560] {processor.py:161} INFO - Processing /opt/airflow/dags/update_country_dag.py took 0.049 seconds
[2022-05-12 08:05:43,319] {processor.py:153} INFO - Started process (PID=1942) to work on /opt/airflow/dags/update_country_dag.py
[2022-05-12 08:05:43,320] {processor.py:641} INFO - Processing file /opt/airflow/dags/update_country_dag.py for tasks to queue
[2022-05-12 08:05:43,321] {logging_mixin.py:115} INFO - [2022-05-12 08:05:43,321] {dagbag.py:507} INFO - Filling up the DagBag from /opt/airflow/dags/update_country_dag.py
[2022-05-12 08:05:43,332] {processor.py:651} INFO - DAG(s) dict_keys(['Update_Country_Dag']) retrieved from /opt/airflow/dags/update_country_dag.py
[2022-05-12 08:05:43,347] {logging_mixin.py:115} INFO - [2022-05-12 08:05:43,347] {dag.py:2371} INFO - Sync 1 DAGs
[2022-05-12 08:05:43,376] {logging_mixin.py:115} INFO - [2022-05-12 08:05:43,375] {dag.py:2919} INFO - Setting next_dagrun for Update_Country_Dag to 2022-05-12T18:00:00+00:00, run_after=2022-05-13T18:00:00+00:00
[2022-05-12 08:05:43,382] {processor.py:161} INFO - Processing /opt/airflow/dags/update_country_dag.py took 0.064 seconds
[2022-05-12 08:06:14,123] {processor.py:153} INFO - Started process (PID=2158) to work on /opt/airflow/dags/update_country_dag.py
[2022-05-12 08:06:14,125] {processor.py:641} INFO - Processing file /opt/airflow/dags/update_country_dag.py for tasks to queue
[2022-05-12 08:06:14,127] {logging_mixin.py:115} INFO - [2022-05-12 08:06:14,127] {dagbag.py:507} INFO - Filling up the DagBag from /opt/airflow/dags/update_country_dag.py
[2022-05-12 08:06:14,150] {processor.py:651} INFO - DAG(s) dict_keys(['Update_Country_Dag']) retrieved from /opt/airflow/dags/update_country_dag.py
[2022-05-12 08:06:14,177] {logging_mixin.py:115} INFO - [2022-05-12 08:06:14,177] {dag.py:2371} INFO - Sync 1 DAGs
[2022-05-12 08:06:14,203] {logging_mixin.py:115} INFO - [2022-05-12 08:06:14,202] {dag.py:2919} INFO - Setting next_dagrun for Update_Country_Dag to 2022-05-12T18:00:00+00:00, run_after=2022-05-13T18:00:00+00:00
[2022-05-12 08:06:14,213] {processor.py:161} INFO - Processing /opt/airflow/dags/update_country_dag.py took 0.094 seconds
[2022-05-12 08:06:44,280] {processor.py:153} INFO - Started process (PID=2364) to work on /opt/airflow/dags/update_country_dag.py
[2022-05-12 08:06:44,281] {processor.py:641} INFO - Processing file /opt/airflow/dags/update_country_dag.py for tasks to queue
[2022-05-12 08:06:44,282] {logging_mixin.py:115} INFO - [2022-05-12 08:06:44,282] {dagbag.py:507} INFO - Filling up the DagBag from /opt/airflow/dags/update_country_dag.py
[2022-05-12 08:06:44,292] {processor.py:651} INFO - DAG(s) dict_keys(['Update_Country_Dag']) retrieved from /opt/airflow/dags/update_country_dag.py
[2022-05-12 08:06:44,306] {logging_mixin.py:115} INFO - [2022-05-12 08:06:44,306] {dag.py:2371} INFO - Sync 1 DAGs
[2022-05-12 08:06:44,318] {logging_mixin.py:115} INFO - [2022-05-12 08:06:44,318] {dag.py:2919} INFO - Setting next_dagrun for Update_Country_Dag to 2022-05-12T18:00:00+00:00, run_after=2022-05-13T18:00:00+00:00
[2022-05-12 08:06:44,324] {processor.py:161} INFO - Processing /opt/airflow/dags/update_country_dag.py took 0.047 seconds
[2022-05-12 08:14:16,155] {processor.py:153} INFO - Started process (PID=177) to work on /opt/airflow/dags/update_country_dag.py
[2022-05-12 08:14:16,156] {processor.py:641} INFO - Processing file /opt/airflow/dags/update_country_dag.py for tasks to queue
[2022-05-12 08:14:16,157] {logging_mixin.py:115} INFO - [2022-05-12 08:14:16,157] {dagbag.py:507} INFO - Filling up the DagBag from /opt/airflow/dags/update_country_dag.py
[2022-05-12 08:14:16,168] {processor.py:651} INFO - DAG(s) dict_keys(['Update_Country_Dag']) retrieved from /opt/airflow/dags/update_country_dag.py
[2022-05-12 08:14:16,190] {logging_mixin.py:115} INFO - [2022-05-12 08:14:16,190] {dag.py:2371} INFO - Sync 1 DAGs
[2022-05-12 08:14:16,204] {logging_mixin.py:115} INFO - [2022-05-12 08:14:16,204] {dag.py:2919} INFO - Setting next_dagrun for Update_Country_Dag to 2022-05-12T18:00:00+00:00, run_after=2022-05-13T18:00:00+00:00
[2022-05-12 08:14:16,212] {processor.py:161} INFO - Processing /opt/airflow/dags/update_country_dag.py took 0.059 seconds
[2022-05-12 08:14:46,314] {processor.py:153} INFO - Started process (PID=392) to work on /opt/airflow/dags/update_country_dag.py
[2022-05-12 08:14:46,315] {processor.py:641} INFO - Processing file /opt/airflow/dags/update_country_dag.py for tasks to queue
[2022-05-12 08:14:46,316] {logging_mixin.py:115} INFO - [2022-05-12 08:14:46,316] {dagbag.py:507} INFO - Filling up the DagBag from /opt/airflow/dags/update_country_dag.py
[2022-05-12 08:14:46,327] {processor.py:651} INFO - DAG(s) dict_keys(['Update_Country_Dag']) retrieved from /opt/airflow/dags/update_country_dag.py
[2022-05-12 08:14:46,344] {logging_mixin.py:115} INFO - [2022-05-12 08:14:46,343] {dag.py:2371} INFO - Sync 1 DAGs
[2022-05-12 08:14:46,357] {logging_mixin.py:115} INFO - [2022-05-12 08:14:46,356] {dag.py:2919} INFO - Setting next_dagrun for Update_Country_Dag to 2022-05-12T18:00:00+00:00, run_after=2022-05-13T18:00:00+00:00
[2022-05-12 08:14:46,363] {processor.py:161} INFO - Processing /opt/airflow/dags/update_country_dag.py took 0.051 seconds
[2022-05-12 08:15:17,273] {processor.py:153} INFO - Started process (PID=608) to work on /opt/airflow/dags/update_country_dag.py
[2022-05-12 08:15:17,275] {processor.py:641} INFO - Processing file /opt/airflow/dags/update_country_dag.py for tasks to queue
[2022-05-12 08:15:17,276] {logging_mixin.py:115} INFO - [2022-05-12 08:15:17,276] {dagbag.py:507} INFO - Filling up the DagBag from /opt/airflow/dags/update_country_dag.py
[2022-05-12 08:15:17,287] {processor.py:651} INFO - DAG(s) dict_keys(['Update_Country_Dag']) retrieved from /opt/airflow/dags/update_country_dag.py
[2022-05-12 08:15:17,302] {logging_mixin.py:115} INFO - [2022-05-12 08:15:17,302] {dag.py:2371} INFO - Sync 1 DAGs
[2022-05-12 08:15:17,315] {logging_mixin.py:115} INFO - [2022-05-12 08:15:17,315] {dag.py:2919} INFO - Setting next_dagrun for Update_Country_Dag to 2022-05-12T18:00:00+00:00, run_after=2022-05-13T18:00:00+00:00
[2022-05-12 08:15:17,323] {processor.py:161} INFO - Processing /opt/airflow/dags/update_country_dag.py took 0.052 seconds
[2022-05-12 08:15:48,017] {processor.py:153} INFO - Started process (PID=823) to work on /opt/airflow/dags/update_country_dag.py
[2022-05-12 08:15:48,019] {processor.py:641} INFO - Processing file /opt/airflow/dags/update_country_dag.py for tasks to queue
[2022-05-12 08:15:48,020] {logging_mixin.py:115} INFO - [2022-05-12 08:15:48,019] {dagbag.py:507} INFO - Filling up the DagBag from /opt/airflow/dags/update_country_dag.py
[2022-05-12 08:15:48,033] {processor.py:651} INFO - DAG(s) dict_keys(['Update_Country_Dag']) retrieved from /opt/airflow/dags/update_country_dag.py
[2022-05-12 08:15:48,051] {logging_mixin.py:115} INFO - [2022-05-12 08:15:48,051] {dag.py:2371} INFO - Sync 1 DAGs
[2022-05-12 08:15:48,065] {logging_mixin.py:115} INFO - [2022-05-12 08:15:48,065] {dag.py:2919} INFO - Setting next_dagrun for Update_Country_Dag to 2022-05-12T18:00:00+00:00, run_after=2022-05-13T18:00:00+00:00
[2022-05-12 08:15:48,074] {processor.py:161} INFO - Processing /opt/airflow/dags/update_country_dag.py took 0.058 seconds
